This is pTeX, Version p3.0.1, based on TeX, Version 3.14159 (EUC) (Web2C 7.3.1) (format=platex 2002.11.27)  9 APR 2003 20:37
**text.tex
(text.tex
pLaTeX2e <2000/11/03>+0 (based on LaTeX2e <2000/06/01> patch level 0)
(/usr/share/texmf/ptex/platex/base/jarticle.cls
Document Class: jarticle 1999/05/18 v1.1q Standard pLaTeX class
\c@@paper=\count81
(/usr/share/texmf/ptex/platex/base/jsize11.clo
File: jsize11.clo 1999/05/18 v1.1q Standard pLaTeX file (size option)
)
\c@part=\count82
\c@section=\count83
\c@subsection=\count84
\c@subsubsection=\count85
\c@paragraph=\count86
\c@subparagraph=\count87
\c@figure=\count88
\c@table=\count89
\abovecaptionskip=\skip41
\belowcaptionskip=\skip42
\symmincho=\mathgroup4
LaTeX Font Info:    Overwriting symbol font `mincho' in version `bold'
(Font)                  JY1/mc/m/n --> JY1/gt/m/n on input line 596.
LaTeX Info: Redefining \mathrm on input line 598.
LaTeX Info: Redefining \mathbf on input line 599.
\toclineskip=\dimen118
\@lnumwidth=\dimen119
\bibindent=\dimen120
\heisei=\count90
)
(/home/sin/work/tex/inputs/theorem.sty
\c@definition=\count91
\c@lemma=\count92
\c@theorem=\count93
\c@claim=\count94
\c@corollary=\count95
\c@proposition=\count96
\c@example=\count97
)
\c@fact=\count98
\c@exercise=\count99
\c@proglistctr=\count100
 (text.aux)
\openout1 = `text.aux'.

LaTeX Font Info:    Checking defaults for OML/cmm/m/it on input line 29.
LaTeX Font Info:    ... okay on input line 29.
LaTeX Font Info:    Checking defaults for T1/cmr/m/n on input line 29.
LaTeX Font Info:    ... okay on input line 29.
LaTeX Font Info:    Checking defaults for OT1/cmr/m/n on input line 29.
LaTeX Font Info:    ... okay on input line 29.
LaTeX Font Info:    Checking defaults for OMS/cmsy/m/n on input line 29.
LaTeX Font Info:    ... okay on input line 29.
LaTeX Font Info:    Checking defaults for OMX/cmex/m/n on input line 29.
LaTeX Font Info:    ... okay on input line 29.
LaTeX Font Info:    Checking defaults for U/cmr/m/n on input line 29.
LaTeX Font Info:    ... okay on input line 29.
LaTeX Font Info:    Checking defaults for JY1/mc/m/n on input line 29.
LaTeX Font Info:    ... okay on input line 29.
LaTeX Font Info:    Checking defaults for JT1/mc/m/n on input line 29.
LaTeX Font Info:    ... okay on input line 29.
LaTeX Font Info:    Font shape `JY1/mc/bx/n' in size <10.95> not available
(Font)              Font shape `JY1/gt/m/n' tried instead on input line 30.
LaTeX Font Info:    Font shape `JT1/mc/bx/n' in size <10.95> not available
(Font)              Font shape `JT1/gt/m/n' tried instead on input line 30.
LaTeX Font Info:    Font shape `JY1/mc/bx/n' in size <17.28> not available
(Font)              Font shape `JY1/gt/m/n' tried instead on input line 30.
LaTeX Font Info:    Font shape `JT1/mc/bx/n' in size <17.28> not available
(Font)              Font shape `JT1/gt/m/n' tried instead on input line 30.
LaTeX Font Info:    External font `cmex10' loaded for size
(Font)              <12> on input line 30.
LaTeX Font Info:    External font `cmex10' loaded for size
(Font)              <8> on input line 30.
LaTeX Font Info:    External font `cmex10' loaded for size
(Font)              <6> on input line 30.
LaTeX Font Info:    Font shape `JY1/mc/bx/n' in size <14.4> not available
(Font)              Font shape `JY1/gt/m/n' tried instead on input line 51.
LaTeX Font Info:    Font shape `JT1/mc/bx/n' in size <14.4> not available
(Font)              Font shape `JT1/gt/m/n' tried instead on input line 51.
 (text.toc
LaTeX Font Info:    External font `cmex10' loaded for size
(Font)              <10.95> on input line 2.
 [1

])
\tf@toc=\write3
\openout3 = `text.toc'.

 [2]
LaTeX Font Info:    Font shape `JY1/mc/bx/n' in size <12> not available
(Font)              Font shape `JY1/gt/m/n' tried instead on input line 55.
LaTeX Font Info:    Font shape `JT1/mc/bx/n' in size <12> not available
(Font)              Font shape `JT1/gt/m/n' tried instead on input line 55.
LaTeX Font Info:    External font `cmex10' loaded for size
(Font)              <9> on input line 64.
LaTeX Font Info:    External font `cmex10' loaded for size
(Font)              <5> on input line 64.
 [3]
[4]
Underfull \hbox (badness 10000) in paragraph at lines 208--208
[]\OT1/cmtt/m/n/10.95 *=, /=, +=,
 []

[5] [6] [7]
LaTeX Font Info:    Try loading font information for OMS+cmr on input line 368.

 (/usr/share/texmf/tex/latex/base/omscmr.fd
File: omscmr.fd 1999/05/25 v2.5h Standard LaTeX font definitions
)
LaTeX Font Info:    Font shape `OMS/cmr/m/n' in size <10.95> not available
(Font)              Font shape `OMS/cmsy/m/n' tried instead on input line 368.
 [8]
LaTeX Font Info:    Try loading font information for OMS+cmtt on input line 449
.
LaTeX Font Info:    No file OMScmtt.fd. on input line 449.


LaTeX Font Warning: Font shape `OMS/cmtt/m/n' undefined
(Font)              using `OMS/cmsy/m/n' instead
(Font)              for symbol `textbraceright' on input line 449.

[9] [10] [11] [12] [13] [14] [15]
Overfull \hbox (6.6442pt too wide) in paragraph at lines 858--867
\OT1/cmr/m/n/10.95 p. 55 \JY1/mc/m/n/10.95 表 \OT1/cmr/m/n/10.95 2--2 \JY1/mc/m
/n/10.95 と \OT1/cmr/m/n/10.95 2.4 \JY1/mc/m/n/10.95 章 \OT1/cmr/m/n/10.95 p. 5
6 \JY1/mc/m/n/10.95 を参照\OT1/cmr/m/n/10.95 . ) \OT1/cmtt/m/n/10.95 Interger \
JY1/mc/m/n/10.95 のクラスメソ ッ ド \OT1/cmtt/m/n/10.95 int parseInt(String s)
 []

[16] [17] [18]
Overfull \hbox (70.53526pt too wide) in paragraph at lines 956--970
\OT1/cmr/m/n/10.95 13.4 \JY1/mc/m/n/10.95 章 \OT1/cmr/m/n/10.95 p. 379\JY1/mc/m
/n/10.95 〜\OT1/cmr/m/n/10.95 , \JY1/mc/m/n/10.95 または \OT1/cmtt/m/n/10.95 ht
tp://java.sun.com/j2se/1.4/ja/docs/ja/api/java/awt/Graphics.html
 []


Overfull \hbox (1.73883pt too wide) in paragraph at lines 956--970
\JY1/mc/m/n/10.95 イラへの指示で\OT1/cmr/m/n/10.95 , C \JY1/mc/m/n/10.95 言語の
 \OT1/cmtt/m/n/10.95 #include \JY1/mc/m/n/10.95 のようなものと思えばよいでし ょ
 う\OT1/cmr/m/n/10.95 . \OT1/cmtt/m/n/10.95 java.awt.Applet
 []

[19] [20] [21] [22]
Overfull \hbox (10.52084pt too wide) in paragraph at lines 1191--1199
[]\JY1/mc/m/n/10.95 これで\OT1/cmr/m/n/10.95 , \JY1/mc/m/n/10.95 とりあえず \OT
1/cmtt/m/n/10.95 Square \JY1/mc/m/n/10.95 クラスは完成しました\OT1/cmr/m/n/10.9
5 . \JY1/mc/m/n/10.95 では上記の内容をフ ァ イル \OT1/cmtt/m/n/10.95 Square.jav
a
 []

[23] [24] [25] [26] [27] [28]
Overfull \hbox (63.03864pt too wide) in paragraph at lines 1526--1532
\JY1/mc/m/n/10.95 中には\OT1/cmr/m/n/10.95 , \JY1/mc/m/n/10.95 例外を投げるコン
ストラクタ \OT1/cmtt/m/n/10.95 InputStreamReader(InputStream) \JY1/mc/m/n/10.95
 と \OT1/cmtt/m/n/10.95 BufferedReadre(Reader)
 []

[29]
Overfull \hbox (1.48499pt too wide) in paragraph at lines 1565--1602
 [] 
 []

[30]
Overfull \hbox (11.31892pt too wide) in paragraph at lines 1639--1650
[]\JY1/mc/m/n/10.95 標準入力の場合と違い\OT1/cmr/m/n/10.95 , (i) \JY1/mc/m/n/10
.95 フ ァ イルの終りまで読み取 っ た \OT1/cmr/m/n/10.95 (\OT1/cmtt/m/n/10.95 bu
ffered.readLine() == null
 []


Overfull \hbox (5.69716pt too wide) in paragraph at lines 1639--1650
\JY1/mc/m/n/10.95 にな っ た\OT1/cmr/m/n/10.95 ) \JY1/mc/m/n/10.95 あと\OT1/cmr
/m/n/10.95 , \OT1/cmtt/m/n/10.95 reader.close() \JY1/mc/m/n/10.95 でストリ ーム
を閉じていること\OT1/cmr/m/n/10.95 , \JY1/mc/m/n/10.95 そして \OT1/cmr/m/n/10.9
5 (ii) \OT1/cmtt/m/n/10.95 try ... catch
 []


Overfull \hbox (2.4475pt too wide) in paragraph at lines 1652--1655
[]\JY1/mc/m/n/10.95 上記のリストや \OT1/cmtt/m/n/10.95 StandardInputDemo \JY1/m
c/m/n/10.95 クラスを参考にして\OT1/cmr/m/n/10.95 , \JY1/mc/m/n/10.95 クラス \OT
1/cmtt/m/n/10.95 FileInputDemo
 []

[31]
Overfull \hbox (38.30101pt too wide) in paragraph at lines 1665--1670
[]\JY1/mc/m/n/10.95 フ ァ イルを出力ストリ ームにするには ， \OT1/cmtt/m/n/10.9
5 FileReader \JY1/mc/m/n/10.95 のかわりに \OT1/cmtt/m/n/10.95 FileWriter \JY1/m
c/m/n/10.95 を ， \OT1/cmtt/m/n/10.95 BufferedReader
 []


Underfull \hbox (badness 10000) in paragraph at lines 1675--1676
[]\OT1/cmtt/m/n/10.95 FileWriter(String s) throws
 []


Underfull \hbox (badness 10000) in paragraph at lines 1678--1679
[]\OT1/cmtt/m/n/10.95 FileWriter(String s, boolean
 []

[32] [33] [34] [35] [36] [37] [38]
Overfull \hbox (21.28058pt too wide) in paragraph at lines 2054--2054
 []      \OT1/cmtt/m/n/10.95 Label label2 = new Label("A center aligned label."
, Label.CENTER);[] 
 []

[39] [40] [41] [42] [43]
Overfull \hbox (109.21782pt too wide) in paragraph at lines 2342--2353
\JY1/mc/m/n/10.95 アプレ ッ トがイベントを利用することを登録します\OT1/cmr/m/n/
10.95 . \JY1/mc/m/n/10.95 そして \OT1/cmtt/m/n/10.95 public void itemStateChang
ed(ItemEvent event)
 []

[44] [45]
Overfull \hbox (27.80418pt too wide) in paragraph at lines 2410--2418
\JY1/mc/m/n/10.95 装します\OT1/cmr/m/n/10.95 . \JY1/mc/m/n/10.95 テキスト内容の
変更イベントはメソ ッ ド \OT1/cmtt/m/n/10.95 void textValueChanged(TextEvent ev
ent)
 []

[46] [47] [48] [49] [50] (text.aux)

LaTeX Font Warning: Some font shapes were not available, defaults substituted.

 ) 
Here is how much of TeX's memory you used:
 428 strings out of 10650
 4618 string characters out of 68307
 53737 words of memory out of 263001
 3579 multiletter control sequences out of 10000+0
 18422 words of font info for 72 fonts, out of 400000 for 1000
 14 hyphenation exceptions out of 1000
 23i,8n,19p,246b,491s stack positions out of 300i,100n,500p,50000b,4000s

Output written on text.dvi (50 pages, 159888 bytes).
