11000 16000
25000 6000
3000 1000
3000 25000
1000 22000
1000 2000
4000 1000
27000 6000
1000 17000
8000 3000
26000 -1000
6000 26000
21000 0
19000 10000
13000 8000
6000 7000
28000 2000
28000 25000
13000 8000
15000 20000
20000 5000
15000 10000
29000 13000
22000 4000
7000 25000
19000 16000
18000 7000
17000 2000
14000 21000
28000 25000
7000 10000
17000 23000
24000 16000
10000 9000
22000 15000
17000 22000
13000 7000
5000 25000
33000 3000
17000 16000
11000 7000
26000 -2000
19000 14000
34000 -1000
22000 13000
7000 13000
32000 5000
23000 9000
15000 16000
31000 10000
33000 12000
6000 25000
10000 13000
20000 9000
4000 16000
34000 8000
33000 4000
16000 19000
12000 14000
17000 25000
25000 7000
12000 0
34000 23000
28000 20000
19000 13000
28000 0
7000 7000
28000 5000
15000 25000
22000 14000
21000 15000
22000 13000
23000 4000
16000 26000
1000 5000
18000 18000
13000 15000
12000 24000
20000 23000
33000 -5000
30000 2000
22000 25000
27000 10000
14000 2000
32000 7000
20000 23000
18000 15000
4000 11000
18000 18000
34000 11000
16000 13000
32000 20000
9000 4000
21000 16000
20000 23000
34000 19000
13000 6000
8000 8000
30000 25000
12000 5000
