16280000 16370000
16620000 16030000
16250000 16210000
16800000 16060000
16380000 16370000
16630000 16800000
16100000 16660000
16520000 16030000
16800000 16220000
16440000 16250000
16320000 16890000
16940000 16820000
16910000 16950000
16130000 16140000
15980000 16660000
16440000 15720000
16530000 16140000
16600000 16350000
16380000 16790000
16130000 15990000
16560000 16880000
16620000 16630000
16290000 16720000
17040000 16090000
16570000 16270000
16130000 16430000
16380000 16630000
16390000 16320000
16640000 16440000
16290000 16170000
17150000 16320000
16250000 16220000
16150000 16480000
16670000 16770000
17030000 16650000
16670000 16420000
16560000 16340000
16420000 16240000
17030000 16870000
16510000 16530000
16850000 16610000
16380000 16100000
16640000 16300000
16340000 16020000
16780000 16270000
16650000 16480000
16890000 16960000
16550000 16480000
16700000 16900000
16790000 16410000
16170000 15810000
16640000 16830000
16410000 16890000
16440000 16940000
16190000 16140000
16460000 16180000
17020000 16500000
16280000 16580000
16370000 16020000
17050000 16600000
16700000 16200000
16730000 16650000
16430000 16590000
16110000 16140000
16780000 16410000
16640000 16340000
16750000 16380000
16350000 16200000
16740000 16610000
16050000 16690000
16800000 16210000
16460000 16140000
15730000 16010000
16810000 16700000
16850000 16240000
16340000 16630000
16900000 17190000
16040000 16200000
16410000 16330000
16640000 16510000
15860000 16120000
16610000 16490000
16650000 16480000
16700000 16280000
16640000 16130000
16240000 16210000
16870000 16490000
16770000 16570000
16780000 16690000
16510000 16140000
16520000 15970000
16570000 16910000
16330000 16190000
16260000 16670000
16650000 16250000
17180000 16660000
16900000 16890000
15950000 17020000
15850000 15690000
16110000 15930000
16710000 16670000
16460000 15770000
16400000 16490000
16760000 16560000
16220000 16260000
15830000 16100000
16070000 16180000
16220000 16660000
16560000 16880000
16480000 16640000
17100000 16710000
15980000 16970000
16450000 16660000
16480000 16320000
16220000 16180000
16570000 16660000
16290000 16130000
16120000 15850000
16280000 16140000
16810000 16430000
16640000 16330000
16460000 16050000
17110000 16370000
16070000 16100000
16290000 15860000
16530000 16430000
16780000 16350000
16350000 16520000
16320000 16210000
16980000 16910000
16510000 16020000
16640000 16030000
15840000 15920000
17140000 16160000
16680000 16560000
16540000 16660000
15920000 15970000
16300000 16300000
16510000 16890000
16580000 15850000
16860000 16440000
16040000 16250000
16510000 16630000
16450000 16280000
16020000 15900000
16750000 15730000
16100000 15950000
16300000 16960000
15950000 16760000
16810000 16810000
16290000 16790000
16300000 16870000
16960000 16060000
16140000 15770000
16280000 16210000
16280000 16530000
16560000 16180000
16430000 16680000
17230000 16400000
16060000 16070000
16550000 16540000
16780000 16450000
16170000 15920000
16310000 16210000
16470000 17000000
16090000 16100000
16380000 16400000
16370000 16130000
16330000 16660000
16290000 16430000
16930000 16120000
16110000 16240000
16190000 15660000
16680000 17200000
16090000 16030000
16410000 16260000
16630000 16760000
16760000 16380000
16520000 16050000
16510000 16260000
16320000 16240000
16600000 16510000
16890000 16420000
16930000 16700000
15700000 16180000
16260000 15900000
15980000 16680000
17300000 16500000
17110000 16210000
16570000 16850000
16510000 16430000
17120000 15600000
16160000 16660000
16560000 16970000
17120000 16570000
16670000 16500000
16780000 16260000
15880000 16200000
16870000 16670000
16300000 16370000
17120000 16430000
17190000 15960000
16480000 16370000
16380000 16250000
17030000 16320000
16280000 16200000
16470000 16510000
16770000 16010000
16240000 16660000
16150000 16850000
16780000 16920000
16290000 16200000
16190000 16870000
16930000 16420000
16400000 16950000
16150000 16230000
16560000 16440000
16650000 16300000
16610000 16040000
16810000 16330000
16230000 16580000
16590000 16670000
16790000 16350000
16780000 15910000
16410000 16950000
16370000 16670000
16610000 16170000
16130000 16630000
16040000 16070000
17230000 16230000
15850000 16820000
16330000 16480000
16750000 16430000
16950000 16890000
16470000 16090000
16440000 15740000
16200000 16550000
16130000 16190000
16900000 16910000
16780000 16290000
16460000 16260000
16440000 16150000
16930000 16780000
16650000 16290000
16300000 16960000
16380000 16110000
16460000 15350000
16390000 16640000
16570000 16650000
16160000 16220000
16480000 16860000
16720000 16580000
16520000 16270000
16650000 16190000
16580000 16640000
16070000 16850000
16260000 16630000
16260000 16380000
16230000 16120000
16370000 16880000
16350000 16890000
16050000 16190000
16660000 16940000
16520000 16030000
16420000 16250000
16500000 16650000
16020000 16230000
16370000 15860000
16730000 16690000
16280000 16680000
16050000 16190000
16270000 16420000
16690000 16250000
16820000 16510000
16520000 16120000
16510000 16880000
16060000 16370000
16010000 16890000
16030000 16210000
16300000 16140000
17180000 16750000
16440000 16080000
16300000 16540000
16310000 16210000
16790000 15820000
16730000 16740000
16280000 17160000
16840000 16430000
16750000 15980000
16090000 16790000
16170000 16060000
16380000 16940000
16610000 16770000
16650000 16340000
16410000 16100000
16780000 16620000
16580000 16040000
16460000 16480000
16640000 16890000
16580000 16890000
16790000 16420000
16200000 16150000
16560000 16640000
15940000 16150000
16620000 16190000
16740000 16840000
16820000 16640000
15970000 16200000
16580000 16950000
16610000 16240000
16640000 16240000
16650000 16640000
16650000 16620000
16570000 15910000
16220000 16670000
16580000 16530000
16600000 16160000
16570000 16110000
16290000 16660000
16650000 16060000
15630000 16640000
16260000 16210000
16430000 16720000
16010000 16240000
16440000 16250000
17060000 16520000
16000000 16160000
16050000 17080000
16430000 16820000
16100000 16480000
16800000 16460000
16640000 16560000
16810000 16680000
16410000 16020000
16760000 16650000
16560000 16590000
16130000 16890000
16510000 16910000
16750000 16550000
16150000 16540000
16700000 16220000
16590000 16400000
17110000 16120000
16800000 16550000
15730000 16190000
16600000 16300000
16560000 16060000
16660000 16870000
16070000 15940000
16640000 16480000
17110000 16920000
16270000 16870000
17300000 16680000
16220000 15970000
16940000 16550000
16480000 15940000
15960000 16120000
16940000 16410000
17210000 16450000
17100000 16720000
15810000 16210000
16810000 16650000
16700000 16130000
16490000 17120000
16300000 16790000
16820000 16690000
15820000 16050000
16460000 15840000
16090000 16640000
17150000 16610000
15900000 16670000
16380000 16370000
16240000 16180000
16480000 16530000
16290000 17000000
16400000 16850000
16840000 16460000
16340000 16270000
16590000 16890000
16780000 16030000
16460000 16180000
16430000 17270000
16590000 16890000
16360000 15920000
16750000 16310000
15680000 16510000
16080000 16250000
16290000 16260000
16620000 16900000
16650000 16260000
16500000 16250000
16490000 16650000
16420000 16740000
16380000 16830000
16700000 16610000
16500000 16540000
15980000 16020000
16610000 16230000
16280000 16680000
16510000 15920000
16570000 16150000
16310000 16440000
16570000 16070000
16970000 16510000
16780000 16430000
15940000 16120000
17100000 16540000
17140000 16390000
16800000 16690000
16310000 15950000
16500000 16300000
16940000 16740000
16480000 16250000
16360000 16010000
17100000 15820000
16200000 16670000
16460000 15970000
16140000 16440000
16170000 15990000
16700000 15980000
16520000 16680000
16810000 16010000
16670000 16010000
15910000 16120000
16460000 16560000
16520000 16380000
16990000 16430000
16580000 16670000
16390000 15840000
16810000 16740000
16360000 16140000
16560000 16810000
16400000 16270000
16530000 16330000
16160000 15970000
17230000 16310000
16700000 16150000
15680000 16260000
16460000 16690000
16310000 16370000
16400000 16370000
16650000 16280000
16870000 16950000
16240000 16250000
16640000 16890000
16930000 16500000
16780000 16050000
16520000 16180000
16560000 16150000
17110000 16590000
16780000 16330000
16150000 16250000
16730000 16420000
16050000 16630000
16750000 16300000
16450000 16830000
16930000 16390000
16980000 16650000
16460000 15630000
16540000 16190000
16380000 15890000
16300000 16370000
16600000 16050000
15890000 16210000
16970000 16430000
16620000 17260000
16250000 16630000
16520000 15880000
16290000 16040000
16490000 16090000
17280000 15910000
16510000 16870000
16300000 16640000
16700000 16480000
16260000 16000000
16370000 16150000
16510000 16100000
16410000 16290000
16160000 15680000
16580000 16310000
16520000 16020000
16080000 16510000
16130000 16140000
16370000 15690000
15650000 16870000
16450000 16710000
15690000 16210000
16230000 16670000
16750000 16660000
16230000 16430000
17180000 16340000
16090000 16200000
16150000 16390000
16500000 16870000
16840000 15990000
16600000 16290000
16400000 16370000
16690000 17000000
16170000 16150000
15900000 16210000
17180000 16840000
16360000 16430000
16510000 16050000
16520000 16000000
16090000 15690000
16310000 16430000
16220000 16240000
16180000 16890000
16020000 16480000
16400000 16510000
17100000 16160000
17140000 16150000
15970000 16370000
15940000 16170000
16460000 16970000
16210000 16760000
16750000 16340000
15910000 16660000
16810000 16820000
16100000 15890000
16520000 16050000
16640000 16400000
16480000 16370000
16280000 16060000
16670000 16190000
16260000 16510000
16060000 16100000
16530000 17000000
15970000 16190000
16660000 16030000
16380000 15730000
16840000 16630000
16440000 16200000
16140000 16740000
16230000 16700000
16560000 16100000
16520000 16130000
16350000 16370000
16470000 16530000
16760000 16200000
15870000 16790000
16590000 16260000
16630000 16200000
16110000 16210000
16780000 16610000
16570000 16380000
16930000 15650000
16470000 16370000
16330000 16960000
15750000 16120000
16700000 16460000
16220000 16430000
16730000 16890000
16970000 16080000
16840000 16520000
16820000 16480000
16860000 16870000
16800000 15850000
16790000 16020000
16130000 16230000
16310000 16160000
17200000 16480000
16080000 16000000
16150000 16150000
16540000 16130000
17110000 16530000
16620000 16940000
16640000 16350000
16140000 16370000
16560000 16320000
16810000 16110000
16370000 16190000
16030000 16660000
16540000 16270000
16490000 16010000
16780000 16350000
16400000 16260000
16470000 16630000
16660000 16010000
16420000 16780000
16490000 16900000
16560000 15870000
16510000 15990000
16190000 16690000
16540000 16200000
16320000 16260000
16030000 16740000
17050000 16530000
16870000 16610000
16440000 16170000
15820000 16890000
16870000 16480000
16310000 16320000
15970000 16890000
16620000 15940000
16410000 16490000
15960000 16210000
16320000 15930000
17100000 16050000
16650000 16310000
16610000 16860000
16170000 16260000
17210000 16970000
16710000 16060000
16550000 16490000
16790000 16100000
16640000 16380000
16650000 16640000
15990000 15780000
16360000 16380000
16590000 15720000
16200000 17110000
16810000 16870000
16420000 17100000
16670000 16170000
16810000 16460000
16780000 16500000
16600000 16120000
15880000 16120000
16160000 15940000
16810000 16120000
16460000 16020000
16570000 16690000
16460000 16050000
17330000 16490000
16710000 17010000
16580000 16040000
16940000 16670000
17090000 16290000
16440000 16660000
16500000 16370000
16530000 16170000
16670000 16200000
17090000 16370000
16490000 16260000
16810000 16600000
16330000 16260000
17260000 16780000
16090000 15960000
17120000 16370000
16820000 16640000
16650000 16350000
16380000 16630000
16770000 16610000
16100000 16210000
16220000 16370000
16720000 17180000
16100000 16600000
16680000 16880000
16140000 16200000
16170000 16370000
16180000 15850000
16440000 16370000
16780000 16720000
16280000 16410000
16520000 15960000
16510000 15890000
16300000 16650000
16810000 16520000
16030000 16220000
17080000 16200000
16030000 16070000
16100000 16020000
16560000 16320000
16750000 16370000
16550000 16360000
17140000 16160000
16250000 16740000
16560000 16250000
16560000 16650000
16650000 15900000
16460000 16490000
16350000 16850000
16230000 16200000
16710000 16650000
16490000 16640000
16860000 15940000
16170000 16940000
16810000 16610000
16490000 16510000
16620000 16630000
16100000 15980000
16260000 16720000
15860000 16060000
16700000 16260000
16900000 16440000
16340000 16250000
16800000 16480000
16940000 15850000
16050000 16270000
16010000 16080000
16650000 16420000
17100000 15940000
16840000 16520000
16480000 16200000
16750000 16440000
16670000 16480000
16790000 16640000
16810000 16310000
16700000 16030000
16460000 16950000
16650000 16820000
16780000 16640000
16450000 16400000
16940000 16460000
16440000 16990000
16070000 16240000
16460000 16050000
17280000 16370000
16600000 16200000
16000000 16210000
17190000 16400000
16370000 16200000
16580000 16270000
16440000 16500000
17000000 16100000
17090000 16490000
17150000 17010000
16570000 16060000
16380000 15850000
16270000 15860000
16290000 16210000
16350000 16850000
16010000 16690000
17260000 15850000
16530000 16540000
15960000 16000000
16400000 16210000
17010000 16320000
16380000 16040000
16080000 16720000
16380000 16390000
16000000 16530000
15740000 16610000
16930000 16160000
16410000 16730000
16350000 17370000
16120000 16340000
16190000 16270000
16530000 16310000
15850000 16210000
16910000 16190000
16130000 16850000
16310000 16290000
16090000 16630000
17200000 16200000
16580000 16320000
15710000 16580000
16140000 16660000
16540000 16280000
16120000 16680000
17140000 16590000
16750000 16260000
16280000 17020000
16390000 16930000
16170000 16180000
16480000 16150000
16790000 16430000
16810000 16890000
16780000 15770000
16380000 16840000
16100000 15900000
16050000 15890000
16380000 16820000
16220000 16370000
16510000 16160000
16600000 15800000
16080000 16060000
16350000 16090000
16310000 16250000
15910000 16160000
16610000 17000000
16290000 15990000
16170000 16500000
16590000 16220000
16480000 16480000
16210000 15960000
16350000 16630000
17110000 16680000
16420000 15870000
16070000 16490000
16920000 16480000
16670000 16370000
16620000 16660000
16900000 17120000
16700000 16500000
15770000 16200000
16090000 16010000
16870000 16760000
16390000 16820000
17270000 16710000
16070000 16210000
16380000 16890000
16810000 16880000
15710000 16670000
16460000 16000000
16130000 16210000
16480000 16350000
16780000 15750000
16780000 16340000
16380000 16470000
16220000 16210000
16660000 16660000
16210000 16310000
16870000 16620000
16210000 16560000
16520000 16540000
16810000 16690000
17180000 16350000
16010000 15970000
16710000 16660000
16620000 15980000
16030000 16630000
16570000 16060000
16460000 16230000
16420000 16640000
16600000 16430000
17110000 16430000
16210000 16480000
16420000 17050000
17100000 16880000
16270000 16430000
16480000 16590000
16480000 15660000
16630000 16960000
16100000 16250000
16380000 16430000
16260000 16200000
16350000 16250000
16340000 16250000
16760000 16890000
16110000 16210000
16530000 16220000
16220000 16290000
16530000 16240000
16170000 15970000
16630000 16570000
16170000 15810000
16490000 16770000
16870000 15820000
16760000 15880000
16280000 16370000
16650000 16270000
16410000 16370000
16750000 16450000
16400000 16040000
16800000 16250000
16220000 16260000
15800000 16370000
16580000 16490000
16460000 16240000
16780000 16570000
16600000 15720000
17400000 16940000
16600000 16660000
15960000 16890000
16780000 16020000
15810000 15940000
16550000 16850000
17120000 16070000
17260000 16470000
16840000 16940000
16750000 16840000
16620000 16890000
16560000 15670000
16340000 16630000
17120000 16440000
16640000 16360000
16880000 16890000
16760000 16450000
16410000 16630000
16210000 16360000
17020000 16500000
16750000 16100000
16700000 16670000
16280000 16430000
16700000 16710000
16560000 16150000
16240000 16040000
16750000 16260000
16650000 15980000
16170000 16840000
16540000 17110000
16190000 16660000
16170000 16630000
15600000 16230000
16540000 16230000
17280000 16780000
16620000 16350000
16110000 16640000
16800000 16200000
15670000 16060000
16950000 16290000
17050000 16510000
16160000 16400000
16660000 16290000
16530000 16660000
16790000 16330000
16630000 16500000
15780000 16850000
16780000 16460000
16590000 15880000
16400000 16010000
16540000 16660000
16320000 16590000
16810000 16980000
17020000 16590000
16340000 16240000
16250000 16200000
16040000 16110000
16090000 16110000
16700000 16290000
16450000 16720000
16700000 16510000
15820000 16870000
16460000 16490000
17520000 15760000
16710000 17120000
16110000 16650000
16400000 16660000
16820000 16030000
16450000 16440000
16300000 16870000
16040000 16130000
16240000 16480000
16100000 16230000
16700000 16560000
16180000 16170000
17240000 16670000
16700000 16300000
16220000 17090000
16280000 16850000
16330000 16320000
16790000 17050000
16480000 15860000
17070000 16480000
16380000 15770000
16870000 17330000
16480000 16260000
16960000 16560000
16340000 16590000
16280000 16440000
16390000 16450000
16610000 16660000
16450000 16270000
17300000 16380000
16890000 16430000
17040000 16690000
17280000 16060000
16180000 15990000
16110000 16630000
16460000 16090000
15710000 16070000
17090000 16400000
16160000 16080000
16650000 16530000
16810000 16500000
16040000 16240000
16480000 16770000
16120000 16380000
16520000 16580000
16300000 16130000
16320000 16290000
16840000 16400000
16430000 16150000
16350000 16460000
16320000 16300000
16690000 16450000
16770000 16660000
16110000 15980000
16510000 16020000
16180000 15820000
16650000 16870000
15970000 16230000
16330000 16500000
16540000 15990000
16640000 16830000
15890000 16750000
17110000 16650000
16060000 16030000
16830000 16160000
16420000 16250000
16580000 16380000
15980000 16160000
15960000 16210000
16450000 15870000
16570000 16190000
16840000 16470000
16150000 16210000
16270000 16320000
17120000 16530000
16070000 16210000
16590000 16190000
16670000 16250000
16810000 16720000
16880000 16740000
17110000 16520000
17190000 16060000
16800000 16380000
16560000 16280000
