16411000 16799000
16660000 16220000
16731000 16489000
16188000 16343000
16712000 16087000
16710000 15913000
15930000 16875000
16158000 16676000
15746000 16553000
15646000 16753000
16292000 16031000
15888000 16710000
16603000 15944000
16396000 16237000
15885000 15852000
16556000 15877000
16395000 16213000
16458000 16372000
16238000 16345000
16442000 16345000
16317000 16031000
16358000 16501000
16661000 16461000
16519000 16630000
16631000 16503000
16875000 16314000
16218000 16398000
16706000 16562000
16401000 16090000
16486000 16576000
16215000 16155000
15808000 16739000
16297000 16022000
16613000 16503000
16460000 16123000
16845000 16702000
16600000 16092000
16254000 16022000
16164000 16710000
15775000 16316000
15950000 16477000
16732000 16123000
16632000 16348000
15613000 16968000
16057000 16412000
16847000 15628000
16322000 16168000
16277000 16552000
16033000 16580000
16084000 16221000
16705000 16132000
16708000 16314000
16597000 16031000
16725000 16198000
16161000 16167000
15853000 16395000
16462000 16230000
15914000 16552000
16407000 16479000
16697000 16122000
16279000 16238000
16592000 15624000
16157000 16414000
16486000 15865000
16195000 16522000
16655000 16310000
16673000 16162000
16609000 15990000
16280000 16019000
16195000 16517000
16168000 16014000
15845000 16255000
16661000 16636000
15460000 16955000
16598000 15918000
16229000 15627000
16481000 16357000
15904000 16239000
16661000 16195000
16457000 15634000
16188000 16220000
16359000 16441000
16627000 16716000
16140000 16665000
16291000 16401000
16469000 16026000
16248000 16046000
16309000 16129000
16061000 16282000
16851000 16291000
16439000 16505000
16468000 16452000
16145000 16235000
16514000 16296000
16699000 16166000
16532000 16491000
16363000 15668000
16195000 16311000
16279000 15617000
16169000 16798000
15983000 16309000
16435000 16535000
16137000 16517000
16380000 16089000
16552000 16600000
16237000 16393000
16190000 16321000
16071000 15937000
16620000 16714000
15860000 15962000
16224000 16207000
16308000 15643000
16862000 16564000
16112000 16382000
16101000 16629000
16334000 16022000
16444000 16473000
16276000 16313000
16217000 16515000
16496000 16171000
16236000 16568000
16524000 16434000
16922000 15936000
16547000 16203000
16300000 16075000
16415000 15847000
16212000 17043000
15910000 16852000
16302000 16390000
16443000 16156000
16718000 16667000
16325000 16165000
16904000 16175000
16316000 16498000
16370000 16056000
16457000 16410000
16446000 16381000
16114000 16537000
16359000 15968000
16325000 16107000
16126000 16282000
16333000 16569000
16053000 16497000
16724000 16339000
16703000 16460000
16203000 16516000
16073000 16502000
15933000 16006000
16143000 16053000
16698000 16380000
16130000 16182000
16581000 16361000
16405000 16349000
16080000 16565000
16634000 16351000
16038000 16832000
16190000 16659000
16472000 15883000
16271000 16221000
16332000 16108000
15879000 16308000
16601000 16887000
16578000 16118000
16341000 16976000
16009000 16264000
16206000 16454000
16034000 16036000
16470000 16354000
16612000 16090000
16394000 16421000
16200000 15946000
16247000 16336000
16044000 16580000
16447000 16358000
16742000 16451000
16399000 16653000
16343000 16739000
15994000 16419000
16302000 16310000
16194000 16400000
16537000 16070000
16272000 16171000
16207000 16597000
15991000 16804000
16001000 15765000
16438000 16040000
15881000 16395000
16087000 16147000
16840000 16404000
16125000 16530000
16094000 16282000
16318000 15908000
15950000 16195000
15991000 16223000
16814000 16298000
16564000 15968000
16879000 15646000
16106000 16667000
16690000 16581000
15970000 16533000
15846000 16227000
16538000 15972000
16595000 16573000
16452000 16596000
16259000 16695000
16959000 16210000
16653000 16710000
16361000 16667000
15797000 16063000
15652000 16740000
16397000 16075000
16670000 16284000
16015000 16869000
16603000 16676000
16109000 16379000
16300000 16364000
16188000 16583000
16632000 15751000
16263000 16697000
16671000 16213000
16087000 16134000
16328000 16489000
16732000 15927000
16200000 16179000
16831000 16375000
16839000 16329000
16404000 16588000
16556000 16199000
16322000 16316000
16587000 16211000
16577000 16565000
15743000 16401000
16045000 16212000
16483000 16851000
16506000 15649000
16535000 16443000
16430000 16502000
16616000 16478000
15989000 16414000
16356000 16128000
15921000 16524000
16265000 16683000
16396000 16383000
16600000 15941000
16090000 15972000
16514000 16888000
16883000 16477000
16696000 16582000
16446000 16397000
16374000 15827000
16367000 16251000
16166000 16141000
16163000 16481000
15955000 16255000
16480000 15897000
16277000 16174000
15614000 16752000
15466000 16318000
16063000 16256000
16500000 16717000
16636000 16441000
16045000 16861000
16138000 16507000
15971000 16113000
16292000 16669000
16804000 16592000
16465000 16489000
16629000 16504000
16263000 16488000
16362000 16721000
16533000 16305000
16578000 16031000
16560000 16000000
15920000 15965000
16080000 16321000
16920000 16399000
15956000 16855000
16119000 15521000
16482000 15977000
15937000 15950000
16515000 16794000
16576000 16201000
16275000 16484000
16119000 16447000
16825000 16013000
15930000 16865000
16909000 16409000
16330000 16326000
15996000 16886000
15920000 15879000
16325000 16033000
16473000 16468000
16611000 16199000
16703000 16224000
16261000 16883000
16137000 16203000
15677000 16439000
16345000 16665000
15931000 15873000
16059000 16050000
16557000 16468000
16267000 16567000
16556000 16157000
16374000 16211000
16250000 16715000
16466000 16646000
15674000 16481000
15867000 16647000
16456000 16184000
16051000 16395000
16037000 16034000
16309000 16356000
16339000 15772000
16060000 16489000
16351000 16268000
16133000 16057000
16017000 16149000
16069000 16241000
16259000 16191000
16538000 15974000
16625000 16473000
16680000 16210000
16636000 16367000
16312000 16451000
16870000 16609000
16366000 16371000
16238000 16523000
16563000 16305000
16657000 16033000
16473000 16144000
16533000 16261000
16329000 16088000
16316000 16716000
16136000 16326000
16548000 16187000
16593000 16336000
16158000 16264000
16471000 16352000
15712000 15756000
15997000 16597000
16753000 16241000
16308000 16533000
16661000 15821000
16354000 16007000
16374000 16103000
15835000 16220000
15517000 16264000
16728000 16645000
15932000 16415000
15996000 16012000
16486000 16388000
16440000 16480000
15881000 16277000
16373000 15869000
16269000 16537000
16404000 15964000
16468000 16717000
16165000 16140000
16310000 16465000
16203000 16420000
16175000 16297000
16282000 16439000
16407000 16706000
16313000 16264000
16222000 16484000
16380000 16226000
16360000 16157000
16038000 16335000
16648000 15789000
16783000 16381000
16747000 16116000
16388000 16532000
16088000 15964000
16275000 15790000
16429000 16136000
16072000 16251000
16609000 16043000
16060000 16568000
16373000 16018000
15366000 16270000
16149000 16378000
16383000 16244000
16270000 16274000
16074000 15852000
16389000 16561000
16291000 16390000
15925000 16587000
15926000 16710000
16227000 16750000
16539000 16092000
16304000 16201000
16356000 16419000
16283000 15818000
16341000 16407000
15909000 16233000
16171000 16496000
16042000 16362000
16614000 16830000
16176000 16220000
16453000 16435000
15981000 16637000
16533000 16163000
16223000 16520000
16042000 16497000
15967000 15773000
16871000 16976000
15806000 16048000
15977000 16223000
16763000 16062000
16458000 15574000
16025000 16255000
16434000 16450000
16316000 16500000
16464000 16710000
16279000 16566000
16037000 15973000
15618000 16532000
16323000 16544000
16073000 16390000
15926000 15862000
16042000 16584000
16447000 16210000
16520000 16710000
16012000 15614000
16494000 16850000
16212000 16480000
16164000 16778000
15733000 16460000
16472000 16322000
16275000 16390000
16293000 16109000
16050000 16484000
16375000 16309000
16328000 15996000
16386000 16206000
16372000 16140000
15853000 16238000
16247000 16106000
16003000 16404000
16381000 16847000
16126000 16137000
15830000 16819000
16270000 16483000
16081000 16217000
16151000 16530000
15898000 15983000
16011000 16503000
16408000 16613000
16384000 16285000
16410000 15751000
16141000 16517000
16167000 16787000
16014000 16507000
16311000 15702000
16607000 16069000
16067000 16477000
16510000 16692000
15774000 16246000
16083000 16720000
16112000 16987000
16705000 16921000
16671000 16476000
16083000 16225000
15522000 16569000
16317000 16056000
16165000 16217000
15967000 16531000
16941000 15836000
16375000 15727000
16473000 16050000
16582000 16250000
16327000 16147000
16072000 16065000
16295000 16318000
16350000 16337000
16168000 16819000
16663000 16092000
16008000 16569000
16292000 15844000
16391000 15996000
16117000 16523000
16582000 16121000
16357000 16447000
15975000 16640000
15647000 16825000
16782000 15953000
16437000 16334000
16455000 16751000
15873000 16857000
16308000 16291000
16386000 16405000
16457000 16584000
16636000 16060000
16351000 16465000
16750000 16352000
15988000 17094000
15900000 16318000
16310000 15984000
16521000 16462000
16315000 16534000
16151000 16087000
16527000 16208000
16358000 16655000
16250000 15879000
15952000 16649000
16703000 16107000
16607000 16542000
16314000 16323000
16240000 16309000
16055000 16476000
15971000 16160000
15597000 16224000
16105000 16489000
15967000 16770000
16525000 16854000
16300000 16520000
16159000 16209000
16496000 16189000
16030000 16408000
16256000 16237000
16226000 16708000
15612000 16825000
16283000 16534000
16600000 15687000
16435000 16467000
16797000 16014000
16009000 16214000
16166000 16348000
16466000 16598000
16576000 16021000
16191000 16678000
16084000 16029000
16587000 16172000
16290000 16670000
16823000 16475000
16015000 16390000
16310000 15927000
16443000 16616000
16517000 16354000
16592000 16276000
16138000 15421000
15798000 16186000
16576000 16004000
16584000 16024000
16146000 16520000
15754000 16643000
16373000 15771000
16053000 16171000
16706000 16692000
15975000 16246000
16537000 16544000
16654000 16611000
16100000 16709000
16087000 16399000
16321000 16345000
16430000 16155000
16767000 16284000
16420000 16369000
16561000 16551000
16453000 16489000
16409000 16398000
15824000 15600000
16917000 17153000
16206000 16397000
15816000 16404000
15860000 16250000
16207000 16080000
16057000 15945000
16242000 16185000
16256000 17020000
16090000 15913000
16326000 16054000
16205000 16779000
16468000 15973000
16314000 16223000
16349000 16490000
16278000 17019000
16534000 16371000
16574000 15925000
16345000 16505000
16144000 16306000
16320000 16109000
15828000 16255000
16660000 16279000
16304000 16311000
15946000 16286000
16606000 16527000
16336000 16165000
16547000 16113000
15995000 16176000
16512000 16253000
15796000 16122000
16075000 16400000
16749000 16417000
16388000 16658000
16047000 16135000
16461000 16429000
16151000 16742000
16197000 16256000
16285000 16131000
16572000 16278000
16469000 16295000
16032000 16171000
16469000 16306000
16661000 16302000
16483000 16338000
16817000 16539000
16185000 16172000
16329000 15777000
16206000 15977000
16018000 16224000
16157000 16246000
16296000 16442000
16413000 16584000
16066000 16014000
16024000 16311000
15437000 16217000
15943000 16659000
16373000 16268000
16250000 16844000
16046000 16560000
16185000 16321000
16562000 15633000
15946000 16568000
16148000 16496000
16246000 17004000
16376000 16546000
16024000 16269000
16238000 16345000
16881000 16206000
16261000 16375000
16563000 16290000
16884000 16299000
16372000 16322000
16627000 15886000
16486000 16340000
16433000 16291000
15777000 16106000
16216000 16233000
16487000 16319000
16122000 16466000
16410000 16518000
16643000 16203000
15723000 16113000
16255000 16658000
15963000 16074000
16272000 16407000
16122000 16300000
15973000 16928000
16133000 16579000
16763000 16390000
16437000 16665000
16181000 16421000
16258000 16455000
16101000 16902000
16563000 16709000
16310000 16683000
16442000 16237000
16358000 16479000
16452000 16013000
16398000 16581000
16134000 16886000
15837000 16137000
16272000 15907000
16133000 16485000
16360000 16837000
15852000 16427000
16808000 16406000
16411000 16330000
16444000 16322000
16477000 16162000
16283000 16198000
16194000 15882000
16232000 16072000
16375000 16275000
16793000 16573000
16169000 16196000
16474000 15958000
16031000 16277000
16098000 16404000
16332000 16172000
16305000 16830000
16437000 16553000
15853000 16054000
16680000 16377000
16714000 16272000
15798000 16405000
16275000 16323000
16578000 16114000
16708000 16133000
15909000 16231000
16557000 16121000
15665000 16307000
16272000 15792000
16292000 16423000
16410000 16361000
15754000 16629000
15661000 16953000
16017000 16723000
16550000 16744000
16260000 16078000
16206000 16393000
16342000 16390000
15724000 16235000
16070000 15574000
16009000 16449000
16584000 16377000
16031000 16613000
16229000 16124000
16396000 16986000
16131000 16041000
16631000 16543000
15935000 16057000
15888000 16678000
16214000 16266000
16360000 16332000
16576000 15895000
16324000 15982000
16534000 16431000
16839000 16679000
16486000 16179000
16713000 16548000
15882000 16992000
16701000 16115000
16603000 16155000
16268000 16451000
16617000 16662000
15779000 16526000
16471000 16289000
16358000 15760000
16510000 16302000
15627000 17224000
16504000 16267000
15935000 16488000
16396000 16303000
16435000 16534000
16245000 16359000
15856000 16708000
16570000 16058000
15989000 16528000
16435000 16077000
16138000 16394000
16414000 16416000
16492000 16153000
15719000 15816000
16593000 16080000
16315000 16532000
16051000 16374000
15982000 16829000
16082000 16548000
16383000 15928000
16458000 15867000
15778000 16688000
15653000 16442000
16577000 16623000
15945000 16101000
15881000 16394000
16054000 17129000
16447000 15992000
16615000 16234000
16468000 16089000
16407000 16554000
16671000 16282000
16030000 16183000
16652000 15759000
16339000 16375000
15979000 16258000
16614000 16469000
16952000 16389000
16735000 16451000
16441000 16927000
15966000 16915000
15924000 16366000
16150000 16419000
16619000 16480000
16557000 16295000
15892000 16755000
16262000 16739000
16112000 16796000
16593000 16104000
15999000 16350000
16332000 16684000
15745000 16051000
17096000 15721000
16573000 16649000
16457000 16782000
16342000 16669000
16038000 16682000
16070000 16604000
16359000 16096000
16733000 15943000
16269000 16538000
16189000 15731000
16479000 16145000
16045000 16641000
16512000 16465000
16446000 16412000
16744000 16135000
16470000 16077000
16496000 15859000
16015000 16552000
16245000 16559000
16041000 16147000
16532000 16549000
16625000 16394000
16383000 16708000
16649000 15881000
16116000 16620000
16183000 16285000
16251000 17117000
16009000 16659000
16409000 16274000
16250000 16245000
15985000 16009000
16674000 15958000
16557000 16365000
16113000 16845000
16349000 16205000
16708000 16155000
16551000 16424000
16079000 16660000
16793000 16008000
16131000 16366000
16181000 16111000
16708000 16141000
16378000 16333000
16457000 16280000
16576000 16195000
16105000 16201000
16013000 16593000
16403000 16725000
16405000 16161000
16660000 16142000
15889000 16675000
15893000 16537000
16540000 16216000
16415000 16200000
16302000 16690000
16262000 16311000
16185000 16895000
15954000 16455000
16028000 16726000
16250000 16385000
16058000 16082000
16585000 16183000
16246000 16280000
15906000 16522000
16696000 16111000
16310000 16253000
16397000 16797000
15642000 16266000
16600000 16665000
16426000 16196000
16473000 16101000
16516000 16333000
16278000 16198000
16038000 16280000
16110000 16498000
16568000 16663000
16483000 16348000
16179000 16466000
16566000 15896000
16056000 16622000
16690000 16547000
15935000 16180000
16489000 15232000
16017000 15904000
16462000 16122000
16573000 16047000
15838000 16300000
16360000 16313000
16384000 16212000
15941000 16347000
16473000 16287000
16195000 16125000
16373000 16515000
16172000 16717000
16186000 15503000
16297000 16311000
16476000 16530000
16581000 16474000
15983000 16583000
16280000 16208000
16157000 16376000
16396000 16045000
15753000 16056000
16041000 15661000
16438000 16122000
16290000 16561000
16846000 16235000
16000000 16483000
16421000 16631000
16410000 16297000
15992000 16229000
16474000 15992000
16636000 16490000
15510000 16309000
16557000 16455000
16326000 16079000
16362000 16398000
16326000 16118000
16108000 15596000
16063000 16710000
16690000 16349000
16520000 16419000
16361000 16202000
16511000 15967000
16421000 16699000
16179000 15709000
16683000 16252000
16044000 16246000
16260000 16396000
16397000 16054000
16574000 16382000
16055000 16675000
16144000 16419000
16309000 16480000
16186000 16347000
16557000 16514000
16095000 16318000
16232000 16587000
16297000 16193000
16360000 16298000
16047000 16664000
16354000 16105000
15955000 16777000
16475000 16718000
16732000 16516000
16551000 16228000
16426000 15784000
16233000 16112000
16581000 16295000
16793000 15890000
16380000 16574000
16156000 17041000
15980000 16555000
16371000 16404000
16411000 15605000
16632000 15981000
16477000 16059000
16035000 16160000
16502000 15997000
15881000 16000000
16370000 16580000
16456000 16263000
16587000 16432000
16551000 16444000
16147000 16306000
16064000 16346000
16473000 16509000
16267000 16455000
16348000 16608000
16101000 16498000
16266000 16668000
16649000 15812000
16423000 16340000
15648000 16203000
16875000 17003000
16272000 16318000
16614000 16465000
15815000 16363000
16170000 16590000
16514000 16448000
16416000 16461000
16150000 16214000
15889000 16554000
16651000 16386000
16430000 15771000
16653000 16257000
16777000 16698000
16172000 16149000
16540000 16381000
15713000 16124000
15686000 16482000
16635000 16551000
15993000 16249000
15937000 16235000
16115000 15841000
16245000 16561000
16609000 16516000
15989000 16204000
16421000 15955000
16041000 16181000
16152000 16581000
16462000 16232000
16534000 16202000
16384000 16441000
16455000 15967000
16737000 16451000
16646000 16143000
16302000 16093000
16050000 16320000
16693000 15962000
16329000 16231000
16168000 16065000
16625000 16378000
16021000 16189000
15933000 16748000
15995000 16278000
16115000 15682000
16312000 16097000
15564000 16000000
16798000 16585000
16562000 16423000
16367000 16612000
16357000 16215000
16560000 16611000
16296000 16229000
16648000 15915000
16437000 16346000
16410000 16214000
16156000 17268000
16088000 15721000
15816000 16534000
15597000 16053000
15967000 16291000
16041000 16771000
16282000 15865000
16285000 16593000
16383000 16200000
15940000 15879000
16428000 16412000
16270000 16708000
16250000 16610000
16660000 16485000
16446000 16209000
16432000 16017000
15992000 16095000
16715000 16536000
16597000 17069000
16494000 16358000
16276000 16354000
16251000 16096000
15815000 16542000
16753000 16719000
16167000 16467000
16070000 15702000
16193000 15855000
16014000 16364000
16328000 16145000
16534000 16275000
16380000 16742000
16161000 16738000
15953000 16202000
15777000 16641000
15972000 16583000
16521000 16064000
16367000 16260000
16713000 16874000
16272000 16033000
16828000 16584000
16403000 16433000
16576000 16232000
16365000 16367000
16001000 15550000
16321000 16240000
15853000 16188000
16551000 16450000
16040000 16162000
16708000 16032000
16110000 15844000
16042000 16314000
15990000 15792000
15782000 16798000
16152000 16265000
16181000 17042000
16452000 16009000
16310000 16066000
16864000 16578000
16092000 16442000
16777000 16274000
16109000 15723000
16668000 16164000
15995000 16042000
15597000 16393000
16443000 16410000
16437000 16613000
16407000 16407000
16206000 16100000
16262000 16395000
15882000 16443000
16438000 16367000
16311000 16204000
16635000 15705000
16738000 16057000
16501000 17094000
16025000 16673000
16318000 16156000
15880000 16701000
16106000 15909000
16368000 16697000
16549000 16371000
16315000 16345000
15977000 16875000
16397000 16205000
16609000 16486000
15971000 16092000
16576000 16695000
15908000 16520000
16543000 16118000
15905000 16173000
16114000 16783000
16296000 16034000
16088000 16739000
16613000 16849000
15420000 16487000
15945000 16282000
16411000 16496000
16742000 16021000
15974000 16310000
16554000 16443000
16027000 16686000
16497000 15962000
15861000 16077000
15808000 16698000
16090000 16223000
16258000 16532000
16363000 16478000
16621000 16307000
15885000 16712000
16318000 16084000
16216000 16795000
16805000 16414000
16483000 15913000
16063000 16753000
16097000 16382000
16647000 16304000
16127000 16483000
15879000 16568000
16360000 16264000
16017000 15990000
16438000 16227000
16291000 16063000
16132000 16567000
16317000 15898000
16396000 15839000
16355000 16643000
16042000 16745000
16221000 16277000
16651000 16203000
16443000 15990000
15842000 16364000
16268000 16622000
16307000 16311000
16151000 16400000
16204000 16496000
16049000 16593000
15840000 16256000
15917000 16089000
16608000 16658000
16290000 15727000
16561000 16709000
16605000 16260000
16429000 16364000
15915000 16327000
16073000 16236000
16827000 16602000
16020000 16150000
15941000 16140000
16761000 16474000
16192000 16475000
16594000 16145000
16532000 16416000
16475000 16189000
15711000 16468000
16562000 15576000
16445000 15874000
16690000 16376000
16246000 16480000
15893000 16318000
15971000 16450000
15887000 16530000
16791000 15802000
15961000 16418000
16396000 15829000
16571000 16507000
16705000 16429000
16177000 16262000
16330000 16230000
16418000 16133000
16528000 16098000
16647000 16279000
16007000 16573000
16650000 16449000
16869000 16467000
16515000 16709000
16458000 16409000
16067000 16840000
15912000 16327000
16319000 16375000
16119000 16732000
16191000 16774000
16096000 16802000
16219000 16296000
16531000 16571000
16674000 16458000
16079000 16714000
15834000 16875000
16227000 16643000
16206000 16448000
16563000 15816000
16147000 16569000
16676000 16097000
15492000 16550000
16427000 16480000
16042000 16539000
16611000 16362000
16105000 16484000
16532000 15928000
16345000 15977000
15987000 16489000
16185000 16569000
16332000 16871000
16243000 16615000
16728000 16436000
16578000 16253000
16478000 16238000
16999000 16420000
16340000 16728000
16116000 15968000
16100000 16680000
16396000 15982000
16377000 15994000
16708000 16070000
16540000 16510000
16561000 16275000
17028000 16388000
16717000 16408000
16235000 16863000
16281000 15882000
16087000 16387000
16361000 16197000
15986000 16149000
16249000 16565000
16176000 16081000
16063000 16279000
16243000 16665000
15675000 16457000
15851000 16004000
16355000 15976000
15984000 16325000
16638000 16404000
16259000 16118000
16499000 16603000
16559000 16264000
16755000 16367000
16714000 15665000
16428000 17113000
16873000 16237000
16393000 15976000
15797000 16751000
15934000 16190000
16591000 16368000
16234000 16310000
16346000 16735000
16477000 16369000
16301000 16351000
16787000 16241000
16397000 16556000
16461000 16765000
16307000 16310000
16623000 16029000
16086000 16176000
15957000 16662000
16862000 16574000
16390000 16550000
16660000 16125000
16132000 16129000
16233000 16534000
16178000 16362000
16461000 15764000
16518000 16446000
16603000 16564000
16645000 16890000
16192000 15991000
16273000 16010000
16674000 16518000
16036000 17148000
16729000 16706000
16276000 16016000
16169000 16878000
16411000 16143000
16631000 16226000
16522000 16144000
16306000 16082000
15869000 15816000
16322000 16882000
16710000 16205000
16171000 16396000
16223000 16487000
15894000 16848000
15842000 16774000
16234000 16263000
16199000 16079000
16597000 16271000
16209000 16554000
16207000 16438000
15990000 15969000
16359000 16357000
16383000 16437000
16180000 16211000
16715000 16490000
16603000 16255000
16355000 16456000
16464000 16982000
16129000 16710000
16087000 16219000
16132000 15888000
16383000 16078000
15899000 16305000
16666000 16697000
16234000 15957000
16210000 16693000
16394000 16542000
16557000 15816000
16458000 16272000
16000000 16319000
16368000 15882000
16438000 16022000
16540000 16308000
15872000 16400000
16357000 16180000
16321000 16388000
16262000 16418000
16161000 16418000
16893000 16109000
16070000 16018000
16705000 16635000
16216000 15682000
16244000 16531000
16325000 16157000
17001000 15978000
16292000 16229000
16470000 15795000
16673000 16608000
16509000 16107000
16707000 16428000
16530000 16437000
16310000 16157000
16180000 16028000
16519000 16550000
16403000 16400000
16344000 16628000
16753000 16498000
16167000 15896000
16604000 16238000
16370000 16709000
16690000 15625000
16178000 16253000
15851000 16131000
16801000 16160000
16596000 16340000
16609000 16213000
16407000 16009000
16598000 16491000
16326000 16554000
16387000 16568000
16428000 16488000
16821000 16325000
15707000 16229000
16212000 16022000
16808000 16994000
15971000 16182000
15983000 16421000
16457000 16357000
16591000 16738000
15762000 16658000
16556000 16733000
15892000 16133000
16572000 16031000
16359000 16413000
16499000 16251000
16219000 17083000
16003000 16243000
16408000 16483000
16286000 15919000
15860000 16468000
16563000 16123000
15845000 16183000
15792000 16266000
15925000 16676000
16310000 16659000
16524000 16665000
16247000 16495000
16203000 16309000
16044000 16455000
15847000 16354000
16696000 16488000
16297000 16455000
15782000 16743000
16800000 16540000
16065000 16480000
15598000 16580000
16954000 16250000
16202000 16396000
16418000 16163000
16274000 16344000
15778000 16507000
16384000 16088000
16216000 16261000
16225000 16208000
16512000 16549000
16934000 16581000
16559000 16397000
16155000 16008000
16595000 15648000
16334000 16622000
16434000 16344000
16346000 15910000
16516000 16491000
16076000 16162000
16023000 16659000
16110000 16362000
16157000 16358000
16603000 16640000
16149000 16798000
16788000 15780000
16563000 16705000
16356000 16038000
16341000 16328000
16021000 16375000
15772000 16598000
16482000 16860000
16610000 16567000
16380000 16589000
16528000 15842000
16256000 16709000
16462000 15827000
16456000 16320000
15958000 16255000
16182000 16358000
16709000 15977000
16579000 16267000
15943000 16343000
16140000 16147000
15684000 16517000
16383000 16404000
16441000 15729000
15819000 16246000
16355000 16231000
16249000 16532000
16392000 15865000
15728000 16532000
16221000 16043000
16568000 16463000
15792000 15764000
15902000 17029000
16576000 15951000
16314000 16626000
16107000 16255000
16190000 16353000
16482000 16285000
16356000 15979000
16590000 16469000
16572000 16534000
16713000 16358000
16349000 16405000
16466000 16010000
16289000 16150000
16513000 16758000
16733000 15694000
16091000 15724000
16481000 16328000
16544000 16090000
16197000 16311000
16167000 16516000
16670000 16538000
16133000 16908000
15872000 16568000
16411000 15855000
16422000 15894000
16837000 16649000
16375000 16306000
16095000 16325000
16314000 16779000
16131000 16171000
16369000 16217000
16817000 16084000
15728000 16521000
16493000 15537000
16733000 15553000
16598000 15928000
16342000 16303000
16588000 15920000
16643000 16331000
16776000 16015000
16579000 16494000
16446000 16166000
16533000 16017000
15784000 16629000
16403000 16330000
16351000 16086000
16239000 15505000
16205000 16534000
16458000 15973000
16158000 16310000
16142000 16226000
16442000 15949000
16557000 16805000
15809000 17336000
16181000 16498000
16372000 16070000
16620000 16223000
16459000 16240000
16297000 16454000
15839000 15990000
16034000 16299000
16261000 16430000
16427000 16331000
16583000 16182000
16576000 16059000
16216000 16657000
16410000 16325000
16431000 16476000
15810000 16382000
16143000 15799000
16284000 16615000
16605000 16556000
16592000 15813000
16484000 15628000
16262000 16517000
17052000 16647000
16384000 16034000
16359000 16310000
16410000 16129000
16370000 16412000
15950000 16156000
16190000 16395000
16207000 17065000
16249000 16269000
16609000 16163000
15871000 16278000
16558000 16128000
16243000 16698000
16117000 16480000
15676000 16359000
16177000 16182000
16259000 16164000
16117000 15649000
16534000 16199000
16157000 16054000
15735000 16656000
16742000 16012000
16440000 16499000
16380000 16081000
15644000 16523000
16309000 16707000
16283000 16483000
15943000 16296000
16198000 15902000
16515000 15985000
15963000 16400000
16310000 16162000
16192000 16746000
16380000 15642000
16510000 16189000
15914000 16534000
16727000 16583000
16106000 16762000
16793000 15996000
16219000 16505000
15775000 16455000
16472000 16248000
15766000 16345000
16648000 16661000
16524000 16790000
16208000 15924000
16599000 16152000
16626000 16443000
16206000 16345000
16470000 16714000
16146000 16238000
16534000 16077000
16299000 16497000
16416000 16269000
16533000 16212000
16557000 16206000
16445000 16040000
15874000 15711000
16503000 16507000
16775000 16493000
16415000 16728000
16423000 15887000
16212000 16136000
16471000 15817000
16095000 16168000
16105000 16471000
16432000 15874000
16787000 16231000
16600000 16229000
16616000 16526000
16562000 16234000
16336000 15879000
16918000 16081000
16234000 16505000
16356000 16562000
16631000 16564000
16411000 16147000
16055000 16478000
15818000 16100000
16299000 16636000
16348000 16661000
16472000 16328000
16473000 15603000
16277000 16321000
15962000 16145000
16423000 16235000
16446000 16074000
15861000 16110000
16675000 16395000
16511000 16536000
16342000 17125000
16729000 16289000
16187000 16434000
15619000 16483000
16539000 15913000
16293000 16167000
16608000 15892000
16411000 16377000
16424000 16353000
16410000 15842000
16663000 16421000
16623000 17133000
15750000 16398000
16341000 16345000
16320000 16289000
16384000 16014000
16580000 16339000
15582000 16727000
16059000 16174000
15920000 16299000
15821000 16509000
16382000 16319000
16282000 16188000
16607000 15818000
16548000 16649000
16547000 16543000
16867000 15802000
16655000 16355000
16120000 16783000
16204000 16319000
16556000 16141000
16167000 16276000
16145000 16805000
16154000 16810000
15876000 16306000
16649000 15661000
16430000 16402000
15909000 16137000
15581000 16753000
16690000 16000000
16603000 16370000
16602000 16163000
15744000 16483000
16105000 16489000
16518000 15636000
16749000 16405000
16447000 15998000
16514000 16403000
15581000 16644000
15817000 16263000
15950000 16667000
16333000 16614000
15766000 16917000
16073000 17132000
16097000 16308000
16108000 16054000
16147000 16184000
16358000 16253000
16275000 16294000
16369000 16321000
16478000 16689000
16443000 16512000
15947000 16807000
16000000 16604000
16260000 16181000
15985000 16455000
16338000 16235000
16240000 16593000
16609000 16508000
15920000 16195000
16742000 15829000
16273000 16036000
16229000 16213000
15896000 16709000
15929000 16635000
15943000 16719000
16302000 16184000
16042000 16835000
16773000 16307000
16518000 15555000
16868000 16346000
16426000 16641000
16576000 15397000
15931000 16610000
16385000 16608000
16223000 16488000
16081000 16245000
16410000 16424000
16962000 16150000
16487000 16481000
16515000 16438000
15906000 16739000
16902000 16522000
15957000 16321000
16097000 16245000
16222000 16223000
15972000 16621000
16647000 16368000
16396000 15973000
16149000 15829000
16230000 15931000
16626000 16449000
16244000 16676000
16391000 16027000
16103000 16474000
15932000 16288000
16579000 16250000
16122000 16368000
16227000 15980000
16132000 16057000
16491000 15958000
16356000 16171000
16035000 16367000
16381000 16499000
16187000 16046000
16146000 16281000
16397000 16169000
16305000 16364000
16161000 16320000
16369000 16028000
16052000 16312000
16576000 16270000
16576000 16502000
16301000 16406000
16772000 16373000
16346000 16496000
16029000 16162000
16426000 15800000
16602000 16260000
16039000 16039000
16711000 16075000
16327000 16328000
16281000 16150000
16626000 15883000
16421000 16230000
16235000 16659000
15950000 15951000
16202000 16244000
16248000 15873000
16487000 15548000
16360000 15808000
16721000 16220000
16098000 16236000
16521000 15708000
15930000 16666000
16576000 15652000
16522000 16347000
16828000 16467000
16007000 16322000
16360000 15932000
15597000 16366000
16711000 16244000
16447000 15695000
16385000 16316000
16134000 16530000
16139000 16335000
16659000 16176000
16396000 16390000
16366000 16404000
16286000 16283000
15977000 16580000
16628000 15861000
16030000 16569000
16240000 16291000
16271000 16312000
16116000 16147000
16487000 16333000
16179000 15696000
16607000 15960000
16067000 16423000
16534000 16516000
16006000 16032000
16068000 15860000
16116000 16229000
16276000 16489000
16052000 16171000
16329000 16129000
16162000 16894000
16418000 16484000
16358000 15867000
16296000 16141000
16460000 15746000
16250000 16461000
16009000 15965000
16037000 16516000
16291000 16013000
16197000 15683000
16387000 16284000
16408000 16204000
16147000 16041000
16157000 16419000
16774000 16375000
16309000 15862000
16420000 16296000
15787000 16649000
16318000 16190000
16444000 16502000
15694000 16273000
16408000 16464000
15959000 15887000
15965000 16618000
16886000 16862000
16551000 16051000
16320000 16046000
16237000 16805000
16296000 16594000
16107000 16234000
17092000 16470000
16908000 16262000
16146000 16331000
16096000 16403000
16438000 15868000
16279000 16507000
16688000 16475000
16397000 15966000
16557000 16453000
16296000 15978000
15555000 16154000
15128000 16952000
16648000 16090000
16332000 16478000
16100000 16972000
16928000 15853000
16264000 16575000
16581000 16458000
16378000 16101000
16412000 16511000
16363000 16352000
16278000 16216000
16317000 15779000
16917000 15840000
16250000 16343000
16754000 16028000
16275000 16193000
16175000 16571000
16221000 16040000
16329000 16238000
16328000 16381000
16449000 16528000
16365000 16365000
16629000 15848000
16457000 16407000
16510000 16710000
16384000 15989000
16118000 16794000
16115000 16003000
16410000 16137000
16533000 16483000
16327000 16422000
16825000 16056000
16023000 16328000
16332000 17083000
16507000 16443000
16497000 16717000
16484000 16433000
16842000 16390000
16077000 15637000
16663000 15889000
16351000 16525000
16461000 16045000
16710000 16564000
16210000 16523000
16130000 16547000
16211000 16657000
16601000 16179000
16162000 16341000
16007000 16377000
16340000 16084000
16447000 16371000
15650000 16114000
16208000 16233000
16755000 16213000
15927000 16567000
16090000 16480000
15981000 16099000
16559000 16291000
16446000 16403000
16499000 16126000
16358000 15574000
16096000 15748000
16595000 15694000
16379000 16482000
16428000 16357000
16739000 16005000
16073000 15919000
16083000 16534000
16197000 16320000
16565000 16111000
16359000 16224000
16318000 15922000
16214000 16449000
16183000 16409000
16304000 15855000
16640000 16096000
16292000 16506000
15924000 16417000
16660000 16447000
16498000 16641000
16631000 16106000
16422000 16095000
15823000 16310000
16452000 15856000
16236000 16389000
16538000 16286000
15975000 16172000
16538000 15972000
15999000 16139000
16295000 16476000
16410000 16079000
16417000 16675000
16557000 16240000
16796000 16607000
15998000 16311000
16081000 16678000
16582000 16136000
16224000 16078000
16405000 16032000
16458000 16237000
15956000 16256000
16084000 16551000
16666000 15885000
16367000 16520000
16625000 16316000
16576000 16077000
15846000 16631000
15867000 16327000
16663000 16140000
16542000 16392000
16054000 16342000
16012000 16668000
16460000 16330000
16374000 16193000
16602000 16582000
16808000 16025000
16052000 16390000
16139000 16072000
15406000 16797000
15949000 16553000
16410000 16062000
16380000 16340000
16446000 15945000
16170000 16104000
16718000 16089000
15947000 16537000
16296000 16661000
16642000 16111000
16058000 16569000
16457000 16681000
16221000 16327000
15862000 16922000
16370000 16286000
16279000 16175000
16336000 16873000
16534000 16181000
16717000 16461000
16381000 16515000
15884000 16565000
16146000 16089000
15783000 16483000
16445000 16408000
16603000 16311000
16162000 16213000
16410000 16128000
15972000 16455000
16006000 16162000
16708000 16092000
16317000 16104000
16390000 16407000
16034000 16449000
16551000 16071000
16603000 16289000
16877000 16668000
16266000 16682000
15815000 16226000
16263000 17053000
15866000 16562000
16572000 16290000
16515000 16275000
16313000 16008000
16812000 16620000
16456000 16602000
16094000 16429000
16257000 16254000
15808000 16865000
16743000 16476000
16370000 16000000
16441000 16018000
15942000 16906000
16076000 16280000
15899000 16184000
16445000 16376000
15859000 16569000
16537000 16783000
16833000 16487000
15885000 16243000
16430000 15797000
16435000 16260000
16314000 16102000
16481000 16596000
16399000 16460000
16206000 16738000
16429000 16569000
16793000 15890000
16368000 16443000
16229000 16254000
16664000 16310000
16017000 16111000
15680000 16351000
15632000 16810000
16390000 16189000
16395000 16522000
16682000 16466000
16191000 16345000
16113000 16375000
16397000 15880000
16272000 16562000
16527000 15934000
16719000 16211000
16008000 16028000
16095000 16607000
16330000 16553000
15880000 16395000
16457000 16425000
16351000 16709000
15974000 16401000
16510000 16144000
16644000 16056000
16081000 16295000
16542000 16144000
16320000 16802000
16346000 16434000
16193000 16535000
16823000 15961000
16250000 16221000
16006000 16771000
16154000 16233000
15997000 16615000
16510000 16005000
16385000 16056000
16660000 16153000
16287000 16284000
16578000 16343000
16105000 16517000
16487000 16186000
16219000 16497000
16140000 16199000
16737000 16319000
16690000 16323000
16521000 16430000
16446000 16300000
16595000 16211000
16484000 16410000
15945000 16375000
16203000 15784000
16017000 16061000
16607000 16189000
16456000 16686000
16733000 16328000
16446000 16060000
16146000 16303000
16178000 16533000
16102000 15987000
16352000 16561000
16830000 16685000
16416000 16005000
16013000 16724000
16582000 16238000
16214000 16553000
16443000 16575000
16296000 15830000
16734000 16361000
16090000 16365000
16647000 16534000
16316000 16388000
16601000 15909000
16560000 16826000
16353000 16335000
16708000 16347000
16087000 16247000
15918000 16402000
16514000 16280000
16310000 16168000
15936000 16395000
16124000 16666000
16295000 16212000
16424000 16432000
16441000 16180000
16781000 16298000
16370000 15709000
16596000 16293000
16589000 15827000
16379000 16617000
15632000 16243000
15976000 16419000
16581000 16106000
16570000 16334000
16512000 15920000
16083000 16773000
16357000 16092000
16561000 16464000
16385000 15929000
16160000 16933000
16527000 16539000
16304000 16343000
16385000 16907000
15771000 16840000
15692000 16730000
16704000 16473000
16302000 16117000
16581000 16574000
16293000 16028000
16318000 16489000
16356000 16504000
16201000 15980000
16829000 16184000
16203000 15998000
16320000 17033000
16759000 16036000
16048000 16309000
16478000 16017000
16380000 16217000
16371000 16627000
16894000 16195000
16674000 15780000
16115000 16419000
16708000 16400000
16180000 16527000
16706000 16308000
16193000 16164000
16114000 16310000
16550000 16934000
16159000 16157000
16311000 16538000
16226000 15904000
16189000 16294000
16720000 16627000
16117000 16584000
16456000 16334000
16325000 15767000
16064000 16488000
15769000 16639000
16540000 16204000
16025000 16400000
16984000 16059000
16486000 16356000
16480000 16293000
16385000 16200000
16052000 16395000
16834000 16623000
15662000 16795000
16646000 16824000
16420000 15705000
16708000 16542000
16531000 16486000
16420000 16574000
16331000 16553000
16587000 16030000
16115000 16937000
15822000 16264000
15874000 16549000
16261000 16027000
16667000 15951000
16687000 16517000
16381000 16209000
16039000 16400000
16063000 16362000
16443000 15859000
16155000 16166000
16059000 16223000
16286000 16491000
16350000 16680000
16708000 16163000
16380000 16298000
16117000 16508000
16310000 16141000
16570000 16578000
16276000 16320000
15915000 16694000
16480000 16307000
16305000 16395000
16879000 16577000
16174000 15930000
15997000 16530000
16446000 15998000
16607000 16616000
16591000 16708000
16563000 16439000
16723000 16077000
16553000 16168000
16194000 16212000
16488000 16096000
15991000 16400000
16592000 16165000
16313000 16487000
16162000 15989000
16527000 15856000
16766000 16211000
16273000 15773000
16221000 16678000
16544000 16684000
16267000 15942000
15844000 16880000
16556000 15976000
16138000 16215000
16514000 16357000
16293000 15900000
15540000 16318000
16899000 16160000
16041000 16032000
16793000 16989000
16439000 16370000
15926000 16966000
15782000 16461000
15831000 16318000
16297000 16658000
15470000 16374000
16095000 16539000
16490000 16250000
16120000 16596000
16040000 16784000
16136000 16608000
16548000 16377000
16582000 16501000
16337000 16078000
16305000 16568000
16033000 16245000
16377000 16650000
16863000 16045000
16412000 16658000
16091000 15960000
16860000 15951000
16460000 16231000
16317000 16375000
16242000 16497000
16382000 16624000
16512000 16232000
16270000 16241000
16378000 15977000
16555000 16243000
16415000 15941000
16054000 16106000
16145000 16397000
15861000 16363000
16635000 16364000
16034000 16107000
16862000 16617000
16265000 16279000
16306000 16666000
16498000 16319000
16132000 16480000
16607000 16375000
16175000 16256000
16457000 16301000
16095000 16085000
16149000 15662000
16576000 16554000
16271000 16451000
16840000 16240000
16161000 16242000
16007000 16724000
16338000 16498000
16761000 16370000
15917000 16783000
16172000 16455000
16360000 16157000
16159000 16449000
16876000 16590000
16388000 16640000
16021000 16766000
16201000 16507000
16581000 15970000
16581000 16564000
16648000 16521000
16458000 16219000
15884000 15821000
16096000 16235000
16517000 16569000
16242000 16280000
16602000 16099000
16595000 16074000
16238000 16594000
16095000 16038000
16280000 16874000
16192000 16315000
16460000 16502000
16310000 16505000
16315000 16169000
16278000 16203000
16308000 16155000
15940000 16184000
16157000 16706000
16718000 15677000
16546000 16253000
15950000 16455000
16430000 16136000
15827000 16659000
16312000 16364000
16279000 16708000
16568000 16214000
16196000 16248000
16019000 16483000
16410000 16259000
15901000 16074000
16859000 16526000
16467000 16264000
15941000 16751000
16553000 16377000
15881000 15914000
16575000 16650000
16339000 16554000
16512000 16474000
16541000 16027000
16322000 16594000
16534000 16097000
16527000 16453000
16048000 16245000
16508000 16837000
16462000 15728000
16279000 16233000
16278000 16197000
16385000 16108000
16515000 16872000
16379000 16357000
16224000 16280000
15622000 16355000
16202000 16550000
16046000 16063000
15868000 16012000
16308000 16005000
16027000 16395000
16038000 16246000
16251000 15837000
16149000 16648000
16030000 16364000
16109000 16124000
16511000 16174000
16387000 16477000
16726000 16323000
16378000 16374000
15868000 16346000
16214000 15989000
16431000 15838000
16540000 17072000
16387000 16054000
16114000 16208000
16760000 16208000
16497000 16693000
16179000 16544000
15928000 16021000
15944000 16273000
16227000 16634000
16484000 16789000
16615000 16701000
16631000 16314000
15990000 16396000
16929000 16155000
16163000 16662000
16416000 16209000
16457000 15878000
15737000 16516000
16203000 16534000
16237000 16436000
16024000 16146000
15746000 16676000
15682000 16147000
16256000 16484000
15939000 16517000
16526000 15987000
15770000 16537000
16468000 16662000
16849000 16673000
16078000 16125000
16061000 16549000
16077000 16139000
16301000 15738000
16060000 16144000
15605000 17021000
16556000 16255000
16268000 16193000
16556000 16218000
16332000 16532000
16617000 16704000
16597000 16598000
16665000 16201000
16312000 16755000
16355000 16553000
16144000 16375000
16529000 15881000
16377000 16299000
16533000 15949000
15660000 16201000
16232000 16056000
16497000 16530000
16380000 16125000
16325000 16953000
16461000 16428000
16412000 17019000
16742000 16806000
16398000 16729000
16532000 15611000
16177000 16310000
16309000 16098000
16590000 16333000
16298000 16663000
16480000 16181000
16163000 16716000
16472000 16264000
16089000 16483000
15762000 16613000
15795000 16241000
15942000 16584000
16340000 16484000
16403000 16610000
16375000 15737000
15619000 16769000
16135000 16224000
16014000 16020000
16353000 16382000
15963000 16211000
15841000 16816000
16293000 16423000
16595000 16222000
16719000 15904000
16372000 16288000
16048000 16365000
16409000 16737000
16233000 16487000
15940000 16552000
16576000 16380000
16137000 16606000
16080000 16137000
16208000 15900000
16226000 16346000
16098000 16724000
16939000 16218000
16089000 15765000
16046000 16325000
16538000 15651000
16441000 16714000
15890000 16127000
16088000 16663000
16092000 16809000
16533000 16359000
16670000 15905000
16523000 16658000
16108000 16591000
16033000 16783000
16575000 16064000
16187000 16790000
16358000 16085000
15994000 16640000
16152000 16895000
16023000 16080000
16913000 15621000
16375000 16511000
16836000 16166000
16196000 16224000
16576000 16285000
15666000 16734000
16241000 15940000
16148000 16323000
16259000 16483000
16058000 15883000
16703000 16231000
16715000 16033000
15856000 16434000
16198000 16212000
16547000 16432000
16608000 15770000
16582000 16095000
16041000 15935000
16337000 16723000
16059000 16174000
16475000 16629000
16066000 16328000
16100000 16492000
16297000 16906000
15714000 16738000
16275000 16449000
16165000 16026000
16701000 16734000
16644000 16482000
15887000 16269000
16456000 16235000
16216000 16250000
16085000 16463000
16001000 16398000
16660000 16227000
16472000 16026000
16309000 15919000
15867000 15963000
16300000 16692000
16093000 16002000
16169000 16770000
16260000 16581000
16587000 16270000
16636000 16480000
16433000 16610000
15473000 16552000
16082000 16325000
16281000 16109000
16430000 16078000
16375000 16455000
16565000 15961000
16202000 15631000
16381000 16659000
16580000 16169000
16474000 16108000
16404000 15613000
16469000 15912000
15626000 15862000
16780000 16675000
16663000 16198000
16798000 16008000
16576000 16294000
15878000 15700000
16254000 17005000
16423000 16474000
16719000 16398000
16274000 16263000
16212000 16480000
15837000 16137000
16072000 16150000
16053000 16046000
16214000 16111000
16438000 16266000
16116000 16553000
16323000 16086000
16172000 16799000
16670000 16447000
16280000 16095000
16569000 16672000
16717000 16363000
16504000 15963000
16108000 17118000
15829000 16569000
16186000 16569000
16007000 16275000
16282000 16165000
16342000 16466000
16375000 15956000
16225000 16324000
16341000 17051000
16419000 16827000
16221000 16222000
16266000 16107000
16097000 16188000
15932000 16349000
15788000 16723000
15801000 16484000
16150000 16176000
16592000 16422000
16839000 15878000
16661000 16397000
15952000 16406000
16117000 16082000
16486000 16267000
16101000 16449000
16196000 16858000
15903000 15729000
16106000 16125000
16542000 16548000
15976000 16577000
16469000 15941000
16581000 15978000
16286000 16630000
16631000 16386000
16472000 16303000
15524000 16400000
16100000 16507000
16194000 16492000
15902000 16560000
16135000 16794000
16316000 16253000
16003000 15930000
16570000 16334000
15919000 16150000
16371000 16240000
16630000 16170000
16337000 16593000
15876000 16481000
16442000 16233000
16481000 16137000
16133000 16663000
16276000 16621000
16424000 16266000
15767000 16516000
16384000 16323000
16094000 16610000
16767000 15933000
15742000 16591000
16452000 16146000
16383000 15858000
16559000 16199000
16050000 16445000
16334000 16457000
16431000 16502000
16281000 16272000
16554000 16473000
16384000 16539000
16708000 16513000
16176000 16652000
16016000 16217000
16415000 16540000
16051000 16455000
16551000 16083000
15906000 16076000
16397000 16050000
16283000 16525000
16111000 16407000
16614000 16414000
15995000 16455000
16108000 15998000
16019000 16791000
16464000 16389000
16498000 16709000
16478000 16210000
16315000 16400000
16671000 16571000
15870000 16296000
16200000 16583000
16264000 16064000
16136000 16310000
16447000 16141000
16498000 16520000
16217000 16323000
16138000 16455000
15813000 16280000
16577000 16354000
16452000 15743000
15842000 16296000
16328000 16835000
16575000 16556000
16534000 16307000
16458000 16268000
15883000 16345000
16562000 16109000
16419000 15724000
16460000 15559000
16318000 16221000
16534000 16039000
16112000 16070000
16650000 16246000
16042000 16005000
15823000 16500000
16100000 16112000
16228000 16608000
15848000 16405000
16385000 16214000
16096000 15471000
16039000 16534000
16525000 16794000
16528000 15674000
16370000 15804000
16146000 16325000
16456000 15899000
16046000 16326000
17035000 15515000
16396000 16186000
16318000 15832000
16271000 16065000
16515000 16939000
16714000 15612000
16452000 16131000
16274000 16019000
16540000 16295000
16420000 16323000
15845000 16641000
16631000 15941000
16393000 16204000
16396000 16107000
15955000 16390000
16341000 16099000
16287000 17193000
16524000 16229000
16603000 15874000
15986000 15837000
16609000 15896000
16329000 16080000
16095000 16156000
16397000 16223000
16566000 16017000
16371000 16099000
16199000 16255000
16528000 16262000
16698000 16406000
16742000 16288000
15897000 15795000
16022000 16355000
16430000 16149000
16276000 16408000
16044000 16300000
16205000 16295000
16275000 16217000
15871000 16771000
16145000 16622000
16262000 16763000
16528000 16042000
16287000 15557000
15642000 16192000
16460000 16382000
16580000 16033000
16846000 16482000
16458000 16348000
16276000 16553000
16226000 16226000
16641000 15971000
16443000 16517000
16570000 16782000
16396000 16116000
16311000 16067000
16328000 16542000
16299000 16075000
15859000 16686000
16393000 16001000
16186000 16926000
16154000 16530000
16267000 17044000
16277000 16776000
16325000 16248000
16435000 16520000
16545000 16292000
16177000 16091000
16771000 15708000
16581000 15680000
16539000 16486000
16576000 16083000
16526000 16765000
15897000 15929000
16126000 16379000
16372000 15893000
16548000 16522000
16283000 16140000
15991000 15986000
15800000 16966000
16407000 16665000
15971000 16352000
16252000 16123000
16443000 16361000
15827000 16236000
16302000 16419000
16719000 16086000
16763000 16552000
16232000 16203000
15332000 16545000
16129000 16348000
16360000 16015000
16213000 15665000
16572000 16359000
16092000 16294000
16165000 16093000
16581000 16181000
15815000 16837000
16360000 15806000
15525000 16684000
15974000 16086000
16556000 16551000
15632000 16175000
16912000 16379000
16169000 16395000
16486000 15676000
16402000 16188000
16366000 16214000
16902000 16335000
15932000 16098000
16259000 16657000
16022000 16226000
16578000 16259000
16752000 16287000
16365000 16343000
15736000 16057000
16462000 16403000
16494000 16536000
16738000 16088000
16383000 16496000
16119000 16659000
16186000 16158000
16370000 16713000
16360000 16506000
16596000 16199000
16351000 16239000
16344000 16083000
16469000 16377000
16411000 16179000
16649000 16385000
16399000 16197000
16088000 17154000
15784000 16326000
16306000 16484000
16703000 16358000
16377000 16199000
16162000 16584000
16332000 16407000
16534000 16173000
16301000 15981000
16098000 16323000
16602000 16185000
16184000 16666000
16249000 16271000
15939000 16154000
16762000 16526000
16180000 16291000
16298000 16290000
15930000 16223000
16416000 15950000
15939000 16853000
16697000 16427000
16551000 16402000
16486000 16280000
16344000 16037000
16580000 16166000
16008000 16265000
16272000 16355000
16699000 15523000
16483000 16138000
15888000 16823000
16404000 16401000
16502000 16531000
16088000 16046000
16270000 16285000
16722000 16429000
16186000 16572000
15899000 17127000
16314000 16285000
16581000 16383000
16389000 16270000
16334000 16420000
16156000 16025000
15888000 16575000
16049000 16669000
16288000 15389000
16090000 16312000
16447000 15750000
16662000 16684000
16667000 16132000
16249000 16333000
16391000 16822000
16328000 16085000
16187000 16798000
16288000 16120000
16241000 16518000
16605000 15920000
16178000 16455000
16084000 16505000
15973000 16312000
16214000 15790000
16032000 16684000
15747000 16218000
16641000 16140000
16625000 15839000
16485000 16281000
16477000 16459000
16308000 16707000
16200000 16161000
16070000 16244000
16099000 16925000
16645000 16434000
16444000 16207000
16706000 15978000
16671000 16061000
15972000 16113000
16770000 16409000
16820000 16696000
15779000 15629000
16204000 16853000
16133000 16361000
16094000 16330000
16580000 16501000
16498000 16417000
16451000 16695000
16597000 15907000
16252000 16357000
16278000 16393000
16598000 16173000
16166000 16280000
16438000 16094000
16440000 16392000
16603000 16920000
16333000 16289000
16562000 16338000
15887000 16507000
16473000 16056000
16296000 16045000
16825000 16393000
16357000 16184000
16190000 16671000
16372000 16338000
16089000 16046000
16269000 16484000
16133000 16359000
16128000 16735000
16281000 16920000
15959000 16449000
16256000 16572000
16269000 15778000
16302000 16135000
16220000 16530000
16136000 16139000
16165000 16044000
16359000 16185000
15928000 16277000
16382000 16513000
16325000 16584000
15826000 16531000
16227000 16593000
15743000 16705000
16515000 16659000
16425000 15850000
16613000 16495000
16119000 16236000
15940000 16050000
16294000 16377000
16610000 16597000
16398000 16539000
16327000 16296000
16757000 15840000
16273000 16712000
16227000 16582000
16587000 15736000
16247000 16167000
16201000 16498000
16616000 16386000
16708000 15895000
15816000 16722000
16469000 16241000
16340000 16610000
16521000 15933000
16208000 17001000
16397000 16135000
15957000 16785000
15999000 16094000
16730000 15666000
16764000 16496000
16736000 16319000
16539000 15927000
16582000 16344000
16073000 16800000
15945000 16246000
16624000 16152000
15789000 16691000
16462000 15902000
16326000 16111000
15412000 16652000
15534000 16821000
16601000 16378000
15895000 16535000
16303000 16483000
16104000 16447000
16008000 16680000
16512000 15990000
16571000 15786000
16364000 16400000
16615000 16481000
16820000 16268000
16268000 16552000
16592000 16413000
16567000 16040000
16268000 16571000
16284000 16411000
16426000 16901000
16132000 16285000
16053000 16370000
16394000 15934000
16147000 16411000
16435000 15670000
15962000 16404000
16515000 15654000
16669000 16788000
16247000 16291000
16438000 16252000
16205000 16243000
16486000 16386000
16493000 16593000
16122000 16414000
16144000 16022000
16221000 16426000
16384000 16237000
16281000 16402000
16001000 15851000
16396000 15971000
17036000 16018000
16236000 16226000
16241000 16198000
16370000 15989000
16496000 15704000
16190000 16576000
16792000 15838000
16084000 16359000
15794000 16147000
16705000 16735000
15914000 16137000
15924000 16513000
16396000 16115000
16531000 16875000
15945000 16652000
16443000 16413000
16210000 16017000
15674000 16034000
15857000 16144000
16551000 16661000
16408000 16373000
16552000 16483000
16380000 15798000
16172000 16461000
16552000 16552000
15965000 16462000
16507000 16728000
16058000 16124000
16575000 16540000
16607000 15877000
16562000 15868000
16346000 15979000
16197000 16357000
16576000 16181000
16452000 16497000
16302000 16021000
15877000 15909000
16475000 16563000
16287000 16658000
16059000 16400000
16242000 16536000
16203000 16539000
16274000 16188000
16488000 16645000
16363000 16236000
16275000 16372000
15969000 16288000
16335000 16209000
16348000 15917000
16359000 15968000
16245000 16093000
16592000 16561000
16839000 16265000
16534000 16406000
15958000 16273000
16197000 16636000
16579000 16400000
16032000 16053000
16680000 16214000
16642000 15844000
16010000 15995000
16678000 15880000
16361000 16622000
16420000 16041000
17092000 16032000
16509000 16295000
16356000 16116000
16807000 16579000
16350000 16220000
16158000 16025000
16618000 16658000
16700000 16321000
16003000 16573000
16259000 16359000
15894000 16619000
16923000 16268000
16054000 16549000
16535000 16724000
16415000 16553000
16603000 16082000
16280000 16384000
16968000 16645000
16937000 16292000
16282000 15905000
16671000 15886000
16171000 15708000
16696000 16352000
16527000 16189000
16520000 16221000
16372000 16209000
16231000 16498000
16724000 16384000
16314000 16498000
16081000 16225000
16429000 15897000
15802000 16683000
16534000 16286000
16709000 15991000
15971000 16509000
16738000 16100000
15854000 16638000
16185000 16295000
16272000 16052000
16563000 16379000
16026000 16810000
15690000 16652000
16471000 16397000
16478000 16316000
16742000 16705000
16380000 16218000
16084000 16622000
16400000 16652000
16142000 15900000
16626000 16514000
16716000 16299000
16270000 16991000
16279000 15969000
16828000 16452000
16416000 16007000
16159000 16348000
16579000 16484000
16074000 15957000
16296000 16831000
16325000 15973000
16479000 16697000
16872000 16557000
15605000 16139000
16304000 16316000
15879000 16285000
15934000 16318000
15698000 16553000
16195000 16516000
16446000 15935000
16254000 16532000
16708000 16322000
16620000 15855000
16300000 15876000
16260000 15649000
16314000 16754000
16251000 16300000
16273000 15912000
16447000 16385000
15860000 16682000
16799000 15896000
16438000 15740000
16980000 16225000
15922000 16356000
16276000 16484000
16123000 16861000
16171000 16306000
16410000 16309000
16082000 16734000
15767000 16773000
16589000 16716000
16877000 16114000
16646000 16372000
16044000 16255000
16547000 16783000
16279000 16266000
16393000 16224000
16064000 16382000
16416000 16646000
16145000 15818000
16729000 16025000
16558000 15847000
16149000 16114000
16432000 16310000
16473000 16268000
16227000 16321000
16041000 16469000
16846000 16767000
16242000 16233000
16125000 16197000
16518000 16382000
16065000 16549000
15886000 16647000
15909000 16583000
15894000 16290000
16074000 16535000
16956000 15400000
16325000 16286000
15966000 16379000
16538000 16117000
15900000 16137000
16004000 16322000
16212000 16379000
16220000 16584000
16211000 16541000
15956000 16116000
16082000 16480000
16230000 16708000
16187000 16532000
15974000 16157000
16417000 15899000
16273000 16529000
16310000 15974000
16423000 16331000
16557000 15576000
16397000 15565000
16779000 15810000
16512000 16666000
16480000 16223000
16445000 16227000
16586000 16309000
16596000 16712000
16314000 16388000
16237000 16712000
16593000 16266000
16396000 16088000
15946000 16467000
16713000 16247000
16119000 16455000
16351000 15880000
16352000 16149000
16172000 16104000
16141000 16694000
16324000 16798000
16229000 16285000
16390000 16757000
16199000 16195000
15960000 16400000
16024000 16739000
16484000 16366000
16236000 15909000
16070000 16323000
16007000 16290000
16168000 15914000
16436000 16204000
15638000 16223000
16577000 16216000
16328000 16502000
16445000 16212000
16727000 16620000
16470000 16353000
16448000 16600000
16387000 16250000
16004000 16207000
16538000 15946000
16120000 16310000
16393000 16520000
16360000 15735000
15859000 16344000
16173000 15926000
16443000 16297000
16179000 16262000
16707000 16668000
16199000 16145000
16055000 16346000
16349000 16622000
16459000 16323000
16469000 15861000
15666000 16659000
16191000 16709000
16334000 16285000
16690000 16290000
16504000 16312000
16458000 16370000
16465000 16483000
15690000 16593000
16841000 16142000
16609000 16226000
16598000 16054000
16051000 16455000
15876000 16583000
16627000 16853000
16479000 16458000
15800000 16461000
16269000 16007000
16200000 15917000
16456000 16085000
16200000 16234000
15992000 16400000
16362000 16707000
16651000 16573000
16447000 16314000
16153000 16109000
16177000 16291000
15823000 15938000
16152000 16220000
16114000 15853000
16345000 16282000
16551000 16378000
16532000 16265000
16132000 16613000
16402000 16586000
16326000 16396000
16559000 15969000
16810000 16367000
16122000 16343000
16135000 16597000
16211000 16079000
16359000 15755000
16407000 16999000
16559000 16091000
16505000 16502000
16228000 16346000
15850000 16950000
16078000 16886000
16442000 16526000
16269000 16312000
16188000 17004000
15924000 16783000
15953000 16049000
16438000 16238000
16765000 16501000
16185000 16526000
16441000 16265000
16238000 16396000
16760000 16337000
16540000 16328000
16580000 16009000
16481000 16147000
16165000 16751000
16153000 16489000
16793000 15930000
16870000 16535000
16625000 16713000
16129000 16112000
16353000 16517000
16349000 16604000
15882000 16414000
16696000 16321000
16189000 16389000
16708000 16329000
16125000 16386000
16470000 16228000
16111000 16008000
16335000 16666000
16471000 16046000
16134000 16821000
16299000 16217000
16197000 15575000
16469000 16449000
16331000 16742000
16113000 16584000
16196000 16890000
16885000 16189000
16590000 16608000
15742000 16297000
16319000 16037000
16311000 16398000
16238000 16364000
16146000 16623000
16528000 16399000
16352000 16794000
15668000 16455000
16462000 16102000
16811000 16264000
16325000 16222000
16518000 16311000
16734000 16440000
16962000 16676000
16468000 16126000
16481000 15977000
15937000 16625000
16382000 16293000
16255000 16154000
15987000 16232000
16347000 16150000
16283000 15838000
16899000 16332000
16666000 16560000
16489000 16357000
16937000 16491000
16358000 16034000
16344000 15977000
16334000 16377000
16562000 15731000
16655000 16274000
16161000 16036000
16010000 16569000
16245000 16004000
16097000 16569000
16373000 15925000
15912000 16966000
16548000 16316000
16247000 16714000
16759000 16565000
16301000 16517000
16354000 16205000
16442000 15694000
16691000 16577000
15612000 16535000
16276000 16554000
16400000 16221000
16452000 16245000
15924000 16783000
17118000 16194000
16309000 16323000
16067000 16598000
16351000 16205000
15956000 16080000
15961000 16507000
16650000 16282000
15843000 16246000
16332000 16599000
16166000 15920000
16011000 16483000
15982000 16327000
16183000 16519000
16241000 16144000
16452000 16277000
16406000 16732000
16150000 16657000
16424000 16162000
16469000 16201000
15926000 16535000
16441000 16561000
16232000 15958000
16533000 16481000
16209000 16564000
16015000 16451000
16160000 15983000
16262000 16520000
16377000 15672000
16581000 16462000
15884000 16291000
15866000 16160000
16396000 16362000
16413000 16523000
16298000 16158000
15909000 16224000
16190000 16684000
16124000 16520000
16534000 15766000
15456000 16990000
16563000 16307000
15938000 15982000
16426000 16204000
16656000 16387000
16153000 16236000
16238000 15442000
16106000 16175000
16080000 16390000
15328000 16757000
16461000 16766000
17179000 16623000
16100000 16520000
16272000 15999000
16344000 16467000
16396000 16229000
16575000 16174000
16321000 16671000
16478000 16593000
16108000 16230000
16143000 16820000
16363000 16814000
16602000 16175000
16396000 16498000
16361000 16534000
15849000 16015000
16247000 16026000
16053000 16292000
16260000 16180000
16548000 16482000
16696000 16306000
16441000 16065000
16139000 16676000
15511000 16860000
15888000 16517000
16047000 15911000
16396000 16124000
16492000 16696000
16584000 16531000
16457000 16253000
16232000 16297000
16276000 16542000
16222000 16661000
16563000 16515000
16253000 16920000
16480000 16121000
15810000 16359000
16326000 16499000
16564000 16544000
16475000 16708000
16336000 15522000
16567000 16416000
16133000 16259000
16013000 16594000
16012000 16132000
16358000 15962000
15884000 16532000
16103000 16330000
16298000 16255000
15867000 16070000
16005000 16246000
16038000 16142000
16025000 17191000
16193000 15933000
16390000 15793000
16312000 16375000
16050000 16147000
16451000 16289000
16096000 16322000
16483000 16776000
16499000 16768000
15996000 16365000
16024000 16778000
16252000 16370000
16158000 16528000
16459000 16323000
16743000 16616000
16397000 16499000
16697000 16030000
16426000 16666000
16581000 16227000
16481000 16055000
16540000 15430000
16280000 16172000
16105000 16617000
16390000 16274000
16290000 16676000
16655000 16565000
16209000 16218000
16642000 16643000
16092000 16595000
15826000 16195000
16598000 16617000
16480000 16501000
16273000 16550000
16063000 16244000
16576000 16202000
16290000 15842000
16377000 16310000
15985000 16695000
16531000 16651000
16358000 16200000
16327000 16407000
16581000 15968000
16247000 16537000
16238000 16306000
16551000 16706000
16027000 16825000
16489000 16322000
16396000 16291000
16441000 16016000
15848000 16322000
16472000 16263000
16213000 16124000
16088000 16013000
16089000 15945000
16358000 16440000
15779000 16581000
16248000 16746000
15973000 16659000
16089000 16619000
16518000 16060000
16627000 17087000
16919000 16338000
16594000 16075000
16200000 16518000
16360000 16174000
16351000 16265000
16419000 16659000
16256000 16171000
16326000 16282000
16214000 16585000
16655000 16427000
15975000 16153000
15801000 16501000
16415000 16449000
16397000 16419000
16180000 16328000
16366000 16595000
15787000 16295000
16582000 16334000
16084000 16335000
16074000 16110000
16459000 16510000
16607000 16525000
16759000 16332000
16423000 15878000
16025000 16293000
16210000 16221000
15879000 16853000
16141000 15944000
16185000 16233000
16646000 16090000
16260000 16214000
16025000 16528000
16561000 15931000
16219000 15988000
16036000 16994000
16032000 16611000
16358000 15835000
15910000 16680000
16066000 15684000
16577000 16001000
16266000 16940000
16377000 16105000
16736000 15685000
16265000 16046000
16612000 16666000
16384000 16337000
15770000 15921000
16226000 16141000
15996000 16091000
16361000 16663000
16280000 16360000
16156000 16406000
16286000 17154000
16426000 15838000
16308000 16310000
16582000 16022000
16266000 16326000
16222000 16435000
16728000 15588000
15777000 16420000
16438000 16147000
16470000 15807000
16603000 16205000
16246000 16534000
15850000 16497000
16452000 16423000
16446000 16145000
15947000 16737000
15927000 15913000
16195000 15883000
16344000 15750000
16414000 16704000
16345000 16329000
16147000 16219000
15969000 16033000
16320000 16281000
16888000 15882000
16603000 16056000
16159000 16267000
16398000 16407000
16269000 16669000
16255000 16193000
16558000 16374000
16332000 16270000
16556000 16006000
16269000 16344000
16228000 16484000
15989000 16581000
15909000 16520000
16272000 16158000
16046000 15755000
16214000 16282000
16671000 16018000
16377000 16321000
16702000 16233000
16010000 16441000
16471000 16058000
16607000 16210000
16148000 16369000
16446000 15840000
16352000 16004000
15964000 16410000
16441000 16162000
16507000 15919000
16354000 17029000
16288000 16965000
16362000 16550000
15820000 16358000
16165000 16073000
16025000 16631000
16230000 16095000
16560000 16739000
16572000 16203000
16661000 15966000
15623000 16091000
16202000 16728000
16568000 16108000
16162000 16343000
16106000 16257000
15904000 16383000
16116000 16345000
16700000 16370000
16556000 16097000
16975000 16398000
16470000 16034000
16582000 16244000
16394000 16751000
15998000 16042000
16473000 16397000
16575000 16505000
16048000 16452000
15817000 16729000
16342000 16798000
16758000 15651000
15604000 16233000
16692000 16385000
16615000 16273000
16233000 16466000
16010000 16984000
16119000 16392000
16010000 16390000
16473000 16629000
16128000 16213000
15522000 16484000
16286000 16280000
16590000 15932000
16011000 16557000
16285000 16391000
16306000 16295000
16177000 16633000
16397000 16051000
16706000 16455000
16614000 16862000
16347000 16280000
16201000 15924000
15968000 16523000
16149000 16364000
16351000 16539000
16610000 16388000
16227000 16710000
16300000 16037000
16104000 15841000
16633000 16676000
16634000 16863000
16155000 16477000
15739000 16223000
16462000 16480000
16066000 16294000
16684000 16195000
16597000 16169000
16276000 16882000
16664000 16312000
16346000 16048000
16194000 16410000
15920000 16233000
15852000 15888000
16687000 16244000
16215000 16467000
16104000 16655000
16071000 15957000
16015000 16310000
16180000 16454000
15991000 16498000
15957000 15891000
16310000 16537000
16456000 15997000
16133000 16510000
15887000 15965000
16316000 16318000
16385000 16558000
16259000 16025000
16609000 16110000
16711000 16499000
16417000 16431000
16036000 16592000
16559000 16191000
16570000 15878000
15768000 15881000
15816000 16884000
16206000 16551000
16929000 16048000
16251000 16920000
16531000 16708000
16184000 16230000
16836000 16244000
16804000 16408000
16402000 16562000
16273000 15920000
16070000 16520000
16164000 16615000
16368000 16593000
15921000 16920000
16351000 16159000
16153000 16172000
16361000 16211000
15987000 16593000
16416000 16287000
16722000 16319000
16670000 16265000
16322000 15955000
15948000 16079000
16538000 16243000
16440000 16418000
16201000 16046000
16358000 16233000
16366000 16707000
15948000 16221000
16003000 16017000
16751000 16170000
16199000 16536000
16256000 16030000
16690000 16339000
15992000 16252000
16592000 16372000
16436000 16758000
16578000 16821000
15877000 16781000
16460000 15774000
16133000 16296000
16109000 16250000
15978000 16136000
16550000 16365000
16168000 16223000
16445000 15988000
16514000 16680000
16037000 16593000
16444000 16180000
15970000 15987000
16588000 16562000
16026000 16255000
16331000 16282000
16340000 16535000
15949000 16209000
15399000 16762000
16551000 16667000
16115000 16133000
15797000 16124000
16567000 16543000
16177000 16849000
15814000 16367000
15900000 16020000
16435000 16058000
16255000 16041000
16375000 15964000
15625000 16801000
16430000 16246000
15982000 16659000
16478000 16293000
16434000 16883000
16743000 16449000
16532000 16463000
16036000 16697000
16296000 16246000
16408000 16751000
16309000 16687000
16310000 16516000
16272000 16169000
16087000 15883000
16057000 16026000
15741000 16742000
16360000 15667000
16647000 16062000
16221000 16535000
15690000 16643000
16246000 16549000
15910000 16612000
16134000 16343000
16528000 16486000
15865000 16030000
16494000 16674000
16252000 16736000
15985000 15861000
16360000 16176000
16370000 16515000
16010000 16246000
16003000 16498000
16528000 16372000
15669000 16713000
16648000 16421000
16575000 16224000
16303000 16477000
16167000 16364000
16081000 16740000
16242000 16339000
16043000 16454000
15945000 16665000
16419000 16305000
16446000 16217000
16576000 16095000
16295000 15774000
16206000 16470000
16370000 16489000
16163000 16296000
16233000 16310000
16241000 15858000
16282000 16211000
16232000 16302000
16246000 16028000
16570000 17025000
16034000 16147000
16354000 15916000
16435000 16306000
16802000 16534000
16409000 16455000
16709000 16279000
16085000 16346000
16405000 16002000
16734000 16210000
15756000 16467000
16224000 16064000
16106000 15744000
15985000 15940000
16558000 16260000
15792000 16659000
16502000 16525000
16374000 15935000
15714000 16450000
16192000 16856000
16037000 16378000
16224000 16088000
15948000 16310000
16534000 15780000
16290000 16180000
16038000 16177000
16381000 16484000
16282000 16107000
16399000 16146000
16096000 16801000
16694000 16273000
15912000 16142000
15908000 16709000
16190000 16287000
16235000 15907000
16488000 16653000
16582000 16032000
16550000 16129000
16230000 16011000
16464000 16772000
16544000 16403000
16692000 16271000
16230000 16210000
16116000 16323000
16208000 16545000
16646000 16517000
16528000 15752000
15843000 16317000
16323000 16405000
16123000 16245000
16286000 16340000
16188000 17000000
16615000 16415000
16534000 16319000
16592000 16172000
16024000 16158000
16132000 16615000
16185000 16668000
16220000 16035000
16651000 16164000
15911000 16367000
16534000 16363000
16245000 16334000
16393000 16234000
16193000 16232000
16568000 16352000
15700000 16511000
16365000 16353000
16341000 15844000
16079000 16254000
16581000 16029000
16645000 16723000
16607000 16479000
16462000 16025000
16540000 16139000
16534000 16315000
16448000 16429000
16600000 16286000
15961000 16182000
15848000 16501000
16253000 16255000
16472000 16189000
16290000 16536000
16301000 16565000
15722000 16115000
15970000 16083000
15880000 16653000
16317000 16266000
16271000 16190000
15907000 15894000
16078000 16499000
15972000 16149000
16133000 16046000
15907000 16739000
16519000 16469000
16355000 16492000
16102000 16497000
16540000 15933000
16538000 16114000
16690000 16285000
15820000 16228000
16935000 16172000
16047000 16683000
16278000 16061000
16365000 16032000
16342000 16052000
16063000 16092000
16812000 15905000
16266000 16442000
17001000 16671000
16226000 15793000
16123000 16449000
16219000 16542000
16812000 16333000
16205000 16313000
16558000 16710000
16075000 16195000
16336000 16285000
16110000 16115000
16077000 16732000
16306000 16402000
16836000 16215000
15972000 16794000
16339000 16327000
16055000 15699000
16211000 16206000
16737000 16599000
16468000 16046000
16040000 16536000
16575000 16923000
16312000 16784000
16635000 16485000
16168000 16501000
16574000 16360000
15815000 16219000
16595000 15810000
16583000 16594000
16445000 16103000
16054000 16583000
16524000 16891000
16303000 16213000
15983000 16208000
16578000 16521000
15961000 16484000
16427000 15968000
16533000 16037000
16295000 16135000
16658000 16396000
16296000 16731000
16445000 17201000
15768000 16343000
16633000 16344000
15949000 16420000
16536000 16385000
16017000 16425000
16103000 16423000
16332000 16549000
16523000 16401000
16191000 16096000
16637000 16084000
16201000 16311000
16459000 16309000
16057000 16530000
16343000 15959000
16759000 16576000
16278000 15980000
16632000 16678000
16266000 16455000
16773000 15694000
16560000 16239000
16324000 16356000
15944000 16735000
16708000 15938000
16649000 15962000
16660000 15926000
16393000 16137000
16317000 15984000
16142000 16593000
16441000 16353000
16495000 16285000
16231000 16184000
16470000 16334000
16663000 15979000
16087000 16641000
15928000 16516000
15555000 16183000
16664000 16210000
15987000 16827000
16496000 16257000
16207000 16219000
16582000 16386000
16734000 16240000
16385000 16037000
16360000 15958000
16593000 16254000
16636000 16296000
16562000 15614000
16268000 16668000
16076000 17347000
16678000 16569000
16510000 15926000
16373000 16270000
16275000 16227000
16118000 16241000
16473000 16157000
15590000 16691000
16334000 16174000
16446000 16370000
16192000 16913000
16512000 16697000
16648000 16461000
15918000 16137000
15750000 16525000
16443000 16083000
16430000 16345000
16572000 16530000
16561000 15855000
16585000 16852000
16474000 15969000
16329000 16507000
16366000 15613000
16879000 15956000
16277000 16509000
16366000 16783000
16325000 16216000
16183000 16122000
16616000 16372000
16631000 16202000
16449000 16448000
16763000 16332000
16177000 16220000
15589000 16344000
16163000 16108000
16787000 16377000
16557000 16520000
16193000 16053000
16762000 15351000
16743000 16269000
16572000 16533000
16180000 16297000
16209000 16325000
16002000 15954000
16489000 16496000
16663000 16027000
16207000 16217000
16592000 16258000
16494000 16128000
16197000 15533000
16141000 16614000
16393000 16362000
16576000 16539000
16086000 16042000
16008000 16223000
16195000 16434000
16222000 15726000
16672000 16084000
16449000 16011000
16423000 16037000
16551000 16297000
16511000 16013000
16660000 16036000
16288000 16147000
16120000 16768000
16095000 16477000
17026000 16466000
16259000 15881000
15983000 16493000
15894000 16523000
16582000 15951000
16309000 16049000
16140000 16194000
15926000 16666000
15921000 16187000
16307000 16458000
16022000 16575000
16229000 16707000
16340000 16397000
16709000 16295000
15964000 16455000
16223000 16205000
16188000 16390000
16509000 16445000
15617000 16130000
16250000 16345000
16212000 16797000
16361000 15928000
16110000 16126000
16181000 16449000
15881000 16150000
16128000 16828000
16242000 16707000
16587000 15920000
16251000 16311000
16130000 16364000
15683000 16232000
16570000 16695000
16734000 16421000
16133000 16313000
16330000 15882000
16397000 16162000
16079000 16017000
16203000 16321000
16053000 16411000
16266000 16298000
16269000 15982000
16318000 16345000
16906000 16450000
16150000 16443000
16324000 16668000
16224000 15893000
16214000 16346000
16211000 16666000
16324000 16470000
16373000 16393000
16405000 16542000
16623000 16432000
16252000 16065000
16214000 16465000
16831000 16573000
16227000 16056000
16580000 16677000
16555000 16540000
15992000 16764000
16361000 16286000
16274000 16037000
16097000 16170000
16584000 16493000
15823000 16062000
15960000 16356000
16751000 15706000
16158000 15738000
16133000 16472000
16650000 16739000
15953000 16092000
16400000 16735000
16500000 16231000
16384000 16728000
16234000 16158000
16335000 16343000
16155000 16585000
16683000 16433000
15844000 16807000
16696000 16282000
16207000 16853000
16875000 15872000
16020000 15903000
16373000 16022000
16344000 16474000
16553000 15955000
16074000 16246000
16479000 15997000
16120000 15976000
16027000 16053000
16823000 16282000
15937000 16768000
16237000 16400000
15906000 16395000
16353000 16669000
16139000 16277000
15769000 16460000
16236000 16461000
16556000 16668000
16140000 16501000
16138000 16083000
16582000 15923000
16529000 16767000
15877000 16470000
16149000 16360000
16372000 16333000
16603000 15935000
16524000 16467000
16490000 16532000
16374000 16140000
16615000 16204000
16447000 16253000
15896000 16255000
16532000 16126000
16648000 16153000
16346000 16700000
16524000 16395000
16632000 16177000
15791000 16762000
16579000 16185000
16406000 15929000
16325000 15800000
16597000 16260000
15775000 16455000
16580000 16336000
15968000 16641000
16548000 16288000
15987000 16192000
16339000 16540000
16299000 16310000
16200000 17109000
16652000 15952000
16273000 16666000
15747000 16244000
15896000 16388000
16359000 16380000
16176000 16518000
16566000 16415000
16174000 16133000
16008000 17171000
16358000 16420000
15810000 15867000
16559000 15971000
16429000 16668000
15800000 15749000
16079000 16584000
16610000 16287000
16793000 16111000
16095000 16355000
15893000 15737000
17114000 15859000
16663000 15942000
15525000 16107000
16342000 16593000
16256000 16683000
16224000 16047000
16360000 16288000
15975000 16193000
16340000 16063000
16446000 16182000
16208000 16183000
16096000 16277000
15873000 16314000
16305000 16379000
16889000 16843000
16276000 16553000
16494000 16577000
15760000 15787000
16264000 16852000
16014000 15879000
16631000 16498000
16389000 16453000
16597000 16204000
16220000 16082000
16090000 16091000
16486000 16105000
16479000 16580000
16503000 16505000
16660000 16282000
16155000 16265000
16970000 16196000
15958000 15762000
16557000 16400000
16788000 16185000
16590000 16199000
16263000 15640000
16441000 16172000
15922000 16146000
16551000 16335000
16310000 16018000
16615000 15969000
16114000 16498000
16150000 16480000
16369000 16355000
16581000 15611000
16059000 16169000
16411000 16324000
16839000 16537000
16820000 16626000
16135000 16207000
16405000 16259000
16458000 16272000
15941000 16627000
15820000 16594000
16477000 16585000
15951000 16343000
15568000 16812000
16118000 16437000
16317000 16310000
16413000 16370000
16307000 16271000
15950000 16488000
16552000 16415000
16592000 16234000
16500000 16550000
16080000 16307000
15704000 16650000
16229000 16364000
15815000 16278000
16774000 16358000
16306000 16311000
16134000 16355000
15784000 16642000
16397000 15996000
16446000 16195000
16229000 16455000
16209000 16400000
16252000 16702000
16278000 16215000
16128000 16444000
16209000 16255000
16462000 16542000
16256000 16286000
16557000 15837000
16042000 16983000
16107000 16441000
16284000 16289000
16282000 16008000
16173000 16280000
15929000 15582000
16009000 16751000
16113000 16393000
16065000 15730000
16255000 16323000
16374000 16643000
16246000 15659000
16438000 16507000
16397000 16093000
16255000 16021000
16551000 16539000
15929000 16051000
16187000 16593000
16075000 16852000
16198000 16299000
16521000 16300000
16458000 16425000
16139000 16259000
16153000 16666000
16523000 16574000
15866000 16294000
16562000 16547000
16376000 16004000
16748000 16362000
16364000 16189000
16318000 16535000
16471000 16241000
16509000 16194000
15947000 16304000
16459000 16086000
15496000 16569000
15953000 16323000
15911000 16338000
15692000 16643000
15998000 16244000
16393000 16207000
15879000 16137000
16193000 15875000
16534000 16090000
15655000 16481000
16296000 16488000
16168000 16810000
16009000 15968000
16191000 16845000
16124000 16107000
16544000 16084000
15862000 16345000
16673000 16509000
16455000 16476000
16457000 16178000
16277000 16021000
16192000 15632000
16787000 15871000
16184000 15954000
16047000 16465000
16011000 16407000
16378000 16327000
16607000 16543000
16374000 16263000
16377000 16218000
16758000 15989000
16487000 15900000
16768000 16553000
16330000 16278000
16360000 16269000
15936000 15960000
16102000 16695000
16503000 16446000
16498000 16563000
16273000 16423000
15988000 16412000
16463000 16797000
15993000 16162000
16972000 15952000
16648000 16397000
16282000 16659000
16505000 16095000
16460000 16316000
16369000 16523000
15932000 16262000
15846000 16195000
16396000 16035000
16556000 16552000
16241000 15886000
16361000 16041000
16457000 16078000
16306000 16794000
16074000 16224000
16325000 16370000
16438000 15809000
16426000 15664000
16476000 15787000
15546000 16966000
16356000 16000000
16766000 15948000
16311000 16520000
16584000 16695000
16291000 16149000
16486000 16273000
16069000 16784000
16001000 15648000
16078000 16405000
16360000 16194000
16103000 16176000
16576000 15794000
16661000 16067000
16556000 16650000
15730000 16257000
16273000 16170000
16479000 16320000
16457000 16196000
16556000 15723000
16379000 16061000
16574000 16206000
16017000 16497000
16511000 16403000
16396000 16288000
15880000 16210000
16497000 16093000
16719000 16207000
16812000 15731000
16253000 16678000
16456000 16580000
15787000 17062000
16516000 16445000
16540000 16231000
16478000 16557000
16605000 16488000
16368000 16666000
16260000 16193000
16281000 16453000
16221000 16442000
16323000 16668000
15857000 16139000
16497000 16334000
16738000 16202000
16689000 15581000
16356000 16006000
16315000 16318000
16528000 16343000
16220000 16118000
16206000 16256000
16374000 16036000
16405000 16534000
15943000 16310000
15850000 16624000
16188000 16168000
16257000 16541000
16136000 16373000
16473000 16201000
16212000 15998000
16772000 15647000
16447000 15785000
16361000 16040000
15901000 16610000
16032000 16243000
15891000 16084000
16100000 16530000
16089000 16147000
16668000 16619000
16347000 15924000
15937000 16505000
16445000 16225000
15866000 15936000
15948000 16531000
16561000 16569000
16447000 16303000
16602000 16165000
16847000 16301000
16410000 16040000
15611000 16488000
16509000 16284000
16392000 16877000
15975000 16727000
16216000 16676000
16196000 16667000
16254000 15954000
16373000 16885000
15655000 17052000
16201000 15975000
16384000 16281000
15877000 16224000
16173000 15946000
16581000 15760000
16068000 16559000
15684000 16345000
16213000 16569000
16306000 16105000
16094000 16441000
16508000 16659000
16496000 16116000
15774000 16118000
16331000 16685000
16215000 16624000
16438000 16243000
16047000 16215000
15554000 16781000
15830000 16508000
16515000 16200000
16380000 16324000
16276000 16449000
16474000 16201000
15848000 16304000
15807000 16277000
16258000 16477000
16315000 16200000
16608000 16321000
15560000 16213000
16351000 15792000
16080000 16687000
16009000 16225000
15625000 16521000
15676000 16297000
16358000 16366000
16486000 16055000
16495000 16501000
16443000 16155000
16812000 16204000
16538000 16359000
16083000 16449000
16534000 16481000
16397000 16104000
16395000 16407000
16337000 16109000
15847000 16513000
16412000 16004000
16279000 16569000
16074000 16434000
15600000 16079000
16528000 15890000
16660000 16365000
16377000 15861000
16709000 16160000
16681000 15511000
16253000 16118000
16332000 16556000
16628000 16481000
16482000 15448000
16302000 16085000
16136000 16223000
16073000 16643000
16465000 16345000
16203000 16299000
16285000 16294000
16697000 15845000
16377000 16271000
15953000 16103000
16041000 16319000
15936000 16489000
16078000 16294000
16558000 16057000
16517000 16714000
16724000 16376000
16538000 16150000
16683000 16477000
16387000 16076000
16274000 16074000
16185000 16240000
16384000 16145000
16550000 15872000
16468000 16356000
16383000 16221000
16443000 16233000
16562000 16472000
16178000 16606000
16327000 16382000
16388000 16494000
16298000 16414000
16325000 16122000
16785000 16406000
16195000 16530000
16099000 16362000
16185000 16123000
16622000 16219000
16548000 16076000
16220000 16079000
16135000 16593000
16741000 16597000
15775000 16711000
16395000 16025000
16305000 15800000
16205000 16400000
16834000 15660000
15765000 16344000
16725000 16368000
16141000 16496000
16090000 16012000
16234000 16107000
16434000 16425000
16360000 15863000
16540000 16178000
16068000 16428000
16252000 16531000
16398000 16118000
16301000 16478000
16216000 16129000
16228000 16092000
16623000 16001000
16021000 16260000
16264000 16306000
16697000 16653000
16254000 16483000
16031000 16361000
16380000 16130000
16138000 16225000
15715000 16050000
15891000 16396000
16342000 16184000
16255000 16853000
15447000 16295000
16478000 16448000
16323000 16500000
16360000 16710000
16655000 16582000
16639000 15977000
16191000 16950000
16578000 16416000
16338000 16709000
16415000 16137000
16575000 16449000
16156000 16241000
16731000 16119000
16035000 16446000
16348000 16771000
16539000 16268000
16171000 16520000
16280000 16623000
15996000 16318000
15931000 16394000
16528000 16214000
16666000 16638000
16525000 16501000
16592000 16438000
16183000 16191000
16379000 16486000
16446000 15856000
16715000 16481000
16663000 16155000
15965000 16533000
16160000 16216000
16297000 16043000
15917000 16710000
16221000 15668000
16626000 16665000
16121000 16571000
16123000 16577000
16324000 16580000
15777000 16749000
15981000 16036000
16134000 16233000
16385000 16358000
16216000 15957000
16230000 16365000
16182000 16170000
16423000 16520000
16373000 16167000
16469000 16881000
15817000 16300000
16385000 15749000
15719000 16168000
16336000 16092000
15972000 16741000
16308000 16043000
16391000 16325000
16576000 16374000
16462000 16413000
16673000 16472000
16765000 16607000
16100000 16297000
16487000 16121000
16781000 16161000
16647000 15841000
16183000 16667000
16362000 16156000
16474000 16513000
16860000 16344000
16442000 16043000
16435000 16069000
16458000 16245000
16102000 16527000
16708000 16216000
16341000 16654000
17064000 16391000
16279000 16310000
16341000 16362000
16683000 16205000
16782000 16635000
16481000 15942000
16127000 15904000
16501000 16397000
16711000 16089000
15850000 16379000
16136000 16622000
16407000 16573000
15898000 16077000
16580000 16488000
16414000 16196000
16749000 16073000
16514000 16125000
16353000 16501000
16501000 16584000
16762000 16030000
16097000 16105000
16509000 16372000
16290000 16019000
16065000 16220000
15898000 15879000
16456000 16499000
16452000 16137000
16257000 16130000
15666000 16537000
16593000 16361000
16660000 16186000
16251000 16104000
16880000 16089000
16185000 16483000
16510000 16371000
16411000 15866000
16251000 16547000
16410000 16077000
16070000 16253000
16191000 16303000
16600000 16458000
16505000 16780000
16056000 16521000
16233000 16375000
16096000 16326000
16130000 16113000
15856000 16246000
15668000 16232000
16211000 16514000
16728000 15927000
16535000 16549000
16481000 16182000
16575000 16320000
15615000 16776000
16533000 16230000
16312000 16659000
16420000 16309000
16042000 16202000
15811000 16684000
16011000 15944000
15662000 16364000
16219000 16407000
16205000 15980000
16139000 16514000
16305000 16149000
16607000 16130000
16285000 16695000
16241000 16676000
16511000 16042000
16186000 16735000
16321000 15939000
16458000 16131000
16454000 15822000
16581000 16495000
16358000 15711000
16078000 16310000
16534000 15996000
16438000 16025000
16237000 16516000
16309000 16067000
16246000 16122000
15870000 17042000
16437000 16766000
16024000 16556000
16151000 16498000
16335000 16390000
16362000 16816000
16719000 16283000
16377000 16045000
16967000 16610000
16213000 16425000
16398000 16632000
15982000 16489000
16387000 16241000
16133000 16530000
16394000 15876000
16518000 15832000
16469000 16261000
15897000 16495000
15993000 16622000
16812000 16532000
16251000 16054000
16271000 16443000
16164000 16165000
16580000 15828000
16649000 15646000
16273000 16022000
16158000 16095000
16229000 15817000
16070000 16668000
16473000 16352000
16577000 16178000
16397000 16293000
16360000 16291000
16430000 16281000
15786000 16363000
16520000 15952000
16806000 15658000
16275000 16507000
16384000 15487000
16650000 16542000
15906000 16294000
16551000 16524000
16548000 16265000
16359000 16491000
15948000 16126000
15802000 16443000
16435000 16241000
16540000 16288000
16432000 15966000
16088000 16518000
15817000 16635000
16300000 16584000
16162000 16310000
15570000 16923000
16528000 16520000
15583000 16735000
16556000 16221000
16738000 16344000
16359000 16148000
16086000 16353000
16576000 16315000
16181000 16291000
16784000 16271000
16473000 16204000
16717000 15902000
16140000 16244000
16507000 16778000
16294000 16896000
16452000 16029000
16355000 15952000
16388000 16317000
16026000 16004000
16338000 16345000
16259000 16212000
16539000 16331000
16202000 15811000
16816000 16410000
16293000 16481000
16179000 16740000
16356000 15893000
16644000 15956000
16424000 16518000
16590000 16559000
16478000 16193000
16416000 16037000
16405000 16540000
16179000 15957000
16463000 16291000
15836000 15870000
16354000 16400000
16240000 16134000
16492000 16609000
16324000 15903000
15907000 16259000
16643000 16075000
16792000 16413000
16327000 16313000
15976000 16455000
16117000 16203000
16044000 16483000
16027000 16763000
16342000 16355000
15764000 15928000
16483000 15968000
16548000 16513000
16609000 17044000
15764000 16352000
16206000 16561000
17074000 16373000
16481000 16381000
16438000 16221000
16410000 16369000
16499000 16491000
16363000 16570000
16450000 16086000
15973000 16569000
16406000 16502000
16795000 16565000
15683000 16531000
16175000 16450000
16481000 16390000
16781000 16012000
16213000 16299000
15890000 16505000
16508000 16265000
16726000 16269000
16461000 15733000
16182000 16160000
16098000 16845000
16003000 16247000
16442000 15909000
16607000 15795000
16396000 16348000
15854000 16310000
16527000 15805000
16059000 16037000
16301000 15828000
16176000 16682000
15882000 16640000
16438000 16366000
16567000 15979000
16445000 15931000
15945000 16091000
15977000 16530000
15797000 16249000
16729000 16535000
16456000 16403000
16063000 16482000
16380000 16275000
16384000 16114000
16576000 16037000
16619000 16685000
16182000 16509000
16088000 16131000
15984000 16593000
16706000 16095000
15967000 16511000
16171000 16524000
16397000 16299000
16008000 16564000
16305000 16282000
15726000 16241000
15847000 16049000
16229000 15914000
16578000 16605000
16049000 16049000
16396000 16350000
16210000 16301000
16533000 16308000
15748000 16046000
15758000 17089000
16361000 16307000
16671000 16484000
15705000 16709000
16223000 16724000
16421000 16495000
16232000 16189000
15847000 16400000
