101000 82000
53000 40000
116000 83000
57000 24000
37000 29000
80000 37000
91000 55000
134000 50000
59000 29000
42000 29000
72000 64000
73000 23000
35000 21000
73000 26000
103000 75000
76000 56000
66000 42000
66000 64000
47000 39000
39000 21000
123000 57000
91000 48000
67000 56000
110000 82000
58000 29000
62000 34000
45000 32000
75000 27000
45000 20000
74000 46000
71000 48000
45000 40000
14000 12000
22000 8000
85000 40000
85000 60000
119000 79000
58000 34000
32000 24000
57000 18000
95000 76000
42000 38000
41000 34000
86000 62000
73000 49000
52000 39000
80000 22000
73000 46000
85000 71000
42000 23000
131000 63000
54000 14000
67000 64000
68000 63000
113000 83000
64000 25000
88000 46000
91000 50000
125000 63000
62000 35000
112000 52000
92000 77000
61000 40000
8000 8000
85000 50000
84000 65000
95000 66000
106000 44000
28000 13000
80000 39000
77000 47000
74000 65000
82000 77000
109000 80000
99000 81000
80000 42000
9000 9000
17000 11000
114000 56000
74000 63000
67000 64000
40000 29000
26000 13000
58000 27000
90000 73000
80000 23000
16000 11000
78000 46000
55000 32000
24000 9000
88000 47000
79000 28000
67000 42000
48000 40000
92000 54000
88000 70000
19000 11000
123000 53000
5000 5000
58000 44000
105000 52000
75000 39000
21000 4000
33000 8000
78000 47000
73000 22000
24000 19000
42000 12000
122000 80000
74000 54000
80000 24000
56000 55000
6000 5000
73000 28000
58000 40000
66000 50000
123000 55000
80000 38000
119000 52000
104000 70000
103000 77000
27000 6000
90000 46000
75000 22000
108000 48000
1000 1000
57000 32000
78000 41000
62000 42000
54000 29000
56000 54000
58000 58000
66000 65000
51000 32000
46000 22000
88000 56000
75000 34000
79000 77000
53000 40000
116000 75000
101000 77000
105000 48000
91000 43000
27000 15000
11000 10000
130000 69000
78000 51000
78000 53000
80000 37000
7000 5000
45000 25000
73000 64000
143000 76000
33000 24000
28000 19000
74000 40000
21000 14000
54000 42000
73000 62000
99000 83000
110000 77000
131000 63000
75000 29000
43000 21000
50000 29000
4000 4000
63000 59000
62000 40000
79000 51000
44000 29000
100000 67000
95000 50000
88000 77000
70000 40000
65000 47000
84000 46000
119000 77000
113000 84000
116000 60000
38000 29000
97000 69000
97000 77000
73000 32000
64000 56000
34000 22000
34000 14000
129000 65000
71000 61000
86000 67000
5000 6000
146000 68000
94000 66000
84000 76000
73000 25000
117000 84000
93000 76000
90000 64000
102000 80000
38000 16000
80000 22000
130000 61000
72000 65000
26000 23000
37000 22000
80000 25000
69000 22000
83000 70000
118000 55000
95000 64000
105000 81000
34000 23000
117000 70000
131000 56000
33000 23000
57000 36000
59000 34000
69000 64000
27000 5000
77000 70000
73000 20000
113000 54000
120000 72000
31000 15000
89000 46000
63000 44000
54000 39000
80000 75000
100000 82000
11000 12000
57000 35000
100000 76000
29000 11000
96000 54000
68000 40000
49000 33000
82000 67000
122000 82000
94000 45000
75000 63000
104000 73000
23000 14000
16000 5000
80000 42000
106000 59000
80000 25000
9000 9000
43000 19000
33000 28000
121000 78000
131000 51000
69000 40000
89000 78000
115000 59000
36000 23000
71000 56000
70000 21000
76000 64000
106000 72000
48000 38000
79000 47000
89000 46000
104000 48000
133000 71000
24000 8000
98000 80000
113000 57000
79000 45000
113000 48000
128000 65000
78000 33000
32000 4000
119000 75000
141000 54000
31000 4000
103000 71000
78000 64000
121000 53000
104000 83000
39000 24000
42000 29000
77000 43000
89000 68000
57000 21000
33000 13000
9000 8000
65000 63000
30000 17000
47000 20000
17000 12000
32000 9000
33000 12000
58000 62000
81000 77000
121000 80000
79000 54000
113000 45000
86000 70000
105000 53000
83000 46000
113000 61000
42000 26000
105000 51000
15000 6000
29000 24000
113000 49000
94000 69000
80000 57000
132000 82000
76000 64000
60000 53000
89000 49000
113000 83000
89000 54000
69000 38000
62000 42000
80000 34000
71000 62000
105000 52000
35000 23000
114000 80000
69000 42000
111000 81000
88000 39000
32000 22000
58000 30000
44000 28000
85000 56000
73000 21000
99000 42000
106000 48000
59000 28000
55000 21000
77000 70000
41000 37000
71000 32000
105000 65000
92000 77000
61000 32000
71000 63000
6000 6000
73000 52000
43000 21000
105000 71000
95000 71000
114000 61000
81000 66000
78000 43000
88000 43000
89000 50000
58000 40000
62000 63000
7000 5000
68000 25000
44000 29000
72000 42000
31000 10000
105000 59000
57000 33000
49000 21000
71000 44000
113000 69000
89000 57000
66000 46000
10000 3000
85000 44000
35000 29000
112000 56000
49000 38000
105000 52000
111000 80000
79000 43000
80000 40000
131000 69000
104000 78000
79000 43000
86000 75000
39000 12000
64000 37000
103000 79000
57000 29000
99000 75000
23000 15000
127000 64000
113000 51000
91000 65000
46000 27000
60000 56000
107000 80000
88000 66000
89000 56000
61000 40000
75000 46000
130000 84000
79000 62000
64000 40000
35000 21000
74000 35000
37000 29000
121000 71000
58000 22000
111000 58000
31000 11000
14000 9000
55000 29000
59000 30000
52000 39000
86000 65000
75000 54000
58000 24000
65000 44000
88000 78000
32000 24000
80000 43000
45000 33000
33000 28000
137000 79000
116000 47000
70000 46000
37000 29000
88000 40000
128000 69000
72000 20000
85000 61000
76000 66000
62000 34000
39000 29000
34000 18000
56000 62000
108000 77000
13000 4000
21000 13000
130000 74000
53000 30000
79000 31000
41000 38000
131000 51000
78000 69000
83000 76000
101000 77000
25000 21000
65000 31000
34000 15000
131000 62000
98000 77000
73000 35000
42000 32000
108000 80000
73000 55000
52000 21000
34000 18000
78000 49000
106000 49000
79000 43000
10000 12000
15000 12000
102000 77000
87000 65000
8000 4000
64000 46000
84000 64000
79000 54000
33000 4000
32000 18000
33000 16000
28000 12000
93000 73000
110000 57000
7000 7000
57000 62000
80000 40000
69000 45000
122000 58000
74000 63000
58000 22000
62000 58000
75000 64000
63000 44000
58000 26000
52000 24000
89000 48000
147000 51000
81000 71000
113000 56000
128000 81000
36000 28000
14000 10000
13000 3000
79000 46000
50000 39000
11000 12000
60000 40000
48000 30000
104000 70000
66000 40000
105000 61000
85000 45000
45000 26000
28000 24000
127000 81000
51000 27000
68000 46000
58000 42000
31000 24000
95000 55000
39000 29000
47000 33000
19000 12000
80000 59000
116000 75000
78000 20000
84000 64000
66000 33000
30000 24000
59000 28000
73000 24000
66000 64000
62000 24000
73000 24000
109000 84000
56000 39000
43000 19000
26000 9000
139000 80000
105000 68000
58000 44000
65000 40000
131000 66000
67000 35000
89000 70000
2000 2000
77000 49000
43000 24000
61000 30000
80000 42000
14000 8000
95000 58000
26000 16000
60000 41000
63000 44000
55000 40000
79000 41000
11000 11000
116000 74000
14000 12000
122000 56000
79000 48000
48000 33000
122000 55000
61000 62000
118000 82000
52000 14000
90000 59000
40000 24000
93000 70000
131000 77000
102000 80000
101000 65000
81000 48000
57000 32000
64000 56000
82000 73000
122000 54000
52000 22000
10000 9000
58000 26000
73000 38000
82000 76000
74000 32000
35000 17000
80000 42000
66000 42000
65000 40000
69000 50000
106000 42000
18000 11000
33000 23000
78000 38000
89000 49000
80000 27000
56000 40000
16000 5000
35000 27000
69000 64000
100000 67000
63000 40000
31000 5000
15000 10000
94000 48000
114000 78000
25000 13000
26000 23000
75000 30000
57000 53000
98000 51000
92000 80000
79000 46000
25000 4000
73000 65000
31000 14000
50000 29000
94000 54000
89000 62000
13000 8000
77000 70000
89000 47000
100000 58000
89000 56000
75000 24000
25000 12000
122000 65000
63000 62000
91000 37000
85000 61000
73000 24000
91000 70000
23000 13000
58000 64000
80000 58000
86000 56000
31000 13000
113000 81000
51000 31000
45000 39000
107000 82000
71000 64000
63000 42000
28000 15000
58000 15000
99000 68000
124000 83000
91000 63000
75000 66000
23000 18000
80000 26000
41000 22000
66000 44000
50000 28000
75000 21000
80000 40000
61000 40000
3000 3000
57000 23000
33000 12000
58000 22000
65000 50000
63000 35000
105000 62000
88000 48000
109000 71000
145000 59000
73000 26000
68000 40000
102000 48000
39000 20000
8000 7000
54000 16000
116000 73000
107000 84000
78000 32000
55000 39000
52000 18000
111000 81000
130000 63000
99000 83000
114000 47000
79000 56000
94000 54000
95000 56000
127000 72000
74000 66000
12000 12000
97000 74000
35000 11000
42000 19000
105000 50000
59000 28000
47000 33000
123000 74000
83000 46000
104000 44000
112000 76000
113000 46000
68000 65000
123000 84000
136000 54000
13000 6000
135000 59000
16000 6000
59000 28000
43000 20000
23000 14000
57000 30000
85000 40000
92000 77000
113000 82000
115000 79000
63000 63000
69000 33000
78000 74000
11000 8000
67000 43000
114000 56000
90000 50000
113000 57000
73000 62000
51000 38000
65000 44000
116000 50000
116000 75000
126000 52000
94000 62000
68000 42000
23000 7000
74000 42000
105000 68000
112000 81000
65000 45000
131000 82000
92000 82000
53000 13000
106000 58000
3000 4000
1000 2000
79000 46000
48000 40000
125000 84000
32000 14000
9000 3000
62000 33000
29000 14000
84000 71000
94000 54000
16000 10000
113000 76000
75000 42000
26000 10000
76000 32000
97000 53000
116000 76000
106000 79000
13000 3000
104000 82000
39000 15000
122000 76000
23000 14000
121000 78000
59000 37000
34000 12000
105000 69000
88000 65000
42000 32000
48000 26000
73000 25000
86000 59000
77000 69000
118000 83000
78000 36000
67000 23000
88000 47000
24000 13000
74000 54000
30000 8000
121000 70000
80000 39000
43000 18000
41000 38000
114000 80000
35000 16000
103000 43000
32000 18000
73000 38000
32000 24000
57000 16000
9000 8000
80000 77000
40000 22000
34000 20000
99000 82000
74000 64000
127000 53000
68000 56000
41000 33000
64000 37000
87000 43000
60000 40000
31000 25000
23000 7000
30000 8000
45000 40000
82000 65000
75000 22000
42000 40000
58000 44000
80000 63000
63000 50000
46000 40000
66000 64000
5000 7000
73000 20000
36000 21000
18000 7000
58000 14000
106000 55000
126000 67000
72000 66000
122000 59000
23000 13000
87000 72000
92000 80000
45000 30000
37000 29000
77000 37000
25000 24000
17000 11000
13000 4000
116000 70000
80000 32000
115000 84000
79000 36000
55000 40000
75000 63000
63000 63000
65000 64000
20000 10000
69000 67000
102000 82000
42000 38000
35000 13000
140000 53000
106000 55000
107000 57000
105000 63000
56000 16000
25000 12000
114000 78000
89000 64000
88000 51000
48000 29000
23000 13000
40000 29000
35000 24000
107000 77000
113000 52000
73000 29000
116000 64000
62000 42000
57000 35000
105000 59000
60000 62000
138000 74000
85000 54000
57000 36000
108000 78000
21000 11000
94000 65000
66000 64000
40000 23000
5000 7000
50000 24000
21000 12000
94000 60000
124000 54000
60000 42000
10000 9000
22000 9000
98000 75000
80000 30000
67000 32000
62000 40000
78000 43000
70000 64000
23000 6000
63000 56000
115000 83000
32000 24000
105000 61000
42000 36000
42000 26000
57000 26000
96000 76000
76000 63000
59000 56000
11000 6000
96000 75000
46000 24000
103000 77000
58000 40000
136000 58000
103000 75000
7000 4000
47000 29000
79000 55000
123000 70000
41000 33000
23000 5000
127000 84000
31000 4000
33000 15000
22000 12000
122000 56000
105000 72000
128000 58000
106000 78000
60000 40000
10000 10000
116000 77000
57000 24000
57000 25000
105000 47000
87000 76000
86000 67000
64000 23000
23000 7000
99000 67000
40000 38000
85000 43000
116000 83000
59000 26000
41000 38000
83000 74000
64000 34000
104000 51000
124000 83000
95000 81000
35000 13000
39000 22000
100000 60000
52000 27000
87000 64000
100000 83000
131000 56000
50000 35000
50000 39000
57000 34000
101000 77000
42000 22000
83000 57000
73000 22000
93000 49000
32000 13000
103000 79000
105000 47000
144000 64000
78000 51000
24000 14000
33000 6000
95000 61000
123000 73000
16000 7000
80000 27000
57000 39000
75000 32000
79000 42000
75000 24000
62000 29000
12000 5000
78000 35000
113000 71000
123000 58000
65000 64000
30000 24000
126000 83000
58000 40000
62000 40000
74000 54000
82000 63000
46000 40000
33000 12000
45000 15000
79000 41000
127000 54000
31000 7000
44000 20000
67000 61000
101000 75000
61000 63000
59000 28000
56000 40000
80000 51000
57000 39000
89000 66000
18000 8000
57000 25000
64000 26000
6000 7000
62000 26000
44000 29000
70000 70000
76000 64000
95000 75000
65000 60000
94000 62000
102000 71000
23000 24000
19000 11000
142000 79000
60000 42000
88000 59000
63000 40000
60000 24000
