This is e-pTeX, Version 3.14159265-p3.8.0-180226-2.6 (utf8.euc) (TeX Live 2018) (preloaded format=platex 2019.4.1)  2 APR 2019 01:49
entering extended mode
 restricted \write18 enabled.
 file:line:error style messages enabled.
 %&-line parsing enabled.
**text_iot.tex
(./text_iot.tex
pLaTeX2e <2018-04-01>+1 (based on LaTeX2e <2018-04-01> patch level 2)
Babel <3.18> and hyphenation patterns for 84 language(s) loaded.
(/usr/local/texlive/2018/texmf-dist/tex/latex/base/report.cls
Document Class: report 2014/09/29 v1.4h Standard LaTeX document class
(/usr/local/texlive/2018/texmf-dist/tex/latex/base/size11.clo
File: size11.clo 2014/09/29 v1.4h Standard LaTeX file (size option)
)
\c@part=\count83
\c@chapter=\count84
\c@section=\count85
\c@subsection=\count86
\c@subsubsection=\count87
\c@paragraph=\count88
\c@subparagraph=\count89
\c@figure=\count90
\c@table=\count91
\abovecaptionskip=\skip41
\belowcaptionskip=\skip42
\bibindent=\dimen118
)
(/usr/local/texlive/2018/texmf-dist/tex/latex/amsfonts/amssymb.sty
Package: amssymb 2013/01/14 v3.01 AMS font symbols

(/usr/local/texlive/2018/texmf-dist/tex/latex/amsfonts/amsfonts.sty
Package: amsfonts 2013/01/14 v3.01 Basic AMSFonts support
\@emptytoks=\toks15
\symAMSa=\mathgroup4
\symAMSb=\mathgroup5
LaTeX Font Info:    Overwriting math alphabet `\mathfrak' in version `bold'
(Font)                  U/euf/m/n --> U/euf/b/n on input line 106.
))
(./theorem.sty
\c@definition=\count92
\c@lemma=\count93
\c@theorem=\count94
\c@claim=\count95
\c@corollary=\count96
\c@proposition=\count97
\c@example=\count98
\c@excercise=\count99
)
\c@fact=\count100
 (/usr/local/texlive/2018/texmf-dist/tex/latex/ascmac/ascmac.sty
Package: ascmac 2018/03/09 v2.0h ascmac wrapper (community edition) 
(/usr/local/texlive/2018/texmf-dist/tex/latex/ascmac/tascmac.sty
Package: tascmac 2018/03/09 v2.0h ascmac package (community edition) 
\@savetbaselineshift=\dimen119
\@saveybaselineshift=\dimen120
\scb@x=\box42
\scscb@x=\box43
\@bw=\dimen121
\@nbox=\box44
\@nbody=\box45
\@scw=\dimen122
\ascmac@hoboxa=\box46
\ascmac@hoboxb=\box47
\@itemh=\dimen123
\@iboxpos=\toks16
\@iboxstr=\box48
\@bwsp=\box49
\@@bwsp=\box50
\@bcal=\count101
\shaderule=\dimen124
))
(/usr/local/texlive/2018/texmf-dist/tex/latex/appendix/appendix.sty
Package: appendix 2009/09/02 v1.2b extra appendix facilities
\c@@pps=\count102
\c@@ppsavesec=\count103
\c@@ppsaveapp=\count104
)
\c@exerc=\count105
\c@adv=\count106
\c@pntnumber=\count107


LaTeX Warning: Unused global option(s):
    [a4,epsf].

(./text_iot.aux)
\openout1 = `text_iot.aux'.

LaTeX Font Info:    Checking defaults for OML/cmm/m/it on input line 55.
LaTeX Font Info:    ... okay on input line 55.
LaTeX Font Info:    Checking defaults for T1/cmr/m/n on input line 55.
LaTeX Font Info:    ... okay on input line 55.
LaTeX Font Info:    Checking defaults for OT1/cmr/m/n on input line 55.
LaTeX Font Info:    ... okay on input line 55.
LaTeX Font Info:    Checking defaults for OMS/cmsy/m/n on input line 55.
LaTeX Font Info:    ... okay on input line 55.
LaTeX Font Info:    Checking defaults for OMX/cmex/m/n on input line 55.
LaTeX Font Info:    ... okay on input line 55.
LaTeX Font Info:    Checking defaults for U/cmr/m/n on input line 55.
LaTeX Font Info:    ... okay on input line 55.
LaTeX Font Info:    Checking defaults for JY1/mc/m/n on input line 55.
LaTeX Font Info:    ... okay on input line 55.
LaTeX Font Info:    Checking defaults for JT1/mc/m/n on input line 55.
LaTeX Font Info:    ... okay on input line 55.
LaTeX Font Info:    Font shape `JT1/mc/bx/n' in size <17.28> not available
(Font)              Font shape `JT1/gt/m/n' tried instead on input line 58.
LaTeX Font Info:    Font shape `JY1/mc/bx/n' in size <17.28> not available
(Font)              Font shape `JY1/gt/m/n' tried instead on input line 58.
LaTeX Font Info:    Try loading font information for U+msa on input line 58.
 (/usr/local/texlive/2018/texmf-dist/tex/latex/amsfonts/umsa.fd
File: umsa.fd 2013/01/14 v3.01 AMS symbols A
)
LaTeX Font Info:    Try loading font information for U+msb on input line 58.
 (/usr/local/texlive/2018/texmf-dist/tex/latex/amsfonts/umsb.fd
File: umsb.fd 2013/01/14 v3.01 AMS symbols B
) [1

]
LaTeX Font Info:    Font shape `JT1/mc/bx/n' in size <10.95> not available
(Font)              Font shape `JT1/gt/m/n' tried instead on input line 63.
LaTeX Font Info:    Font shape `JY1/mc/bx/n' in size <10.95> not available
(Font)              Font shape `JY1/gt/m/n' tried instead on input line 63.
LaTeX Font Info:    Font shape `JT1/mc/bx/n' in size <14.4> not available
(Font)              Font shape `JT1/gt/m/n' tried instead on input line 71.
LaTeX Font Info:    Font shape `JY1/mc/bx/n' in size <14.4> not available
(Font)              Font shape `JY1/gt/m/n' tried instead on input line 71.
 [1]
LaTeX Font Info:    Font shape `JT1/mc/bx/n' in size <12> not available
(Font)              Font shape `JT1/gt/m/n' tried instead on input line 127.
LaTeX Font Info:    Font shape `JY1/mc/bx/n' in size <12> not available
(Font)              Font shape `JY1/gt/m/n' tried instead on input line 127.

Underfull \hbox (badness 7631) in paragraph at lines 146--146
[]\JY1/mc/m/n/10.95 ル ープを一度実行し
 []

[2] [3] [4] [5]
Overfull \hbox (22.32243pt too wide) in paragraph at lines 332--334
[]\OT1/cmr/m/n/10.95 Python \JY1/mc/m/n/10.95 プログラム ・ フ ァ イルは ， コ
マンド []\OT1/cmtt/m/n/10.95 python3 [\JY1/mc/m/n/10.95 フ ァ イル名\OT1/cmtt/m
/n/10.95 ] [\JY1/mc/m/n/10.95 引数\OT1/cmtt/m/n/10.95 ] \JY1/mc/m/n/10.95 で実
行する ． \OT1/cmtt/m/n/10.95 sensehat.py
 []

[6] [7] (./text_iot.aux) ) 
Here is how much of TeX's memory you used:
 855 strings out of 493281
 9747 string characters out of 6145042
 77521 words of memory out of 5000000
 4814 multiletter control sequences out of 15000+600000
 22626 words of font info for 92 fonts, out of 8000000 for 9000
 929 hyphenation exceptions out of 8191
 25i,9n,27p,349b,472s stack positions out of 5000i,500n,10000p,200000b,80000s

Output written on text_iot.dvi (8 pages, 30060 bytes).
