c:\users\sin\documents\workspace\cuda8.0\sortalgorithm\bin\sortalg.ilk
c:\users\sin\documents\workspace\cuda8.0\sortalgorithm\bin\sortalg.exe
c:\users\sin\documents\workspace\cuda8.0\sortalgorithm\bin\sortalg.pdb
c:\users\sin\documents\workspace\cuda8.0\sortalgorithm\bin\sortalg.lib
c:\users\sin\documents\workspace\cuda8.0\sortalgorithm\bin\sortalg.exp
c:\users\sin\documents\workspace\cuda8.0\sortalgorithm\x64\debug\cdpbitonicsort.cu.cache
c:\users\sin\documents\workspace\cuda8.0\sortalgorithm\x64\debug\cdpheapsort.cu.cache
c:\users\sin\documents\workspace\cuda8.0\sortalgorithm\x64\debug\cdpquicksort.cu.cache
c:\users\sin\documents\workspace\cuda8.0\sortalgorithm\x64\debug\cu_utils.cu.cache
c:\users\sin\documents\workspace\cuda8.0\sortalgorithm\x64\debug\main.cu.cache
c:\users\sin\documents\workspace\cuda8.0\sortalgorithm\x64\debug\oddevensort.cu.cache
c:\users\sin\documents\workspace\cuda8.0\sortalgorithm\x64\debug\cdpbitonicsort.cu.obj
c:\users\sin\documents\workspace\cuda8.0\sortalgorithm\x64\debug\cdpheapsort.cu.obj
c:\users\sin\documents\workspace\cuda8.0\sortalgorithm\x64\debug\cdpquicksort.cu.obj
c:\users\sin\documents\workspace\cuda8.0\sortalgorithm\x64\debug\cu_utils.cu.obj
c:\users\sin\documents\workspace\cuda8.0\sortalgorithm\x64\debug\main.cu.obj
c:\users\sin\documents\workspace\cuda8.0\sortalgorithm\x64\debug\oddevensort.cu.obj
c:\users\sin\documents\workspace\cuda8.0\sortalgorithm\x64\debug\sortalg.device-link.obj
c:\users\sin\documents\workspace\cuda8.0\sortalgorithm\x64\debug\sortalg.tlog\link.command.1.tlog
c:\users\sin\documents\workspace\cuda8.0\sortalgorithm\x64\debug\sortalg.tlog\link.read.1.tlog
c:\users\sin\documents\workspace\cuda8.0\sortalgorithm\x64\debug\sortalg.tlog\link.write.1.tlog
c:\users\sin\documents\workspace\cuda8.0\sortalgorithm\x64\debug\sortalg.tlog\sortalg.write.1u.tlog
