  Compiling CUDA source file cdpHeapsort.cu...
  Compiling CUDA source file main.cu...
  
  C:\Users\Sin\Documents\Workspace\CUDA8.0\sortalgorithm>"C:\Program Files\NVIDIA GPU Computing Toolkit\CUDA\v8.0\bin\nvcc.exe" -gencode=arch=compute_35,code=\"sm_35,compute_35\" -gencode=arch=compute_50,code=\"sm_50,compute_50\" -gencode=arch=compute_62,code=\"sm_62,compute_62\" --use-local-env --cl-version 2015 -ccbin "C:\Program Files (x86)\Microsoft Visual Studio 14.0\VC\bin\x86_amd64" -rdc=true -I./ -I../common/inc -I./ -I"C:\Program Files\NVIDIA GPU Computing Toolkit\CUDA\v8.0\/include" -I../common/inc -I"C:\Program Files\NVIDIA GPU Computing Toolkit\CUDA\v8.0\include"  -G   --keep-dir x64\Debug -maxrregcount=0  --machine 64 --compile -cudart static -Xcompiler "/wd 4819" -g   -DWIN32 -DWIN32 -D_MBCS -D_MBCS -Xcompiler "/EHsc /W3 /nologo /Od /FS /Zi /RTC1 /MTd " -o x64/Debug/cdpHeapsort.cu.obj "C:\Users\Sin\Documents\Workspace\CUDA8.0\sortalgorithm\cdpHeapsort.cu" 
  
  C:\Users\Sin\Documents\Workspace\CUDA8.0\sortalgorithm>"C:\Program Files\NVIDIA GPU Computing Toolkit\CUDA\v8.0\bin\nvcc.exe" -gencode=arch=compute_35,code=\"sm_35,compute_35\" -gencode=arch=compute_50,code=\"sm_50,compute_50\" -gencode=arch=compute_62,code=\"sm_62,compute_62\" --use-local-env --cl-version 2015 -ccbin "C:\Program Files (x86)\Microsoft Visual Studio 14.0\VC\bin\x86_amd64" -rdc=true -I./ -I../common/inc -I./ -I"C:\Program Files\NVIDIA GPU Computing Toolkit\CUDA\v8.0\/include" -I../common/inc -I"C:\Program Files\NVIDIA GPU Computing Toolkit\CUDA\v8.0\include"  -G   --keep-dir x64\Debug -maxrregcount=0  --machine 64 --compile -cudart static -Xcompiler "/wd 4819" -g   -DWIN32 -DWIN32 -D_MBCS -D_MBCS -Xcompiler "/EHsc /W3 /nologo /Od /FS /Zi /RTC1 /MTd " -o x64/Debug/main.cu.obj "C:\Users\Sin\Documents\Workspace\CUDA8.0\sortalgorithm\main.cu" 
  Compiling CUDA source file cu_utils.cu...
  Compiling CUDA source file oddevensort.cu...
  Compiling CUDA source file cdpBitonicSort.cu...
  Compiling CUDA source file cdpQuicksort.cu...
  
  C:\Users\Sin\Documents\Workspace\CUDA8.0\sortalgorithm>"C:\Program Files\NVIDIA GPU Computing Toolkit\CUDA\v8.0\bin\nvcc.exe" -gencode=arch=compute_35,code=\"sm_35,compute_35\" -gencode=arch=compute_50,code=\"sm_50,compute_50\" -gencode=arch=compute_62,code=\"sm_62,compute_62\" --use-local-env --cl-version 2015 -ccbin "C:\Program Files (x86)\Microsoft Visual Studio 14.0\VC\bin\x86_amd64" -rdc=true -I./ -I../common/inc -I./ -I"C:\Program Files\NVIDIA GPU Computing Toolkit\CUDA\v8.0\/include" -I../common/inc -I"C:\Program Files\NVIDIA GPU Computing Toolkit\CUDA\v8.0\include"  -G   --keep-dir x64\Debug -maxrregcount=0  --machine 64 --compile -cudart static -Xcompiler "/wd 4819" -g   -DWIN32 -DWIN32 -D_MBCS -D_MBCS -Xcompiler "/EHsc /W3 /nologo /Od /FS /Zi /RTC1 /MTd " -o x64/Debug/cdpBitonicSort.cu.obj "C:\Users\Sin\Documents\Workspace\CUDA8.0\sortalgorithm\cdpBitonicSort.cu" 
  
  C:\Users\Sin\Documents\Workspace\CUDA8.0\sortalgorithm>"C:\Program Files\NVIDIA GPU Computing Toolkit\CUDA\v8.0\bin\nvcc.exe" -gencode=arch=compute_35,code=\"sm_35,compute_35\" -gencode=arch=compute_50,code=\"sm_50,compute_50\" -gencode=arch=compute_62,code=\"sm_62,compute_62\" --use-local-env --cl-version 2015 -ccbin "C:\Program Files (x86)\Microsoft Visual Studio 14.0\VC\bin\x86_amd64" -rdc=true -I./ -I../common/inc -I./ -I"C:\Program Files\NVIDIA GPU Computing Toolkit\CUDA\v8.0\/include" -I../common/inc -I"C:\Program Files\NVIDIA GPU Computing Toolkit\CUDA\v8.0\include"  -G   --keep-dir x64\Debug -maxrregcount=0  --machine 64 --compile -cudart static -Xcompiler "/wd 4819" -g   -DWIN32 -DWIN32 -D_MBCS -D_MBCS -Xcompiler "/EHsc /W3 /nologo /Od /FS /Zi /RTC1 /MTd " -o x64/Debug/cu_utils.cu.obj "C:\Users\Sin\Documents\Workspace\CUDA8.0\sortalgorithm\cu_utils.cu" 
  
  C:\Users\Sin\Documents\Workspace\CUDA8.0\sortalgorithm>"C:\Program Files\NVIDIA GPU Computing Toolkit\CUDA\v8.0\bin\nvcc.exe" -gencode=arch=compute_35,code=\"sm_35,compute_35\" -gencode=arch=compute_50,code=\"sm_50,compute_50\" -gencode=arch=compute_62,code=\"sm_62,compute_62\" --use-local-env --cl-version 2015 -ccbin "C:\Program Files (x86)\Microsoft Visual Studio 14.0\VC\bin\x86_amd64" -rdc=true -I./ -I../common/inc -I./ -I"C:\Program Files\NVIDIA GPU Computing Toolkit\CUDA\v8.0\/include" -I../common/inc -I"C:\Program Files\NVIDIA GPU Computing Toolkit\CUDA\v8.0\include"  -G   --keep-dir x64\Debug -maxrregcount=0  --machine 64 --compile -cudart static -Xcompiler "/wd 4819" -g   -DWIN32 -DWIN32 -D_MBCS -D_MBCS -Xcompiler "/EHsc /W3 /nologo /Od /FS /Zi /RTC1 /MTd " -o x64/Debug/oddevensort.cu.obj "C:\Users\Sin\Documents\Workspace\CUDA8.0\sortalgorithm\oddevensort.cu" 
  
  C:\Users\Sin\Documents\Workspace\CUDA8.0\sortalgorithm>"C:\Program Files\NVIDIA GPU Computing Toolkit\CUDA\v8.0\bin\nvcc.exe" -gencode=arch=compute_35,code=\"sm_35,compute_35\" -gencode=arch=compute_50,code=\"sm_50,compute_50\" -gencode=arch=compute_62,code=\"sm_62,compute_62\" --use-local-env --cl-version 2015 -ccbin "C:\Program Files (x86)\Microsoft Visual Studio 14.0\VC\bin\x86_amd64" -rdc=true -I./ -I../common/inc -I./ -I"C:\Program Files\NVIDIA GPU Computing Toolkit\CUDA\v8.0\/include" -I../common/inc -I"C:\Program Files\NVIDIA GPU Computing Toolkit\CUDA\v8.0\include"  -G   --keep-dir x64\Debug -maxrregcount=0  --machine 64 --compile -cudart static -Xcompiler "/wd 4819" -g   -DWIN32 -DWIN32 -D_MBCS -D_MBCS -Xcompiler "/EHsc /W3 /nologo /Od /FS /Zi /RTC1 /MTd " -o x64/Debug/cdpQuicksort.cu.obj "C:\Users\Sin\Documents\Workspace\CUDA8.0\sortalgorithm\cdpQuicksort.cu" 
  cdpBitonicSort.cu
  cdpQuicksort.cu
  main.cu
  cdpHeapsort.cu
  cu_utils.cu
  oddevensort.cu
C:/Users/Sin/Documents/Workspace/CUDA8.0/sortalgorithm/main.cu(51): warning C4244: 'argument': conversion from 'time_t' to 'unsigned int', possible loss of data
C:/Users/Sin/Documents/Workspace/CUDA8.0/sortalgorithm/main.cu(165): warning C4018: '<': signed/unsigned mismatch
C:/Users/Sin/Documents/Workspace/CUDA8.0/sortalgorithm/cdpHeapsort.cu(27): warning C4018: '<': signed/unsigned mismatch
  
  C:\Users\Sin\Documents\Workspace\CUDA8.0\sortalgorithm>"C:\Program Files\NVIDIA GPU Computing Toolkit\CUDA\v8.0\bin\nvcc.exe" -dlink -o x64/Debug/sortalg.device-link.obj -Xcompiler "/EHsc /W3 /nologo /Od /Zi /RTC1 /MTd " -L"C:\Program Files\NVIDIA GPU Computing Toolkit\CUDA\v8.0\lib\x64" cudadevrt.lib cudart_static.lib kernel32.lib user32.lib gdi32.lib winspool.lib comdlg32.lib advapi32.lib shell32.lib ole32.lib oleaut32.lib uuid.lib odbc32.lib odbccp32.lib  -gencode=arch=compute_35,code=sm_35 -gencode=arch=compute_50,code=sm_50 -gencode=arch=compute_62,code=sm_62 -G --machine 64 x64/Debug/cdpHeapsort.cu.obj x64/Debug/main.cu.obj x64/Debug/cdpBitonicSort.cu.obj x64/Debug/cu_utils.cu.obj x64/Debug/oddevensort.cu.obj x64/Debug/cdpQuicksort.cu.obj 
CUDALINK : ptxas warning : .debug_abbrev section not found (target: sm_62)
CUDALINK : ptxas warning : .debug_info section not found (target: sm_62)
  cudadevrt.lib
  cudart_static.lib
  kernel32.lib
  user32.lib
  gdi32.lib
  winspool.lib
  comdlg32.lib
  advapi32.lib
  shell32.lib
  ole32.lib
  oleaut32.lib
  uuid.lib
  odbc32.lib
  odbccp32.lib
  cdpHeapsort.cu.obj
  main.cu.obj
  cdpBitonicSort.cu.obj
  cu_utils.cu.obj
  oddevensort.cu.obj
  cdpQuicksort.cu.obj
     Creating library bin\sortalg.lib and object bin\sortalg.exp
  template_vs2015.vcxproj -> C:\Users\Sin\Documents\Workspace\CUDA8.0\sortalgorithm\bin\sortalg.exe
  template_vs2015.vcxproj -> bin\sortalg.pdb (Full PDB)
