   1               		.file	"board.c"
   2               	__SP_H__ = 0x3e
   3               	__SP_L__ = 0x3d
   4               	__SREG__ = 0x3f
   5               	__RAMPZ__ = 0x3b
   6               	__tmp_reg__ = 0
   7               	__zero_reg__ = 1
   8               		.text
   9               	.Ltext0:
  10               		.cfi_sections	.debug_frame
  11               	.global	boardInit
  13               	boardInit:
  14               	.LFB7:
  15               		.file 1 "../../boards/ARDUINO_MEGA/board.c"
   1:../../boards/ARDUINO_MEGA/board.c **** /*
   2:../../boards/ARDUINO_MEGA/board.c ****     ChibiOS/RT - Copyright (C) 2006,2007,2008,2009,2010,
   3:../../boards/ARDUINO_MEGA/board.c ****                  2011,2012 Giovanni Di Sirio.
   4:../../boards/ARDUINO_MEGA/board.c **** 
   5:../../boards/ARDUINO_MEGA/board.c ****     This file is part of ChibiOS/RT.
   6:../../boards/ARDUINO_MEGA/board.c **** 
   7:../../boards/ARDUINO_MEGA/board.c ****     ChibiOS/RT is free software; you can redistribute it and/or modify
   8:../../boards/ARDUINO_MEGA/board.c ****     it under the terms of the GNU General Public License as published by
   9:../../boards/ARDUINO_MEGA/board.c ****     the Free Software Foundation; either version 3 of the License, or
  10:../../boards/ARDUINO_MEGA/board.c ****     (at your option) any later version.
  11:../../boards/ARDUINO_MEGA/board.c **** 
  12:../../boards/ARDUINO_MEGA/board.c ****     ChibiOS/RT is distributed in the hope that it will be useful,
  13:../../boards/ARDUINO_MEGA/board.c ****     but WITHOUT ANY WARRANTY; without even the implied warranty of
  14:../../boards/ARDUINO_MEGA/board.c ****     MERCHANTABILITY or FITNESS FOR A PARTICULAR PURPOSE.  See the
  15:../../boards/ARDUINO_MEGA/board.c ****     GNU General Public License for more details.
  16:../../boards/ARDUINO_MEGA/board.c **** 
  17:../../boards/ARDUINO_MEGA/board.c ****     You should have received a copy of the GNU General Public License
  18:../../boards/ARDUINO_MEGA/board.c ****     along with this program.  If not, see <http://www.gnu.org/licenses/>.
  19:../../boards/ARDUINO_MEGA/board.c **** */
  20:../../boards/ARDUINO_MEGA/board.c **** 
  21:../../boards/ARDUINO_MEGA/board.c **** #include "ch.h"
  22:../../boards/ARDUINO_MEGA/board.c **** #include "hal.h"
  23:../../boards/ARDUINO_MEGA/board.c **** 
  24:../../boards/ARDUINO_MEGA/board.c **** /**
  25:../../boards/ARDUINO_MEGA/board.c ****  * @brief   PAL setup.
  26:../../boards/ARDUINO_MEGA/board.c ****  * @details Digital I/O ports static configuration as defined in @p board.h.
  27:../../boards/ARDUINO_MEGA/board.c ****  *          This variable is used by the HAL when initializing the PAL driver.
  28:../../boards/ARDUINO_MEGA/board.c ****  */
  29:../../boards/ARDUINO_MEGA/board.c **** #if HAL_USE_PAL || defined(__DOXYGEN__)
  30:../../boards/ARDUINO_MEGA/board.c **** const PALConfig pal_default_config =
  31:../../boards/ARDUINO_MEGA/board.c **** {
  32:../../boards/ARDUINO_MEGA/board.c **** #if defined(PORTA)
  33:../../boards/ARDUINO_MEGA/board.c ****   {VAL_PORTA, VAL_DDRA},
  34:../../boards/ARDUINO_MEGA/board.c **** #endif
  35:../../boards/ARDUINO_MEGA/board.c **** #if defined(PORTB)
  36:../../boards/ARDUINO_MEGA/board.c ****   {VAL_PORTB, VAL_DDRB},
  37:../../boards/ARDUINO_MEGA/board.c **** #endif
  38:../../boards/ARDUINO_MEGA/board.c **** #if defined(PORTC)
  39:../../boards/ARDUINO_MEGA/board.c ****   {VAL_PORTC, VAL_DDRC},
  40:../../boards/ARDUINO_MEGA/board.c **** #endif
  41:../../boards/ARDUINO_MEGA/board.c **** #if defined(PORTD)
  42:../../boards/ARDUINO_MEGA/board.c ****   {VAL_PORTD, VAL_DDRD},
  43:../../boards/ARDUINO_MEGA/board.c **** #endif
  44:../../boards/ARDUINO_MEGA/board.c **** #if defined(PORTE)
  45:../../boards/ARDUINO_MEGA/board.c ****   {VAL_PORTE, VAL_DDRE},
  46:../../boards/ARDUINO_MEGA/board.c **** #endif
  47:../../boards/ARDUINO_MEGA/board.c **** #if defined(PORTF)
  48:../../boards/ARDUINO_MEGA/board.c ****   {VAL_PORTF, VAL_DDRF},
  49:../../boards/ARDUINO_MEGA/board.c **** #endif
  50:../../boards/ARDUINO_MEGA/board.c **** #if defined(PORTG)
  51:../../boards/ARDUINO_MEGA/board.c ****   {VAL_PORTG, VAL_DDRG},
  52:../../boards/ARDUINO_MEGA/board.c **** #endif
  53:../../boards/ARDUINO_MEGA/board.c **** #if defined(PORTH)
  54:../../boards/ARDUINO_MEGA/board.c ****   {VAL_PORTH, VAL_DDRH},
  55:../../boards/ARDUINO_MEGA/board.c **** #endif
  56:../../boards/ARDUINO_MEGA/board.c **** #if defined(PORTJ)
  57:../../boards/ARDUINO_MEGA/board.c ****   {VAL_PORTJ, VAL_DDRJ},
  58:../../boards/ARDUINO_MEGA/board.c **** #endif
  59:../../boards/ARDUINO_MEGA/board.c **** #if defined(PORTK)
  60:../../boards/ARDUINO_MEGA/board.c ****   {VAL_PORTK, VAL_DDRK},
  61:../../boards/ARDUINO_MEGA/board.c **** #endif
  62:../../boards/ARDUINO_MEGA/board.c **** #if defined(PORTL)
  63:../../boards/ARDUINO_MEGA/board.c ****   {VAL_PORTL, VAL_DDRL},
  64:../../boards/ARDUINO_MEGA/board.c **** #endif
  65:../../boards/ARDUINO_MEGA/board.c **** };
  66:../../boards/ARDUINO_MEGA/board.c **** #endif /* HAL_USE_PAL */
  67:../../boards/ARDUINO_MEGA/board.c **** 
  68:../../boards/ARDUINO_MEGA/board.c **** /**
  69:../../boards/ARDUINO_MEGA/board.c ****  * @brief   Timer0 interrupt handler.
  70:../../boards/ARDUINO_MEGA/board.c ****  */ /*
  71:../../boards/ARDUINO_MEGA/board.c **** CH_IRQ_HANDLER(TIMER0_COMPA_vect) {
  72:../../boards/ARDUINO_MEGA/board.c **** 
  73:../../boards/ARDUINO_MEGA/board.c ****   CH_IRQ_PROLOGUE();
  74:../../boards/ARDUINO_MEGA/board.c **** 
  75:../../boards/ARDUINO_MEGA/board.c ****   chSysLockFromIsr();
  76:../../boards/ARDUINO_MEGA/board.c ****   chSysTimerHandlerI();
  77:../../boards/ARDUINO_MEGA/board.c ****   chSysUnlockFromIsr();
  78:../../boards/ARDUINO_MEGA/board.c **** 
  79:../../boards/ARDUINO_MEGA/board.c ****   CH_IRQ_EPILOGUE();
  80:../../boards/ARDUINO_MEGA/board.c **** }
  81:../../boards/ARDUINO_MEGA/board.c **** */
  82:../../boards/ARDUINO_MEGA/board.c **** /**
  83:../../boards/ARDUINO_MEGA/board.c ****  * Board-specific initialization code.
  84:../../boards/ARDUINO_MEGA/board.c ****  */
  85:../../boards/ARDUINO_MEGA/board.c **** void boardInit(void) {
  16               		.loc 1 85 0
  17               		.cfi_startproc
  18               	/* prologue: function */
  19               	/* frame size = 0 */
  20               	/* stack size = 0 */
  21               	.L__stack_usage = 0
  86:../../boards/ARDUINO_MEGA/board.c **** 
  87:../../boards/ARDUINO_MEGA/board.c ****   /*
  88:../../boards/ARDUINO_MEGA/board.c ****    * External interrupts setup, all disabled initially.
  89:../../boards/ARDUINO_MEGA/board.c ****    */
  90:../../boards/ARDUINO_MEGA/board.c ****   EICRA  = 0x00;
  22               		.loc 1 90 0
  23 0000 1092 6900 		sts 105,__zero_reg__
  91:../../boards/ARDUINO_MEGA/board.c ****   EICRB  = 0x00;
  24               		.loc 1 91 0
  25 0004 1092 6A00 		sts 106,__zero_reg__
  92:../../boards/ARDUINO_MEGA/board.c ****   EIMSK  = 0x00;
  26               		.loc 1 92 0
  27 0008 1DBA      		out 0x1d,__zero_reg__
  93:../../boards/ARDUINO_MEGA/board.c **** 
  94:../../boards/ARDUINO_MEGA/board.c ****   /*
  95:../../boards/ARDUINO_MEGA/board.c ****    * Timer 0 setup.
  96:../../boards/ARDUINO_MEGA/board.c ****    */
  97:../../boards/ARDUINO_MEGA/board.c ****   TCCR0A  = (1 << WGM01) | (0 << WGM00) |                /* CTC mode.        */
  28               		.loc 1 97 0
  29 000a 82E0      		ldi r24,lo8(2)
  30 000c 84BD      		out 0x24,r24
  98:../../boards/ARDUINO_MEGA/board.c ****             (0 << COM0A1) | (0 << COM0A0) |              /* OC0A disabled.   */
  99:../../boards/ARDUINO_MEGA/board.c ****             (0 << COM0B1) | (0 << COM0B0);               /* OC0B disabled.   */
 100:../../boards/ARDUINO_MEGA/board.c ****   TCCR0B  = (0 << WGM02) |                               /* CTC mode.        */
  31               		.loc 1 100 0
  32 000e 93E0      		ldi r25,lo8(3)
  33 0010 95BD      		out 0x25,r25
 101:../../boards/ARDUINO_MEGA/board.c ****             (0 << CS02)  | (1 << CS01)  | (1 << CS00);   /* CLK/64 clock.    */
 102:../../boards/ARDUINO_MEGA/board.c ****   OCR0A   = F_CPU / 64 / CH_FREQUENCY - 1;
  34               		.loc 1 102 0
  35 0012 99EF      		ldi r25,lo8(-7)
  36 0014 97BD      		out 0x27,r25
 103:../../boards/ARDUINO_MEGA/board.c ****   TCNT0   = 0;                                           /* Reset counter.   */
  37               		.loc 1 103 0
  38 0016 16BC      		out 0x26,__zero_reg__
 104:../../boards/ARDUINO_MEGA/board.c ****   TIFR0   = (1 << OCF0A);                                /* Reset pending.   */
  39               		.loc 1 104 0
  40 0018 85BB      		out 0x15,r24
 105:../../boards/ARDUINO_MEGA/board.c ****   TIMSK0  = (1 << OCIE0A);                               /* IRQ on compare.  */
  41               		.loc 1 105 0
  42 001a 8093 6E00 		sts 110,r24
  43 001e 0895      		ret
  44               		.cfi_endproc
  45               	.LFE7:
  47               	.global	pal_default_config
  48               		.section	.rodata
  51               	pal_default_config:
  52 0000 FF        		.byte	-1
  53 0001 00        		.byte	0
  54 0002 FF        		.byte	-1
  55 0003 80        		.byte	-128
  56 0004 FF        		.byte	-1
  57 0005 00        		.byte	0
  58 0006 FF        		.byte	-1
  59 0007 00        		.byte	0
  60 0008 FF        		.byte	-1
  61 0009 02        		.byte	2
  62 000a FF        		.byte	-1
  63 000b 00        		.byte	0
  64 000c FF        		.byte	-1
  65 000d 00        		.byte	0
  66 000e FF        		.byte	-1
  67 000f 00        		.byte	0
  68 0010 FF        		.byte	-1
  69 0011 00        		.byte	0
  70 0012 FF        		.byte	-1
  71 0013 00        		.byte	0
  72 0014 FF        		.byte	-1
  73 0015 00        		.byte	0
  74               		.text
  75               	.Letext0:
  76               		.file 2 "../../os/hal/platforms/AVR/pal_lld.h"
  77               		.file 3 "/usr/local/cross/lib/gcc/avr/4.7.2/../../../../avr/include/stdint.h"
DEFINED SYMBOLS
                            *ABS*:0000000000000000 board.c
/var/folders/5n/p_75w94d66l9ssrldxqdhh700000gn/T//ccUu93Yo.s:2      *ABS*:000000000000003e __SP_H__
/var/folders/5n/p_75w94d66l9ssrldxqdhh700000gn/T//ccUu93Yo.s:3      *ABS*:000000000000003d __SP_L__
/var/folders/5n/p_75w94d66l9ssrldxqdhh700000gn/T//ccUu93Yo.s:4      *ABS*:000000000000003f __SREG__
/var/folders/5n/p_75w94d66l9ssrldxqdhh700000gn/T//ccUu93Yo.s:5      *ABS*:000000000000003b __RAMPZ__
/var/folders/5n/p_75w94d66l9ssrldxqdhh700000gn/T//ccUu93Yo.s:6      *ABS*:0000000000000000 __tmp_reg__
/var/folders/5n/p_75w94d66l9ssrldxqdhh700000gn/T//ccUu93Yo.s:7      *ABS*:0000000000000001 __zero_reg__
/var/folders/5n/p_75w94d66l9ssrldxqdhh700000gn/T//ccUu93Yo.s:13     .text:0000000000000000 boardInit
/var/folders/5n/p_75w94d66l9ssrldxqdhh700000gn/T//ccUu93Yo.s:51     .rodata:0000000000000000 pal_default_config

UNDEFINED SYMBOLS
__do_copy_data
