ARM GAS  /var/folders/5n/p_75w94d66l9ssrldxqdhh700000gn/T//ccbTdvHF.s 			page 1


   1              		.syntax unified
   2              		.cpu cortex-m4
   3              		.fpu softvfp
   4              		.eabi_attribute 20, 1
   5              		.eabi_attribute 21, 1
   6              		.eabi_attribute 23, 3
   7              		.eabi_attribute 24, 1
   8              		.eabi_attribute 25, 1
   9              		.eabi_attribute 26, 1
  10              		.eabi_attribute 30, 2
  11              		.eabi_attribute 34, 1
  12              		.eabi_attribute 18, 4
  13              		.thumb
  14              		.file	"hal_lld.c"
  15              		.text
  16              	.Ltext0:
  17              		.cfi_sections	.debug_frame
  18              		.section	.text.hal_lld_init,"ax",%progbits
  19              		.align	2
  20              		.p2align 4,,15
  21              		.global	hal_lld_init
  22              		.thumb
  23              		.thumb_func
  24              		.type	hal_lld_init, %function
  25              	hal_lld_init:
  26              	.LFB118:
  27              		.file 1 "../../os/hal/platforms/STM32F4xx/hal_lld.c"
  28              		.loc 1 99 0
  29              		.cfi_startproc
  30              		@ args = 0, pretend = 0, frame = 0
  31              		@ frame_needed = 0, uses_anonymous_args = 0
  32              		@ link register save eliminated.
  33              		.loc 1 103 0
  34 0000 4FF46053 		mov	r3, #14336
  35 0004 C4F20203 		movt	r3, 16386
  36 0008 0022     		movs	r2, #0
  37 000a 1969     		ldr	r1, [r3, #16]
  38 000c 41F00101 		orr	r1, r1, #1
  39              		.loc 1 99 0
  40 0010 30B4     		push	{r4, r5}
  41              	.LCFI0:
  42              		.cfi_def_cfa_offset 8
  43              		.cfi_offset 4, -8
  44              		.cfi_offset 5, -4
  45              		.loc 1 103 0
  46 0012 1961     		str	r1, [r3, #16]
  47 0014 1A61     		str	r2, [r3, #16]
  48              		.loc 1 104 0
  49 0016 5969     		ldr	r1, [r3, #20]
  50 0018 41F00101 		orr	r1, r1, #1
  51 001c 5961     		str	r1, [r3, #20]
  52 001e 5A61     		str	r2, [r3, #20]
  53              		.loc 1 105 0
  54 0020 9969     		ldr	r1, [r3, #24]
  55 0022 41F00101 		orr	r1, r1, #1
  56 0026 9961     		str	r1, [r3, #24]
  57 0028 9A61     		str	r2, [r3, #24]
ARM GAS  /var/folders/5n/p_75w94d66l9ssrldxqdhh700000gn/T//ccbTdvHF.s 			page 2


  58              		.loc 1 106 0
  59 002a 196A     		ldr	r1, [r3, #32]
  60 002c 1962     		str	r1, [r3, #32]
  61 002e 1A62     		str	r2, [r3, #32]
  62              		.loc 1 107 0
  63 0030 5D6A     		ldr	r5, [r3, #36]
  64              		.loc 1 110 0
  65 0032 4EF21001 		movw	r1, #57360
  66 0036 CEF20001 		movt	r1, 57344
  67 003a 49F23F04 		movw	r4, #36927
  68 003e C0F20204 		movt	r4, 2
  69              		.loc 1 117 0
  70 0042 4EF6F050 		movw	r0, #60912
  71              		.loc 1 107 0
  72 0046 45F00105 		orr	r5, r5, #1
  73 004a 5D62     		str	r5, [r3, #36]
  74              		.loc 1 117 0
  75 004c CEF20000 		movt	r0, 57344
  76              		.loc 1 107 0
  77 0050 5A62     		str	r2, [r3, #36]
  78              		.loc 1 110 0
  79 0052 4C60     		str	r4, [r1, #4]
  80              		.loc 1 112 0
  81 0054 0724     		movs	r4, #7
  82              		.loc 1 111 0
  83 0056 8A60     		str	r2, [r1, #8]
  84              		.loc 1 112 0
  85 0058 0C60     		str	r4, [r1, #0]
  86              		.loc 1 117 0
  87 005a C468     		ldr	r4, [r0, #12]
  88              		.loc 1 118 0
  89 005c 4FF48051 		mov	r1, #4096
  90 0060 CEF20001 		movt	r1, 57344
  91              		.loc 1 117 0
  92 0064 44F08074 		orr	r4, r4, #16777216
  93 0068 C460     		str	r4, [r0, #12]
  94              		.loc 1 118 0
  95 006a 0868     		ldr	r0, [r1, #0]
  96 006c 40F00100 		orr	r0, r0, #1
  97 0070 0860     		str	r0, [r1, #0]
  98              		.loc 1 121 0
  99 0072 186C     		ldr	r0, [r3, #64]
 100              	.LBB4:
 101              	.LBB5:
 102              		.loc 1 57 0
 103 0074 4FF4E041 		mov	r1, #28672
 104 0078 C4F20001 		movt	r1, 16384
 105              	.LBE5:
 106              	.LBE4:
 107              		.loc 1 121 0
 108 007c 40F08050 		orr	r0, r0, #268435456
 109 0080 1864     		str	r0, [r3, #64]
 110              	.LBB7:
 111              	.LBB6:
 112              		.loc 1 57 0
 113 0082 0868     		ldr	r0, [r1, #0]
 114 0084 40F48070 		orr	r0, r0, #256
ARM GAS  /var/folders/5n/p_75w94d66l9ssrldxqdhh700000gn/T//ccbTdvHF.s 			page 3


 115 0088 0860     		str	r0, [r1, #0]
 116              		.loc 1 60 0
 117 008a 196F     		ldr	r1, [r3, #112]
 118 008c 01F44071 		and	r1, r1, #768
 119 0090 B1F5007F 		cmp	r1, #512
 120              		.loc 1 62 0
 121 0094 1EBF     		ittt	ne
 122 0096 4FF48031 		movne	r1, #65536
 123 009a 1967     		strne	r1, [r3, #112]
 124              		.loc 1 63 0
 125 009c 1A67     		strne	r2, [r3, #112]
 126              		.loc 1 76 0
 127 009e 4FF46053 		mov	r3, #14336
 128 00a2 C4F20203 		movt	r3, 16386
 129 00a6 1A6F     		ldr	r2, [r3, #112]
 130 00a8 1204     		lsls	r2, r2, #16
 131 00aa 07D4     		bmi	.L1
 132              		.loc 1 78 0
 133 00ac 1A6F     		ldr	r2, [r3, #112]
 134 00ae 42F40072 		orr	r2, r2, #512
 135 00b2 1A67     		str	r2, [r3, #112]
 136              		.loc 1 81 0
 137 00b4 1A6F     		ldr	r2, [r3, #112]
 138 00b6 42F40042 		orr	r2, r2, #32768
 139 00ba 1A67     		str	r2, [r3, #112]
 140              	.L1:
 141              	.LBE6:
 142              	.LBE7:
 143              		.loc 1 134 0
 144 00bc 30BC     		pop	{r4, r5}
 145 00be 7047     		bx	lr
 146              		.cfi_endproc
 147              	.LFE118:
 148              		.size	hal_lld_init, .-hal_lld_init
 149              		.section	.text.stm32_clock_init,"ax",%progbits
 150              		.align	2
 151              		.p2align 4,,15
 152              		.global	stm32_clock_init
 153              		.thumb
 154              		.thumb_func
 155              		.type	stm32_clock_init, %function
 156              	stm32_clock_init:
 157              	.LFB119:
 158              		.loc 1 143 0
 159              		.cfi_startproc
 160              		@ args = 0, pretend = 0, frame = 0
 161              		@ frame_needed = 0, uses_anonymous_args = 0
 162              		@ link register save eliminated.
 163              		.loc 1 147 0
 164 0000 4FF46052 		mov	r2, #14336
 165 0004 C4F20202 		movt	r2, 16386
 166              		.loc 1 150 0
 167 0008 4FF4E043 		mov	r3, #28672
 168 000c C4F20003 		movt	r3, 16384
 169              		.loc 1 147 0
 170 0010 4FF08051 		mov	r1, #268435456
 171 0014 1164     		str	r1, [r2, #64]
ARM GAS  /var/folders/5n/p_75w94d66l9ssrldxqdhh700000gn/T//ccbTdvHF.s 			page 4


 172              		.loc 1 150 0
 173 0016 4FF48041 		mov	r1, #16384
 174              		.loc 1 151 0
 175 001a 1A46     		mov	r2, r3
 176              		.loc 1 150 0
 177 001c 1960     		str	r1, [r3, #0]
 178              	.L9:
 179              		.loc 1 151 0 discriminator 1
 180 001e 5368     		ldr	r3, [r2, #4]
 181 0020 5904     		lsls	r1, r3, #17
 182 0022 FCD5     		bpl	.L9
 183              		.loc 1 156 0
 184 0024 4FF46053 		mov	r3, #14336
 185 0028 C4F20203 		movt	r3, 16386
 186              		.loc 1 157 0
 187 002c 1946     		mov	r1, r3
 188              		.loc 1 156 0
 189 002e 1A68     		ldr	r2, [r3, #0]
 190 0030 42F00102 		orr	r2, r2, #1
 191 0034 1A60     		str	r2, [r3, #0]
 192              	.L10:
 193              		.loc 1 157 0 discriminator 1
 194 0036 0A68     		ldr	r2, [r1, #0]
 195 0038 4FF46053 		mov	r3, #14336
 196 003c 9207     		lsls	r2, r2, #30
 197 003e C4F20203 		movt	r3, 16386
 198 0042 F8D5     		bpl	.L10
 199              		.loc 1 162 0
 200 0044 1A68     		ldr	r2, [r3, #0]
 201 0046 42F48032 		orr	r2, r2, #65536
 202 004a 1A60     		str	r2, [r3, #0]
 203              		.loc 1 163 0
 204 004c 1946     		mov	r1, r3
 205              	.L11:
 206              		.loc 1 163 0 is_stmt 0 discriminator 1
 207 004e 0A68     		ldr	r2, [r1, #0]
 208 0050 4FF46053 		mov	r3, #14336
 209 0054 9003     		lsls	r0, r2, #14
 210 0056 C4F20203 		movt	r3, 16386
 211 005a F8D5     		bpl	.L11
 212              		.loc 1 169 0 is_stmt 1
 213 005c 5A6F     		ldr	r2, [r3, #116]
 214 005e 42F00102 		orr	r2, r2, #1
 215 0062 5A67     		str	r2, [r3, #116]
 216              		.loc 1 170 0
 217 0064 1946     		mov	r1, r3
 218              	.L12:
 219              		.loc 1 170 0 is_stmt 0 discriminator 1
 220 0066 4A6F     		ldr	r2, [r1, #116]
 221 0068 4FF46053 		mov	r3, #14336
 222 006c 9207     		lsls	r2, r2, #30
 223 006e C4F20203 		movt	r3, 16386
 224 0072 F8D5     		bpl	.L12
 225              		.loc 1 187 0 is_stmt 1
 226 0074 45F21942 		movw	r2, #21529
 227 0078 C0F24072 		movt	r2, 1856
 228 007c 5A60     		str	r2, [r3, #4]
ARM GAS  /var/folders/5n/p_75w94d66l9ssrldxqdhh700000gn/T//ccbTdvHF.s 			page 5


 229              		.loc 1 188 0
 230 007e 1A68     		ldr	r2, [r3, #0]
 231 0080 42F08072 		orr	r2, r2, #16777216
 232 0084 1A60     		str	r2, [r3, #0]
 233              		.loc 1 189 0
 234 0086 1946     		mov	r1, r3
 235              	.L13:
 236              		.loc 1 189 0 is_stmt 0 discriminator 1
 237 0088 0A68     		ldr	r2, [r1, #0]
 238 008a 4FF46053 		mov	r3, #14336
 239 008e 9001     		lsls	r0, r2, #6
 240 0090 C4F20203 		movt	r3, 16386
 241 0094 F8D5     		bpl	.L13
 242              		.loc 1 202 0 is_stmt 1
 243 0096 9868     		ldr	r0, [r3, #8]
 244 0098 4FF41442 		mov	r2, #37888
 245              		.loc 1 206 0
 246 009c 4FF47051 		mov	r1, #15360
 247              		.loc 1 202 0
 248 00a0 C3F60802 		movt	r2, 14344
 249 00a4 0243     		orrs	r2, r2, r0
 250              		.loc 1 206 0
 251 00a6 C4F20201 		movt	r1, 16386
 252              		.loc 1 202 0
 253 00aa 9A60     		str	r2, [r3, #8]
 254              		.loc 1 206 0
 255 00ac 40F20572 		movw	r2, #1797
 256 00b0 0A60     		str	r2, [r1, #0]
 257              		.loc 1 211 0
 258 00b2 9A68     		ldr	r2, [r3, #8]
 259 00b4 42F00202 		orr	r2, r2, #2
 260 00b8 9A60     		str	r2, [r3, #8]
 261              	.L14:
 262              		.loc 1 212 0 discriminator 1
 263 00ba 9968     		ldr	r1, [r3, #8]
 264 00bc 01F00C01 		and	r1, r1, #12
 265 00c0 4FF46052 		mov	r2, #14336
 266 00c4 0829     		cmp	r1, #8
 267 00c6 C4F20202 		movt	r2, 16386
 268 00ca F6D1     		bne	.L14
 269              		.loc 1 219 0
 270 00cc 536C     		ldr	r3, [r2, #68]
 271 00ce 43F48043 		orr	r3, r3, #16384
 272 00d2 5364     		str	r3, [r2, #68]
 273 00d4 536E     		ldr	r3, [r2, #100]
 274 00d6 43F48043 		orr	r3, r3, #16384
 275 00da 5366     		str	r3, [r2, #100]
 276 00dc 7047     		bx	lr
 277              		.cfi_endproc
 278              	.LFE119:
 279              		.size	stm32_clock_init, .-stm32_clock_init
 280 00de 00BF     		.text
 281              	.Letext0:
 282              		.file 2 "/usr/local/cross/lib/gcc/arm-none-eabi/4.7.2/../../../../arm-none-eabi/include/stdint.h"
 283              		.file 3 "../../os/ports/common/ARMCMx/nvic.h"
 284              		.file 4 "../../os/ports/common/ARMCMx/CMSIS/include/core_cm4.h"
 285              		.file 5 "../../os/hal/platforms/STM32F4xx/stm32f4xx.h"
ARM GAS  /var/folders/5n/p_75w94d66l9ssrldxqdhh700000gn/T//ccbTdvHF.s 			page 6


 286              		.section	.debug_info,"",%progbits
 287              	.Ldebug_info0:
 288 0000 C1040000 		.4byte	0x4c1
 289 0004 0200     		.2byte	0x2
 290 0006 00000000 		.4byte	.Ldebug_abbrev0
 291 000a 04       		.byte	0x4
 292 000b 01       		.uleb128 0x1
 293 000c DB010000 		.4byte	.LASF65
 294 0010 01       		.byte	0x1
 295 0011 AE020000 		.4byte	.LASF66
 296 0015 6B000000 		.4byte	.LASF67
 297 0019 18000000 		.4byte	.Ldebug_ranges0+0x18
 298 001d 00000000 		.4byte	0
 299 0021 00000000 		.4byte	0
 300 0025 00000000 		.4byte	.Ldebug_line0
 301 0029 02       		.uleb128 0x2
 302 002a 04       		.byte	0x4
 303 002b 05       		.byte	0x5
 304 002c 696E7400 		.ascii	"int\000"
 305 0030 03       		.uleb128 0x3
 306 0031 04       		.byte	0x4
 307 0032 07       		.byte	0x7
 308 0033 BC010000 		.4byte	.LASF0
 309 0037 03       		.uleb128 0x3
 310 0038 01       		.byte	0x1
 311 0039 06       		.byte	0x6
 312 003a 90010000 		.4byte	.LASF1
 313 003e 03       		.uleb128 0x3
 314 003f 01       		.byte	0x1
 315 0040 08       		.byte	0x8
 316 0041 7A010000 		.4byte	.LASF2
 317 0045 03       		.uleb128 0x3
 318 0046 02       		.byte	0x2
 319 0047 05       		.byte	0x5
 320 0048 21000000 		.4byte	.LASF3
 321 004c 04       		.uleb128 0x4
 322 004d D2010000 		.4byte	.LASF5
 323 0051 02       		.byte	0x2
 324 0052 36       		.byte	0x36
 325 0053 57000000 		.4byte	0x57
 326 0057 03       		.uleb128 0x3
 327 0058 02       		.byte	0x2
 328 0059 07       		.byte	0x7
 329 005a 1B020000 		.4byte	.LASF4
 330 005e 04       		.uleb128 0x4
 331 005f 45020000 		.4byte	.LASF6
 332 0063 02       		.byte	0x2
 333 0064 4F       		.byte	0x4f
 334 0065 69000000 		.4byte	0x69
 335 0069 03       		.uleb128 0x3
 336 006a 04       		.byte	0x4
 337 006b 05       		.byte	0x5
 338 006c 37010000 		.4byte	.LASF7
 339 0070 04       		.uleb128 0x4
 340 0071 B3010000 		.4byte	.LASF8
 341 0075 02       		.byte	0x2
 342 0076 50       		.byte	0x50
ARM GAS  /var/folders/5n/p_75w94d66l9ssrldxqdhh700000gn/T//ccbTdvHF.s 			page 7


 343 0077 7B000000 		.4byte	0x7b
 344 007b 03       		.uleb128 0x3
 345 007c 04       		.byte	0x4
 346 007d 07       		.byte	0x7
 347 007e E7010000 		.4byte	.LASF9
 348 0082 03       		.uleb128 0x3
 349 0083 08       		.byte	0x8
 350 0084 05       		.byte	0x5
 351 0085 16010000 		.4byte	.LASF10
 352 0089 03       		.uleb128 0x3
 353 008a 08       		.byte	0x8
 354 008b 07       		.byte	0x7
 355 008c 9C010000 		.4byte	.LASF11
 356 0090 04       		.uleb128 0x4
 357 0091 06010000 		.4byte	.LASF12
 358 0095 03       		.byte	0x3
 359 0096 3A       		.byte	0x3a
 360 0097 9B000000 		.4byte	0x9b
 361 009b 05       		.uleb128 0x5
 362 009c 70000000 		.4byte	0x70
 363 00a0 03       		.uleb128 0x3
 364 00a1 04       		.byte	0x4
 365 00a2 07       		.byte	0x7
 366 00a3 2B000000 		.4byte	.LASF13
 367 00a7 06       		.uleb128 0x6
 368 00a8 10       		.byte	0x10
 369 00a9 03       		.byte	0x3
 370 00aa F1       		.byte	0xf1
 371 00ab E8000000 		.4byte	0xe8
 372 00af 07       		.uleb128 0x7
 373 00b0 31010000 		.4byte	.LASF14
 374 00b4 03       		.byte	0x3
 375 00b5 F2       		.byte	0xf2
 376 00b6 90000000 		.4byte	0x90
 377 00ba 02       		.byte	0x2
 378 00bb 23       		.byte	0x23
 379 00bc 00       		.uleb128 0
 380 00bd 07       		.uleb128 0x7
 381 00be DF000000 		.4byte	.LASF15
 382 00c2 03       		.byte	0x3
 383 00c3 F3       		.byte	0xf3
 384 00c4 90000000 		.4byte	0x90
 385 00c8 02       		.byte	0x2
 386 00c9 23       		.byte	0x23
 387 00ca 04       		.uleb128 0x4
 388 00cb 07       		.uleb128 0x7
 389 00cc 00010000 		.4byte	.LASF16
 390 00d0 03       		.byte	0x3
 391 00d1 F4       		.byte	0xf4
 392 00d2 90000000 		.4byte	0x90
 393 00d6 02       		.byte	0x2
 394 00d7 23       		.byte	0x23
 395 00d8 08       		.uleb128 0x8
 396 00d9 07       		.uleb128 0x7
 397 00da 1B000000 		.4byte	.LASF17
 398 00de 03       		.byte	0x3
 399 00df F5       		.byte	0xf5
ARM GAS  /var/folders/5n/p_75w94d66l9ssrldxqdhh700000gn/T//ccbTdvHF.s 			page 8


 400 00e0 90000000 		.4byte	0x90
 401 00e4 02       		.byte	0x2
 402 00e5 23       		.byte	0x23
 403 00e6 0C       		.uleb128 0xc
 404 00e7 00       		.byte	0
 405 00e8 04       		.uleb128 0x4
 406 00e9 3D020000 		.4byte	.LASF18
 407 00ed 03       		.byte	0x3
 408 00ee F6       		.byte	0xf6
 409 00ef A7000000 		.4byte	0xa7
 410 00f3 08       		.uleb128 0x8
 411 00f4 20       		.byte	0x20
 412 00f5 03       		.byte	0x3
 413 00f6 0601     		.2byte	0x106
 414 00f8 75010000 		.4byte	0x175
 415 00fc 09       		.uleb128 0x9
 416 00fd BC000000 		.4byte	.LASF19
 417 0101 03       		.byte	0x3
 418 0102 0701     		.2byte	0x107
 419 0104 90000000 		.4byte	0x90
 420 0108 02       		.byte	0x2
 421 0109 23       		.byte	0x23
 422 010a 00       		.uleb128 0
 423 010b 09       		.uleb128 0x9
 424 010c 24010000 		.4byte	.LASF20
 425 0110 03       		.byte	0x3
 426 0111 0801     		.2byte	0x108
 427 0113 90000000 		.4byte	0x90
 428 0117 02       		.byte	0x2
 429 0118 23       		.byte	0x23
 430 0119 04       		.uleb128 0x4
 431 011a 09       		.uleb128 0x9
 432 011b D0000000 		.4byte	.LASF21
 433 011f 03       		.byte	0x3
 434 0120 0901     		.2byte	0x109
 435 0122 90000000 		.4byte	0x90
 436 0126 02       		.byte	0x2
 437 0127 23       		.byte	0x23
 438 0128 08       		.uleb128 0x8
 439 0129 09       		.uleb128 0x9
 440 012a 73010000 		.4byte	.LASF22
 441 012e 03       		.byte	0x3
 442 012f 0A01     		.2byte	0x10a
 443 0131 90000000 		.4byte	0x90
 444 0135 02       		.byte	0x2
 445 0136 23       		.byte	0x23
 446 0137 0C       		.uleb128 0xc
 447 0138 09       		.uleb128 0x9
 448 0139 A5020000 		.4byte	.LASF23
 449 013d 03       		.byte	0x3
 450 013e 0B01     		.2byte	0x10b
 451 0140 90000000 		.4byte	0x90
 452 0144 02       		.byte	0x2
 453 0145 23       		.byte	0x23
 454 0146 10       		.uleb128 0x10
 455 0147 09       		.uleb128 0x9
 456 0148 D9020000 		.4byte	.LASF24
ARM GAS  /var/folders/5n/p_75w94d66l9ssrldxqdhh700000gn/T//ccbTdvHF.s 			page 9


 457 014c 03       		.byte	0x3
 458 014d 0C01     		.2byte	0x10c
 459 014f 90000000 		.4byte	0x90
 460 0153 02       		.byte	0x2
 461 0154 23       		.byte	0x23
 462 0155 14       		.uleb128 0x14
 463 0156 09       		.uleb128 0x9
 464 0157 3E000000 		.4byte	.LASF25
 465 015b 03       		.byte	0x3
 466 015c 0D01     		.2byte	0x10d
 467 015e 90000000 		.4byte	0x90
 468 0162 02       		.byte	0x2
 469 0163 23       		.byte	0x23
 470 0164 18       		.uleb128 0x18
 471 0165 09       		.uleb128 0x9
 472 0166 39000000 		.4byte	.LASF26
 473 016a 03       		.byte	0x3
 474 016b 0E01     		.2byte	0x10e
 475 016d 90000000 		.4byte	0x90
 476 0171 02       		.byte	0x2
 477 0172 23       		.byte	0x23
 478 0173 1C       		.uleb128 0x1c
 479 0174 00       		.byte	0
 480 0175 0A       		.uleb128 0xa
 481 0176 57020000 		.4byte	.LASF27
 482 017a 03       		.byte	0x3
 483 017b 0F01     		.2byte	0x10f
 484 017d F3000000 		.4byte	0xf3
 485 0181 03       		.uleb128 0x3
 486 0182 01       		.byte	0x1
 487 0183 08       		.byte	0x8
 488 0184 38020000 		.4byte	.LASF28
 489 0188 0B       		.uleb128 0xb
 490 0189 9B000000 		.4byte	0x9b
 491 018d 0C       		.uleb128 0xc
 492 018e 70000000 		.4byte	0x70
 493 0192 9D010000 		.4byte	0x19d
 494 0196 0D       		.uleb128 0xd
 495 0197 A0000000 		.4byte	0xa0
 496 019b 01       		.byte	0x1
 497 019c 00       		.byte	0
 498 019d 08       		.uleb128 0x8
 499 019e 10       		.byte	0x10
 500 019f 04       		.byte	0x4
 501 01a0 4E02     		.2byte	0x24e
 502 01a2 E3010000 		.4byte	0x1e3
 503 01a6 09       		.uleb128 0x9
 504 01a7 BC000000 		.4byte	.LASF19
 505 01ab 04       		.byte	0x4
 506 01ac 5002     		.2byte	0x250
 507 01ae 9B000000 		.4byte	0x9b
 508 01b2 02       		.byte	0x2
 509 01b3 23       		.byte	0x23
 510 01b4 00       		.uleb128 0
 511 01b5 09       		.uleb128 0x9
 512 01b6 E0020000 		.4byte	.LASF29
 513 01ba 04       		.byte	0x4
ARM GAS  /var/folders/5n/p_75w94d66l9ssrldxqdhh700000gn/T//ccbTdvHF.s 			page 10


 514 01bb 5102     		.2byte	0x251
 515 01bd 9B000000 		.4byte	0x9b
 516 01c1 02       		.byte	0x2
 517 01c2 23       		.byte	0x23
 518 01c3 04       		.uleb128 0x4
 519 01c4 0E       		.uleb128 0xe
 520 01c5 56414C00 		.ascii	"VAL\000"
 521 01c9 04       		.byte	0x4
 522 01ca 5202     		.2byte	0x252
 523 01cc 9B000000 		.4byte	0x9b
 524 01d0 02       		.byte	0x2
 525 01d1 23       		.byte	0x23
 526 01d2 08       		.uleb128 0x8
 527 01d3 09       		.uleb128 0x9
 528 01d4 2B010000 		.4byte	.LASF30
 529 01d8 04       		.byte	0x4
 530 01d9 5302     		.2byte	0x253
 531 01db 88010000 		.4byte	0x188
 532 01df 02       		.byte	0x2
 533 01e0 23       		.byte	0x23
 534 01e1 0C       		.uleb128 0xc
 535 01e2 00       		.byte	0
 536 01e3 0A       		.uleb128 0xa
 537 01e4 0E020000 		.4byte	.LASF31
 538 01e8 04       		.byte	0x4
 539 01e9 5402     		.2byte	0x254
 540 01eb 9D010000 		.4byte	0x19d
 541 01ef 05       		.uleb128 0x5
 542 01f0 5E000000 		.4byte	0x5e
 543 01f4 08       		.uleb128 0x8
 544 01f5 18       		.byte	0x18
 545 01f6 05       		.byte	0x5
 546 01f7 4102     		.2byte	0x241
 547 01f9 56020000 		.4byte	0x256
 548 01fd 0E       		.uleb128 0xe
 549 01fe 41435200 		.ascii	"ACR\000"
 550 0202 05       		.byte	0x5
 551 0203 4302     		.2byte	0x243
 552 0205 9B000000 		.4byte	0x9b
 553 0209 02       		.byte	0x2
 554 020a 23       		.byte	0x23
 555 020b 00       		.uleb128 0
 556 020c 09       		.uleb128 0x9
 557 020d 6E010000 		.4byte	.LASF32
 558 0211 05       		.byte	0x5
 559 0212 4402     		.2byte	0x244
 560 0214 9B000000 		.4byte	0x9b
 561 0218 02       		.byte	0x2
 562 0219 23       		.byte	0x23
 563 021a 04       		.uleb128 0x4
 564 021b 09       		.uleb128 0x9
 565 021c 0E010000 		.4byte	.LASF33
 566 0220 05       		.byte	0x5
 567 0221 4502     		.2byte	0x245
 568 0223 9B000000 		.4byte	0x9b
 569 0227 02       		.byte	0x2
 570 0228 23       		.byte	0x23
ARM GAS  /var/folders/5n/p_75w94d66l9ssrldxqdhh700000gn/T//ccbTdvHF.s 			page 11


 571 0229 08       		.uleb128 0x8
 572 022a 0E       		.uleb128 0xe
 573 022b 535200   		.ascii	"SR\000"
 574 022e 05       		.byte	0x5
 575 022f 4602     		.2byte	0x246
 576 0231 9B000000 		.4byte	0x9b
 577 0235 02       		.byte	0x2
 578 0236 23       		.byte	0x23
 579 0237 0C       		.uleb128 0xc
 580 0238 0E       		.uleb128 0xe
 581 0239 435200   		.ascii	"CR\000"
 582 023c 05       		.byte	0x5
 583 023d 4702     		.2byte	0x247
 584 023f 9B000000 		.4byte	0x9b
 585 0243 02       		.byte	0x2
 586 0244 23       		.byte	0x23
 587 0245 10       		.uleb128 0x10
 588 0246 09       		.uleb128 0x9
 589 0247 1C030000 		.4byte	.LASF34
 590 024b 05       		.byte	0x5
 591 024c 4802     		.2byte	0x248
 592 024e 9B000000 		.4byte	0x9b
 593 0252 02       		.byte	0x2
 594 0253 23       		.byte	0x23
 595 0254 14       		.uleb128 0x14
 596 0255 00       		.byte	0
 597 0256 0A       		.uleb128 0xa
 598 0257 F7020000 		.4byte	.LASF35
 599 025b 05       		.byte	0x5
 600 025c 4902     		.2byte	0x249
 601 025e F4010000 		.4byte	0x1f4
 602 0262 08       		.uleb128 0x8
 603 0263 08       		.byte	0x8
 604 0264 05       		.byte	0x5
 605 0265 D102     		.2byte	0x2d1
 606 0267 89020000 		.4byte	0x289
 607 026b 0E       		.uleb128 0xe
 608 026c 435200   		.ascii	"CR\000"
 609 026f 05       		.byte	0x5
 610 0270 D302     		.2byte	0x2d3
 611 0272 9B000000 		.4byte	0x9b
 612 0276 02       		.byte	0x2
 613 0277 23       		.byte	0x23
 614 0278 00       		.uleb128 0
 615 0279 0E       		.uleb128 0xe
 616 027a 43535200 		.ascii	"CSR\000"
 617 027e 05       		.byte	0x5
 618 027f D402     		.2byte	0x2d4
 619 0281 9B000000 		.4byte	0x9b
 620 0285 02       		.byte	0x2
 621 0286 23       		.byte	0x23
 622 0287 04       		.uleb128 0x4
 623 0288 00       		.byte	0
 624 0289 0A       		.uleb128 0xa
 625 028a 51000000 		.4byte	.LASF36
 626 028e 05       		.byte	0x5
 627 028f D502     		.2byte	0x2d5
ARM GAS  /var/folders/5n/p_75w94d66l9ssrldxqdhh700000gn/T//ccbTdvHF.s 			page 12


 628 0291 62020000 		.4byte	0x262
 629 0295 08       		.uleb128 0x8
 630 0296 88       		.byte	0x88
 631 0297 05       		.byte	0x5
 632 0298 DB02     		.2byte	0x2db
 633 029a 62040000 		.4byte	0x462
 634 029e 0E       		.uleb128 0xe
 635 029f 435200   		.ascii	"CR\000"
 636 02a2 05       		.byte	0x5
 637 02a3 DD02     		.2byte	0x2dd
 638 02a5 9B000000 		.4byte	0x9b
 639 02a9 02       		.byte	0x2
 640 02aa 23       		.byte	0x23
 641 02ab 00       		.uleb128 0
 642 02ac 09       		.uleb128 0x9
 643 02ad 06020000 		.4byte	.LASF37
 644 02b1 05       		.byte	0x5
 645 02b2 DE02     		.2byte	0x2de
 646 02b4 9B000000 		.4byte	0x9b
 647 02b8 02       		.byte	0x2
 648 02b9 23       		.byte	0x23
 649 02ba 04       		.uleb128 0x4
 650 02bb 09       		.uleb128 0x9
 651 02bc CB000000 		.4byte	.LASF38
 652 02c0 05       		.byte	0x5
 653 02c1 DF02     		.2byte	0x2df
 654 02c3 9B000000 		.4byte	0x9b
 655 02c7 02       		.byte	0x2
 656 02c8 23       		.byte	0x23
 657 02c9 08       		.uleb128 0x8
 658 02ca 0E       		.uleb128 0xe
 659 02cb 43495200 		.ascii	"CIR\000"
 660 02cf 05       		.byte	0x5
 661 02d0 E002     		.2byte	0x2e0
 662 02d2 9B000000 		.4byte	0x9b
 663 02d6 02       		.byte	0x2
 664 02d7 23       		.byte	0x23
 665 02d8 0C       		.uleb128 0xc
 666 02d9 09       		.uleb128 0x9
 667 02da E5020000 		.4byte	.LASF39
 668 02de 05       		.byte	0x5
 669 02df E102     		.2byte	0x2e1
 670 02e1 9B000000 		.4byte	0x9b
 671 02e5 02       		.byte	0x2
 672 02e6 23       		.byte	0x23
 673 02e7 10       		.uleb128 0x10
 674 02e8 09       		.uleb128 0x9
 675 02e9 C9010000 		.4byte	.LASF40
 676 02ed 05       		.byte	0x5
 677 02ee E202     		.2byte	0x2e2
 678 02f0 9B000000 		.4byte	0x9b
 679 02f4 02       		.byte	0x2
 680 02f5 23       		.byte	0x23
 681 02f6 14       		.uleb128 0x14
 682 02f7 09       		.uleb128 0x9
 683 02f8 EE020000 		.4byte	.LASF41
 684 02fc 05       		.byte	0x5
ARM GAS  /var/folders/5n/p_75w94d66l9ssrldxqdhh700000gn/T//ccbTdvHF.s 			page 13


 685 02fd E302     		.2byte	0x2e3
 686 02ff 9B000000 		.4byte	0x9b
 687 0303 02       		.byte	0x2
 688 0304 23       		.byte	0x23
 689 0305 18       		.uleb128 0x18
 690 0306 09       		.uleb128 0x9
 691 0307 5F020000 		.4byte	.LASF42
 692 030b 05       		.byte	0x5
 693 030c E402     		.2byte	0x2e4
 694 030e 70000000 		.4byte	0x70
 695 0312 02       		.byte	0x2
 696 0313 23       		.byte	0x23
 697 0314 1C       		.uleb128 0x1c
 698 0315 09       		.uleb128 0x9
 699 0316 0A000000 		.4byte	.LASF43
 700 031a 05       		.byte	0x5
 701 031b E502     		.2byte	0x2e5
 702 031d 9B000000 		.4byte	0x9b
 703 0321 02       		.byte	0x2
 704 0322 23       		.byte	0x23
 705 0323 20       		.uleb128 0x20
 706 0324 09       		.uleb128 0x9
 707 0325 4C010000 		.4byte	.LASF44
 708 0329 05       		.byte	0x5
 709 032a E602     		.2byte	0x2e6
 710 032c 9B000000 		.4byte	0x9b
 711 0330 02       		.byte	0x2
 712 0331 23       		.byte	0x23
 713 0332 24       		.uleb128 0x24
 714 0333 09       		.uleb128 0x9
 715 0334 69020000 		.4byte	.LASF45
 716 0338 05       		.byte	0x5
 717 0339 E702     		.2byte	0x2e7
 718 033b 8D010000 		.4byte	0x18d
 719 033f 02       		.byte	0x2
 720 0340 23       		.byte	0x23
 721 0341 28       		.uleb128 0x28
 722 0342 09       		.uleb128 0x9
 723 0343 5D000000 		.4byte	.LASF46
 724 0347 05       		.byte	0x5
 725 0348 E802     		.2byte	0x2e8
 726 034a 9B000000 		.4byte	0x9b
 727 034e 02       		.byte	0x2
 728 034f 23       		.byte	0x23
 729 0350 30       		.uleb128 0x30
 730 0351 09       		.uleb128 0x9
 731 0352 13000000 		.4byte	.LASF47
 732 0356 05       		.byte	0x5
 733 0357 E902     		.2byte	0x2e9
 734 0359 9B000000 		.4byte	0x9b
 735 035d 02       		.byte	0x2
 736 035e 23       		.byte	0x23
 737 035f 34       		.uleb128 0x34
 738 0360 09       		.uleb128 0x9
 739 0361 66010000 		.4byte	.LASF48
 740 0365 05       		.byte	0x5
 741 0366 EA02     		.2byte	0x2ea
ARM GAS  /var/folders/5n/p_75w94d66l9ssrldxqdhh700000gn/T//ccbTdvHF.s 			page 14


 742 0368 9B000000 		.4byte	0x9b
 743 036c 02       		.byte	0x2
 744 036d 23       		.byte	0x23
 745 036e 38       		.uleb128 0x38
 746 036f 09       		.uleb128 0x9
 747 0370 73020000 		.4byte	.LASF49
 748 0374 05       		.byte	0x5
 749 0375 EB02     		.2byte	0x2eb
 750 0377 70000000 		.4byte	0x70
 751 037b 02       		.byte	0x2
 752 037c 23       		.byte	0x23
 753 037d 3C       		.uleb128 0x3c
 754 037e 09       		.uleb128 0x9
 755 037f D7000000 		.4byte	.LASF50
 756 0383 05       		.byte	0x5
 757 0384 EC02     		.2byte	0x2ec
 758 0386 9B000000 		.4byte	0x9b
 759 038a 02       		.byte	0x2
 760 038b 23       		.byte	0x23
 761 038c 40       		.uleb128 0x40
 762 038d 09       		.uleb128 0x9
 763 038e 88010000 		.4byte	.LASF51
 764 0392 05       		.byte	0x5
 765 0393 ED02     		.2byte	0x2ed
 766 0395 9B000000 		.4byte	0x9b
 767 0399 02       		.byte	0x2
 768 039a 23       		.byte	0x23
 769 039b 44       		.uleb128 0x44
 770 039c 09       		.uleb128 0x9
 771 039d 7D020000 		.4byte	.LASF52
 772 03a1 05       		.byte	0x5
 773 03a2 EE02     		.2byte	0x2ee
 774 03a4 8D010000 		.4byte	0x18d
 775 03a8 02       		.byte	0x2
 776 03a9 23       		.byte	0x23
 777 03aa 48       		.uleb128 0x48
 778 03ab 09       		.uleb128 0x9
 779 03ac 00000000 		.4byte	.LASF53
 780 03b0 05       		.byte	0x5
 781 03b1 EF02     		.2byte	0x2ef
 782 03b3 9B000000 		.4byte	0x9b
 783 03b7 02       		.byte	0x2
 784 03b8 23       		.byte	0x23
 785 03b9 50       		.uleb128 0x50
 786 03ba 09       		.uleb128 0x9
 787 03bb 4D020000 		.4byte	.LASF54
 788 03bf 05       		.byte	0x5
 789 03c0 F002     		.2byte	0x2f0
 790 03c2 9B000000 		.4byte	0x9b
 791 03c6 02       		.byte	0x2
 792 03c7 23       		.byte	0x23
 793 03c8 54       		.uleb128 0x54
 794 03c9 09       		.uleb128 0x9
 795 03ca C1000000 		.4byte	.LASF55
 796 03ce 05       		.byte	0x5
 797 03cf F102     		.2byte	0x2f1
 798 03d1 9B000000 		.4byte	0x9b
ARM GAS  /var/folders/5n/p_75w94d66l9ssrldxqdhh700000gn/T//ccbTdvHF.s 			page 15


 799 03d5 02       		.byte	0x2
 800 03d6 23       		.byte	0x23
 801 03d7 58       		.uleb128 0x58
 802 03d8 09       		.uleb128 0x9
 803 03d9 87020000 		.4byte	.LASF56
 804 03dd 05       		.byte	0x5
 805 03de F202     		.2byte	0x2f2
 806 03e0 70000000 		.4byte	0x70
 807 03e4 02       		.byte	0x2
 808 03e5 23       		.byte	0x23
 809 03e6 5C       		.uleb128 0x5c
 810 03e7 09       		.uleb128 0x9
 811 03e8 2E020000 		.4byte	.LASF57
 812 03ec 05       		.byte	0x5
 813 03ed F302     		.2byte	0x2f3
 814 03ef 9B000000 		.4byte	0x9b
 815 03f3 02       		.byte	0x2
 816 03f4 23       		.byte	0x23
 817 03f5 60       		.uleb128 0x60
 818 03f6 09       		.uleb128 0x9
 819 03f7 12030000 		.4byte	.LASF58
 820 03fb 05       		.byte	0x5
 821 03fc F402     		.2byte	0x2f4
 822 03fe 9B000000 		.4byte	0x9b
 823 0402 02       		.byte	0x2
 824 0403 23       		.byte	0x23
 825 0404 64       		.uleb128 0x64
 826 0405 09       		.uleb128 0x9
 827 0406 91020000 		.4byte	.LASF59
 828 040a 05       		.byte	0x5
 829 040b F502     		.2byte	0x2f5
 830 040d 8D010000 		.4byte	0x18d
 831 0411 02       		.byte	0x2
 832 0412 23       		.byte	0x23
 833 0413 68       		.uleb128 0x68
 834 0414 09       		.uleb128 0x9
 835 0415 34000000 		.4byte	.LASF60
 836 0419 05       		.byte	0x5
 837 041a F602     		.2byte	0x2f6
 838 041c 9B000000 		.4byte	0x9b
 839 0420 02       		.byte	0x2
 840 0421 23       		.byte	0x23
 841 0422 70       		.uleb128 0x70
 842 0423 0E       		.uleb128 0xe
 843 0424 43535200 		.ascii	"CSR\000"
 844 0428 05       		.byte	0x5
 845 0429 F702     		.2byte	0x2f7
 846 042b 9B000000 		.4byte	0x9b
 847 042f 02       		.byte	0x2
 848 0430 23       		.byte	0x23
 849 0431 74       		.uleb128 0x74
 850 0432 09       		.uleb128 0x9
 851 0433 9B020000 		.4byte	.LASF61
 852 0437 05       		.byte	0x5
 853 0438 F802     		.2byte	0x2f8
 854 043a 8D010000 		.4byte	0x18d
 855 043e 02       		.byte	0x2
ARM GAS  /var/folders/5n/p_75w94d66l9ssrldxqdhh700000gn/T//ccbTdvHF.s 			page 16


 856 043f 23       		.byte	0x23
 857 0440 78       		.uleb128 0x78
 858 0441 09       		.uleb128 0x9
 859 0442 65000000 		.4byte	.LASF62
 860 0446 05       		.byte	0x5
 861 0447 F902     		.2byte	0x2f9
 862 0449 9B000000 		.4byte	0x9b
 863 044d 03       		.byte	0x3
 864 044e 23       		.byte	0x23
 865 044f 8001     		.uleb128 0x80
 866 0451 09       		.uleb128 0x9
 867 0452 46000000 		.4byte	.LASF63
 868 0456 05       		.byte	0x5
 869 0457 FA02     		.2byte	0x2fa
 870 0459 9B000000 		.4byte	0x9b
 871 045d 03       		.byte	0x3
 872 045e 23       		.byte	0x23
 873 045f 8401     		.uleb128 0x84
 874 0461 00       		.byte	0
 875 0462 0A       		.uleb128 0xa
 876 0463 40010000 		.4byte	.LASF64
 877 0467 05       		.byte	0x5
 878 0468 FB02     		.2byte	0x2fb
 879 046a 95020000 		.4byte	0x295
 880 046e 0F       		.uleb128 0xf
 881 046f E5000000 		.4byte	.LASF68
 882 0473 01       		.byte	0x1
 883 0474 36       		.byte	0x36
 884 0475 01       		.byte	0x1
 885 0476 01       		.byte	0x1
 886 0477 10       		.uleb128 0x10
 887 0478 01       		.byte	0x1
 888 0479 F9010000 		.4byte	.LASF69
 889 047d 01       		.byte	0x1
 890 047e 63       		.byte	0x63
 891 047f 01       		.byte	0x1
 892 0480 00000000 		.4byte	.LFB118
 893 0484 C0000000 		.4byte	.LFE118
 894 0488 00000000 		.4byte	.LLST0
 895 048c 01       		.byte	0x1
 896 048d A1040000 		.4byte	0x4a1
 897 0491 11       		.uleb128 0x11
 898 0492 6E040000 		.4byte	0x46e
 899 0496 74000000 		.4byte	.LBB4
 900 049a 00000000 		.4byte	.Ldebug_ranges0+0
 901 049e 01       		.byte	0x1
 902 049f 7C       		.byte	0x7c
 903 04a0 00       		.byte	0
 904 04a1 12       		.uleb128 0x12
 905 04a2 01       		.byte	0x1
 906 04a3 55010000 		.4byte	.LASF70
 907 04a7 01       		.byte	0x1
 908 04a8 8F       		.byte	0x8f
 909 04a9 01       		.byte	0x1
 910 04aa 00000000 		.4byte	.LFB119
 911 04ae DE000000 		.4byte	.LFE119
 912 04b2 02       		.byte	0x2
ARM GAS  /var/folders/5n/p_75w94d66l9ssrldxqdhh700000gn/T//ccbTdvHF.s 			page 17


 913 04b3 7D       		.byte	0x7d
 914 04b4 00       		.sleb128 0
 915 04b5 01       		.byte	0x1
 916 04b6 13       		.uleb128 0x13
 917 04b7 05030000 		.4byte	.LASF71
 918 04bb 04       		.byte	0x4
 919 04bc 1A05     		.2byte	0x51a
 920 04be EF010000 		.4byte	0x1ef
 921 04c2 01       		.byte	0x1
 922 04c3 01       		.byte	0x1
 923 04c4 00       		.byte	0
 924              		.section	.debug_abbrev,"",%progbits
 925              	.Ldebug_abbrev0:
 926 0000 01       		.uleb128 0x1
 927 0001 11       		.uleb128 0x11
 928 0002 01       		.byte	0x1
 929 0003 25       		.uleb128 0x25
 930 0004 0E       		.uleb128 0xe
 931 0005 13       		.uleb128 0x13
 932 0006 0B       		.uleb128 0xb
 933 0007 03       		.uleb128 0x3
 934 0008 0E       		.uleb128 0xe
 935 0009 1B       		.uleb128 0x1b
 936 000a 0E       		.uleb128 0xe
 937 000b 55       		.uleb128 0x55
 938 000c 06       		.uleb128 0x6
 939 000d 11       		.uleb128 0x11
 940 000e 01       		.uleb128 0x1
 941 000f 52       		.uleb128 0x52
 942 0010 01       		.uleb128 0x1
 943 0011 10       		.uleb128 0x10
 944 0012 06       		.uleb128 0x6
 945 0013 00       		.byte	0
 946 0014 00       		.byte	0
 947 0015 02       		.uleb128 0x2
 948 0016 24       		.uleb128 0x24
 949 0017 00       		.byte	0
 950 0018 0B       		.uleb128 0xb
 951 0019 0B       		.uleb128 0xb
 952 001a 3E       		.uleb128 0x3e
 953 001b 0B       		.uleb128 0xb
 954 001c 03       		.uleb128 0x3
 955 001d 08       		.uleb128 0x8
 956 001e 00       		.byte	0
 957 001f 00       		.byte	0
 958 0020 03       		.uleb128 0x3
 959 0021 24       		.uleb128 0x24
 960 0022 00       		.byte	0
 961 0023 0B       		.uleb128 0xb
 962 0024 0B       		.uleb128 0xb
 963 0025 3E       		.uleb128 0x3e
 964 0026 0B       		.uleb128 0xb
 965 0027 03       		.uleb128 0x3
 966 0028 0E       		.uleb128 0xe
 967 0029 00       		.byte	0
 968 002a 00       		.byte	0
 969 002b 04       		.uleb128 0x4
ARM GAS  /var/folders/5n/p_75w94d66l9ssrldxqdhh700000gn/T//ccbTdvHF.s 			page 18


 970 002c 16       		.uleb128 0x16
 971 002d 00       		.byte	0
 972 002e 03       		.uleb128 0x3
 973 002f 0E       		.uleb128 0xe
 974 0030 3A       		.uleb128 0x3a
 975 0031 0B       		.uleb128 0xb
 976 0032 3B       		.uleb128 0x3b
 977 0033 0B       		.uleb128 0xb
 978 0034 49       		.uleb128 0x49
 979 0035 13       		.uleb128 0x13
 980 0036 00       		.byte	0
 981 0037 00       		.byte	0
 982 0038 05       		.uleb128 0x5
 983 0039 35       		.uleb128 0x35
 984 003a 00       		.byte	0
 985 003b 49       		.uleb128 0x49
 986 003c 13       		.uleb128 0x13
 987 003d 00       		.byte	0
 988 003e 00       		.byte	0
 989 003f 06       		.uleb128 0x6
 990 0040 13       		.uleb128 0x13
 991 0041 01       		.byte	0x1
 992 0042 0B       		.uleb128 0xb
 993 0043 0B       		.uleb128 0xb
 994 0044 3A       		.uleb128 0x3a
 995 0045 0B       		.uleb128 0xb
 996 0046 3B       		.uleb128 0x3b
 997 0047 0B       		.uleb128 0xb
 998 0048 01       		.uleb128 0x1
 999 0049 13       		.uleb128 0x13
 1000 004a 00       		.byte	0
 1001 004b 00       		.byte	0
 1002 004c 07       		.uleb128 0x7
 1003 004d 0D       		.uleb128 0xd
 1004 004e 00       		.byte	0
 1005 004f 03       		.uleb128 0x3
 1006 0050 0E       		.uleb128 0xe
 1007 0051 3A       		.uleb128 0x3a
 1008 0052 0B       		.uleb128 0xb
 1009 0053 3B       		.uleb128 0x3b
 1010 0054 0B       		.uleb128 0xb
 1011 0055 49       		.uleb128 0x49
 1012 0056 13       		.uleb128 0x13
 1013 0057 38       		.uleb128 0x38
 1014 0058 0A       		.uleb128 0xa
 1015 0059 00       		.byte	0
 1016 005a 00       		.byte	0
 1017 005b 08       		.uleb128 0x8
 1018 005c 13       		.uleb128 0x13
 1019 005d 01       		.byte	0x1
 1020 005e 0B       		.uleb128 0xb
 1021 005f 0B       		.uleb128 0xb
 1022 0060 3A       		.uleb128 0x3a
 1023 0061 0B       		.uleb128 0xb
 1024 0062 3B       		.uleb128 0x3b
 1025 0063 05       		.uleb128 0x5
 1026 0064 01       		.uleb128 0x1
ARM GAS  /var/folders/5n/p_75w94d66l9ssrldxqdhh700000gn/T//ccbTdvHF.s 			page 19


 1027 0065 13       		.uleb128 0x13
 1028 0066 00       		.byte	0
 1029 0067 00       		.byte	0
 1030 0068 09       		.uleb128 0x9
 1031 0069 0D       		.uleb128 0xd
 1032 006a 00       		.byte	0
 1033 006b 03       		.uleb128 0x3
 1034 006c 0E       		.uleb128 0xe
 1035 006d 3A       		.uleb128 0x3a
 1036 006e 0B       		.uleb128 0xb
 1037 006f 3B       		.uleb128 0x3b
 1038 0070 05       		.uleb128 0x5
 1039 0071 49       		.uleb128 0x49
 1040 0072 13       		.uleb128 0x13
 1041 0073 38       		.uleb128 0x38
 1042 0074 0A       		.uleb128 0xa
 1043 0075 00       		.byte	0
 1044 0076 00       		.byte	0
 1045 0077 0A       		.uleb128 0xa
 1046 0078 16       		.uleb128 0x16
 1047 0079 00       		.byte	0
 1048 007a 03       		.uleb128 0x3
 1049 007b 0E       		.uleb128 0xe
 1050 007c 3A       		.uleb128 0x3a
 1051 007d 0B       		.uleb128 0xb
 1052 007e 3B       		.uleb128 0x3b
 1053 007f 05       		.uleb128 0x5
 1054 0080 49       		.uleb128 0x49
 1055 0081 13       		.uleb128 0x13
 1056 0082 00       		.byte	0
 1057 0083 00       		.byte	0
 1058 0084 0B       		.uleb128 0xb
 1059 0085 26       		.uleb128 0x26
 1060 0086 00       		.byte	0
 1061 0087 49       		.uleb128 0x49
 1062 0088 13       		.uleb128 0x13
 1063 0089 00       		.byte	0
 1064 008a 00       		.byte	0
 1065 008b 0C       		.uleb128 0xc
 1066 008c 01       		.uleb128 0x1
 1067 008d 01       		.byte	0x1
 1068 008e 49       		.uleb128 0x49
 1069 008f 13       		.uleb128 0x13
 1070 0090 01       		.uleb128 0x1
 1071 0091 13       		.uleb128 0x13
 1072 0092 00       		.byte	0
 1073 0093 00       		.byte	0
 1074 0094 0D       		.uleb128 0xd
 1075 0095 21       		.uleb128 0x21
 1076 0096 00       		.byte	0
 1077 0097 49       		.uleb128 0x49
 1078 0098 13       		.uleb128 0x13
 1079 0099 2F       		.uleb128 0x2f
 1080 009a 0B       		.uleb128 0xb
 1081 009b 00       		.byte	0
 1082 009c 00       		.byte	0
 1083 009d 0E       		.uleb128 0xe
ARM GAS  /var/folders/5n/p_75w94d66l9ssrldxqdhh700000gn/T//ccbTdvHF.s 			page 20


 1084 009e 0D       		.uleb128 0xd
 1085 009f 00       		.byte	0
 1086 00a0 03       		.uleb128 0x3
 1087 00a1 08       		.uleb128 0x8
 1088 00a2 3A       		.uleb128 0x3a
 1089 00a3 0B       		.uleb128 0xb
 1090 00a4 3B       		.uleb128 0x3b
 1091 00a5 05       		.uleb128 0x5
 1092 00a6 49       		.uleb128 0x49
 1093 00a7 13       		.uleb128 0x13
 1094 00a8 38       		.uleb128 0x38
 1095 00a9 0A       		.uleb128 0xa
 1096 00aa 00       		.byte	0
 1097 00ab 00       		.byte	0
 1098 00ac 0F       		.uleb128 0xf
 1099 00ad 2E       		.uleb128 0x2e
 1100 00ae 00       		.byte	0
 1101 00af 03       		.uleb128 0x3
 1102 00b0 0E       		.uleb128 0xe
 1103 00b1 3A       		.uleb128 0x3a
 1104 00b2 0B       		.uleb128 0xb
 1105 00b3 3B       		.uleb128 0x3b
 1106 00b4 0B       		.uleb128 0xb
 1107 00b5 27       		.uleb128 0x27
 1108 00b6 0C       		.uleb128 0xc
 1109 00b7 20       		.uleb128 0x20
 1110 00b8 0B       		.uleb128 0xb
 1111 00b9 00       		.byte	0
 1112 00ba 00       		.byte	0
 1113 00bb 10       		.uleb128 0x10
 1114 00bc 2E       		.uleb128 0x2e
 1115 00bd 01       		.byte	0x1
 1116 00be 3F       		.uleb128 0x3f
 1117 00bf 0C       		.uleb128 0xc
 1118 00c0 03       		.uleb128 0x3
 1119 00c1 0E       		.uleb128 0xe
 1120 00c2 3A       		.uleb128 0x3a
 1121 00c3 0B       		.uleb128 0xb
 1122 00c4 3B       		.uleb128 0x3b
 1123 00c5 0B       		.uleb128 0xb
 1124 00c6 27       		.uleb128 0x27
 1125 00c7 0C       		.uleb128 0xc
 1126 00c8 11       		.uleb128 0x11
 1127 00c9 01       		.uleb128 0x1
 1128 00ca 12       		.uleb128 0x12
 1129 00cb 01       		.uleb128 0x1
 1130 00cc 40       		.uleb128 0x40
 1131 00cd 06       		.uleb128 0x6
 1132 00ce 9742     		.uleb128 0x2117
 1133 00d0 0C       		.uleb128 0xc
 1134 00d1 01       		.uleb128 0x1
 1135 00d2 13       		.uleb128 0x13
 1136 00d3 00       		.byte	0
 1137 00d4 00       		.byte	0
 1138 00d5 11       		.uleb128 0x11
 1139 00d6 1D       		.uleb128 0x1d
 1140 00d7 00       		.byte	0
ARM GAS  /var/folders/5n/p_75w94d66l9ssrldxqdhh700000gn/T//ccbTdvHF.s 			page 21


 1141 00d8 31       		.uleb128 0x31
 1142 00d9 13       		.uleb128 0x13
 1143 00da 52       		.uleb128 0x52
 1144 00db 01       		.uleb128 0x1
 1145 00dc 55       		.uleb128 0x55
 1146 00dd 06       		.uleb128 0x6
 1147 00de 58       		.uleb128 0x58
 1148 00df 0B       		.uleb128 0xb
 1149 00e0 59       		.uleb128 0x59
 1150 00e1 0B       		.uleb128 0xb
 1151 00e2 00       		.byte	0
 1152 00e3 00       		.byte	0
 1153 00e4 12       		.uleb128 0x12
 1154 00e5 2E       		.uleb128 0x2e
 1155 00e6 00       		.byte	0
 1156 00e7 3F       		.uleb128 0x3f
 1157 00e8 0C       		.uleb128 0xc
 1158 00e9 03       		.uleb128 0x3
 1159 00ea 0E       		.uleb128 0xe
 1160 00eb 3A       		.uleb128 0x3a
 1161 00ec 0B       		.uleb128 0xb
 1162 00ed 3B       		.uleb128 0x3b
 1163 00ee 0B       		.uleb128 0xb
 1164 00ef 27       		.uleb128 0x27
 1165 00f0 0C       		.uleb128 0xc
 1166 00f1 11       		.uleb128 0x11
 1167 00f2 01       		.uleb128 0x1
 1168 00f3 12       		.uleb128 0x12
 1169 00f4 01       		.uleb128 0x1
 1170 00f5 40       		.uleb128 0x40
 1171 00f6 0A       		.uleb128 0xa
 1172 00f7 9742     		.uleb128 0x2117
 1173 00f9 0C       		.uleb128 0xc
 1174 00fa 00       		.byte	0
 1175 00fb 00       		.byte	0
 1176 00fc 13       		.uleb128 0x13
 1177 00fd 34       		.uleb128 0x34
 1178 00fe 00       		.byte	0
 1179 00ff 03       		.uleb128 0x3
 1180 0100 0E       		.uleb128 0xe
 1181 0101 3A       		.uleb128 0x3a
 1182 0102 0B       		.uleb128 0xb
 1183 0103 3B       		.uleb128 0x3b
 1184 0104 05       		.uleb128 0x5
 1185 0105 49       		.uleb128 0x49
 1186 0106 13       		.uleb128 0x13
 1187 0107 3F       		.uleb128 0x3f
 1188 0108 0C       		.uleb128 0xc
 1189 0109 3C       		.uleb128 0x3c
 1190 010a 0C       		.uleb128 0xc
 1191 010b 00       		.byte	0
 1192 010c 00       		.byte	0
 1193 010d 00       		.byte	0
 1194              		.section	.debug_loc,"",%progbits
 1195              	.Ldebug_loc0:
 1196              	.LLST0:
 1197 0000 00000000 		.4byte	.LFB118
ARM GAS  /var/folders/5n/p_75w94d66l9ssrldxqdhh700000gn/T//ccbTdvHF.s 			page 22


 1198 0004 12000000 		.4byte	.LCFI0
 1199 0008 0200     		.2byte	0x2
 1200 000a 7D       		.byte	0x7d
 1201 000b 00       		.sleb128 0
 1202 000c 12000000 		.4byte	.LCFI0
 1203 0010 C0000000 		.4byte	.LFE118
 1204 0014 0200     		.2byte	0x2
 1205 0016 7D       		.byte	0x7d
 1206 0017 08       		.sleb128 8
 1207 0018 00000000 		.4byte	0
 1208 001c 00000000 		.4byte	0
 1209              		.section	.debug_aranges,"",%progbits
 1210 0000 24000000 		.4byte	0x24
 1211 0004 0200     		.2byte	0x2
 1212 0006 00000000 		.4byte	.Ldebug_info0
 1213 000a 04       		.byte	0x4
 1214 000b 00       		.byte	0
 1215 000c 0000     		.2byte	0
 1216 000e 0000     		.2byte	0
 1217 0010 00000000 		.4byte	.LFB118
 1218 0014 C0000000 		.4byte	.LFE118-.LFB118
 1219 0018 00000000 		.4byte	.LFB119
 1220 001c DE000000 		.4byte	.LFE119-.LFB119
 1221 0020 00000000 		.4byte	0
 1222 0024 00000000 		.4byte	0
 1223              		.section	.debug_ranges,"",%progbits
 1224              	.Ldebug_ranges0:
 1225 0000 74000000 		.4byte	.LBB4
 1226 0004 7C000000 		.4byte	.LBE4
 1227 0008 82000000 		.4byte	.LBB7
 1228 000c BC000000 		.4byte	.LBE7
 1229 0010 00000000 		.4byte	0
 1230 0014 00000000 		.4byte	0
 1231 0018 00000000 		.4byte	.LFB118
 1232 001c C0000000 		.4byte	.LFE118
 1233 0020 00000000 		.4byte	.LFB119
 1234 0024 DE000000 		.4byte	.LFE119
 1235 0028 00000000 		.4byte	0
 1236 002c 00000000 		.4byte	0
 1237              		.section	.debug_line,"",%progbits
 1238              	.Ldebug_line0:
 1239 0000 A1010000 		.section	.debug_str,"MS",%progbits,1
 1239      02000B01 
 1239      00000201 
 1239      FB0E0D00 
 1239      01010101 
 1240              	.LASF53:
 1241 0000 41484231 		.ascii	"AHB1LPENR\000"
 1241      4C50454E 
 1241      5200
 1242              	.LASF43:
 1243 000a 41504231 		.ascii	"APB1RSTR\000"
 1243      52535452 
 1243      00
 1244              	.LASF47:
 1245 0013 41484232 		.ascii	"AHB2ENR\000"
 1245      454E5200 
ARM GAS  /var/folders/5n/p_75w94d66l9ssrldxqdhh700000gn/T//ccbTdvHF.s 			page 23


 1246              	.LASF17:
 1247 001b 44454D43 		.ascii	"DEMCR\000"
 1247      5200
 1248              	.LASF3:
 1249 0021 73686F72 		.ascii	"short int\000"
 1249      7420696E 
 1249      7400
 1250              	.LASF13:
 1251 002b 73697A65 		.ascii	"sizetype\000"
 1251      74797065 
 1251      00
 1252              	.LASF60:
 1253 0034 42444352 		.ascii	"BDCR\000"
 1253      00
 1254              	.LASF26:
 1255 0039 50435352 		.ascii	"PCSR\000"
 1255      00
 1256              	.LASF25:
 1257 003e 464F4C44 		.ascii	"FOLDCNT\000"
 1257      434E5400 
 1258              	.LASF63:
 1259 0046 504C4C49 		.ascii	"PLLI2SCFGR\000"
 1259      32534346 
 1259      475200
 1260              	.LASF36:
 1261 0051 5057525F 		.ascii	"PWR_TypeDef\000"
 1261      54797065 
 1261      44656600 
 1262              	.LASF46:
 1263 005d 41484231 		.ascii	"AHB1ENR\000"
 1263      454E5200 
 1264              	.LASF62:
 1265 0065 53534347 		.ascii	"SSCGR\000"
 1265      5200
 1266              	.LASF67:
 1267 006b 2F557365 		.ascii	"/Users/sin/Documents/Eclipse/Workspace/ChibiOS_2.4."
 1267      72732F73 
 1267      696E2F44 
 1267      6F63756D 
 1267      656E7473 
 1268 009e 322F6465 		.ascii	"2/demos/ARMCM4-STM32F407-LWIP\000"
 1268      6D6F732F 
 1268      41524D43 
 1268      4D342D53 
 1268      544D3332 
 1269              	.LASF19:
 1270 00bc 4354524C 		.ascii	"CTRL\000"
 1270      00
 1271              	.LASF55:
 1272 00c1 41484233 		.ascii	"AHB3LPENR\000"
 1272      4C50454E 
 1272      5200
 1273              	.LASF38:
 1274 00cb 43464752 		.ascii	"CFGR\000"
 1274      00
 1275              	.LASF21:
 1276 00d0 43504943 		.ascii	"CPICNT\000"
ARM GAS  /var/folders/5n/p_75w94d66l9ssrldxqdhh700000gn/T//ccbTdvHF.s 			page 24


 1276      4E5400
 1277              	.LASF50:
 1278 00d7 41504231 		.ascii	"APB1ENR\000"
 1278      454E5200 
 1279              	.LASF15:
 1280 00df 44435253 		.ascii	"DCRSR\000"
 1280      5200
 1281              	.LASF68:
 1282 00e5 68616C5F 		.ascii	"hal_lld_backup_domain_init\000"
 1282      6C6C645F 
 1282      6261636B 
 1282      75705F64 
 1282      6F6D6169 
 1283              	.LASF16:
 1284 0100 44435244 		.ascii	"DCRDR\000"
 1284      5200
 1285              	.LASF12:
 1286 0106 494F5245 		.ascii	"IOREG32\000"
 1286      47333200 
 1287              	.LASF33:
 1288 010e 4F50544B 		.ascii	"OPTKEYR\000"
 1288      45595200 
 1289              	.LASF10:
 1290 0116 6C6F6E67 		.ascii	"long long int\000"
 1290      206C6F6E 
 1290      6720696E 
 1290      7400
 1291              	.LASF20:
 1292 0124 43594343 		.ascii	"CYCCNT\000"
 1292      4E5400
 1293              	.LASF30:
 1294 012b 43414C49 		.ascii	"CALIB\000"
 1294      4200
 1295              	.LASF14:
 1296 0131 44484353 		.ascii	"DHCSR\000"
 1296      5200
 1297              	.LASF7:
 1298 0137 6C6F6E67 		.ascii	"long int\000"
 1298      20696E74 
 1298      00
 1299              	.LASF64:
 1300 0140 5243435F 		.ascii	"RCC_TypeDef\000"
 1300      54797065 
 1300      44656600 
 1301              	.LASF44:
 1302 014c 41504232 		.ascii	"APB2RSTR\000"
 1302      52535452 
 1302      00
 1303              	.LASF70:
 1304 0155 73746D33 		.ascii	"stm32_clock_init\000"
 1304      325F636C 
 1304      6F636B5F 
 1304      696E6974 
 1304      00
 1305              	.LASF48:
 1306 0166 41484233 		.ascii	"AHB3ENR\000"
 1306      454E5200 
ARM GAS  /var/folders/5n/p_75w94d66l9ssrldxqdhh700000gn/T//ccbTdvHF.s 			page 25


 1307              	.LASF32:
 1308 016e 4B455952 		.ascii	"KEYR\000"
 1308      00
 1309              	.LASF22:
 1310 0173 45584343 		.ascii	"EXCCNT\000"
 1310      4E5400
 1311              	.LASF2:
 1312 017a 756E7369 		.ascii	"unsigned char\000"
 1312      676E6564 
 1312      20636861 
 1312      7200
 1313              	.LASF51:
 1314 0188 41504232 		.ascii	"APB2ENR\000"
 1314      454E5200 
 1315              	.LASF1:
 1316 0190 7369676E 		.ascii	"signed char\000"
 1316      65642063 
 1316      68617200 
 1317              	.LASF11:
 1318 019c 6C6F6E67 		.ascii	"long long unsigned int\000"
 1318      206C6F6E 
 1318      6720756E 
 1318      7369676E 
 1318      65642069 
 1319              	.LASF8:
 1320 01b3 75696E74 		.ascii	"uint32_t\000"
 1320      33325F74 
 1320      00
 1321              	.LASF0:
 1322 01bc 756E7369 		.ascii	"unsigned int\000"
 1322      676E6564 
 1322      20696E74 
 1322      00
 1323              	.LASF40:
 1324 01c9 41484232 		.ascii	"AHB2RSTR\000"
 1324      52535452 
 1324      00
 1325              	.LASF5:
 1326 01d2 75696E74 		.ascii	"uint16_t\000"
 1326      31365F74 
 1326      00
 1327              	.LASF65:
 1328 01db 474E5520 		.ascii	"GNU C 4.7.2\000"
 1328      4320342E 
 1328      372E3200 
 1329              	.LASF9:
 1330 01e7 6C6F6E67 		.ascii	"long unsigned int\000"
 1330      20756E73 
 1330      69676E65 
 1330      6420696E 
 1330      7400
 1331              	.LASF69:
 1332 01f9 68616C5F 		.ascii	"hal_lld_init\000"
 1332      6C6C645F 
 1332      696E6974 
 1332      00
 1333              	.LASF37:
ARM GAS  /var/folders/5n/p_75w94d66l9ssrldxqdhh700000gn/T//ccbTdvHF.s 			page 26


 1334 0206 504C4C43 		.ascii	"PLLCFGR\000"
 1334      46475200 
 1335              	.LASF31:
 1336 020e 53797354 		.ascii	"SysTick_Type\000"
 1336      69636B5F 
 1336      54797065 
 1336      00
 1337              	.LASF4:
 1338 021b 73686F72 		.ascii	"short unsigned int\000"
 1338      7420756E 
 1338      7369676E 
 1338      65642069 
 1338      6E7400
 1339              	.LASF57:
 1340 022e 41504231 		.ascii	"APB1LPENR\000"
 1340      4C50454E 
 1340      5200
 1341              	.LASF28:
 1342 0238 63686172 		.ascii	"char\000"
 1342      00
 1343              	.LASF18:
 1344 023d 434D785F 		.ascii	"CMx_SCS\000"
 1344      53435300 
 1345              	.LASF6:
 1346 0245 696E7433 		.ascii	"int32_t\000"
 1346      325F7400 
 1347              	.LASF54:
 1348 024d 41484232 		.ascii	"AHB2LPENR\000"
 1348      4C50454E 
 1348      5200
 1349              	.LASF27:
 1350 0257 434D785F 		.ascii	"CMx_DWT\000"
 1350      44575400 
 1351              	.LASF42:
 1352 025f 52455345 		.ascii	"RESERVED0\000"
 1352      52564544 
 1352      3000
 1353              	.LASF45:
 1354 0269 52455345 		.ascii	"RESERVED1\000"
 1354      52564544 
 1354      3100
 1355              	.LASF49:
 1356 0273 52455345 		.ascii	"RESERVED2\000"
 1356      52564544 
 1356      3200
 1357              	.LASF52:
 1358 027d 52455345 		.ascii	"RESERVED3\000"
 1358      52564544 
 1358      3300
 1359              	.LASF56:
 1360 0287 52455345 		.ascii	"RESERVED4\000"
 1360      52564544 
 1360      3400
 1361              	.LASF59:
 1362 0291 52455345 		.ascii	"RESERVED5\000"
 1362      52564544 
 1362      3500
ARM GAS  /var/folders/5n/p_75w94d66l9ssrldxqdhh700000gn/T//ccbTdvHF.s 			page 27


 1363              	.LASF61:
 1364 029b 52455345 		.ascii	"RESERVED6\000"
 1364      52564544 
 1364      3600
 1365              	.LASF23:
 1366 02a5 534C4545 		.ascii	"SLEEPCNT\000"
 1366      50434E54 
 1366      00
 1367              	.LASF66:
 1368 02ae 2E2E2F2E 		.ascii	"../../os/hal/platforms/STM32F4xx/hal_lld.c\000"
 1368      2E2F6F73 
 1368      2F68616C 
 1368      2F706C61 
 1368      74666F72 
 1369              	.LASF24:
 1370 02d9 4C535543 		.ascii	"LSUCNT\000"
 1370      4E5400
 1371              	.LASF29:
 1372 02e0 4C4F4144 		.ascii	"LOAD\000"
 1372      00
 1373              	.LASF39:
 1374 02e5 41484231 		.ascii	"AHB1RSTR\000"
 1374      52535452 
 1374      00
 1375              	.LASF41:
 1376 02ee 41484233 		.ascii	"AHB3RSTR\000"
 1376      52535452 
 1376      00
 1377              	.LASF35:
 1378 02f7 464C4153 		.ascii	"FLASH_TypeDef\000"
 1378      485F5479 
 1378      70654465 
 1378      6600
 1379              	.LASF71:
 1380 0305 49544D5F 		.ascii	"ITM_RxBuffer\000"
 1380      52784275 
 1380      66666572 
 1380      00
 1381              	.LASF58:
 1382 0312 41504232 		.ascii	"APB2LPENR\000"
 1382      4C50454E 
 1382      5200
 1383              	.LASF34:
 1384 031c 4F505443 		.ascii	"OPTCR\000"
 1384      5200
 1385              		.ident	"GCC: (GNU) 4.7.2"
ARM GAS  /var/folders/5n/p_75w94d66l9ssrldxqdhh700000gn/T//ccbTdvHF.s 			page 28


DEFINED SYMBOLS
                            *ABS*:0000000000000000 hal_lld.c
/var/folders/5n/p_75w94d66l9ssrldxqdhh700000gn/T//ccbTdvHF.s:19     .text.hal_lld_init:0000000000000000 $t
/var/folders/5n/p_75w94d66l9ssrldxqdhh700000gn/T//ccbTdvHF.s:25     .text.hal_lld_init:0000000000000000 hal_lld_init
/var/folders/5n/p_75w94d66l9ssrldxqdhh700000gn/T//ccbTdvHF.s:150    .text.stm32_clock_init:0000000000000000 $t
/var/folders/5n/p_75w94d66l9ssrldxqdhh700000gn/T//ccbTdvHF.s:156    .text.stm32_clock_init:0000000000000000 stm32_clock_init
                     .debug_frame:0000000000000010 $d

NO UNDEFINED SYMBOLS
