ARM GAS  /var/folders/5n/p_75w94d66l9ssrldxqdhh700000gn/T//ccxuYs9e.s 			page 1


   1              		.syntax unified
   2              		.cpu cortex-m4
   3              		.fpu softvfp
   4              		.eabi_attribute 20, 1
   5              		.eabi_attribute 21, 1
   6              		.eabi_attribute 23, 3
   7              		.eabi_attribute 24, 1
   8              		.eabi_attribute 25, 1
   9              		.eabi_attribute 26, 1
  10              		.eabi_attribute 30, 2
  11              		.eabi_attribute 34, 1
  12              		.eabi_attribute 18, 4
  13              		.thumb
  14              		.file	"inet_chksum.c"
  15              		.text
  16              	.Ltext0:
  17              		.cfi_sections	.debug_frame
  18              		.section	.text.lwip_standard_chksum,"ax",%progbits
  19              		.align	2
  20              		.p2align 4,,15
  21              		.thumb
  22              		.thumb_func
  23              		.type	lwip_standard_chksum, %function
  24              	lwip_standard_chksum:
  25              	.LFB7:
  26              		.file 1 "../../ext/lwip-1.4.0/src/core/ipv4/inet_chksum.c"
  27              		.loc 1 136 0
  28              		.cfi_startproc
  29              		@ args = 0, pretend = 0, frame = 8
  30              		@ frame_needed = 0, uses_anonymous_args = 0
  31              		@ link register save eliminated.
  32              	.LVL0:
  33 0000 70B4     		push	{r4, r5, r6}
  34              	.LCFI0:
  35              		.cfi_def_cfa_offset 12
  36              		.cfi_offset 4, -12
  37              		.cfi_offset 5, -8
  38              		.cfi_offset 6, -4
  39              		.loc 1 140 0
  40 0002 00F00106 		and	r6, r0, #1
  41              		.loc 1 136 0
  42 0006 83B0     		sub	sp, sp, #12
  43              	.LCFI1:
  44              		.cfi_def_cfa_offset 24
  45              		.loc 1 138 0
  46 0008 0022     		movs	r2, #0
  47              		.loc 1 143 0
  48 000a 0029     		cmp	r1, #0
  49 000c D4BF     		ite	le
  50 000e 0023     		movle	r3, #0
  51 0010 06F00103 		andgt	r3, r6, #1
  52              		.loc 1 138 0
  53 0014 ADF80620 		strh	r2, [sp, #6]	@ movhi
  54              	.LVL1:
  55              		.loc 1 143 0
  56 0018 23B1     		cbz	r3, .L2
  57              		.loc 1 144 0
ARM GAS  /var/folders/5n/p_75w94d66l9ssrldxqdhh700000gn/T//ccxuYs9e.s 			page 2


  58 001a 10F8013B 		ldrb	r3, [r0], #1	@ zero_extendqisi2
  59              	.LVL2:
  60              		.loc 1 145 0
  61 001e 0139     		subs	r1, r1, #1
  62              	.LVL3:
  63              		.loc 1 144 0
  64 0020 8DF80730 		strb	r3, [sp, #7]
  65              	.LVL4:
  66              	.L2:
  67              		.loc 1 150 0
  68 0024 0129     		cmp	r1, #1
  69 0026 27DD     		ble	.L8
  70 0028 0446     		mov	r4, r0
  71 002a 0B46     		mov	r3, r1
  72 002c 0022     		movs	r2, #0
  73              	.LVL5:
  74              	.L4:
  75              		.loc 1 151 0
  76 002e 34F8025B 		ldrh	r5, [r4], #2
  77              	.LVL6:
  78              		.loc 1 152 0
  79 0032 023B     		subs	r3, r3, #2
  80              	.LVL7:
  81              		.loc 1 150 0
  82 0034 012B     		cmp	r3, #1
  83              		.loc 1 151 0
  84 0036 2A44     		add	r2, r2, r5
  85              	.LVL8:
  86              		.loc 1 150 0
  87 0038 F9DC     		bgt	.L4
  88              		.loc 1 135 0
  89 003a 0239     		subs	r1, r1, #2
  90 003c 4B08     		lsrs	r3, r1, #1
  91              	.LVL9:
  92 003e 5C1C     		adds	r4, r3, #1
  93              	.LVL10:
  94 0040 00EB4400 		add	r0, r0, r4, lsl #1
  95              	.LVL11:
  96 0044 A1EB4301 		sub	r1, r1, r3, lsl #1
  97              	.LVL12:
  98              	.L3:
  99              		.loc 1 156 0
 100 0048 0129     		cmp	r1, #1
 101              		.loc 1 157 0
 102 004a 04BF     		itt	eq
 103 004c 0378     		ldrbeq	r3, [r0, #0]	@ zero_extendqisi2
 104 004e 8DF80630 		strbeq	r3, [sp, #6]
 105              		.loc 1 161 0
 106 0052 BDF80600 		ldrh	r0, [sp, #6]
 107              	.LVL13:
 108 0056 1218     		adds	r2, r2, r0
 109              	.LVL14:
 110              		.loc 1 165 0
 111 0058 90B2     		uxth	r0, r2
 112              	.LVL15:
 113 005a 00EB1242 		add	r2, r0, r2, lsr #16
 114              	.LVL16:
ARM GAS  /var/folders/5n/p_75w94d66l9ssrldxqdhh700000gn/T//ccxuYs9e.s 			page 3


 115              		.loc 1 166 0
 116 005e 90B2     		uxth	r0, r2
 117 0060 00EB1240 		add	r0, r0, r2, lsr #16
 118              	.LVL17:
 119              		.loc 1 169 0
 120 0064 26B1     		cbz	r6, .L6
 121              		.loc 1 170 0
 122 0066 0306     		lsls	r3, r0, #24
 123 0068 C0F30720 		ubfx	r0, r0, #8, #8
 124              	.LVL18:
 125 006c 40EA1340 		orr	r0, r0, r3, lsr #16
 126              	.LVL19:
 127              	.L6:
 128              		.loc 1 174 0
 129 0070 80B2     		uxth	r0, r0
 130              	.LVL20:
 131 0072 03B0     		add	sp, sp, #12
 132 0074 70BC     		pop	{r4, r5, r6}
 133 0076 7047     		bx	lr
 134              	.LVL21:
 135              	.L8:
 136              		.loc 1 139 0
 137 0078 0022     		movs	r2, #0
 138 007a E5E7     		b	.L3
 139              		.cfi_endproc
 140              	.LFE7:
 141              		.size	lwip_standard_chksum, .-lwip_standard_chksum
 142 007c AFF30080 		.section	.text.inet_chksum_pseudo,"ax",%progbits
 143              		.align	2
 144              		.p2align 4,,15
 145              		.global	inet_chksum_pseudo
 146              		.thumb
 147              		.thumb_func
 148              		.type	inet_chksum_pseudo, %function
 149              	inet_chksum_pseudo:
 150              	.LFB8:
 151              		.loc 1 275 0
 152              		.cfi_startproc
 153              		@ args = 4, pretend = 0, frame = 0
 154              		@ frame_needed = 0, uses_anonymous_args = 0
 155              	.LVL22:
 156 0000 2DE9F047 		push	{r4, r5, r6, r7, r8, r9, sl, lr}
 157              	.LCFI2:
 158              		.cfi_def_cfa_offset 32
 159              		.cfi_offset 4, -32
 160              		.cfi_offset 5, -28
 161              		.cfi_offset 6, -24
 162              		.cfi_offset 7, -20
 163              		.cfi_offset 8, -16
 164              		.cfi_offset 9, -12
 165              		.cfi_offset 10, -8
 166              		.cfi_offset 14, -4
 167              		.loc 1 275 0
 168 0004 8A46     		mov	sl, r1
 169 0006 9146     		mov	r9, r2
 170 0008 9846     		mov	r8, r3
 171              		.loc 1 284 0
ARM GAS  /var/folders/5n/p_75w94d66l9ssrldxqdhh700000gn/T//ccxuYs9e.s 			page 4


 172 000a 0028     		cmp	r0, #0
 173 000c 3DD0     		beq	.L18
 174 000e 0027     		movs	r7, #0
 175 0010 0446     		mov	r4, r0
 176 0012 3D46     		mov	r5, r7
 177              	.LVL23:
 178              	.L17:
 179              		.loc 1 287 0
 180 0014 6068     		ldr	r0, [r4, #4]
 181 0016 6189     		ldrh	r1, [r4, #10]
 182 0018 FFF7FEFF 		bl	lwip_standard_chksum
 183              	.LVL24:
 184              		.loc 1 292 0
 185 001c 6689     		ldrh	r6, [r4, #10]
 186              		.loc 1 287 0
 187 001e 2818     		adds	r0, r5, r0
 188              	.LVL25:
 189              		.loc 1 291 0
 190 0020 83B2     		uxth	r3, r0
 191 0022 03EB1045 		add	r5, r3, r0, lsr #16
 192              	.LVL26:
 193              		.loc 1 292 0
 194 0026 F307     		lsls	r3, r6, #31
 195 0028 07D5     		bpl	.L16
 196              		.loc 1 294 0
 197 002a 2B06     		lsls	r3, r5, #24
 198              		.loc 1 293 0
 199 002c C7F10107 		rsb	r7, r7, #1
 200              		.loc 1 294 0
 201 0030 C5F30725 		ubfx	r5, r5, #8, #8
 202              	.LVL27:
 203              		.loc 1 293 0
 204 0034 FFB2     		uxtb	r7, r7
 205              	.LVL28:
 206              		.loc 1 294 0
 207 0036 45EA1345 		orr	r5, r5, r3, lsr #16
 208              	.LVL29:
 209              	.L16:
 210              		.loc 1 284 0
 211 003a 2468     		ldr	r4, [r4, #0]
 212              	.LVL30:
 213 003c 002C     		cmp	r4, #0
 214 003e E9D1     		bne	.L17
 215              		.loc 1 299 0
 216 0040 27B1     		cbz	r7, .L15
 217              		.loc 1 300 0
 218 0042 2B06     		lsls	r3, r5, #24
 219 0044 C5F30725 		ubfx	r5, r5, #8, #8
 220              	.LVL31:
 221 0048 45EA1345 		orr	r5, r5, r3, lsr #16
 222              	.LVL32:
 223              	.L15:
 224              		.loc 1 302 0
 225 004c DAF80020 		ldr	r2, [sl, #0]
 226              	.LVL33:
 227              		.loc 1 305 0
 228 0050 D9F80030 		ldr	r3, [r9, #0]
ARM GAS  /var/folders/5n/p_75w94d66l9ssrldxqdhh700000gn/T//ccxuYs9e.s 			page 5


 229              	.LVL34:
 230              		.loc 1 303 0
 231 0054 91B2     		uxth	r1, r2
 232 0056 01EB1242 		add	r2, r1, r2, lsr #16
 233              	.LVL35:
 234              		.loc 1 304 0
 235 005a 12FA83F2 		uxtah	r2, r2, r3
 236              		.loc 1 306 0
 237 005e 02EB1343 		add	r3, r2, r3, lsr #16
 238              	.LVL36:
 239              		.loc 1 308 0
 240 0062 4046     		mov	r0, r8
 241              		.loc 1 307 0
 242 0064 5D19     		adds	r5, r3, r5
 243              	.LVL37:
 244              		.loc 1 308 0
 245 0066 FFF7FEFF 		bl	lwip_htons
 246              	.LVL38:
 247 006a 2D18     		adds	r5, r5, r0
 248              	.LVL39:
 249              		.loc 1 309 0
 250 006c BDF82000 		ldrh	r0, [sp, #32]
 251 0070 FFF7FEFF 		bl	lwip_htons
 252              	.LVL40:
 253 0074 2818     		adds	r0, r5, r0
 254              	.LVL41:
 255              		.loc 1 313 0
 256 0076 83B2     		uxth	r3, r0
 257 0078 03EB1043 		add	r3, r3, r0, lsr #16
 258              	.LVL42:
 259              		.loc 1 314 0
 260 007c 98B2     		uxth	r0, r3
 261              	.LVL43:
 262 007e 00EB1343 		add	r3, r0, r3, lsr #16
 263              	.LVL44:
 264              		.loc 1 316 0
 265 0082 D843     		mvns	r0, r3
 266              		.loc 1 317 0
 267 0084 80B2     		uxth	r0, r0
 268 0086 BDE8F087 		pop	{r4, r5, r6, r7, r8, r9, sl, pc}
 269              	.LVL45:
 270              	.L18:
 271              		.loc 1 281 0
 272 008a 0546     		mov	r5, r0
 273 008c DEE7     		b	.L15
 274              		.cfi_endproc
 275              	.LFE8:
 276              		.size	inet_chksum_pseudo, .-inet_chksum_pseudo
 277 008e 00BF     		.section	.text.inet_chksum_pseudo_partial,"ax",%progbits
 278              		.align	2
 279              		.p2align 4,,15
 280              		.global	inet_chksum_pseudo_partial
 281              		.thumb
 282              		.thumb_func
 283              		.type	inet_chksum_pseudo_partial, %function
 284              	inet_chksum_pseudo_partial:
 285              	.LFB9:
ARM GAS  /var/folders/5n/p_75w94d66l9ssrldxqdhh700000gn/T//ccxuYs9e.s 			page 6


 286              		.loc 1 335 0
 287              		.cfi_startproc
 288              		@ args = 8, pretend = 0, frame = 8
 289              		@ frame_needed = 0, uses_anonymous_args = 0
 290              	.LVL46:
 291 0000 2DE9F04F 		push	{r4, r5, r6, r7, r8, r9, sl, fp, lr}
 292              	.LCFI3:
 293              		.cfi_def_cfa_offset 36
 294              		.cfi_offset 4, -36
 295              		.cfi_offset 5, -32
 296              		.cfi_offset 6, -28
 297              		.cfi_offset 7, -24
 298              		.cfi_offset 8, -20
 299              		.cfi_offset 9, -16
 300              		.cfi_offset 10, -12
 301              		.cfi_offset 11, -8
 302              		.cfi_offset 14, -4
 303 0004 83B0     		sub	sp, sp, #12
 304              	.LCFI4:
 305              		.cfi_def_cfa_offset 48
 306              		.loc 1 335 0
 307 0006 8B46     		mov	fp, r1
 308 0008 BDF83450 		ldrh	r5, [sp, #52]
 309 000c 0193     		str	r3, [sp, #4]
 310              		.loc 1 345 0
 311 000e 002D     		cmp	r5, #0
 312 0010 18BF     		it	ne
 313 0012 0028     		cmpne	r0, #0
 314              		.loc 1 335 0
 315 0014 9246     		mov	sl, r2
 316              		.loc 1 345 0
 317 0016 0CBF     		ite	eq
 318 0018 0026     		moveq	r6, #0
 319 001a 0126     		movne	r6, #1
 320 001c 30D0     		beq	.L27
 321 001e 0027     		movs	r7, #0
 322 0020 0446     		mov	r4, r0
 323 0022 3E46     		mov	r6, r7
 324              		.loc 1 354 0
 325 0024 47F6FE78 		movw	r8, #32766
 326 0028 12E0     		b	.L30
 327              	.LVL47:
 328              	.L28:
 329              		.loc 1 358 0
 330 002a 6389     		ldrh	r3, [r4, #10]
 331              		.loc 1 357 0
 332 002c B2B2     		uxth	r2, r6
 333 002e 02EB1646 		add	r6, r2, r6, lsr #16
 334              	.LVL48:
 335              		.loc 1 358 0
 336 0032 DA07     		lsls	r2, r3, #31
 337 0034 07D5     		bpl	.L29
 338              		.loc 1 360 0
 339 0036 3306     		lsls	r3, r6, #24
 340              		.loc 1 359 0
 341 0038 C7F10107 		rsb	r7, r7, #1
 342              		.loc 1 360 0
ARM GAS  /var/folders/5n/p_75w94d66l9ssrldxqdhh700000gn/T//ccxuYs9e.s 			page 7


 343 003c C6F30726 		ubfx	r6, r6, #8, #8
 344              	.LVL49:
 345              		.loc 1 359 0
 346 0040 FFB2     		uxtb	r7, r7
 347              	.LVL50:
 348              		.loc 1 360 0
 349 0042 46EA1346 		orr	r6, r6, r3, lsr #16
 350              	.LVL51:
 351              	.L29:
 352              		.loc 1 345 0
 353 0046 2468     		ldr	r4, [r4, #0]
 354              	.LVL52:
 355 0048 002D     		cmp	r5, #0
 356 004a 18BF     		it	ne
 357 004c 002C     		cmpne	r4, #0
 358 004e 11D0     		beq	.L39
 359              	.LVL53:
 360              	.L30:
 361              		.loc 1 348 0
 362 0050 6389     		ldrh	r3, [r4, #10]
 363              	.LVL54:
 364              		.loc 1 352 0
 365 0052 6068     		ldr	r0, [r4, #4]
 366 0054 9D42     		cmp	r5, r3
 367 0056 34BF     		ite	cc
 368 0058 A946     		movcc	r9, r5
 369 005a 9946     		movcs	r9, r3
 370              	.LVL55:
 371 005c 4946     		mov	r1, r9
 372 005e FFF7FEFF 		bl	lwip_standard_chksum
 373              	.LVL56:
 374              		.loc 1 353 0
 375 0062 C9EB0505 		rsb	r5, r9, r5
 376 0066 ADB2     		uxth	r5, r5
 377              		.loc 1 354 0
 378 0068 4545     		cmp	r5, r8
 379              		.loc 1 352 0
 380 006a 0644     		add	r6, r6, r0
 381              	.LVL57:
 382              		.loc 1 354 0
 383 006c DDD9     		bls	.L28
 384              		.loc 1 354 0 is_stmt 0 discriminator 1
 385 006e FFF7FEFF 		bl	port_halt
 386              	.LVL58:
 387 0072 DAE7     		b	.L28
 388              	.LVL59:
 389              	.L39:
 390              		.loc 1 365 0 is_stmt 1
 391 0074 27B1     		cbz	r7, .L27
 392              		.loc 1 366 0
 393 0076 3306     		lsls	r3, r6, #24
 394 0078 C6F30726 		ubfx	r6, r6, #8, #8
 395              	.LVL60:
 396 007c 46EA1346 		orr	r6, r6, r3, lsr #16
 397              	.LVL61:
 398              	.L27:
 399              		.loc 1 368 0
ARM GAS  /var/folders/5n/p_75w94d66l9ssrldxqdhh700000gn/T//ccxuYs9e.s 			page 8


 400 0080 DBF80020 		ldr	r2, [fp, #0]
 401              	.LVL62:
 402              		.loc 1 371 0
 403 0084 DAF80030 		ldr	r3, [sl, #0]
 404              	.LVL63:
 405              		.loc 1 374 0
 406 0088 0198     		ldr	r0, [sp, #4]
 407              		.loc 1 369 0
 408 008a 91B2     		uxth	r1, r2
 409 008c 01EB1242 		add	r2, r1, r2, lsr #16
 410              	.LVL64:
 411              		.loc 1 370 0
 412 0090 12FA83F2 		uxtah	r2, r2, r3
 413              		.loc 1 372 0
 414 0094 02EB1343 		add	r3, r2, r3, lsr #16
 415              	.LVL65:
 416              		.loc 1 373 0
 417 0098 9E19     		adds	r6, r3, r6
 418              	.LVL66:
 419              		.loc 1 374 0
 420 009a FFF7FEFF 		bl	lwip_htons
 421              	.LVL67:
 422 009e 3618     		adds	r6, r6, r0
 423              	.LVL68:
 424              		.loc 1 375 0
 425 00a0 BDF83000 		ldrh	r0, [sp, #48]
 426 00a4 FFF7FEFF 		bl	lwip_htons
 427              	.LVL69:
 428 00a8 3018     		adds	r0, r6, r0
 429              	.LVL70:
 430              		.loc 1 379 0
 431 00aa 83B2     		uxth	r3, r0
 432 00ac 03EB1043 		add	r3, r3, r0, lsr #16
 433              	.LVL71:
 434              		.loc 1 380 0
 435 00b0 98B2     		uxth	r0, r3
 436              	.LVL72:
 437 00b2 00EB1343 		add	r3, r0, r3, lsr #16
 438              	.LVL73:
 439              		.loc 1 382 0
 440 00b6 D843     		mvns	r0, r3
 441              		.loc 1 383 0
 442 00b8 80B2     		uxth	r0, r0
 443 00ba 03B0     		add	sp, sp, #12
 444 00bc BDE8F08F 		pop	{r4, r5, r6, r7, r8, r9, sl, fp, pc}
 445              		.cfi_endproc
 446              	.LFE9:
 447              		.size	inet_chksum_pseudo_partial, .-inet_chksum_pseudo_partial
 448              		.section	.text.inet_chksum,"ax",%progbits
 449              		.align	2
 450              		.p2align 4,,15
 451              		.global	inet_chksum
 452              		.thumb
 453              		.thumb_func
 454              		.type	inet_chksum, %function
 455              	inet_chksum:
 456              	.LFB10:
ARM GAS  /var/folders/5n/p_75w94d66l9ssrldxqdhh700000gn/T//ccxuYs9e.s 			page 9


 457              		.loc 1 397 0
 458              		.cfi_startproc
 459              		@ args = 0, pretend = 0, frame = 0
 460              		@ frame_needed = 0, uses_anonymous_args = 0
 461              	.LVL74:
 462 0000 08B5     		push	{r3, lr}
 463              	.LCFI5:
 464              		.cfi_def_cfa_offset 8
 465              		.cfi_offset 3, -8
 466              		.cfi_offset 14, -4
 467              		.loc 1 398 0
 468 0002 FFF7FEFF 		bl	lwip_standard_chksum
 469              	.LVL75:
 470 0006 C043     		mvns	r0, r0
 471              		.loc 1 399 0
 472 0008 80B2     		uxth	r0, r0
 473 000a 08BD     		pop	{r3, pc}
 474              		.cfi_endproc
 475              	.LFE10:
 476              		.size	inet_chksum, .-inet_chksum
 477 000c AFF30080 		.section	.text.inet_chksum_pbuf,"ax",%progbits
 478              		.align	2
 479              		.p2align 4,,15
 480              		.global	inet_chksum_pbuf
 481              		.thumb
 482              		.thumb_func
 483              		.type	inet_chksum_pbuf, %function
 484              	inet_chksum_pbuf:
 485              	.LFB11:
 486              		.loc 1 410 0
 487              		.cfi_startproc
 488              		@ args = 0, pretend = 0, frame = 0
 489              		@ frame_needed = 0, uses_anonymous_args = 0
 490              	.LVL76:
 491 0000 70B5     		push	{r4, r5, r6, lr}
 492              	.LCFI6:
 493              		.cfi_def_cfa_offset 16
 494              		.cfi_offset 4, -16
 495              		.cfi_offset 5, -12
 496              		.cfi_offset 6, -8
 497              		.cfi_offset 14, -4
 498              		.loc 1 417 0
 499 0002 20B3     		cbz	r0, .L46
 500 0004 0026     		movs	r6, #0
 501 0006 0446     		mov	r4, r0
 502 0008 3546     		mov	r5, r6
 503              	.LVL77:
 504              	.L44:
 505              		.loc 1 418 0
 506 000a 6189     		ldrh	r1, [r4, #10]
 507 000c 6068     		ldr	r0, [r4, #4]
 508 000e FFF7FEFF 		bl	lwip_standard_chksum
 509              	.LVL78:
 510              		.loc 1 420 0
 511 0012 6389     		ldrh	r3, [r4, #10]
 512              		.loc 1 418 0
 513 0014 2818     		adds	r0, r5, r0
ARM GAS  /var/folders/5n/p_75w94d66l9ssrldxqdhh700000gn/T//ccxuYs9e.s 			page 10


 514              	.LVL79:
 515              		.loc 1 419 0
 516 0016 85B2     		uxth	r5, r0
 517              		.loc 1 420 0
 518 0018 D907     		lsls	r1, r3, #31
 519              		.loc 1 419 0
 520 001a 05EB1045 		add	r5, r5, r0, lsr #16
 521              	.LVL80:
 522              		.loc 1 420 0
 523 001e 07D5     		bpl	.L43
 524              		.loc 1 422 0
 525 0020 2B06     		lsls	r3, r5, #24
 526              		.loc 1 421 0
 527 0022 C6F10106 		rsb	r6, r6, #1
 528              		.loc 1 422 0
 529 0026 C5F30725 		ubfx	r5, r5, #8, #8
 530              	.LVL81:
 531              		.loc 1 421 0
 532 002a F6B2     		uxtb	r6, r6
 533              	.LVL82:
 534              		.loc 1 422 0
 535 002c 45EA1345 		orr	r5, r5, r3, lsr #16
 536              	.LVL83:
 537              	.L43:
 538              		.loc 1 417 0
 539 0030 2468     		ldr	r4, [r4, #0]
 540              	.LVL84:
 541 0032 002C     		cmp	r4, #0
 542 0034 E9D1     		bne	.L44
 543              		.loc 1 426 0
 544 0036 3EB1     		cbz	r6, .L51
 545              		.loc 1 427 0
 546 0038 2806     		lsls	r0, r5, #24
 547 003a C5F30725 		ubfx	r5, r5, #8, #8
 548              	.LVL85:
 549 003e 45EA1040 		orr	r0, r5, r0, lsr #16
 550              	.LVL86:
 551 0042 C043     		mvns	r0, r0
 552              	.LVL87:
 553 0044 80B2     		uxth	r0, r0
 554              	.LVL88:
 555 0046 70BD     		pop	{r4, r5, r6, pc}
 556              	.LVL89:
 557              	.L51:
 558 0048 E843     		mvns	r0, r5
 559 004a 80B2     		uxth	r0, r0
 560 004c 70BD     		pop	{r4, r5, r6, pc}
 561              	.LVL90:
 562              	.L46:
 563              		.loc 1 417 0
 564 004e 4FF6FF70 		movw	r0, #65535
 565              	.LVL91:
 566              		.loc 1 430 0
 567 0052 70BD     		pop	{r4, r5, r6, pc}
 568              		.cfi_endproc
 569              	.LFE11:
 570              		.size	inet_chksum_pbuf, .-inet_chksum_pbuf
ARM GAS  /var/folders/5n/p_75w94d66l9ssrldxqdhh700000gn/T//ccxuYs9e.s 			page 11


 571 0054 AFF30080 		.text
 571      AFF30080 
 571      AFF30080 
 572              	.Letext0:
 573              		.file 2 "/usr/local/cross/lib/gcc/arm-none-eabi/4.7.2/../../../../arm-none-eabi/include/stdint.h"
 574              		.file 3 "../../os/various/lwip_bindings/arch/cc.h"
 575              		.file 4 "../../ext/lwip-1.4.0/src/include/lwip/pbuf.h"
 576              		.file 5 "../../ext/lwip-1.4.0/src/include/ipv4/lwip/ip_addr.h"
 577              		.file 6 "../../ext/lwip-1.4.0/src/include/lwip/def.h"
 578              		.file 7 "../../os/ports/GCC/ARMCMx/chcore_v7m.h"
 579              		.section	.debug_info,"",%progbits
 580              	.Ldebug_info0:
 581 0000 BA040000 		.4byte	0x4ba
 582 0004 0200     		.2byte	0x2
 583 0006 00000000 		.4byte	.Ldebug_abbrev0
 584 000a 04       		.byte	0x4
 585 000b 01       		.uleb128 0x1
 586 000c 9C010000 		.4byte	.LASF38
 587 0010 01       		.byte	0x1
 588 0011 C0000000 		.4byte	.LASF39
 589 0015 A8010000 		.4byte	.LASF40
 590 0019 00000000 		.4byte	.Ldebug_ranges0+0
 591 001d 00000000 		.4byte	0
 592 0021 00000000 		.4byte	0
 593 0025 00000000 		.4byte	.Ldebug_line0
 594 0029 02       		.uleb128 0x2
 595 002a 04       		.byte	0x4
 596 002b 05       		.byte	0x5
 597 002c 696E7400 		.ascii	"int\000"
 598 0030 03       		.uleb128 0x3
 599 0031 04       		.byte	0x4
 600 0032 07       		.byte	0x7
 601 0033 09010000 		.4byte	.LASF0
 602 0037 03       		.uleb128 0x3
 603 0038 01       		.byte	0x1
 604 0039 06       		.byte	0x6
 605 003a 79000000 		.4byte	.LASF1
 606 003e 04       		.uleb128 0x4
 607 003f 4E010000 		.4byte	.LASF4
 608 0043 02       		.byte	0x2
 609 0044 2A       		.byte	0x2a
 610 0045 49000000 		.4byte	0x49
 611 0049 03       		.uleb128 0x3
 612 004a 01       		.byte	0x1
 613 004b 08       		.byte	0x8
 614 004c 8D000000 		.4byte	.LASF2
 615 0050 03       		.uleb128 0x3
 616 0051 02       		.byte	0x2
 617 0052 05       		.byte	0x5
 618 0053 FE010000 		.4byte	.LASF3
 619 0057 04       		.uleb128 0x4
 620 0058 08020000 		.4byte	.LASF5
 621 005c 02       		.byte	0x2
 622 005d 36       		.byte	0x36
 623 005e 62000000 		.4byte	0x62
 624 0062 03       		.uleb128 0x3
 625 0063 02       		.byte	0x2
ARM GAS  /var/folders/5n/p_75w94d66l9ssrldxqdhh700000gn/T//ccxuYs9e.s 			page 12


 626 0064 07       		.byte	0x7
 627 0065 46000000 		.4byte	.LASF6
 628 0069 03       		.uleb128 0x3
 629 006a 04       		.byte	0x4
 630 006b 05       		.byte	0x5
 631 006c 1A020000 		.4byte	.LASF7
 632 0070 04       		.uleb128 0x4
 633 0071 11020000 		.4byte	.LASF8
 634 0075 02       		.byte	0x2
 635 0076 50       		.byte	0x50
 636 0077 7B000000 		.4byte	0x7b
 637 007b 03       		.uleb128 0x3
 638 007c 04       		.byte	0x4
 639 007d 07       		.byte	0x7
 640 007e 9B000000 		.4byte	.LASF9
 641 0082 03       		.uleb128 0x3
 642 0083 08       		.byte	0x8
 643 0084 05       		.byte	0x5
 644 0085 89010000 		.4byte	.LASF10
 645 0089 03       		.uleb128 0x3
 646 008a 08       		.byte	0x8
 647 008b 07       		.byte	0x7
 648 008c 37010000 		.4byte	.LASF11
 649 0090 05       		.uleb128 0x5
 650 0091 04       		.byte	0x4
 651 0092 03       		.uleb128 0x3
 652 0093 04       		.byte	0x4
 653 0094 07       		.byte	0x7
 654 0095 80010000 		.4byte	.LASF12
 655 0099 03       		.uleb128 0x3
 656 009a 01       		.byte	0x1
 657 009b 08       		.byte	0x8
 658 009c 23020000 		.4byte	.LASF13
 659 00a0 04       		.uleb128 0x4
 660 00a1 56010000 		.4byte	.LASF14
 661 00a5 03       		.byte	0x3
 662 00a6 43       		.byte	0x43
 663 00a7 3E000000 		.4byte	0x3e
 664 00ab 04       		.uleb128 0x4
 665 00ac BA000000 		.4byte	.LASF15
 666 00b0 03       		.byte	0x3
 667 00b1 45       		.byte	0x45
 668 00b2 57000000 		.4byte	0x57
 669 00b6 04       		.uleb128 0x4
 670 00b7 F1000000 		.4byte	.LASF16
 671 00bb 03       		.byte	0x3
 672 00bc 47       		.byte	0x47
 673 00bd 70000000 		.4byte	0x70
 674 00c1 04       		.uleb128 0x4
 675 00c2 21000000 		.4byte	.LASF17
 676 00c6 03       		.byte	0x3
 677 00c7 49       		.byte	0x49
 678 00c8 70000000 		.4byte	0x70
 679 00cc 06       		.uleb128 0x6
 680 00cd 97010000 		.4byte	.LASF23
 681 00d1 10       		.byte	0x10
 682 00d2 04       		.byte	0x4
ARM GAS  /var/folders/5n/p_75w94d66l9ssrldxqdhh700000gn/T//ccxuYs9e.s 			page 13


 683 00d3 49       		.byte	0x49
 684 00d4 3B010000 		.4byte	0x13b
 685 00d8 07       		.uleb128 0x7
 686 00d9 1C000000 		.4byte	.LASF18
 687 00dd 04       		.byte	0x4
 688 00de 4B       		.byte	0x4b
 689 00df 3B010000 		.4byte	0x13b
 690 00e3 02       		.byte	0x2
 691 00e4 23       		.byte	0x23
 692 00e5 00       		.uleb128 0
 693 00e6 07       		.uleb128 0x7
 694 00e7 6E010000 		.4byte	.LASF19
 695 00eb 04       		.byte	0x4
 696 00ec 4E       		.byte	0x4e
 697 00ed 90000000 		.4byte	0x90
 698 00f1 02       		.byte	0x2
 699 00f2 23       		.byte	0x23
 700 00f3 04       		.uleb128 0x4
 701 00f4 07       		.uleb128 0x7
 702 00f5 F7000000 		.4byte	.LASF20
 703 00f9 04       		.byte	0x4
 704 00fa 57       		.byte	0x57
 705 00fb AB000000 		.4byte	0xab
 706 00ff 02       		.byte	0x2
 707 0100 23       		.byte	0x23
 708 0101 08       		.uleb128 0x8
 709 0102 08       		.uleb128 0x8
 710 0103 6C656E00 		.ascii	"len\000"
 711 0107 04       		.byte	0x4
 712 0108 5A       		.byte	0x5a
 713 0109 AB000000 		.4byte	0xab
 714 010d 02       		.byte	0x2
 715 010e 23       		.byte	0x23
 716 010f 0A       		.uleb128 0xa
 717 0110 07       		.uleb128 0x7
 718 0111 F9010000 		.4byte	.LASF21
 719 0115 04       		.byte	0x4
 720 0116 5D       		.byte	0x5d
 721 0117 A0000000 		.4byte	0xa0
 722 011b 02       		.byte	0x2
 723 011c 23       		.byte	0x23
 724 011d 0C       		.uleb128 0xc
 725 011e 07       		.uleb128 0x7
 726 011f 16010000 		.4byte	.LASF22
 727 0123 04       		.byte	0x4
 728 0124 60       		.byte	0x60
 729 0125 A0000000 		.4byte	0xa0
 730 0129 02       		.byte	0x2
 731 012a 23       		.byte	0x23
 732 012b 0D       		.uleb128 0xd
 733 012c 08       		.uleb128 0x8
 734 012d 72656600 		.ascii	"ref\000"
 735 0131 04       		.byte	0x4
 736 0132 67       		.byte	0x67
 737 0133 AB000000 		.4byte	0xab
 738 0137 02       		.byte	0x2
 739 0138 23       		.byte	0x23
ARM GAS  /var/folders/5n/p_75w94d66l9ssrldxqdhh700000gn/T//ccxuYs9e.s 			page 14


 740 0139 0E       		.uleb128 0xe
 741 013a 00       		.byte	0
 742 013b 09       		.uleb128 0x9
 743 013c 04       		.byte	0x4
 744 013d CC000000 		.4byte	0xcc
 745 0141 06       		.uleb128 0x6
 746 0142 37000000 		.4byte	.LASF24
 747 0146 04       		.byte	0x4
 748 0147 05       		.byte	0x5
 749 0148 2C       		.byte	0x2c
 750 0149 5C010000 		.4byte	0x15c
 751 014d 07       		.uleb128 0x7
 752 014e AD000000 		.4byte	.LASF25
 753 0152 05       		.byte	0x5
 754 0153 2D       		.byte	0x2d
 755 0154 B6000000 		.4byte	0xb6
 756 0158 02       		.byte	0x2
 757 0159 23       		.byte	0x23
 758 015a 00       		.uleb128 0
 759 015b 00       		.byte	0
 760 015c 04       		.uleb128 0x4
 761 015d FF000000 		.4byte	.LASF26
 762 0161 05       		.byte	0x5
 763 0162 40       		.byte	0x40
 764 0163 41010000 		.4byte	0x141
 765 0167 0A       		.uleb128 0xa
 766 0168 59000000 		.4byte	.LASF41
 767 016c 01       		.byte	0x1
 768 016d 87       		.byte	0x87
 769 016e 01       		.byte	0x1
 770 016f AB000000 		.4byte	0xab
 771 0173 00000000 		.4byte	.LFB7
 772 0177 7C000000 		.4byte	.LFE7
 773 017b 00000000 		.4byte	.LLST0
 774 017f 01       		.byte	0x1
 775 0180 E8010000 		.4byte	0x1e8
 776 0184 0B       		.uleb128 0xb
 777 0185 B2000000 		.4byte	.LASF27
 778 0189 01       		.byte	0x1
 779 018a 87       		.byte	0x87
 780 018b 90000000 		.4byte	0x90
 781 018f 2C000000 		.4byte	.LLST1
 782 0193 0C       		.uleb128 0xc
 783 0194 6C656E00 		.ascii	"len\000"
 784 0198 01       		.byte	0x1
 785 0199 87       		.byte	0x87
 786 019a 29000000 		.4byte	0x29
 787 019e 5A000000 		.4byte	.LLST2
 788 01a2 0D       		.uleb128 0xd
 789 01a3 706200   		.ascii	"pb\000"
 790 01a6 01       		.byte	0x1
 791 01a7 89       		.byte	0x89
 792 01a8 E8010000 		.4byte	0x1e8
 793 01ac B3000000 		.4byte	.LLST3
 794 01b0 0D       		.uleb128 0xd
 795 01b1 707300   		.ascii	"ps\000"
 796 01b4 01       		.byte	0x1
ARM GAS  /var/folders/5n/p_75w94d66l9ssrldxqdhh700000gn/T//ccxuYs9e.s 			page 15


 797 01b5 8A       		.byte	0x8a
 798 01b6 EE010000 		.4byte	0x1ee
 799 01ba E9000000 		.4byte	.LLST4
 800 01be 0D       		.uleb128 0xd
 801 01bf 7400     		.ascii	"t\000"
 802 01c1 01       		.byte	0x1
 803 01c2 8A       		.byte	0x8a
 804 01c3 AB000000 		.4byte	0xab
 805 01c7 2A010000 		.4byte	.LLST5
 806 01cb 0D       		.uleb128 0xd
 807 01cc 73756D00 		.ascii	"sum\000"
 808 01d0 01       		.byte	0x1
 809 01d1 8B       		.byte	0x8b
 810 01d2 B6000000 		.4byte	0xb6
 811 01d6 55010000 		.4byte	.LLST6
 812 01da 0E       		.uleb128 0xe
 813 01db 6F646400 		.ascii	"odd\000"
 814 01df 01       		.byte	0x1
 815 01e0 8C       		.byte	0x8c
 816 01e1 29000000 		.4byte	0x29
 817 01e5 01       		.byte	0x1
 818 01e6 56       		.byte	0x56
 819 01e7 00       		.byte	0
 820 01e8 09       		.uleb128 0x9
 821 01e9 04       		.byte	0x4
 822 01ea A0000000 		.4byte	0xa0
 823 01ee 09       		.uleb128 0x9
 824 01ef 04       		.byte	0x4
 825 01f0 AB000000 		.4byte	0xab
 826 01f4 0F       		.uleb128 0xf
 827 01f5 01       		.byte	0x1
 828 01f6 5B010000 		.4byte	.LASF32
 829 01fa 01       		.byte	0x1
 830 01fb 1001     		.2byte	0x110
 831 01fd 01       		.byte	0x1
 832 01fe AB000000 		.4byte	0xab
 833 0202 00000000 		.4byte	.LFB8
 834 0206 8E000000 		.4byte	.LFE8
 835 020a B7010000 		.4byte	.LLST7
 836 020e 01       		.byte	0x1
 837 020f CE020000 		.4byte	0x2ce
 838 0213 10       		.uleb128 0x10
 839 0214 7000     		.ascii	"p\000"
 840 0216 01       		.byte	0x1
 841 0217 1001     		.2byte	0x110
 842 0219 3B010000 		.4byte	0x13b
 843 021d D7010000 		.4byte	.LLST8
 844 0221 10       		.uleb128 0x10
 845 0222 73726300 		.ascii	"src\000"
 846 0226 01       		.byte	0x1
 847 0227 1101     		.2byte	0x111
 848 0229 CE020000 		.4byte	0x2ce
 849 022d 03020000 		.4byte	.LLST9
 850 0231 11       		.uleb128 0x11
 851 0232 38020000 		.4byte	.LASF28
 852 0236 01       		.byte	0x1
 853 0237 1101     		.2byte	0x111
ARM GAS  /var/folders/5n/p_75w94d66l9ssrldxqdhh700000gn/T//ccxuYs9e.s 			page 16


 854 0239 CE020000 		.4byte	0x2ce
 855 023d 2C020000 		.4byte	.LLST10
 856 0241 11       		.uleb128 0x11
 857 0242 32020000 		.4byte	.LASF29
 858 0246 01       		.byte	0x1
 859 0247 1201     		.2byte	0x112
 860 0249 A0000000 		.4byte	0xa0
 861 024d 55020000 		.4byte	.LLST11
 862 0251 12       		.uleb128 0x12
 863 0252 28020000 		.4byte	.LASF30
 864 0256 01       		.byte	0x1
 865 0257 1201     		.2byte	0x112
 866 0259 AB000000 		.4byte	0xab
 867 025d 02       		.byte	0x2
 868 025e 91       		.byte	0x91
 869 025f 00       		.sleb128 0
 870 0260 13       		.uleb128 0x13
 871 0261 61636300 		.ascii	"acc\000"
 872 0265 01       		.byte	0x1
 873 0266 1401     		.2byte	0x114
 874 0268 B6000000 		.4byte	0xb6
 875 026c 81020000 		.4byte	.LLST12
 876 0270 14       		.uleb128 0x14
 877 0271 AD000000 		.4byte	.LASF25
 878 0275 01       		.byte	0x1
 879 0276 1501     		.2byte	0x115
 880 0278 B6000000 		.4byte	0xb6
 881 027c 9F030000 		.4byte	.LLST13
 882 0280 13       		.uleb128 0x13
 883 0281 7100     		.ascii	"q\000"
 884 0283 01       		.byte	0x1
 885 0284 1601     		.2byte	0x116
 886 0286 3B010000 		.4byte	0x13b
 887 028a C9030000 		.4byte	.LLST14
 888 028e 14       		.uleb128 0x14
 889 028f 85000000 		.4byte	.LASF31
 890 0293 01       		.byte	0x1
 891 0294 1701     		.2byte	0x117
 892 0296 A0000000 		.4byte	0xa0
 893 029a F2030000 		.4byte	.LLST15
 894 029e 15       		.uleb128 0x15
 895 029f 1C000000 		.4byte	.LVL24
 896 02a3 67010000 		.4byte	0x167
 897 02a7 16       		.uleb128 0x16
 898 02a8 6A000000 		.4byte	.LVL38
 899 02ac 9A040000 		.4byte	0x49a
 900 02b0 BB020000 		.4byte	0x2bb
 901 02b4 17       		.uleb128 0x17
 902 02b5 01       		.byte	0x1
 903 02b6 50       		.byte	0x50
 904 02b7 02       		.byte	0x2
 905 02b8 78       		.byte	0x78
 906 02b9 00       		.sleb128 0
 907 02ba 00       		.byte	0
 908 02bb 18       		.uleb128 0x18
 909 02bc 74000000 		.4byte	.LVL40
 910 02c0 9A040000 		.4byte	0x49a
ARM GAS  /var/folders/5n/p_75w94d66l9ssrldxqdhh700000gn/T//ccxuYs9e.s 			page 17


 911 02c4 17       		.uleb128 0x17
 912 02c5 01       		.byte	0x1
 913 02c6 50       		.byte	0x50
 914 02c7 04       		.byte	0x4
 915 02c8 91       		.byte	0x91
 916 02c9 00       		.sleb128 0
 917 02ca 94       		.byte	0x94
 918 02cb 02       		.byte	0x2
 919 02cc 00       		.byte	0
 920 02cd 00       		.byte	0
 921 02ce 09       		.uleb128 0x9
 922 02cf 04       		.byte	0x4
 923 02d0 5C010000 		.4byte	0x15c
 924 02d4 0F       		.uleb128 0xf
 925 02d5 01       		.byte	0x1
 926 02d6 1C010000 		.4byte	.LASF33
 927 02da 01       		.byte	0x1
 928 02db 4C01     		.2byte	0x14c
 929 02dd 01       		.byte	0x1
 930 02de AB000000 		.4byte	0xab
 931 02e2 00000000 		.4byte	.LFB9
 932 02e6 C0000000 		.4byte	.LFE9
 933 02ea 1D040000 		.4byte	.LLST16
 934 02ee 01       		.byte	0x1
 935 02ef E4030000 		.4byte	0x3e4
 936 02f3 10       		.uleb128 0x10
 937 02f4 7000     		.ascii	"p\000"
 938 02f6 01       		.byte	0x1
 939 02f7 4C01     		.2byte	0x14c
 940 02f9 3B010000 		.4byte	0x13b
 941 02fd 49040000 		.4byte	.LLST17
 942 0301 10       		.uleb128 0x10
 943 0302 73726300 		.ascii	"src\000"
 944 0306 01       		.byte	0x1
 945 0307 4D01     		.2byte	0x14d
 946 0309 CE020000 		.4byte	0x2ce
 947 030d 6A040000 		.4byte	.LLST18
 948 0311 11       		.uleb128 0x11
 949 0312 38020000 		.4byte	.LASF28
 950 0316 01       		.byte	0x1
 951 0317 4D01     		.2byte	0x14d
 952 0319 CE020000 		.4byte	0x2ce
 953 031d 88040000 		.4byte	.LLST19
 954 0321 11       		.uleb128 0x11
 955 0322 32020000 		.4byte	.LASF29
 956 0326 01       		.byte	0x1
 957 0327 4E01     		.2byte	0x14e
 958 0329 A0000000 		.4byte	0xa0
 959 032d A6040000 		.4byte	.LLST20
 960 0331 12       		.uleb128 0x12
 961 0332 28020000 		.4byte	.LASF30
 962 0336 01       		.byte	0x1
 963 0337 4E01     		.2byte	0x14e
 964 0339 AB000000 		.4byte	0xab
 965 033d 02       		.byte	0x2
 966 033e 91       		.byte	0x91
 967 033f 00       		.sleb128 0
ARM GAS  /var/folders/5n/p_75w94d66l9ssrldxqdhh700000gn/T//ccxuYs9e.s 			page 18


 968 0340 11       		.uleb128 0x11
 969 0341 6E000000 		.4byte	.LASF34
 970 0345 01       		.byte	0x1
 971 0346 4E01     		.2byte	0x14e
 972 0348 AB000000 		.4byte	0xab
 973 034c C7040000 		.4byte	.LLST21
 974 0350 13       		.uleb128 0x13
 975 0351 61636300 		.ascii	"acc\000"
 976 0355 01       		.byte	0x1
 977 0356 5001     		.2byte	0x150
 978 0358 B6000000 		.4byte	0xb6
 979 035c F1040000 		.4byte	.LLST22
 980 0360 14       		.uleb128 0x14
 981 0361 AD000000 		.4byte	.LASF25
 982 0365 01       		.byte	0x1
 983 0366 5101     		.2byte	0x151
 984 0368 B6000000 		.4byte	0xb6
 985 036c ED050000 		.4byte	.LLST23
 986 0370 13       		.uleb128 0x13
 987 0371 7100     		.ascii	"q\000"
 988 0373 01       		.byte	0x1
 989 0374 5201     		.2byte	0x152
 990 0376 3B010000 		.4byte	0x13b
 991 037a 17060000 		.4byte	.LLST24
 992 037e 14       		.uleb128 0x14
 993 037f 85000000 		.4byte	.LASF31
 994 0383 01       		.byte	0x1
 995 0384 5301     		.2byte	0x153
 996 0386 A0000000 		.4byte	0xa0
 997 038a 35060000 		.4byte	.LLST25
 998 038e 14       		.uleb128 0x14
 999 038f 3F000000 		.4byte	.LASF35
 1000 0393 01       		.byte	0x1
 1001 0394 5401     		.2byte	0x154
 1002 0396 AB000000 		.4byte	0xab
 1003 039a 5F060000 		.4byte	.LLST26
 1004 039e 16       		.uleb128 0x16
 1005 039f 62000000 		.4byte	.LVL56
 1006 03a3 67010000 		.4byte	0x167
 1007 03a7 B2030000 		.4byte	0x3b2
 1008 03ab 17       		.uleb128 0x17
 1009 03ac 01       		.byte	0x1
 1010 03ad 51       		.byte	0x51
 1011 03ae 02       		.byte	0x2
 1012 03af 79       		.byte	0x79
 1013 03b0 00       		.sleb128 0
 1014 03b1 00       		.byte	0
 1015 03b2 15       		.uleb128 0x15
 1016 03b3 72000000 		.4byte	.LVL58
 1017 03b7 B2040000 		.4byte	0x4b2
 1018 03bb 16       		.uleb128 0x16
 1019 03bc 9E000000 		.4byte	.LVL67
 1020 03c0 9A040000 		.4byte	0x49a
 1021 03c4 D1030000 		.4byte	0x3d1
 1022 03c8 17       		.uleb128 0x17
 1023 03c9 01       		.byte	0x1
 1024 03ca 50       		.byte	0x50
ARM GAS  /var/folders/5n/p_75w94d66l9ssrldxqdhh700000gn/T//ccxuYs9e.s 			page 19


 1025 03cb 04       		.byte	0x4
 1026 03cc 91       		.byte	0x91
 1027 03cd 54       		.sleb128 -44
 1028 03ce 94       		.byte	0x94
 1029 03cf 02       		.byte	0x2
 1030 03d0 00       		.byte	0
 1031 03d1 18       		.uleb128 0x18
 1032 03d2 A8000000 		.4byte	.LVL69
 1033 03d6 9A040000 		.4byte	0x49a
 1034 03da 17       		.uleb128 0x17
 1035 03db 01       		.byte	0x1
 1036 03dc 50       		.byte	0x50
 1037 03dd 04       		.byte	0x4
 1038 03de 91       		.byte	0x91
 1039 03df 00       		.sleb128 0
 1040 03e0 94       		.byte	0x94
 1041 03e1 02       		.byte	0x2
 1042 03e2 00       		.byte	0
 1043 03e3 00       		.byte	0
 1044 03e4 0F       		.uleb128 0xf
 1045 03e5 01       		.byte	0x1
 1046 03e6 2B000000 		.4byte	.LASF36
 1047 03ea 01       		.byte	0x1
 1048 03eb 8C01     		.2byte	0x18c
 1049 03ed 01       		.byte	0x1
 1050 03ee AB000000 		.4byte	0xab
 1051 03f2 00000000 		.4byte	.LFB10
 1052 03f6 0C000000 		.4byte	.LFE10
 1053 03fa 89060000 		.4byte	.LLST27
 1054 03fe 01       		.byte	0x1
 1055 03ff 35040000 		.4byte	0x435
 1056 0403 11       		.uleb128 0x11
 1057 0404 B2000000 		.4byte	.LASF27
 1058 0408 01       		.byte	0x1
 1059 0409 8C01     		.2byte	0x18c
 1060 040b 90000000 		.4byte	0x90
 1061 040f A9060000 		.4byte	.LLST28
 1062 0413 10       		.uleb128 0x10
 1063 0414 6C656E00 		.ascii	"len\000"
 1064 0418 01       		.byte	0x1
 1065 0419 8C01     		.2byte	0x18c
 1066 041b AB000000 		.4byte	0xab
 1067 041f CA060000 		.4byte	.LLST29
 1068 0423 18       		.uleb128 0x18
 1069 0424 06000000 		.4byte	.LVL75
 1070 0428 67010000 		.4byte	0x167
 1071 042c 17       		.uleb128 0x17
 1072 042d 01       		.byte	0x1
 1073 042e 50       		.byte	0x50
 1074 042f 03       		.byte	0x3
 1075 0430 F3       		.byte	0xf3
 1076 0431 01       		.uleb128 0x1
 1077 0432 50       		.byte	0x50
 1078 0433 00       		.byte	0
 1079 0434 00       		.byte	0
 1080 0435 0F       		.uleb128 0xf
 1081 0436 01       		.byte	0x1
ARM GAS  /var/folders/5n/p_75w94d66l9ssrldxqdhh700000gn/T//ccxuYs9e.s 			page 20


 1082 0437 00000000 		.4byte	.LASF37
 1083 043b 01       		.byte	0x1
 1084 043c 9901     		.2byte	0x199
 1085 043e 01       		.byte	0x1
 1086 043f AB000000 		.4byte	0xab
 1087 0443 00000000 		.4byte	.LFB11
 1088 0447 54000000 		.4byte	.LFE11
 1089 044b EB060000 		.4byte	.LLST30
 1090 044f 01       		.byte	0x1
 1091 0450 9A040000 		.4byte	0x49a
 1092 0454 10       		.uleb128 0x10
 1093 0455 7000     		.ascii	"p\000"
 1094 0457 01       		.byte	0x1
 1095 0458 9901     		.2byte	0x199
 1096 045a 3B010000 		.4byte	0x13b
 1097 045e 0B070000 		.4byte	.LLST31
 1098 0462 13       		.uleb128 0x13
 1099 0463 61636300 		.ascii	"acc\000"
 1100 0467 01       		.byte	0x1
 1101 0468 9B01     		.2byte	0x19b
 1102 046a B6000000 		.4byte	0xb6
 1103 046e 45070000 		.4byte	.LLST32
 1104 0472 13       		.uleb128 0x13
 1105 0473 7100     		.ascii	"q\000"
 1106 0475 01       		.byte	0x1
 1107 0476 9C01     		.2byte	0x19c
 1108 0478 3B010000 		.4byte	0x13b
 1109 047c D2070000 		.4byte	.LLST33
 1110 0480 14       		.uleb128 0x14
 1111 0481 85000000 		.4byte	.LASF31
 1112 0485 01       		.byte	0x1
 1113 0486 9D01     		.2byte	0x19d
 1114 0488 A0000000 		.4byte	0xa0
 1115 048c 09080000 		.4byte	.LLST34
 1116 0490 15       		.uleb128 0x15
 1117 0491 12000000 		.4byte	.LVL78
 1118 0495 67010000 		.4byte	0x167
 1119 0499 00       		.byte	0
 1120 049a 19       		.uleb128 0x19
 1121 049b 01       		.byte	0x1
 1122 049c 11000000 		.4byte	.LASF42
 1123 04a0 06       		.byte	0x6
 1124 04a1 67       		.byte	0x67
 1125 04a2 01       		.byte	0x1
 1126 04a3 AB000000 		.4byte	0xab
 1127 04a7 01       		.byte	0x1
 1128 04a8 B2040000 		.4byte	0x4b2
 1129 04ac 1A       		.uleb128 0x1a
 1130 04ad AB000000 		.4byte	0xab
 1131 04b1 00       		.byte	0
 1132 04b2 1B       		.uleb128 0x1b
 1133 04b3 01       		.byte	0x1
 1134 04b4 76010000 		.4byte	.LASF43
 1135 04b8 07       		.byte	0x7
 1136 04b9 F301     		.2byte	0x1f3
 1137 04bb 01       		.byte	0x1
 1138 04bc 01       		.byte	0x1
ARM GAS  /var/folders/5n/p_75w94d66l9ssrldxqdhh700000gn/T//ccxuYs9e.s 			page 21


 1139 04bd 00       		.byte	0
 1140              		.section	.debug_abbrev,"",%progbits
 1141              	.Ldebug_abbrev0:
 1142 0000 01       		.uleb128 0x1
 1143 0001 11       		.uleb128 0x11
 1144 0002 01       		.byte	0x1
 1145 0003 25       		.uleb128 0x25
 1146 0004 0E       		.uleb128 0xe
 1147 0005 13       		.uleb128 0x13
 1148 0006 0B       		.uleb128 0xb
 1149 0007 03       		.uleb128 0x3
 1150 0008 0E       		.uleb128 0xe
 1151 0009 1B       		.uleb128 0x1b
 1152 000a 0E       		.uleb128 0xe
 1153 000b 55       		.uleb128 0x55
 1154 000c 06       		.uleb128 0x6
 1155 000d 11       		.uleb128 0x11
 1156 000e 01       		.uleb128 0x1
 1157 000f 52       		.uleb128 0x52
 1158 0010 01       		.uleb128 0x1
 1159 0011 10       		.uleb128 0x10
 1160 0012 06       		.uleb128 0x6
 1161 0013 00       		.byte	0
 1162 0014 00       		.byte	0
 1163 0015 02       		.uleb128 0x2
 1164 0016 24       		.uleb128 0x24
 1165 0017 00       		.byte	0
 1166 0018 0B       		.uleb128 0xb
 1167 0019 0B       		.uleb128 0xb
 1168 001a 3E       		.uleb128 0x3e
 1169 001b 0B       		.uleb128 0xb
 1170 001c 03       		.uleb128 0x3
 1171 001d 08       		.uleb128 0x8
 1172 001e 00       		.byte	0
 1173 001f 00       		.byte	0
 1174 0020 03       		.uleb128 0x3
 1175 0021 24       		.uleb128 0x24
 1176 0022 00       		.byte	0
 1177 0023 0B       		.uleb128 0xb
 1178 0024 0B       		.uleb128 0xb
 1179 0025 3E       		.uleb128 0x3e
 1180 0026 0B       		.uleb128 0xb
 1181 0027 03       		.uleb128 0x3
 1182 0028 0E       		.uleb128 0xe
 1183 0029 00       		.byte	0
 1184 002a 00       		.byte	0
 1185 002b 04       		.uleb128 0x4
 1186 002c 16       		.uleb128 0x16
 1187 002d 00       		.byte	0
 1188 002e 03       		.uleb128 0x3
 1189 002f 0E       		.uleb128 0xe
 1190 0030 3A       		.uleb128 0x3a
 1191 0031 0B       		.uleb128 0xb
 1192 0032 3B       		.uleb128 0x3b
 1193 0033 0B       		.uleb128 0xb
 1194 0034 49       		.uleb128 0x49
 1195 0035 13       		.uleb128 0x13
ARM GAS  /var/folders/5n/p_75w94d66l9ssrldxqdhh700000gn/T//ccxuYs9e.s 			page 22


 1196 0036 00       		.byte	0
 1197 0037 00       		.byte	0
 1198 0038 05       		.uleb128 0x5
 1199 0039 0F       		.uleb128 0xf
 1200 003a 00       		.byte	0
 1201 003b 0B       		.uleb128 0xb
 1202 003c 0B       		.uleb128 0xb
 1203 003d 00       		.byte	0
 1204 003e 00       		.byte	0
 1205 003f 06       		.uleb128 0x6
 1206 0040 13       		.uleb128 0x13
 1207 0041 01       		.byte	0x1
 1208 0042 03       		.uleb128 0x3
 1209 0043 0E       		.uleb128 0xe
 1210 0044 0B       		.uleb128 0xb
 1211 0045 0B       		.uleb128 0xb
 1212 0046 3A       		.uleb128 0x3a
 1213 0047 0B       		.uleb128 0xb
 1214 0048 3B       		.uleb128 0x3b
 1215 0049 0B       		.uleb128 0xb
 1216 004a 01       		.uleb128 0x1
 1217 004b 13       		.uleb128 0x13
 1218 004c 00       		.byte	0
 1219 004d 00       		.byte	0
 1220 004e 07       		.uleb128 0x7
 1221 004f 0D       		.uleb128 0xd
 1222 0050 00       		.byte	0
 1223 0051 03       		.uleb128 0x3
 1224 0052 0E       		.uleb128 0xe
 1225 0053 3A       		.uleb128 0x3a
 1226 0054 0B       		.uleb128 0xb
 1227 0055 3B       		.uleb128 0x3b
 1228 0056 0B       		.uleb128 0xb
 1229 0057 49       		.uleb128 0x49
 1230 0058 13       		.uleb128 0x13
 1231 0059 38       		.uleb128 0x38
 1232 005a 0A       		.uleb128 0xa
 1233 005b 00       		.byte	0
 1234 005c 00       		.byte	0
 1235 005d 08       		.uleb128 0x8
 1236 005e 0D       		.uleb128 0xd
 1237 005f 00       		.byte	0
 1238 0060 03       		.uleb128 0x3
 1239 0061 08       		.uleb128 0x8
 1240 0062 3A       		.uleb128 0x3a
 1241 0063 0B       		.uleb128 0xb
 1242 0064 3B       		.uleb128 0x3b
 1243 0065 0B       		.uleb128 0xb
 1244 0066 49       		.uleb128 0x49
 1245 0067 13       		.uleb128 0x13
 1246 0068 38       		.uleb128 0x38
 1247 0069 0A       		.uleb128 0xa
 1248 006a 00       		.byte	0
 1249 006b 00       		.byte	0
 1250 006c 09       		.uleb128 0x9
 1251 006d 0F       		.uleb128 0xf
 1252 006e 00       		.byte	0
ARM GAS  /var/folders/5n/p_75w94d66l9ssrldxqdhh700000gn/T//ccxuYs9e.s 			page 23


 1253 006f 0B       		.uleb128 0xb
 1254 0070 0B       		.uleb128 0xb
 1255 0071 49       		.uleb128 0x49
 1256 0072 13       		.uleb128 0x13
 1257 0073 00       		.byte	0
 1258 0074 00       		.byte	0
 1259 0075 0A       		.uleb128 0xa
 1260 0076 2E       		.uleb128 0x2e
 1261 0077 01       		.byte	0x1
 1262 0078 03       		.uleb128 0x3
 1263 0079 0E       		.uleb128 0xe
 1264 007a 3A       		.uleb128 0x3a
 1265 007b 0B       		.uleb128 0xb
 1266 007c 3B       		.uleb128 0x3b
 1267 007d 0B       		.uleb128 0xb
 1268 007e 27       		.uleb128 0x27
 1269 007f 0C       		.uleb128 0xc
 1270 0080 49       		.uleb128 0x49
 1271 0081 13       		.uleb128 0x13
 1272 0082 11       		.uleb128 0x11
 1273 0083 01       		.uleb128 0x1
 1274 0084 12       		.uleb128 0x12
 1275 0085 01       		.uleb128 0x1
 1276 0086 40       		.uleb128 0x40
 1277 0087 06       		.uleb128 0x6
 1278 0088 9742     		.uleb128 0x2117
 1279 008a 0C       		.uleb128 0xc
 1280 008b 01       		.uleb128 0x1
 1281 008c 13       		.uleb128 0x13
 1282 008d 00       		.byte	0
 1283 008e 00       		.byte	0
 1284 008f 0B       		.uleb128 0xb
 1285 0090 05       		.uleb128 0x5
 1286 0091 00       		.byte	0
 1287 0092 03       		.uleb128 0x3
 1288 0093 0E       		.uleb128 0xe
 1289 0094 3A       		.uleb128 0x3a
 1290 0095 0B       		.uleb128 0xb
 1291 0096 3B       		.uleb128 0x3b
 1292 0097 0B       		.uleb128 0xb
 1293 0098 49       		.uleb128 0x49
 1294 0099 13       		.uleb128 0x13
 1295 009a 02       		.uleb128 0x2
 1296 009b 06       		.uleb128 0x6
 1297 009c 00       		.byte	0
 1298 009d 00       		.byte	0
 1299 009e 0C       		.uleb128 0xc
 1300 009f 05       		.uleb128 0x5
 1301 00a0 00       		.byte	0
 1302 00a1 03       		.uleb128 0x3
 1303 00a2 08       		.uleb128 0x8
 1304 00a3 3A       		.uleb128 0x3a
 1305 00a4 0B       		.uleb128 0xb
 1306 00a5 3B       		.uleb128 0x3b
 1307 00a6 0B       		.uleb128 0xb
 1308 00a7 49       		.uleb128 0x49
 1309 00a8 13       		.uleb128 0x13
ARM GAS  /var/folders/5n/p_75w94d66l9ssrldxqdhh700000gn/T//ccxuYs9e.s 			page 24


 1310 00a9 02       		.uleb128 0x2
 1311 00aa 06       		.uleb128 0x6
 1312 00ab 00       		.byte	0
 1313 00ac 00       		.byte	0
 1314 00ad 0D       		.uleb128 0xd
 1315 00ae 34       		.uleb128 0x34
 1316 00af 00       		.byte	0
 1317 00b0 03       		.uleb128 0x3
 1318 00b1 08       		.uleb128 0x8
 1319 00b2 3A       		.uleb128 0x3a
 1320 00b3 0B       		.uleb128 0xb
 1321 00b4 3B       		.uleb128 0x3b
 1322 00b5 0B       		.uleb128 0xb
 1323 00b6 49       		.uleb128 0x49
 1324 00b7 13       		.uleb128 0x13
 1325 00b8 02       		.uleb128 0x2
 1326 00b9 06       		.uleb128 0x6
 1327 00ba 00       		.byte	0
 1328 00bb 00       		.byte	0
 1329 00bc 0E       		.uleb128 0xe
 1330 00bd 34       		.uleb128 0x34
 1331 00be 00       		.byte	0
 1332 00bf 03       		.uleb128 0x3
 1333 00c0 08       		.uleb128 0x8
 1334 00c1 3A       		.uleb128 0x3a
 1335 00c2 0B       		.uleb128 0xb
 1336 00c3 3B       		.uleb128 0x3b
 1337 00c4 0B       		.uleb128 0xb
 1338 00c5 49       		.uleb128 0x49
 1339 00c6 13       		.uleb128 0x13
 1340 00c7 02       		.uleb128 0x2
 1341 00c8 0A       		.uleb128 0xa
 1342 00c9 00       		.byte	0
 1343 00ca 00       		.byte	0
 1344 00cb 0F       		.uleb128 0xf
 1345 00cc 2E       		.uleb128 0x2e
 1346 00cd 01       		.byte	0x1
 1347 00ce 3F       		.uleb128 0x3f
 1348 00cf 0C       		.uleb128 0xc
 1349 00d0 03       		.uleb128 0x3
 1350 00d1 0E       		.uleb128 0xe
 1351 00d2 3A       		.uleb128 0x3a
 1352 00d3 0B       		.uleb128 0xb
 1353 00d4 3B       		.uleb128 0x3b
 1354 00d5 05       		.uleb128 0x5
 1355 00d6 27       		.uleb128 0x27
 1356 00d7 0C       		.uleb128 0xc
 1357 00d8 49       		.uleb128 0x49
 1358 00d9 13       		.uleb128 0x13
 1359 00da 11       		.uleb128 0x11
 1360 00db 01       		.uleb128 0x1
 1361 00dc 12       		.uleb128 0x12
 1362 00dd 01       		.uleb128 0x1
 1363 00de 40       		.uleb128 0x40
 1364 00df 06       		.uleb128 0x6
 1365 00e0 9742     		.uleb128 0x2117
 1366 00e2 0C       		.uleb128 0xc
ARM GAS  /var/folders/5n/p_75w94d66l9ssrldxqdhh700000gn/T//ccxuYs9e.s 			page 25


 1367 00e3 01       		.uleb128 0x1
 1368 00e4 13       		.uleb128 0x13
 1369 00e5 00       		.byte	0
 1370 00e6 00       		.byte	0
 1371 00e7 10       		.uleb128 0x10
 1372 00e8 05       		.uleb128 0x5
 1373 00e9 00       		.byte	0
 1374 00ea 03       		.uleb128 0x3
 1375 00eb 08       		.uleb128 0x8
 1376 00ec 3A       		.uleb128 0x3a
 1377 00ed 0B       		.uleb128 0xb
 1378 00ee 3B       		.uleb128 0x3b
 1379 00ef 05       		.uleb128 0x5
 1380 00f0 49       		.uleb128 0x49
 1381 00f1 13       		.uleb128 0x13
 1382 00f2 02       		.uleb128 0x2
 1383 00f3 06       		.uleb128 0x6
 1384 00f4 00       		.byte	0
 1385 00f5 00       		.byte	0
 1386 00f6 11       		.uleb128 0x11
 1387 00f7 05       		.uleb128 0x5
 1388 00f8 00       		.byte	0
 1389 00f9 03       		.uleb128 0x3
 1390 00fa 0E       		.uleb128 0xe
 1391 00fb 3A       		.uleb128 0x3a
 1392 00fc 0B       		.uleb128 0xb
 1393 00fd 3B       		.uleb128 0x3b
 1394 00fe 05       		.uleb128 0x5
 1395 00ff 49       		.uleb128 0x49
 1396 0100 13       		.uleb128 0x13
 1397 0101 02       		.uleb128 0x2
 1398 0102 06       		.uleb128 0x6
 1399 0103 00       		.byte	0
 1400 0104 00       		.byte	0
 1401 0105 12       		.uleb128 0x12
 1402 0106 05       		.uleb128 0x5
 1403 0107 00       		.byte	0
 1404 0108 03       		.uleb128 0x3
 1405 0109 0E       		.uleb128 0xe
 1406 010a 3A       		.uleb128 0x3a
 1407 010b 0B       		.uleb128 0xb
 1408 010c 3B       		.uleb128 0x3b
 1409 010d 05       		.uleb128 0x5
 1410 010e 49       		.uleb128 0x49
 1411 010f 13       		.uleb128 0x13
 1412 0110 02       		.uleb128 0x2
 1413 0111 0A       		.uleb128 0xa
 1414 0112 00       		.byte	0
 1415 0113 00       		.byte	0
 1416 0114 13       		.uleb128 0x13
 1417 0115 34       		.uleb128 0x34
 1418 0116 00       		.byte	0
 1419 0117 03       		.uleb128 0x3
 1420 0118 08       		.uleb128 0x8
 1421 0119 3A       		.uleb128 0x3a
 1422 011a 0B       		.uleb128 0xb
 1423 011b 3B       		.uleb128 0x3b
ARM GAS  /var/folders/5n/p_75w94d66l9ssrldxqdhh700000gn/T//ccxuYs9e.s 			page 26


 1424 011c 05       		.uleb128 0x5
 1425 011d 49       		.uleb128 0x49
 1426 011e 13       		.uleb128 0x13
 1427 011f 02       		.uleb128 0x2
 1428 0120 06       		.uleb128 0x6
 1429 0121 00       		.byte	0
 1430 0122 00       		.byte	0
 1431 0123 14       		.uleb128 0x14
 1432 0124 34       		.uleb128 0x34
 1433 0125 00       		.byte	0
 1434 0126 03       		.uleb128 0x3
 1435 0127 0E       		.uleb128 0xe
 1436 0128 3A       		.uleb128 0x3a
 1437 0129 0B       		.uleb128 0xb
 1438 012a 3B       		.uleb128 0x3b
 1439 012b 05       		.uleb128 0x5
 1440 012c 49       		.uleb128 0x49
 1441 012d 13       		.uleb128 0x13
 1442 012e 02       		.uleb128 0x2
 1443 012f 06       		.uleb128 0x6
 1444 0130 00       		.byte	0
 1445 0131 00       		.byte	0
 1446 0132 15       		.uleb128 0x15
 1447 0133 898201   		.uleb128 0x4109
 1448 0136 00       		.byte	0
 1449 0137 11       		.uleb128 0x11
 1450 0138 01       		.uleb128 0x1
 1451 0139 31       		.uleb128 0x31
 1452 013a 13       		.uleb128 0x13
 1453 013b 00       		.byte	0
 1454 013c 00       		.byte	0
 1455 013d 16       		.uleb128 0x16
 1456 013e 898201   		.uleb128 0x4109
 1457 0141 01       		.byte	0x1
 1458 0142 11       		.uleb128 0x11
 1459 0143 01       		.uleb128 0x1
 1460 0144 31       		.uleb128 0x31
 1461 0145 13       		.uleb128 0x13
 1462 0146 01       		.uleb128 0x1
 1463 0147 13       		.uleb128 0x13
 1464 0148 00       		.byte	0
 1465 0149 00       		.byte	0
 1466 014a 17       		.uleb128 0x17
 1467 014b 8A8201   		.uleb128 0x410a
 1468 014e 00       		.byte	0
 1469 014f 02       		.uleb128 0x2
 1470 0150 0A       		.uleb128 0xa
 1471 0151 9142     		.uleb128 0x2111
 1472 0153 0A       		.uleb128 0xa
 1473 0154 00       		.byte	0
 1474 0155 00       		.byte	0
 1475 0156 18       		.uleb128 0x18
 1476 0157 898201   		.uleb128 0x4109
 1477 015a 01       		.byte	0x1
 1478 015b 11       		.uleb128 0x11
 1479 015c 01       		.uleb128 0x1
 1480 015d 31       		.uleb128 0x31
ARM GAS  /var/folders/5n/p_75w94d66l9ssrldxqdhh700000gn/T//ccxuYs9e.s 			page 27


 1481 015e 13       		.uleb128 0x13
 1482 015f 00       		.byte	0
 1483 0160 00       		.byte	0
 1484 0161 19       		.uleb128 0x19
 1485 0162 2E       		.uleb128 0x2e
 1486 0163 01       		.byte	0x1
 1487 0164 3F       		.uleb128 0x3f
 1488 0165 0C       		.uleb128 0xc
 1489 0166 03       		.uleb128 0x3
 1490 0167 0E       		.uleb128 0xe
 1491 0168 3A       		.uleb128 0x3a
 1492 0169 0B       		.uleb128 0xb
 1493 016a 3B       		.uleb128 0x3b
 1494 016b 0B       		.uleb128 0xb
 1495 016c 27       		.uleb128 0x27
 1496 016d 0C       		.uleb128 0xc
 1497 016e 49       		.uleb128 0x49
 1498 016f 13       		.uleb128 0x13
 1499 0170 3C       		.uleb128 0x3c
 1500 0171 0C       		.uleb128 0xc
 1501 0172 01       		.uleb128 0x1
 1502 0173 13       		.uleb128 0x13
 1503 0174 00       		.byte	0
 1504 0175 00       		.byte	0
 1505 0176 1A       		.uleb128 0x1a
 1506 0177 05       		.uleb128 0x5
 1507 0178 00       		.byte	0
 1508 0179 49       		.uleb128 0x49
 1509 017a 13       		.uleb128 0x13
 1510 017b 00       		.byte	0
 1511 017c 00       		.byte	0
 1512 017d 1B       		.uleb128 0x1b
 1513 017e 2E       		.uleb128 0x2e
 1514 017f 00       		.byte	0
 1515 0180 3F       		.uleb128 0x3f
 1516 0181 0C       		.uleb128 0xc
 1517 0182 03       		.uleb128 0x3
 1518 0183 0E       		.uleb128 0xe
 1519 0184 3A       		.uleb128 0x3a
 1520 0185 0B       		.uleb128 0xb
 1521 0186 3B       		.uleb128 0x3b
 1522 0187 05       		.uleb128 0x5
 1523 0188 27       		.uleb128 0x27
 1524 0189 0C       		.uleb128 0xc
 1525 018a 3C       		.uleb128 0x3c
 1526 018b 0C       		.uleb128 0xc
 1527 018c 00       		.byte	0
 1528 018d 00       		.byte	0
 1529 018e 00       		.byte	0
 1530              		.section	.debug_loc,"",%progbits
 1531              	.Ldebug_loc0:
 1532              	.LLST0:
 1533 0000 00000000 		.4byte	.LFB7
 1534 0004 02000000 		.4byte	.LCFI0
 1535 0008 0200     		.2byte	0x2
 1536 000a 7D       		.byte	0x7d
 1537 000b 00       		.sleb128 0
ARM GAS  /var/folders/5n/p_75w94d66l9ssrldxqdhh700000gn/T//ccxuYs9e.s 			page 28


 1538 000c 02000000 		.4byte	.LCFI0
 1539 0010 08000000 		.4byte	.LCFI1
 1540 0014 0200     		.2byte	0x2
 1541 0016 7D       		.byte	0x7d
 1542 0017 0C       		.sleb128 12
 1543 0018 08000000 		.4byte	.LCFI1
 1544 001c 7C000000 		.4byte	.LFE7
 1545 0020 0200     		.2byte	0x2
 1546 0022 7D       		.byte	0x7d
 1547 0023 18       		.sleb128 24
 1548 0024 00000000 		.4byte	0
 1549 0028 00000000 		.4byte	0
 1550              	.LLST1:
 1551 002c 00000000 		.4byte	.LVL0
 1552 0030 1E000000 		.4byte	.LVL2
 1553 0034 0100     		.2byte	0x1
 1554 0036 50       		.byte	0x50
 1555 0037 1E000000 		.4byte	.LVL2
 1556 003b 24000000 		.4byte	.LVL4
 1557 003f 0300     		.2byte	0x3
 1558 0041 70       		.byte	0x70
 1559 0042 7F       		.sleb128 -1
 1560 0043 9F       		.byte	0x9f
 1561 0044 24000000 		.4byte	.LVL4
 1562 0048 7C000000 		.4byte	.LFE7
 1563 004c 0400     		.2byte	0x4
 1564 004e F3       		.byte	0xf3
 1565 004f 01       		.uleb128 0x1
 1566 0050 50       		.byte	0x50
 1567 0051 9F       		.byte	0x9f
 1568 0052 00000000 		.4byte	0
 1569 0056 00000000 		.4byte	0
 1570              	.LLST2:
 1571 005a 00000000 		.4byte	.LVL0
 1572 005e 20000000 		.4byte	.LVL3
 1573 0062 0100     		.2byte	0x1
 1574 0064 51       		.byte	0x51
 1575 0065 20000000 		.4byte	.LVL3
 1576 0069 24000000 		.4byte	.LVL4
 1577 006d 0300     		.2byte	0x3
 1578 006f 71       		.byte	0x71
 1579 0070 01       		.sleb128 1
 1580 0071 9F       		.byte	0x9f
 1581 0072 24000000 		.4byte	.LVL4
 1582 0076 2E000000 		.4byte	.LVL5
 1583 007a 0100     		.2byte	0x1
 1584 007c 51       		.byte	0x51
 1585 007d 2E000000 		.4byte	.LVL5
 1586 0081 34000000 		.4byte	.LVL7
 1587 0085 0100     		.2byte	0x1
 1588 0087 53       		.byte	0x53
 1589 0088 34000000 		.4byte	.LVL7
 1590 008c 38000000 		.4byte	.LVL8
 1591 0090 0300     		.2byte	0x3
 1592 0092 73       		.byte	0x73
 1593 0093 02       		.sleb128 2
 1594 0094 9F       		.byte	0x9f
ARM GAS  /var/folders/5n/p_75w94d66l9ssrldxqdhh700000gn/T//ccxuYs9e.s 			page 29


 1595 0095 38000000 		.4byte	.LVL8
 1596 0099 3E000000 		.4byte	.LVL9
 1597 009d 0100     		.2byte	0x1
 1598 009f 53       		.byte	0x53
 1599 00a0 78000000 		.4byte	.LVL21
 1600 00a4 7C000000 		.4byte	.LFE7
 1601 00a8 0100     		.2byte	0x1
 1602 00aa 51       		.byte	0x51
 1603 00ab 00000000 		.4byte	0
 1604 00af 00000000 		.4byte	0
 1605              	.LLST3:
 1606 00b3 00000000 		.4byte	.LVL0
 1607 00b7 1E000000 		.4byte	.LVL2
 1608 00bb 0100     		.2byte	0x1
 1609 00bd 50       		.byte	0x50
 1610 00be 1E000000 		.4byte	.LVL2
 1611 00c2 24000000 		.4byte	.LVL4
 1612 00c6 0300     		.2byte	0x3
 1613 00c8 70       		.byte	0x70
 1614 00c9 7F       		.sleb128 -1
 1615 00ca 9F       		.byte	0x9f
 1616 00cb 24000000 		.4byte	.LVL4
 1617 00cf 44000000 		.4byte	.LVL11
 1618 00d3 0100     		.2byte	0x1
 1619 00d5 50       		.byte	0x50
 1620 00d6 78000000 		.4byte	.LVL21
 1621 00da 7C000000 		.4byte	.LFE7
 1622 00de 0100     		.2byte	0x1
 1623 00e0 50       		.byte	0x50
 1624 00e1 00000000 		.4byte	0
 1625 00e5 00000000 		.4byte	0
 1626              	.LLST4:
 1627 00e9 24000000 		.4byte	.LVL4
 1628 00ed 2E000000 		.4byte	.LVL5
 1629 00f1 0100     		.2byte	0x1
 1630 00f3 50       		.byte	0x50
 1631 00f4 2E000000 		.4byte	.LVL5
 1632 00f8 32000000 		.4byte	.LVL6
 1633 00fc 0100     		.2byte	0x1
 1634 00fe 54       		.byte	0x54
 1635 00ff 32000000 		.4byte	.LVL6
 1636 0103 38000000 		.4byte	.LVL8
 1637 0107 0300     		.2byte	0x3
 1638 0109 74       		.byte	0x74
 1639 010a 7E       		.sleb128 -2
 1640 010b 9F       		.byte	0x9f
 1641 010c 38000000 		.4byte	.LVL8
 1642 0110 40000000 		.4byte	.LVL10
 1643 0114 0100     		.2byte	0x1
 1644 0116 54       		.byte	0x54
 1645 0117 78000000 		.4byte	.LVL21
 1646 011b 7C000000 		.4byte	.LFE7
 1647 011f 0100     		.2byte	0x1
 1648 0121 50       		.byte	0x50
 1649 0122 00000000 		.4byte	0
 1650 0126 00000000 		.4byte	0
 1651              	.LLST5:
ARM GAS  /var/folders/5n/p_75w94d66l9ssrldxqdhh700000gn/T//ccxuYs9e.s 			page 30


 1652 012a 18000000 		.4byte	.LVL1
 1653 012e 56000000 		.4byte	.LVL13
 1654 0132 0200     		.2byte	0x2
 1655 0134 91       		.byte	0x91
 1656 0135 6E       		.sleb128 -18
 1657 0136 58000000 		.4byte	.LVL14
 1658 013a 5A000000 		.4byte	.LVL15
 1659 013e 0100     		.2byte	0x1
 1660 0140 50       		.byte	0x50
 1661 0141 78000000 		.4byte	.LVL21
 1662 0145 7C000000 		.4byte	.LFE7
 1663 0149 0200     		.2byte	0x2
 1664 014b 91       		.byte	0x91
 1665 014c 6E       		.sleb128 -18
 1666 014d 00000000 		.4byte	0
 1667 0151 00000000 		.4byte	0
 1668              	.LLST6:
 1669 0155 18000000 		.4byte	.LVL1
 1670 0159 2E000000 		.4byte	.LVL5
 1671 015d 0200     		.2byte	0x2
 1672 015f 30       		.byte	0x30
 1673 0160 9F       		.byte	0x9f
 1674 0161 38000000 		.4byte	.LVL8
 1675 0165 48000000 		.4byte	.LVL12
 1676 0169 0100     		.2byte	0x1
 1677 016b 52       		.byte	0x52
 1678 016c 58000000 		.4byte	.LVL14
 1679 0170 64000000 		.4byte	.LVL17
 1680 0174 0100     		.2byte	0x1
 1681 0176 52       		.byte	0x52
 1682 0177 64000000 		.4byte	.LVL17
 1683 017b 6C000000 		.4byte	.LVL18
 1684 017f 0100     		.2byte	0x1
 1685 0181 50       		.byte	0x50
 1686 0182 6C000000 		.4byte	.LVL18
 1687 0186 70000000 		.4byte	.LVL19
 1688 018a 0C00     		.2byte	0xc
 1689 018c 72       		.byte	0x72
 1690 018d 00       		.sleb128 0
 1691 018e 40       		.byte	0x40
 1692 018f 25       		.byte	0x25
 1693 0190 72       		.byte	0x72
 1694 0191 00       		.sleb128 0
 1695 0192 0A       		.byte	0xa
 1696 0193 FFFF     		.2byte	0xffff
 1697 0195 1A       		.byte	0x1a
 1698 0196 22       		.byte	0x22
 1699 0197 9F       		.byte	0x9f
 1700 0198 70000000 		.4byte	.LVL19
 1701 019c 72000000 		.4byte	.LVL20
 1702 01a0 0100     		.2byte	0x1
 1703 01a2 50       		.byte	0x50
 1704 01a3 78000000 		.4byte	.LVL21
 1705 01a7 7C000000 		.4byte	.LFE7
 1706 01ab 0200     		.2byte	0x2
 1707 01ad 30       		.byte	0x30
 1708 01ae 9F       		.byte	0x9f
ARM GAS  /var/folders/5n/p_75w94d66l9ssrldxqdhh700000gn/T//ccxuYs9e.s 			page 31


 1709 01af 00000000 		.4byte	0
 1710 01b3 00000000 		.4byte	0
 1711              	.LLST7:
 1712 01b7 00000000 		.4byte	.LFB8
 1713 01bb 04000000 		.4byte	.LCFI2
 1714 01bf 0200     		.2byte	0x2
 1715 01c1 7D       		.byte	0x7d
 1716 01c2 00       		.sleb128 0
 1717 01c3 04000000 		.4byte	.LCFI2
 1718 01c7 8E000000 		.4byte	.LFE8
 1719 01cb 0200     		.2byte	0x2
 1720 01cd 7D       		.byte	0x7d
 1721 01ce 20       		.sleb128 32
 1722 01cf 00000000 		.4byte	0
 1723 01d3 00000000 		.4byte	0
 1724              	.LLST8:
 1725 01d7 00000000 		.4byte	.LVL22
 1726 01db 14000000 		.4byte	.LVL23
 1727 01df 0100     		.2byte	0x1
 1728 01e1 50       		.byte	0x50
 1729 01e2 14000000 		.4byte	.LVL23
 1730 01e6 8A000000 		.4byte	.LVL45
 1731 01ea 0400     		.2byte	0x4
 1732 01ec F3       		.byte	0xf3
 1733 01ed 01       		.uleb128 0x1
 1734 01ee 50       		.byte	0x50
 1735 01ef 9F       		.byte	0x9f
 1736 01f0 8A000000 		.4byte	.LVL45
 1737 01f4 8E000000 		.4byte	.LFE8
 1738 01f8 0100     		.2byte	0x1
 1739 01fa 50       		.byte	0x50
 1740 01fb 00000000 		.4byte	0
 1741 01ff 00000000 		.4byte	0
 1742              	.LLST9:
 1743 0203 00000000 		.4byte	.LVL22
 1744 0207 14000000 		.4byte	.LVL23
 1745 020b 0100     		.2byte	0x1
 1746 020d 51       		.byte	0x51
 1747 020e 14000000 		.4byte	.LVL23
 1748 0212 8A000000 		.4byte	.LVL45
 1749 0216 0100     		.2byte	0x1
 1750 0218 5A       		.byte	0x5a
 1751 0219 8A000000 		.4byte	.LVL45
 1752 021d 8E000000 		.4byte	.LFE8
 1753 0221 0100     		.2byte	0x1
 1754 0223 51       		.byte	0x51
 1755 0224 00000000 		.4byte	0
 1756 0228 00000000 		.4byte	0
 1757              	.LLST10:
 1758 022c 00000000 		.4byte	.LVL22
 1759 0230 14000000 		.4byte	.LVL23
 1760 0234 0100     		.2byte	0x1
 1761 0236 52       		.byte	0x52
 1762 0237 14000000 		.4byte	.LVL23
 1763 023b 8A000000 		.4byte	.LVL45
 1764 023f 0100     		.2byte	0x1
 1765 0241 59       		.byte	0x59
ARM GAS  /var/folders/5n/p_75w94d66l9ssrldxqdhh700000gn/T//ccxuYs9e.s 			page 32


 1766 0242 8A000000 		.4byte	.LVL45
 1767 0246 8E000000 		.4byte	.LFE8
 1768 024a 0100     		.2byte	0x1
 1769 024c 52       		.byte	0x52
 1770 024d 00000000 		.4byte	0
 1771 0251 00000000 		.4byte	0
 1772              	.LLST11:
 1773 0255 00000000 		.4byte	.LVL22
 1774 0259 14000000 		.4byte	.LVL23
 1775 025d 0100     		.2byte	0x1
 1776 025f 53       		.byte	0x53
 1777 0260 14000000 		.4byte	.LVL23
 1778 0264 8A000000 		.4byte	.LVL45
 1779 0268 0400     		.2byte	0x4
 1780 026a F3       		.byte	0xf3
 1781 026b 01       		.uleb128 0x1
 1782 026c 53       		.byte	0x53
 1783 026d 9F       		.byte	0x9f
 1784 026e 8A000000 		.4byte	.LVL45
 1785 0272 8E000000 		.4byte	.LFE8
 1786 0276 0100     		.2byte	0x1
 1787 0278 53       		.byte	0x53
 1788 0279 00000000 		.4byte	0
 1789 027d 00000000 		.4byte	0
 1790              	.LLST12:
 1791 0281 00000000 		.4byte	.LVL22
 1792 0285 14000000 		.4byte	.LVL23
 1793 0289 0200     		.2byte	0x2
 1794 028b 30       		.byte	0x30
 1795 028c 9F       		.byte	0x9f
 1796 028d 20000000 		.4byte	.LVL25
 1797 0291 26000000 		.4byte	.LVL26
 1798 0295 0100     		.2byte	0x1
 1799 0297 50       		.byte	0x50
 1800 0298 26000000 		.4byte	.LVL26
 1801 029c 34000000 		.4byte	.LVL27
 1802 02a0 0100     		.2byte	0x1
 1803 02a2 55       		.byte	0x55
 1804 02a3 34000000 		.4byte	.LVL27
 1805 02a7 3A000000 		.4byte	.LVL29
 1806 02ab 0C00     		.2byte	0xc
 1807 02ad 70       		.byte	0x70
 1808 02ae 00       		.sleb128 0
 1809 02af 40       		.byte	0x40
 1810 02b0 25       		.byte	0x25
 1811 02b1 70       		.byte	0x70
 1812 02b2 00       		.sleb128 0
 1813 02b3 0A       		.byte	0xa
 1814 02b4 FFFF     		.2byte	0xffff
 1815 02b6 1A       		.byte	0x1a
 1816 02b7 22       		.byte	0x22
 1817 02b8 9F       		.byte	0x9f
 1818 02b9 3A000000 		.4byte	.LVL29
 1819 02bd 48000000 		.4byte	.LVL31
 1820 02c1 0100     		.2byte	0x1
 1821 02c3 55       		.byte	0x55
 1822 02c4 4C000000 		.4byte	.LVL32
ARM GAS  /var/folders/5n/p_75w94d66l9ssrldxqdhh700000gn/T//ccxuYs9e.s 			page 33


 1823 02c8 50000000 		.4byte	.LVL33
 1824 02cc 0100     		.2byte	0x1
 1825 02ce 55       		.byte	0x55
 1826 02cf 50000000 		.4byte	.LVL33
 1827 02d3 54000000 		.4byte	.LVL34
 1828 02d7 0F00     		.2byte	0xf
 1829 02d9 72       		.byte	0x72
 1830 02da 00       		.sleb128 0
 1831 02db 0A       		.byte	0xa
 1832 02dc FFFF     		.2byte	0xffff
 1833 02de 1A       		.byte	0x1a
 1834 02df 75       		.byte	0x75
 1835 02e0 00       		.sleb128 0
 1836 02e1 22       		.byte	0x22
 1837 02e2 72       		.byte	0x72
 1838 02e3 00       		.sleb128 0
 1839 02e4 40       		.byte	0x40
 1840 02e5 25       		.byte	0x25
 1841 02e6 22       		.byte	0x22
 1842 02e7 9F       		.byte	0x9f
 1843 02e8 54000000 		.4byte	.LVL34
 1844 02ec 5A000000 		.4byte	.LVL35
 1845 02f0 1600     		.2byte	0x16
 1846 02f2 73       		.byte	0x73
 1847 02f3 00       		.sleb128 0
 1848 02f4 0A       		.byte	0xa
 1849 02f5 FFFF     		.2byte	0xffff
 1850 02f7 1A       		.byte	0x1a
 1851 02f8 72       		.byte	0x72
 1852 02f9 00       		.sleb128 0
 1853 02fa 0A       		.byte	0xa
 1854 02fb FFFF     		.2byte	0xffff
 1855 02fd 1A       		.byte	0x1a
 1856 02fe 75       		.byte	0x75
 1857 02ff 00       		.sleb128 0
 1858 0300 22       		.byte	0x22
 1859 0301 72       		.byte	0x72
 1860 0302 00       		.sleb128 0
 1861 0303 40       		.byte	0x40
 1862 0304 25       		.byte	0x25
 1863 0305 22       		.byte	0x22
 1864 0306 22       		.byte	0x22
 1865 0307 9F       		.byte	0x9f
 1866 0308 5A000000 		.4byte	.LVL35
 1867 030c 62000000 		.4byte	.LVL36
 1868 0310 1800     		.2byte	0x18
 1869 0312 73       		.byte	0x73
 1870 0313 00       		.sleb128 0
 1871 0314 0A       		.byte	0xa
 1872 0315 FFFF     		.2byte	0xffff
 1873 0317 1A       		.byte	0x1a
 1874 0318 7A       		.byte	0x7a
 1875 0319 00       		.sleb128 0
 1876 031a 06       		.byte	0x6
 1877 031b 0A       		.byte	0xa
 1878 031c FFFF     		.2byte	0xffff
 1879 031e 1A       		.byte	0x1a
ARM GAS  /var/folders/5n/p_75w94d66l9ssrldxqdhh700000gn/T//ccxuYs9e.s 			page 34


 1880 031f 75       		.byte	0x75
 1881 0320 00       		.sleb128 0
 1882 0321 22       		.byte	0x22
 1883 0322 7A       		.byte	0x7a
 1884 0323 00       		.sleb128 0
 1885 0324 06       		.byte	0x6
 1886 0325 40       		.byte	0x40
 1887 0326 25       		.byte	0x25
 1888 0327 22       		.byte	0x22
 1889 0328 22       		.byte	0x22
 1890 0329 9F       		.byte	0x9f
 1891 032a 62000000 		.4byte	.LVL36
 1892 032e 66000000 		.4byte	.LVL37
 1893 0332 1900     		.2byte	0x19
 1894 0334 79       		.byte	0x79
 1895 0335 00       		.sleb128 0
 1896 0336 06       		.byte	0x6
 1897 0337 0A       		.byte	0xa
 1898 0338 FFFF     		.2byte	0xffff
 1899 033a 1A       		.byte	0x1a
 1900 033b 7A       		.byte	0x7a
 1901 033c 00       		.sleb128 0
 1902 033d 06       		.byte	0x6
 1903 033e 0A       		.byte	0xa
 1904 033f FFFF     		.2byte	0xffff
 1905 0341 1A       		.byte	0x1a
 1906 0342 75       		.byte	0x75
 1907 0343 00       		.sleb128 0
 1908 0344 22       		.byte	0x22
 1909 0345 7A       		.byte	0x7a
 1910 0346 00       		.sleb128 0
 1911 0347 06       		.byte	0x6
 1912 0348 40       		.byte	0x40
 1913 0349 25       		.byte	0x25
 1914 034a 22       		.byte	0x22
 1915 034b 22       		.byte	0x22
 1916 034c 9F       		.byte	0x9f
 1917 034d 66000000 		.4byte	.LVL37
 1918 0351 76000000 		.4byte	.LVL41
 1919 0355 0100     		.2byte	0x1
 1920 0357 55       		.byte	0x55
 1921 0358 76000000 		.4byte	.LVL41
 1922 035c 7C000000 		.4byte	.LVL42
 1923 0360 0100     		.2byte	0x1
 1924 0362 50       		.byte	0x50
 1925 0363 7C000000 		.4byte	.LVL42
 1926 0367 7E000000 		.4byte	.LVL43
 1927 036b 0100     		.2byte	0x1
 1928 036d 53       		.byte	0x53
 1929 036e 7E000000 		.4byte	.LVL43
 1930 0372 82000000 		.4byte	.LVL44
 1931 0376 0800     		.2byte	0x8
 1932 0378 73       		.byte	0x73
 1933 0379 00       		.sleb128 0
 1934 037a 40       		.byte	0x40
 1935 037b 25       		.byte	0x25
 1936 037c 70       		.byte	0x70
ARM GAS  /var/folders/5n/p_75w94d66l9ssrldxqdhh700000gn/T//ccxuYs9e.s 			page 35


 1937 037d 00       		.sleb128 0
 1938 037e 22       		.byte	0x22
 1939 037f 9F       		.byte	0x9f
 1940 0380 82000000 		.4byte	.LVL44
 1941 0384 8A000000 		.4byte	.LVL45
 1942 0388 0100     		.2byte	0x1
 1943 038a 53       		.byte	0x53
 1944 038b 8A000000 		.4byte	.LVL45
 1945 038f 8E000000 		.4byte	.LFE8
 1946 0393 0200     		.2byte	0x2
 1947 0395 30       		.byte	0x30
 1948 0396 9F       		.byte	0x9f
 1949 0397 00000000 		.4byte	0
 1950 039b 00000000 		.4byte	0
 1951              	.LLST13:
 1952 039f 50000000 		.4byte	.LVL33
 1953 03a3 54000000 		.4byte	.LVL34
 1954 03a7 0100     		.2byte	0x1
 1955 03a9 52       		.byte	0x52
 1956 03aa 54000000 		.4byte	.LVL34
 1957 03ae 62000000 		.4byte	.LVL36
 1958 03b2 0100     		.2byte	0x1
 1959 03b4 53       		.byte	0x53
 1960 03b5 62000000 		.4byte	.LVL36
 1961 03b9 69000000 		.4byte	.LVL38-1
 1962 03bd 0200     		.2byte	0x2
 1963 03bf 79       		.byte	0x79
 1964 03c0 00       		.sleb128 0
 1965 03c1 00000000 		.4byte	0
 1966 03c5 00000000 		.4byte	0
 1967              	.LLST14:
 1968 03c9 00000000 		.4byte	.LVL22
 1969 03cd 14000000 		.4byte	.LVL23
 1970 03d1 0100     		.2byte	0x1
 1971 03d3 50       		.byte	0x50
 1972 03d4 14000000 		.4byte	.LVL23
 1973 03d8 4C000000 		.4byte	.LVL32
 1974 03dc 0100     		.2byte	0x1
 1975 03de 54       		.byte	0x54
 1976 03df 8A000000 		.4byte	.LVL45
 1977 03e3 8E000000 		.4byte	.LFE8
 1978 03e7 0100     		.2byte	0x1
 1979 03e9 50       		.byte	0x50
 1980 03ea 00000000 		.4byte	0
 1981 03ee 00000000 		.4byte	0
 1982              	.LLST15:
 1983 03f2 00000000 		.4byte	.LVL22
 1984 03f6 14000000 		.4byte	.LVL23
 1985 03fa 0200     		.2byte	0x2
 1986 03fc 30       		.byte	0x30
 1987 03fd 9F       		.byte	0x9f
 1988 03fe 36000000 		.4byte	.LVL28
 1989 0402 4C000000 		.4byte	.LVL32
 1990 0406 0100     		.2byte	0x1
 1991 0408 57       		.byte	0x57
 1992 0409 8A000000 		.4byte	.LVL45
 1993 040d 8E000000 		.4byte	.LFE8
ARM GAS  /var/folders/5n/p_75w94d66l9ssrldxqdhh700000gn/T//ccxuYs9e.s 			page 36


 1994 0411 0200     		.2byte	0x2
 1995 0413 30       		.byte	0x30
 1996 0414 9F       		.byte	0x9f
 1997 0415 00000000 		.4byte	0
 1998 0419 00000000 		.4byte	0
 1999              	.LLST16:
 2000 041d 00000000 		.4byte	.LFB9
 2001 0421 04000000 		.4byte	.LCFI3
 2002 0425 0200     		.2byte	0x2
 2003 0427 7D       		.byte	0x7d
 2004 0428 00       		.sleb128 0
 2005 0429 04000000 		.4byte	.LCFI3
 2006 042d 06000000 		.4byte	.LCFI4
 2007 0431 0200     		.2byte	0x2
 2008 0433 7D       		.byte	0x7d
 2009 0434 24       		.sleb128 36
 2010 0435 06000000 		.4byte	.LCFI4
 2011 0439 C0000000 		.4byte	.LFE9
 2012 043d 0200     		.2byte	0x2
 2013 043f 7D       		.byte	0x7d
 2014 0440 30       		.sleb128 48
 2015 0441 00000000 		.4byte	0
 2016 0445 00000000 		.4byte	0
 2017              	.LLST17:
 2018 0449 00000000 		.4byte	.LVL46
 2019 044d 2A000000 		.4byte	.LVL47
 2020 0451 0100     		.2byte	0x1
 2021 0453 50       		.byte	0x50
 2022 0454 2A000000 		.4byte	.LVL47
 2023 0458 C0000000 		.4byte	.LFE9
 2024 045c 0400     		.2byte	0x4
 2025 045e F3       		.byte	0xf3
 2026 045f 01       		.uleb128 0x1
 2027 0460 50       		.byte	0x50
 2028 0461 9F       		.byte	0x9f
 2029 0462 00000000 		.4byte	0
 2030 0466 00000000 		.4byte	0
 2031              	.LLST18:
 2032 046a 00000000 		.4byte	.LVL46
 2033 046e 2A000000 		.4byte	.LVL47
 2034 0472 0100     		.2byte	0x1
 2035 0474 51       		.byte	0x51
 2036 0475 2A000000 		.4byte	.LVL47
 2037 0479 C0000000 		.4byte	.LFE9
 2038 047d 0100     		.2byte	0x1
 2039 047f 5B       		.byte	0x5b
 2040 0480 00000000 		.4byte	0
 2041 0484 00000000 		.4byte	0
 2042              	.LLST19:
 2043 0488 00000000 		.4byte	.LVL46
 2044 048c 2A000000 		.4byte	.LVL47
 2045 0490 0100     		.2byte	0x1
 2046 0492 52       		.byte	0x52
 2047 0493 2A000000 		.4byte	.LVL47
 2048 0497 C0000000 		.4byte	.LFE9
 2049 049b 0100     		.2byte	0x1
 2050 049d 5A       		.byte	0x5a
ARM GAS  /var/folders/5n/p_75w94d66l9ssrldxqdhh700000gn/T//ccxuYs9e.s 			page 37


 2051 049e 00000000 		.4byte	0
 2052 04a2 00000000 		.4byte	0
 2053              	.LLST20:
 2054 04a6 00000000 		.4byte	.LVL46
 2055 04aa 2A000000 		.4byte	.LVL47
 2056 04ae 0100     		.2byte	0x1
 2057 04b0 53       		.byte	0x53
 2058 04b1 2A000000 		.4byte	.LVL47
 2059 04b5 C0000000 		.4byte	.LFE9
 2060 04b9 0400     		.2byte	0x4
 2061 04bb F3       		.byte	0xf3
 2062 04bc 01       		.uleb128 0x1
 2063 04bd 53       		.byte	0x53
 2064 04be 9F       		.byte	0x9f
 2065 04bf 00000000 		.4byte	0
 2066 04c3 00000000 		.4byte	0
 2067              	.LLST21:
 2068 04c7 00000000 		.4byte	.LVL46
 2069 04cb 2A000000 		.4byte	.LVL47
 2070 04cf 0200     		.2byte	0x2
 2071 04d1 91       		.byte	0x91
 2072 04d2 04       		.sleb128 4
 2073 04d3 2A000000 		.4byte	.LVL47
 2074 04d7 50000000 		.4byte	.LVL53
 2075 04db 0100     		.2byte	0x1
 2076 04dd 55       		.byte	0x55
 2077 04de 6C000000 		.4byte	.LVL57
 2078 04e2 80000000 		.4byte	.LVL61
 2079 04e6 0100     		.2byte	0x1
 2080 04e8 55       		.byte	0x55
 2081 04e9 00000000 		.4byte	0
 2082 04ed 00000000 		.4byte	0
 2083              	.LLST22:
 2084 04f1 00000000 		.4byte	.LVL46
 2085 04f5 2A000000 		.4byte	.LVL47
 2086 04f9 0200     		.2byte	0x2
 2087 04fb 30       		.byte	0x30
 2088 04fc 9F       		.byte	0x9f
 2089 04fd 2A000000 		.4byte	.LVL47
 2090 0501 40000000 		.4byte	.LVL49
 2091 0505 0100     		.2byte	0x1
 2092 0507 56       		.byte	0x56
 2093 0508 46000000 		.4byte	.LVL51
 2094 050c 50000000 		.4byte	.LVL53
 2095 0510 0100     		.2byte	0x1
 2096 0512 56       		.byte	0x56
 2097 0513 6C000000 		.4byte	.LVL57
 2098 0517 7C000000 		.4byte	.LVL60
 2099 051b 0100     		.2byte	0x1
 2100 051d 56       		.byte	0x56
 2101 051e 80000000 		.4byte	.LVL61
 2102 0522 84000000 		.4byte	.LVL62
 2103 0526 0100     		.2byte	0x1
 2104 0528 56       		.byte	0x56
 2105 0529 84000000 		.4byte	.LVL62
 2106 052d 88000000 		.4byte	.LVL63
 2107 0531 0F00     		.2byte	0xf
ARM GAS  /var/folders/5n/p_75w94d66l9ssrldxqdhh700000gn/T//ccxuYs9e.s 			page 38


 2108 0533 72       		.byte	0x72
 2109 0534 00       		.sleb128 0
 2110 0535 0A       		.byte	0xa
 2111 0536 FFFF     		.2byte	0xffff
 2112 0538 1A       		.byte	0x1a
 2113 0539 76       		.byte	0x76
 2114 053a 00       		.sleb128 0
 2115 053b 22       		.byte	0x22
 2116 053c 72       		.byte	0x72
 2117 053d 00       		.sleb128 0
 2118 053e 40       		.byte	0x40
 2119 053f 25       		.byte	0x25
 2120 0540 22       		.byte	0x22
 2121 0541 9F       		.byte	0x9f
 2122 0542 88000000 		.4byte	.LVL63
 2123 0546 90000000 		.4byte	.LVL64
 2124 054a 1600     		.2byte	0x16
 2125 054c 73       		.byte	0x73
 2126 054d 00       		.sleb128 0
 2127 054e 0A       		.byte	0xa
 2128 054f FFFF     		.2byte	0xffff
 2129 0551 1A       		.byte	0x1a
 2130 0552 72       		.byte	0x72
 2131 0553 00       		.sleb128 0
 2132 0554 0A       		.byte	0xa
 2133 0555 FFFF     		.2byte	0xffff
 2134 0557 1A       		.byte	0x1a
 2135 0558 76       		.byte	0x76
 2136 0559 00       		.sleb128 0
 2137 055a 22       		.byte	0x22
 2138 055b 72       		.byte	0x72
 2139 055c 00       		.sleb128 0
 2140 055d 40       		.byte	0x40
 2141 055e 25       		.byte	0x25
 2142 055f 22       		.byte	0x22
 2143 0560 22       		.byte	0x22
 2144 0561 9F       		.byte	0x9f
 2145 0562 90000000 		.4byte	.LVL64
 2146 0566 98000000 		.4byte	.LVL65
 2147 056a 1800     		.2byte	0x18
 2148 056c 73       		.byte	0x73
 2149 056d 00       		.sleb128 0
 2150 056e 0A       		.byte	0xa
 2151 056f FFFF     		.2byte	0xffff
 2152 0571 1A       		.byte	0x1a
 2153 0572 7B       		.byte	0x7b
 2154 0573 00       		.sleb128 0
 2155 0574 06       		.byte	0x6
 2156 0575 0A       		.byte	0xa
 2157 0576 FFFF     		.2byte	0xffff
 2158 0578 1A       		.byte	0x1a
 2159 0579 76       		.byte	0x76
 2160 057a 00       		.sleb128 0
 2161 057b 22       		.byte	0x22
 2162 057c 7B       		.byte	0x7b
 2163 057d 00       		.sleb128 0
 2164 057e 06       		.byte	0x6
ARM GAS  /var/folders/5n/p_75w94d66l9ssrldxqdhh700000gn/T//ccxuYs9e.s 			page 39


 2165 057f 40       		.byte	0x40
 2166 0580 25       		.byte	0x25
 2167 0581 22       		.byte	0x22
 2168 0582 22       		.byte	0x22
 2169 0583 9F       		.byte	0x9f
 2170 0584 98000000 		.4byte	.LVL65
 2171 0588 9A000000 		.4byte	.LVL66
 2172 058c 1900     		.2byte	0x19
 2173 058e 7A       		.byte	0x7a
 2174 058f 00       		.sleb128 0
 2175 0590 06       		.byte	0x6
 2176 0591 0A       		.byte	0xa
 2177 0592 FFFF     		.2byte	0xffff
 2178 0594 1A       		.byte	0x1a
 2179 0595 7B       		.byte	0x7b
 2180 0596 00       		.sleb128 0
 2181 0597 06       		.byte	0x6
 2182 0598 0A       		.byte	0xa
 2183 0599 FFFF     		.2byte	0xffff
 2184 059b 1A       		.byte	0x1a
 2185 059c 76       		.byte	0x76
 2186 059d 00       		.sleb128 0
 2187 059e 22       		.byte	0x22
 2188 059f 7B       		.byte	0x7b
 2189 05a0 00       		.sleb128 0
 2190 05a1 06       		.byte	0x6
 2191 05a2 40       		.byte	0x40
 2192 05a3 25       		.byte	0x25
 2193 05a4 22       		.byte	0x22
 2194 05a5 22       		.byte	0x22
 2195 05a6 9F       		.byte	0x9f
 2196 05a7 9A000000 		.4byte	.LVL66
 2197 05ab AA000000 		.4byte	.LVL70
 2198 05af 0100     		.2byte	0x1
 2199 05b1 56       		.byte	0x56
 2200 05b2 AA000000 		.4byte	.LVL70
 2201 05b6 B0000000 		.4byte	.LVL71
 2202 05ba 0100     		.2byte	0x1
 2203 05bc 50       		.byte	0x50
 2204 05bd B0000000 		.4byte	.LVL71
 2205 05c1 B2000000 		.4byte	.LVL72
 2206 05c5 0100     		.2byte	0x1
 2207 05c7 53       		.byte	0x53
 2208 05c8 B2000000 		.4byte	.LVL72
 2209 05cc B6000000 		.4byte	.LVL73
 2210 05d0 0800     		.2byte	0x8
 2211 05d2 73       		.byte	0x73
 2212 05d3 00       		.sleb128 0
 2213 05d4 40       		.byte	0x40
 2214 05d5 25       		.byte	0x25
 2215 05d6 70       		.byte	0x70
 2216 05d7 00       		.sleb128 0
 2217 05d8 22       		.byte	0x22
 2218 05d9 9F       		.byte	0x9f
 2219 05da B6000000 		.4byte	.LVL73
 2220 05de C0000000 		.4byte	.LFE9
 2221 05e2 0100     		.2byte	0x1
ARM GAS  /var/folders/5n/p_75w94d66l9ssrldxqdhh700000gn/T//ccxuYs9e.s 			page 40


 2222 05e4 53       		.byte	0x53
 2223 05e5 00000000 		.4byte	0
 2224 05e9 00000000 		.4byte	0
 2225              	.LLST23:
 2226 05ed 84000000 		.4byte	.LVL62
 2227 05f1 88000000 		.4byte	.LVL63
 2228 05f5 0100     		.2byte	0x1
 2229 05f7 52       		.byte	0x52
 2230 05f8 88000000 		.4byte	.LVL63
 2231 05fc 98000000 		.4byte	.LVL65
 2232 0600 0100     		.2byte	0x1
 2233 0602 53       		.byte	0x53
 2234 0603 98000000 		.4byte	.LVL65
 2235 0607 9D000000 		.4byte	.LVL67-1
 2236 060b 0200     		.2byte	0x2
 2237 060d 7A       		.byte	0x7a
 2238 060e 00       		.sleb128 0
 2239 060f 00000000 		.4byte	0
 2240 0613 00000000 		.4byte	0
 2241              	.LLST24:
 2242 0617 00000000 		.4byte	.LVL46
 2243 061b 2A000000 		.4byte	.LVL47
 2244 061f 0100     		.2byte	0x1
 2245 0621 50       		.byte	0x50
 2246 0622 2A000000 		.4byte	.LVL47
 2247 0626 80000000 		.4byte	.LVL61
 2248 062a 0100     		.2byte	0x1
 2249 062c 54       		.byte	0x54
 2250 062d 00000000 		.4byte	0
 2251 0631 00000000 		.4byte	0
 2252              	.LLST25:
 2253 0635 00000000 		.4byte	.LVL46
 2254 0639 2A000000 		.4byte	.LVL47
 2255 063d 0200     		.2byte	0x2
 2256 063f 30       		.byte	0x30
 2257 0640 9F       		.byte	0x9f
 2258 0641 42000000 		.4byte	.LVL50
 2259 0645 50000000 		.4byte	.LVL53
 2260 0649 0100     		.2byte	0x1
 2261 064b 57       		.byte	0x57
 2262 064c 74000000 		.4byte	.LVL59
 2263 0650 80000000 		.4byte	.LVL61
 2264 0654 0100     		.2byte	0x1
 2265 0656 57       		.byte	0x57
 2266 0657 00000000 		.4byte	0
 2267 065b 00000000 		.4byte	0
 2268              	.LLST26:
 2269 065f 2A000000 		.4byte	.LVL47
 2270 0663 50000000 		.4byte	.LVL53
 2271 0667 0100     		.2byte	0x1
 2272 0669 59       		.byte	0x59
 2273 066a 52000000 		.4byte	.LVL54
 2274 066e 5C000000 		.4byte	.LVL55
 2275 0672 0200     		.2byte	0x2
 2276 0674 74       		.byte	0x74
 2277 0675 0A       		.sleb128 10
 2278 0676 5C000000 		.4byte	.LVL55
ARM GAS  /var/folders/5n/p_75w94d66l9ssrldxqdhh700000gn/T//ccxuYs9e.s 			page 41


 2279 067a 80000000 		.4byte	.LVL61
 2280 067e 0100     		.2byte	0x1
 2281 0680 59       		.byte	0x59
 2282 0681 00000000 		.4byte	0
 2283 0685 00000000 		.4byte	0
 2284              	.LLST27:
 2285 0689 00000000 		.4byte	.LFB10
 2286 068d 02000000 		.4byte	.LCFI5
 2287 0691 0200     		.2byte	0x2
 2288 0693 7D       		.byte	0x7d
 2289 0694 00       		.sleb128 0
 2290 0695 02000000 		.4byte	.LCFI5
 2291 0699 0C000000 		.4byte	.LFE10
 2292 069d 0200     		.2byte	0x2
 2293 069f 7D       		.byte	0x7d
 2294 06a0 08       		.sleb128 8
 2295 06a1 00000000 		.4byte	0
 2296 06a5 00000000 		.4byte	0
 2297              	.LLST28:
 2298 06a9 00000000 		.4byte	.LVL74
 2299 06ad 05000000 		.4byte	.LVL75-1
 2300 06b1 0100     		.2byte	0x1
 2301 06b3 50       		.byte	0x50
 2302 06b4 05000000 		.4byte	.LVL75-1
 2303 06b8 0C000000 		.4byte	.LFE10
 2304 06bc 0400     		.2byte	0x4
 2305 06be F3       		.byte	0xf3
 2306 06bf 01       		.uleb128 0x1
 2307 06c0 50       		.byte	0x50
 2308 06c1 9F       		.byte	0x9f
 2309 06c2 00000000 		.4byte	0
 2310 06c6 00000000 		.4byte	0
 2311              	.LLST29:
 2312 06ca 00000000 		.4byte	.LVL74
 2313 06ce 05000000 		.4byte	.LVL75-1
 2314 06d2 0100     		.2byte	0x1
 2315 06d4 51       		.byte	0x51
 2316 06d5 05000000 		.4byte	.LVL75-1
 2317 06d9 0C000000 		.4byte	.LFE10
 2318 06dd 0400     		.2byte	0x4
 2319 06df F3       		.byte	0xf3
 2320 06e0 01       		.uleb128 0x1
 2321 06e1 51       		.byte	0x51
 2322 06e2 9F       		.byte	0x9f
 2323 06e3 00000000 		.4byte	0
 2324 06e7 00000000 		.4byte	0
 2325              	.LLST30:
 2326 06eb 00000000 		.4byte	.LFB11
 2327 06ef 02000000 		.4byte	.LCFI6
 2328 06f3 0200     		.2byte	0x2
 2329 06f5 7D       		.byte	0x7d
 2330 06f6 00       		.sleb128 0
 2331 06f7 02000000 		.4byte	.LCFI6
 2332 06fb 54000000 		.4byte	.LFE11
 2333 06ff 0200     		.2byte	0x2
 2334 0701 7D       		.byte	0x7d
 2335 0702 10       		.sleb128 16
ARM GAS  /var/folders/5n/p_75w94d66l9ssrldxqdhh700000gn/T//ccxuYs9e.s 			page 42


 2336 0703 00000000 		.4byte	0
 2337 0707 00000000 		.4byte	0
 2338              	.LLST31:
 2339 070b 00000000 		.4byte	.LVL76
 2340 070f 0A000000 		.4byte	.LVL77
 2341 0713 0100     		.2byte	0x1
 2342 0715 50       		.byte	0x50
 2343 0716 0A000000 		.4byte	.LVL77
 2344 071a 4E000000 		.4byte	.LVL90
 2345 071e 0400     		.2byte	0x4
 2346 0720 F3       		.byte	0xf3
 2347 0721 01       		.uleb128 0x1
 2348 0722 50       		.byte	0x50
 2349 0723 9F       		.byte	0x9f
 2350 0724 4E000000 		.4byte	.LVL90
 2351 0728 52000000 		.4byte	.LVL91
 2352 072c 0100     		.2byte	0x1
 2353 072e 50       		.byte	0x50
 2354 072f 52000000 		.4byte	.LVL91
 2355 0733 54000000 		.4byte	.LFE11
 2356 0737 0400     		.2byte	0x4
 2357 0739 F3       		.byte	0xf3
 2358 073a 01       		.uleb128 0x1
 2359 073b 50       		.byte	0x50
 2360 073c 9F       		.byte	0x9f
 2361 073d 00000000 		.4byte	0
 2362 0741 00000000 		.4byte	0
 2363              	.LLST32:
 2364 0745 00000000 		.4byte	.LVL76
 2365 0749 0A000000 		.4byte	.LVL77
 2366 074d 0200     		.2byte	0x2
 2367 074f 30       		.byte	0x30
 2368 0750 9F       		.byte	0x9f
 2369 0751 16000000 		.4byte	.LVL79
 2370 0755 1E000000 		.4byte	.LVL80
 2371 0759 0100     		.2byte	0x1
 2372 075b 50       		.byte	0x50
 2373 075c 1E000000 		.4byte	.LVL80
 2374 0760 2A000000 		.4byte	.LVL81
 2375 0764 0100     		.2byte	0x1
 2376 0766 55       		.byte	0x55
 2377 0767 2A000000 		.4byte	.LVL81
 2378 076b 30000000 		.4byte	.LVL83
 2379 076f 0C00     		.2byte	0xc
 2380 0771 70       		.byte	0x70
 2381 0772 00       		.sleb128 0
 2382 0773 40       		.byte	0x40
 2383 0774 25       		.byte	0x25
 2384 0775 70       		.byte	0x70
 2385 0776 00       		.sleb128 0
 2386 0777 0A       		.byte	0xa
 2387 0778 FFFF     		.2byte	0xffff
 2388 077a 1A       		.byte	0x1a
 2389 077b 22       		.byte	0x22
 2390 077c 9F       		.byte	0x9f
 2391 077d 30000000 		.4byte	.LVL83
 2392 0781 3E000000 		.4byte	.LVL85
ARM GAS  /var/folders/5n/p_75w94d66l9ssrldxqdhh700000gn/T//ccxuYs9e.s 			page 43


 2393 0785 0100     		.2byte	0x1
 2394 0787 55       		.byte	0x55
 2395 0788 3E000000 		.4byte	.LVL85
 2396 078c 42000000 		.4byte	.LVL86
 2397 0790 0800     		.2byte	0x8
 2398 0792 70       		.byte	0x70
 2399 0793 00       		.sleb128 0
 2400 0794 40       		.byte	0x40
 2401 0795 25       		.byte	0x25
 2402 0796 75       		.byte	0x75
 2403 0797 00       		.sleb128 0
 2404 0798 21       		.byte	0x21
 2405 0799 9F       		.byte	0x9f
 2406 079a 42000000 		.4byte	.LVL86
 2407 079e 44000000 		.4byte	.LVL87
 2408 07a2 0100     		.2byte	0x1
 2409 07a4 50       		.byte	0x50
 2410 07a5 44000000 		.4byte	.LVL87
 2411 07a9 46000000 		.4byte	.LVL88
 2412 07ad 0400     		.2byte	0x4
 2413 07af 70       		.byte	0x70
 2414 07b0 00       		.sleb128 0
 2415 07b1 20       		.byte	0x20
 2416 07b2 9F       		.byte	0x9f
 2417 07b3 48000000 		.4byte	.LVL89
 2418 07b7 4E000000 		.4byte	.LVL90
 2419 07bb 0100     		.2byte	0x1
 2420 07bd 55       		.byte	0x55
 2421 07be 4E000000 		.4byte	.LVL90
 2422 07c2 52000000 		.4byte	.LVL91
 2423 07c6 0200     		.2byte	0x2
 2424 07c8 30       		.byte	0x30
 2425 07c9 9F       		.byte	0x9f
 2426 07ca 00000000 		.4byte	0
 2427 07ce 00000000 		.4byte	0
 2428              	.LLST33:
 2429 07d2 00000000 		.4byte	.LVL76
 2430 07d6 0A000000 		.4byte	.LVL77
 2431 07da 0100     		.2byte	0x1
 2432 07dc 50       		.byte	0x50
 2433 07dd 0A000000 		.4byte	.LVL77
 2434 07e1 4E000000 		.4byte	.LVL90
 2435 07e5 0100     		.2byte	0x1
 2436 07e7 54       		.byte	0x54
 2437 07e8 4E000000 		.4byte	.LVL90
 2438 07ec 52000000 		.4byte	.LVL91
 2439 07f0 0100     		.2byte	0x1
 2440 07f2 50       		.byte	0x50
 2441 07f3 52000000 		.4byte	.LVL91
 2442 07f7 54000000 		.4byte	.LFE11
 2443 07fb 0400     		.2byte	0x4
 2444 07fd F3       		.byte	0xf3
 2445 07fe 01       		.uleb128 0x1
 2446 07ff 50       		.byte	0x50
 2447 0800 9F       		.byte	0x9f
 2448 0801 00000000 		.4byte	0
 2449 0805 00000000 		.4byte	0
ARM GAS  /var/folders/5n/p_75w94d66l9ssrldxqdhh700000gn/T//ccxuYs9e.s 			page 44


 2450              	.LLST34:
 2451 0809 00000000 		.4byte	.LVL76
 2452 080d 0A000000 		.4byte	.LVL77
 2453 0811 0200     		.2byte	0x2
 2454 0813 30       		.byte	0x30
 2455 0814 9F       		.byte	0x9f
 2456 0815 2C000000 		.4byte	.LVL82
 2457 0819 4E000000 		.4byte	.LVL90
 2458 081d 0100     		.2byte	0x1
 2459 081f 56       		.byte	0x56
 2460 0820 4E000000 		.4byte	.LVL90
 2461 0824 54000000 		.4byte	.LFE11
 2462 0828 0200     		.2byte	0x2
 2463 082a 30       		.byte	0x30
 2464 082b 9F       		.byte	0x9f
 2465 082c 00000000 		.4byte	0
 2466 0830 00000000 		.4byte	0
 2467              		.section	.debug_aranges,"",%progbits
 2468 0000 3C000000 		.4byte	0x3c
 2469 0004 0200     		.2byte	0x2
 2470 0006 00000000 		.4byte	.Ldebug_info0
 2471 000a 04       		.byte	0x4
 2472 000b 00       		.byte	0
 2473 000c 0000     		.2byte	0
 2474 000e 0000     		.2byte	0
 2475 0010 00000000 		.4byte	.LFB7
 2476 0014 7C000000 		.4byte	.LFE7-.LFB7
 2477 0018 00000000 		.4byte	.LFB8
 2478 001c 8E000000 		.4byte	.LFE8-.LFB8
 2479 0020 00000000 		.4byte	.LFB9
 2480 0024 C0000000 		.4byte	.LFE9-.LFB9
 2481 0028 00000000 		.4byte	.LFB10
 2482 002c 0C000000 		.4byte	.LFE10-.LFB10
 2483 0030 00000000 		.4byte	.LFB11
 2484 0034 54000000 		.4byte	.LFE11-.LFB11
 2485 0038 00000000 		.4byte	0
 2486 003c 00000000 		.4byte	0
 2487              		.section	.debug_ranges,"",%progbits
 2488              	.Ldebug_ranges0:
 2489 0000 00000000 		.4byte	.LFB7
 2490 0004 7C000000 		.4byte	.LFE7
 2491 0008 00000000 		.4byte	.LFB8
 2492 000c 8E000000 		.4byte	.LFE8
 2493 0010 00000000 		.4byte	.LFB9
 2494 0014 C0000000 		.4byte	.LFE9
 2495 0018 00000000 		.4byte	.LFB10
 2496 001c 0C000000 		.4byte	.LFE10
 2497 0020 00000000 		.4byte	.LFB11
 2498 0024 54000000 		.4byte	.LFE11
 2499 0028 00000000 		.4byte	0
 2500 002c 00000000 		.4byte	0
 2501              		.section	.debug_line,"",%progbits
 2502              	.Ldebug_line0:
 2503 0000 53020000 		.section	.debug_str,"MS",%progbits,1
 2503      02006901 
 2503      00000201 
 2503      FB0E0D00 
ARM GAS  /var/folders/5n/p_75w94d66l9ssrldxqdhh700000gn/T//ccxuYs9e.s 			page 45


 2503      01010101 
 2504              	.LASF37:
 2505 0000 696E6574 		.ascii	"inet_chksum_pbuf\000"
 2505      5F63686B 
 2505      73756D5F 
 2505      70627566 
 2505      00
 2506              	.LASF42:
 2507 0011 6C776970 		.ascii	"lwip_htons\000"
 2507      5F68746F 
 2507      6E7300
 2508              	.LASF18:
 2509 001c 6E657874 		.ascii	"next\000"
 2509      00
 2510              	.LASF17:
 2511 0021 6D656D5F 		.ascii	"mem_ptr_t\000"
 2511      7074725F 
 2511      7400
 2512              	.LASF36:
 2513 002b 696E6574 		.ascii	"inet_chksum\000"
 2513      5F63686B 
 2513      73756D00 
 2514              	.LASF24:
 2515 0037 69705F61 		.ascii	"ip_addr\000"
 2515      64647200 
 2516              	.LASF35:
 2517 003f 63686B6C 		.ascii	"chklen\000"
 2517      656E00
 2518              	.LASF6:
 2519 0046 73686F72 		.ascii	"short unsigned int\000"
 2519      7420756E 
 2519      7369676E 
 2519      65642069 
 2519      6E7400
 2520              	.LASF41:
 2521 0059 6C776970 		.ascii	"lwip_standard_chksum\000"
 2521      5F737461 
 2521      6E646172 
 2521      645F6368 
 2521      6B73756D 
 2522              	.LASF34:
 2523 006e 63686B73 		.ascii	"chksum_len\000"
 2523      756D5F6C 
 2523      656E00
 2524              	.LASF1:
 2525 0079 7369676E 		.ascii	"signed char\000"
 2525      65642063 
 2525      68617200 
 2526              	.LASF31:
 2527 0085 73776170 		.ascii	"swapped\000"
 2527      70656400 
 2528              	.LASF2:
 2529 008d 756E7369 		.ascii	"unsigned char\000"
 2529      676E6564 
 2529      20636861 
 2529      7200
 2530              	.LASF9:
ARM GAS  /var/folders/5n/p_75w94d66l9ssrldxqdhh700000gn/T//ccxuYs9e.s 			page 46


 2531 009b 6C6F6E67 		.ascii	"long unsigned int\000"
 2531      20756E73 
 2531      69676E65 
 2531      6420696E 
 2531      7400
 2532              	.LASF25:
 2533 00ad 61646472 		.ascii	"addr\000"
 2533      00
 2534              	.LASF27:
 2535 00b2 64617461 		.ascii	"dataptr\000"
 2535      70747200 
 2536              	.LASF15:
 2537 00ba 7531365F 		.ascii	"u16_t\000"
 2537      7400
 2538              	.LASF39:
 2539 00c0 2E2E2F2E 		.ascii	"../../ext/lwip-1.4.0/src/core/ipv4/inet_chksum.c\000"
 2539      2E2F6578 
 2539      742F6C77 
 2539      69702D31 
 2539      2E342E30 
 2540              	.LASF16:
 2541 00f1 7533325F 		.ascii	"u32_t\000"
 2541      7400
 2542              	.LASF20:
 2543 00f7 746F745F 		.ascii	"tot_len\000"
 2543      6C656E00 
 2544              	.LASF26:
 2545 00ff 69705F61 		.ascii	"ip_addr_t\000"
 2545      6464725F 
 2545      7400
 2546              	.LASF0:
 2547 0109 756E7369 		.ascii	"unsigned int\000"
 2547      676E6564 
 2547      20696E74 
 2547      00
 2548              	.LASF22:
 2549 0116 666C6167 		.ascii	"flags\000"
 2549      7300
 2550              	.LASF33:
 2551 011c 696E6574 		.ascii	"inet_chksum_pseudo_partial\000"
 2551      5F63686B 
 2551      73756D5F 
 2551      70736575 
 2551      646F5F70 
 2552              	.LASF11:
 2553 0137 6C6F6E67 		.ascii	"long long unsigned int\000"
 2553      206C6F6E 
 2553      6720756E 
 2553      7369676E 
 2553      65642069 
 2554              	.LASF4:
 2555 014e 75696E74 		.ascii	"uint8_t\000"
 2555      385F7400 
 2556              	.LASF14:
 2557 0156 75385F74 		.ascii	"u8_t\000"
 2557      00
 2558              	.LASF32:
ARM GAS  /var/folders/5n/p_75w94d66l9ssrldxqdhh700000gn/T//ccxuYs9e.s 			page 47


 2559 015b 696E6574 		.ascii	"inet_chksum_pseudo\000"
 2559      5F63686B 
 2559      73756D5F 
 2559      70736575 
 2559      646F00
 2560              	.LASF19:
 2561 016e 7061796C 		.ascii	"payload\000"
 2561      6F616400 
 2562              	.LASF43:
 2563 0176 706F7274 		.ascii	"port_halt\000"
 2563      5F68616C 
 2563      7400
 2564              	.LASF12:
 2565 0180 73697A65 		.ascii	"sizetype\000"
 2565      74797065 
 2565      00
 2566              	.LASF10:
 2567 0189 6C6F6E67 		.ascii	"long long int\000"
 2567      206C6F6E 
 2567      6720696E 
 2567      7400
 2568              	.LASF23:
 2569 0197 70627566 		.ascii	"pbuf\000"
 2569      00
 2570              	.LASF38:
 2571 019c 474E5520 		.ascii	"GNU C 4.7.2\000"
 2571      4320342E 
 2571      372E3200 
 2572              	.LASF40:
 2573 01a8 2F557365 		.ascii	"/Users/sin/Documents/Eclipse/Workspace/ChibiOS_2.4."
 2573      72732F73 
 2573      696E2F44 
 2573      6F63756D 
 2573      656E7473 
 2574 01db 322F6465 		.ascii	"2/demos/ARMCM4-STM32F407-LWIP\000"
 2574      6D6F732F 
 2574      41524D43 
 2574      4D342D53 
 2574      544D3332 
 2575              	.LASF21:
 2576 01f9 74797065 		.ascii	"type\000"
 2576      00
 2577              	.LASF3:
 2578 01fe 73686F72 		.ascii	"short int\000"
 2578      7420696E 
 2578      7400
 2579              	.LASF5:
 2580 0208 75696E74 		.ascii	"uint16_t\000"
 2580      31365F74 
 2580      00
 2581              	.LASF8:
 2582 0211 75696E74 		.ascii	"uint32_t\000"
 2582      33325F74 
 2582      00
 2583              	.LASF7:
 2584 021a 6C6F6E67 		.ascii	"long int\000"
 2584      20696E74 
ARM GAS  /var/folders/5n/p_75w94d66l9ssrldxqdhh700000gn/T//ccxuYs9e.s 			page 48


 2584      00
 2585              	.LASF13:
 2586 0223 63686172 		.ascii	"char\000"
 2586      00
 2587              	.LASF30:
 2588 0228 70726F74 		.ascii	"proto_len\000"
 2588      6F5F6C65 
 2588      6E00
 2589              	.LASF29:
 2590 0232 70726F74 		.ascii	"proto\000"
 2590      6F00
 2591              	.LASF28:
 2592 0238 64657374 		.ascii	"dest\000"
 2592      00
 2593              		.ident	"GCC: (GNU) 4.7.2"
ARM GAS  /var/folders/5n/p_75w94d66l9ssrldxqdhh700000gn/T//ccxuYs9e.s 			page 49


DEFINED SYMBOLS
                            *ABS*:0000000000000000 inet_chksum.c
/var/folders/5n/p_75w94d66l9ssrldxqdhh700000gn/T//ccxuYs9e.s:19     .text.lwip_standard_chksum:0000000000000000 $t
/var/folders/5n/p_75w94d66l9ssrldxqdhh700000gn/T//ccxuYs9e.s:24     .text.lwip_standard_chksum:0000000000000000 lwip_standard_chksum
/var/folders/5n/p_75w94d66l9ssrldxqdhh700000gn/T//ccxuYs9e.s:143    .text.inet_chksum_pseudo:0000000000000000 $t
/var/folders/5n/p_75w94d66l9ssrldxqdhh700000gn/T//ccxuYs9e.s:149    .text.inet_chksum_pseudo:0000000000000000 inet_chksum_pseudo
/var/folders/5n/p_75w94d66l9ssrldxqdhh700000gn/T//ccxuYs9e.s:278    .text.inet_chksum_pseudo_partial:0000000000000000 $t
/var/folders/5n/p_75w94d66l9ssrldxqdhh700000gn/T//ccxuYs9e.s:284    .text.inet_chksum_pseudo_partial:0000000000000000 inet_chksum_pseudo_partial
/var/folders/5n/p_75w94d66l9ssrldxqdhh700000gn/T//ccxuYs9e.s:449    .text.inet_chksum:0000000000000000 $t
/var/folders/5n/p_75w94d66l9ssrldxqdhh700000gn/T//ccxuYs9e.s:455    .text.inet_chksum:0000000000000000 inet_chksum
/var/folders/5n/p_75w94d66l9ssrldxqdhh700000gn/T//ccxuYs9e.s:478    .text.inet_chksum_pbuf:0000000000000000 $t
/var/folders/5n/p_75w94d66l9ssrldxqdhh700000gn/T//ccxuYs9e.s:484    .text.inet_chksum_pbuf:0000000000000000 inet_chksum_pbuf
                     .debug_frame:0000000000000010 $d

UNDEFINED SYMBOLS
lwip_htons
port_halt
