ARM GAS  /var/folders/5n/p_75w94d66l9ssrldxqdhh700000gn/T//ccB6xNLx.s 			page 1


   1              		.syntax unified
   2              		.cpu cortex-m4
   3              		.fpu softvfp
   4              		.eabi_attribute 20, 1
   5              		.eabi_attribute 21, 1
   6              		.eabi_attribute 23, 3
   7              		.eabi_attribute 24, 1
   8              		.eabi_attribute 25, 1
   9              		.eabi_attribute 26, 1
  10              		.eabi_attribute 30, 2
  11              		.eabi_attribute 34, 1
  12              		.eabi_attribute 18, 4
  13              		.thumb
  14              		.file	"init.c"
  15              		.text
  16              	.Ltext0:
  17              		.cfi_sections	.debug_frame
  18              		.section	.text.lwip_init,"ax",%progbits
  19              		.align	2
  20              		.p2align 4,,15
  21              		.global	lwip_init
  22              		.thumb
  23              		.thumb_func
  24              		.type	lwip_init, %function
  25              	lwip_init:
  26              	.LFB7:
  27              		.file 1 "../../ext/lwip-1.4.0/src/core/init.c"
  28              		.loc 1 261 0
  29              		.cfi_startproc
  30              		@ args = 0, pretend = 0, frame = 0
  31              		@ frame_needed = 0, uses_anonymous_args = 0
  32 0000 08B5     		push	{r3, lr}
  33              	.LCFI0:
  34              		.cfi_def_cfa_offset 8
  35              		.cfi_offset 3, -8
  36              		.cfi_offset 14, -4
  37              		.loc 1 266 0
  38 0002 FFF7FEFF 		bl	stats_init
  39              	.LVL0:
  40              		.loc 1 268 0
  41 0006 FFF7FEFF 		bl	sys_init
  42              	.LVL1:
  43              		.loc 1 270 0
  44 000a FFF7FEFF 		bl	mem_init
  45              	.LVL2:
  46              		.loc 1 271 0
  47 000e FFF7FEFF 		bl	memp_init
  48              	.LVL3:
  49              		.loc 1 273 0
  50 0012 FFF7FEFF 		bl	netif_init
  51              	.LVL4:
  52              		.loc 1 275 0
  53 0016 FFF7FEFF 		bl	lwip_socket_init
  54              	.LVL5:
  55              		.loc 1 306 0
  56 001a BDE80840 		pop	{r3, lr}
  57              		.loc 1 304 0
ARM GAS  /var/folders/5n/p_75w94d66l9ssrldxqdhh700000gn/T//ccB6xNLx.s 			page 2


  58 001e FFF7FEBF 		b	sys_timeouts_init
  59              	.LVL6:
  60              		.cfi_endproc
  61              	.LFE7:
  62              		.size	lwip_init, .-lwip_init
  63 0022 00BFAFF3 		.text
  63      0080AFF3 
  63      0080AFF3 
  63      0080
  64              	.Letext0:
  65              		.file 2 "../../ext/lwip-1.4.0/src/include/lwip/stats.h"
  66              		.file 3 "../../ext/lwip-1.4.0/src/include/lwip/sys.h"
  67              		.file 4 "../../ext/lwip-1.4.0/src/include/lwip/mem.h"
  68              		.file 5 "../../ext/lwip-1.4.0/src/include/lwip/memp.h"
  69              		.file 6 "../../ext/lwip-1.4.0/src/include/lwip/netif.h"
  70              		.file 7 "../../ext/lwip-1.4.0/src/include/lwip/sockets.h"
  71              		.file 8 "../../ext/lwip-1.4.0/src/include/lwip/timers.h"
  72              		.section	.debug_info,"",%progbits
  73              	.Ldebug_info0:
  74 0000 1D010000 		.4byte	0x11d
  75 0004 0200     		.2byte	0x2
  76 0006 00000000 		.4byte	.Ldebug_abbrev0
  77 000a 04       		.byte	0x4
  78 000b 01       		.uleb128 0x1
  79 000c 4A000000 		.4byte	.LASF18
  80 0010 01       		.byte	0x1
  81 0011 25000000 		.4byte	.LASF19
  82 0015 F1000000 		.4byte	.LASF20
  83 0019 00000000 		.4byte	.Ldebug_ranges0+0
  84 001d 00000000 		.4byte	0
  85 0021 00000000 		.4byte	0
  86 0025 00000000 		.4byte	.Ldebug_line0
  87 0029 02       		.uleb128 0x2
  88 002a 04       		.byte	0x4
  89 002b 05       		.byte	0x5
  90 002c 696E7400 		.ascii	"int\000"
  91 0030 03       		.uleb128 0x3
  92 0031 04       		.byte	0x4
  93 0032 07       		.byte	0x7
  94 0033 18000000 		.4byte	.LASF0
  95 0037 03       		.uleb128 0x3
  96 0038 01       		.byte	0x1
  97 0039 06       		.byte	0x6
  98 003a 55010000 		.4byte	.LASF1
  99 003e 03       		.uleb128 0x3
 100 003f 01       		.byte	0x1
 101 0040 08       		.byte	0x8
 102 0041 AF000000 		.4byte	.LASF2
 103 0045 03       		.uleb128 0x3
 104 0046 02       		.byte	0x2
 105 0047 05       		.byte	0x5
 106 0048 D6000000 		.4byte	.LASF3
 107 004c 03       		.uleb128 0x3
 108 004d 02       		.byte	0x2
 109 004e 07       		.byte	0x7
 110 004f 42010000 		.4byte	.LASF4
 111 0053 03       		.uleb128 0x3
ARM GAS  /var/folders/5n/p_75w94d66l9ssrldxqdhh700000gn/T//ccB6xNLx.s 			page 3


 112 0054 04       		.byte	0x4
 113 0055 05       		.byte	0x5
 114 0056 CD000000 		.4byte	.LASF5
 115 005a 03       		.uleb128 0x3
 116 005b 04       		.byte	0x4
 117 005c 07       		.byte	0x7
 118 005d 56000000 		.4byte	.LASF6
 119 0061 03       		.uleb128 0x3
 120 0062 08       		.byte	0x8
 121 0063 05       		.byte	0x5
 122 0064 00000000 		.4byte	.LASF7
 123 0068 03       		.uleb128 0x3
 124 0069 08       		.byte	0x8
 125 006a 07       		.byte	0x7
 126 006b 68000000 		.4byte	.LASF8
 127 006f 03       		.uleb128 0x3
 128 0070 04       		.byte	0x4
 129 0071 07       		.byte	0x7
 130 0072 6A010000 		.4byte	.LASF9
 131 0076 03       		.uleb128 0x3
 132 0077 01       		.byte	0x1
 133 0078 08       		.byte	0x8
 134 0079 BD000000 		.4byte	.LASF10
 135 007d 04       		.uleb128 0x4
 136 007e 01       		.byte	0x1
 137 007f 88000000 		.4byte	.LASF21
 138 0083 01       		.byte	0x1
 139 0084 0401     		.2byte	0x104
 140 0086 01       		.byte	0x1
 141 0087 00000000 		.4byte	.LFB7
 142 008b 22000000 		.4byte	.LFE7
 143 008f 00000000 		.4byte	.LLST0
 144 0093 01       		.byte	0x1
 145 0094 D9000000 		.4byte	0xd9
 146 0098 05       		.uleb128 0x5
 147 0099 06000000 		.4byte	.LVL0
 148 009d D9000000 		.4byte	0xd9
 149 00a1 05       		.uleb128 0x5
 150 00a2 0A000000 		.4byte	.LVL1
 151 00a6 E3000000 		.4byte	0xe3
 152 00aa 05       		.uleb128 0x5
 153 00ab 0E000000 		.4byte	.LVL2
 154 00af ED000000 		.4byte	0xed
 155 00b3 05       		.uleb128 0x5
 156 00b4 12000000 		.4byte	.LVL3
 157 00b8 F7000000 		.4byte	0xf7
 158 00bc 05       		.uleb128 0x5
 159 00bd 16000000 		.4byte	.LVL4
 160 00c1 01010000 		.4byte	0x101
 161 00c5 05       		.uleb128 0x5
 162 00c6 1A000000 		.4byte	.LVL5
 163 00ca 0B010000 		.4byte	0x10b
 164 00ce 06       		.uleb128 0x6
 165 00cf 22000000 		.4byte	.LVL6
 166 00d3 01       		.byte	0x1
 167 00d4 16010000 		.4byte	0x116
 168 00d8 00       		.byte	0
ARM GAS  /var/folders/5n/p_75w94d66l9ssrldxqdhh700000gn/T//ccB6xNLx.s 			page 4


 169 00d9 07       		.uleb128 0x7
 170 00da 01       		.byte	0x1
 171 00db 92000000 		.4byte	.LASF11
 172 00df 02       		.byte	0x2
 173 00e0 97       		.byte	0x97
 174 00e1 01       		.byte	0x1
 175 00e2 01       		.byte	0x1
 176 00e3 07       		.uleb128 0x7
 177 00e4 01       		.byte	0x1
 178 00e5 61010000 		.4byte	.LASF12
 179 00e9 03       		.byte	0x3
 180 00ea DF       		.byte	0xdf
 181 00eb 01       		.byte	0x1
 182 00ec 01       		.byte	0x1
 183 00ed 07       		.uleb128 0x7
 184 00ee 01       		.byte	0x1
 185 00ef 7F000000 		.4byte	.LASF13
 186 00f3 04       		.byte	0x4
 187 00f4 57       		.byte	0x57
 188 00f5 01       		.byte	0x1
 189 00f6 01       		.byte	0x1
 190 00f7 07       		.uleb128 0x7
 191 00f8 01       		.byte	0x1
 192 00f9 0E000000 		.4byte	.LASF14
 193 00fd 05       		.byte	0x5
 194 00fe 64       		.byte	0x64
 195 00ff 01       		.byte	0x1
 196 0100 01       		.byte	0x1
 197 0101 07       		.uleb128 0x7
 198 0102 01       		.byte	0x1
 199 0103 C2000000 		.4byte	.LASF15
 200 0107 06       		.byte	0x6
 201 0108 FD       		.byte	0xfd
 202 0109 01       		.byte	0x1
 203 010a 01       		.byte	0x1
 204 010b 08       		.uleb128 0x8
 205 010c 01       		.byte	0x1
 206 010d E0000000 		.4byte	.LASF16
 207 0111 07       		.byte	0x7
 208 0112 3D01     		.2byte	0x13d
 209 0114 01       		.byte	0x1
 210 0115 01       		.byte	0x1
 211 0116 07       		.uleb128 0x7
 212 0117 01       		.byte	0x1
 213 0118 9D000000 		.4byte	.LASF17
 214 011c 08       		.byte	0x8
 215 011d 4B       		.byte	0x4b
 216 011e 01       		.byte	0x1
 217 011f 01       		.byte	0x1
 218 0120 00       		.byte	0
 219              		.section	.debug_abbrev,"",%progbits
 220              	.Ldebug_abbrev0:
 221 0000 01       		.uleb128 0x1
 222 0001 11       		.uleb128 0x11
 223 0002 01       		.byte	0x1
 224 0003 25       		.uleb128 0x25
 225 0004 0E       		.uleb128 0xe
ARM GAS  /var/folders/5n/p_75w94d66l9ssrldxqdhh700000gn/T//ccB6xNLx.s 			page 5


 226 0005 13       		.uleb128 0x13
 227 0006 0B       		.uleb128 0xb
 228 0007 03       		.uleb128 0x3
 229 0008 0E       		.uleb128 0xe
 230 0009 1B       		.uleb128 0x1b
 231 000a 0E       		.uleb128 0xe
 232 000b 55       		.uleb128 0x55
 233 000c 06       		.uleb128 0x6
 234 000d 11       		.uleb128 0x11
 235 000e 01       		.uleb128 0x1
 236 000f 52       		.uleb128 0x52
 237 0010 01       		.uleb128 0x1
 238 0011 10       		.uleb128 0x10
 239 0012 06       		.uleb128 0x6
 240 0013 00       		.byte	0
 241 0014 00       		.byte	0
 242 0015 02       		.uleb128 0x2
 243 0016 24       		.uleb128 0x24
 244 0017 00       		.byte	0
 245 0018 0B       		.uleb128 0xb
 246 0019 0B       		.uleb128 0xb
 247 001a 3E       		.uleb128 0x3e
 248 001b 0B       		.uleb128 0xb
 249 001c 03       		.uleb128 0x3
 250 001d 08       		.uleb128 0x8
 251 001e 00       		.byte	0
 252 001f 00       		.byte	0
 253 0020 03       		.uleb128 0x3
 254 0021 24       		.uleb128 0x24
 255 0022 00       		.byte	0
 256 0023 0B       		.uleb128 0xb
 257 0024 0B       		.uleb128 0xb
 258 0025 3E       		.uleb128 0x3e
 259 0026 0B       		.uleb128 0xb
 260 0027 03       		.uleb128 0x3
 261 0028 0E       		.uleb128 0xe
 262 0029 00       		.byte	0
 263 002a 00       		.byte	0
 264 002b 04       		.uleb128 0x4
 265 002c 2E       		.uleb128 0x2e
 266 002d 01       		.byte	0x1
 267 002e 3F       		.uleb128 0x3f
 268 002f 0C       		.uleb128 0xc
 269 0030 03       		.uleb128 0x3
 270 0031 0E       		.uleb128 0xe
 271 0032 3A       		.uleb128 0x3a
 272 0033 0B       		.uleb128 0xb
 273 0034 3B       		.uleb128 0x3b
 274 0035 05       		.uleb128 0x5
 275 0036 27       		.uleb128 0x27
 276 0037 0C       		.uleb128 0xc
 277 0038 11       		.uleb128 0x11
 278 0039 01       		.uleb128 0x1
 279 003a 12       		.uleb128 0x12
 280 003b 01       		.uleb128 0x1
 281 003c 40       		.uleb128 0x40
 282 003d 06       		.uleb128 0x6
ARM GAS  /var/folders/5n/p_75w94d66l9ssrldxqdhh700000gn/T//ccB6xNLx.s 			page 6


 283 003e 9742     		.uleb128 0x2117
 284 0040 0C       		.uleb128 0xc
 285 0041 01       		.uleb128 0x1
 286 0042 13       		.uleb128 0x13
 287 0043 00       		.byte	0
 288 0044 00       		.byte	0
 289 0045 05       		.uleb128 0x5
 290 0046 898201   		.uleb128 0x4109
 291 0049 00       		.byte	0
 292 004a 11       		.uleb128 0x11
 293 004b 01       		.uleb128 0x1
 294 004c 31       		.uleb128 0x31
 295 004d 13       		.uleb128 0x13
 296 004e 00       		.byte	0
 297 004f 00       		.byte	0
 298 0050 06       		.uleb128 0x6
 299 0051 898201   		.uleb128 0x4109
 300 0054 00       		.byte	0
 301 0055 11       		.uleb128 0x11
 302 0056 01       		.uleb128 0x1
 303 0057 9542     		.uleb128 0x2115
 304 0059 0C       		.uleb128 0xc
 305 005a 31       		.uleb128 0x31
 306 005b 13       		.uleb128 0x13
 307 005c 00       		.byte	0
 308 005d 00       		.byte	0
 309 005e 07       		.uleb128 0x7
 310 005f 2E       		.uleb128 0x2e
 311 0060 00       		.byte	0
 312 0061 3F       		.uleb128 0x3f
 313 0062 0C       		.uleb128 0xc
 314 0063 03       		.uleb128 0x3
 315 0064 0E       		.uleb128 0xe
 316 0065 3A       		.uleb128 0x3a
 317 0066 0B       		.uleb128 0xb
 318 0067 3B       		.uleb128 0x3b
 319 0068 0B       		.uleb128 0xb
 320 0069 27       		.uleb128 0x27
 321 006a 0C       		.uleb128 0xc
 322 006b 3C       		.uleb128 0x3c
 323 006c 0C       		.uleb128 0xc
 324 006d 00       		.byte	0
 325 006e 00       		.byte	0
 326 006f 08       		.uleb128 0x8
 327 0070 2E       		.uleb128 0x2e
 328 0071 00       		.byte	0
 329 0072 3F       		.uleb128 0x3f
 330 0073 0C       		.uleb128 0xc
 331 0074 03       		.uleb128 0x3
 332 0075 0E       		.uleb128 0xe
 333 0076 3A       		.uleb128 0x3a
 334 0077 0B       		.uleb128 0xb
 335 0078 3B       		.uleb128 0x3b
 336 0079 05       		.uleb128 0x5
 337 007a 27       		.uleb128 0x27
 338 007b 0C       		.uleb128 0xc
 339 007c 3C       		.uleb128 0x3c
ARM GAS  /var/folders/5n/p_75w94d66l9ssrldxqdhh700000gn/T//ccB6xNLx.s 			page 7


 340 007d 0C       		.uleb128 0xc
 341 007e 00       		.byte	0
 342 007f 00       		.byte	0
 343 0080 00       		.byte	0
 344              		.section	.debug_loc,"",%progbits
 345              	.Ldebug_loc0:
 346              	.LLST0:
 347 0000 00000000 		.4byte	.LFB7
 348 0004 02000000 		.4byte	.LCFI0
 349 0008 0200     		.2byte	0x2
 350 000a 7D       		.byte	0x7d
 351 000b 00       		.sleb128 0
 352 000c 02000000 		.4byte	.LCFI0
 353 0010 22000000 		.4byte	.LFE7
 354 0014 0200     		.2byte	0x2
 355 0016 7D       		.byte	0x7d
 356 0017 08       		.sleb128 8
 357 0018 00000000 		.4byte	0
 358 001c 00000000 		.4byte	0
 359              		.section	.debug_aranges,"",%progbits
 360 0000 1C000000 		.4byte	0x1c
 361 0004 0200     		.2byte	0x2
 362 0006 00000000 		.4byte	.Ldebug_info0
 363 000a 04       		.byte	0x4
 364 000b 00       		.byte	0
 365 000c 0000     		.2byte	0
 366 000e 0000     		.2byte	0
 367 0010 00000000 		.4byte	.LFB7
 368 0014 22000000 		.4byte	.LFE7-.LFB7
 369 0018 00000000 		.4byte	0
 370 001c 00000000 		.4byte	0
 371              		.section	.debug_ranges,"",%progbits
 372              	.Ldebug_ranges0:
 373 0000 00000000 		.4byte	.LFB7
 374 0004 22000000 		.4byte	.LFE7
 375 0008 00000000 		.4byte	0
 376 000c 00000000 		.4byte	0
 377              		.section	.debug_line,"",%progbits
 378              	.Ldebug_line0:
 379 0000 CC000000 		.section	.debug_str,"MS",%progbits,1
 379      0200AC00 
 379      00000201 
 379      FB0E0D00 
 379      01010101 
 380              	.LASF7:
 381 0000 6C6F6E67 		.ascii	"long long int\000"
 381      206C6F6E 
 381      6720696E 
 381      7400
 382              	.LASF14:
 383 000e 6D656D70 		.ascii	"memp_init\000"
 383      5F696E69 
 383      7400
 384              	.LASF0:
 385 0018 756E7369 		.ascii	"unsigned int\000"
 385      676E6564 
 385      20696E74 
ARM GAS  /var/folders/5n/p_75w94d66l9ssrldxqdhh700000gn/T//ccB6xNLx.s 			page 8


 385      00
 386              	.LASF19:
 387 0025 2E2E2F2E 		.ascii	"../../ext/lwip-1.4.0/src/core/init.c\000"
 387      2E2F6578 
 387      742F6C77 
 387      69702D31 
 387      2E342E30 
 388              	.LASF18:
 389 004a 474E5520 		.ascii	"GNU C 4.7.2\000"
 389      4320342E 
 389      372E3200 
 390              	.LASF6:
 391 0056 6C6F6E67 		.ascii	"long unsigned int\000"
 391      20756E73 
 391      69676E65 
 391      6420696E 
 391      7400
 392              	.LASF8:
 393 0068 6C6F6E67 		.ascii	"long long unsigned int\000"
 393      206C6F6E 
 393      6720756E 
 393      7369676E 
 393      65642069 
 394              	.LASF13:
 395 007f 6D656D5F 		.ascii	"mem_init\000"
 395      696E6974 
 395      00
 396              	.LASF21:
 397 0088 6C776970 		.ascii	"lwip_init\000"
 397      5F696E69 
 397      7400
 398              	.LASF11:
 399 0092 73746174 		.ascii	"stats_init\000"
 399      735F696E 
 399      697400
 400              	.LASF17:
 401 009d 7379735F 		.ascii	"sys_timeouts_init\000"
 401      74696D65 
 401      6F757473 
 401      5F696E69 
 401      7400
 402              	.LASF2:
 403 00af 756E7369 		.ascii	"unsigned char\000"
 403      676E6564 
 403      20636861 
 403      7200
 404              	.LASF10:
 405 00bd 63686172 		.ascii	"char\000"
 405      00
 406              	.LASF15:
 407 00c2 6E657469 		.ascii	"netif_init\000"
 407      665F696E 
 407      697400
 408              	.LASF5:
 409 00cd 6C6F6E67 		.ascii	"long int\000"
 409      20696E74 
 409      00
ARM GAS  /var/folders/5n/p_75w94d66l9ssrldxqdhh700000gn/T//ccB6xNLx.s 			page 9


 410              	.LASF3:
 411 00d6 73686F72 		.ascii	"short int\000"
 411      7420696E 
 411      7400
 412              	.LASF16:
 413 00e0 6C776970 		.ascii	"lwip_socket_init\000"
 413      5F736F63 
 413      6B65745F 
 413      696E6974 
 413      00
 414              	.LASF20:
 415 00f1 2F557365 		.ascii	"/Users/sin/Documents/Eclipse/Workspace/ChibiOS_2.4."
 415      72732F73 
 415      696E2F44 
 415      6F63756D 
 415      656E7473 
 416 0124 322F6465 		.ascii	"2/demos/ARMCM4-STM32F407-LWIP\000"
 416      6D6F732F 
 416      41524D43 
 416      4D342D53 
 416      544D3332 
 417              	.LASF4:
 418 0142 73686F72 		.ascii	"short unsigned int\000"
 418      7420756E 
 418      7369676E 
 418      65642069 
 418      6E7400
 419              	.LASF1:
 420 0155 7369676E 		.ascii	"signed char\000"
 420      65642063 
 420      68617200 
 421              	.LASF12:
 422 0161 7379735F 		.ascii	"sys_init\000"
 422      696E6974 
 422      00
 423              	.LASF9:
 424 016a 73697A65 		.ascii	"sizetype\000"
 424      74797065 
 424      00
 425              		.ident	"GCC: (GNU) 4.7.2"
ARM GAS  /var/folders/5n/p_75w94d66l9ssrldxqdhh700000gn/T//ccB6xNLx.s 			page 10


DEFINED SYMBOLS
                            *ABS*:0000000000000000 init.c
/var/folders/5n/p_75w94d66l9ssrldxqdhh700000gn/T//ccB6xNLx.s:19     .text.lwip_init:0000000000000000 $t
/var/folders/5n/p_75w94d66l9ssrldxqdhh700000gn/T//ccB6xNLx.s:25     .text.lwip_init:0000000000000000 lwip_init
                     .debug_frame:0000000000000010 $d

UNDEFINED SYMBOLS
stats_init
sys_init
mem_init
memp_init
netif_init
lwip_socket_init
sys_timeouts_init
