ARM GAS  /var/folders/5n/p_75w94d66l9ssrldxqdhh700000gn/T//cc6tWSAD.s 			page 1


   1              		.syntax unified
   2              		.cpu cortex-m4
   3              		.fpu softvfp
   4              		.eabi_attribute 20, 1
   5              		.eabi_attribute 21, 1
   6              		.eabi_attribute 23, 3
   7              		.eabi_attribute 24, 1
   8              		.eabi_attribute 25, 1
   9              		.eabi_attribute 26, 1
  10              		.eabi_attribute 30, 2
  11              		.eabi_attribute 34, 1
  12              		.eabi_attribute 18, 4
  13              		.thumb
  14              		.file	"stats.c"
  15              		.text
  16              	.Ltext0:
  17              		.cfi_sections	.debug_frame
  18              		.section	.text.stats_init,"ax",%progbits
  19              		.align	2
  20              		.p2align 4,,15
  21              		.global	stats_init
  22              		.thumb
  23              		.thumb_func
  24              		.type	stats_init, %function
  25              	stats_init:
  26              	.LFB7:
  27              		.file 1 "../../ext/lwip-1.4.0/src/core/stats.c"
  28              		.loc 1 52 0
  29              		.cfi_startproc
  30              		@ args = 0, pretend = 0, frame = 0
  31              		@ frame_needed = 0, uses_anonymous_args = 0
  32              		@ link register save eliminated.
  33 0000 7047     		bx	lr
  34              		.cfi_endproc
  35              	.LFE7:
  36              		.size	stats_init, .-stats_init
  37              		.global	lwip_stats
  38 0002 00BFAFF3 		.section	.bss.lwip_stats,"aw",%nobits
  38      0080AFF3 
  38      0080AFF3 
  38      0080
  39              		.align	2
  40              		.type	lwip_stats, %object
  41              		.size	lwip_stats, 336
  42              	lwip_stats:
  43 0000 00000000 		.space	336
  43      00000000 
  43      00000000 
  43      00000000 
  43      00000000 
  44              		.text
  45              	.Letext0:
  46              		.file 2 "/usr/local/cross/lib/gcc/arm-none-eabi/4.7.2/../../../../arm-none-eabi/include/stdint.h"
  47              		.file 3 "../../os/various/lwip_bindings/arch/cc.h"
  48              		.file 4 "../../ext/lwip-1.4.0/src/include/lwip/mem.h"
  49              		.file 5 "../../ext/lwip-1.4.0/src/include/lwip/stats.h"
  50              		.file 6 "../../ext/lwip-1.4.0/src/include/lwip/memp.h"
ARM GAS  /var/folders/5n/p_75w94d66l9ssrldxqdhh700000gn/T//cc6tWSAD.s 			page 2


  51              		.section	.debug_info,"",%progbits
  52              	.Ldebug_info0:
  53 0000 47030000 		.4byte	0x347
  54 0004 0200     		.2byte	0x2
  55 0006 00000000 		.4byte	.Ldebug_abbrev0
  56 000a 04       		.byte	0x4
  57 000b 01       		.uleb128 0x1
  58 000c 98010000 		.4byte	.LASF54
  59 0010 01       		.byte	0x1
  60 0011 72010000 		.4byte	.LASF55
  61 0015 5F000000 		.4byte	.LASF56
  62 0019 00000000 		.4byte	.Ldebug_ranges0+0
  63 001d 00000000 		.4byte	0
  64 0021 00000000 		.4byte	0
  65 0025 00000000 		.4byte	.Ldebug_line0
  66 0029 02       		.uleb128 0x2
  67 002a 04       		.byte	0x4
  68 002b 05       		.byte	0x5
  69 002c 696E7400 		.ascii	"int\000"
  70 0030 03       		.uleb128 0x3
  71 0031 04       		.byte	0x4
  72 0032 07       		.byte	0x7
  73 0033 B4020000 		.4byte	.LASF0
  74 0037 03       		.uleb128 0x3
  75 0038 01       		.byte	0x1
  76 0039 06       		.byte	0x6
  77 003a 3E010000 		.4byte	.LASF1
  78 003e 03       		.uleb128 0x3
  79 003f 01       		.byte	0x1
  80 0040 08       		.byte	0x8
  81 0041 27010000 		.4byte	.LASF2
  82 0045 03       		.uleb128 0x3
  83 0046 02       		.byte	0x2
  84 0047 05       		.byte	0x5
  85 0048 0F000000 		.4byte	.LASF3
  86 004c 04       		.uleb128 0x4
  87 004d D8010000 		.4byte	.LASF11
  88 0051 02       		.byte	0x2
  89 0052 36       		.byte	0x36
  90 0053 57000000 		.4byte	0x57
  91 0057 03       		.uleb128 0x3
  92 0058 02       		.byte	0x2
  93 0059 07       		.byte	0x7
  94 005a B1010000 		.4byte	.LASF4
  95 005e 03       		.uleb128 0x3
  96 005f 04       		.byte	0x4
  97 0060 05       		.byte	0x5
  98 0061 07010000 		.4byte	.LASF5
  99 0065 03       		.uleb128 0x3
 100 0066 04       		.byte	0x4
 101 0067 07       		.byte	0x7
 102 0068 3C020000 		.4byte	.LASF6
 103 006c 03       		.uleb128 0x3
 104 006d 08       		.byte	0x8
 105 006e 05       		.byte	0x5
 106 006f F9000000 		.4byte	.LASF7
 107 0073 03       		.uleb128 0x3
ARM GAS  /var/folders/5n/p_75w94d66l9ssrldxqdhh700000gn/T//cc6tWSAD.s 			page 3


 108 0074 08       		.byte	0x8
 109 0075 07       		.byte	0x7
 110 0076 54010000 		.4byte	.LASF8
 111 007a 03       		.uleb128 0x3
 112 007b 04       		.byte	0x4
 113 007c 07       		.byte	0x7
 114 007d 32000000 		.4byte	.LASF9
 115 0081 03       		.uleb128 0x3
 116 0082 01       		.byte	0x1
 117 0083 08       		.byte	0x8
 118 0084 D3010000 		.4byte	.LASF10
 119 0088 04       		.uleb128 0x4
 120 0089 66020000 		.4byte	.LASF12
 121 008d 03       		.byte	0x3
 122 008e 45       		.byte	0x45
 123 008f 4C000000 		.4byte	0x4c
 124 0093 04       		.uleb128 0x4
 125 0094 10010000 		.4byte	.LASF13
 126 0098 04       		.byte	0x4
 127 0099 4B       		.byte	0x4b
 128 009a 88000000 		.4byte	0x88
 129 009e 05       		.uleb128 0x5
 130 009f 01       		.byte	0x1
 131 00a0 06       		.byte	0x6
 132 00a1 2B       		.byte	0x2b
 133 00a2 01010000 		.4byte	0x101
 134 00a6 06       		.uleb128 0x6
 135 00a7 53020000 		.4byte	.LASF14
 136 00ab 00       		.sleb128 0
 137 00ac 06       		.uleb128 0x6
 138 00ad A7020000 		.4byte	.LASF15
 139 00b1 01       		.sleb128 1
 140 00b2 06       		.uleb128 0x6
 141 00b3 93020000 		.4byte	.LASF16
 142 00b7 02       		.sleb128 2
 143 00b8 06       		.uleb128 0x6
 144 00b9 E0000000 		.4byte	.LASF17
 145 00bd 03       		.sleb128 3
 146 00be 06       		.uleb128 0x6
 147 00bf 19000000 		.4byte	.LASF18
 148 00c3 04       		.sleb128 4
 149 00c4 06       		.uleb128 0x6
 150 00c5 C4010000 		.4byte	.LASF19
 151 00c9 05       		.sleb128 5
 152 00ca 06       		.uleb128 0x6
 153 00cb C8000000 		.4byte	.LASF20
 154 00cf 06       		.sleb128 6
 155 00d0 06       		.uleb128 0x6
 156 00d1 C6020000 		.4byte	.LASF21
 157 00d5 07       		.sleb128 7
 158 00d6 06       		.uleb128 0x6
 159 00d7 86020000 		.4byte	.LASF22
 160 00db 08       		.sleb128 8
 161 00dc 06       		.uleb128 0x6
 162 00dd E1010000 		.4byte	.LASF23
 163 00e1 09       		.sleb128 9
 164 00e2 06       		.uleb128 0x6
ARM GAS  /var/folders/5n/p_75w94d66l9ssrldxqdhh700000gn/T//cc6tWSAD.s 			page 4


 165 00e3 40000000 		.4byte	.LASF24
 166 00e7 0A       		.sleb128 10
 167 00e8 06       		.uleb128 0x6
 168 00e9 B7000000 		.4byte	.LASF25
 169 00ed 0B       		.sleb128 11
 170 00ee 06       		.uleb128 0x6
 171 00ef 14020000 		.4byte	.LASF26
 172 00f3 0C       		.sleb128 12
 173 00f4 06       		.uleb128 0x6
 174 00f5 6C020000 		.4byte	.LASF27
 175 00f9 0D       		.sleb128 13
 176 00fa 06       		.uleb128 0x6
 177 00fb 35010000 		.4byte	.LASF28
 178 00ff 0E       		.sleb128 14
 179 0100 00       		.byte	0
 180 0101 07       		.uleb128 0x7
 181 0102 26000000 		.4byte	.LASF39
 182 0106 18       		.byte	0x18
 183 0107 05       		.byte	0x5
 184 0108 3A       		.byte	0x3a
 185 0109 B5010000 		.4byte	0x1b5
 186 010d 08       		.uleb128 0x8
 187 010e 3B000000 		.4byte	.LASF29
 188 0112 05       		.byte	0x5
 189 0113 3B       		.byte	0x3b
 190 0114 88000000 		.4byte	0x88
 191 0118 02       		.byte	0x2
 192 0119 23       		.byte	0x23
 193 011a 00       		.uleb128 0
 194 011b 08       		.uleb128 0x8
 195 011c 1E020000 		.4byte	.LASF30
 196 0120 05       		.byte	0x5
 197 0121 3C       		.byte	0x3c
 198 0122 88000000 		.4byte	0x88
 199 0126 02       		.byte	0x2
 200 0127 23       		.byte	0x23
 201 0128 02       		.uleb128 0x2
 202 0129 09       		.uleb128 0x9
 203 012a 667700   		.ascii	"fw\000"
 204 012d 05       		.byte	0x5
 205 012e 3D       		.byte	0x3d
 206 012f 88000000 		.4byte	0x88
 207 0133 02       		.byte	0x2
 208 0134 23       		.byte	0x23
 209 0135 04       		.uleb128 0x4
 210 0136 08       		.uleb128 0x8
 211 0137 22010000 		.4byte	.LASF31
 212 013b 05       		.byte	0x5
 213 013c 3E       		.byte	0x3e
 214 013d 88000000 		.4byte	0x88
 215 0141 02       		.byte	0x2
 216 0142 23       		.byte	0x23
 217 0143 06       		.uleb128 0x6
 218 0144 08       		.uleb128 0x8
 219 0145 6B010000 		.4byte	.LASF32
 220 0149 05       		.byte	0x5
 221 014a 3F       		.byte	0x3f
ARM GAS  /var/folders/5n/p_75w94d66l9ssrldxqdhh700000gn/T//cc6tWSAD.s 			page 5


 222 014b 88000000 		.4byte	0x88
 223 014f 02       		.byte	0x2
 224 0150 23       		.byte	0x23
 225 0151 08       		.uleb128 0x8
 226 0152 08       		.uleb128 0x8
 227 0153 B0000000 		.4byte	.LASF33
 228 0157 05       		.byte	0x5
 229 0158 40       		.byte	0x40
 230 0159 88000000 		.4byte	0x88
 231 015d 02       		.byte	0x2
 232 015e 23       		.byte	0x23
 233 015f 0A       		.uleb128 0xa
 234 0160 08       		.uleb128 0x8
 235 0161 1B010000 		.4byte	.LASF34
 236 0165 05       		.byte	0x5
 237 0166 41       		.byte	0x41
 238 0167 88000000 		.4byte	0x88
 239 016b 02       		.byte	0x2
 240 016c 23       		.byte	0x23
 241 016d 0C       		.uleb128 0xc
 242 016e 08       		.uleb128 0x8
 243 016f 60020000 		.4byte	.LASF35
 244 0173 05       		.byte	0x5
 245 0174 42       		.byte	0x42
 246 0175 88000000 		.4byte	0x88
 247 0179 02       		.byte	0x2
 248 017a 23       		.byte	0x23
 249 017b 0E       		.uleb128 0xe
 250 017c 08       		.uleb128 0x8
 251 017d FF010000 		.4byte	.LASF36
 252 0181 05       		.byte	0x5
 253 0182 43       		.byte	0x43
 254 0183 88000000 		.4byte	0x88
 255 0187 02       		.byte	0x2
 256 0188 23       		.byte	0x23
 257 0189 10       		.uleb128 0x10
 258 018a 08       		.uleb128 0x8
 259 018b A4010000 		.4byte	.LASF37
 260 018f 05       		.byte	0x5
 261 0190 44       		.byte	0x44
 262 0191 88000000 		.4byte	0x88
 263 0195 02       		.byte	0x2
 264 0196 23       		.byte	0x23
 265 0197 12       		.uleb128 0x12
 266 0198 09       		.uleb128 0x9
 267 0199 65727200 		.ascii	"err\000"
 268 019d 05       		.byte	0x5
 269 019e 45       		.byte	0x45
 270 019f 88000000 		.4byte	0x88
 271 01a3 02       		.byte	0x2
 272 01a4 23       		.byte	0x23
 273 01a5 14       		.uleb128 0x14
 274 01a6 08       		.uleb128 0x8
 275 01a7 D7000000 		.4byte	.LASF38
 276 01ab 05       		.byte	0x5
 277 01ac 46       		.byte	0x46
 278 01ad 88000000 		.4byte	0x88
ARM GAS  /var/folders/5n/p_75w94d66l9ssrldxqdhh700000gn/T//cc6tWSAD.s 			page 6


 279 01b1 02       		.byte	0x2
 280 01b2 23       		.byte	0x23
 281 01b3 16       		.uleb128 0x16
 282 01b4 00       		.byte	0
 283 01b5 07       		.uleb128 0x7
 284 01b6 55000000 		.4byte	.LASF40
 285 01ba 0A       		.byte	0xa
 286 01bb 05       		.byte	0x5
 287 01bc 5A       		.byte	0x5a
 288 01bd 08020000 		.4byte	0x208
 289 01c1 08       		.uleb128 0x8
 290 01c2 80020000 		.4byte	.LASF41
 291 01c6 05       		.byte	0x5
 292 01c7 5E       		.byte	0x5e
 293 01c8 93000000 		.4byte	0x93
 294 01cc 02       		.byte	0x2
 295 01cd 23       		.byte	0x23
 296 01ce 00       		.uleb128 0
 297 01cf 08       		.uleb128 0x8
 298 01d0 7B020000 		.4byte	.LASF42
 299 01d4 05       		.byte	0x5
 300 01d5 5F       		.byte	0x5f
 301 01d6 93000000 		.4byte	0x93
 302 01da 02       		.byte	0x2
 303 01db 23       		.byte	0x23
 304 01dc 02       		.uleb128 0x2
 305 01dd 09       		.uleb128 0x9
 306 01de 6D617800 		.ascii	"max\000"
 307 01e2 05       		.byte	0x5
 308 01e3 60       		.byte	0x60
 309 01e4 93000000 		.4byte	0x93
 310 01e8 02       		.byte	0x2
 311 01e9 23       		.byte	0x23
 312 01ea 04       		.uleb128 0x4
 313 01eb 09       		.uleb128 0x9
 314 01ec 65727200 		.ascii	"err\000"
 315 01f0 05       		.byte	0x5
 316 01f1 61       		.byte	0x61
 317 01f2 88000000 		.4byte	0x88
 318 01f6 02       		.byte	0x2
 319 01f7 23       		.byte	0x23
 320 01f8 06       		.uleb128 0x6
 321 01f9 08       		.uleb128 0x8
 322 01fa 0C020000 		.4byte	.LASF43
 323 01fe 05       		.byte	0x5
 324 01ff 62       		.byte	0x62
 325 0200 88000000 		.4byte	0x88
 326 0204 02       		.byte	0x2
 327 0205 23       		.byte	0x23
 328 0206 08       		.uleb128 0x8
 329 0207 00       		.byte	0
 330 0208 07       		.uleb128 0x7
 331 0209 2E020000 		.4byte	.LASF44
 332 020d 06       		.byte	0x6
 333 020e 05       		.byte	0x5
 334 020f 65       		.byte	0x65
 335 0210 3F020000 		.4byte	0x23f
ARM GAS  /var/folders/5n/p_75w94d66l9ssrldxqdhh700000gn/T//cc6tWSAD.s 			page 7


 336 0214 08       		.uleb128 0x8
 337 0215 7B020000 		.4byte	.LASF42
 338 0219 05       		.byte	0x5
 339 021a 66       		.byte	0x66
 340 021b 88000000 		.4byte	0x88
 341 021f 02       		.byte	0x2
 342 0220 23       		.byte	0x23
 343 0221 00       		.uleb128 0
 344 0222 09       		.uleb128 0x9
 345 0223 6D617800 		.ascii	"max\000"
 346 0227 05       		.byte	0x5
 347 0228 67       		.byte	0x67
 348 0229 88000000 		.4byte	0x88
 349 022d 02       		.byte	0x2
 350 022e 23       		.byte	0x23
 351 022f 02       		.uleb128 0x2
 352 0230 09       		.uleb128 0x9
 353 0231 65727200 		.ascii	"err\000"
 354 0235 05       		.byte	0x5
 355 0236 68       		.byte	0x68
 356 0237 88000000 		.4byte	0x88
 357 023b 02       		.byte	0x2
 358 023c 23       		.byte	0x23
 359 023d 04       		.uleb128 0x4
 360 023e 00       		.byte	0
 361 023f 07       		.uleb128 0x7
 362 0240 4A010000 		.4byte	.LASF45
 363 0244 12       		.byte	0x12
 364 0245 05       		.byte	0x5
 365 0246 6B       		.byte	0x6b
 366 0247 76020000 		.4byte	0x276
 367 024b 09       		.uleb128 0x9
 368 024c 73656D00 		.ascii	"sem\000"
 369 0250 05       		.byte	0x5
 370 0251 6C       		.byte	0x6c
 371 0252 08020000 		.4byte	0x208
 372 0256 02       		.byte	0x2
 373 0257 23       		.byte	0x23
 374 0258 00       		.uleb128 0
 375 0259 08       		.uleb128 0x8
 376 025a AB010000 		.4byte	.LASF46
 377 025e 05       		.byte	0x5
 378 025f 6D       		.byte	0x6d
 379 0260 08020000 		.4byte	0x208
 380 0264 02       		.byte	0x2
 381 0265 23       		.byte	0x23
 382 0266 06       		.uleb128 0x6
 383 0267 08       		.uleb128 0x8
 384 0268 07020000 		.4byte	.LASF47
 385 026c 05       		.byte	0x5
 386 026d 6E       		.byte	0x6e
 387 026e 08020000 		.4byte	0x208
 388 0272 02       		.byte	0x2
 389 0273 23       		.byte	0x23
 390 0274 0C       		.uleb128 0xc
 391 0275 00       		.byte	0
 392 0276 0A       		.uleb128 0xa
ARM GAS  /var/folders/5n/p_75w94d66l9ssrldxqdhh700000gn/T//cc6tWSAD.s 			page 8


 393 0277 00000000 		.4byte	.LASF48
 394 027b 5001     		.2byte	0x150
 395 027d 05       		.byte	0x5
 396 027e 71       		.byte	0x71
 397 027f 13030000 		.4byte	0x313
 398 0283 08       		.uleb128 0x8
 399 0284 F4000000 		.4byte	.LASF49
 400 0288 05       		.byte	0x5
 401 0289 73       		.byte	0x73
 402 028a 01010000 		.4byte	0x101
 403 028e 02       		.byte	0x2
 404 028f 23       		.byte	0x23
 405 0290 00       		.uleb128 0
 406 0291 08       		.uleb128 0x8
 407 0292 A0020000 		.4byte	.LASF50
 408 0296 05       		.byte	0x5
 409 0297 76       		.byte	0x76
 410 0298 01010000 		.4byte	0x101
 411 029c 02       		.byte	0x2
 412 029d 23       		.byte	0x23
 413 029e 18       		.uleb128 0x18
 414 029f 08       		.uleb128 0x8
 415 02a0 07000000 		.4byte	.LASF51
 416 02a4 05       		.byte	0x5
 417 02a5 79       		.byte	0x79
 418 02a6 01010000 		.4byte	0x101
 419 02aa 02       		.byte	0x2
 420 02ab 23       		.byte	0x23
 421 02ac 30       		.uleb128 0x30
 422 02ad 09       		.uleb128 0x9
 423 02ae 697000   		.ascii	"ip\000"
 424 02b1 05       		.byte	0x5
 425 02b2 7C       		.byte	0x7c
 426 02b3 01010000 		.4byte	0x101
 427 02b7 02       		.byte	0x2
 428 02b8 23       		.byte	0x23
 429 02b9 48       		.uleb128 0x48
 430 02ba 08       		.uleb128 0x8
 431 02bb C1020000 		.4byte	.LASF52
 432 02bf 05       		.byte	0x5
 433 02c0 7F       		.byte	0x7f
 434 02c1 01010000 		.4byte	0x101
 435 02c5 02       		.byte	0x2
 436 02c6 23       		.byte	0x23
 437 02c7 60       		.uleb128 0x60
 438 02c8 09       		.uleb128 0x9
 439 02c9 75647000 		.ascii	"udp\000"
 440 02cd 05       		.byte	0x5
 441 02ce 85       		.byte	0x85
 442 02cf 01010000 		.4byte	0x101
 443 02d3 02       		.byte	0x2
 444 02d4 23       		.byte	0x23
 445 02d5 78       		.uleb128 0x78
 446 02d6 09       		.uleb128 0x9
 447 02d7 74637000 		.ascii	"tcp\000"
 448 02db 05       		.byte	0x5
 449 02dc 88       		.byte	0x88
ARM GAS  /var/folders/5n/p_75w94d66l9ssrldxqdhh700000gn/T//cc6tWSAD.s 			page 9


 450 02dd 01010000 		.4byte	0x101
 451 02e1 03       		.byte	0x3
 452 02e2 23       		.byte	0x23
 453 02e3 9001     		.uleb128 0x90
 454 02e5 09       		.uleb128 0x9
 455 02e6 6D656D00 		.ascii	"mem\000"
 456 02ea 05       		.byte	0x5
 457 02eb 8B       		.byte	0x8b
 458 02ec B5010000 		.4byte	0x1b5
 459 02f0 03       		.byte	0x3
 460 02f1 23       		.byte	0x23
 461 02f2 A801     		.uleb128 0xa8
 462 02f4 08       		.uleb128 0x8
 463 02f5 4E020000 		.4byte	.LASF53
 464 02f9 05       		.byte	0x5
 465 02fa 8E       		.byte	0x8e
 466 02fb 13030000 		.4byte	0x313
 467 02ff 03       		.byte	0x3
 468 0300 23       		.byte	0x23
 469 0301 B201     		.uleb128 0xb2
 470 0303 09       		.uleb128 0x9
 471 0304 73797300 		.ascii	"sys\000"
 472 0308 05       		.byte	0x5
 473 0309 91       		.byte	0x91
 474 030a 3F020000 		.4byte	0x23f
 475 030e 03       		.byte	0x3
 476 030f 23       		.byte	0x23
 477 0310 BE02     		.uleb128 0x13e
 478 0312 00       		.byte	0
 479 0313 0B       		.uleb128 0xb
 480 0314 B5010000 		.4byte	0x1b5
 481 0318 23030000 		.4byte	0x323
 482 031c 0C       		.uleb128 0xc
 483 031d 7A000000 		.4byte	0x7a
 484 0321 0D       		.byte	0xd
 485 0322 00       		.byte	0
 486 0323 0D       		.uleb128 0xd
 487 0324 01       		.byte	0x1
 488 0325 23020000 		.4byte	.LASF57
 489 0329 01       		.byte	0x1
 490 032a 33       		.byte	0x33
 491 032b 01       		.byte	0x1
 492 032c 00000000 		.4byte	.LFB7
 493 0330 02000000 		.4byte	.LFE7
 494 0334 02       		.byte	0x2
 495 0335 7D       		.byte	0x7d
 496 0336 00       		.sleb128 0
 497 0337 01       		.byte	0x1
 498 0338 0E       		.uleb128 0xe
 499 0339 F4010000 		.4byte	.LASF58
 500 033d 01       		.byte	0x1
 501 033e 31       		.byte	0x31
 502 033f 76020000 		.4byte	0x276
 503 0343 01       		.byte	0x1
 504 0344 05       		.byte	0x5
 505 0345 03       		.byte	0x3
 506 0346 00000000 		.4byte	lwip_stats
ARM GAS  /var/folders/5n/p_75w94d66l9ssrldxqdhh700000gn/T//cc6tWSAD.s 			page 10


 507 034a 00       		.byte	0
 508              		.section	.debug_abbrev,"",%progbits
 509              	.Ldebug_abbrev0:
 510 0000 01       		.uleb128 0x1
 511 0001 11       		.uleb128 0x11
 512 0002 01       		.byte	0x1
 513 0003 25       		.uleb128 0x25
 514 0004 0E       		.uleb128 0xe
 515 0005 13       		.uleb128 0x13
 516 0006 0B       		.uleb128 0xb
 517 0007 03       		.uleb128 0x3
 518 0008 0E       		.uleb128 0xe
 519 0009 1B       		.uleb128 0x1b
 520 000a 0E       		.uleb128 0xe
 521 000b 55       		.uleb128 0x55
 522 000c 06       		.uleb128 0x6
 523 000d 11       		.uleb128 0x11
 524 000e 01       		.uleb128 0x1
 525 000f 52       		.uleb128 0x52
 526 0010 01       		.uleb128 0x1
 527 0011 10       		.uleb128 0x10
 528 0012 06       		.uleb128 0x6
 529 0013 00       		.byte	0
 530 0014 00       		.byte	0
 531 0015 02       		.uleb128 0x2
 532 0016 24       		.uleb128 0x24
 533 0017 00       		.byte	0
 534 0018 0B       		.uleb128 0xb
 535 0019 0B       		.uleb128 0xb
 536 001a 3E       		.uleb128 0x3e
 537 001b 0B       		.uleb128 0xb
 538 001c 03       		.uleb128 0x3
 539 001d 08       		.uleb128 0x8
 540 001e 00       		.byte	0
 541 001f 00       		.byte	0
 542 0020 03       		.uleb128 0x3
 543 0021 24       		.uleb128 0x24
 544 0022 00       		.byte	0
 545 0023 0B       		.uleb128 0xb
 546 0024 0B       		.uleb128 0xb
 547 0025 3E       		.uleb128 0x3e
 548 0026 0B       		.uleb128 0xb
 549 0027 03       		.uleb128 0x3
 550 0028 0E       		.uleb128 0xe
 551 0029 00       		.byte	0
 552 002a 00       		.byte	0
 553 002b 04       		.uleb128 0x4
 554 002c 16       		.uleb128 0x16
 555 002d 00       		.byte	0
 556 002e 03       		.uleb128 0x3
 557 002f 0E       		.uleb128 0xe
 558 0030 3A       		.uleb128 0x3a
 559 0031 0B       		.uleb128 0xb
 560 0032 3B       		.uleb128 0x3b
 561 0033 0B       		.uleb128 0xb
 562 0034 49       		.uleb128 0x49
 563 0035 13       		.uleb128 0x13
ARM GAS  /var/folders/5n/p_75w94d66l9ssrldxqdhh700000gn/T//cc6tWSAD.s 			page 11


 564 0036 00       		.byte	0
 565 0037 00       		.byte	0
 566 0038 05       		.uleb128 0x5
 567 0039 04       		.uleb128 0x4
 568 003a 01       		.byte	0x1
 569 003b 0B       		.uleb128 0xb
 570 003c 0B       		.uleb128 0xb
 571 003d 3A       		.uleb128 0x3a
 572 003e 0B       		.uleb128 0xb
 573 003f 3B       		.uleb128 0x3b
 574 0040 0B       		.uleb128 0xb
 575 0041 01       		.uleb128 0x1
 576 0042 13       		.uleb128 0x13
 577 0043 00       		.byte	0
 578 0044 00       		.byte	0
 579 0045 06       		.uleb128 0x6
 580 0046 28       		.uleb128 0x28
 581 0047 00       		.byte	0
 582 0048 03       		.uleb128 0x3
 583 0049 0E       		.uleb128 0xe
 584 004a 1C       		.uleb128 0x1c
 585 004b 0D       		.uleb128 0xd
 586 004c 00       		.byte	0
 587 004d 00       		.byte	0
 588 004e 07       		.uleb128 0x7
 589 004f 13       		.uleb128 0x13
 590 0050 01       		.byte	0x1
 591 0051 03       		.uleb128 0x3
 592 0052 0E       		.uleb128 0xe
 593 0053 0B       		.uleb128 0xb
 594 0054 0B       		.uleb128 0xb
 595 0055 3A       		.uleb128 0x3a
 596 0056 0B       		.uleb128 0xb
 597 0057 3B       		.uleb128 0x3b
 598 0058 0B       		.uleb128 0xb
 599 0059 01       		.uleb128 0x1
 600 005a 13       		.uleb128 0x13
 601 005b 00       		.byte	0
 602 005c 00       		.byte	0
 603 005d 08       		.uleb128 0x8
 604 005e 0D       		.uleb128 0xd
 605 005f 00       		.byte	0
 606 0060 03       		.uleb128 0x3
 607 0061 0E       		.uleb128 0xe
 608 0062 3A       		.uleb128 0x3a
 609 0063 0B       		.uleb128 0xb
 610 0064 3B       		.uleb128 0x3b
 611 0065 0B       		.uleb128 0xb
 612 0066 49       		.uleb128 0x49
 613 0067 13       		.uleb128 0x13
 614 0068 38       		.uleb128 0x38
 615 0069 0A       		.uleb128 0xa
 616 006a 00       		.byte	0
 617 006b 00       		.byte	0
 618 006c 09       		.uleb128 0x9
 619 006d 0D       		.uleb128 0xd
 620 006e 00       		.byte	0
ARM GAS  /var/folders/5n/p_75w94d66l9ssrldxqdhh700000gn/T//cc6tWSAD.s 			page 12


 621 006f 03       		.uleb128 0x3
 622 0070 08       		.uleb128 0x8
 623 0071 3A       		.uleb128 0x3a
 624 0072 0B       		.uleb128 0xb
 625 0073 3B       		.uleb128 0x3b
 626 0074 0B       		.uleb128 0xb
 627 0075 49       		.uleb128 0x49
 628 0076 13       		.uleb128 0x13
 629 0077 38       		.uleb128 0x38
 630 0078 0A       		.uleb128 0xa
 631 0079 00       		.byte	0
 632 007a 00       		.byte	0
 633 007b 0A       		.uleb128 0xa
 634 007c 13       		.uleb128 0x13
 635 007d 01       		.byte	0x1
 636 007e 03       		.uleb128 0x3
 637 007f 0E       		.uleb128 0xe
 638 0080 0B       		.uleb128 0xb
 639 0081 05       		.uleb128 0x5
 640 0082 3A       		.uleb128 0x3a
 641 0083 0B       		.uleb128 0xb
 642 0084 3B       		.uleb128 0x3b
 643 0085 0B       		.uleb128 0xb
 644 0086 01       		.uleb128 0x1
 645 0087 13       		.uleb128 0x13
 646 0088 00       		.byte	0
 647 0089 00       		.byte	0
 648 008a 0B       		.uleb128 0xb
 649 008b 01       		.uleb128 0x1
 650 008c 01       		.byte	0x1
 651 008d 49       		.uleb128 0x49
 652 008e 13       		.uleb128 0x13
 653 008f 01       		.uleb128 0x1
 654 0090 13       		.uleb128 0x13
 655 0091 00       		.byte	0
 656 0092 00       		.byte	0
 657 0093 0C       		.uleb128 0xc
 658 0094 21       		.uleb128 0x21
 659 0095 00       		.byte	0
 660 0096 49       		.uleb128 0x49
 661 0097 13       		.uleb128 0x13
 662 0098 2F       		.uleb128 0x2f
 663 0099 0B       		.uleb128 0xb
 664 009a 00       		.byte	0
 665 009b 00       		.byte	0
 666 009c 0D       		.uleb128 0xd
 667 009d 2E       		.uleb128 0x2e
 668 009e 00       		.byte	0
 669 009f 3F       		.uleb128 0x3f
 670 00a0 0C       		.uleb128 0xc
 671 00a1 03       		.uleb128 0x3
 672 00a2 0E       		.uleb128 0xe
 673 00a3 3A       		.uleb128 0x3a
 674 00a4 0B       		.uleb128 0xb
 675 00a5 3B       		.uleb128 0x3b
 676 00a6 0B       		.uleb128 0xb
 677 00a7 27       		.uleb128 0x27
ARM GAS  /var/folders/5n/p_75w94d66l9ssrldxqdhh700000gn/T//cc6tWSAD.s 			page 13


 678 00a8 0C       		.uleb128 0xc
 679 00a9 11       		.uleb128 0x11
 680 00aa 01       		.uleb128 0x1
 681 00ab 12       		.uleb128 0x12
 682 00ac 01       		.uleb128 0x1
 683 00ad 40       		.uleb128 0x40
 684 00ae 0A       		.uleb128 0xa
 685 00af 9742     		.uleb128 0x2117
 686 00b1 0C       		.uleb128 0xc
 687 00b2 00       		.byte	0
 688 00b3 00       		.byte	0
 689 00b4 0E       		.uleb128 0xe
 690 00b5 34       		.uleb128 0x34
 691 00b6 00       		.byte	0
 692 00b7 03       		.uleb128 0x3
 693 00b8 0E       		.uleb128 0xe
 694 00b9 3A       		.uleb128 0x3a
 695 00ba 0B       		.uleb128 0xb
 696 00bb 3B       		.uleb128 0x3b
 697 00bc 0B       		.uleb128 0xb
 698 00bd 49       		.uleb128 0x49
 699 00be 13       		.uleb128 0x13
 700 00bf 3F       		.uleb128 0x3f
 701 00c0 0C       		.uleb128 0xc
 702 00c1 02       		.uleb128 0x2
 703 00c2 0A       		.uleb128 0xa
 704 00c3 00       		.byte	0
 705 00c4 00       		.byte	0
 706 00c5 00       		.byte	0
 707              		.section	.debug_aranges,"",%progbits
 708 0000 1C000000 		.4byte	0x1c
 709 0004 0200     		.2byte	0x2
 710 0006 00000000 		.4byte	.Ldebug_info0
 711 000a 04       		.byte	0x4
 712 000b 00       		.byte	0
 713 000c 0000     		.2byte	0
 714 000e 0000     		.2byte	0
 715 0010 00000000 		.4byte	.LFB7
 716 0014 02000000 		.4byte	.LFE7-.LFB7
 717 0018 00000000 		.4byte	0
 718 001c 00000000 		.4byte	0
 719              		.section	.debug_ranges,"",%progbits
 720              	.Ldebug_ranges0:
 721 0000 00000000 		.4byte	.LFB7
 722 0004 02000000 		.4byte	.LFE7
 723 0008 00000000 		.4byte	0
 724 000c 00000000 		.4byte	0
 725              		.section	.debug_line,"",%progbits
 726              	.Ldebug_line0:
 727 0000 1C010000 		.section	.debug_str,"MS",%progbits,1
 727      02000701 
 727      00000201 
 727      FB0E0D00 
 727      01010101 
 728              	.LASF48:
 729 0000 73746174 		.ascii	"stats_\000"
 729      735F00
ARM GAS  /var/folders/5n/p_75w94d66l9ssrldxqdhh700000gn/T//cc6tWSAD.s 			page 14


 730              	.LASF51:
 731 0007 69705F66 		.ascii	"ip_frag\000"
 731      72616700 
 732              	.LASF3:
 733 000f 73686F72 		.ascii	"short int\000"
 733      7420696E 
 733      7400
 734              	.LASF18:
 735 0019 4D454D50 		.ascii	"MEMP_TCP_SEG\000"
 735      5F544350 
 735      5F534547 
 735      00
 736              	.LASF39:
 737 0026 73746174 		.ascii	"stats_proto\000"
 737      735F7072 
 737      6F746F00 
 738              	.LASF9:
 739 0032 73697A65 		.ascii	"sizetype\000"
 739      74797065 
 739      00
 740              	.LASF29:
 741 003b 786D6974 		.ascii	"xmit\000"
 741      00
 742              	.LASF24:
 743 0040 4D454D50 		.ascii	"MEMP_TCPIP_MSG_INPKT\000"
 743      5F544350 
 743      49505F4D 
 743      53475F49 
 743      4E504B54 
 744              	.LASF40:
 745 0055 73746174 		.ascii	"stats_mem\000"
 745      735F6D65 
 745      6D00
 746              	.LASF56:
 747 005f 2F557365 		.ascii	"/Users/sin/Documents/Eclipse/Workspace/ChibiOS_2.4."
 747      72732F73 
 747      696E2F44 
 747      6F63756D 
 747      656E7473 
 748 0092 322F6465 		.ascii	"2/demos/ARMCM4-STM32F407-LWIP\000"
 748      6D6F732F 
 748      41524D43 
 748      4D342D53 
 748      544D3332 
 749              	.LASF33:
 750 00b0 6C656E65 		.ascii	"lenerr\000"
 750      727200
 751              	.LASF25:
 752 00b7 4D454D50 		.ascii	"MEMP_SYS_TIMEOUT\000"
 752      5F535953 
 752      5F54494D 
 752      454F5554 
 752      00
 753              	.LASF20:
 754 00c8 4D454D50 		.ascii	"MEMP_FRAG_PBUF\000"
 754      5F465241 
 754      475F5042 
ARM GAS  /var/folders/5n/p_75w94d66l9ssrldxqdhh700000gn/T//cc6tWSAD.s 			page 15


 754      554600
 755              	.LASF38:
 756 00d7 63616368 		.ascii	"cachehit\000"
 756      65686974 
 756      00
 757              	.LASF17:
 758 00e0 4D454D50 		.ascii	"MEMP_TCP_PCB_LISTEN\000"
 758      5F544350 
 758      5F504342 
 758      5F4C4953 
 758      54454E00 
 759              	.LASF49:
 760 00f4 6C696E6B 		.ascii	"link\000"
 760      00
 761              	.LASF7:
 762 00f9 6C6F6E67 		.ascii	"long long int\000"
 762      206C6F6E 
 762      6720696E 
 762      7400
 763              	.LASF5:
 764 0107 6C6F6E67 		.ascii	"long int\000"
 764      20696E74 
 764      00
 765              	.LASF13:
 766 0110 6D656D5F 		.ascii	"mem_size_t\000"
 766      73697A65 
 766      5F7400
 767              	.LASF34:
 768 011b 6D656D65 		.ascii	"memerr\000"
 768      727200
 769              	.LASF31:
 770 0122 64726F70 		.ascii	"drop\000"
 770      00
 771              	.LASF2:
 772 0127 756E7369 		.ascii	"unsigned char\000"
 772      676E6564 
 772      20636861 
 772      7200
 773              	.LASF28:
 774 0135 4D454D50 		.ascii	"MEMP_MAX\000"
 774      5F4D4158 
 774      00
 775              	.LASF1:
 776 013e 7369676E 		.ascii	"signed char\000"
 776      65642063 
 776      68617200 
 777              	.LASF45:
 778 014a 73746174 		.ascii	"stats_sys\000"
 778      735F7379 
 778      7300
 779              	.LASF8:
 780 0154 6C6F6E67 		.ascii	"long long unsigned int\000"
 780      206C6F6E 
 780      6720756E 
 780      7369676E 
 780      65642069 
 781              	.LASF32:
ARM GAS  /var/folders/5n/p_75w94d66l9ssrldxqdhh700000gn/T//cc6tWSAD.s 			page 16


 782 016b 63686B65 		.ascii	"chkerr\000"
 782      727200
 783              	.LASF55:
 784 0172 2E2E2F2E 		.ascii	"../../ext/lwip-1.4.0/src/core/stats.c\000"
 784      2E2F6578 
 784      742F6C77 
 784      69702D31 
 784      2E342E30 
 785              	.LASF54:
 786 0198 474E5520 		.ascii	"GNU C 4.7.2\000"
 786      4320342E 
 786      372E3200 
 787              	.LASF37:
 788 01a4 6F707465 		.ascii	"opterr\000"
 788      727200
 789              	.LASF46:
 790 01ab 6D757465 		.ascii	"mutex\000"
 790      7800
 791              	.LASF4:
 792 01b1 73686F72 		.ascii	"short unsigned int\000"
 792      7420756E 
 792      7369676E 
 792      65642069 
 792      6E7400
 793              	.LASF19:
 794 01c4 4D454D50 		.ascii	"MEMP_REASSDATA\000"
 794      5F524541 
 794      53534441 
 794      544100
 795              	.LASF10:
 796 01d3 63686172 		.ascii	"char\000"
 796      00
 797              	.LASF11:
 798 01d8 75696E74 		.ascii	"uint16_t\000"
 798      31365F74 
 798      00
 799              	.LASF23:
 800 01e1 4D454D50 		.ascii	"MEMP_TCPIP_MSG_API\000"
 800      5F544350 
 800      49505F4D 
 800      53475F41 
 800      504900
 801              	.LASF58:
 802 01f4 6C776970 		.ascii	"lwip_stats\000"
 802      5F737461 
 802      747300
 803              	.LASF36:
 804 01ff 70726F74 		.ascii	"proterr\000"
 804      65727200 
 805              	.LASF47:
 806 0207 6D626F78 		.ascii	"mbox\000"
 806      00
 807              	.LASF43:
 808 020c 696C6C65 		.ascii	"illegal\000"
 808      67616C00 
 809              	.LASF26:
 810 0214 4D454D50 		.ascii	"MEMP_PBUF\000"
ARM GAS  /var/folders/5n/p_75w94d66l9ssrldxqdhh700000gn/T//cc6tWSAD.s 			page 17


 810      5F504255 
 810      4600
 811              	.LASF30:
 812 021e 72656376 		.ascii	"recv\000"
 812      00
 813              	.LASF57:
 814 0223 73746174 		.ascii	"stats_init\000"
 814      735F696E 
 814      697400
 815              	.LASF44:
 816 022e 73746174 		.ascii	"stats_syselem\000"
 816      735F7379 
 816      73656C65 
 816      6D00
 817              	.LASF6:
 818 023c 6C6F6E67 		.ascii	"long unsigned int\000"
 818      20756E73 
 818      69676E65 
 818      6420696E 
 818      7400
 819              	.LASF53:
 820 024e 6D656D70 		.ascii	"memp\000"
 820      00
 821              	.LASF14:
 822 0253 4D454D50 		.ascii	"MEMP_RAW_PCB\000"
 822      5F524157 
 822      5F504342 
 822      00
 823              	.LASF35:
 824 0260 72746572 		.ascii	"rterr\000"
 824      7200
 825              	.LASF12:
 826 0266 7531365F 		.ascii	"u16_t\000"
 826      7400
 827              	.LASF27:
 828 026c 4D454D50 		.ascii	"MEMP_PBUF_POOL\000"
 828      5F504255 
 828      465F504F 
 828      4F4C00
 829              	.LASF42:
 830 027b 75736564 		.ascii	"used\000"
 830      00
 831              	.LASF41:
 832 0280 61766169 		.ascii	"avail\000"
 832      6C00
 833              	.LASF22:
 834 0286 4D454D50 		.ascii	"MEMP_NETCONN\000"
 834      5F4E4554 
 834      434F4E4E 
 834      00
 835              	.LASF16:
 836 0293 4D454D50 		.ascii	"MEMP_TCP_PCB\000"
 836      5F544350 
 836      5F504342 
 836      00
 837              	.LASF50:
 838 02a0 65746861 		.ascii	"etharp\000"
ARM GAS  /var/folders/5n/p_75w94d66l9ssrldxqdhh700000gn/T//cc6tWSAD.s 			page 18


 838      727000
 839              	.LASF15:
 840 02a7 4D454D50 		.ascii	"MEMP_UDP_PCB\000"
 840      5F554450 
 840      5F504342 
 840      00
 841              	.LASF0:
 842 02b4 756E7369 		.ascii	"unsigned int\000"
 842      676E6564 
 842      20696E74 
 842      00
 843              	.LASF52:
 844 02c1 69636D70 		.ascii	"icmp\000"
 844      00
 845              	.LASF21:
 846 02c6 4D454D50 		.ascii	"MEMP_NETBUF\000"
 846      5F4E4554 
 846      42554600 
 847              		.ident	"GCC: (GNU) 4.7.2"
ARM GAS  /var/folders/5n/p_75w94d66l9ssrldxqdhh700000gn/T//cc6tWSAD.s 			page 19


DEFINED SYMBOLS
                            *ABS*:0000000000000000 stats.c
/var/folders/5n/p_75w94d66l9ssrldxqdhh700000gn/T//cc6tWSAD.s:19     .text.stats_init:0000000000000000 $t
/var/folders/5n/p_75w94d66l9ssrldxqdhh700000gn/T//cc6tWSAD.s:25     .text.stats_init:0000000000000000 stats_init
/var/folders/5n/p_75w94d66l9ssrldxqdhh700000gn/T//cc6tWSAD.s:42     .bss.lwip_stats:0000000000000000 lwip_stats
/var/folders/5n/p_75w94d66l9ssrldxqdhh700000gn/T//cc6tWSAD.s:39     .bss.lwip_stats:0000000000000000 $d
                     .debug_frame:0000000000000010 $d

NO UNDEFINED SYMBOLS
