ARM GAS  /var/folders/5n/p_75w94d66l9ssrldxqdhh700000gn/T//cc1UYdCs.s 			page 1


   1              		.syntax unified
   2              		.cpu cortex-m4
   3              		.fpu softvfp
   4              		.eabi_attribute 20, 1
   5              		.eabi_attribute 21, 1
   6              		.eabi_attribute 23, 3
   7              		.eabi_attribute 24, 1
   8              		.eabi_attribute 25, 1
   9              		.eabi_attribute 26, 1
  10              		.eabi_attribute 30, 2
  11              		.eabi_attribute 34, 1
  12              		.eabi_attribute 18, 4
  13              		.thumb
  14              		.file	"sys.c"
  15              		.text
  16              	.Ltext0:
  17              		.cfi_sections	.debug_frame
  18              		.section	.text.sys_msleep,"ax",%progbits
  19              		.align	2
  20              		.p2align 4,,15
  21              		.global	sys_msleep
  22              		.thumb
  23              		.thumb_func
  24              		.type	sys_msleep, %function
  25              	sys_msleep:
  26              	.LFB7:
  27              		.file 1 "../../ext/lwip-1.4.0/src/core/sys.c"
  28              		.loc 1 55 0
  29              		.cfi_startproc
  30              		@ args = 0, pretend = 0, frame = 8
  31              		@ frame_needed = 0, uses_anonymous_args = 0
  32              	.LVL0:
  33 0000 10B5     		push	{r4, lr}
  34              	.LCFI0:
  35              		.cfi_def_cfa_offset 8
  36              		.cfi_offset 4, -8
  37              		.cfi_offset 14, -4
  38              		.loc 1 56 0
  39 0002 0446     		mov	r4, r0
  40              		.loc 1 55 0
  41 0004 82B0     		sub	sp, sp, #8
  42              	.LCFI1:
  43              		.cfi_def_cfa_offset 16
  44              		.loc 1 56 0
  45 0006 08B9     		cbnz	r0, .L8
  46              	.LVL1:
  47              	.L1:
  48              		.loc 1 64 0
  49 0008 02B0     		add	sp, sp, #8
  50 000a 10BD     		pop	{r4, pc}
  51              	.LVL2:
  52              	.L8:
  53              	.LBB2:
  54              		.loc 1 58 0
  55 000c 01A8     		add	r0, sp, #4
  56              	.LVL3:
  57 000e 0021     		movs	r1, #0
ARM GAS  /var/folders/5n/p_75w94d66l9ssrldxqdhh700000gn/T//cc1UYdCs.s 			page 2


  58 0010 FFF7FEFF 		bl	sys_sem_new
  59              	.LVL4:
  60              		.loc 1 59 0
  61 0014 0028     		cmp	r0, #0
  62 0016 F7D1     		bne	.L1
  63              		.loc 1 60 0
  64 0018 01A8     		add	r0, sp, #4
  65              	.LVL5:
  66 001a 2146     		mov	r1, r4
  67 001c FFF7FEFF 		bl	sys_arch_sem_wait
  68              	.LVL6:
  69              		.loc 1 61 0
  70 0020 01A8     		add	r0, sp, #4
  71 0022 FFF7FEFF 		bl	sys_sem_free
  72              	.LVL7:
  73 0026 EFE7     		b	.L1
  74              	.LBE2:
  75              		.cfi_endproc
  76              	.LFE7:
  77              		.size	sys_msleep, .-sys_msleep
  78 0028 AFF30080 		.text
  78      AFF30080 
  79              	.Letext0:
  80              		.file 2 "/usr/local/cross/lib/gcc/arm-none-eabi/4.7.2/../../../../arm-none-eabi/include/stdint.h"
  81              		.file 3 "../../os/ports/GCC/ARMCMx/chtypes.h"
  82              		.file 4 "../../os/kernel/include/chlists.h"
  83              		.file 5 "../../os/kernel/include/chthreads.h"
  84              		.file 6 "../../os/ports/GCC/ARMCMx/chcore_v7m.h"
  85              		.file 7 "../../os/kernel/include/chsem.h"
  86              		.file 8 "../../os/kernel/include/chmtx.h"
  87              		.file 9 "../../os/various/lwip_bindings/arch/cc.h"
  88              		.file 10 "../../ext/lwip-1.4.0/src/include/lwip/err.h"
  89              		.file 11 "../../os/various/lwip_bindings/arch/sys_arch.h"
  90              		.file 12 "../../ext/lwip-1.4.0/src/include/lwip/sys.h"
  91              		.section	.debug_info,"",%progbits
  92              	.Ldebug_info0:
  93 0000 1C050000 		.4byte	0x51c
  94 0004 0200     		.2byte	0x2
  95 0006 00000000 		.4byte	.Ldebug_abbrev0
  96 000a 04       		.byte	0x4
  97 000b 01       		.uleb128 0x1
  98 000c E3010000 		.4byte	.LASF66
  99 0010 01       		.byte	0x1
 100 0011 89010000 		.4byte	.LASF67
 101 0015 E5000000 		.4byte	.LASF68
 102 0019 00000000 		.4byte	.Ldebug_ranges0+0
 103 001d 00000000 		.4byte	0
 104 0021 00000000 		.4byte	0
 105 0025 00000000 		.4byte	.Ldebug_line0
 106 0029 02       		.uleb128 0x2
 107 002a 04       		.byte	0x4
 108 002b 05       		.byte	0x5
 109 002c 696E7400 		.ascii	"int\000"
 110 0030 03       		.uleb128 0x3
 111 0031 04       		.byte	0x4
 112 0032 07       		.byte	0x7
 113 0033 CD000000 		.4byte	.LASF0
ARM GAS  /var/folders/5n/p_75w94d66l9ssrldxqdhh700000gn/T//cc1UYdCs.s 			page 3


 114 0037 04       		.uleb128 0x4
 115 0038 96020000 		.4byte	.LASF2
 116 003c 02       		.byte	0x2
 117 003d 29       		.byte	0x29
 118 003e 42000000 		.4byte	0x42
 119 0042 03       		.uleb128 0x3
 120 0043 01       		.byte	0x1
 121 0044 06       		.byte	0x6
 122 0045 5C000000 		.4byte	.LASF1
 123 0049 04       		.uleb128 0x4
 124 004a C5020000 		.4byte	.LASF3
 125 004e 02       		.byte	0x2
 126 004f 2A       		.byte	0x2a
 127 0050 54000000 		.4byte	0x54
 128 0054 03       		.uleb128 0x3
 129 0055 01       		.byte	0x1
 130 0056 08       		.byte	0x8
 131 0057 0E020000 		.4byte	.LASF4
 132 005b 03       		.uleb128 0x3
 133 005c 02       		.byte	0x2
 134 005d 05       		.byte	0x5
 135 005e 26020000 		.4byte	.LASF5
 136 0062 03       		.uleb128 0x3
 137 0063 02       		.byte	0x2
 138 0064 07       		.byte	0x7
 139 0065 4A010000 		.4byte	.LASF6
 140 0069 04       		.uleb128 0x4
 141 006a 06020000 		.4byte	.LASF7
 142 006e 02       		.byte	0x2
 143 006f 4F       		.byte	0x4f
 144 0070 74000000 		.4byte	0x74
 145 0074 03       		.uleb128 0x3
 146 0075 04       		.byte	0x4
 147 0076 05       		.byte	0x5
 148 0077 8A000000 		.4byte	.LASF8
 149 007b 04       		.uleb128 0x4
 150 007c 65020000 		.4byte	.LASF9
 151 0080 02       		.byte	0x2
 152 0081 50       		.byte	0x50
 153 0082 86000000 		.4byte	0x86
 154 0086 03       		.uleb128 0x3
 155 0087 04       		.byte	0x4
 156 0088 07       		.byte	0x7
 157 0089 68000000 		.4byte	.LASF10
 158 008d 03       		.uleb128 0x3
 159 008e 08       		.byte	0x8
 160 008f 05       		.byte	0x5
 161 0090 4E000000 		.4byte	.LASF11
 162 0094 03       		.uleb128 0x3
 163 0095 08       		.byte	0x8
 164 0096 07       		.byte	0x7
 165 0097 1D000000 		.4byte	.LASF12
 166 009b 04       		.uleb128 0x4
 167 009c 63010000 		.4byte	.LASF13
 168 00a0 03       		.byte	0x3
 169 00a1 2F       		.byte	0x2f
 170 00a2 49000000 		.4byte	0x49
ARM GAS  /var/folders/5n/p_75w94d66l9ssrldxqdhh700000gn/T//cc1UYdCs.s 			page 4


 171 00a6 04       		.uleb128 0x4
 172 00a7 93000000 		.4byte	.LASF14
 173 00ab 03       		.byte	0x3
 174 00ac 30       		.byte	0x30
 175 00ad 49000000 		.4byte	0x49
 176 00b1 04       		.uleb128 0x4
 177 00b2 EF010000 		.4byte	.LASF15
 178 00b6 03       		.byte	0x3
 179 00b7 31       		.byte	0x31
 180 00b8 49000000 		.4byte	0x49
 181 00bc 04       		.uleb128 0x4
 182 00bd FE010000 		.4byte	.LASF16
 183 00c1 03       		.byte	0x3
 184 00c2 32       		.byte	0x32
 185 00c3 7B000000 		.4byte	0x7b
 186 00c7 04       		.uleb128 0x4
 187 00c8 5D010000 		.4byte	.LASF17
 188 00cc 03       		.byte	0x3
 189 00cd 33       		.byte	0x33
 190 00ce 69000000 		.4byte	0x69
 191 00d2 04       		.uleb128 0x4
 192 00d3 77010000 		.4byte	.LASF18
 193 00d7 03       		.byte	0x3
 194 00d8 35       		.byte	0x35
 195 00d9 7B000000 		.4byte	0x7b
 196 00dd 04       		.uleb128 0x4
 197 00de 7A020000 		.4byte	.LASF19
 198 00e2 03       		.byte	0x3
 199 00e3 36       		.byte	0x36
 200 00e4 7B000000 		.4byte	0x7b
 201 00e8 04       		.uleb128 0x4
 202 00e9 C7000000 		.4byte	.LASF20
 203 00ed 03       		.byte	0x3
 204 00ee 37       		.byte	0x37
 205 00ef 69000000 		.4byte	0x69
 206 00f3 04       		.uleb128 0x4
 207 00f4 4E020000 		.4byte	.LASF21
 208 00f8 04       		.byte	0x4
 209 00f9 2A       		.byte	0x2a
 210 00fa FE000000 		.4byte	0xfe
 211 00fe 05       		.uleb128 0x5
 212 00ff 4E020000 		.4byte	.LASF21
 213 0103 48       		.byte	0x48
 214 0104 05       		.byte	0x5
 215 0105 5E       		.byte	0x5e
 216 0106 15020000 		.4byte	0x215
 217 010a 06       		.uleb128 0x6
 218 010b 3F020000 		.4byte	.LASF22
 219 010f 05       		.byte	0x5
 220 0110 5F       		.byte	0x5f
 221 0111 3A020000 		.4byte	0x23a
 222 0115 02       		.byte	0x2
 223 0116 23       		.byte	0x23
 224 0117 00       		.uleb128 0
 225 0118 06       		.uleb128 0x6
 226 0119 F7010000 		.4byte	.LASF23
 227 011d 05       		.byte	0x5
ARM GAS  /var/folders/5n/p_75w94d66l9ssrldxqdhh700000gn/T//cc1UYdCs.s 			page 5


 228 011e 61       		.byte	0x61
 229 011f 3A020000 		.4byte	0x23a
 230 0123 02       		.byte	0x2
 231 0124 23       		.byte	0x23
 232 0125 04       		.uleb128 0x4
 233 0126 06       		.uleb128 0x6
 234 0127 3D000000 		.4byte	.LASF24
 235 012b 05       		.byte	0x5
 236 012c 63       		.byte	0x63
 237 012d BC000000 		.4byte	0xbc
 238 0131 02       		.byte	0x2
 239 0132 23       		.byte	0x23
 240 0133 08       		.uleb128 0x8
 241 0134 06       		.uleb128 0x6
 242 0135 E3020000 		.4byte	.LASF25
 243 0139 05       		.byte	0x5
 244 013a 64       		.byte	0x64
 245 013b 07030000 		.4byte	0x307
 246 013f 02       		.byte	0x2
 247 0140 23       		.byte	0x23
 248 0141 0C       		.uleb128 0xc
 249 0142 06       		.uleb128 0x6
 250 0143 9C000000 		.4byte	.LASF26
 251 0147 05       		.byte	0x5
 252 0148 66       		.byte	0x66
 253 0149 3A020000 		.4byte	0x23a
 254 014d 02       		.byte	0x2
 255 014e 23       		.byte	0x23
 256 014f 10       		.uleb128 0x10
 257 0150 06       		.uleb128 0x6
 258 0151 CE010000 		.4byte	.LASF27
 259 0155 05       		.byte	0x5
 260 0156 67       		.byte	0x67
 261 0157 3A020000 		.4byte	0x23a
 262 015b 02       		.byte	0x2
 263 015c 23       		.byte	0x23
 264 015d 14       		.uleb128 0x14
 265 015e 06       		.uleb128 0x6
 266 015f D4020000 		.4byte	.LASF28
 267 0163 05       		.byte	0x5
 268 0164 6E       		.byte	0x6e
 269 0165 E7030000 		.4byte	0x3e7
 270 0169 02       		.byte	0x2
 271 016a 23       		.byte	0x23
 272 016b 18       		.uleb128 0x18
 273 016c 06       		.uleb128 0x6
 274 016d 30020000 		.4byte	.LASF29
 275 0171 05       		.byte	0x5
 276 0172 79       		.byte	0x79
 277 0173 A6000000 		.4byte	0xa6
 278 0177 02       		.byte	0x2
 279 0178 23       		.byte	0x23
 280 0179 1C       		.uleb128 0x1c
 281 017a 06       		.uleb128 0x6
 282 017b 46020000 		.4byte	.LASF30
 283 017f 05       		.byte	0x5
 284 0180 7D       		.byte	0x7d
ARM GAS  /var/folders/5n/p_75w94d66l9ssrldxqdhh700000gn/T//cc1UYdCs.s 			page 6


 285 0181 9B000000 		.4byte	0x9b
 286 0185 02       		.byte	0x2
 287 0186 23       		.byte	0x23
 288 0187 1D       		.uleb128 0x1d
 289 0188 06       		.uleb128 0x6
 290 0189 BE020000 		.4byte	.LASF31
 291 018d 05       		.byte	0x5
 292 018e 82       		.byte	0x82
 293 018f B1000000 		.4byte	0xb1
 294 0193 02       		.byte	0x2
 295 0194 23       		.byte	0x23
 296 0195 1E       		.uleb128 0x1e
 297 0196 06       		.uleb128 0x6
 298 0197 8F020000 		.4byte	.LASF32
 299 019b 05       		.byte	0x5
 300 019c 89       		.byte	0x89
 301 019d 31030000 		.4byte	0x331
 302 01a1 02       		.byte	0x2
 303 01a2 23       		.byte	0x23
 304 01a3 20       		.uleb128 0x20
 305 01a4 07       		.uleb128 0x7
 306 01a5 705F7500 		.ascii	"p_u\000"
 307 01a9 05       		.byte	0x5
 308 01aa AE       		.byte	0xae
 309 01ab B2030000 		.4byte	0x3b2
 310 01af 02       		.byte	0x2
 311 01b0 23       		.byte	0x23
 312 01b1 24       		.uleb128 0x24
 313 01b2 06       		.uleb128 0x6
 314 01b3 E9020000 		.4byte	.LASF33
 315 01b7 05       		.byte	0x5
 316 01b8 B3       		.byte	0xb3
 317 01b9 62020000 		.4byte	0x262
 318 01bd 02       		.byte	0x2
 319 01be 23       		.byte	0x23
 320 01bf 28       		.uleb128 0x28
 321 01c0 06       		.uleb128 0x6
 322 01c1 9D020000 		.4byte	.LASF34
 323 01c5 05       		.byte	0x5
 324 01c6 B9       		.byte	0xb9
 325 01c7 40020000 		.4byte	0x240
 326 01cb 02       		.byte	0x2
 327 01cc 23       		.byte	0x23
 328 01cd 2C       		.uleb128 0x2c
 329 01ce 06       		.uleb128 0x6
 330 01cf 07000000 		.4byte	.LASF35
 331 01d3 05       		.byte	0x5
 332 01d4 BD       		.byte	0xbd
 333 01d5 C7000000 		.4byte	0xc7
 334 01d9 02       		.byte	0x2
 335 01da 23       		.byte	0x23
 336 01db 34       		.uleb128 0x34
 337 01dc 06       		.uleb128 0x6
 338 01dd 5A020000 		.4byte	.LASF36
 339 01e1 05       		.byte	0x5
 340 01e2 C3       		.byte	0xc3
 341 01e3 D2000000 		.4byte	0xd2
ARM GAS  /var/folders/5n/p_75w94d66l9ssrldxqdhh700000gn/T//cc1UYdCs.s 			page 7


 342 01e7 02       		.byte	0x2
 343 01e8 23       		.byte	0x23
 344 01e9 38       		.uleb128 0x38
 345 01ea 06       		.uleb128 0x6
 346 01eb 1C020000 		.4byte	.LASF37
 347 01ef 05       		.byte	0x5
 348 01f0 CA       		.byte	0xca
 349 01f1 F9030000 		.4byte	0x3f9
 350 01f5 02       		.byte	0x2
 351 01f6 23       		.byte	0x23
 352 01f7 3C       		.uleb128 0x3c
 353 01f8 06       		.uleb128 0x6
 354 01f9 84020000 		.4byte	.LASF38
 355 01fd 05       		.byte	0x5
 356 01fe CE       		.byte	0xce
 357 01ff BC000000 		.4byte	0xbc
 358 0203 02       		.byte	0x2
 359 0204 23       		.byte	0x23
 360 0205 40       		.uleb128 0x40
 361 0206 06       		.uleb128 0x6
 362 0207 7A000000 		.4byte	.LASF39
 363 020b 05       		.byte	0x5
 364 020c D4       		.byte	0xd4
 365 020d 78020000 		.4byte	0x278
 366 0211 02       		.byte	0x2
 367 0212 23       		.byte	0x23
 368 0213 44       		.uleb128 0x44
 369 0214 00       		.byte	0
 370 0215 08       		.uleb128 0x8
 371 0216 08       		.byte	0x8
 372 0217 04       		.byte	0x4
 373 0218 61       		.byte	0x61
 374 0219 3A020000 		.4byte	0x23a
 375 021d 06       		.uleb128 0x6
 376 021e 3F020000 		.4byte	.LASF22
 377 0222 04       		.byte	0x4
 378 0223 62       		.byte	0x62
 379 0224 3A020000 		.4byte	0x23a
 380 0228 02       		.byte	0x2
 381 0229 23       		.byte	0x23
 382 022a 00       		.uleb128 0
 383 022b 06       		.uleb128 0x6
 384 022c F7010000 		.4byte	.LASF23
 385 0230 04       		.byte	0x4
 386 0231 64       		.byte	0x64
 387 0232 3A020000 		.4byte	0x23a
 388 0236 02       		.byte	0x2
 389 0237 23       		.byte	0x23
 390 0238 04       		.uleb128 0x4
 391 0239 00       		.byte	0
 392 023a 09       		.uleb128 0x9
 393 023b 04       		.byte	0x4
 394 023c F3000000 		.4byte	0xf3
 395 0240 04       		.uleb128 0x4
 396 0241 D6010000 		.4byte	.LASF40
 397 0245 04       		.byte	0x4
 398 0246 66       		.byte	0x66
ARM GAS  /var/folders/5n/p_75w94d66l9ssrldxqdhh700000gn/T//cc1UYdCs.s 			page 8


 399 0247 15020000 		.4byte	0x215
 400 024b 08       		.uleb128 0x8
 401 024c 04       		.byte	0x4
 402 024d 04       		.byte	0x4
 403 024e 6B       		.byte	0x6b
 404 024f 62020000 		.4byte	0x262
 405 0253 06       		.uleb128 0x6
 406 0254 3F020000 		.4byte	.LASF22
 407 0258 04       		.byte	0x4
 408 0259 6D       		.byte	0x6d
 409 025a 3A020000 		.4byte	0x23a
 410 025e 02       		.byte	0x2
 411 025f 23       		.byte	0x23
 412 0260 00       		.uleb128 0
 413 0261 00       		.byte	0
 414 0262 04       		.uleb128 0x4
 415 0263 6B010000 		.4byte	.LASF41
 416 0267 04       		.byte	0x4
 417 0268 70       		.byte	0x70
 418 0269 4B020000 		.4byte	0x24b
 419 026d 04       		.uleb128 0x4
 420 026e BE000000 		.4byte	.LASF42
 421 0272 06       		.byte	0x6
 422 0273 D7       		.byte	0xd7
 423 0274 78020000 		.4byte	0x278
 424 0278 0A       		.uleb128 0xa
 425 0279 04       		.byte	0x4
 426 027a 05       		.uleb128 0x5
 427 027b 00000000 		.4byte	.LASF43
 428 027f 24       		.byte	0x24
 429 0280 06       		.byte	0x6
 430 0281 FE       		.byte	0xfe
 431 0282 07030000 		.4byte	0x307
 432 0286 0B       		.uleb128 0xb
 433 0287 723400   		.ascii	"r4\000"
 434 028a 06       		.byte	0x6
 435 028b 1101     		.2byte	0x111
 436 028d 6D020000 		.4byte	0x26d
 437 0291 02       		.byte	0x2
 438 0292 23       		.byte	0x23
 439 0293 00       		.uleb128 0
 440 0294 0B       		.uleb128 0xb
 441 0295 723500   		.ascii	"r5\000"
 442 0298 06       		.byte	0x6
 443 0299 1201     		.2byte	0x112
 444 029b 6D020000 		.4byte	0x26d
 445 029f 02       		.byte	0x2
 446 02a0 23       		.byte	0x23
 447 02a1 04       		.uleb128 0x4
 448 02a2 0B       		.uleb128 0xb
 449 02a3 723600   		.ascii	"r6\000"
 450 02a6 06       		.byte	0x6
 451 02a7 1301     		.2byte	0x113
 452 02a9 6D020000 		.4byte	0x26d
 453 02ad 02       		.byte	0x2
 454 02ae 23       		.byte	0x23
 455 02af 08       		.uleb128 0x8
ARM GAS  /var/folders/5n/p_75w94d66l9ssrldxqdhh700000gn/T//cc1UYdCs.s 			page 9


 456 02b0 0B       		.uleb128 0xb
 457 02b1 723700   		.ascii	"r7\000"
 458 02b4 06       		.byte	0x6
 459 02b5 1401     		.2byte	0x114
 460 02b7 6D020000 		.4byte	0x26d
 461 02bb 02       		.byte	0x2
 462 02bc 23       		.byte	0x23
 463 02bd 0C       		.uleb128 0xc
 464 02be 0B       		.uleb128 0xb
 465 02bf 723800   		.ascii	"r8\000"
 466 02c2 06       		.byte	0x6
 467 02c3 1501     		.2byte	0x115
 468 02c5 6D020000 		.4byte	0x26d
 469 02c9 02       		.byte	0x2
 470 02ca 23       		.byte	0x23
 471 02cb 10       		.uleb128 0x10
 472 02cc 0B       		.uleb128 0xb
 473 02cd 723900   		.ascii	"r9\000"
 474 02d0 06       		.byte	0x6
 475 02d1 1601     		.2byte	0x116
 476 02d3 6D020000 		.4byte	0x26d
 477 02d7 02       		.byte	0x2
 478 02d8 23       		.byte	0x23
 479 02d9 14       		.uleb128 0x14
 480 02da 0B       		.uleb128 0xb
 481 02db 72313000 		.ascii	"r10\000"
 482 02df 06       		.byte	0x6
 483 02e0 1701     		.2byte	0x117
 484 02e2 6D020000 		.4byte	0x26d
 485 02e6 02       		.byte	0x2
 486 02e7 23       		.byte	0x23
 487 02e8 18       		.uleb128 0x18
 488 02e9 0B       		.uleb128 0xb
 489 02ea 72313100 		.ascii	"r11\000"
 490 02ee 06       		.byte	0x6
 491 02ef 1801     		.2byte	0x118
 492 02f1 6D020000 		.4byte	0x26d
 493 02f5 02       		.byte	0x2
 494 02f6 23       		.byte	0x23
 495 02f7 1C       		.uleb128 0x1c
 496 02f8 0B       		.uleb128 0xb
 497 02f9 6C7200   		.ascii	"lr\000"
 498 02fc 06       		.byte	0x6
 499 02fd 1901     		.2byte	0x119
 500 02ff 6D020000 		.4byte	0x26d
 501 0303 02       		.byte	0x2
 502 0304 23       		.byte	0x23
 503 0305 20       		.uleb128 0x20
 504 0306 00       		.byte	0
 505 0307 0C       		.uleb128 0xc
 506 0308 42010000 		.4byte	.LASF44
 507 030c 04       		.byte	0x4
 508 030d 06       		.byte	0x6
 509 030e 2301     		.2byte	0x123
 510 0310 24030000 		.4byte	0x324
 511 0314 0B       		.uleb128 0xb
 512 0315 72313300 		.ascii	"r13\000"
ARM GAS  /var/folders/5n/p_75w94d66l9ssrldxqdhh700000gn/T//cc1UYdCs.s 			page 10


 513 0319 06       		.byte	0x6
 514 031a 2401     		.2byte	0x124
 515 031c 24030000 		.4byte	0x324
 516 0320 02       		.byte	0x2
 517 0321 23       		.byte	0x23
 518 0322 00       		.uleb128 0
 519 0323 00       		.byte	0
 520 0324 09       		.uleb128 0x9
 521 0325 04       		.byte	0x4
 522 0326 7A020000 		.4byte	0x27a
 523 032a 03       		.uleb128 0x3
 524 032b 04       		.byte	0x4
 525 032c 07       		.byte	0x7
 526 032d C5010000 		.4byte	.LASF45
 527 0331 0D       		.uleb128 0xd
 528 0332 DD000000 		.4byte	0xdd
 529 0336 05       		.uleb128 0x5
 530 0337 A8020000 		.4byte	.LASF46
 531 033b 0C       		.byte	0xc
 532 033c 07       		.byte	0x7
 533 033d 2C       		.byte	0x2c
 534 033e 5F030000 		.4byte	0x35f
 535 0342 06       		.uleb128 0x6
 536 0343 A4000000 		.4byte	.LASF47
 537 0347 07       		.byte	0x7
 538 0348 2D       		.byte	0x2d
 539 0349 40020000 		.4byte	0x240
 540 034d 02       		.byte	0x2
 541 034e 23       		.byte	0x23
 542 034f 00       		.uleb128 0
 543 0350 06       		.uleb128 0x6
 544 0351 3C010000 		.4byte	.LASF48
 545 0355 07       		.byte	0x7
 546 0356 2F       		.byte	0x2f
 547 0357 E8000000 		.4byte	0xe8
 548 035b 02       		.byte	0x2
 549 035c 23       		.byte	0x23
 550 035d 08       		.uleb128 0x8
 551 035e 00       		.byte	0
 552 035f 04       		.uleb128 0x4
 553 0360 A8020000 		.4byte	.LASF46
 554 0364 07       		.byte	0x7
 555 0365 30       		.byte	0x30
 556 0366 36030000 		.4byte	0x336
 557 036a 05       		.uleb128 0x5
 558 036b 83010000 		.4byte	.LASF49
 559 036f 10       		.byte	0x10
 560 0370 08       		.byte	0x8
 561 0371 2C       		.byte	0x2c
 562 0372 A1030000 		.4byte	0x3a1
 563 0376 06       		.uleb128 0x6
 564 0377 82000000 		.4byte	.LASF50
 565 037b 08       		.byte	0x8
 566 037c 2D       		.byte	0x2d
 567 037d 40020000 		.4byte	0x240
 568 0381 02       		.byte	0x2
 569 0382 23       		.byte	0x23
ARM GAS  /var/folders/5n/p_75w94d66l9ssrldxqdhh700000gn/T//cc1UYdCs.s 			page 11


 570 0383 00       		.uleb128 0
 571 0384 06       		.uleb128 0x6
 572 0385 DB020000 		.4byte	.LASF51
 573 0389 08       		.byte	0x8
 574 038a 2F       		.byte	0x2f
 575 038b 3A020000 		.4byte	0x23a
 576 038f 02       		.byte	0x2
 577 0390 23       		.byte	0x23
 578 0391 08       		.uleb128 0x8
 579 0392 06       		.uleb128 0x6
 580 0393 73020000 		.4byte	.LASF52
 581 0397 08       		.byte	0x8
 582 0398 31       		.byte	0x31
 583 0399 A1030000 		.4byte	0x3a1
 584 039d 02       		.byte	0x2
 585 039e 23       		.byte	0x23
 586 039f 0C       		.uleb128 0xc
 587 03a0 00       		.byte	0
 588 03a1 09       		.uleb128 0x9
 589 03a2 04       		.byte	0x4
 590 03a3 6A030000 		.4byte	0x36a
 591 03a7 04       		.uleb128 0x4
 592 03a8 83010000 		.4byte	.LASF49
 593 03ac 08       		.byte	0x8
 594 03ad 33       		.byte	0x33
 595 03ae 6A030000 		.4byte	0x36a
 596 03b2 0E       		.uleb128 0xe
 597 03b3 04       		.byte	0x4
 598 03b4 05       		.byte	0x5
 599 03b5 90       		.byte	0x90
 600 03b6 E7030000 		.4byte	0x3e7
 601 03ba 0F       		.uleb128 0xf
 602 03bb 0D000000 		.4byte	.LASF53
 603 03bf 05       		.byte	0x5
 604 03c0 97       		.byte	0x97
 605 03c1 C7000000 		.4byte	0xc7
 606 03c5 0F       		.uleb128 0xf
 607 03c6 34000000 		.4byte	.LASF54
 608 03ca 05       		.byte	0x5
 609 03cb 9E       		.byte	0x9e
 610 03cc C7000000 		.4byte	0xc7
 611 03d0 0F       		.uleb128 0xf
 612 03d1 CD020000 		.4byte	.LASF55
 613 03d5 05       		.byte	0x5
 614 03d6 A5       		.byte	0xa5
 615 03d7 78020000 		.4byte	0x278
 616 03db 0F       		.uleb128 0xf
 617 03dc 38020000 		.4byte	.LASF56
 618 03e0 05       		.byte	0x5
 619 03e1 AC       		.byte	0xac
 620 03e2 D2000000 		.4byte	0xd2
 621 03e6 00       		.byte	0
 622 03e7 09       		.uleb128 0x9
 623 03e8 04       		.byte	0x4
 624 03e9 ED030000 		.4byte	0x3ed
 625 03ed 10       		.uleb128 0x10
 626 03ee F2030000 		.4byte	0x3f2
ARM GAS  /var/folders/5n/p_75w94d66l9ssrldxqdhh700000gn/T//cc1UYdCs.s 			page 12


 627 03f2 03       		.uleb128 0x3
 628 03f3 01       		.byte	0x1
 629 03f4 08       		.byte	0x8
 630 03f5 6E020000 		.4byte	.LASF57
 631 03f9 09       		.uleb128 0x9
 632 03fa 04       		.byte	0x4
 633 03fb A7030000 		.4byte	0x3a7
 634 03ff 04       		.uleb128 0x4
 635 0400 C0010000 		.4byte	.LASF58
 636 0404 09       		.byte	0x9
 637 0405 43       		.byte	0x43
 638 0406 49000000 		.4byte	0x49
 639 040a 04       		.uleb128 0x4
 640 040b 55020000 		.4byte	.LASF59
 641 040f 09       		.byte	0x9
 642 0410 44       		.byte	0x44
 643 0411 37000000 		.4byte	0x37
 644 0415 04       		.uleb128 0x4
 645 0416 36010000 		.4byte	.LASF60
 646 041a 09       		.byte	0x9
 647 041b 47       		.byte	0x47
 648 041c 7B000000 		.4byte	0x7b
 649 0420 04       		.uleb128 0x4
 650 0421 BA010000 		.4byte	.LASF61
 651 0425 0A       		.byte	0xa
 652 0426 2F       		.byte	0x2f
 653 0427 0A040000 		.4byte	0x40a
 654 042b 04       		.uleb128 0x4
 655 042c 44000000 		.4byte	.LASF62
 656 0430 0B       		.byte	0xb
 657 0431 43       		.byte	0x43
 658 0432 36040000 		.4byte	0x436
 659 0436 09       		.uleb128 0x9
 660 0437 04       		.byte	0x4
 661 0438 5F030000 		.4byte	0x35f
 662 043c 11       		.uleb128 0x11
 663 043d 01       		.byte	0x1
 664 043e DA000000 		.4byte	.LASF69
 665 0442 01       		.byte	0x1
 666 0443 36       		.byte	0x36
 667 0444 01       		.byte	0x1
 668 0445 00000000 		.4byte	.LFB7
 669 0449 28000000 		.4byte	.LFE7
 670 044d 00000000 		.4byte	.LLST0
 671 0451 01       		.byte	0x1
 672 0452 CF040000 		.4byte	0x4cf
 673 0456 12       		.uleb128 0x12
 674 0457 6D7300   		.ascii	"ms\000"
 675 045a 01       		.byte	0x1
 676 045b 36       		.byte	0x36
 677 045c 15040000 		.4byte	0x415
 678 0460 2C000000 		.4byte	.LLST1
 679 0464 13       		.uleb128 0x13
 680 0465 0C000000 		.4byte	.LBB2
 681 0469 28000000 		.4byte	.LBE2
 682 046d 14       		.uleb128 0x14
 683 046e 14000000 		.4byte	.LASF63
ARM GAS  /var/folders/5n/p_75w94d66l9ssrldxqdhh700000gn/T//cc1UYdCs.s 			page 13


 684 0472 01       		.byte	0x1
 685 0473 39       		.byte	0x39
 686 0474 2B040000 		.4byte	0x42b
 687 0478 02       		.byte	0x2
 688 0479 91       		.byte	0x91
 689 047a 74       		.sleb128 -12
 690 047b 15       		.uleb128 0x15
 691 047c 65727200 		.ascii	"err\000"
 692 0480 01       		.byte	0x1
 693 0481 3A       		.byte	0x3a
 694 0482 20040000 		.4byte	0x420
 695 0486 60000000 		.4byte	.LLST2
 696 048a 16       		.uleb128 0x16
 697 048b 14000000 		.4byte	.LVL4
 698 048f CF040000 		.4byte	0x4cf
 699 0493 A3040000 		.4byte	0x4a3
 700 0497 17       		.uleb128 0x17
 701 0498 01       		.byte	0x1
 702 0499 51       		.byte	0x51
 703 049a 01       		.byte	0x1
 704 049b 30       		.byte	0x30
 705 049c 17       		.uleb128 0x17
 706 049d 01       		.byte	0x1
 707 049e 50       		.byte	0x50
 708 049f 02       		.byte	0x2
 709 04a0 91       		.byte	0x91
 710 04a1 74       		.sleb128 -12
 711 04a2 00       		.byte	0
 712 04a3 16       		.uleb128 0x16
 713 04a4 20000000 		.4byte	.LVL6
 714 04a8 F2040000 		.4byte	0x4f2
 715 04ac BD040000 		.4byte	0x4bd
 716 04b0 17       		.uleb128 0x17
 717 04b1 01       		.byte	0x1
 718 04b2 51       		.byte	0x51
 719 04b3 02       		.byte	0x2
 720 04b4 74       		.byte	0x74
 721 04b5 00       		.sleb128 0
 722 04b6 17       		.uleb128 0x17
 723 04b7 01       		.byte	0x1
 724 04b8 50       		.byte	0x50
 725 04b9 02       		.byte	0x2
 726 04ba 91       		.byte	0x91
 727 04bb 74       		.sleb128 -12
 728 04bc 00       		.byte	0
 729 04bd 18       		.uleb128 0x18
 730 04be 26000000 		.4byte	.LVL7
 731 04c2 0F050000 		.4byte	0x50f
 732 04c6 17       		.uleb128 0x17
 733 04c7 01       		.byte	0x1
 734 04c8 50       		.byte	0x50
 735 04c9 02       		.byte	0x2
 736 04ca 91       		.byte	0x91
 737 04cb 74       		.sleb128 -12
 738 04cc 00       		.byte	0
 739 04cd 00       		.byte	0
 740 04ce 00       		.byte	0
ARM GAS  /var/folders/5n/p_75w94d66l9ssrldxqdhh700000gn/T//cc1UYdCs.s 			page 14


 741 04cf 19       		.uleb128 0x19
 742 04d0 01       		.byte	0x1
 743 04d1 B2020000 		.4byte	.LASF64
 744 04d5 0C       		.byte	0xc
 745 04d6 85       		.byte	0x85
 746 04d7 01       		.byte	0x1
 747 04d8 20040000 		.4byte	0x420
 748 04dc 01       		.byte	0x1
 749 04dd EC040000 		.4byte	0x4ec
 750 04e1 1A       		.uleb128 0x1a
 751 04e2 EC040000 		.4byte	0x4ec
 752 04e6 1A       		.uleb128 0x1a
 753 04e7 FF030000 		.4byte	0x3ff
 754 04eb 00       		.byte	0
 755 04ec 09       		.uleb128 0x9
 756 04ed 04       		.byte	0x4
 757 04ee 2B040000 		.4byte	0x42b
 758 04f2 19       		.uleb128 0x19
 759 04f3 01       		.byte	0x1
 760 04f4 AC000000 		.4byte	.LASF65
 761 04f8 0C       		.byte	0xc
 762 04f9 8E       		.byte	0x8e
 763 04fa 01       		.byte	0x1
 764 04fb 15040000 		.4byte	0x415
 765 04ff 01       		.byte	0x1
 766 0500 0F050000 		.4byte	0x50f
 767 0504 1A       		.uleb128 0x1a
 768 0505 EC040000 		.4byte	0x4ec
 769 0509 1A       		.uleb128 0x1a
 770 050a 15040000 		.4byte	0x415
 771 050e 00       		.byte	0
 772 050f 1B       		.uleb128 0x1b
 773 0510 01       		.byte	0x1
 774 0511 AD010000 		.4byte	.LASF70
 775 0515 0C       		.byte	0xc
 776 0516 91       		.byte	0x91
 777 0517 01       		.byte	0x1
 778 0518 01       		.byte	0x1
 779 0519 1A       		.uleb128 0x1a
 780 051a EC040000 		.4byte	0x4ec
 781 051e 00       		.byte	0
 782 051f 00       		.byte	0
 783              		.section	.debug_abbrev,"",%progbits
 784              	.Ldebug_abbrev0:
 785 0000 01       		.uleb128 0x1
 786 0001 11       		.uleb128 0x11
 787 0002 01       		.byte	0x1
 788 0003 25       		.uleb128 0x25
 789 0004 0E       		.uleb128 0xe
 790 0005 13       		.uleb128 0x13
 791 0006 0B       		.uleb128 0xb
 792 0007 03       		.uleb128 0x3
 793 0008 0E       		.uleb128 0xe
 794 0009 1B       		.uleb128 0x1b
 795 000a 0E       		.uleb128 0xe
 796 000b 55       		.uleb128 0x55
 797 000c 06       		.uleb128 0x6
ARM GAS  /var/folders/5n/p_75w94d66l9ssrldxqdhh700000gn/T//cc1UYdCs.s 			page 15


 798 000d 11       		.uleb128 0x11
 799 000e 01       		.uleb128 0x1
 800 000f 52       		.uleb128 0x52
 801 0010 01       		.uleb128 0x1
 802 0011 10       		.uleb128 0x10
 803 0012 06       		.uleb128 0x6
 804 0013 00       		.byte	0
 805 0014 00       		.byte	0
 806 0015 02       		.uleb128 0x2
 807 0016 24       		.uleb128 0x24
 808 0017 00       		.byte	0
 809 0018 0B       		.uleb128 0xb
 810 0019 0B       		.uleb128 0xb
 811 001a 3E       		.uleb128 0x3e
 812 001b 0B       		.uleb128 0xb
 813 001c 03       		.uleb128 0x3
 814 001d 08       		.uleb128 0x8
 815 001e 00       		.byte	0
 816 001f 00       		.byte	0
 817 0020 03       		.uleb128 0x3
 818 0021 24       		.uleb128 0x24
 819 0022 00       		.byte	0
 820 0023 0B       		.uleb128 0xb
 821 0024 0B       		.uleb128 0xb
 822 0025 3E       		.uleb128 0x3e
 823 0026 0B       		.uleb128 0xb
 824 0027 03       		.uleb128 0x3
 825 0028 0E       		.uleb128 0xe
 826 0029 00       		.byte	0
 827 002a 00       		.byte	0
 828 002b 04       		.uleb128 0x4
 829 002c 16       		.uleb128 0x16
 830 002d 00       		.byte	0
 831 002e 03       		.uleb128 0x3
 832 002f 0E       		.uleb128 0xe
 833 0030 3A       		.uleb128 0x3a
 834 0031 0B       		.uleb128 0xb
 835 0032 3B       		.uleb128 0x3b
 836 0033 0B       		.uleb128 0xb
 837 0034 49       		.uleb128 0x49
 838 0035 13       		.uleb128 0x13
 839 0036 00       		.byte	0
 840 0037 00       		.byte	0
 841 0038 05       		.uleb128 0x5
 842 0039 13       		.uleb128 0x13
 843 003a 01       		.byte	0x1
 844 003b 03       		.uleb128 0x3
 845 003c 0E       		.uleb128 0xe
 846 003d 0B       		.uleb128 0xb
 847 003e 0B       		.uleb128 0xb
 848 003f 3A       		.uleb128 0x3a
 849 0040 0B       		.uleb128 0xb
 850 0041 3B       		.uleb128 0x3b
 851 0042 0B       		.uleb128 0xb
 852 0043 01       		.uleb128 0x1
 853 0044 13       		.uleb128 0x13
 854 0045 00       		.byte	0
ARM GAS  /var/folders/5n/p_75w94d66l9ssrldxqdhh700000gn/T//cc1UYdCs.s 			page 16


 855 0046 00       		.byte	0
 856 0047 06       		.uleb128 0x6
 857 0048 0D       		.uleb128 0xd
 858 0049 00       		.byte	0
 859 004a 03       		.uleb128 0x3
 860 004b 0E       		.uleb128 0xe
 861 004c 3A       		.uleb128 0x3a
 862 004d 0B       		.uleb128 0xb
 863 004e 3B       		.uleb128 0x3b
 864 004f 0B       		.uleb128 0xb
 865 0050 49       		.uleb128 0x49
 866 0051 13       		.uleb128 0x13
 867 0052 38       		.uleb128 0x38
 868 0053 0A       		.uleb128 0xa
 869 0054 00       		.byte	0
 870 0055 00       		.byte	0
 871 0056 07       		.uleb128 0x7
 872 0057 0D       		.uleb128 0xd
 873 0058 00       		.byte	0
 874 0059 03       		.uleb128 0x3
 875 005a 08       		.uleb128 0x8
 876 005b 3A       		.uleb128 0x3a
 877 005c 0B       		.uleb128 0xb
 878 005d 3B       		.uleb128 0x3b
 879 005e 0B       		.uleb128 0xb
 880 005f 49       		.uleb128 0x49
 881 0060 13       		.uleb128 0x13
 882 0061 38       		.uleb128 0x38
 883 0062 0A       		.uleb128 0xa
 884 0063 00       		.byte	0
 885 0064 00       		.byte	0
 886 0065 08       		.uleb128 0x8
 887 0066 13       		.uleb128 0x13
 888 0067 01       		.byte	0x1
 889 0068 0B       		.uleb128 0xb
 890 0069 0B       		.uleb128 0xb
 891 006a 3A       		.uleb128 0x3a
 892 006b 0B       		.uleb128 0xb
 893 006c 3B       		.uleb128 0x3b
 894 006d 0B       		.uleb128 0xb
 895 006e 01       		.uleb128 0x1
 896 006f 13       		.uleb128 0x13
 897 0070 00       		.byte	0
 898 0071 00       		.byte	0
 899 0072 09       		.uleb128 0x9
 900 0073 0F       		.uleb128 0xf
 901 0074 00       		.byte	0
 902 0075 0B       		.uleb128 0xb
 903 0076 0B       		.uleb128 0xb
 904 0077 49       		.uleb128 0x49
 905 0078 13       		.uleb128 0x13
 906 0079 00       		.byte	0
 907 007a 00       		.byte	0
 908 007b 0A       		.uleb128 0xa
 909 007c 0F       		.uleb128 0xf
 910 007d 00       		.byte	0
 911 007e 0B       		.uleb128 0xb
ARM GAS  /var/folders/5n/p_75w94d66l9ssrldxqdhh700000gn/T//cc1UYdCs.s 			page 17


 912 007f 0B       		.uleb128 0xb
 913 0080 00       		.byte	0
 914 0081 00       		.byte	0
 915 0082 0B       		.uleb128 0xb
 916 0083 0D       		.uleb128 0xd
 917 0084 00       		.byte	0
 918 0085 03       		.uleb128 0x3
 919 0086 08       		.uleb128 0x8
 920 0087 3A       		.uleb128 0x3a
 921 0088 0B       		.uleb128 0xb
 922 0089 3B       		.uleb128 0x3b
 923 008a 05       		.uleb128 0x5
 924 008b 49       		.uleb128 0x49
 925 008c 13       		.uleb128 0x13
 926 008d 38       		.uleb128 0x38
 927 008e 0A       		.uleb128 0xa
 928 008f 00       		.byte	0
 929 0090 00       		.byte	0
 930 0091 0C       		.uleb128 0xc
 931 0092 13       		.uleb128 0x13
 932 0093 01       		.byte	0x1
 933 0094 03       		.uleb128 0x3
 934 0095 0E       		.uleb128 0xe
 935 0096 0B       		.uleb128 0xb
 936 0097 0B       		.uleb128 0xb
 937 0098 3A       		.uleb128 0x3a
 938 0099 0B       		.uleb128 0xb
 939 009a 3B       		.uleb128 0x3b
 940 009b 05       		.uleb128 0x5
 941 009c 01       		.uleb128 0x1
 942 009d 13       		.uleb128 0x13
 943 009e 00       		.byte	0
 944 009f 00       		.byte	0
 945 00a0 0D       		.uleb128 0xd
 946 00a1 35       		.uleb128 0x35
 947 00a2 00       		.byte	0
 948 00a3 49       		.uleb128 0x49
 949 00a4 13       		.uleb128 0x13
 950 00a5 00       		.byte	0
 951 00a6 00       		.byte	0
 952 00a7 0E       		.uleb128 0xe
 953 00a8 17       		.uleb128 0x17
 954 00a9 01       		.byte	0x1
 955 00aa 0B       		.uleb128 0xb
 956 00ab 0B       		.uleb128 0xb
 957 00ac 3A       		.uleb128 0x3a
 958 00ad 0B       		.uleb128 0xb
 959 00ae 3B       		.uleb128 0x3b
 960 00af 0B       		.uleb128 0xb
 961 00b0 01       		.uleb128 0x1
 962 00b1 13       		.uleb128 0x13
 963 00b2 00       		.byte	0
 964 00b3 00       		.byte	0
 965 00b4 0F       		.uleb128 0xf
 966 00b5 0D       		.uleb128 0xd
 967 00b6 00       		.byte	0
 968 00b7 03       		.uleb128 0x3
ARM GAS  /var/folders/5n/p_75w94d66l9ssrldxqdhh700000gn/T//cc1UYdCs.s 			page 18


 969 00b8 0E       		.uleb128 0xe
 970 00b9 3A       		.uleb128 0x3a
 971 00ba 0B       		.uleb128 0xb
 972 00bb 3B       		.uleb128 0x3b
 973 00bc 0B       		.uleb128 0xb
 974 00bd 49       		.uleb128 0x49
 975 00be 13       		.uleb128 0x13
 976 00bf 00       		.byte	0
 977 00c0 00       		.byte	0
 978 00c1 10       		.uleb128 0x10
 979 00c2 26       		.uleb128 0x26
 980 00c3 00       		.byte	0
 981 00c4 49       		.uleb128 0x49
 982 00c5 13       		.uleb128 0x13
 983 00c6 00       		.byte	0
 984 00c7 00       		.byte	0
 985 00c8 11       		.uleb128 0x11
 986 00c9 2E       		.uleb128 0x2e
 987 00ca 01       		.byte	0x1
 988 00cb 3F       		.uleb128 0x3f
 989 00cc 0C       		.uleb128 0xc
 990 00cd 03       		.uleb128 0x3
 991 00ce 0E       		.uleb128 0xe
 992 00cf 3A       		.uleb128 0x3a
 993 00d0 0B       		.uleb128 0xb
 994 00d1 3B       		.uleb128 0x3b
 995 00d2 0B       		.uleb128 0xb
 996 00d3 27       		.uleb128 0x27
 997 00d4 0C       		.uleb128 0xc
 998 00d5 11       		.uleb128 0x11
 999 00d6 01       		.uleb128 0x1
 1000 00d7 12       		.uleb128 0x12
 1001 00d8 01       		.uleb128 0x1
 1002 00d9 40       		.uleb128 0x40
 1003 00da 06       		.uleb128 0x6
 1004 00db 9742     		.uleb128 0x2117
 1005 00dd 0C       		.uleb128 0xc
 1006 00de 01       		.uleb128 0x1
 1007 00df 13       		.uleb128 0x13
 1008 00e0 00       		.byte	0
 1009 00e1 00       		.byte	0
 1010 00e2 12       		.uleb128 0x12
 1011 00e3 05       		.uleb128 0x5
 1012 00e4 00       		.byte	0
 1013 00e5 03       		.uleb128 0x3
 1014 00e6 08       		.uleb128 0x8
 1015 00e7 3A       		.uleb128 0x3a
 1016 00e8 0B       		.uleb128 0xb
 1017 00e9 3B       		.uleb128 0x3b
 1018 00ea 0B       		.uleb128 0xb
 1019 00eb 49       		.uleb128 0x49
 1020 00ec 13       		.uleb128 0x13
 1021 00ed 02       		.uleb128 0x2
 1022 00ee 06       		.uleb128 0x6
 1023 00ef 00       		.byte	0
 1024 00f0 00       		.byte	0
 1025 00f1 13       		.uleb128 0x13
ARM GAS  /var/folders/5n/p_75w94d66l9ssrldxqdhh700000gn/T//cc1UYdCs.s 			page 19


 1026 00f2 0B       		.uleb128 0xb
 1027 00f3 01       		.byte	0x1
 1028 00f4 11       		.uleb128 0x11
 1029 00f5 01       		.uleb128 0x1
 1030 00f6 12       		.uleb128 0x12
 1031 00f7 01       		.uleb128 0x1
 1032 00f8 00       		.byte	0
 1033 00f9 00       		.byte	0
 1034 00fa 14       		.uleb128 0x14
 1035 00fb 34       		.uleb128 0x34
 1036 00fc 00       		.byte	0
 1037 00fd 03       		.uleb128 0x3
 1038 00fe 0E       		.uleb128 0xe
 1039 00ff 3A       		.uleb128 0x3a
 1040 0100 0B       		.uleb128 0xb
 1041 0101 3B       		.uleb128 0x3b
 1042 0102 0B       		.uleb128 0xb
 1043 0103 49       		.uleb128 0x49
 1044 0104 13       		.uleb128 0x13
 1045 0105 02       		.uleb128 0x2
 1046 0106 0A       		.uleb128 0xa
 1047 0107 00       		.byte	0
 1048 0108 00       		.byte	0
 1049 0109 15       		.uleb128 0x15
 1050 010a 34       		.uleb128 0x34
 1051 010b 00       		.byte	0
 1052 010c 03       		.uleb128 0x3
 1053 010d 08       		.uleb128 0x8
 1054 010e 3A       		.uleb128 0x3a
 1055 010f 0B       		.uleb128 0xb
 1056 0110 3B       		.uleb128 0x3b
 1057 0111 0B       		.uleb128 0xb
 1058 0112 49       		.uleb128 0x49
 1059 0113 13       		.uleb128 0x13
 1060 0114 02       		.uleb128 0x2
 1061 0115 06       		.uleb128 0x6
 1062 0116 00       		.byte	0
 1063 0117 00       		.byte	0
 1064 0118 16       		.uleb128 0x16
 1065 0119 898201   		.uleb128 0x4109
 1066 011c 01       		.byte	0x1
 1067 011d 11       		.uleb128 0x11
 1068 011e 01       		.uleb128 0x1
 1069 011f 31       		.uleb128 0x31
 1070 0120 13       		.uleb128 0x13
 1071 0121 01       		.uleb128 0x1
 1072 0122 13       		.uleb128 0x13
 1073 0123 00       		.byte	0
 1074 0124 00       		.byte	0
 1075 0125 17       		.uleb128 0x17
 1076 0126 8A8201   		.uleb128 0x410a
 1077 0129 00       		.byte	0
 1078 012a 02       		.uleb128 0x2
 1079 012b 0A       		.uleb128 0xa
 1080 012c 9142     		.uleb128 0x2111
 1081 012e 0A       		.uleb128 0xa
 1082 012f 00       		.byte	0
ARM GAS  /var/folders/5n/p_75w94d66l9ssrldxqdhh700000gn/T//cc1UYdCs.s 			page 20


 1083 0130 00       		.byte	0
 1084 0131 18       		.uleb128 0x18
 1085 0132 898201   		.uleb128 0x4109
 1086 0135 01       		.byte	0x1
 1087 0136 11       		.uleb128 0x11
 1088 0137 01       		.uleb128 0x1
 1089 0138 31       		.uleb128 0x31
 1090 0139 13       		.uleb128 0x13
 1091 013a 00       		.byte	0
 1092 013b 00       		.byte	0
 1093 013c 19       		.uleb128 0x19
 1094 013d 2E       		.uleb128 0x2e
 1095 013e 01       		.byte	0x1
 1096 013f 3F       		.uleb128 0x3f
 1097 0140 0C       		.uleb128 0xc
 1098 0141 03       		.uleb128 0x3
 1099 0142 0E       		.uleb128 0xe
 1100 0143 3A       		.uleb128 0x3a
 1101 0144 0B       		.uleb128 0xb
 1102 0145 3B       		.uleb128 0x3b
 1103 0146 0B       		.uleb128 0xb
 1104 0147 27       		.uleb128 0x27
 1105 0148 0C       		.uleb128 0xc
 1106 0149 49       		.uleb128 0x49
 1107 014a 13       		.uleb128 0x13
 1108 014b 3C       		.uleb128 0x3c
 1109 014c 0C       		.uleb128 0xc
 1110 014d 01       		.uleb128 0x1
 1111 014e 13       		.uleb128 0x13
 1112 014f 00       		.byte	0
 1113 0150 00       		.byte	0
 1114 0151 1A       		.uleb128 0x1a
 1115 0152 05       		.uleb128 0x5
 1116 0153 00       		.byte	0
 1117 0154 49       		.uleb128 0x49
 1118 0155 13       		.uleb128 0x13
 1119 0156 00       		.byte	0
 1120 0157 00       		.byte	0
 1121 0158 1B       		.uleb128 0x1b
 1122 0159 2E       		.uleb128 0x2e
 1123 015a 01       		.byte	0x1
 1124 015b 3F       		.uleb128 0x3f
 1125 015c 0C       		.uleb128 0xc
 1126 015d 03       		.uleb128 0x3
 1127 015e 0E       		.uleb128 0xe
 1128 015f 3A       		.uleb128 0x3a
 1129 0160 0B       		.uleb128 0xb
 1130 0161 3B       		.uleb128 0x3b
 1131 0162 0B       		.uleb128 0xb
 1132 0163 27       		.uleb128 0x27
 1133 0164 0C       		.uleb128 0xc
 1134 0165 3C       		.uleb128 0x3c
 1135 0166 0C       		.uleb128 0xc
 1136 0167 00       		.byte	0
 1137 0168 00       		.byte	0
 1138 0169 00       		.byte	0
 1139              		.section	.debug_loc,"",%progbits
ARM GAS  /var/folders/5n/p_75w94d66l9ssrldxqdhh700000gn/T//cc1UYdCs.s 			page 21


 1140              	.Ldebug_loc0:
 1141              	.LLST0:
 1142 0000 00000000 		.4byte	.LFB7
 1143 0004 02000000 		.4byte	.LCFI0
 1144 0008 0200     		.2byte	0x2
 1145 000a 7D       		.byte	0x7d
 1146 000b 00       		.sleb128 0
 1147 000c 02000000 		.4byte	.LCFI0
 1148 0010 06000000 		.4byte	.LCFI1
 1149 0014 0200     		.2byte	0x2
 1150 0016 7D       		.byte	0x7d
 1151 0017 08       		.sleb128 8
 1152 0018 06000000 		.4byte	.LCFI1
 1153 001c 28000000 		.4byte	.LFE7
 1154 0020 0200     		.2byte	0x2
 1155 0022 7D       		.byte	0x7d
 1156 0023 10       		.sleb128 16
 1157 0024 00000000 		.4byte	0
 1158 0028 00000000 		.4byte	0
 1159              	.LLST1:
 1160 002c 00000000 		.4byte	.LVL0
 1161 0030 08000000 		.4byte	.LVL1
 1162 0034 0100     		.2byte	0x1
 1163 0036 50       		.byte	0x50
 1164 0037 08000000 		.4byte	.LVL1
 1165 003b 0C000000 		.4byte	.LVL2
 1166 003f 0100     		.2byte	0x1
 1167 0041 54       		.byte	0x54
 1168 0042 0C000000 		.4byte	.LVL2
 1169 0046 0E000000 		.4byte	.LVL3
 1170 004a 0100     		.2byte	0x1
 1171 004c 50       		.byte	0x50
 1172 004d 0E000000 		.4byte	.LVL3
 1173 0051 28000000 		.4byte	.LFE7
 1174 0055 0100     		.2byte	0x1
 1175 0057 54       		.byte	0x54
 1176 0058 00000000 		.4byte	0
 1177 005c 00000000 		.4byte	0
 1178              	.LLST2:
 1179 0060 14000000 		.4byte	.LVL4
 1180 0064 1A000000 		.4byte	.LVL5
 1181 0068 0100     		.2byte	0x1
 1182 006a 50       		.byte	0x50
 1183 006b 00000000 		.4byte	0
 1184 006f 00000000 		.4byte	0
 1185              		.section	.debug_aranges,"",%progbits
 1186 0000 1C000000 		.4byte	0x1c
 1187 0004 0200     		.2byte	0x2
 1188 0006 00000000 		.4byte	.Ldebug_info0
 1189 000a 04       		.byte	0x4
 1190 000b 00       		.byte	0
 1191 000c 0000     		.2byte	0
 1192 000e 0000     		.2byte	0
 1193 0010 00000000 		.4byte	.LFB7
 1194 0014 28000000 		.4byte	.LFE7-.LFB7
 1195 0018 00000000 		.4byte	0
 1196 001c 00000000 		.4byte	0
ARM GAS  /var/folders/5n/p_75w94d66l9ssrldxqdhh700000gn/T//cc1UYdCs.s 			page 22


 1197              		.section	.debug_ranges,"",%progbits
 1198              	.Ldebug_ranges0:
 1199 0000 00000000 		.4byte	.LFB7
 1200 0004 28000000 		.4byte	.LFE7
 1201 0008 00000000 		.4byte	0
 1202 000c 00000000 		.4byte	0
 1203              		.section	.debug_line,"",%progbits
 1204              	.Ldebug_line0:
 1205 0000 A7010000 		.section	.debug_str,"MS",%progbits,1
 1205      02008801 
 1205      00000201 
 1205      FB0E0D00 
 1205      01010101 
 1206              	.LASF43:
 1207 0000 696E7463 		.ascii	"intctx\000"
 1207      747800
 1208              	.LASF35:
 1209 0007 705F6D73 		.ascii	"p_msg\000"
 1209      6700
 1210              	.LASF53:
 1211 000d 7264796D 		.ascii	"rdymsg\000"
 1211      736700
 1212              	.LASF63:
 1213 0014 64656C61 		.ascii	"delaysem\000"
 1213      7973656D 
 1213      00
 1214              	.LASF12:
 1215 001d 6C6F6E67 		.ascii	"long long unsigned int\000"
 1215      206C6F6E 
 1215      6720756E 
 1215      7369676E 
 1215      65642069 
 1216              	.LASF54:
 1217 0034 65786974 		.ascii	"exitcode\000"
 1217      636F6465 
 1217      00
 1218              	.LASF24:
 1219 003d 705F7072 		.ascii	"p_prio\000"
 1219      696F00
 1220              	.LASF62:
 1221 0044 7379735F 		.ascii	"sys_sem_t\000"
 1221      73656D5F 
 1221      7400
 1222              	.LASF11:
 1223 004e 6C6F6E67 		.ascii	"long long int\000"
 1223      206C6F6E 
 1223      6720696E 
 1223      7400
 1224              	.LASF1:
 1225 005c 7369676E 		.ascii	"signed char\000"
 1225      65642063 
 1225      68617200 
 1226              	.LASF10:
 1227 0068 6C6F6E67 		.ascii	"long unsigned int\000"
 1227      20756E73 
 1227      69676E65 
 1227      6420696E 
ARM GAS  /var/folders/5n/p_75w94d66l9ssrldxqdhh700000gn/T//cc1UYdCs.s 			page 23


 1227      7400
 1228              	.LASF39:
 1229 007a 705F6D70 		.ascii	"p_mpool\000"
 1229      6F6F6C00 
 1230              	.LASF50:
 1231 0082 6D5F7175 		.ascii	"m_queue\000"
 1231      65756500 
 1232              	.LASF8:
 1233 008a 6C6F6E67 		.ascii	"long int\000"
 1233      20696E74 
 1233      00
 1234              	.LASF14:
 1235 0093 74737461 		.ascii	"tstate_t\000"
 1235      74655F74 
 1235      00
 1236              	.LASF26:
 1237 009c 705F6E65 		.ascii	"p_newer\000"
 1237      77657200 
 1238              	.LASF47:
 1239 00a4 735F7175 		.ascii	"s_queue\000"
 1239      65756500 
 1240              	.LASF65:
 1241 00ac 7379735F 		.ascii	"sys_arch_sem_wait\000"
 1241      61726368 
 1241      5F73656D 
 1241      5F776169 
 1241      7400
 1242              	.LASF42:
 1243 00be 72656761 		.ascii	"regarm_t\000"
 1243      726D5F74 
 1243      00
 1244              	.LASF20:
 1245 00c7 636E745F 		.ascii	"cnt_t\000"
 1245      7400
 1246              	.LASF0:
 1247 00cd 756E7369 		.ascii	"unsigned int\000"
 1247      676E6564 
 1247      20696E74 
 1247      00
 1248              	.LASF69:
 1249 00da 7379735F 		.ascii	"sys_msleep\000"
 1249      6D736C65 
 1249      657000
 1250              	.LASF68:
 1251 00e5 2F557365 		.ascii	"/Users/sin/Documents/Eclipse/Workspace/ChibiOS_2.4."
 1251      72732F73 
 1251      696E2F44 
 1251      6F63756D 
 1251      656E7473 
 1252 0118 322F6465 		.ascii	"2/demos/ARMCM4-STM32F407-LWIP\000"
 1252      6D6F732F 
 1252      41524D43 
 1252      4D342D53 
 1252      544D3332 
 1253              	.LASF60:
 1254 0136 7533325F 		.ascii	"u32_t\000"
 1254      7400
ARM GAS  /var/folders/5n/p_75w94d66l9ssrldxqdhh700000gn/T//cc1UYdCs.s 			page 24


 1255              	.LASF48:
 1256 013c 735F636E 		.ascii	"s_cnt\000"
 1256      7400
 1257              	.LASF44:
 1258 0142 636F6E74 		.ascii	"context\000"
 1258      65787400 
 1259              	.LASF6:
 1260 014a 73686F72 		.ascii	"short unsigned int\000"
 1260      7420756E 
 1260      7369676E 
 1260      65642069 
 1260      6E7400
 1261              	.LASF17:
 1262 015d 6D73675F 		.ascii	"msg_t\000"
 1262      7400
 1263              	.LASF13:
 1264 0163 746D6F64 		.ascii	"tmode_t\000"
 1264      655F7400 
 1265              	.LASF41:
 1266 016b 54687265 		.ascii	"ThreadsList\000"
 1266      6164734C 
 1266      69737400 
 1267              	.LASF18:
 1268 0177 6576656E 		.ascii	"eventmask_t\000"
 1268      746D6173 
 1268      6B5F7400 
 1269              	.LASF49:
 1270 0183 4D757465 		.ascii	"Mutex\000"
 1270      7800
 1271              	.LASF67:
 1272 0189 2E2E2F2E 		.ascii	"../../ext/lwip-1.4.0/src/core/sys.c\000"
 1272      2E2F6578 
 1272      742F6C77 
 1272      69702D31 
 1272      2E342E30 
 1273              	.LASF70:
 1274 01ad 7379735F 		.ascii	"sys_sem_free\000"
 1274      73656D5F 
 1274      66726565 
 1274      00
 1275              	.LASF61:
 1276 01ba 6572725F 		.ascii	"err_t\000"
 1276      7400
 1277              	.LASF58:
 1278 01c0 75385F74 		.ascii	"u8_t\000"
 1278      00
 1279              	.LASF45:
 1280 01c5 73697A65 		.ascii	"sizetype\000"
 1280      74797065 
 1280      00
 1281              	.LASF27:
 1282 01ce 705F6F6C 		.ascii	"p_older\000"
 1282      64657200 
 1283              	.LASF40:
 1284 01d6 54687265 		.ascii	"ThreadsQueue\000"
 1284      61647351 
 1284      75657565 
ARM GAS  /var/folders/5n/p_75w94d66l9ssrldxqdhh700000gn/T//cc1UYdCs.s 			page 25


 1284      00
 1285              	.LASF66:
 1286 01e3 474E5520 		.ascii	"GNU C 4.7.2\000"
 1286      4320342E 
 1286      372E3200 
 1287              	.LASF15:
 1288 01ef 74726566 		.ascii	"trefs_t\000"
 1288      735F7400 
 1289              	.LASF23:
 1290 01f7 705F7072 		.ascii	"p_prev\000"
 1290      657600
 1291              	.LASF16:
 1292 01fe 74707269 		.ascii	"tprio_t\000"
 1292      6F5F7400 
 1293              	.LASF7:
 1294 0206 696E7433 		.ascii	"int32_t\000"
 1294      325F7400 
 1295              	.LASF4:
 1296 020e 756E7369 		.ascii	"unsigned char\000"
 1296      676E6564 
 1296      20636861 
 1296      7200
 1297              	.LASF37:
 1298 021c 705F6D74 		.ascii	"p_mtxlist\000"
 1298      786C6973 
 1298      7400
 1299              	.LASF5:
 1300 0226 73686F72 		.ascii	"short int\000"
 1300      7420696E 
 1300      7400
 1301              	.LASF29:
 1302 0230 705F7374 		.ascii	"p_state\000"
 1302      61746500 
 1303              	.LASF56:
 1304 0238 65776D61 		.ascii	"ewmask\000"
 1304      736B00
 1305              	.LASF22:
 1306 023f 705F6E65 		.ascii	"p_next\000"
 1306      787400
 1307              	.LASF30:
 1308 0246 705F666C 		.ascii	"p_flags\000"
 1308      61677300 
 1309              	.LASF21:
 1310 024e 54687265 		.ascii	"Thread\000"
 1310      616400
 1311              	.LASF59:
 1312 0255 73385F74 		.ascii	"s8_t\000"
 1312      00
 1313              	.LASF36:
 1314 025a 705F6570 		.ascii	"p_epending\000"
 1314      656E6469 
 1314      6E6700
 1315              	.LASF9:
 1316 0265 75696E74 		.ascii	"uint32_t\000"
 1316      33325F74 
 1316      00
 1317              	.LASF57:
ARM GAS  /var/folders/5n/p_75w94d66l9ssrldxqdhh700000gn/T//cc1UYdCs.s 			page 26


 1318 026e 63686172 		.ascii	"char\000"
 1318      00
 1319              	.LASF52:
 1320 0273 6D5F6E65 		.ascii	"m_next\000"
 1320      787400
 1321              	.LASF19:
 1322 027a 73797374 		.ascii	"systime_t\000"
 1322      696D655F 
 1322      7400
 1323              	.LASF38:
 1324 0284 705F7265 		.ascii	"p_realprio\000"
 1324      616C7072 
 1324      696F00
 1325              	.LASF32:
 1326 028f 705F7469 		.ascii	"p_time\000"
 1326      6D6500
 1327              	.LASF2:
 1328 0296 696E7438 		.ascii	"int8_t\000"
 1328      5F7400
 1329              	.LASF34:
 1330 029d 705F6D73 		.ascii	"p_msgqueue\000"
 1330      67717565 
 1330      756500
 1331              	.LASF46:
 1332 02a8 53656D61 		.ascii	"Semaphore\000"
 1332      70686F72 
 1332      6500
 1333              	.LASF64:
 1334 02b2 7379735F 		.ascii	"sys_sem_new\000"
 1334      73656D5F 
 1334      6E657700 
 1335              	.LASF31:
 1336 02be 705F7265 		.ascii	"p_refs\000"
 1336      667300
 1337              	.LASF3:
 1338 02c5 75696E74 		.ascii	"uint8_t\000"
 1338      385F7400 
 1339              	.LASF55:
 1340 02cd 77746F62 		.ascii	"wtobjp\000"
 1340      6A7000
 1341              	.LASF28:
 1342 02d4 705F6E61 		.ascii	"p_name\000"
 1342      6D6500
 1343              	.LASF51:
 1344 02db 6D5F6F77 		.ascii	"m_owner\000"
 1344      6E657200 
 1345              	.LASF25:
 1346 02e3 705F6374 		.ascii	"p_ctx\000"
 1346      7800
 1347              	.LASF33:
 1348 02e9 705F7761 		.ascii	"p_waiting\000"
 1348      6974696E 
 1348      6700
 1349              		.ident	"GCC: (GNU) 4.7.2"
ARM GAS  /var/folders/5n/p_75w94d66l9ssrldxqdhh700000gn/T//cc1UYdCs.s 			page 27


DEFINED SYMBOLS
                            *ABS*:0000000000000000 sys.c
/var/folders/5n/p_75w94d66l9ssrldxqdhh700000gn/T//cc1UYdCs.s:19     .text.sys_msleep:0000000000000000 $t
/var/folders/5n/p_75w94d66l9ssrldxqdhh700000gn/T//cc1UYdCs.s:25     .text.sys_msleep:0000000000000000 sys_msleep
                     .debug_frame:0000000000000010 $d

UNDEFINED SYMBOLS
sys_sem_new
sys_arch_sem_wait
sys_sem_free
