ARM GAS  /var/folders/5n/p_75w94d66l9ssrldxqdhh700000gn/T//cckF47fz.s 			page 1


   1              		.syntax unified
   2              		.cpu cortex-m4
   3              		.fpu softvfp
   4              		.eabi_attribute 20, 1
   5              		.eabi_attribute 21, 1
   6              		.eabi_attribute 23, 3
   7              		.eabi_attribute 24, 1
   8              		.eabi_attribute 25, 1
   9              		.eabi_attribute 26, 1
  10              		.eabi_attribute 30, 2
  11              		.eabi_attribute 34, 1
  12              		.eabi_attribute 18, 4
  13              		.thumb
  14              		.file	"vectors.c"
  15              		.text
  16              	.Ltext0:
  17              		.cfi_sections	.debug_frame
  18              		.section	.text._unhandled_exception,"ax",%progbits
  19              		.align	2
  20              		.p2align 4,,15
  21              		.global	_unhandled_exception
  22              		.thumb
  23              		.thumb_func
  24              		.type	_unhandled_exception, %function
  25              	_unhandled_exception:
  26              	.LFB7:
  27              		.file 1 "../../os/ports/GCC/ARMCMx/STM32F4xx/vectors.c"
  28              		.loc 1 185 0
  29              		.cfi_startproc
  30              		@ Naked Function: prologue and epilogue provided by programmer.
  31              		@ Volatile: function does not return.
  32              		@ args = 0, pretend = 0, frame = 0
  33              		@ frame_needed = 0, uses_anonymous_args = 0
  34              	.L2:
  35 0000 FEE7     		b	.L2
  36              		.cfi_endproc
  37              	.LFE7:
  38              		.size	_unhandled_exception, .-_unhandled_exception
  39              		.weak	HardFaultVector
  40              		.thumb_set HardFaultVector,_unhandled_exception
  41              		.weak	MemManageVector
  42              		.thumb_set MemManageVector,_unhandled_exception
  43              		.weak	BusFaultVector
  44              		.thumb_set BusFaultVector,_unhandled_exception
  45              		.weak	UsageFaultVector
  46              		.thumb_set UsageFaultVector,_unhandled_exception
  47              		.weak	Vector1C
  48              		.thumb_set Vector1C,_unhandled_exception
  49              		.weak	Vector20
  50              		.thumb_set Vector20,_unhandled_exception
  51              		.weak	Vector24
  52              		.thumb_set Vector24,_unhandled_exception
  53              		.weak	Vector28
  54              		.thumb_set Vector28,_unhandled_exception
  55              		.weak	SVCallVector
  56              		.thumb_set SVCallVector,_unhandled_exception
  57              		.weak	DebugMonitorVector
ARM GAS  /var/folders/5n/p_75w94d66l9ssrldxqdhh700000gn/T//cckF47fz.s 			page 2


  58              		.thumb_set DebugMonitorVector,_unhandled_exception
  59              		.weak	Vector34
  60              		.thumb_set Vector34,_unhandled_exception
  61              		.weak	PendSVVector
  62              		.thumb_set PendSVVector,_unhandled_exception
  63              		.weak	SysTickVector
  64              		.thumb_set SysTickVector,_unhandled_exception
  65              		.weak	Vector40
  66              		.thumb_set Vector40,_unhandled_exception
  67              		.weak	Vector44
  68              		.thumb_set Vector44,_unhandled_exception
  69              		.weak	Vector48
  70              		.thumb_set Vector48,_unhandled_exception
  71              		.weak	Vector4C
  72              		.thumb_set Vector4C,_unhandled_exception
  73              		.weak	Vector50
  74              		.thumb_set Vector50,_unhandled_exception
  75              		.weak	Vector54
  76              		.thumb_set Vector54,_unhandled_exception
  77              		.weak	Vector58
  78              		.thumb_set Vector58,_unhandled_exception
  79              		.weak	Vector5C
  80              		.thumb_set Vector5C,_unhandled_exception
  81              		.weak	Vector60
  82              		.thumb_set Vector60,_unhandled_exception
  83              		.weak	Vector64
  84              		.thumb_set Vector64,_unhandled_exception
  85              		.weak	Vector68
  86              		.thumb_set Vector68,_unhandled_exception
  87              		.weak	Vector6C
  88              		.thumb_set Vector6C,_unhandled_exception
  89              		.weak	Vector70
  90              		.thumb_set Vector70,_unhandled_exception
  91              		.weak	Vector74
  92              		.thumb_set Vector74,_unhandled_exception
  93              		.weak	Vector78
  94              		.thumb_set Vector78,_unhandled_exception
  95              		.weak	Vector7C
  96              		.thumb_set Vector7C,_unhandled_exception
  97              		.weak	Vector80
  98              		.thumb_set Vector80,_unhandled_exception
  99              		.weak	Vector84
 100              		.thumb_set Vector84,_unhandled_exception
 101              		.weak	Vector88
 102              		.thumb_set Vector88,_unhandled_exception
 103              		.weak	Vector8C
 104              		.thumb_set Vector8C,_unhandled_exception
 105              		.weak	Vector90
 106              		.thumb_set Vector90,_unhandled_exception
 107              		.weak	Vector94
 108              		.thumb_set Vector94,_unhandled_exception
 109              		.weak	Vector98
 110              		.thumb_set Vector98,_unhandled_exception
 111              		.weak	Vector9C
 112              		.thumb_set Vector9C,_unhandled_exception
 113              		.weak	VectorA0
 114              		.thumb_set VectorA0,_unhandled_exception
ARM GAS  /var/folders/5n/p_75w94d66l9ssrldxqdhh700000gn/T//cckF47fz.s 			page 3


 115              		.weak	VectorA4
 116              		.thumb_set VectorA4,_unhandled_exception
 117              		.weak	VectorA8
 118              		.thumb_set VectorA8,_unhandled_exception
 119              		.weak	VectorAC
 120              		.thumb_set VectorAC,_unhandled_exception
 121              		.weak	VectorB0
 122              		.thumb_set VectorB0,_unhandled_exception
 123              		.weak	VectorB4
 124              		.thumb_set VectorB4,_unhandled_exception
 125              		.weak	VectorB8
 126              		.thumb_set VectorB8,_unhandled_exception
 127              		.weak	VectorBC
 128              		.thumb_set VectorBC,_unhandled_exception
 129              		.weak	VectorC0
 130              		.thumb_set VectorC0,_unhandled_exception
 131              		.weak	VectorC4
 132              		.thumb_set VectorC4,_unhandled_exception
 133              		.weak	VectorC8
 134              		.thumb_set VectorC8,_unhandled_exception
 135              		.weak	VectorCC
 136              		.thumb_set VectorCC,_unhandled_exception
 137              		.weak	VectorD0
 138              		.thumb_set VectorD0,_unhandled_exception
 139              		.weak	VectorD4
 140              		.thumb_set VectorD4,_unhandled_exception
 141              		.weak	VectorD8
 142              		.thumb_set VectorD8,_unhandled_exception
 143              		.weak	VectorDC
 144              		.thumb_set VectorDC,_unhandled_exception
 145              		.weak	VectorE0
 146              		.thumb_set VectorE0,_unhandled_exception
 147              		.weak	VectorE4
 148              		.thumb_set VectorE4,_unhandled_exception
 149              		.weak	VectorE8
 150              		.thumb_set VectorE8,_unhandled_exception
 151              		.weak	VectorEC
 152              		.thumb_set VectorEC,_unhandled_exception
 153              		.weak	VectorF0
 154              		.thumb_set VectorF0,_unhandled_exception
 155              		.weak	VectorF4
 156              		.thumb_set VectorF4,_unhandled_exception
 157              		.weak	VectorF8
 158              		.thumb_set VectorF8,_unhandled_exception
 159              		.weak	VectorFC
 160              		.thumb_set VectorFC,_unhandled_exception
 161              		.weak	Vector100
 162              		.thumb_set Vector100,_unhandled_exception
 163              		.weak	Vector104
 164              		.thumb_set Vector104,_unhandled_exception
 165              		.weak	Vector108
 166              		.thumb_set Vector108,_unhandled_exception
 167              		.weak	Vector10C
 168              		.thumb_set Vector10C,_unhandled_exception
 169              		.weak	Vector110
 170              		.thumb_set Vector110,_unhandled_exception
 171              		.weak	Vector114
ARM GAS  /var/folders/5n/p_75w94d66l9ssrldxqdhh700000gn/T//cckF47fz.s 			page 4


 172              		.thumb_set Vector114,_unhandled_exception
 173              		.weak	Vector118
 174              		.thumb_set Vector118,_unhandled_exception
 175              		.weak	Vector11C
 176              		.thumb_set Vector11C,_unhandled_exception
 177              		.weak	Vector120
 178              		.thumb_set Vector120,_unhandled_exception
 179              		.weak	Vector124
 180              		.thumb_set Vector124,_unhandled_exception
 181              		.weak	Vector128
 182              		.thumb_set Vector128,_unhandled_exception
 183              		.weak	Vector12C
 184              		.thumb_set Vector12C,_unhandled_exception
 185              		.weak	Vector130
 186              		.thumb_set Vector130,_unhandled_exception
 187              		.weak	Vector134
 188              		.thumb_set Vector134,_unhandled_exception
 189              		.weak	Vector138
 190              		.thumb_set Vector138,_unhandled_exception
 191              		.weak	Vector13C
 192              		.thumb_set Vector13C,_unhandled_exception
 193              		.weak	Vector140
 194              		.thumb_set Vector140,_unhandled_exception
 195              		.weak	Vector144
 196              		.thumb_set Vector144,_unhandled_exception
 197              		.weak	Vector148
 198              		.thumb_set Vector148,_unhandled_exception
 199              		.weak	Vector14C
 200              		.thumb_set Vector14C,_unhandled_exception
 201              		.weak	Vector150
 202              		.thumb_set Vector150,_unhandled_exception
 203              		.weak	Vector154
 204              		.thumb_set Vector154,_unhandled_exception
 205              		.weak	Vector158
 206              		.thumb_set Vector158,_unhandled_exception
 207              		.weak	Vector15C
 208              		.thumb_set Vector15C,_unhandled_exception
 209              		.weak	Vector160
 210              		.thumb_set Vector160,_unhandled_exception
 211              		.weak	Vector164
 212              		.thumb_set Vector164,_unhandled_exception
 213              		.weak	Vector168
 214              		.thumb_set Vector168,_unhandled_exception
 215              		.weak	Vector16C
 216              		.thumb_set Vector16C,_unhandled_exception
 217              		.weak	Vector170
 218              		.thumb_set Vector170,_unhandled_exception
 219              		.weak	Vector174
 220              		.thumb_set Vector174,_unhandled_exception
 221              		.weak	Vector178
 222              		.thumb_set Vector178,_unhandled_exception
 223              		.weak	Vector17C
 224              		.thumb_set Vector17C,_unhandled_exception
 225              		.weak	Vector180
 226              		.thumb_set Vector180,_unhandled_exception
 227              		.weak	Vector184
 228              		.thumb_set Vector184,_unhandled_exception
ARM GAS  /var/folders/5n/p_75w94d66l9ssrldxqdhh700000gn/T//cckF47fz.s 			page 5


 229              		.weak	NMIVector
 230              		.thumb_set NMIVector,_unhandled_exception
 231              		.global	_vectors
 232 0002 00BFAFF3 		.section	vectors,"aw",%progbits
 232      0080AFF3 
 232      0080AFF3 
 232      0080
 233              		.align	2
 234              		.type	_vectors, %object
 235              		.size	_vectors, 392
 236              	_vectors:
 237 0000 00000000 		.word	__main_stack_end__
 238 0004 00000000 		.word	ResetHandler
 239 0008 00000000 		.word	NMIVector
 240 000c 00000000 		.word	HardFaultVector
 241 0010 00000000 		.word	MemManageVector
 242 0014 00000000 		.word	BusFaultVector
 243 0018 00000000 		.word	UsageFaultVector
 244 001c 00000000 		.word	Vector1C
 245 0020 00000000 		.word	Vector20
 246 0024 00000000 		.word	Vector24
 247 0028 00000000 		.word	Vector28
 248 002c 00000000 		.word	SVCallVector
 249 0030 00000000 		.word	DebugMonitorVector
 250 0034 00000000 		.word	Vector34
 251 0038 00000000 		.word	PendSVVector
 252 003c 00000000 		.word	SysTickVector
 253 0040 00000000 		.word	Vector40
 254 0044 00000000 		.word	Vector44
 255 0048 00000000 		.word	Vector48
 256 004c 00000000 		.word	Vector4C
 257 0050 00000000 		.word	Vector50
 258 0054 00000000 		.word	Vector54
 259 0058 00000000 		.word	Vector58
 260 005c 00000000 		.word	Vector5C
 261 0060 00000000 		.word	Vector60
 262 0064 00000000 		.word	Vector64
 263 0068 00000000 		.word	Vector68
 264 006c 00000000 		.word	Vector6C
 265 0070 00000000 		.word	Vector70
 266 0074 00000000 		.word	Vector74
 267 0078 00000000 		.word	Vector78
 268 007c 00000000 		.word	Vector7C
 269 0080 00000000 		.word	Vector80
 270 0084 00000000 		.word	Vector84
 271 0088 00000000 		.word	Vector88
 272 008c 00000000 		.word	Vector8C
 273 0090 00000000 		.word	Vector90
 274 0094 00000000 		.word	Vector94
 275 0098 00000000 		.word	Vector98
 276 009c 00000000 		.word	Vector9C
 277 00a0 00000000 		.word	VectorA0
 278 00a4 00000000 		.word	VectorA4
 279 00a8 00000000 		.word	VectorA8
 280 00ac 00000000 		.word	VectorAC
 281 00b0 00000000 		.word	VectorB0
 282 00b4 00000000 		.word	VectorB4
ARM GAS  /var/folders/5n/p_75w94d66l9ssrldxqdhh700000gn/T//cckF47fz.s 			page 6


 283 00b8 00000000 		.word	VectorB8
 284 00bc 00000000 		.word	VectorBC
 285 00c0 00000000 		.word	VectorC0
 286 00c4 00000000 		.word	VectorC4
 287 00c8 00000000 		.word	VectorC8
 288 00cc 00000000 		.word	VectorCC
 289 00d0 00000000 		.word	VectorD0
 290 00d4 00000000 		.word	VectorD4
 291 00d8 00000000 		.word	VectorD8
 292 00dc 00000000 		.word	VectorDC
 293 00e0 00000000 		.word	VectorE0
 294 00e4 00000000 		.word	VectorE4
 295 00e8 00000000 		.word	VectorE8
 296 00ec 00000000 		.word	VectorEC
 297 00f0 00000000 		.word	VectorF0
 298 00f4 00000000 		.word	VectorF4
 299 00f8 00000000 		.word	VectorF8
 300 00fc 00000000 		.word	VectorFC
 301 0100 00000000 		.word	Vector100
 302 0104 00000000 		.word	Vector104
 303 0108 00000000 		.word	Vector108
 304 010c 00000000 		.word	Vector10C
 305 0110 00000000 		.word	Vector110
 306 0114 00000000 		.word	Vector114
 307 0118 00000000 		.word	Vector118
 308 011c 00000000 		.word	Vector11C
 309 0120 00000000 		.word	Vector120
 310 0124 00000000 		.word	Vector124
 311 0128 00000000 		.word	Vector128
 312 012c 00000000 		.word	Vector12C
 313 0130 00000000 		.word	Vector130
 314 0134 00000000 		.word	Vector134
 315 0138 00000000 		.word	Vector138
 316 013c 00000000 		.word	Vector13C
 317 0140 00000000 		.word	Vector140
 318 0144 00000000 		.word	Vector144
 319 0148 00000000 		.word	Vector148
 320 014c 00000000 		.word	Vector14C
 321 0150 00000000 		.word	Vector150
 322 0154 00000000 		.word	Vector154
 323 0158 00000000 		.word	Vector158
 324 015c 00000000 		.word	Vector15C
 325 0160 00000000 		.word	Vector160
 326 0164 00000000 		.word	Vector164
 327 0168 00000000 		.word	Vector168
 328 016c 00000000 		.word	Vector16C
 329 0170 00000000 		.word	Vector170
 330 0174 00000000 		.word	Vector174
 331 0178 00000000 		.word	Vector178
 332 017c 00000000 		.word	Vector17C
 333 0180 00000000 		.word	Vector180
 334 0184 00000000 		.word	Vector184
 335              		.text
 336              	.Letext0:
 337              		.section	.debug_info,"",%progbits
 338              	.Ldebug_info0:
 339 0000 B9000000 		.4byte	0xb9
ARM GAS  /var/folders/5n/p_75w94d66l9ssrldxqdhh700000gn/T//cckF47fz.s 			page 7


 340 0004 0200     		.2byte	0x2
 341 0006 00000000 		.4byte	.Ldebug_abbrev0
 342 000a 04       		.byte	0x4
 343 000b 01       		.uleb128 0x1
 344 000c 1B000000 		.4byte	.LASF11
 345 0010 01       		.byte	0x1
 346 0011 50000000 		.4byte	.LASF12
 347 0015 9A000000 		.4byte	.LASF13
 348 0019 00000000 		.4byte	.Ldebug_ranges0+0
 349 001d 00000000 		.4byte	0
 350 0021 00000000 		.4byte	0
 351 0025 00000000 		.4byte	.Ldebug_line0
 352 0029 02       		.uleb128 0x2
 353 002a 04       		.byte	0x4
 354 002b 05       		.byte	0x5
 355 002c 696E7400 		.ascii	"int\000"
 356 0030 03       		.uleb128 0x3
 357 0031 04       		.byte	0x4
 358 0032 07       		.byte	0x7
 359 0033 0E000000 		.4byte	.LASF0
 360 0037 03       		.uleb128 0x3
 361 0038 01       		.byte	0x1
 362 0039 06       		.byte	0x6
 363 003a 07010000 		.4byte	.LASF1
 364 003e 03       		.uleb128 0x3
 365 003f 01       		.byte	0x1
 366 0040 08       		.byte	0x8
 367 0041 7E000000 		.4byte	.LASF2
 368 0045 03       		.uleb128 0x3
 369 0046 02       		.byte	0x2
 370 0047 05       		.byte	0x5
 371 0048 28010000 		.4byte	.LASF3
 372 004c 03       		.uleb128 0x3
 373 004d 02       		.byte	0x2
 374 004e 07       		.byte	0x7
 375 004f F4000000 		.4byte	.LASF4
 376 0053 03       		.uleb128 0x3
 377 0054 04       		.byte	0x4
 378 0055 05       		.byte	0x5
 379 0056 91000000 		.4byte	.LASF5
 380 005a 03       		.uleb128 0x3
 381 005b 04       		.byte	0x4
 382 005c 07       		.byte	0x7
 383 005d 27000000 		.4byte	.LASF6
 384 0061 03       		.uleb128 0x3
 385 0062 08       		.byte	0x8
 386 0063 05       		.byte	0x5
 387 0064 00000000 		.4byte	.LASF7
 388 0068 03       		.uleb128 0x3
 389 0069 08       		.byte	0x8
 390 006a 07       		.byte	0x7
 391 006b 39000000 		.4byte	.LASF8
 392 006f 03       		.uleb128 0x3
 393 0070 04       		.byte	0x4
 394 0071 07       		.byte	0x7
 395 0072 32010000 		.4byte	.LASF9
 396 0076 03       		.uleb128 0x3
ARM GAS  /var/folders/5n/p_75w94d66l9ssrldxqdhh700000gn/T//cckF47fz.s 			page 8


 397 0077 01       		.byte	0x1
 398 0078 08       		.byte	0x8
 399 0079 8C000000 		.4byte	.LASF10
 400 007d 04       		.uleb128 0x4
 401 007e 01       		.byte	0x1
 402 007f 13010000 		.4byte	.LASF14
 403 0083 01       		.byte	0x1
 404 0084 B9       		.byte	0xb9
 405 0085 01       		.byte	0x1
 406 0086 00000000 		.4byte	.LFB7
 407 008a 02000000 		.4byte	.LFE7
 408 008e 02       		.byte	0x2
 409 008f 7D       		.byte	0x7d
 410 0090 00       		.sleb128 0
 411 0091 01       		.byte	0x1
 412 0092 05       		.uleb128 0x5
 413 0093 A4000000 		.4byte	0xa4
 414 0097 A2000000 		.4byte	0xa2
 415 009b 06       		.uleb128 0x6
 416 009c 6F000000 		.4byte	0x6f
 417 00a0 61       		.byte	0x61
 418 00a1 00       		.byte	0
 419 00a2 07       		.uleb128 0x7
 420 00a3 01       		.byte	0x1
 421 00a4 08       		.uleb128 0x8
 422 00a5 04       		.byte	0x4
 423 00a6 A2000000 		.4byte	0xa2
 424 00aa 09       		.uleb128 0x9
 425 00ab EB000000 		.4byte	.LASF15
 426 00af 01       		.byte	0x1
 427 00b0 93       		.byte	0x93
 428 00b1 92000000 		.4byte	0x92
 429 00b5 01       		.byte	0x1
 430 00b6 05       		.byte	0x5
 431 00b7 03       		.byte	0x3
 432 00b8 00000000 		.4byte	_vectors
 433 00bc 00       		.byte	0
 434              		.section	.debug_abbrev,"",%progbits
 435              	.Ldebug_abbrev0:
 436 0000 01       		.uleb128 0x1
 437 0001 11       		.uleb128 0x11
 438 0002 01       		.byte	0x1
 439 0003 25       		.uleb128 0x25
 440 0004 0E       		.uleb128 0xe
 441 0005 13       		.uleb128 0x13
 442 0006 0B       		.uleb128 0xb
 443 0007 03       		.uleb128 0x3
 444 0008 0E       		.uleb128 0xe
 445 0009 1B       		.uleb128 0x1b
 446 000a 0E       		.uleb128 0xe
 447 000b 55       		.uleb128 0x55
 448 000c 06       		.uleb128 0x6
 449 000d 11       		.uleb128 0x11
 450 000e 01       		.uleb128 0x1
 451 000f 52       		.uleb128 0x52
 452 0010 01       		.uleb128 0x1
 453 0011 10       		.uleb128 0x10
ARM GAS  /var/folders/5n/p_75w94d66l9ssrldxqdhh700000gn/T//cckF47fz.s 			page 9


 454 0012 06       		.uleb128 0x6
 455 0013 00       		.byte	0
 456 0014 00       		.byte	0
 457 0015 02       		.uleb128 0x2
 458 0016 24       		.uleb128 0x24
 459 0017 00       		.byte	0
 460 0018 0B       		.uleb128 0xb
 461 0019 0B       		.uleb128 0xb
 462 001a 3E       		.uleb128 0x3e
 463 001b 0B       		.uleb128 0xb
 464 001c 03       		.uleb128 0x3
 465 001d 08       		.uleb128 0x8
 466 001e 00       		.byte	0
 467 001f 00       		.byte	0
 468 0020 03       		.uleb128 0x3
 469 0021 24       		.uleb128 0x24
 470 0022 00       		.byte	0
 471 0023 0B       		.uleb128 0xb
 472 0024 0B       		.uleb128 0xb
 473 0025 3E       		.uleb128 0x3e
 474 0026 0B       		.uleb128 0xb
 475 0027 03       		.uleb128 0x3
 476 0028 0E       		.uleb128 0xe
 477 0029 00       		.byte	0
 478 002a 00       		.byte	0
 479 002b 04       		.uleb128 0x4
 480 002c 2E       		.uleb128 0x2e
 481 002d 00       		.byte	0
 482 002e 3F       		.uleb128 0x3f
 483 002f 0C       		.uleb128 0xc
 484 0030 03       		.uleb128 0x3
 485 0031 0E       		.uleb128 0xe
 486 0032 3A       		.uleb128 0x3a
 487 0033 0B       		.uleb128 0xb
 488 0034 3B       		.uleb128 0x3b
 489 0035 0B       		.uleb128 0xb
 490 0036 27       		.uleb128 0x27
 491 0037 0C       		.uleb128 0xc
 492 0038 11       		.uleb128 0x11
 493 0039 01       		.uleb128 0x1
 494 003a 12       		.uleb128 0x12
 495 003b 01       		.uleb128 0x1
 496 003c 40       		.uleb128 0x40
 497 003d 0A       		.uleb128 0xa
 498 003e 9742     		.uleb128 0x2117
 499 0040 0C       		.uleb128 0xc
 500 0041 00       		.byte	0
 501 0042 00       		.byte	0
 502 0043 05       		.uleb128 0x5
 503 0044 01       		.uleb128 0x1
 504 0045 01       		.byte	0x1
 505 0046 49       		.uleb128 0x49
 506 0047 13       		.uleb128 0x13
 507 0048 01       		.uleb128 0x1
 508 0049 13       		.uleb128 0x13
 509 004a 00       		.byte	0
 510 004b 00       		.byte	0
ARM GAS  /var/folders/5n/p_75w94d66l9ssrldxqdhh700000gn/T//cckF47fz.s 			page 10


 511 004c 06       		.uleb128 0x6
 512 004d 21       		.uleb128 0x21
 513 004e 00       		.byte	0
 514 004f 49       		.uleb128 0x49
 515 0050 13       		.uleb128 0x13
 516 0051 2F       		.uleb128 0x2f
 517 0052 0B       		.uleb128 0xb
 518 0053 00       		.byte	0
 519 0054 00       		.byte	0
 520 0055 07       		.uleb128 0x7
 521 0056 15       		.uleb128 0x15
 522 0057 00       		.byte	0
 523 0058 27       		.uleb128 0x27
 524 0059 0C       		.uleb128 0xc
 525 005a 00       		.byte	0
 526 005b 00       		.byte	0
 527 005c 08       		.uleb128 0x8
 528 005d 0F       		.uleb128 0xf
 529 005e 00       		.byte	0
 530 005f 0B       		.uleb128 0xb
 531 0060 0B       		.uleb128 0xb
 532 0061 49       		.uleb128 0x49
 533 0062 13       		.uleb128 0x13
 534 0063 00       		.byte	0
 535 0064 00       		.byte	0
 536 0065 09       		.uleb128 0x9
 537 0066 34       		.uleb128 0x34
 538 0067 00       		.byte	0
 539 0068 03       		.uleb128 0x3
 540 0069 0E       		.uleb128 0xe
 541 006a 3A       		.uleb128 0x3a
 542 006b 0B       		.uleb128 0xb
 543 006c 3B       		.uleb128 0x3b
 544 006d 0B       		.uleb128 0xb
 545 006e 49       		.uleb128 0x49
 546 006f 13       		.uleb128 0x13
 547 0070 3F       		.uleb128 0x3f
 548 0071 0C       		.uleb128 0xc
 549 0072 02       		.uleb128 0x2
 550 0073 0A       		.uleb128 0xa
 551 0074 00       		.byte	0
 552 0075 00       		.byte	0
 553 0076 00       		.byte	0
 554              		.section	.debug_aranges,"",%progbits
 555 0000 1C000000 		.4byte	0x1c
 556 0004 0200     		.2byte	0x2
 557 0006 00000000 		.4byte	.Ldebug_info0
 558 000a 04       		.byte	0x4
 559 000b 00       		.byte	0
 560 000c 0000     		.2byte	0
 561 000e 0000     		.2byte	0
 562 0010 00000000 		.4byte	.LFB7
 563 0014 02000000 		.4byte	.LFE7-.LFB7
 564 0018 00000000 		.4byte	0
 565 001c 00000000 		.4byte	0
 566              		.section	.debug_ranges,"",%progbits
 567              	.Ldebug_ranges0:
ARM GAS  /var/folders/5n/p_75w94d66l9ssrldxqdhh700000gn/T//cckF47fz.s 			page 11


 568 0000 00000000 		.4byte	.LFB7
 569 0004 02000000 		.4byte	.LFE7
 570 0008 00000000 		.4byte	0
 571 000c 00000000 		.4byte	0
 572              		.section	.debug_line,"",%progbits
 573              	.Ldebug_line0:
 574 0000 5A000000 		.section	.debug_str,"MS",%progbits,1
 574      02004400 
 574      00000201 
 574      FB0E0D00 
 574      01010101 
 575              	.LASF7:
 576 0000 6C6F6E67 		.ascii	"long long int\000"
 576      206C6F6E 
 576      6720696E 
 576      7400
 577              	.LASF0:
 578 000e 756E7369 		.ascii	"unsigned int\000"
 578      676E6564 
 578      20696E74 
 578      00
 579              	.LASF11:
 580 001b 474E5520 		.ascii	"GNU C 4.7.2\000"
 580      4320342E 
 580      372E3200 
 581              	.LASF6:
 582 0027 6C6F6E67 		.ascii	"long unsigned int\000"
 582      20756E73 
 582      69676E65 
 582      6420696E 
 582      7400
 583              	.LASF8:
 584 0039 6C6F6E67 		.ascii	"long long unsigned int\000"
 584      206C6F6E 
 584      6720756E 
 584      7369676E 
 584      65642069 
 585              	.LASF12:
 586 0050 2E2E2F2E 		.ascii	"../../os/ports/GCC/ARMCMx/STM32F4xx/vectors.c\000"
 586      2E2F6F73 
 586      2F706F72 
 586      74732F47 
 586      43432F41 
 587              	.LASF2:
 588 007e 756E7369 		.ascii	"unsigned char\000"
 588      676E6564 
 588      20636861 
 588      7200
 589              	.LASF10:
 590 008c 63686172 		.ascii	"char\000"
 590      00
 591              	.LASF5:
 592 0091 6C6F6E67 		.ascii	"long int\000"
 592      20696E74 
 592      00
 593              	.LASF13:
 594 009a 2F557365 		.ascii	"/Users/sin/Documents/Eclipse/Workspace/ChibiOS_2.4."
ARM GAS  /var/folders/5n/p_75w94d66l9ssrldxqdhh700000gn/T//cckF47fz.s 			page 12


 594      72732F73 
 594      696E2F44 
 594      6F63756D 
 594      656E7473 
 595 00cd 322F6465 		.ascii	"2/demos/ARMCM4-STM32F407-LWIP\000"
 595      6D6F732F 
 595      41524D43 
 595      4D342D53 
 595      544D3332 
 596              	.LASF15:
 597 00eb 5F766563 		.ascii	"_vectors\000"
 597      746F7273 
 597      00
 598              	.LASF4:
 599 00f4 73686F72 		.ascii	"short unsigned int\000"
 599      7420756E 
 599      7369676E 
 599      65642069 
 599      6E7400
 600              	.LASF1:
 601 0107 7369676E 		.ascii	"signed char\000"
 601      65642063 
 601      68617200 
 602              	.LASF14:
 603 0113 5F756E68 		.ascii	"_unhandled_exception\000"
 603      616E646C 
 603      65645F65 
 603      78636570 
 603      74696F6E 
 604              	.LASF3:
 605 0128 73686F72 		.ascii	"short int\000"
 605      7420696E 
 605      7400
 606              	.LASF9:
 607 0132 73697A65 		.ascii	"sizetype\000"
 607      74797065 
 607      00
 608              		.ident	"GCC: (GNU) 4.7.2"
ARM GAS  /var/folders/5n/p_75w94d66l9ssrldxqdhh700000gn/T//cckF47fz.s 			page 13


DEFINED SYMBOLS
                            *ABS*:0000000000000000 vectors.c
/var/folders/5n/p_75w94d66l9ssrldxqdhh700000gn/T//cckF47fz.s:19     .text._unhandled_exception:0000000000000000 $t
/var/folders/5n/p_75w94d66l9ssrldxqdhh700000gn/T//cckF47fz.s:25     .text._unhandled_exception:0000000000000000 _unhandled_exception
/var/folders/5n/p_75w94d66l9ssrldxqdhh700000gn/T//cckF47fz.s:25     .text._unhandled_exception:0000000000000000 HardFaultVector
/var/folders/5n/p_75w94d66l9ssrldxqdhh700000gn/T//cckF47fz.s:25     .text._unhandled_exception:0000000000000000 MemManageVector
/var/folders/5n/p_75w94d66l9ssrldxqdhh700000gn/T//cckF47fz.s:25     .text._unhandled_exception:0000000000000000 BusFaultVector
/var/folders/5n/p_75w94d66l9ssrldxqdhh700000gn/T//cckF47fz.s:25     .text._unhandled_exception:0000000000000000 UsageFaultVector
/var/folders/5n/p_75w94d66l9ssrldxqdhh700000gn/T//cckF47fz.s:25     .text._unhandled_exception:0000000000000000 Vector1C
/var/folders/5n/p_75w94d66l9ssrldxqdhh700000gn/T//cckF47fz.s:25     .text._unhandled_exception:0000000000000000 Vector20
/var/folders/5n/p_75w94d66l9ssrldxqdhh700000gn/T//cckF47fz.s:25     .text._unhandled_exception:0000000000000000 Vector24
/var/folders/5n/p_75w94d66l9ssrldxqdhh700000gn/T//cckF47fz.s:25     .text._unhandled_exception:0000000000000000 Vector28
/var/folders/5n/p_75w94d66l9ssrldxqdhh700000gn/T//cckF47fz.s:25     .text._unhandled_exception:0000000000000000 SVCallVector
/var/folders/5n/p_75w94d66l9ssrldxqdhh700000gn/T//cckF47fz.s:25     .text._unhandled_exception:0000000000000000 DebugMonitorVector
/var/folders/5n/p_75w94d66l9ssrldxqdhh700000gn/T//cckF47fz.s:25     .text._unhandled_exception:0000000000000000 Vector34
/var/folders/5n/p_75w94d66l9ssrldxqdhh700000gn/T//cckF47fz.s:25     .text._unhandled_exception:0000000000000000 PendSVVector
/var/folders/5n/p_75w94d66l9ssrldxqdhh700000gn/T//cckF47fz.s:25     .text._unhandled_exception:0000000000000000 SysTickVector
/var/folders/5n/p_75w94d66l9ssrldxqdhh700000gn/T//cckF47fz.s:25     .text._unhandled_exception:0000000000000000 Vector40
/var/folders/5n/p_75w94d66l9ssrldxqdhh700000gn/T//cckF47fz.s:25     .text._unhandled_exception:0000000000000000 Vector44
/var/folders/5n/p_75w94d66l9ssrldxqdhh700000gn/T//cckF47fz.s:25     .text._unhandled_exception:0000000000000000 Vector48
/var/folders/5n/p_75w94d66l9ssrldxqdhh700000gn/T//cckF47fz.s:25     .text._unhandled_exception:0000000000000000 Vector4C
/var/folders/5n/p_75w94d66l9ssrldxqdhh700000gn/T//cckF47fz.s:25     .text._unhandled_exception:0000000000000000 Vector50
/var/folders/5n/p_75w94d66l9ssrldxqdhh700000gn/T//cckF47fz.s:25     .text._unhandled_exception:0000000000000000 Vector54
/var/folders/5n/p_75w94d66l9ssrldxqdhh700000gn/T//cckF47fz.s:25     .text._unhandled_exception:0000000000000000 Vector58
/var/folders/5n/p_75w94d66l9ssrldxqdhh700000gn/T//cckF47fz.s:25     .text._unhandled_exception:0000000000000000 Vector5C
/var/folders/5n/p_75w94d66l9ssrldxqdhh700000gn/T//cckF47fz.s:25     .text._unhandled_exception:0000000000000000 Vector60
/var/folders/5n/p_75w94d66l9ssrldxqdhh700000gn/T//cckF47fz.s:25     .text._unhandled_exception:0000000000000000 Vector64
/var/folders/5n/p_75w94d66l9ssrldxqdhh700000gn/T//cckF47fz.s:25     .text._unhandled_exception:0000000000000000 Vector68
/var/folders/5n/p_75w94d66l9ssrldxqdhh700000gn/T//cckF47fz.s:25     .text._unhandled_exception:0000000000000000 Vector6C
/var/folders/5n/p_75w94d66l9ssrldxqdhh700000gn/T//cckF47fz.s:25     .text._unhandled_exception:0000000000000000 Vector70
/var/folders/5n/p_75w94d66l9ssrldxqdhh700000gn/T//cckF47fz.s:25     .text._unhandled_exception:0000000000000000 Vector74
/var/folders/5n/p_75w94d66l9ssrldxqdhh700000gn/T//cckF47fz.s:25     .text._unhandled_exception:0000000000000000 Vector78
/var/folders/5n/p_75w94d66l9ssrldxqdhh700000gn/T//cckF47fz.s:25     .text._unhandled_exception:0000000000000000 Vector7C
/var/folders/5n/p_75w94d66l9ssrldxqdhh700000gn/T//cckF47fz.s:25     .text._unhandled_exception:0000000000000000 Vector80
/var/folders/5n/p_75w94d66l9ssrldxqdhh700000gn/T//cckF47fz.s:25     .text._unhandled_exception:0000000000000000 Vector84
/var/folders/5n/p_75w94d66l9ssrldxqdhh700000gn/T//cckF47fz.s:25     .text._unhandled_exception:0000000000000000 Vector88
/var/folders/5n/p_75w94d66l9ssrldxqdhh700000gn/T//cckF47fz.s:25     .text._unhandled_exception:0000000000000000 Vector8C
/var/folders/5n/p_75w94d66l9ssrldxqdhh700000gn/T//cckF47fz.s:25     .text._unhandled_exception:0000000000000000 Vector90
/var/folders/5n/p_75w94d66l9ssrldxqdhh700000gn/T//cckF47fz.s:25     .text._unhandled_exception:0000000000000000 Vector94
/var/folders/5n/p_75w94d66l9ssrldxqdhh700000gn/T//cckF47fz.s:25     .text._unhandled_exception:0000000000000000 Vector98
/var/folders/5n/p_75w94d66l9ssrldxqdhh700000gn/T//cckF47fz.s:25     .text._unhandled_exception:0000000000000000 Vector9C
/var/folders/5n/p_75w94d66l9ssrldxqdhh700000gn/T//cckF47fz.s:25     .text._unhandled_exception:0000000000000000 VectorA0
/var/folders/5n/p_75w94d66l9ssrldxqdhh700000gn/T//cckF47fz.s:25     .text._unhandled_exception:0000000000000000 VectorA4
/var/folders/5n/p_75w94d66l9ssrldxqdhh700000gn/T//cckF47fz.s:25     .text._unhandled_exception:0000000000000000 VectorA8
/var/folders/5n/p_75w94d66l9ssrldxqdhh700000gn/T//cckF47fz.s:25     .text._unhandled_exception:0000000000000000 VectorAC
/var/folders/5n/p_75w94d66l9ssrldxqdhh700000gn/T//cckF47fz.s:25     .text._unhandled_exception:0000000000000000 VectorB0
/var/folders/5n/p_75w94d66l9ssrldxqdhh700000gn/T//cckF47fz.s:25     .text._unhandled_exception:0000000000000000 VectorB4
/var/folders/5n/p_75w94d66l9ssrldxqdhh700000gn/T//cckF47fz.s:25     .text._unhandled_exception:0000000000000000 VectorB8
/var/folders/5n/p_75w94d66l9ssrldxqdhh700000gn/T//cckF47fz.s:25     .text._unhandled_exception:0000000000000000 VectorBC
/var/folders/5n/p_75w94d66l9ssrldxqdhh700000gn/T//cckF47fz.s:25     .text._unhandled_exception:0000000000000000 VectorC0
/var/folders/5n/p_75w94d66l9ssrldxqdhh700000gn/T//cckF47fz.s:25     .text._unhandled_exception:0000000000000000 VectorC4
/var/folders/5n/p_75w94d66l9ssrldxqdhh700000gn/T//cckF47fz.s:25     .text._unhandled_exception:0000000000000000 VectorC8
/var/folders/5n/p_75w94d66l9ssrldxqdhh700000gn/T//cckF47fz.s:25     .text._unhandled_exception:0000000000000000 VectorCC
/var/folders/5n/p_75w94d66l9ssrldxqdhh700000gn/T//cckF47fz.s:25     .text._unhandled_exception:0000000000000000 VectorD0
/var/folders/5n/p_75w94d66l9ssrldxqdhh700000gn/T//cckF47fz.s:25     .text._unhandled_exception:0000000000000000 VectorD4
/var/folders/5n/p_75w94d66l9ssrldxqdhh700000gn/T//cckF47fz.s:25     .text._unhandled_exception:0000000000000000 VectorD8
/var/folders/5n/p_75w94d66l9ssrldxqdhh700000gn/T//cckF47fz.s:25     .text._unhandled_exception:0000000000000000 VectorDC
ARM GAS  /var/folders/5n/p_75w94d66l9ssrldxqdhh700000gn/T//cckF47fz.s 			page 14


/var/folders/5n/p_75w94d66l9ssrldxqdhh700000gn/T//cckF47fz.s:25     .text._unhandled_exception:0000000000000000 VectorE0
/var/folders/5n/p_75w94d66l9ssrldxqdhh700000gn/T//cckF47fz.s:25     .text._unhandled_exception:0000000000000000 VectorE4
/var/folders/5n/p_75w94d66l9ssrldxqdhh700000gn/T//cckF47fz.s:25     .text._unhandled_exception:0000000000000000 VectorE8
/var/folders/5n/p_75w94d66l9ssrldxqdhh700000gn/T//cckF47fz.s:25     .text._unhandled_exception:0000000000000000 VectorEC
/var/folders/5n/p_75w94d66l9ssrldxqdhh700000gn/T//cckF47fz.s:25     .text._unhandled_exception:0000000000000000 VectorF0
/var/folders/5n/p_75w94d66l9ssrldxqdhh700000gn/T//cckF47fz.s:25     .text._unhandled_exception:0000000000000000 VectorF4
/var/folders/5n/p_75w94d66l9ssrldxqdhh700000gn/T//cckF47fz.s:25     .text._unhandled_exception:0000000000000000 VectorF8
/var/folders/5n/p_75w94d66l9ssrldxqdhh700000gn/T//cckF47fz.s:25     .text._unhandled_exception:0000000000000000 VectorFC
/var/folders/5n/p_75w94d66l9ssrldxqdhh700000gn/T//cckF47fz.s:25     .text._unhandled_exception:0000000000000000 Vector100
/var/folders/5n/p_75w94d66l9ssrldxqdhh700000gn/T//cckF47fz.s:25     .text._unhandled_exception:0000000000000000 Vector104
/var/folders/5n/p_75w94d66l9ssrldxqdhh700000gn/T//cckF47fz.s:25     .text._unhandled_exception:0000000000000000 Vector108
/var/folders/5n/p_75w94d66l9ssrldxqdhh700000gn/T//cckF47fz.s:25     .text._unhandled_exception:0000000000000000 Vector10C
/var/folders/5n/p_75w94d66l9ssrldxqdhh700000gn/T//cckF47fz.s:25     .text._unhandled_exception:0000000000000000 Vector110
/var/folders/5n/p_75w94d66l9ssrldxqdhh700000gn/T//cckF47fz.s:25     .text._unhandled_exception:0000000000000000 Vector114
/var/folders/5n/p_75w94d66l9ssrldxqdhh700000gn/T//cckF47fz.s:25     .text._unhandled_exception:0000000000000000 Vector118
/var/folders/5n/p_75w94d66l9ssrldxqdhh700000gn/T//cckF47fz.s:25     .text._unhandled_exception:0000000000000000 Vector11C
/var/folders/5n/p_75w94d66l9ssrldxqdhh700000gn/T//cckF47fz.s:25     .text._unhandled_exception:0000000000000000 Vector120
/var/folders/5n/p_75w94d66l9ssrldxqdhh700000gn/T//cckF47fz.s:25     .text._unhandled_exception:0000000000000000 Vector124
/var/folders/5n/p_75w94d66l9ssrldxqdhh700000gn/T//cckF47fz.s:25     .text._unhandled_exception:0000000000000000 Vector128
/var/folders/5n/p_75w94d66l9ssrldxqdhh700000gn/T//cckF47fz.s:25     .text._unhandled_exception:0000000000000000 Vector12C
/var/folders/5n/p_75w94d66l9ssrldxqdhh700000gn/T//cckF47fz.s:25     .text._unhandled_exception:0000000000000000 Vector130
/var/folders/5n/p_75w94d66l9ssrldxqdhh700000gn/T//cckF47fz.s:25     .text._unhandled_exception:0000000000000000 Vector134
/var/folders/5n/p_75w94d66l9ssrldxqdhh700000gn/T//cckF47fz.s:25     .text._unhandled_exception:0000000000000000 Vector138
/var/folders/5n/p_75w94d66l9ssrldxqdhh700000gn/T//cckF47fz.s:25     .text._unhandled_exception:0000000000000000 Vector13C
/var/folders/5n/p_75w94d66l9ssrldxqdhh700000gn/T//cckF47fz.s:25     .text._unhandled_exception:0000000000000000 Vector140
/var/folders/5n/p_75w94d66l9ssrldxqdhh700000gn/T//cckF47fz.s:25     .text._unhandled_exception:0000000000000000 Vector144
/var/folders/5n/p_75w94d66l9ssrldxqdhh700000gn/T//cckF47fz.s:25     .text._unhandled_exception:0000000000000000 Vector148
/var/folders/5n/p_75w94d66l9ssrldxqdhh700000gn/T//cckF47fz.s:25     .text._unhandled_exception:0000000000000000 Vector14C
/var/folders/5n/p_75w94d66l9ssrldxqdhh700000gn/T//cckF47fz.s:25     .text._unhandled_exception:0000000000000000 Vector150
/var/folders/5n/p_75w94d66l9ssrldxqdhh700000gn/T//cckF47fz.s:25     .text._unhandled_exception:0000000000000000 Vector154
/var/folders/5n/p_75w94d66l9ssrldxqdhh700000gn/T//cckF47fz.s:25     .text._unhandled_exception:0000000000000000 Vector158
/var/folders/5n/p_75w94d66l9ssrldxqdhh700000gn/T//cckF47fz.s:25     .text._unhandled_exception:0000000000000000 Vector15C
/var/folders/5n/p_75w94d66l9ssrldxqdhh700000gn/T//cckF47fz.s:25     .text._unhandled_exception:0000000000000000 Vector160
/var/folders/5n/p_75w94d66l9ssrldxqdhh700000gn/T//cckF47fz.s:25     .text._unhandled_exception:0000000000000000 Vector164
/var/folders/5n/p_75w94d66l9ssrldxqdhh700000gn/T//cckF47fz.s:25     .text._unhandled_exception:0000000000000000 Vector168
/var/folders/5n/p_75w94d66l9ssrldxqdhh700000gn/T//cckF47fz.s:25     .text._unhandled_exception:0000000000000000 Vector16C
/var/folders/5n/p_75w94d66l9ssrldxqdhh700000gn/T//cckF47fz.s:25     .text._unhandled_exception:0000000000000000 Vector170
/var/folders/5n/p_75w94d66l9ssrldxqdhh700000gn/T//cckF47fz.s:25     .text._unhandled_exception:0000000000000000 Vector174
/var/folders/5n/p_75w94d66l9ssrldxqdhh700000gn/T//cckF47fz.s:25     .text._unhandled_exception:0000000000000000 Vector178
/var/folders/5n/p_75w94d66l9ssrldxqdhh700000gn/T//cckF47fz.s:25     .text._unhandled_exception:0000000000000000 Vector17C
/var/folders/5n/p_75w94d66l9ssrldxqdhh700000gn/T//cckF47fz.s:25     .text._unhandled_exception:0000000000000000 Vector180
/var/folders/5n/p_75w94d66l9ssrldxqdhh700000gn/T//cckF47fz.s:25     .text._unhandled_exception:0000000000000000 Vector184
/var/folders/5n/p_75w94d66l9ssrldxqdhh700000gn/T//cckF47fz.s:25     .text._unhandled_exception:0000000000000000 NMIVector
/var/folders/5n/p_75w94d66l9ssrldxqdhh700000gn/T//cckF47fz.s:236    vectors:0000000000000000 _vectors
/var/folders/5n/p_75w94d66l9ssrldxqdhh700000gn/T//cckF47fz.s:233    vectors:0000000000000000 $d
                     .debug_frame:0000000000000010 $d

UNDEFINED SYMBOLS
__main_stack_end__
ResetHandler
