   1               		.file	"chregistry.c"
   2               	__SREG__ = 0x3f
   3               	__SP_H__ = 0x3e
   4               	__SP_L__ = 0x3d
   5               	__CCP__  = 0x34
   6               	__tmp_reg__ = 0
   7               	__zero_reg__ = 1
  15               	.Ltext0:
  16               	.global	chRegFirstThread
  18               	chRegFirstThread:
  19               	.LFB9:
  20               	.LM1:
  21               	/* prologue: function */
  22               	/* frame size = 0 */
  23               	.LM2:
  24               	/* #APP */
  25               	 ;  113 "os/kernel/src/chregistry.c" 1
  26 0000 F894      		cli
  27               	 ;  0 "" 2
  28               	.LM3:
  29               	/* #NOAPP */
  30 0002 8091 0000 		lds r24,rlist+7
  31               	.LVL0:
  32 0006 9091 0000 		lds r25,rlist+8
  33               	.LVL1:
  34               	.LM4:
  35               	/* #APP */
  36               	 ;  118 "os/kernel/src/chregistry.c" 1
  37 000a 7894      		sei
  38               	 ;  0 "" 2
  39               	.LVL2:
  40               	/* epilogue start */
  41               	.LM5:
  42               	/* #NOAPP */
  43 000c 0895      		ret
  44               	.LFE9:
  46               	.global	chRegNextThread
  48               	chRegNextThread:
  49               	.LFB10:
  50               	.LM6:
  51               	.LVL3:
  52               	/* prologue: function */
  53               	/* frame size = 0 */
  54 000e FC01      		movw r30,r24
  55               	.LM7:
  56               	/* #APP */
  57               	 ;  136 "os/kernel/src/chregistry.c" 1
  58 0010 F894      		cli
  59               	 ;  0 "" 2
  60               	.LM8:
  61               	/* #NOAPP */
  62 0012 2781      		ldd r18,Z+7
  63 0014 3085      		ldd r19,Z+8
  64               	.LVL4:
  65               	.LM9:
  66 0016 80E0      		ldi r24,hi8(rlist)
  67 0018 2030      		cpi r18,lo8(rlist)
  68 001a 3807      		cpc r19,r24
  69               	.LVL5:
  70 001c 01F0      		breq .L7
  71               	.L4:
  72               	.LM10:
  73               	/* #APP */
  74               	 ;  147 "os/kernel/src/chregistry.c" 1
  75 001e 7894      		sei
  76               	 ;  0 "" 2
  77               	.LM11:
  78               	/* #NOAPP */
  79 0020 C901      		movw r24,r18
  80               	.LVL6:
  81               	/* epilogue start */
  82 0022 0895      		ret
  83               	.LVL7:
  84               	.L7:
  85               	.LM12:
  86 0024 20E0      		ldi r18,lo8(0)
  87 0026 30E0      		ldi r19,hi8(0)
  88 0028 00C0      		rjmp .L4
  89               	.LFE10:
  91               	.global	ch_debug
  92               		.data
  95               	ch_debug:
  96 0000 6D61 696E 		.ascii	"main"
  97 0004 00        		.byte	0
  98 0005 16        		.byte	22
  99 0006 4211      		.word	4418
 100 0008 02        		.byte	2
 101 0009 02        		.byte	2
 102 000a 20        		.byte	32
 103 000b 04        		.byte	4
 104 000c 05        		.byte	5
 105 000d 07        		.byte	7
 106 000e 09        		.byte	9
 107 000f 0B        		.byte	11
 108 0010 00        		.byte	0
 109 0011 0D        		.byte	13
 110 0012 0E        		.byte	14
 111 0013 00        		.byte	0
 112 0014 0F        		.byte	15
 113 0015 10        		.byte	16
 146               	.Letext0:
DEFINED SYMBOLS
                            *ABS*:00000000 chregistry.c
/var/folders/8w/bxlddk455k9cddvwz9khk6br0000gn/T//ccmAIvW1.s:2      *ABS*:0000003f __SREG__
/var/folders/8w/bxlddk455k9cddvwz9khk6br0000gn/T//ccmAIvW1.s:3      *ABS*:0000003e __SP_H__
/var/folders/8w/bxlddk455k9cddvwz9khk6br0000gn/T//ccmAIvW1.s:4      *ABS*:0000003d __SP_L__
/var/folders/8w/bxlddk455k9cddvwz9khk6br0000gn/T//ccmAIvW1.s:5      *ABS*:00000034 __CCP__
/var/folders/8w/bxlddk455k9cddvwz9khk6br0000gn/T//ccmAIvW1.s:6      *ABS*:00000000 __tmp_reg__
/var/folders/8w/bxlddk455k9cddvwz9khk6br0000gn/T//ccmAIvW1.s:7      *ABS*:00000001 __zero_reg__
/var/folders/8w/bxlddk455k9cddvwz9khk6br0000gn/T//ccmAIvW1.s:18     .text:00000000 chRegFirstThread
/var/folders/8w/bxlddk455k9cddvwz9khk6br0000gn/T//ccmAIvW1.s:48     .text:0000000e chRegNextThread
/var/folders/8w/bxlddk455k9cddvwz9khk6br0000gn/T//ccmAIvW1.s:95     .data:00000000 ch_debug

UNDEFINED SYMBOLS
rlist
__do_copy_data
