
An unexpected exception has been detected in native code outside the VM.
Unexpected Signal : 11 occurred at PC=0x4CE86E24
Function=_XimProcSyncReply+0x24
Library=/usr/X11R6/lib/X11/locale/common/ximcp.so.2

Current Java thread:
	at sun.awt.motif.MComponentPeer.pDispose(Native Method)
	at sun.awt.motif.MComponentPeer.disposeImpl(MComponentPeer.java:451)
	at sun.awt.motif.MChoicePeer.disposeImpl(MChoicePeer.java:146)
	at sun.awt.motif.MComponentPeer.dispose(MComponentPeer.java:465)
	at java.awt.Component.removeNotify(Component.java:5557)
	- locked <0x44801798> (a java.awt.Component$AWTTreeLock)
	at java.awt.Container.removeNotify(Container.java:2064)
	- locked <0x44801798> (a java.awt.Component$AWTTreeLock)
	at java.awt.Container.removeNotify(Container.java:2064)
	- locked <0x44801798> (a java.awt.Component$AWTTreeLock)
	at java.awt.Container.removeNotify(Container.java:2064)
	- locked <0x44801798> (a java.awt.Component$AWTTreeLock)
	at java.awt.Container.removeNotify(Container.java:2064)
	- locked <0x44801798> (a java.awt.Component$AWTTreeLock)
	at java.awt.Container.remove(Container.java:713)
	- locked <0x44801798> (a java.awt.Component$AWTTreeLock)
	at java.awt.Container.remove(Container.java:766)
	- locked <0x44801798> (a java.awt.Component$AWTTreeLock)
	at sun.applet.AppletPanel.run(AppletPanel.java:409)
	at java.lang.Thread.run(Thread.java:536)

Dynamic libraries:
08048000-0804e000 r-xp 00000000 08:05 312076     /usr/java/j2sdk1.4.1_01/bin/appletviewer
0804e000-0804f000 rw-p 00005000 08:05 312076     /usr/java/j2sdk1.4.1_01/bin/appletviewer
40000000-40014000 r-xp 00000000 08:05 377275     /lib/ld-2.2.5.so
40014000-40015000 rw-p 00013000 08:05 377275     /lib/ld-2.2.5.so
40015000-4001e000 r-xp 00000000 08:05 376888     /usr/java/j2sdk1.4.1_01/jre/lib/i386/native_threads/libhpi.so
4001e000-4001f000 rw-p 00008000 08:05 376888     /usr/java/j2sdk1.4.1_01/jre/lib/i386/native_threads/libhpi.so
40020000-40030000 r-xp 00000000 08:05 312445     /usr/java/j2sdk1.4.1_01/jre/lib/i386/libverify.so
40030000-40032000 rw-p 0000f000 08:05 312445     /usr/java/j2sdk1.4.1_01/jre/lib/i386/libverify.so
40032000-4003a000 r-xp 00000000 08:05 377282     /lib/libnss_files-2.2.5.so
4003a000-4003b000 rw-p 00008000 08:05 377282     /lib/libnss_files-2.2.5.so
4003b000-40049000 r-xp 00000000 08:05 377285     /lib/libpthread-0.9.so
40049000-40050000 rw-p 0000e000 08:05 377285     /lib/libpthread-0.9.so
40051000-4013a000 r-xp 00000000 08:05 307326     /usr/X11R6/lib/libX11.so.6.2
4013a000-4013d000 rw-p 000e9000 08:05 307326     /usr/X11R6/lib/libX11.so.6.2
4013d000-4013f000 r-xp 00000000 08:05 377278     /lib/libdl-2.2.5.so
4013f000-40140000 rw-p 00001000 08:05 377278     /lib/libdl-2.2.5.so
40140000-40260000 r-xp 00000000 08:05 377276     /lib/libc-2.2.5.so
40260000-40266000 rw-p 0011f000 08:05 377276     /lib/libc-2.2.5.so
4026a000-40582000 r-xp 00000000 08:05 296265     /usr/java/j2sdk1.4.1_01/jre/lib/i386/client/libjvm.so
40582000-40736000 rw-p 00317000 08:05 296265     /usr/java/j2sdk1.4.1_01/jre/lib/i386/client/libjvm.so
40746000-40757000 r-xp 00000000 08:05 377280     /lib/libnsl-2.2.5.so
40757000-40758000 rw-p 00010000 08:05 377280     /lib/libnsl-2.2.5.so
4075a000-4077b000 r-xp 00000000 08:05 377279     /lib/libm-2.2.5.so
4077b000-4077c000 rw-p 00020000 08:05 377279     /lib/libm-2.2.5.so
4077c000-4079d000 r-xp 00000000 08:05 312433     /usr/java/j2sdk1.4.1_01/jre/lib/i386/libjava.so
4079d000-4079f000 rw-p 00020000 08:05 312433     /usr/java/j2sdk1.4.1_01/jre/lib/i386/libjava.so
4079f000-407b4000 r-xp 00000000 08:05 312446     /usr/java/j2sdk1.4.1_01/jre/lib/i386/libzip.so
407b4000-407b6000 rw-p 00014000 08:05 312446     /usr/java/j2sdk1.4.1_01/jre/lib/i386/libzip.so
407b6000-41e84000 r--s 00000000 08:05 134680     /usr/java/j2sdk1.4.1_01/jre/lib/rt.jar
41ec7000-41ede000 r--s 00000000 08:05 134681     /usr/java/j2sdk1.4.1_01/jre/lib/sunrsasign.jar
41ede000-41f4f000 r--s 00000000 08:05 134674     /usr/java/j2sdk1.4.1_01/jre/lib/jsse.jar
41f4f000-41f62000 r--s 00000000 08:05 134673     /usr/java/j2sdk1.4.1_01/jre/lib/jce.jar
41f62000-4221e000 r--s 00000000 08:05 134322     /usr/java/j2sdk1.4.1_01/jre/lib/charsets.jar
442c6000-442cf000 r-xp 00000000 08:05 377284     /lib/libnss_nisplus-2.2.5.so
442cf000-442d0000 rw-p 00008000 08:05 377284     /lib/libnss_nisplus-2.2.5.so
4c350000-4c3c4000 r--p 00000000 08:05 53468      /usr/share/locale/ja_JP/LC_CTYPE
4c3c4000-4c3c7000 r--s 00000000 08:05 279679     /usr/java/j2sdk1.4.1_01/jre/lib/ext/dnsns.jar
4c3c7000-4c3d5000 r--s 00000000 08:05 279680     /usr/java/j2sdk1.4.1_01/jre/lib/ext/ldapsec.jar
4c3d5000-4c3dc000 r-xp 00000000 08:05 307348     /usr/X11R6/lib/libXp.so.6.2
4c3dc000-4c3dd000 rw-p 00006000 08:05 307348     /usr/X11R6/lib/libXp.so.6.2
4c3dd000-4c3e1000 r-xp 00000000 08:05 307358     /usr/X11R6/lib/libXtst.so.6.1
4c3e1000-4c3e2000 rw-p 00004000 08:05 307358     /usr/X11R6/lib/libXtst.so.6.1
4c3e2000-4c3e5000 r-xp 00000000 08:05 32797      /usr/lib/gconv/EUC-JP.so
4c3e5000-4c3e6000 rw-p 00002000 08:05 32797      /usr/lib/gconv/EUC-JP.so
4c3e6000-4c3e7000 r-xp 00000000 08:05 373037     /usr/X11R6/lib/X11/locale/common/xlocale.so.2
4c3e7000-4c3e8000 rw-p 00000000 08:05 373037     /usr/X11R6/lib/X11/locale/common/xlocale.so.2
4c3ea000-4c3f3000 r-xp 00000000 08:05 377283     /lib/libnss_nis-2.2.5.so
4c3f3000-4c3f4000 rw-p 00008000 08:05 377283     /lib/libnss_nis-2.2.5.so
4c3f4000-4c493000 r--s 00000000 08:05 279681     /usr/java/j2sdk1.4.1_01/jre/lib/ext/localedata.jar
4c493000-4c4b0000 r--s 00000000 08:05 279682     /usr/java/j2sdk1.4.1_01/jre/lib/ext/sunjce_provider.jar
4c4b0000-4c963000 r--s 00000000 08:05 279736     /usr/java/j2sdk1.4.1_01/lib/tools.jar
4c963000-4cc2a000 r-xp 00000000 08:05 312425     /usr/java/j2sdk1.4.1_01/jre/lib/i386/libawt.so
4cc2a000-4cc3f000 rw-p 002c6000 08:05 312425     /usr/java/j2sdk1.4.1_01/jre/lib/i386/libawt.so
4cc64000-4ccb7000 r-xp 00000000 08:05 312441     /usr/java/j2sdk1.4.1_01/jre/lib/i386/libmlib_image.so
4ccb7000-4ccb8000 rw-p 00052000 08:05 312441     /usr/java/j2sdk1.4.1_01/jre/lib/i386/libmlib_image.so
4ccb8000-4ccd0000 r-xp 00000000 08:05 34568      /usr/lib/gconv/libJIS.so
4ccd0000-4ccd1000 rw-p 00017000 08:05 34568      /usr/lib/gconv/libJIS.so
4ccd1000-4ccd6000 r-xp 00000000 08:05 373036     /usr/X11R6/lib/X11/locale/common/xlibi18n.so.2
4ccd6000-4ccd7000 rw-p 00004000 08:05 373036     /usr/X11R6/lib/X11/locale/common/xlibi18n.so.2
4ccde000-4cd26000 r-xp 00000000 08:05 307356     /usr/X11R6/lib/libXt.so.6.0
4cd26000-4cd2a000 rw-p 00047000 08:05 307356     /usr/X11R6/lib/libXt.so.6.0
4cd2a000-4cd37000 r-xp 00000000 08:05 307336     /usr/X11R6/lib/libXext.so.6.4
4cd37000-4cd38000 rw-p 0000c000 08:05 307336     /usr/X11R6/lib/libXext.so.6.4
4cd38000-4cd40000 r-xp 00000000 08:05 307324     /usr/X11R6/lib/libSM.so.6.0
4cd40000-4cd41000 rw-p 00007000 08:05 307324     /usr/X11R6/lib/libSM.so.6.0
4cd41000-4cd55000 r-xp 00000000 08:05 307320     /usr/X11R6/lib/libICE.so.6.3
4cd55000-4cd56000 rw-p 00013000 08:05 307320     /usr/X11R6/lib/libICE.so.6.3
4cd58000-4ce1e000 r-xp 00000000 08:05 312429     /usr/java/j2sdk1.4.1_01/jre/lib/i386/libfontmanager.so
4ce1e000-4ce39000 rw-p 000c5000 08:05 312429     /usr/java/j2sdk1.4.1_01/jre/lib/i386/libfontmanager.so
4ce39000-4ce6f000 r-xp 00000000 08:05 32700      /usr/lib/libstdc++.so.2.9.0
4ce6f000-4ce7b000 rw-p 00035000 08:05 32700      /usr/lib/libstdc++.so.2.9.0
4ce7d000-4ce98000 r-xp 00000000 08:05 373032     /usr/X11R6/lib/X11/locale/common/ximcp.so.2
4ce98000-4ce9a000 rw-p 0001a000 08:05 373032     /usr/X11R6/lib/X11/locale/common/ximcp.so.2
4ce9a000-4cea2000 r-xp 00000000 08:05 373038     /usr/X11R6/lib/X11/locale/common/xomGeneric.so.2
4cea2000-4cea3000 rw-p 00008000 08:05 373038     /usr/X11R6/lib/X11/locale/common/xomGeneric.so.2
4cea3000-4ceb3000 r-xp 00000000 08:05 312442     /usr/java/j2sdk1.4.1_01/jre/lib/i386/libnet.so
4ceb3000-4ceb5000 rw-p 0000f000 08:05 312442     /usr/java/j2sdk1.4.1_01/jre/lib/i386/libnet.so

Local Time = Wed Apr 30 18:32:31 2003
Elapsed Time = 38
#
# The exception above was detected in native code outside the VM
#
# Java VM: Java HotSpot(TM) Client VM (1.4.1_01-b01 mixed mode)
#
