ARM GAS  /var/folders/5n/p_75w94d66l9ssrldxqdhh700000gn/T//ccVcO4KR.s 			page 1


   1              		.syntax unified
   2              		.cpu cortex-m4
   3              		.fpu softvfp
   4              		.eabi_attribute 20, 1
   5              		.eabi_attribute 21, 1
   6              		.eabi_attribute 23, 3
   7              		.eabi_attribute 24, 1
   8              		.eabi_attribute 25, 1
   9              		.eabi_attribute 26, 1
  10              		.eabi_attribute 30, 2
  11              		.eabi_attribute 34, 1
  12              		.eabi_attribute 18, 4
  13              		.thumb
  14              		.file	"board.c"
  15              		.text
  16              	.Ltext0:
  17              		.cfi_sections	.debug_frame
  18              		.section	.text.__early_init,"ax",%progbits
  19              		.align	2
  20              		.p2align 4,,15
  21              		.global	__early_init
  22              		.thumb
  23              		.thumb_func
  24              		.type	__early_init, %function
  25              	__early_init:
  26              	.LFB117:
  27              		.file 1 "../../boards/ST_STM32F4_DISCOVERY/board.c"
  28              		.loc 1 56 0
  29              		.cfi_startproc
  30              		@ args = 0, pretend = 0, frame = 0
  31              		@ frame_needed = 0, uses_anonymous_args = 0
  32              		@ link register save eliminated.
  33              		.loc 1 59 0
  34              		.loc 1 58 0
  35 0000 FFF7FEBF 		b	stm32_clock_init
  36              	.LVL0:
  37              		.cfi_endproc
  38              	.LFE117:
  39              		.size	__early_init, .-__early_init
  40 0004 AFF30080 		.section	.text.boardInit,"ax",%progbits
  40      AFF30080 
  40      AFF30080 
  41              		.align	2
  42              		.p2align 4,,15
  43              		.global	boardInit
  44              		.thumb
  45              		.thumb_func
  46              		.type	boardInit, %function
  47              	boardInit:
  48              	.LFB118:
  49              		.loc 1 64 0
  50              		.cfi_startproc
  51              		@ args = 0, pretend = 0, frame = 0
  52              		@ frame_needed = 0, uses_anonymous_args = 0
  53              		@ link register save eliminated.
  54 0000 7047     		bx	lr
  55              		.cfi_endproc
ARM GAS  /var/folders/5n/p_75w94d66l9ssrldxqdhh700000gn/T//ccVcO4KR.s 			page 2


  56              	.LFE118:
  57              		.size	boardInit, .-boardInit
  58              		.global	pal_default_config
  59 0002 00BFAFF3 		.section	.rodata.pal_default_config,"a",%progbits
  59      0080AFF3 
  59      0080AFF3 
  59      0080
  60              		.align	2
  61              		.type	pal_default_config, %object
  62              		.size	pal_default_config, 252
  63              	pal_default_config:
  64 0000 00AAA02A 		.word	715172352
  65 0004 00000000 		.word	0
  66 0008 FFFFFFFF 		.word	-1
  67 000c 54000164 		.word	1677787220
  68 0010 FFFFFFFF 		.word	-1
  69 0014 00005655 		.word	1431699456
  70 0018 00AA0A00 		.word	698880
  71 001c 80200800 		.word	532608
  72 0020 40020000 		.word	576
  73 0024 FFFFFFFF 		.word	-1
  74 0028 15455155 		.word	1431389461
  75 002c FFFFFFFF 		.word	-1
  76 0030 00000004 		.word	67108864
  77 0034 40000000 		.word	64
  78 0038 01802002 		.word	35684353
  79 003c 00000000 		.word	0
  80 0040 FFFFFFFF 		.word	-1
  81 0044 54154554 		.word	1413813588
  82 0048 FFFFFFFF 		.word	-1
  83 004c 00000060 		.word	1610612736
  84 0050 00060600 		.word	394752
  85 0054 00010055 		.word	1426063616
  86 0058 00000000 		.word	0
  87 005c FFFFFFFF 		.word	-1
  88 0060 55505500 		.word	5591125
  89 0064 CF0F0000 		.word	4047
  90 0068 00000000 		.word	0
  91 006c 00000000 		.word	0
  92 0070 40000000 		.word	64
  93 0074 00000000 		.word	0
  94 0078 FFFFFFFF 		.word	-1
  95 007c 10555555 		.word	1431655696
  96 0080 FFFFFFFF 		.word	-1
  97 0084 00000000 		.word	0
  98 0088 00000000 		.word	0
  99 008c 00000000 		.word	0
 100 0090 00000000 		.word	0
 101 0094 FFFFFFFF 		.word	-1
 102 0098 55555555 		.word	1431655765
 103 009c FFFFFFFF 		.word	-1
 104 00a0 00000000 		.word	0
 105 00a4 00000000 		.word	0
 106 00a8 00000000 		.word	0
 107 00ac 00000000 		.word	0
 108 00b0 FFFFFFFF 		.word	-1
 109 00b4 55555555 		.word	1431655765
ARM GAS  /var/folders/5n/p_75w94d66l9ssrldxqdhh700000gn/T//ccVcO4KR.s 			page 3


 110 00b8 FFFFFFFF 		.word	-1
 111 00bc 00000000 		.word	0
 112 00c0 00000000 		.word	0
 113 00c4 00000000 		.word	0
 114 00c8 00000000 		.word	0
 115 00cc FFFFFFFF 		.word	-1
 116 00d0 50555555 		.word	1431655760
 117 00d4 FFFFFFFF 		.word	-1
 118 00d8 00000000 		.word	0
 119 00dc 00000000 		.word	0
 120 00e0 00000000 		.word	0
 121 00e4 00000000 		.word	0
 122 00e8 FFFFFFFF 		.word	-1
 123 00ec 55555555 		.word	1431655765
 124 00f0 FFFFFFFF 		.word	-1
 125 00f4 00000000 		.word	0
 126 00f8 00000000 		.word	0
 127              		.text
 128              	.Letext0:
 129              		.file 2 "/usr/local/cross/lib/gcc/arm-none-eabi/4.7.1/../../../../arm-none-eabi/include/stdint.h"
 130              		.file 3 "../../os/hal/platforms/STM32/GPIOv2/pal_lld.h"
 131              		.file 4 "../../os/ports/common/ARMCMx/CMSIS/include/core_cm4.h"
 132              		.file 5 "../../os/hal/platforms/STM32F4xx/hal_lld.h"
 133              		.section	.debug_info,"",%progbits
 134              	.Ldebug_info0:
 135 0000 0A020000 		.4byte	0x20a
 136 0004 0200     		.2byte	0x2
 137 0006 00000000 		.4byte	.Ldebug_abbrev0
 138 000a 04       		.byte	0x4
 139 000b 01       		.uleb128 0x1
 140 000c B2010000 		.4byte	.LASF32
 141 0010 01       		.byte	0x1
 142 0011 1C000000 		.4byte	.LASF33
 143 0015 8B000000 		.4byte	.LASF34
 144 0019 00000000 		.4byte	.Ldebug_ranges0+0
 145 001d 00000000 		.4byte	0
 146 0021 00000000 		.4byte	0
 147 0025 00000000 		.4byte	.Ldebug_line0
 148 0029 02       		.uleb128 0x2
 149 002a 04       		.byte	0x4
 150 002b 05       		.byte	0x5
 151 002c 696E7400 		.ascii	"int\000"
 152 0030 03       		.uleb128 0x3
 153 0031 04       		.byte	0x4
 154 0032 07       		.byte	0x7
 155 0033 59000000 		.4byte	.LASF0
 156 0037 03       		.uleb128 0x3
 157 0038 01       		.byte	0x1
 158 0039 06       		.byte	0x6
 159 003a EC010000 		.4byte	.LASF1
 160 003e 03       		.uleb128 0x3
 161 003f 01       		.byte	0x1
 162 0040 08       		.byte	0x8
 163 0041 E8000000 		.4byte	.LASF2
 164 0045 03       		.uleb128 0x3
 165 0046 02       		.byte	0x2
 166 0047 05       		.byte	0x5
ARM GAS  /var/folders/5n/p_75w94d66l9ssrldxqdhh700000gn/T//ccVcO4KR.s 			page 4


 167 0048 C5010000 		.4byte	.LASF3
 168 004c 03       		.uleb128 0x3
 169 004d 02       		.byte	0x2
 170 004e 07       		.byte	0x7
 171 004f 46000000 		.4byte	.LASF4
 172 0053 04       		.uleb128 0x4
 173 0054 99010000 		.4byte	.LASF6
 174 0058 02       		.byte	0x2
 175 0059 4F       		.byte	0x4f
 176 005a 5E000000 		.4byte	0x5e
 177 005e 03       		.uleb128 0x3
 178 005f 04       		.byte	0x4
 179 0060 05       		.byte	0x5
 180 0061 DD010000 		.4byte	.LASF5
 181 0065 04       		.uleb128 0x4
 182 0066 31010000 		.4byte	.LASF7
 183 006a 02       		.byte	0x2
 184 006b 50       		.byte	0x50
 185 006c 70000000 		.4byte	0x70
 186 0070 03       		.uleb128 0x3
 187 0071 04       		.byte	0x4
 188 0072 07       		.byte	0x7
 189 0073 1A010000 		.4byte	.LASF8
 190 0077 03       		.uleb128 0x3
 191 0078 08       		.byte	0x8
 192 0079 05       		.byte	0x5
 193 007a 00000000 		.4byte	.LASF9
 194 007e 03       		.uleb128 0x3
 195 007f 08       		.byte	0x8
 196 0080 07       		.byte	0x7
 197 0081 74000000 		.4byte	.LASF10
 198 0085 03       		.uleb128 0x3
 199 0086 04       		.byte	0x4
 200 0087 07       		.byte	0x7
 201 0088 A1010000 		.4byte	.LASF11
 202 008c 03       		.uleb128 0x3
 203 008d 01       		.byte	0x1
 204 008e 08       		.byte	0x8
 205 008f 7D010000 		.4byte	.LASF12
 206 0093 05       		.uleb128 0x5
 207 0094 53000000 		.4byte	0x53
 208 0098 06       		.uleb128 0x6
 209 0099 1C       		.byte	0x1c
 210 009a 03       		.byte	0x3
 211 009b AA       		.byte	0xaa
 212 009c 03010000 		.4byte	0x103
 213 00a0 07       		.uleb128 0x7
 214 00a1 E6010000 		.4byte	.LASF13
 215 00a5 03       		.byte	0x3
 216 00a6 AC       		.byte	0xac
 217 00a7 65000000 		.4byte	0x65
 218 00ab 02       		.byte	0x2
 219 00ac 23       		.byte	0x23
 220 00ad 00       		.uleb128 0
 221 00ae 07       		.uleb128 0x7
 222 00af 66000000 		.4byte	.LASF14
 223 00b3 03       		.byte	0x3
ARM GAS  /var/folders/5n/p_75w94d66l9ssrldxqdhh700000gn/T//ccVcO4KR.s 			page 5


 224 00b4 AE       		.byte	0xae
 225 00b5 65000000 		.4byte	0x65
 226 00b9 02       		.byte	0x2
 227 00ba 23       		.byte	0x23
 228 00bb 04       		.uleb128 0x4
 229 00bc 07       		.uleb128 0x7
 230 00bd AA010000 		.4byte	.LASF15
 231 00c1 03       		.byte	0x3
 232 00c2 B0       		.byte	0xb0
 233 00c3 65000000 		.4byte	0x65
 234 00c7 02       		.byte	0x2
 235 00c8 23       		.byte	0x23
 236 00c9 08       		.uleb128 0x8
 237 00ca 07       		.uleb128 0x7
 238 00cb 69010000 		.4byte	.LASF16
 239 00cf 03       		.byte	0x3
 240 00d0 B2       		.byte	0xb2
 241 00d1 65000000 		.4byte	0x65
 242 00d5 02       		.byte	0x2
 243 00d6 23       		.byte	0x23
 244 00d7 0C       		.uleb128 0xc
 245 00d8 08       		.uleb128 0x8
 246 00d9 6F647200 		.ascii	"odr\000"
 247 00dd 03       		.byte	0x3
 248 00de B4       		.byte	0xb4
 249 00df 65000000 		.4byte	0x65
 250 00e3 02       		.byte	0x2
 251 00e4 23       		.byte	0x23
 252 00e5 10       		.uleb128 0x10
 253 00e6 07       		.uleb128 0x7
 254 00e7 3A010000 		.4byte	.LASF17
 255 00eb 03       		.byte	0x3
 256 00ec B6       		.byte	0xb6
 257 00ed 65000000 		.4byte	0x65
 258 00f1 02       		.byte	0x2
 259 00f2 23       		.byte	0x23
 260 00f3 14       		.uleb128 0x14
 261 00f4 07       		.uleb128 0x7
 262 00f5 2C010000 		.4byte	.LASF18
 263 00f9 03       		.byte	0x3
 264 00fa B8       		.byte	0xb8
 265 00fb 65000000 		.4byte	0x65
 266 00ff 02       		.byte	0x2
 267 0100 23       		.byte	0x23
 268 0101 18       		.uleb128 0x18
 269 0102 00       		.byte	0
 270 0103 04       		.uleb128 0x4
 271 0104 F6000000 		.4byte	.LASF19
 272 0108 03       		.byte	0x3
 273 0109 B9       		.byte	0xb9
 274 010a 98000000 		.4byte	0x98
 275 010e 06       		.uleb128 0x6
 276 010f FC       		.byte	0xfc
 277 0110 03       		.byte	0x3
 278 0111 C2       		.byte	0xc2
 279 0112 99010000 		.4byte	0x199
 280 0116 07       		.uleb128 0x7
ARM GAS  /var/folders/5n/p_75w94d66l9ssrldxqdhh700000gn/T//ccVcO4KR.s 			page 6


 281 0117 D6010000 		.4byte	.LASF20
 282 011b 03       		.byte	0x3
 283 011c C4       		.byte	0xc4
 284 011d 03010000 		.4byte	0x103
 285 0121 02       		.byte	0x2
 286 0122 23       		.byte	0x23
 287 0123 00       		.uleb128 0
 288 0124 07       		.uleb128 0x7
 289 0125 76010000 		.4byte	.LASF21
 290 0129 03       		.byte	0x3
 291 012a C6       		.byte	0xc6
 292 012b 03010000 		.4byte	0x103
 293 012f 02       		.byte	0x2
 294 0130 23       		.byte	0x23
 295 0131 1C       		.uleb128 0x1c
 296 0132 07       		.uleb128 0x7
 297 0133 CF010000 		.4byte	.LASF22
 298 0137 03       		.byte	0x3
 299 0138 C8       		.byte	0xc8
 300 0139 03010000 		.4byte	0x103
 301 013d 02       		.byte	0x2
 302 013e 23       		.byte	0x23
 303 013f 38       		.uleb128 0x38
 304 0140 07       		.uleb128 0x7
 305 0141 15000000 		.4byte	.LASF23
 306 0145 03       		.byte	0x3
 307 0146 CA       		.byte	0xca
 308 0147 03010000 		.4byte	0x103
 309 014b 02       		.byte	0x2
 310 014c 23       		.byte	0x23
 311 014d 54       		.uleb128 0x54
 312 014e 07       		.uleb128 0x7
 313 014f E1000000 		.4byte	.LASF24
 314 0153 03       		.byte	0x3
 315 0154 CD       		.byte	0xcd
 316 0155 03010000 		.4byte	0x103
 317 0159 02       		.byte	0x2
 318 015a 23       		.byte	0x23
 319 015b 70       		.uleb128 0x70
 320 015c 07       		.uleb128 0x7
 321 015d 6F010000 		.4byte	.LASF25
 322 0161 03       		.byte	0x3
 323 0162 D1       		.byte	0xd1
 324 0163 03010000 		.4byte	0x103
 325 0167 03       		.byte	0x3
 326 0168 23       		.byte	0x23
 327 0169 8C01     		.uleb128 0x8c
 328 016b 07       		.uleb128 0x7
 329 016c BE010000 		.4byte	.LASF26
 330 0170 03       		.byte	0x3
 331 0171 D5       		.byte	0xd5
 332 0172 03010000 		.4byte	0x103
 333 0176 03       		.byte	0x3
 334 0177 23       		.byte	0x23
 335 0178 A801     		.uleb128 0xa8
 336 017a 07       		.uleb128 0x7
 337 017b 0E000000 		.4byte	.LASF27
ARM GAS  /var/folders/5n/p_75w94d66l9ssrldxqdhh700000gn/T//ccVcO4KR.s 			page 7


 338 017f 03       		.byte	0x3
 339 0180 D9       		.byte	0xd9
 340 0181 03010000 		.4byte	0x103
 341 0185 03       		.byte	0x3
 342 0186 23       		.byte	0x23
 343 0187 C401     		.uleb128 0xc4
 344 0189 07       		.uleb128 0x7
 345 018a 6D000000 		.4byte	.LASF28
 346 018e 03       		.byte	0x3
 347 018f DD       		.byte	0xdd
 348 0190 03010000 		.4byte	0x103
 349 0194 03       		.byte	0x3
 350 0195 23       		.byte	0x23
 351 0196 E001     		.uleb128 0xe0
 352 0198 00       		.byte	0
 353 0199 04       		.uleb128 0x4
 354 019a 4C010000 		.4byte	.LASF29
 355 019e 03       		.byte	0x3
 356 019f DF       		.byte	0xdf
 357 01a0 0E010000 		.4byte	0x10e
 358 01a4 09       		.uleb128 0x9
 359 01a5 01       		.byte	0x1
 360 01a6 8C010000 		.4byte	.LASF35
 361 01aa 01       		.byte	0x1
 362 01ab 38       		.byte	0x38
 363 01ac 01       		.byte	0x1
 364 01ad 00000000 		.4byte	.LFB117
 365 01b1 04000000 		.4byte	.LFE117
 366 01b5 02       		.byte	0x2
 367 01b6 7D       		.byte	0x7d
 368 01b7 00       		.sleb128 0
 369 01b8 01       		.byte	0x1
 370 01b9 C8010000 		.4byte	0x1c8
 371 01bd 0A       		.uleb128 0xa
 372 01be 04000000 		.4byte	.LVL0
 373 01c2 01       		.byte	0x1
 374 01c3 02020000 		.4byte	0x202
 375 01c7 00       		.byte	0
 376 01c8 0B       		.uleb128 0xb
 377 01c9 01       		.byte	0x1
 378 01ca 82010000 		.4byte	.LASF36
 379 01ce 01       		.byte	0x1
 380 01cf 40       		.byte	0x40
 381 01d0 01       		.byte	0x1
 382 01d1 00000000 		.4byte	.LFB118
 383 01d5 02000000 		.4byte	.LFE118
 384 01d9 02       		.byte	0x2
 385 01da 7D       		.byte	0x7d
 386 01db 00       		.sleb128 0
 387 01dc 01       		.byte	0x1
 388 01dd 0C       		.uleb128 0xc
 389 01de 3F010000 		.4byte	.LASF30
 390 01e2 04       		.byte	0x4
 391 01e3 1A05     		.2byte	0x51a
 392 01e5 93000000 		.4byte	0x93
 393 01e9 01       		.byte	0x1
 394 01ea 01       		.byte	0x1
ARM GAS  /var/folders/5n/p_75w94d66l9ssrldxqdhh700000gn/T//ccVcO4KR.s 			page 8


 395 01eb 0D       		.uleb128 0xd
 396 01ec 56010000 		.4byte	.LASF31
 397 01f0 01       		.byte	0x1
 398 01f1 25       		.byte	0x25
 399 01f2 FD010000 		.4byte	0x1fd
 400 01f6 01       		.byte	0x1
 401 01f7 05       		.byte	0x5
 402 01f8 03       		.byte	0x3
 403 01f9 00000000 		.4byte	pal_default_config
 404 01fd 0E       		.uleb128 0xe
 405 01fe 99010000 		.4byte	0x199
 406 0202 0F       		.uleb128 0xf
 407 0203 01       		.byte	0x1
 408 0204 09010000 		.4byte	.LASF37
 409 0208 05       		.byte	0x5
 410 0209 8C05     		.2byte	0x58c
 411 020b 01       		.byte	0x1
 412 020c 01       		.byte	0x1
 413 020d 00       		.byte	0
 414              		.section	.debug_abbrev,"",%progbits
 415              	.Ldebug_abbrev0:
 416 0000 01       		.uleb128 0x1
 417 0001 11       		.uleb128 0x11
 418 0002 01       		.byte	0x1
 419 0003 25       		.uleb128 0x25
 420 0004 0E       		.uleb128 0xe
 421 0005 13       		.uleb128 0x13
 422 0006 0B       		.uleb128 0xb
 423 0007 03       		.uleb128 0x3
 424 0008 0E       		.uleb128 0xe
 425 0009 1B       		.uleb128 0x1b
 426 000a 0E       		.uleb128 0xe
 427 000b 55       		.uleb128 0x55
 428 000c 06       		.uleb128 0x6
 429 000d 11       		.uleb128 0x11
 430 000e 01       		.uleb128 0x1
 431 000f 52       		.uleb128 0x52
 432 0010 01       		.uleb128 0x1
 433 0011 10       		.uleb128 0x10
 434 0012 06       		.uleb128 0x6
 435 0013 00       		.byte	0
 436 0014 00       		.byte	0
 437 0015 02       		.uleb128 0x2
 438 0016 24       		.uleb128 0x24
 439 0017 00       		.byte	0
 440 0018 0B       		.uleb128 0xb
 441 0019 0B       		.uleb128 0xb
 442 001a 3E       		.uleb128 0x3e
 443 001b 0B       		.uleb128 0xb
 444 001c 03       		.uleb128 0x3
 445 001d 08       		.uleb128 0x8
 446 001e 00       		.byte	0
 447 001f 00       		.byte	0
 448 0020 03       		.uleb128 0x3
 449 0021 24       		.uleb128 0x24
 450 0022 00       		.byte	0
 451 0023 0B       		.uleb128 0xb
ARM GAS  /var/folders/5n/p_75w94d66l9ssrldxqdhh700000gn/T//ccVcO4KR.s 			page 9


 452 0024 0B       		.uleb128 0xb
 453 0025 3E       		.uleb128 0x3e
 454 0026 0B       		.uleb128 0xb
 455 0027 03       		.uleb128 0x3
 456 0028 0E       		.uleb128 0xe
 457 0029 00       		.byte	0
 458 002a 00       		.byte	0
 459 002b 04       		.uleb128 0x4
 460 002c 16       		.uleb128 0x16
 461 002d 00       		.byte	0
 462 002e 03       		.uleb128 0x3
 463 002f 0E       		.uleb128 0xe
 464 0030 3A       		.uleb128 0x3a
 465 0031 0B       		.uleb128 0xb
 466 0032 3B       		.uleb128 0x3b
 467 0033 0B       		.uleb128 0xb
 468 0034 49       		.uleb128 0x49
 469 0035 13       		.uleb128 0x13
 470 0036 00       		.byte	0
 471 0037 00       		.byte	0
 472 0038 05       		.uleb128 0x5
 473 0039 35       		.uleb128 0x35
 474 003a 00       		.byte	0
 475 003b 49       		.uleb128 0x49
 476 003c 13       		.uleb128 0x13
 477 003d 00       		.byte	0
 478 003e 00       		.byte	0
 479 003f 06       		.uleb128 0x6
 480 0040 13       		.uleb128 0x13
 481 0041 01       		.byte	0x1
 482 0042 0B       		.uleb128 0xb
 483 0043 0B       		.uleb128 0xb
 484 0044 3A       		.uleb128 0x3a
 485 0045 0B       		.uleb128 0xb
 486 0046 3B       		.uleb128 0x3b
 487 0047 0B       		.uleb128 0xb
 488 0048 01       		.uleb128 0x1
 489 0049 13       		.uleb128 0x13
 490 004a 00       		.byte	0
 491 004b 00       		.byte	0
 492 004c 07       		.uleb128 0x7
 493 004d 0D       		.uleb128 0xd
 494 004e 00       		.byte	0
 495 004f 03       		.uleb128 0x3
 496 0050 0E       		.uleb128 0xe
 497 0051 3A       		.uleb128 0x3a
 498 0052 0B       		.uleb128 0xb
 499 0053 3B       		.uleb128 0x3b
 500 0054 0B       		.uleb128 0xb
 501 0055 49       		.uleb128 0x49
 502 0056 13       		.uleb128 0x13
 503 0057 38       		.uleb128 0x38
 504 0058 0A       		.uleb128 0xa
 505 0059 00       		.byte	0
 506 005a 00       		.byte	0
 507 005b 08       		.uleb128 0x8
 508 005c 0D       		.uleb128 0xd
ARM GAS  /var/folders/5n/p_75w94d66l9ssrldxqdhh700000gn/T//ccVcO4KR.s 			page 10


 509 005d 00       		.byte	0
 510 005e 03       		.uleb128 0x3
 511 005f 08       		.uleb128 0x8
 512 0060 3A       		.uleb128 0x3a
 513 0061 0B       		.uleb128 0xb
 514 0062 3B       		.uleb128 0x3b
 515 0063 0B       		.uleb128 0xb
 516 0064 49       		.uleb128 0x49
 517 0065 13       		.uleb128 0x13
 518 0066 38       		.uleb128 0x38
 519 0067 0A       		.uleb128 0xa
 520 0068 00       		.byte	0
 521 0069 00       		.byte	0
 522 006a 09       		.uleb128 0x9
 523 006b 2E       		.uleb128 0x2e
 524 006c 01       		.byte	0x1
 525 006d 3F       		.uleb128 0x3f
 526 006e 0C       		.uleb128 0xc
 527 006f 03       		.uleb128 0x3
 528 0070 0E       		.uleb128 0xe
 529 0071 3A       		.uleb128 0x3a
 530 0072 0B       		.uleb128 0xb
 531 0073 3B       		.uleb128 0x3b
 532 0074 0B       		.uleb128 0xb
 533 0075 27       		.uleb128 0x27
 534 0076 0C       		.uleb128 0xc
 535 0077 11       		.uleb128 0x11
 536 0078 01       		.uleb128 0x1
 537 0079 12       		.uleb128 0x12
 538 007a 01       		.uleb128 0x1
 539 007b 40       		.uleb128 0x40
 540 007c 0A       		.uleb128 0xa
 541 007d 9742     		.uleb128 0x2117
 542 007f 0C       		.uleb128 0xc
 543 0080 01       		.uleb128 0x1
 544 0081 13       		.uleb128 0x13
 545 0082 00       		.byte	0
 546 0083 00       		.byte	0
 547 0084 0A       		.uleb128 0xa
 548 0085 898201   		.uleb128 0x4109
 549 0088 00       		.byte	0
 550 0089 11       		.uleb128 0x11
 551 008a 01       		.uleb128 0x1
 552 008b 9542     		.uleb128 0x2115
 553 008d 0C       		.uleb128 0xc
 554 008e 31       		.uleb128 0x31
 555 008f 13       		.uleb128 0x13
 556 0090 00       		.byte	0
 557 0091 00       		.byte	0
 558 0092 0B       		.uleb128 0xb
 559 0093 2E       		.uleb128 0x2e
 560 0094 00       		.byte	0
 561 0095 3F       		.uleb128 0x3f
 562 0096 0C       		.uleb128 0xc
 563 0097 03       		.uleb128 0x3
 564 0098 0E       		.uleb128 0xe
 565 0099 3A       		.uleb128 0x3a
ARM GAS  /var/folders/5n/p_75w94d66l9ssrldxqdhh700000gn/T//ccVcO4KR.s 			page 11


 566 009a 0B       		.uleb128 0xb
 567 009b 3B       		.uleb128 0x3b
 568 009c 0B       		.uleb128 0xb
 569 009d 27       		.uleb128 0x27
 570 009e 0C       		.uleb128 0xc
 571 009f 11       		.uleb128 0x11
 572 00a0 01       		.uleb128 0x1
 573 00a1 12       		.uleb128 0x12
 574 00a2 01       		.uleb128 0x1
 575 00a3 40       		.uleb128 0x40
 576 00a4 0A       		.uleb128 0xa
 577 00a5 9742     		.uleb128 0x2117
 578 00a7 0C       		.uleb128 0xc
 579 00a8 00       		.byte	0
 580 00a9 00       		.byte	0
 581 00aa 0C       		.uleb128 0xc
 582 00ab 34       		.uleb128 0x34
 583 00ac 00       		.byte	0
 584 00ad 03       		.uleb128 0x3
 585 00ae 0E       		.uleb128 0xe
 586 00af 3A       		.uleb128 0x3a
 587 00b0 0B       		.uleb128 0xb
 588 00b1 3B       		.uleb128 0x3b
 589 00b2 05       		.uleb128 0x5
 590 00b3 49       		.uleb128 0x49
 591 00b4 13       		.uleb128 0x13
 592 00b5 3F       		.uleb128 0x3f
 593 00b6 0C       		.uleb128 0xc
 594 00b7 3C       		.uleb128 0x3c
 595 00b8 0C       		.uleb128 0xc
 596 00b9 00       		.byte	0
 597 00ba 00       		.byte	0
 598 00bb 0D       		.uleb128 0xd
 599 00bc 34       		.uleb128 0x34
 600 00bd 00       		.byte	0
 601 00be 03       		.uleb128 0x3
 602 00bf 0E       		.uleb128 0xe
 603 00c0 3A       		.uleb128 0x3a
 604 00c1 0B       		.uleb128 0xb
 605 00c2 3B       		.uleb128 0x3b
 606 00c3 0B       		.uleb128 0xb
 607 00c4 49       		.uleb128 0x49
 608 00c5 13       		.uleb128 0x13
 609 00c6 3F       		.uleb128 0x3f
 610 00c7 0C       		.uleb128 0xc
 611 00c8 02       		.uleb128 0x2
 612 00c9 0A       		.uleb128 0xa
 613 00ca 00       		.byte	0
 614 00cb 00       		.byte	0
 615 00cc 0E       		.uleb128 0xe
 616 00cd 26       		.uleb128 0x26
 617 00ce 00       		.byte	0
 618 00cf 49       		.uleb128 0x49
 619 00d0 13       		.uleb128 0x13
 620 00d1 00       		.byte	0
 621 00d2 00       		.byte	0
 622 00d3 0F       		.uleb128 0xf
ARM GAS  /var/folders/5n/p_75w94d66l9ssrldxqdhh700000gn/T//ccVcO4KR.s 			page 12


 623 00d4 2E       		.uleb128 0x2e
 624 00d5 00       		.byte	0
 625 00d6 3F       		.uleb128 0x3f
 626 00d7 0C       		.uleb128 0xc
 627 00d8 03       		.uleb128 0x3
 628 00d9 0E       		.uleb128 0xe
 629 00da 3A       		.uleb128 0x3a
 630 00db 0B       		.uleb128 0xb
 631 00dc 3B       		.uleb128 0x3b
 632 00dd 05       		.uleb128 0x5
 633 00de 27       		.uleb128 0x27
 634 00df 0C       		.uleb128 0xc
 635 00e0 3C       		.uleb128 0x3c
 636 00e1 0C       		.uleb128 0xc
 637 00e2 00       		.byte	0
 638 00e3 00       		.byte	0
 639 00e4 00       		.byte	0
 640              		.section	.debug_aranges,"",%progbits
 641 0000 24000000 		.4byte	0x24
 642 0004 0200     		.2byte	0x2
 643 0006 00000000 		.4byte	.Ldebug_info0
 644 000a 04       		.byte	0x4
 645 000b 00       		.byte	0
 646 000c 0000     		.2byte	0
 647 000e 0000     		.2byte	0
 648 0010 00000000 		.4byte	.LFB117
 649 0014 04000000 		.4byte	.LFE117-.LFB117
 650 0018 00000000 		.4byte	.LFB118
 651 001c 02000000 		.4byte	.LFE118-.LFB118
 652 0020 00000000 		.4byte	0
 653 0024 00000000 		.4byte	0
 654              		.section	.debug_ranges,"",%progbits
 655              	.Ldebug_ranges0:
 656 0000 00000000 		.4byte	.LFB117
 657 0004 04000000 		.4byte	.LFE117
 658 0008 00000000 		.4byte	.LFB118
 659 000c 02000000 		.4byte	.LFE118
 660 0010 00000000 		.4byte	0
 661 0014 00000000 		.4byte	0
 662              		.section	.debug_line,"",%progbits
 663              	.Ldebug_line0:
 664 0000 59010000 		.section	.debug_str,"MS",%progbits,1
 664      02003301 
 664      00000201 
 664      FB0E0D00 
 664      01010101 
 665              	.LASF9:
 666 0000 6C6F6E67 		.ascii	"long long int\000"
 666      206C6F6E 
 666      6720696E 
 666      7400
 667              	.LASF27:
 668 000e 50484461 		.ascii	"PHData\000"
 668      746100
 669              	.LASF23:
 670 0015 50444461 		.ascii	"PDData\000"
 670      746100
ARM GAS  /var/folders/5n/p_75w94d66l9ssrldxqdhh700000gn/T//ccVcO4KR.s 			page 13


 671              	.LASF33:
 672 001c 2E2E2F2E 		.ascii	"../../boards/ST_STM32F4_DISCOVERY/board.c\000"
 672      2E2F626F 
 672      61726473 
 672      2F53545F 
 672      53544D33 
 673              	.LASF4:
 674 0046 73686F72 		.ascii	"short unsigned int\000"
 674      7420756E 
 674      7369676E 
 674      65642069 
 674      6E7400
 675              	.LASF0:
 676 0059 756E7369 		.ascii	"unsigned int\000"
 676      676E6564 
 676      20696E74 
 676      00
 677              	.LASF14:
 678 0066 6F747970 		.ascii	"otyper\000"
 678      657200
 679              	.LASF28:
 680 006d 50494461 		.ascii	"PIData\000"
 680      746100
 681              	.LASF10:
 682 0074 6C6F6E67 		.ascii	"long long unsigned int\000"
 682      206C6F6E 
 682      6720756E 
 682      7369676E 
 682      65642069 
 683              	.LASF34:
 684 008b 2F557365 		.ascii	"/Users/sin/Documents/Eclipse/Workspace/ChibiOS_2.4."
 684      72732F73 
 684      696E2F44 
 684      6F63756D 
 684      656E7473 
 685 00be 322F6465 		.ascii	"2/demos/ARMCM4-STM32F407-DISCOVERY\000"
 685      6D6F732F 
 685      41524D43 
 685      4D342D53 
 685      544D3332 
 686              	.LASF24:
 687 00e1 50454461 		.ascii	"PEData\000"
 687      746100
 688              	.LASF2:
 689 00e8 756E7369 		.ascii	"unsigned char\000"
 689      676E6564 
 689      20636861 
 689      7200
 690              	.LASF19:
 691 00f6 73746D33 		.ascii	"stm32_gpio_setup_t\000"
 691      325F6770 
 691      696F5F73 
 691      65747570 
 691      5F7400
 692              	.LASF37:
 693 0109 73746D33 		.ascii	"stm32_clock_init\000"
 693      325F636C 
ARM GAS  /var/folders/5n/p_75w94d66l9ssrldxqdhh700000gn/T//ccVcO4KR.s 			page 14


 693      6F636B5F 
 693      696E6974 
 693      00
 694              	.LASF8:
 695 011a 6C6F6E67 		.ascii	"long unsigned int\000"
 695      20756E73 
 695      69676E65 
 695      6420696E 
 695      7400
 696              	.LASF18:
 697 012c 61667268 		.ascii	"afrh\000"
 697      00
 698              	.LASF7:
 699 0131 75696E74 		.ascii	"uint32_t\000"
 699      33325F74 
 699      00
 700              	.LASF17:
 701 013a 6166726C 		.ascii	"afrl\000"
 701      00
 702              	.LASF30:
 703 013f 49544D5F 		.ascii	"ITM_RxBuffer\000"
 703      52784275 
 703      66666572 
 703      00
 704              	.LASF29:
 705 014c 50414C43 		.ascii	"PALConfig\000"
 705      6F6E6669 
 705      6700
 706              	.LASF31:
 707 0156 70616C5F 		.ascii	"pal_default_config\000"
 707      64656661 
 707      756C745F 
 707      636F6E66 
 707      696700
 708              	.LASF16:
 709 0169 70757064 		.ascii	"pupdr\000"
 709      7200
 710              	.LASF25:
 711 016f 50464461 		.ascii	"PFData\000"
 711      746100
 712              	.LASF21:
 713 0176 50424461 		.ascii	"PBData\000"
 713      746100
 714              	.LASF12:
 715 017d 63686172 		.ascii	"char\000"
 715      00
 716              	.LASF36:
 717 0182 626F6172 		.ascii	"boardInit\000"
 717      64496E69 
 717      7400
 718              	.LASF35:
 719 018c 5F5F6561 		.ascii	"__early_init\000"
 719      726C795F 
 719      696E6974 
 719      00
 720              	.LASF6:
 721 0199 696E7433 		.ascii	"int32_t\000"
ARM GAS  /var/folders/5n/p_75w94d66l9ssrldxqdhh700000gn/T//ccVcO4KR.s 			page 15


 721      325F7400 
 722              	.LASF11:
 723 01a1 73697A65 		.ascii	"sizetype\000"
 723      74797065 
 723      00
 724              	.LASF15:
 725 01aa 6F737065 		.ascii	"ospeedr\000"
 725      65647200 
 726              	.LASF32:
 727 01b2 474E5520 		.ascii	"GNU C 4.7.1\000"
 727      4320342E 
 727      372E3100 
 728              	.LASF26:
 729 01be 50474461 		.ascii	"PGData\000"
 729      746100
 730              	.LASF3:
 731 01c5 73686F72 		.ascii	"short int\000"
 731      7420696E 
 731      7400
 732              	.LASF22:
 733 01cf 50434461 		.ascii	"PCData\000"
 733      746100
 734              	.LASF20:
 735 01d6 50414461 		.ascii	"PAData\000"
 735      746100
 736              	.LASF5:
 737 01dd 6C6F6E67 		.ascii	"long int\000"
 737      20696E74 
 737      00
 738              	.LASF13:
 739 01e6 6D6F6465 		.ascii	"moder\000"
 739      7200
 740              	.LASF1:
 741 01ec 7369676E 		.ascii	"signed char\000"
 741      65642063 
 741      68617200 
 742              		.ident	"GCC: (GNU) 4.7.1"
ARM GAS  /var/folders/5n/p_75w94d66l9ssrldxqdhh700000gn/T//ccVcO4KR.s 			page 16


DEFINED SYMBOLS
                            *ABS*:0000000000000000 board.c
/var/folders/5n/p_75w94d66l9ssrldxqdhh700000gn/T//ccVcO4KR.s:19     .text.__early_init:0000000000000000 $t
/var/folders/5n/p_75w94d66l9ssrldxqdhh700000gn/T//ccVcO4KR.s:25     .text.__early_init:0000000000000000 __early_init
/var/folders/5n/p_75w94d66l9ssrldxqdhh700000gn/T//ccVcO4KR.s:41     .text.boardInit:0000000000000000 $t
/var/folders/5n/p_75w94d66l9ssrldxqdhh700000gn/T//ccVcO4KR.s:47     .text.boardInit:0000000000000000 boardInit
/var/folders/5n/p_75w94d66l9ssrldxqdhh700000gn/T//ccVcO4KR.s:63     .rodata.pal_default_config:0000000000000000 pal_default_config
/var/folders/5n/p_75w94d66l9ssrldxqdhh700000gn/T//ccVcO4KR.s:60     .rodata.pal_default_config:0000000000000000 $d
                     .debug_frame:0000000000000010 $d

UNDEFINED SYMBOLS
stm32_clock_init
