ARM GAS  /var/folders/5n/p_75w94d66l9ssrldxqdhh700000gn/T//ccQSYpWC.s 			page 1


   1              		.syntax unified
   2              		.cpu cortex-m4
   3              		.fpu softvfp
   4              		.eabi_attribute 20, 1
   5              		.eabi_attribute 21, 1
   6              		.eabi_attribute 23, 3
   7              		.eabi_attribute 24, 1
   8              		.eabi_attribute 25, 1
   9              		.eabi_attribute 26, 1
  10              		.eabi_attribute 30, 2
  11              		.eabi_attribute 34, 1
  12              		.eabi_attribute 18, 4
  13              		.thumb
  14              		.file	"chsys.c"
  15              		.text
  16              	.Ltext0:
  17              		.cfi_sections	.debug_frame
  18              		.section	.text._idle_thread,"ax",%progbits
  19              		.align	2
  20              		.p2align 4,,15
  21              		.global	_idle_thread
  22              		.thumb
  23              		.thumb_func
  24              		.type	_idle_thread, %function
  25              	_idle_thread:
  26              	.LFB7:
  27              		.file 1 "../../os/kernel/src/chsys.c"
  28              		.loc 1 59 0
  29              		.cfi_startproc
  30              		@ args = 0, pretend = 0, frame = 0
  31              		@ frame_needed = 0, uses_anonymous_args = 0
  32              		@ link register save eliminated.
  33              	.LVL0:
  34              		.loc 1 62 0
  35 0000 024B     		ldr	r3, .L4
  36 0002 034A     		ldr	r2, .L4+4
  37 0004 DB69     		ldr	r3, [r3, #28]
  38 0006 9A61     		str	r2, [r3, #24]
  39              	.L2:
  40 0008 FEE7     		b	.L2
  41              	.L5:
  42 000a 00BF     		.align	2
  43              	.L4:
  44 000c 00000000 		.word	rlist
  45 0010 00000000 		.word	.LC0
  46              		.cfi_endproc
  47              	.LFE7:
  48              		.size	_idle_thread, .-_idle_thread
  49 0014 AFF30080 		.section	.text.chSysInit,"ax",%progbits
  49      AFF30080 
  49      AFF30080 
  50              		.align	2
  51              		.p2align 4,,15
  52              		.global	chSysInit
  53              		.thumb
  54              		.thumb_func
  55              		.type	chSysInit, %function
ARM GAS  /var/folders/5n/p_75w94d66l9ssrldxqdhh700000gn/T//ccQSYpWC.s 			page 2


  56              	chSysInit:
  57              	.LFB8:
  58              		.loc 1 82 0
  59              		.cfi_startproc
  60              		@ args = 0, pretend = 0, frame = 0
  61              		@ frame_needed = 0, uses_anonymous_args = 0
  62 0000 00B5     		push	{lr}
  63              	.LCFI0:
  64              		.cfi_def_cfa_offset 4
  65              		.cfi_offset 14, -4
  66 0002 83B0     		sub	sp, sp, #12
  67              	.LCFI1:
  68              		.cfi_def_cfa_offset 16
  69              		.loc 1 88 0
  70 0004 FFF7FEFF 		bl	_port_init
  71              	.LVL1:
  72              		.loc 1 89 0
  73 0008 FFF7FEFF 		bl	_scheduler_init
  74              	.LVL2:
  75              		.loc 1 90 0
  76 000c FFF7FEFF 		bl	_vt_init
  77              	.LVL3:
  78              		.loc 1 92 0
  79 0010 FFF7FEFF 		bl	_core_init
  80              	.LVL4:
  81              		.loc 1 95 0
  82 0014 FFF7FEFF 		bl	_heap_init
  83              	.LVL5:
  84              		.loc 1 102 0
  85 0018 40F20000 		movw	r0, #:lower16:.LANCHOR0
  86 001c 4021     		movs	r1, #64
  87 001e C0F20000 		movt	r0, #:upper16:.LANCHOR0
  88 0022 FFF7FEFF 		bl	_thread_init
  89              	.LVL6:
  90 0026 40F20001 		movw	r1, #:lower16:rlist
  91 002a C0F20001 		movt	r1, #:upper16:rlist
  92              		.loc 1 103 0
  93 002e 0122     		movs	r2, #1
  94              		.loc 1 102 0
  95 0030 C861     		str	r0, [r1, #28]
  96              		.loc 1 103 0
  97 0032 0277     		strb	r2, [r0, #28]
  98              	.LBB2:
  99              		.loc 1 109 0
 100 0034 0023     		movs	r3, #0
 101              	.LVL7:
 102              	@ 109 "../../os/kernel/src/chsys.c" 1
 103 0036 83F31188 		msr     BASEPRI, r3                    
 104 003a 62B6     		cpsie   i
 105              	@ 0 "" 2
 106              	.LVL8:
 107              		.thumb
 108              	.LBE2:
 109              		.loc 1 111 0
 110 003c 40F20000 		movw	r0, #:lower16:.LC1
 111 0040 C969     		ldr	r1, [r1, #28]
 112 0042 C0F20000 		movt	r0, #:upper16:.LC1
ARM GAS  /var/folders/5n/p_75w94d66l9ssrldxqdhh700000gn/T//ccQSYpWC.s 			page 3


 113 0046 8861     		str	r0, [r1, #24]
 114              		.loc 1 117 0
 115 0048 0093     		str	r3, [sp, #0]
 116 004a 40F20000 		movw	r0, #:lower16:.LANCHOR1
 117 004e 40F20003 		movw	r3, #:lower16:_idle_thread
 118              	.LVL9:
 119 0052 C021     		movs	r1, #192
 120 0054 C0F20003 		movt	r3, #:upper16:_idle_thread
 121 0058 C0F20000 		movt	r0, #:upper16:.LANCHOR1
 122 005c FFF7FEFF 		bl	chThdCreateStatic
 123              	.LVL10:
 124              		.loc 1 120 0
 125 0060 03B0     		add	sp, sp, #12
 126 0062 00BD     		pop	{pc}
 127              		.cfi_endproc
 128              	.LFE8:
 129              		.size	chSysInit, .-chSysInit
 130 0064 AFF30080 		.section	.text.chSysTimerHandlerI,"ax",%progbits
 130      AFF30080 
 130      AFF30080 
 131              		.align	2
 132              		.p2align 4,,15
 133              		.global	chSysTimerHandlerI
 134              		.thumb
 135              		.thumb_func
 136              		.type	chSysTimerHandlerI, %function
 137              	chSysTimerHandlerI:
 138              	.LFB9:
 139              		.loc 1 133 0
 140              		.cfi_startproc
 141              		@ args = 0, pretend = 0, frame = 0
 142              		@ frame_needed = 0, uses_anonymous_args = 0
 143 0000 38B5     		push	{r3, r4, r5, lr}
 144              	.LCFI2:
 145              		.cfi_def_cfa_offset 16
 146              		.cfi_offset 3, -16
 147              		.cfi_offset 4, -12
 148              		.cfi_offset 5, -8
 149              		.cfi_offset 14, -4
 150              		.loc 1 139 0
 151 0002 104B     		ldr	r3, .L17
 152 0004 9A69     		ldr	r2, [r3, #24]
 153 0006 002A     		cmp	r2, #0
 154 0008 01DD     		ble	.L8
 155              		.loc 1 141 0
 156 000a 013A     		subs	r2, r2, #1
 157 000c 9A61     		str	r2, [r3, #24]
 158              	.L8:
 159              		.loc 1 144 0
 160 000e DA69     		ldr	r2, [r3, #28]
 161              		.loc 1 146 0
 162 0010 0D4C     		ldr	r4, .L17+4
 163              		.loc 1 144 0
 164 0012 116A     		ldr	r1, [r2, #32]
 165              		.loc 1 146 0
 166 0014 2368     		ldr	r3, [r4, #0]
 167              		.loc 1 144 0
ARM GAS  /var/folders/5n/p_75w94d66l9ssrldxqdhh700000gn/T//ccQSYpWC.s 			page 4


 168 0016 0131     		adds	r1, r1, #1
 169 0018 1162     		str	r1, [r2, #32]
 170              		.loc 1 146 0
 171 001a E268     		ldr	r2, [r4, #12]
 172 001c 0132     		adds	r2, r2, #1
 173 001e A342     		cmp	r3, r4
 174 0020 E260     		str	r2, [r4, #12]
 175 0022 0ED0     		beq	.L7
 176              	.LBB3:
 177              		.loc 1 146 0 is_stmt 0 discriminator 1
 178 0024 9D68     		ldr	r5, [r3, #8]
 179 0026 013D     		subs	r5, r5, #1
 180 0028 9D60     		str	r5, [r3, #8]
 181              	.LVL11:
 182 002a 55B9     		cbnz	r5, .L7
 183              	.L14:
 184              	.LBB4:
 185              		.loc 1 146 0 discriminator 3
 186 002c 1A68     		ldr	r2, [r3, #0]
 187 002e D968     		ldr	r1, [r3, #12]
 188              	.LVL12:
 189 0030 1869     		ldr	r0, [r3, #16]
 190 0032 DD60     		str	r5, [r3, #12]
 191 0034 5460     		str	r4, [r2, #4]
 192 0036 2260     		str	r2, [r4, #0]
 193 0038 8847     		blx	r1
 194              	.LVL13:
 195              	.LBE4:
 196 003a 2368     		ldr	r3, [r4, #0]
 197              	.LVL14:
 198 003c 9A68     		ldr	r2, [r3, #8]
 199 003e 002A     		cmp	r2, #0
 200 0040 F4D0     		beq	.L14
 201              	.LVL15:
 202              	.L7:
 203 0042 38BD     		pop	{r3, r4, r5, pc}
 204              	.L18:
 205              		.align	2
 206              	.L17:
 207 0044 00000000 		.word	rlist
 208 0048 00000000 		.word	vtlist
 209              	.LBE3:
 210              		.cfi_endproc
 211              	.LFE9:
 212              		.size	chSysTimerHandlerI, .-chSysTimerHandlerI
 213              		.global	_idle_thread_wa
 214 004c AFF30080 		.section	.rodata.str1.4,"aMS",%progbits,1
 215              		.align	2
 216              	.LC0:
 217 0000 69646C65 		.ascii	"idle\000"
 217      00
 218 0005 000000   		.space	3
 219              	.LC1:
 220 0008 6D61696E 		.ascii	"main\000"
 220      00
 221 000d 000000   		.section	.bss.mainthread.4794,"aw",%nobits
 222              		.align	2
ARM GAS  /var/folders/5n/p_75w94d66l9ssrldxqdhh700000gn/T//ccQSYpWC.s 			page 5


 223              		.set	.LANCHOR0,. + 0
 224              		.type	mainthread.4794, %object
 225              		.size	mainthread.4794, 72
 226              	mainthread.4794:
 227 0000 00000000 		.space	72
 227      00000000 
 227      00000000 
 227      00000000 
 227      00000000 
 228              		.section	.bss._idle_thread_wa,"aw",%nobits
 229              		.align	3
 230              		.set	.LANCHOR1,. + 0
 231              		.type	_idle_thread_wa, %object
 232              		.size	_idle_thread_wa, 192
 233              	_idle_thread_wa:
 234 0000 00000000 		.space	192
 234      00000000 
 234      00000000 
 234      00000000 
 234      00000000 
 235              		.text
 236              	.Letext0:
 237              		.file 2 "/usr/local/cross/lib/gcc/arm-none-eabi/4.7.1/include/stddef.h"
 238              		.file 3 "/usr/local/cross/lib/gcc/arm-none-eabi/4.7.1/../../../../arm-none-eabi/include/stdint.h"
 239              		.file 4 "../../os/ports/GCC/ARMCMx/chtypes.h"
 240              		.file 5 "../../os/kernel/include/chlists.h"
 241              		.file 6 "../../os/kernel/include/chthreads.h"
 242              		.file 7 "../../os/ports/GCC/ARMCMx/chcore_v7m.h"
 243              		.file 8 "../../os/kernel/include/chvt.h"
 244              		.file 9 "../../os/kernel/include/chschd.h"
 245              		.file 10 "../../os/kernel/include/chmtx.h"
 246              		.file 11 "../../os/kernel/include/chmemcore.h"
 247              		.file 12 "../../os/kernel/include/chheap.h"
 248              		.section	.debug_info,"",%progbits
 249              	.Ldebug_info0:
 250 0000 29070000 		.4byte	0x729
 251 0004 0200     		.2byte	0x2
 252 0006 00000000 		.4byte	.Ldebug_abbrev0
 253 000a 04       		.byte	0x4
 254 000b 01       		.uleb128 0x1
 255 000c 1E020000 		.4byte	.LASF87
 256 0010 01       		.byte	0x1
 257 0011 61030000 		.4byte	.LASF88
 258 0015 94010000 		.4byte	.LASF89
 259 0019 00000000 		.4byte	.Ldebug_ranges0+0
 260 001d 00000000 		.4byte	0
 261 0021 00000000 		.4byte	0
 262 0025 00000000 		.4byte	.Ldebug_line0
 263 0029 02       		.uleb128 0x2
 264 002a 04       		.byte	0x4
 265 002b 05       		.byte	0x5
 266 002c 696E7400 		.ascii	"int\000"
 267 0030 03       		.uleb128 0x3
 268 0031 0E000000 		.4byte	.LASF2
 269 0035 02       		.byte	0x2
 270 0036 D5       		.byte	0xd5
 271 0037 3B000000 		.4byte	0x3b
ARM GAS  /var/folders/5n/p_75w94d66l9ssrldxqdhh700000gn/T//ccQSYpWC.s 			page 6


 272 003b 04       		.uleb128 0x4
 273 003c 04       		.byte	0x4
 274 003d 07       		.byte	0x7
 275 003e 09010000 		.4byte	.LASF0
 276 0042 04       		.uleb128 0x4
 277 0043 01       		.byte	0x1
 278 0044 06       		.byte	0x6
 279 0045 8F000000 		.4byte	.LASF1
 280 0049 03       		.uleb128 0x3
 281 004a 7D030000 		.4byte	.LASF3
 282 004e 03       		.byte	0x3
 283 004f 2A       		.byte	0x2a
 284 0050 54000000 		.4byte	0x54
 285 0054 04       		.uleb128 0x4
 286 0055 01       		.byte	0x1
 287 0056 08       		.byte	0x8
 288 0057 68020000 		.4byte	.LASF4
 289 005b 04       		.uleb128 0x4
 290 005c 02       		.byte	0x2
 291 005d 05       		.byte	0x5
 292 005e 8B020000 		.4byte	.LASF5
 293 0062 04       		.uleb128 0x4
 294 0063 02       		.byte	0x2
 295 0064 07       		.byte	0x7
 296 0065 38010000 		.4byte	.LASF6
 297 0069 03       		.uleb128 0x3
 298 006a 60020000 		.4byte	.LASF7
 299 006e 03       		.byte	0x3
 300 006f 4F       		.byte	0x4f
 301 0070 74000000 		.4byte	0x74
 302 0074 04       		.uleb128 0x4
 303 0075 04       		.byte	0x4
 304 0076 05       		.byte	0x5
 305 0077 B5000000 		.4byte	.LASF8
 306 007b 03       		.uleb128 0x3
 307 007c CC020000 		.4byte	.LASF9
 308 0080 03       		.byte	0x3
 309 0081 50       		.byte	0x50
 310 0082 86000000 		.4byte	0x86
 311 0086 04       		.uleb128 0x4
 312 0087 04       		.byte	0x4
 313 0088 07       		.byte	0x7
 314 0089 1E010000 		.4byte	.LASF10
 315 008d 04       		.uleb128 0x4
 316 008e 08       		.byte	0x8
 317 008f 05       		.byte	0x5
 318 0090 81000000 		.4byte	.LASF11
 319 0094 03       		.uleb128 0x3
 320 0095 1C000000 		.4byte	.LASF12
 321 0099 03       		.byte	0x3
 322 009a 78       		.byte	0x78
 323 009b 9F000000 		.4byte	0x9f
 324 009f 04       		.uleb128 0x4
 325 00a0 08       		.byte	0x8
 326 00a1 07       		.byte	0x7
 327 00a2 3F000000 		.4byte	.LASF13
 328 00a6 03       		.uleb128 0x3
ARM GAS  /var/folders/5n/p_75w94d66l9ssrldxqdhh700000gn/T//ccQSYpWC.s 			page 7


 329 00a7 51010000 		.4byte	.LASF14
 330 00ab 04       		.byte	0x4
 331 00ac 2F       		.byte	0x2f
 332 00ad 49000000 		.4byte	0x49
 333 00b1 03       		.uleb128 0x3
 334 00b2 BE000000 		.4byte	.LASF15
 335 00b6 04       		.byte	0x4
 336 00b7 30       		.byte	0x30
 337 00b8 49000000 		.4byte	0x49
 338 00bc 03       		.uleb128 0x3
 339 00bd 49020000 		.4byte	.LASF16
 340 00c1 04       		.byte	0x4
 341 00c2 31       		.byte	0x31
 342 00c3 49000000 		.4byte	0x49
 343 00c7 03       		.uleb128 0x3
 344 00c8 58020000 		.4byte	.LASF17
 345 00cc 04       		.byte	0x4
 346 00cd 32       		.byte	0x32
 347 00ce 7B000000 		.4byte	0x7b
 348 00d2 03       		.uleb128 0x3
 349 00d3 4B010000 		.4byte	.LASF18
 350 00d7 04       		.byte	0x4
 351 00d8 33       		.byte	0x33
 352 00d9 69000000 		.4byte	0x69
 353 00dd 03       		.uleb128 0x3
 354 00de 65010000 		.4byte	.LASF19
 355 00e2 04       		.byte	0x4
 356 00e3 35       		.byte	0x35
 357 00e4 7B000000 		.4byte	0x7b
 358 00e8 03       		.uleb128 0x3
 359 00e9 03030000 		.4byte	.LASF20
 360 00ed 04       		.byte	0x4
 361 00ee 36       		.byte	0x36
 362 00ef 7B000000 		.4byte	0x7b
 363 00f3 03       		.uleb128 0x3
 364 00f4 03010000 		.4byte	.LASF21
 365 00f8 04       		.byte	0x4
 366 00f9 37       		.byte	0x37
 367 00fa 69000000 		.4byte	0x69
 368 00fe 03       		.uleb128 0x3
 369 00ff BA020000 		.4byte	.LASF22
 370 0103 05       		.byte	0x5
 371 0104 2A       		.byte	0x2a
 372 0105 09010000 		.4byte	0x109
 373 0109 05       		.uleb128 0x5
 374 010a BA020000 		.4byte	.LASF22
 375 010e 48       		.byte	0x48
 376 010f 06       		.byte	0x6
 377 0110 5E       		.byte	0x5e
 378 0111 20020000 		.4byte	0x220
 379 0115 06       		.uleb128 0x6
 380 0116 AB020000 		.4byte	.LASF23
 381 011a 06       		.byte	0x6
 382 011b 5F       		.byte	0x5f
 383 011c 45020000 		.4byte	0x245
 384 0120 02       		.byte	0x2
 385 0121 23       		.byte	0x23
ARM GAS  /var/folders/5n/p_75w94d66l9ssrldxqdhh700000gn/T//ccQSYpWC.s 			page 8


 386 0122 00       		.uleb128 0
 387 0123 06       		.uleb128 0x6
 388 0124 51020000 		.4byte	.LASF24
 389 0128 06       		.byte	0x6
 390 0129 61       		.byte	0x61
 391 012a 45020000 		.4byte	0x245
 392 012e 02       		.byte	0x2
 393 012f 23       		.byte	0x23
 394 0130 04       		.uleb128 0x4
 395 0131 06       		.uleb128 0x6
 396 0132 6A000000 		.4byte	.LASF25
 397 0136 06       		.byte	0x6
 398 0137 63       		.byte	0x63
 399 0138 C7000000 		.4byte	0xc7
 400 013c 02       		.byte	0x2
 401 013d 23       		.byte	0x23
 402 013e 08       		.uleb128 0x8
 403 013f 06       		.uleb128 0x6
 404 0140 C2030000 		.4byte	.LASF26
 405 0144 06       		.byte	0x6
 406 0145 64       		.byte	0x64
 407 0146 1D030000 		.4byte	0x31d
 408 014a 02       		.byte	0x2
 409 014b 23       		.byte	0x23
 410 014c 0C       		.uleb128 0xc
 411 014d 06       		.uleb128 0x6
 412 014e C7000000 		.4byte	.LASF27
 413 0152 06       		.byte	0x6
 414 0153 66       		.byte	0x66
 415 0154 45020000 		.4byte	0x245
 416 0158 02       		.byte	0x2
 417 0159 23       		.byte	0x23
 418 015a 10       		.uleb128 0x10
 419 015b 06       		.uleb128 0x6
 420 015c 03020000 		.4byte	.LASF28
 421 0160 06       		.byte	0x6
 422 0161 67       		.byte	0x67
 423 0162 45020000 		.4byte	0x245
 424 0166 02       		.byte	0x2
 425 0167 23       		.byte	0x23
 426 0168 14       		.uleb128 0x14
 427 0169 06       		.uleb128 0x6
 428 016a 97030000 		.4byte	.LASF29
 429 016e 06       		.byte	0x6
 430 016f 6E       		.byte	0x6e
 431 0170 0C050000 		.4byte	0x50c
 432 0174 02       		.byte	0x2
 433 0175 23       		.byte	0x23
 434 0176 18       		.uleb128 0x18
 435 0177 06       		.uleb128 0x6
 436 0178 95020000 		.4byte	.LASF30
 437 017c 06       		.byte	0x6
 438 017d 79       		.byte	0x79
 439 017e B1000000 		.4byte	0xb1
 440 0182 02       		.byte	0x2
 441 0183 23       		.byte	0x23
 442 0184 1C       		.uleb128 0x1c
ARM GAS  /var/folders/5n/p_75w94d66l9ssrldxqdhh700000gn/T//ccQSYpWC.s 			page 9


 443 0185 06       		.uleb128 0x6
 444 0186 B2020000 		.4byte	.LASF31
 445 018a 06       		.byte	0x6
 446 018b 7D       		.byte	0x7d
 447 018c A6000000 		.4byte	0xa6
 448 0190 02       		.byte	0x2
 449 0191 23       		.byte	0x23
 450 0192 1D       		.uleb128 0x1d
 451 0193 06       		.uleb128 0x6
 452 0194 4A030000 		.4byte	.LASF32
 453 0198 06       		.byte	0x6
 454 0199 82       		.byte	0x82
 455 019a BC000000 		.4byte	0xbc
 456 019e 02       		.byte	0x2
 457 019f 23       		.byte	0x23
 458 01a0 1E       		.uleb128 0x1e
 459 01a1 06       		.uleb128 0x6
 460 01a2 2A030000 		.4byte	.LASF33
 461 01a6 06       		.byte	0x6
 462 01a7 89       		.byte	0x89
 463 01a8 09040000 		.4byte	0x409
 464 01ac 02       		.byte	0x2
 465 01ad 23       		.byte	0x23
 466 01ae 20       		.uleb128 0x20
 467 01af 07       		.uleb128 0x7
 468 01b0 705F7500 		.ascii	"p_u\000"
 469 01b4 06       		.byte	0x6
 470 01b5 AE       		.byte	0xae
 471 01b6 D7040000 		.4byte	0x4d7
 472 01ba 02       		.byte	0x2
 473 01bb 23       		.byte	0x23
 474 01bc 24       		.uleb128 0x24
 475 01bd 06       		.uleb128 0x6
 476 01be C8030000 		.4byte	.LASF34
 477 01c2 06       		.byte	0x6
 478 01c3 B3       		.byte	0xb3
 479 01c4 6D020000 		.4byte	0x26d
 480 01c8 02       		.byte	0x2
 481 01c9 23       		.byte	0x23
 482 01ca 28       		.uleb128 0x28
 483 01cb 06       		.uleb128 0x6
 484 01cc 38030000 		.4byte	.LASF35
 485 01d0 06       		.byte	0x6
 486 01d1 B9       		.byte	0xb9
 487 01d2 4B020000 		.4byte	0x24b
 488 01d6 02       		.byte	0x2
 489 01d7 23       		.byte	0x23
 490 01d8 2C       		.uleb128 0x2c
 491 01d9 06       		.uleb128 0x6
 492 01da 08000000 		.4byte	.LASF36
 493 01de 06       		.byte	0x6
 494 01df BD       		.byte	0xbd
 495 01e0 D2000000 		.4byte	0xd2
 496 01e4 02       		.byte	0x2
 497 01e5 23       		.byte	0x23
 498 01e6 34       		.uleb128 0x34
 499 01e7 06       		.uleb128 0x6
ARM GAS  /var/folders/5n/p_75w94d66l9ssrldxqdhh700000gn/T//ccQSYpWC.s 			page 10


 500 01e8 C1020000 		.4byte	.LASF37
 501 01ec 06       		.byte	0x6
 502 01ed C3       		.byte	0xc3
 503 01ee DD000000 		.4byte	0xdd
 504 01f2 02       		.byte	0x2
 505 01f3 23       		.byte	0x23
 506 01f4 38       		.uleb128 0x38
 507 01f5 06       		.uleb128 0x6
 508 01f6 81020000 		.4byte	.LASF38
 509 01fa 06       		.byte	0x6
 510 01fb CA       		.byte	0xca
 511 01fc 1E050000 		.4byte	0x51e
 512 0200 02       		.byte	0x2
 513 0201 23       		.byte	0x23
 514 0202 3C       		.uleb128 0x3c
 515 0203 06       		.uleb128 0x6
 516 0204 0D030000 		.4byte	.LASF39
 517 0208 06       		.byte	0x6
 518 0209 CE       		.byte	0xce
 519 020a C7000000 		.4byte	0xc7
 520 020e 02       		.byte	0x2
 521 020f 23       		.byte	0x23
 522 0210 40       		.uleb128 0x40
 523 0211 06       		.uleb128 0x6
 524 0212 A5000000 		.4byte	.LASF40
 525 0216 06       		.byte	0x6
 526 0217 D4       		.byte	0xd4
 527 0218 83020000 		.4byte	0x283
 528 021c 02       		.byte	0x2
 529 021d 23       		.byte	0x23
 530 021e 44       		.uleb128 0x44
 531 021f 00       		.byte	0
 532 0220 08       		.uleb128 0x8
 533 0221 08       		.byte	0x8
 534 0222 05       		.byte	0x5
 535 0223 61       		.byte	0x61
 536 0224 45020000 		.4byte	0x245
 537 0228 06       		.uleb128 0x6
 538 0229 AB020000 		.4byte	.LASF23
 539 022d 05       		.byte	0x5
 540 022e 62       		.byte	0x62
 541 022f 45020000 		.4byte	0x245
 542 0233 02       		.byte	0x2
 543 0234 23       		.byte	0x23
 544 0235 00       		.uleb128 0
 545 0236 06       		.uleb128 0x6
 546 0237 51020000 		.4byte	.LASF24
 547 023b 05       		.byte	0x5
 548 023c 64       		.byte	0x64
 549 023d 45020000 		.4byte	0x245
 550 0241 02       		.byte	0x2
 551 0242 23       		.byte	0x23
 552 0243 04       		.uleb128 0x4
 553 0244 00       		.byte	0
 554 0245 09       		.uleb128 0x9
 555 0246 04       		.byte	0x4
 556 0247 FE000000 		.4byte	0xfe
ARM GAS  /var/folders/5n/p_75w94d66l9ssrldxqdhh700000gn/T//ccQSYpWC.s 			page 11


 557 024b 03       		.uleb128 0x3
 558 024c 11020000 		.4byte	.LASF41
 559 0250 05       		.byte	0x5
 560 0251 66       		.byte	0x66
 561 0252 20020000 		.4byte	0x220
 562 0256 08       		.uleb128 0x8
 563 0257 04       		.byte	0x4
 564 0258 05       		.byte	0x5
 565 0259 6B       		.byte	0x6b
 566 025a 6D020000 		.4byte	0x26d
 567 025e 06       		.uleb128 0x6
 568 025f AB020000 		.4byte	.LASF23
 569 0263 05       		.byte	0x5
 570 0264 6D       		.byte	0x6d
 571 0265 45020000 		.4byte	0x245
 572 0269 02       		.byte	0x2
 573 026a 23       		.byte	0x23
 574 026b 00       		.uleb128 0
 575 026c 00       		.byte	0
 576 026d 03       		.uleb128 0x3
 577 026e 59010000 		.4byte	.LASF42
 578 0272 05       		.byte	0x5
 579 0273 70       		.byte	0x70
 580 0274 56020000 		.4byte	0x256
 581 0278 03       		.uleb128 0x3
 582 0279 E7000000 		.4byte	.LASF43
 583 027d 07       		.byte	0x7
 584 027e D7       		.byte	0xd7
 585 027f 83020000 		.4byte	0x283
 586 0283 0A       		.uleb128 0xa
 587 0284 04       		.byte	0x4
 588 0285 03       		.uleb128 0x3
 589 0286 77010000 		.4byte	.LASF44
 590 028a 07       		.byte	0x7
 591 028b DD       		.byte	0xdd
 592 028c 94000000 		.4byte	0x94
 593 0290 05       		.uleb128 0x5
 594 0291 31030000 		.4byte	.LASF45
 595 0295 24       		.byte	0x24
 596 0296 07       		.byte	0x7
 597 0297 FE       		.byte	0xfe
 598 0298 1D030000 		.4byte	0x31d
 599 029c 0B       		.uleb128 0xb
 600 029d 723400   		.ascii	"r4\000"
 601 02a0 07       		.byte	0x7
 602 02a1 1101     		.2byte	0x111
 603 02a3 78020000 		.4byte	0x278
 604 02a7 02       		.byte	0x2
 605 02a8 23       		.byte	0x23
 606 02a9 00       		.uleb128 0
 607 02aa 0B       		.uleb128 0xb
 608 02ab 723500   		.ascii	"r5\000"
 609 02ae 07       		.byte	0x7
 610 02af 1201     		.2byte	0x112
 611 02b1 78020000 		.4byte	0x278
 612 02b5 02       		.byte	0x2
 613 02b6 23       		.byte	0x23
ARM GAS  /var/folders/5n/p_75w94d66l9ssrldxqdhh700000gn/T//ccQSYpWC.s 			page 12


 614 02b7 04       		.uleb128 0x4
 615 02b8 0B       		.uleb128 0xb
 616 02b9 723600   		.ascii	"r6\000"
 617 02bc 07       		.byte	0x7
 618 02bd 1301     		.2byte	0x113
 619 02bf 78020000 		.4byte	0x278
 620 02c3 02       		.byte	0x2
 621 02c4 23       		.byte	0x23
 622 02c5 08       		.uleb128 0x8
 623 02c6 0B       		.uleb128 0xb
 624 02c7 723700   		.ascii	"r7\000"
 625 02ca 07       		.byte	0x7
 626 02cb 1401     		.2byte	0x114
 627 02cd 78020000 		.4byte	0x278
 628 02d1 02       		.byte	0x2
 629 02d2 23       		.byte	0x23
 630 02d3 0C       		.uleb128 0xc
 631 02d4 0B       		.uleb128 0xb
 632 02d5 723800   		.ascii	"r8\000"
 633 02d8 07       		.byte	0x7
 634 02d9 1501     		.2byte	0x115
 635 02db 78020000 		.4byte	0x278
 636 02df 02       		.byte	0x2
 637 02e0 23       		.byte	0x23
 638 02e1 10       		.uleb128 0x10
 639 02e2 0B       		.uleb128 0xb
 640 02e3 723900   		.ascii	"r9\000"
 641 02e6 07       		.byte	0x7
 642 02e7 1601     		.2byte	0x116
 643 02e9 78020000 		.4byte	0x278
 644 02ed 02       		.byte	0x2
 645 02ee 23       		.byte	0x23
 646 02ef 14       		.uleb128 0x14
 647 02f0 0B       		.uleb128 0xb
 648 02f1 72313000 		.ascii	"r10\000"
 649 02f5 07       		.byte	0x7
 650 02f6 1701     		.2byte	0x117
 651 02f8 78020000 		.4byte	0x278
 652 02fc 02       		.byte	0x2
 653 02fd 23       		.byte	0x23
 654 02fe 18       		.uleb128 0x18
 655 02ff 0B       		.uleb128 0xb
 656 0300 72313100 		.ascii	"r11\000"
 657 0304 07       		.byte	0x7
 658 0305 1801     		.2byte	0x118
 659 0307 78020000 		.4byte	0x278
 660 030b 02       		.byte	0x2
 661 030c 23       		.byte	0x23
 662 030d 1C       		.uleb128 0x1c
 663 030e 0B       		.uleb128 0xb
 664 030f 6C7200   		.ascii	"lr\000"
 665 0312 07       		.byte	0x7
 666 0313 1901     		.2byte	0x119
 667 0315 78020000 		.4byte	0x278
 668 0319 02       		.byte	0x2
 669 031a 23       		.byte	0x23
 670 031b 20       		.uleb128 0x20
ARM GAS  /var/folders/5n/p_75w94d66l9ssrldxqdhh700000gn/T//ccQSYpWC.s 			page 13


 671 031c 00       		.byte	0
 672 031d 0C       		.uleb128 0xc
 673 031e 30010000 		.4byte	.LASF46
 674 0322 04       		.byte	0x4
 675 0323 07       		.byte	0x7
 676 0324 2301     		.2byte	0x123
 677 0326 3A030000 		.4byte	0x33a
 678 032a 0B       		.uleb128 0xb
 679 032b 72313300 		.ascii	"r13\000"
 680 032f 07       		.byte	0x7
 681 0330 2401     		.2byte	0x124
 682 0332 3A030000 		.4byte	0x33a
 683 0336 02       		.byte	0x2
 684 0337 23       		.byte	0x23
 685 0338 00       		.uleb128 0
 686 0339 00       		.byte	0
 687 033a 09       		.uleb128 0x9
 688 033b 04       		.byte	0x4
 689 033c 90020000 		.4byte	0x290
 690 0340 04       		.uleb128 0x4
 691 0341 04       		.byte	0x4
 692 0342 07       		.byte	0x7
 693 0343 F2010000 		.4byte	.LASF47
 694 0347 03       		.uleb128 0x3
 695 0348 18030000 		.4byte	.LASF48
 696 034c 08       		.byte	0x8
 697 034d 53       		.byte	0x53
 698 034e 52030000 		.4byte	0x352
 699 0352 09       		.uleb128 0x9
 700 0353 04       		.byte	0x4
 701 0354 58030000 		.4byte	0x358
 702 0358 0D       		.uleb128 0xd
 703 0359 01       		.byte	0x1
 704 035a 64030000 		.4byte	0x364
 705 035e 0E       		.uleb128 0xe
 706 035f 83020000 		.4byte	0x283
 707 0363 00       		.byte	0
 708 0364 03       		.uleb128 0x3
 709 0365 EA020000 		.4byte	.LASF49
 710 0369 08       		.byte	0x8
 711 036a 58       		.byte	0x58
 712 036b 6F030000 		.4byte	0x36f
 713 036f 05       		.uleb128 0x5
 714 0370 EA020000 		.4byte	.LASF49
 715 0374 14       		.byte	0x14
 716 0375 08       		.byte	0x8
 717 0376 5F       		.byte	0x5f
 718 0377 C2030000 		.4byte	0x3c2
 719 037b 06       		.uleb128 0x6
 720 037c 16010000 		.4byte	.LASF50
 721 0380 08       		.byte	0x8
 722 0381 60       		.byte	0x60
 723 0382 C2030000 		.4byte	0x3c2
 724 0386 02       		.byte	0x2
 725 0387 23       		.byte	0x23
 726 0388 00       		.uleb128 0
 727 0389 06       		.uleb128 0x6
ARM GAS  /var/folders/5n/p_75w94d66l9ssrldxqdhh700000gn/T//ccQSYpWC.s 			page 14


 728 038a F0000000 		.4byte	.LASF51
 729 038e 08       		.byte	0x8
 730 038f 62       		.byte	0x62
 731 0390 C2030000 		.4byte	0x3c2
 732 0394 02       		.byte	0x2
 733 0395 23       		.byte	0x23
 734 0396 04       		.uleb128 0x4
 735 0397 06       		.uleb128 0x6
 736 0398 EA010000 		.4byte	.LASF52
 737 039c 08       		.byte	0x8
 738 039d 64       		.byte	0x64
 739 039e E8000000 		.4byte	0xe8
 740 03a2 02       		.byte	0x2
 741 03a3 23       		.byte	0x23
 742 03a4 08       		.uleb128 0x8
 743 03a5 06       		.uleb128 0x6
 744 03a6 FB010000 		.4byte	.LASF53
 745 03aa 08       		.byte	0x8
 746 03ab 65       		.byte	0x65
 747 03ac 47030000 		.4byte	0x347
 748 03b0 02       		.byte	0x2
 749 03b1 23       		.byte	0x23
 750 03b2 0C       		.uleb128 0xc
 751 03b3 06       		.uleb128 0x6
 752 03b4 43030000 		.4byte	.LASF54
 753 03b8 08       		.byte	0x8
 754 03b9 67       		.byte	0x67
 755 03ba 83020000 		.4byte	0x283
 756 03be 02       		.byte	0x2
 757 03bf 23       		.byte	0x23
 758 03c0 10       		.uleb128 0x10
 759 03c1 00       		.byte	0
 760 03c2 09       		.uleb128 0x9
 761 03c3 04       		.byte	0x4
 762 03c4 64030000 		.4byte	0x364
 763 03c8 08       		.uleb128 0x8
 764 03c9 10       		.byte	0x10
 765 03ca 08       		.byte	0x8
 766 03cb 71       		.byte	0x71
 767 03cc 09040000 		.4byte	0x409
 768 03d0 06       		.uleb128 0x6
 769 03d1 16010000 		.4byte	.LASF50
 770 03d5 08       		.byte	0x8
 771 03d6 72       		.byte	0x72
 772 03d7 C2030000 		.4byte	0x3c2
 773 03db 02       		.byte	0x2
 774 03dc 23       		.byte	0x23
 775 03dd 00       		.uleb128 0
 776 03de 06       		.uleb128 0x6
 777 03df F0000000 		.4byte	.LASF51
 778 03e3 08       		.byte	0x8
 779 03e4 74       		.byte	0x74
 780 03e5 C2030000 		.4byte	0x3c2
 781 03e9 02       		.byte	0x2
 782 03ea 23       		.byte	0x23
 783 03eb 04       		.uleb128 0x4
 784 03ec 06       		.uleb128 0x6
ARM GAS  /var/folders/5n/p_75w94d66l9ssrldxqdhh700000gn/T//ccQSYpWC.s 			page 15


 785 03ed EA010000 		.4byte	.LASF52
 786 03f1 08       		.byte	0x8
 787 03f2 76       		.byte	0x76
 788 03f3 E8000000 		.4byte	0xe8
 789 03f7 02       		.byte	0x2
 790 03f8 23       		.byte	0x23
 791 03f9 08       		.uleb128 0x8
 792 03fa 06       		.uleb128 0x6
 793 03fb 9E030000 		.4byte	.LASF55
 794 03ff 08       		.byte	0x8
 795 0400 77       		.byte	0x77
 796 0401 09040000 		.4byte	0x409
 797 0405 02       		.byte	0x2
 798 0406 23       		.byte	0x23
 799 0407 0C       		.uleb128 0xc
 800 0408 00       		.byte	0
 801 0409 0F       		.uleb128 0xf
 802 040a E8000000 		.4byte	0xe8
 803 040e 03       		.uleb128 0x3
 804 040f A9030000 		.4byte	.LASF56
 805 0413 08       		.byte	0x8
 806 0414 78       		.byte	0x78
 807 0415 C8030000 		.4byte	0x3c8
 808 0419 08       		.uleb128 0x8
 809 041a 20       		.byte	0x20
 810 041b 09       		.byte	0x9
 811 041c 5E       		.byte	0x5e
 812 041d 84040000 		.4byte	0x484
 813 0421 06       		.uleb128 0x6
 814 0422 E2020000 		.4byte	.LASF57
 815 0426 09       		.byte	0x9
 816 0427 5F       		.byte	0x5f
 817 0428 4B020000 		.4byte	0x24b
 818 042c 02       		.byte	0x2
 819 042d 23       		.byte	0x23
 820 042e 00       		.uleb128 0
 821 042f 06       		.uleb128 0x6
 822 0430 9D020000 		.4byte	.LASF58
 823 0434 09       		.byte	0x9
 824 0435 60       		.byte	0x60
 825 0436 C7000000 		.4byte	0xc7
 826 043a 02       		.byte	0x2
 827 043b 23       		.byte	0x23
 828 043c 08       		.uleb128 0x8
 829 043d 06       		.uleb128 0x6
 830 043e 0B020000 		.4byte	.LASF59
 831 0442 09       		.byte	0x9
 832 0443 62       		.byte	0x62
 833 0444 1D030000 		.4byte	0x31d
 834 0448 02       		.byte	0x2
 835 0449 23       		.byte	0x23
 836 044a 0C       		.uleb128 0xc
 837 044b 06       		.uleb128 0x6
 838 044c DF000000 		.4byte	.LASF60
 839 0450 09       		.byte	0x9
 840 0451 65       		.byte	0x65
 841 0452 45020000 		.4byte	0x245
ARM GAS  /var/folders/5n/p_75w94d66l9ssrldxqdhh700000gn/T//ccQSYpWC.s 			page 16


 842 0456 02       		.byte	0x2
 843 0457 23       		.byte	0x23
 844 0458 10       		.uleb128 0x10
 845 0459 06       		.uleb128 0x6
 846 045a 34020000 		.4byte	.LASF61
 847 045e 09       		.byte	0x9
 848 045f 66       		.byte	0x66
 849 0460 45020000 		.4byte	0x245
 850 0464 02       		.byte	0x2
 851 0465 23       		.byte	0x23
 852 0466 14       		.uleb128 0x14
 853 0467 06       		.uleb128 0x6
 854 0468 B0030000 		.4byte	.LASF62
 855 046c 09       		.byte	0x9
 856 046d 6A       		.byte	0x6a
 857 046e F3000000 		.4byte	0xf3
 858 0472 02       		.byte	0x2
 859 0473 23       		.byte	0x23
 860 0474 18       		.uleb128 0x18
 861 0475 06       		.uleb128 0x6
 862 0476 2A020000 		.4byte	.LASF63
 863 047a 09       		.byte	0x9
 864 047b 6C       		.byte	0x6c
 865 047c 45020000 		.4byte	0x245
 866 0480 02       		.byte	0x2
 867 0481 23       		.byte	0x23
 868 0482 1C       		.uleb128 0x1c
 869 0483 00       		.byte	0
 870 0484 03       		.uleb128 0x3
 871 0485 51030000 		.4byte	.LASF64
 872 0489 09       		.byte	0x9
 873 048a 6E       		.byte	0x6e
 874 048b 19040000 		.4byte	0x419
 875 048f 05       		.uleb128 0x5
 876 0490 71010000 		.4byte	.LASF65
 877 0494 10       		.byte	0x10
 878 0495 0A       		.byte	0xa
 879 0496 2C       		.byte	0x2c
 880 0497 C6040000 		.4byte	0x4c6
 881 049b 06       		.uleb128 0x6
 882 049c AD000000 		.4byte	.LASF66
 883 04a0 0A       		.byte	0xa
 884 04a1 2D       		.byte	0x2d
 885 04a2 4B020000 		.4byte	0x24b
 886 04a6 02       		.byte	0x2
 887 04a7 23       		.byte	0x23
 888 04a8 00       		.uleb128 0
 889 04a9 06       		.uleb128 0x6
 890 04aa BA030000 		.4byte	.LASF67
 891 04ae 0A       		.byte	0xa
 892 04af 2F       		.byte	0x2f
 893 04b0 45020000 		.4byte	0x245
 894 04b4 02       		.byte	0x2
 895 04b5 23       		.byte	0x23
 896 04b6 08       		.uleb128 0x8
 897 04b7 06       		.uleb128 0x6
 898 04b8 FC020000 		.4byte	.LASF68
ARM GAS  /var/folders/5n/p_75w94d66l9ssrldxqdhh700000gn/T//ccQSYpWC.s 			page 17


 899 04bc 0A       		.byte	0xa
 900 04bd 31       		.byte	0x31
 901 04be C6040000 		.4byte	0x4c6
 902 04c2 02       		.byte	0x2
 903 04c3 23       		.byte	0x23
 904 04c4 0C       		.uleb128 0xc
 905 04c5 00       		.byte	0
 906 04c6 09       		.uleb128 0x9
 907 04c7 04       		.byte	0x4
 908 04c8 8F040000 		.4byte	0x48f
 909 04cc 03       		.uleb128 0x3
 910 04cd 71010000 		.4byte	.LASF65
 911 04d1 0A       		.byte	0xa
 912 04d2 33       		.byte	0x33
 913 04d3 8F040000 		.4byte	0x48f
 914 04d7 10       		.uleb128 0x10
 915 04d8 04       		.byte	0x4
 916 04d9 06       		.byte	0x6
 917 04da 90       		.byte	0x90
 918 04db 0C050000 		.4byte	0x50c
 919 04df 11       		.uleb128 0x11
 920 04e0 15000000 		.4byte	.LASF69
 921 04e4 06       		.byte	0x6
 922 04e5 97       		.byte	0x97
 923 04e6 D2000000 		.4byte	0xd2
 924 04ea 11       		.uleb128 0x11
 925 04eb 56000000 		.4byte	.LASF70
 926 04ef 06       		.byte	0x6
 927 04f0 9E       		.byte	0x9e
 928 04f1 D2000000 		.4byte	0xd2
 929 04f5 11       		.uleb128 0x11
 930 04f6 90030000 		.4byte	.LASF71
 931 04fa 06       		.byte	0x6
 932 04fb A5       		.byte	0xa5
 933 04fc 83020000 		.4byte	0x283
 934 0500 11       		.uleb128 0x11
 935 0501 A4020000 		.4byte	.LASF72
 936 0505 06       		.byte	0x6
 937 0506 AC       		.byte	0xac
 938 0507 DD000000 		.4byte	0xdd
 939 050b 00       		.byte	0
 940 050c 09       		.uleb128 0x9
 941 050d 04       		.byte	0x4
 942 050e 12050000 		.4byte	0x512
 943 0512 12       		.uleb128 0x12
 944 0513 17050000 		.4byte	0x517
 945 0517 04       		.uleb128 0x4
 946 0518 01       		.byte	0x1
 947 0519 08       		.byte	0x8
 948 051a F7020000 		.4byte	.LASF73
 949 051e 09       		.uleb128 0x9
 950 051f 04       		.byte	0x4
 951 0520 CC040000 		.4byte	0x4cc
 952 0524 03       		.uleb128 0x3
 953 0525 00000000 		.4byte	.LASF74
 954 0529 06       		.byte	0x6
 955 052a DF       		.byte	0xdf
ARM GAS  /var/folders/5n/p_75w94d66l9ssrldxqdhh700000gn/T//ccQSYpWC.s 			page 18


 956 052b 2F050000 		.4byte	0x52f
 957 052f 09       		.uleb128 0x9
 958 0530 04       		.byte	0x4
 959 0531 35050000 		.4byte	0x535
 960 0535 13       		.uleb128 0x13
 961 0536 01       		.byte	0x1
 962 0537 D2000000 		.4byte	0xd2
 963 053b 45050000 		.4byte	0x545
 964 053f 0E       		.uleb128 0xe
 965 0540 83020000 		.4byte	0x283
 966 0544 00       		.byte	0
 967 0545 14       		.uleb128 0x14
 968 0546 01       		.byte	0x1
 969 0547 3C020000 		.4byte	.LASF75
 970 054b 01       		.byte	0x1
 971 054c 3B       		.byte	0x3b
 972 054d 01       		.byte	0x1
 973 054e 00000000 		.4byte	.LFB7
 974 0552 14000000 		.4byte	.LFE7
 975 0556 02       		.byte	0x2
 976 0557 7D       		.byte	0x7d
 977 0558 00       		.sleb128 0
 978 0559 01       		.byte	0x1
 979 055a 6A050000 		.4byte	0x56a
 980 055e 15       		.uleb128 0x15
 981 055f 7000     		.ascii	"p\000"
 982 0561 01       		.byte	0x1
 983 0562 3B       		.byte	0x3b
 984 0563 83020000 		.4byte	0x283
 985 0567 01       		.byte	0x1
 986 0568 50       		.byte	0x50
 987 0569 00       		.byte	0
 988 056a 16       		.uleb128 0x16
 989 056b 01       		.byte	0x1
 990 056c 9B000000 		.4byte	.LASF76
 991 0570 01       		.byte	0x1
 992 0571 52       		.byte	0x52
 993 0572 01       		.byte	0x1
 994 0573 00000000 		.4byte	.LFB8
 995 0577 64000000 		.4byte	.LFE8
 996 057b 00000000 		.4byte	.LLST0
 997 057f 01       		.byte	0x1
 998 0580 2A060000 		.4byte	0x62a
 999 0584 17       		.uleb128 0x17
 1000 0585 5F000000 		.4byte	.LASF77
 1001 0589 01       		.byte	0x1
 1002 058a 53       		.byte	0x53
 1003 058b FE000000 		.4byte	0xfe
 1004 058f 05       		.byte	0x5
 1005 0590 03       		.byte	0x3
 1006 0591 00000000 		.4byte	mainthread.4794
 1007 0595 18       		.uleb128 0x18
 1008 0596 34000000 		.4byte	.LBB2
 1009 059a 3C000000 		.4byte	.LBE2
 1010 059e B2050000 		.4byte	0x5b2
 1011 05a2 19       		.uleb128 0x19
 1012 05a3 746D7000 		.ascii	"tmp\000"
ARM GAS  /var/folders/5n/p_75w94d66l9ssrldxqdhh700000gn/T//ccQSYpWC.s 			page 19


 1013 05a7 01       		.byte	0x1
 1014 05a8 6D       		.byte	0x6d
 1015 05a9 7B000000 		.4byte	0x7b
 1016 05ad 2C000000 		.4byte	.LLST1
 1017 05b1 00       		.byte	0
 1018 05b2 1A       		.uleb128 0x1a
 1019 05b3 08000000 		.4byte	.LVL1
 1020 05b7 B2060000 		.4byte	0x6b2
 1021 05bb 1A       		.uleb128 0x1a
 1022 05bc 0C000000 		.4byte	.LVL2
 1023 05c0 BD060000 		.4byte	0x6bd
 1024 05c4 1A       		.uleb128 0x1a
 1025 05c5 10000000 		.4byte	.LVL3
 1026 05c9 C7060000 		.4byte	0x6c7
 1027 05cd 1A       		.uleb128 0x1a
 1028 05ce 14000000 		.4byte	.LVL4
 1029 05d2 D1060000 		.4byte	0x6d1
 1030 05d6 1A       		.uleb128 0x1a
 1031 05d7 18000000 		.4byte	.LVL5
 1032 05db DB060000 		.4byte	0x6db
 1033 05df 1B       		.uleb128 0x1b
 1034 05e0 26000000 		.4byte	.LVL6
 1035 05e4 E5060000 		.4byte	0x6e5
 1036 05e8 FC050000 		.4byte	0x5fc
 1037 05ec 1C       		.uleb128 0x1c
 1038 05ed 01       		.byte	0x1
 1039 05ee 51       		.byte	0x51
 1040 05ef 02       		.byte	0x2
 1041 05f0 08       		.byte	0x8
 1042 05f1 40       		.byte	0x40
 1043 05f2 1C       		.uleb128 0x1c
 1044 05f3 01       		.byte	0x1
 1045 05f4 50       		.byte	0x50
 1046 05f5 05       		.byte	0x5
 1047 05f6 03       		.byte	0x3
 1048 05f7 00000000 		.4byte	.LANCHOR0
 1049 05fb 00       		.byte	0
 1050 05fc 1D       		.uleb128 0x1d
 1051 05fd 60000000 		.4byte	.LVL10
 1052 0601 03070000 		.4byte	0x703
 1053 0605 1C       		.uleb128 0x1c
 1054 0606 01       		.byte	0x1
 1055 0607 53       		.byte	0x53
 1056 0608 05       		.byte	0x5
 1057 0609 03       		.byte	0x3
 1058 060a 00000000 		.4byte	_idle_thread
 1059 060e 1C       		.uleb128 0x1c
 1060 060f 01       		.byte	0x1
 1061 0610 52       		.byte	0x52
 1062 0611 01       		.byte	0x1
 1063 0612 31       		.byte	0x31
 1064 0613 1C       		.uleb128 0x1c
 1065 0614 01       		.byte	0x1
 1066 0615 51       		.byte	0x51
 1067 0616 02       		.byte	0x2
 1068 0617 08       		.byte	0x8
 1069 0618 C0       		.byte	0xc0
ARM GAS  /var/folders/5n/p_75w94d66l9ssrldxqdhh700000gn/T//ccQSYpWC.s 			page 20


 1070 0619 1C       		.uleb128 0x1c
 1071 061a 01       		.byte	0x1
 1072 061b 50       		.byte	0x50
 1073 061c 05       		.byte	0x5
 1074 061d 03       		.byte	0x3
 1075 061e 00000000 		.4byte	.LANCHOR1
 1076 0622 1C       		.uleb128 0x1c
 1077 0623 02       		.byte	0x2
 1078 0624 7D       		.byte	0x7d
 1079 0625 00       		.sleb128 0
 1080 0626 01       		.byte	0x1
 1081 0627 30       		.byte	0x30
 1082 0628 00       		.byte	0
 1083 0629 00       		.byte	0
 1084 062a 1E       		.uleb128 0x1e
 1085 062b 01       		.byte	0x1
 1086 062c 2C000000 		.4byte	.LASF78
 1087 0630 01       		.byte	0x1
 1088 0631 85       		.byte	0x85
 1089 0632 01       		.byte	0x1
 1090 0633 00000000 		.4byte	.LFB9
 1091 0637 4C000000 		.4byte	.LFE9
 1092 063b 3F000000 		.4byte	.LLST2
 1093 063f 01       		.byte	0x1
 1094 0640 76060000 		.4byte	0x676
 1095 0644 1F       		.uleb128 0x1f
 1096 0645 24000000 		.4byte	.LBB3
 1097 0649 4C000000 		.4byte	.LBE3
 1098 064d 19       		.uleb128 0x19
 1099 064e 76747000 		.ascii	"vtp\000"
 1100 0652 01       		.byte	0x1
 1101 0653 92       		.byte	0x92
 1102 0654 C2030000 		.4byte	0x3c2
 1103 0658 5F000000 		.4byte	.LLST3
 1104 065c 1F       		.uleb128 0x1f
 1105 065d 2C000000 		.4byte	.LBB4
 1106 0661 3A000000 		.4byte	.LBE4
 1107 0665 19       		.uleb128 0x19
 1108 0666 666E00   		.ascii	"fn\000"
 1109 0669 01       		.byte	0x1
 1110 066a 92       		.byte	0x92
 1111 066b 47030000 		.4byte	0x347
 1112 066f 7D000000 		.4byte	.LLST4
 1113 0673 00       		.byte	0
 1114 0674 00       		.byte	0
 1115 0675 00       		.byte	0
 1116 0676 20       		.uleb128 0x20
 1117 0677 25000000 		.4byte	.LASF79
 1118 067b 08       		.byte	0x8
 1119 067c 7A       		.byte	0x7a
 1120 067d 0E040000 		.4byte	0x40e
 1121 0681 01       		.byte	0x1
 1122 0682 01       		.byte	0x1
 1123 0683 20       		.uleb128 0x20
 1124 0684 5B030000 		.4byte	.LASF80
 1125 0688 09       		.byte	0x9
 1126 0689 72       		.byte	0x72
ARM GAS  /var/folders/5n/p_75w94d66l9ssrldxqdhh700000gn/T//ccQSYpWC.s 			page 21


 1127 068a 84040000 		.4byte	0x484
 1128 068e 01       		.byte	0x1
 1129 068f 01       		.byte	0x1
 1130 0690 21       		.uleb128 0x21
 1131 0691 85020000 		.4byte	0x285
 1132 0695 A0060000 		.4byte	0x6a0
 1133 0699 22       		.uleb128 0x22
 1134 069a 40030000 		.4byte	0x340
 1135 069e 17       		.byte	0x17
 1136 069f 00       		.byte	0
 1137 06a0 23       		.uleb128 0x23
 1138 06a1 CF000000 		.4byte	.LASF81
 1139 06a5 01       		.byte	0x1
 1140 06a6 2F       		.byte	0x2f
 1141 06a7 90060000 		.4byte	0x690
 1142 06ab 01       		.byte	0x1
 1143 06ac 05       		.byte	0x5
 1144 06ad 03       		.byte	0x3
 1145 06ae 00000000 		.4byte	_idle_thread_wa
 1146 06b2 24       		.uleb128 0x24
 1147 06b3 01       		.byte	0x1
 1148 06b4 85030000 		.4byte	.LASF82
 1149 06b8 07       		.byte	0x7
 1150 06b9 F401     		.2byte	0x1f4
 1151 06bb 01       		.byte	0x1
 1152 06bc 01       		.byte	0x1
 1153 06bd 25       		.uleb128 0x25
 1154 06be 01       		.byte	0x1
 1155 06bf 71000000 		.4byte	.LASF83
 1156 06c3 09       		.byte	0x9
 1157 06c4 91       		.byte	0x91
 1158 06c5 01       		.byte	0x1
 1159 06c6 01       		.byte	0x1
 1160 06c7 25       		.uleb128 0x25
 1161 06c8 01       		.byte	0x1
 1162 06c9 21030000 		.4byte	.LASF84
 1163 06cd 08       		.byte	0x8
 1164 06ce B0       		.byte	0xb0
 1165 06cf 01       		.byte	0x1
 1166 06d0 01       		.byte	0x1
 1167 06d1 25       		.uleb128 0x25
 1168 06d2 01       		.byte	0x1
 1169 06d3 76020000 		.4byte	.LASF85
 1170 06d7 0B       		.byte	0xb
 1171 06d8 51       		.byte	0x51
 1172 06d9 01       		.byte	0x1
 1173 06da 01       		.byte	0x1
 1174 06db 25       		.uleb128 0x25
 1175 06dc 01       		.byte	0x1
 1176 06dd F8000000 		.4byte	.LASF86
 1177 06e1 0C       		.byte	0xc
 1178 06e2 55       		.byte	0x55
 1179 06e3 01       		.byte	0x1
 1180 06e4 01       		.byte	0x1
 1181 06e5 26       		.uleb128 0x26
 1182 06e6 01       		.byte	0x1
 1183 06e7 D5020000 		.4byte	.LASF90
ARM GAS  /var/folders/5n/p_75w94d66l9ssrldxqdhh700000gn/T//ccQSYpWC.s 			page 22


 1184 06eb 06       		.byte	0x6
 1185 06ec 5E01     		.2byte	0x15e
 1186 06ee 01       		.byte	0x1
 1187 06ef 45020000 		.4byte	0x245
 1188 06f3 01       		.byte	0x1
 1189 06f4 03070000 		.4byte	0x703
 1190 06f8 0E       		.uleb128 0xe
 1191 06f9 45020000 		.4byte	0x245
 1192 06fd 0E       		.uleb128 0xe
 1193 06fe C7000000 		.4byte	0xc7
 1194 0702 00       		.byte	0
 1195 0703 27       		.uleb128 0x27
 1196 0704 01       		.byte	0x1
 1197 0705 82010000 		.4byte	.LASF91
 1198 0709 06       		.byte	0x6
 1199 070a 6401     		.2byte	0x164
 1200 070c 01       		.byte	0x1
 1201 070d 45020000 		.4byte	0x245
 1202 0711 01       		.byte	0x1
 1203 0712 0E       		.uleb128 0xe
 1204 0713 83020000 		.4byte	0x283
 1205 0717 0E       		.uleb128 0xe
 1206 0718 30000000 		.4byte	0x30
 1207 071c 0E       		.uleb128 0xe
 1208 071d C7000000 		.4byte	0xc7
 1209 0721 0E       		.uleb128 0xe
 1210 0722 24050000 		.4byte	0x524
 1211 0726 0E       		.uleb128 0xe
 1212 0727 83020000 		.4byte	0x283
 1213 072b 00       		.byte	0
 1214 072c 00       		.byte	0
 1215              		.section	.debug_abbrev,"",%progbits
 1216              	.Ldebug_abbrev0:
 1217 0000 01       		.uleb128 0x1
 1218 0001 11       		.uleb128 0x11
 1219 0002 01       		.byte	0x1
 1220 0003 25       		.uleb128 0x25
 1221 0004 0E       		.uleb128 0xe
 1222 0005 13       		.uleb128 0x13
 1223 0006 0B       		.uleb128 0xb
 1224 0007 03       		.uleb128 0x3
 1225 0008 0E       		.uleb128 0xe
 1226 0009 1B       		.uleb128 0x1b
 1227 000a 0E       		.uleb128 0xe
 1228 000b 55       		.uleb128 0x55
 1229 000c 06       		.uleb128 0x6
 1230 000d 11       		.uleb128 0x11
 1231 000e 01       		.uleb128 0x1
 1232 000f 52       		.uleb128 0x52
 1233 0010 01       		.uleb128 0x1
 1234 0011 10       		.uleb128 0x10
 1235 0012 06       		.uleb128 0x6
 1236 0013 00       		.byte	0
 1237 0014 00       		.byte	0
 1238 0015 02       		.uleb128 0x2
 1239 0016 24       		.uleb128 0x24
 1240 0017 00       		.byte	0
ARM GAS  /var/folders/5n/p_75w94d66l9ssrldxqdhh700000gn/T//ccQSYpWC.s 			page 23


 1241 0018 0B       		.uleb128 0xb
 1242 0019 0B       		.uleb128 0xb
 1243 001a 3E       		.uleb128 0x3e
 1244 001b 0B       		.uleb128 0xb
 1245 001c 03       		.uleb128 0x3
 1246 001d 08       		.uleb128 0x8
 1247 001e 00       		.byte	0
 1248 001f 00       		.byte	0
 1249 0020 03       		.uleb128 0x3
 1250 0021 16       		.uleb128 0x16
 1251 0022 00       		.byte	0
 1252 0023 03       		.uleb128 0x3
 1253 0024 0E       		.uleb128 0xe
 1254 0025 3A       		.uleb128 0x3a
 1255 0026 0B       		.uleb128 0xb
 1256 0027 3B       		.uleb128 0x3b
 1257 0028 0B       		.uleb128 0xb
 1258 0029 49       		.uleb128 0x49
 1259 002a 13       		.uleb128 0x13
 1260 002b 00       		.byte	0
 1261 002c 00       		.byte	0
 1262 002d 04       		.uleb128 0x4
 1263 002e 24       		.uleb128 0x24
 1264 002f 00       		.byte	0
 1265 0030 0B       		.uleb128 0xb
 1266 0031 0B       		.uleb128 0xb
 1267 0032 3E       		.uleb128 0x3e
 1268 0033 0B       		.uleb128 0xb
 1269 0034 03       		.uleb128 0x3
 1270 0035 0E       		.uleb128 0xe
 1271 0036 00       		.byte	0
 1272 0037 00       		.byte	0
 1273 0038 05       		.uleb128 0x5
 1274 0039 13       		.uleb128 0x13
 1275 003a 01       		.byte	0x1
 1276 003b 03       		.uleb128 0x3
 1277 003c 0E       		.uleb128 0xe
 1278 003d 0B       		.uleb128 0xb
 1279 003e 0B       		.uleb128 0xb
 1280 003f 3A       		.uleb128 0x3a
 1281 0040 0B       		.uleb128 0xb
 1282 0041 3B       		.uleb128 0x3b
 1283 0042 0B       		.uleb128 0xb
 1284 0043 01       		.uleb128 0x1
 1285 0044 13       		.uleb128 0x13
 1286 0045 00       		.byte	0
 1287 0046 00       		.byte	0
 1288 0047 06       		.uleb128 0x6
 1289 0048 0D       		.uleb128 0xd
 1290 0049 00       		.byte	0
 1291 004a 03       		.uleb128 0x3
 1292 004b 0E       		.uleb128 0xe
 1293 004c 3A       		.uleb128 0x3a
 1294 004d 0B       		.uleb128 0xb
 1295 004e 3B       		.uleb128 0x3b
 1296 004f 0B       		.uleb128 0xb
 1297 0050 49       		.uleb128 0x49
ARM GAS  /var/folders/5n/p_75w94d66l9ssrldxqdhh700000gn/T//ccQSYpWC.s 			page 24


 1298 0051 13       		.uleb128 0x13
 1299 0052 38       		.uleb128 0x38
 1300 0053 0A       		.uleb128 0xa
 1301 0054 00       		.byte	0
 1302 0055 00       		.byte	0
 1303 0056 07       		.uleb128 0x7
 1304 0057 0D       		.uleb128 0xd
 1305 0058 00       		.byte	0
 1306 0059 03       		.uleb128 0x3
 1307 005a 08       		.uleb128 0x8
 1308 005b 3A       		.uleb128 0x3a
 1309 005c 0B       		.uleb128 0xb
 1310 005d 3B       		.uleb128 0x3b
 1311 005e 0B       		.uleb128 0xb
 1312 005f 49       		.uleb128 0x49
 1313 0060 13       		.uleb128 0x13
 1314 0061 38       		.uleb128 0x38
 1315 0062 0A       		.uleb128 0xa
 1316 0063 00       		.byte	0
 1317 0064 00       		.byte	0
 1318 0065 08       		.uleb128 0x8
 1319 0066 13       		.uleb128 0x13
 1320 0067 01       		.byte	0x1
 1321 0068 0B       		.uleb128 0xb
 1322 0069 0B       		.uleb128 0xb
 1323 006a 3A       		.uleb128 0x3a
 1324 006b 0B       		.uleb128 0xb
 1325 006c 3B       		.uleb128 0x3b
 1326 006d 0B       		.uleb128 0xb
 1327 006e 01       		.uleb128 0x1
 1328 006f 13       		.uleb128 0x13
 1329 0070 00       		.byte	0
 1330 0071 00       		.byte	0
 1331 0072 09       		.uleb128 0x9
 1332 0073 0F       		.uleb128 0xf
 1333 0074 00       		.byte	0
 1334 0075 0B       		.uleb128 0xb
 1335 0076 0B       		.uleb128 0xb
 1336 0077 49       		.uleb128 0x49
 1337 0078 13       		.uleb128 0x13
 1338 0079 00       		.byte	0
 1339 007a 00       		.byte	0
 1340 007b 0A       		.uleb128 0xa
 1341 007c 0F       		.uleb128 0xf
 1342 007d 00       		.byte	0
 1343 007e 0B       		.uleb128 0xb
 1344 007f 0B       		.uleb128 0xb
 1345 0080 00       		.byte	0
 1346 0081 00       		.byte	0
 1347 0082 0B       		.uleb128 0xb
 1348 0083 0D       		.uleb128 0xd
 1349 0084 00       		.byte	0
 1350 0085 03       		.uleb128 0x3
 1351 0086 08       		.uleb128 0x8
 1352 0087 3A       		.uleb128 0x3a
 1353 0088 0B       		.uleb128 0xb
 1354 0089 3B       		.uleb128 0x3b
ARM GAS  /var/folders/5n/p_75w94d66l9ssrldxqdhh700000gn/T//ccQSYpWC.s 			page 25


 1355 008a 05       		.uleb128 0x5
 1356 008b 49       		.uleb128 0x49
 1357 008c 13       		.uleb128 0x13
 1358 008d 38       		.uleb128 0x38
 1359 008e 0A       		.uleb128 0xa
 1360 008f 00       		.byte	0
 1361 0090 00       		.byte	0
 1362 0091 0C       		.uleb128 0xc
 1363 0092 13       		.uleb128 0x13
 1364 0093 01       		.byte	0x1
 1365 0094 03       		.uleb128 0x3
 1366 0095 0E       		.uleb128 0xe
 1367 0096 0B       		.uleb128 0xb
 1368 0097 0B       		.uleb128 0xb
 1369 0098 3A       		.uleb128 0x3a
 1370 0099 0B       		.uleb128 0xb
 1371 009a 3B       		.uleb128 0x3b
 1372 009b 05       		.uleb128 0x5
 1373 009c 01       		.uleb128 0x1
 1374 009d 13       		.uleb128 0x13
 1375 009e 00       		.byte	0
 1376 009f 00       		.byte	0
 1377 00a0 0D       		.uleb128 0xd
 1378 00a1 15       		.uleb128 0x15
 1379 00a2 01       		.byte	0x1
 1380 00a3 27       		.uleb128 0x27
 1381 00a4 0C       		.uleb128 0xc
 1382 00a5 01       		.uleb128 0x1
 1383 00a6 13       		.uleb128 0x13
 1384 00a7 00       		.byte	0
 1385 00a8 00       		.byte	0
 1386 00a9 0E       		.uleb128 0xe
 1387 00aa 05       		.uleb128 0x5
 1388 00ab 00       		.byte	0
 1389 00ac 49       		.uleb128 0x49
 1390 00ad 13       		.uleb128 0x13
 1391 00ae 00       		.byte	0
 1392 00af 00       		.byte	0
 1393 00b0 0F       		.uleb128 0xf
 1394 00b1 35       		.uleb128 0x35
 1395 00b2 00       		.byte	0
 1396 00b3 49       		.uleb128 0x49
 1397 00b4 13       		.uleb128 0x13
 1398 00b5 00       		.byte	0
 1399 00b6 00       		.byte	0
 1400 00b7 10       		.uleb128 0x10
 1401 00b8 17       		.uleb128 0x17
 1402 00b9 01       		.byte	0x1
 1403 00ba 0B       		.uleb128 0xb
 1404 00bb 0B       		.uleb128 0xb
 1405 00bc 3A       		.uleb128 0x3a
 1406 00bd 0B       		.uleb128 0xb
 1407 00be 3B       		.uleb128 0x3b
 1408 00bf 0B       		.uleb128 0xb
 1409 00c0 01       		.uleb128 0x1
 1410 00c1 13       		.uleb128 0x13
 1411 00c2 00       		.byte	0
ARM GAS  /var/folders/5n/p_75w94d66l9ssrldxqdhh700000gn/T//ccQSYpWC.s 			page 26


 1412 00c3 00       		.byte	0
 1413 00c4 11       		.uleb128 0x11
 1414 00c5 0D       		.uleb128 0xd
 1415 00c6 00       		.byte	0
 1416 00c7 03       		.uleb128 0x3
 1417 00c8 0E       		.uleb128 0xe
 1418 00c9 3A       		.uleb128 0x3a
 1419 00ca 0B       		.uleb128 0xb
 1420 00cb 3B       		.uleb128 0x3b
 1421 00cc 0B       		.uleb128 0xb
 1422 00cd 49       		.uleb128 0x49
 1423 00ce 13       		.uleb128 0x13
 1424 00cf 00       		.byte	0
 1425 00d0 00       		.byte	0
 1426 00d1 12       		.uleb128 0x12
 1427 00d2 26       		.uleb128 0x26
 1428 00d3 00       		.byte	0
 1429 00d4 49       		.uleb128 0x49
 1430 00d5 13       		.uleb128 0x13
 1431 00d6 00       		.byte	0
 1432 00d7 00       		.byte	0
 1433 00d8 13       		.uleb128 0x13
 1434 00d9 15       		.uleb128 0x15
 1435 00da 01       		.byte	0x1
 1436 00db 27       		.uleb128 0x27
 1437 00dc 0C       		.uleb128 0xc
 1438 00dd 49       		.uleb128 0x49
 1439 00de 13       		.uleb128 0x13
 1440 00df 01       		.uleb128 0x1
 1441 00e0 13       		.uleb128 0x13
 1442 00e1 00       		.byte	0
 1443 00e2 00       		.byte	0
 1444 00e3 14       		.uleb128 0x14
 1445 00e4 2E       		.uleb128 0x2e
 1446 00e5 01       		.byte	0x1
 1447 00e6 3F       		.uleb128 0x3f
 1448 00e7 0C       		.uleb128 0xc
 1449 00e8 03       		.uleb128 0x3
 1450 00e9 0E       		.uleb128 0xe
 1451 00ea 3A       		.uleb128 0x3a
 1452 00eb 0B       		.uleb128 0xb
 1453 00ec 3B       		.uleb128 0x3b
 1454 00ed 0B       		.uleb128 0xb
 1455 00ee 27       		.uleb128 0x27
 1456 00ef 0C       		.uleb128 0xc
 1457 00f0 11       		.uleb128 0x11
 1458 00f1 01       		.uleb128 0x1
 1459 00f2 12       		.uleb128 0x12
 1460 00f3 01       		.uleb128 0x1
 1461 00f4 40       		.uleb128 0x40
 1462 00f5 0A       		.uleb128 0xa
 1463 00f6 9742     		.uleb128 0x2117
 1464 00f8 0C       		.uleb128 0xc
 1465 00f9 01       		.uleb128 0x1
 1466 00fa 13       		.uleb128 0x13
 1467 00fb 00       		.byte	0
 1468 00fc 00       		.byte	0
ARM GAS  /var/folders/5n/p_75w94d66l9ssrldxqdhh700000gn/T//ccQSYpWC.s 			page 27


 1469 00fd 15       		.uleb128 0x15
 1470 00fe 05       		.uleb128 0x5
 1471 00ff 00       		.byte	0
 1472 0100 03       		.uleb128 0x3
 1473 0101 08       		.uleb128 0x8
 1474 0102 3A       		.uleb128 0x3a
 1475 0103 0B       		.uleb128 0xb
 1476 0104 3B       		.uleb128 0x3b
 1477 0105 0B       		.uleb128 0xb
 1478 0106 49       		.uleb128 0x49
 1479 0107 13       		.uleb128 0x13
 1480 0108 02       		.uleb128 0x2
 1481 0109 0A       		.uleb128 0xa
 1482 010a 00       		.byte	0
 1483 010b 00       		.byte	0
 1484 010c 16       		.uleb128 0x16
 1485 010d 2E       		.uleb128 0x2e
 1486 010e 01       		.byte	0x1
 1487 010f 3F       		.uleb128 0x3f
 1488 0110 0C       		.uleb128 0xc
 1489 0111 03       		.uleb128 0x3
 1490 0112 0E       		.uleb128 0xe
 1491 0113 3A       		.uleb128 0x3a
 1492 0114 0B       		.uleb128 0xb
 1493 0115 3B       		.uleb128 0x3b
 1494 0116 0B       		.uleb128 0xb
 1495 0117 27       		.uleb128 0x27
 1496 0118 0C       		.uleb128 0xc
 1497 0119 11       		.uleb128 0x11
 1498 011a 01       		.uleb128 0x1
 1499 011b 12       		.uleb128 0x12
 1500 011c 01       		.uleb128 0x1
 1501 011d 40       		.uleb128 0x40
 1502 011e 06       		.uleb128 0x6
 1503 011f 9742     		.uleb128 0x2117
 1504 0121 0C       		.uleb128 0xc
 1505 0122 01       		.uleb128 0x1
 1506 0123 13       		.uleb128 0x13
 1507 0124 00       		.byte	0
 1508 0125 00       		.byte	0
 1509 0126 17       		.uleb128 0x17
 1510 0127 34       		.uleb128 0x34
 1511 0128 00       		.byte	0
 1512 0129 03       		.uleb128 0x3
 1513 012a 0E       		.uleb128 0xe
 1514 012b 3A       		.uleb128 0x3a
 1515 012c 0B       		.uleb128 0xb
 1516 012d 3B       		.uleb128 0x3b
 1517 012e 0B       		.uleb128 0xb
 1518 012f 49       		.uleb128 0x49
 1519 0130 13       		.uleb128 0x13
 1520 0131 02       		.uleb128 0x2
 1521 0132 0A       		.uleb128 0xa
 1522 0133 00       		.byte	0
 1523 0134 00       		.byte	0
 1524 0135 18       		.uleb128 0x18
 1525 0136 0B       		.uleb128 0xb
ARM GAS  /var/folders/5n/p_75w94d66l9ssrldxqdhh700000gn/T//ccQSYpWC.s 			page 28


 1526 0137 01       		.byte	0x1
 1527 0138 11       		.uleb128 0x11
 1528 0139 01       		.uleb128 0x1
 1529 013a 12       		.uleb128 0x12
 1530 013b 01       		.uleb128 0x1
 1531 013c 01       		.uleb128 0x1
 1532 013d 13       		.uleb128 0x13
 1533 013e 00       		.byte	0
 1534 013f 00       		.byte	0
 1535 0140 19       		.uleb128 0x19
 1536 0141 34       		.uleb128 0x34
 1537 0142 00       		.byte	0
 1538 0143 03       		.uleb128 0x3
 1539 0144 08       		.uleb128 0x8
 1540 0145 3A       		.uleb128 0x3a
 1541 0146 0B       		.uleb128 0xb
 1542 0147 3B       		.uleb128 0x3b
 1543 0148 0B       		.uleb128 0xb
 1544 0149 49       		.uleb128 0x49
 1545 014a 13       		.uleb128 0x13
 1546 014b 02       		.uleb128 0x2
 1547 014c 06       		.uleb128 0x6
 1548 014d 00       		.byte	0
 1549 014e 00       		.byte	0
 1550 014f 1A       		.uleb128 0x1a
 1551 0150 898201   		.uleb128 0x4109
 1552 0153 00       		.byte	0
 1553 0154 11       		.uleb128 0x11
 1554 0155 01       		.uleb128 0x1
 1555 0156 31       		.uleb128 0x31
 1556 0157 13       		.uleb128 0x13
 1557 0158 00       		.byte	0
 1558 0159 00       		.byte	0
 1559 015a 1B       		.uleb128 0x1b
 1560 015b 898201   		.uleb128 0x4109
 1561 015e 01       		.byte	0x1
 1562 015f 11       		.uleb128 0x11
 1563 0160 01       		.uleb128 0x1
 1564 0161 31       		.uleb128 0x31
 1565 0162 13       		.uleb128 0x13
 1566 0163 01       		.uleb128 0x1
 1567 0164 13       		.uleb128 0x13
 1568 0165 00       		.byte	0
 1569 0166 00       		.byte	0
 1570 0167 1C       		.uleb128 0x1c
 1571 0168 8A8201   		.uleb128 0x410a
 1572 016b 00       		.byte	0
 1573 016c 02       		.uleb128 0x2
 1574 016d 0A       		.uleb128 0xa
 1575 016e 9142     		.uleb128 0x2111
 1576 0170 0A       		.uleb128 0xa
 1577 0171 00       		.byte	0
 1578 0172 00       		.byte	0
 1579 0173 1D       		.uleb128 0x1d
 1580 0174 898201   		.uleb128 0x4109
 1581 0177 01       		.byte	0x1
 1582 0178 11       		.uleb128 0x11
ARM GAS  /var/folders/5n/p_75w94d66l9ssrldxqdhh700000gn/T//ccQSYpWC.s 			page 29


 1583 0179 01       		.uleb128 0x1
 1584 017a 31       		.uleb128 0x31
 1585 017b 13       		.uleb128 0x13
 1586 017c 00       		.byte	0
 1587 017d 00       		.byte	0
 1588 017e 1E       		.uleb128 0x1e
 1589 017f 2E       		.uleb128 0x2e
 1590 0180 01       		.byte	0x1
 1591 0181 3F       		.uleb128 0x3f
 1592 0182 0C       		.uleb128 0xc
 1593 0183 03       		.uleb128 0x3
 1594 0184 0E       		.uleb128 0xe
 1595 0185 3A       		.uleb128 0x3a
 1596 0186 0B       		.uleb128 0xb
 1597 0187 3B       		.uleb128 0x3b
 1598 0188 0B       		.uleb128 0xb
 1599 0189 27       		.uleb128 0x27
 1600 018a 0C       		.uleb128 0xc
 1601 018b 11       		.uleb128 0x11
 1602 018c 01       		.uleb128 0x1
 1603 018d 12       		.uleb128 0x12
 1604 018e 01       		.uleb128 0x1
 1605 018f 40       		.uleb128 0x40
 1606 0190 06       		.uleb128 0x6
 1607 0191 9642     		.uleb128 0x2116
 1608 0193 0C       		.uleb128 0xc
 1609 0194 01       		.uleb128 0x1
 1610 0195 13       		.uleb128 0x13
 1611 0196 00       		.byte	0
 1612 0197 00       		.byte	0
 1613 0198 1F       		.uleb128 0x1f
 1614 0199 0B       		.uleb128 0xb
 1615 019a 01       		.byte	0x1
 1616 019b 11       		.uleb128 0x11
 1617 019c 01       		.uleb128 0x1
 1618 019d 12       		.uleb128 0x12
 1619 019e 01       		.uleb128 0x1
 1620 019f 00       		.byte	0
 1621 01a0 00       		.byte	0
 1622 01a1 20       		.uleb128 0x20
 1623 01a2 34       		.uleb128 0x34
 1624 01a3 00       		.byte	0
 1625 01a4 03       		.uleb128 0x3
 1626 01a5 0E       		.uleb128 0xe
 1627 01a6 3A       		.uleb128 0x3a
 1628 01a7 0B       		.uleb128 0xb
 1629 01a8 3B       		.uleb128 0x3b
 1630 01a9 0B       		.uleb128 0xb
 1631 01aa 49       		.uleb128 0x49
 1632 01ab 13       		.uleb128 0x13
 1633 01ac 3F       		.uleb128 0x3f
 1634 01ad 0C       		.uleb128 0xc
 1635 01ae 3C       		.uleb128 0x3c
 1636 01af 0C       		.uleb128 0xc
 1637 01b0 00       		.byte	0
 1638 01b1 00       		.byte	0
 1639 01b2 21       		.uleb128 0x21
ARM GAS  /var/folders/5n/p_75w94d66l9ssrldxqdhh700000gn/T//ccQSYpWC.s 			page 30


 1640 01b3 01       		.uleb128 0x1
 1641 01b4 01       		.byte	0x1
 1642 01b5 49       		.uleb128 0x49
 1643 01b6 13       		.uleb128 0x13
 1644 01b7 01       		.uleb128 0x1
 1645 01b8 13       		.uleb128 0x13
 1646 01b9 00       		.byte	0
 1647 01ba 00       		.byte	0
 1648 01bb 22       		.uleb128 0x22
 1649 01bc 21       		.uleb128 0x21
 1650 01bd 00       		.byte	0
 1651 01be 49       		.uleb128 0x49
 1652 01bf 13       		.uleb128 0x13
 1653 01c0 2F       		.uleb128 0x2f
 1654 01c1 0B       		.uleb128 0xb
 1655 01c2 00       		.byte	0
 1656 01c3 00       		.byte	0
 1657 01c4 23       		.uleb128 0x23
 1658 01c5 34       		.uleb128 0x34
 1659 01c6 00       		.byte	0
 1660 01c7 03       		.uleb128 0x3
 1661 01c8 0E       		.uleb128 0xe
 1662 01c9 3A       		.uleb128 0x3a
 1663 01ca 0B       		.uleb128 0xb
 1664 01cb 3B       		.uleb128 0x3b
 1665 01cc 0B       		.uleb128 0xb
 1666 01cd 49       		.uleb128 0x49
 1667 01ce 13       		.uleb128 0x13
 1668 01cf 3F       		.uleb128 0x3f
 1669 01d0 0C       		.uleb128 0xc
 1670 01d1 02       		.uleb128 0x2
 1671 01d2 0A       		.uleb128 0xa
 1672 01d3 00       		.byte	0
 1673 01d4 00       		.byte	0
 1674 01d5 24       		.uleb128 0x24
 1675 01d6 2E       		.uleb128 0x2e
 1676 01d7 00       		.byte	0
 1677 01d8 3F       		.uleb128 0x3f
 1678 01d9 0C       		.uleb128 0xc
 1679 01da 03       		.uleb128 0x3
 1680 01db 0E       		.uleb128 0xe
 1681 01dc 3A       		.uleb128 0x3a
 1682 01dd 0B       		.uleb128 0xb
 1683 01de 3B       		.uleb128 0x3b
 1684 01df 05       		.uleb128 0x5
 1685 01e0 27       		.uleb128 0x27
 1686 01e1 0C       		.uleb128 0xc
 1687 01e2 3C       		.uleb128 0x3c
 1688 01e3 0C       		.uleb128 0xc
 1689 01e4 00       		.byte	0
 1690 01e5 00       		.byte	0
 1691 01e6 25       		.uleb128 0x25
 1692 01e7 2E       		.uleb128 0x2e
 1693 01e8 00       		.byte	0
 1694 01e9 3F       		.uleb128 0x3f
 1695 01ea 0C       		.uleb128 0xc
 1696 01eb 03       		.uleb128 0x3
ARM GAS  /var/folders/5n/p_75w94d66l9ssrldxqdhh700000gn/T//ccQSYpWC.s 			page 31


 1697 01ec 0E       		.uleb128 0xe
 1698 01ed 3A       		.uleb128 0x3a
 1699 01ee 0B       		.uleb128 0xb
 1700 01ef 3B       		.uleb128 0x3b
 1701 01f0 0B       		.uleb128 0xb
 1702 01f1 27       		.uleb128 0x27
 1703 01f2 0C       		.uleb128 0xc
 1704 01f3 3C       		.uleb128 0x3c
 1705 01f4 0C       		.uleb128 0xc
 1706 01f5 00       		.byte	0
 1707 01f6 00       		.byte	0
 1708 01f7 26       		.uleb128 0x26
 1709 01f8 2E       		.uleb128 0x2e
 1710 01f9 01       		.byte	0x1
 1711 01fa 3F       		.uleb128 0x3f
 1712 01fb 0C       		.uleb128 0xc
 1713 01fc 03       		.uleb128 0x3
 1714 01fd 0E       		.uleb128 0xe
 1715 01fe 3A       		.uleb128 0x3a
 1716 01ff 0B       		.uleb128 0xb
 1717 0200 3B       		.uleb128 0x3b
 1718 0201 05       		.uleb128 0x5
 1719 0202 27       		.uleb128 0x27
 1720 0203 0C       		.uleb128 0xc
 1721 0204 49       		.uleb128 0x49
 1722 0205 13       		.uleb128 0x13
 1723 0206 3C       		.uleb128 0x3c
 1724 0207 0C       		.uleb128 0xc
 1725 0208 01       		.uleb128 0x1
 1726 0209 13       		.uleb128 0x13
 1727 020a 00       		.byte	0
 1728 020b 00       		.byte	0
 1729 020c 27       		.uleb128 0x27
 1730 020d 2E       		.uleb128 0x2e
 1731 020e 01       		.byte	0x1
 1732 020f 3F       		.uleb128 0x3f
 1733 0210 0C       		.uleb128 0xc
 1734 0211 03       		.uleb128 0x3
 1735 0212 0E       		.uleb128 0xe
 1736 0213 3A       		.uleb128 0x3a
 1737 0214 0B       		.uleb128 0xb
 1738 0215 3B       		.uleb128 0x3b
 1739 0216 05       		.uleb128 0x5
 1740 0217 27       		.uleb128 0x27
 1741 0218 0C       		.uleb128 0xc
 1742 0219 49       		.uleb128 0x49
 1743 021a 13       		.uleb128 0x13
 1744 021b 3C       		.uleb128 0x3c
 1745 021c 0C       		.uleb128 0xc
 1746 021d 00       		.byte	0
 1747 021e 00       		.byte	0
 1748 021f 00       		.byte	0
 1749              		.section	.debug_loc,"",%progbits
 1750              	.Ldebug_loc0:
 1751              	.LLST0:
 1752 0000 00000000 		.4byte	.LFB8
 1753 0004 02000000 		.4byte	.LCFI0
ARM GAS  /var/folders/5n/p_75w94d66l9ssrldxqdhh700000gn/T//ccQSYpWC.s 			page 32


 1754 0008 0200     		.2byte	0x2
 1755 000a 7D       		.byte	0x7d
 1756 000b 00       		.sleb128 0
 1757 000c 02000000 		.4byte	.LCFI0
 1758 0010 04000000 		.4byte	.LCFI1
 1759 0014 0200     		.2byte	0x2
 1760 0016 7D       		.byte	0x7d
 1761 0017 04       		.sleb128 4
 1762 0018 04000000 		.4byte	.LCFI1
 1763 001c 64000000 		.4byte	.LFE8
 1764 0020 0200     		.2byte	0x2
 1765 0022 7D       		.byte	0x7d
 1766 0023 10       		.sleb128 16
 1767 0024 00000000 		.4byte	0
 1768 0028 00000000 		.4byte	0
 1769              	.LLST1:
 1770 002c 3C000000 		.4byte	.LVL8
 1771 0030 52000000 		.4byte	.LVL9
 1772 0034 0100     		.2byte	0x1
 1773 0036 53       		.byte	0x53
 1774 0037 00000000 		.4byte	0
 1775 003b 00000000 		.4byte	0
 1776              	.LLST2:
 1777 003f 00000000 		.4byte	.LFB9
 1778 0043 02000000 		.4byte	.LCFI2
 1779 0047 0200     		.2byte	0x2
 1780 0049 7D       		.byte	0x7d
 1781 004a 00       		.sleb128 0
 1782 004b 02000000 		.4byte	.LCFI2
 1783 004f 4C000000 		.4byte	.LFE9
 1784 0053 0200     		.2byte	0x2
 1785 0055 7D       		.byte	0x7d
 1786 0056 10       		.sleb128 16
 1787 0057 00000000 		.4byte	0
 1788 005b 00000000 		.4byte	0
 1789              	.LLST3:
 1790 005f 2A000000 		.4byte	.LVL11
 1791 0063 39000000 		.4byte	.LVL13-1
 1792 0067 0100     		.2byte	0x1
 1793 0069 53       		.byte	0x53
 1794 006a 3C000000 		.4byte	.LVL14
 1795 006e 42000000 		.4byte	.LVL15
 1796 0072 0100     		.2byte	0x1
 1797 0074 53       		.byte	0x53
 1798 0075 00000000 		.4byte	0
 1799 0079 00000000 		.4byte	0
 1800              	.LLST4:
 1801 007d 30000000 		.4byte	.LVL12
 1802 0081 39000000 		.4byte	.LVL13-1
 1803 0085 0100     		.2byte	0x1
 1804 0087 51       		.byte	0x51
 1805 0088 00000000 		.4byte	0
 1806 008c 00000000 		.4byte	0
 1807              		.section	.debug_aranges,"",%progbits
 1808 0000 2C000000 		.4byte	0x2c
 1809 0004 0200     		.2byte	0x2
 1810 0006 00000000 		.4byte	.Ldebug_info0
ARM GAS  /var/folders/5n/p_75w94d66l9ssrldxqdhh700000gn/T//ccQSYpWC.s 			page 33


 1811 000a 04       		.byte	0x4
 1812 000b 00       		.byte	0
 1813 000c 0000     		.2byte	0
 1814 000e 0000     		.2byte	0
 1815 0010 00000000 		.4byte	.LFB7
 1816 0014 14000000 		.4byte	.LFE7-.LFB7
 1817 0018 00000000 		.4byte	.LFB8
 1818 001c 64000000 		.4byte	.LFE8-.LFB8
 1819 0020 00000000 		.4byte	.LFB9
 1820 0024 4C000000 		.4byte	.LFE9-.LFB9
 1821 0028 00000000 		.4byte	0
 1822 002c 00000000 		.4byte	0
 1823              		.section	.debug_ranges,"",%progbits
 1824              	.Ldebug_ranges0:
 1825 0000 00000000 		.4byte	.LFB7
 1826 0004 14000000 		.4byte	.LFE7
 1827 0008 00000000 		.4byte	.LFB8
 1828 000c 64000000 		.4byte	.LFE8
 1829 0010 00000000 		.4byte	.LFB9
 1830 0014 4C000000 		.4byte	.LFE9
 1831 0018 00000000 		.4byte	0
 1832 001c 00000000 		.4byte	0
 1833              		.section	.debug_line,"",%progbits
 1834              	.Ldebug_line0:
 1835 0000 CB010000 		.section	.debug_str,"MS",%progbits,1
 1835      02007501 
 1835      00000201 
 1835      FB0E0D00 
 1835      01010101 
 1836              	.LASF74:
 1837 0000 7466756E 		.ascii	"tfunc_t\000"
 1837      635F7400 
 1838              	.LASF36:
 1839 0008 705F6D73 		.ascii	"p_msg\000"
 1839      6700
 1840              	.LASF2:
 1841 000e 73697A65 		.ascii	"size_t\000"
 1841      5F7400
 1842              	.LASF69:
 1843 0015 7264796D 		.ascii	"rdymsg\000"
 1843      736700
 1844              	.LASF12:
 1845 001c 75696E74 		.ascii	"uint64_t\000"
 1845      36345F74 
 1845      00
 1846              	.LASF79:
 1847 0025 76746C69 		.ascii	"vtlist\000"
 1847      737400
 1848              	.LASF78:
 1849 002c 63685379 		.ascii	"chSysTimerHandlerI\000"
 1849      7354696D 
 1849      65724861 
 1849      6E646C65 
 1849      724900
 1850              	.LASF13:
 1851 003f 6C6F6E67 		.ascii	"long long unsigned int\000"
 1851      206C6F6E 
ARM GAS  /var/folders/5n/p_75w94d66l9ssrldxqdhh700000gn/T//ccQSYpWC.s 			page 34


 1851      6720756E 
 1851      7369676E 
 1851      65642069 
 1852              	.LASF70:
 1853 0056 65786974 		.ascii	"exitcode\000"
 1853      636F6465 
 1853      00
 1854              	.LASF77:
 1855 005f 6D61696E 		.ascii	"mainthread\000"
 1855      74687265 
 1855      616400
 1856              	.LASF25:
 1857 006a 705F7072 		.ascii	"p_prio\000"
 1857      696F00
 1858              	.LASF83:
 1859 0071 5F736368 		.ascii	"_scheduler_init\000"
 1859      6564756C 
 1859      65725F69 
 1859      6E697400 
 1860              	.LASF11:
 1861 0081 6C6F6E67 		.ascii	"long long int\000"
 1861      206C6F6E 
 1861      6720696E 
 1861      7400
 1862              	.LASF1:
 1863 008f 7369676E 		.ascii	"signed char\000"
 1863      65642063 
 1863      68617200 
 1864              	.LASF76:
 1865 009b 63685379 		.ascii	"chSysInit\000"
 1865      73496E69 
 1865      7400
 1866              	.LASF40:
 1867 00a5 705F6D70 		.ascii	"p_mpool\000"
 1867      6F6F6C00 
 1868              	.LASF66:
 1869 00ad 6D5F7175 		.ascii	"m_queue\000"
 1869      65756500 
 1870              	.LASF8:
 1871 00b5 6C6F6E67 		.ascii	"long int\000"
 1871      20696E74 
 1871      00
 1872              	.LASF15:
 1873 00be 74737461 		.ascii	"tstate_t\000"
 1873      74655F74 
 1873      00
 1874              	.LASF27:
 1875 00c7 705F6E65 		.ascii	"p_newer\000"
 1875      77657200 
 1876              	.LASF81:
 1877 00cf 5F69646C 		.ascii	"_idle_thread_wa\000"
 1877      655F7468 
 1877      72656164 
 1877      5F776100 
 1878              	.LASF60:
 1879 00df 725F6E65 		.ascii	"r_newer\000"
 1879      77657200 
ARM GAS  /var/folders/5n/p_75w94d66l9ssrldxqdhh700000gn/T//ccQSYpWC.s 			page 35


 1880              	.LASF43:
 1881 00e7 72656761 		.ascii	"regarm_t\000"
 1881      726D5F74 
 1881      00
 1882              	.LASF51:
 1883 00f0 76745F70 		.ascii	"vt_prev\000"
 1883      72657600 
 1884              	.LASF86:
 1885 00f8 5F686561 		.ascii	"_heap_init\000"
 1885      705F696E 
 1885      697400
 1886              	.LASF21:
 1887 0103 636E745F 		.ascii	"cnt_t\000"
 1887      7400
 1888              	.LASF0:
 1889 0109 756E7369 		.ascii	"unsigned int\000"
 1889      676E6564 
 1889      20696E74 
 1889      00
 1890              	.LASF50:
 1891 0116 76745F6E 		.ascii	"vt_next\000"
 1891      65787400 
 1892              	.LASF10:
 1893 011e 6C6F6E67 		.ascii	"long unsigned int\000"
 1893      20756E73 
 1893      69676E65 
 1893      6420696E 
 1893      7400
 1894              	.LASF46:
 1895 0130 636F6E74 		.ascii	"context\000"
 1895      65787400 
 1896              	.LASF6:
 1897 0138 73686F72 		.ascii	"short unsigned int\000"
 1897      7420756E 
 1897      7369676E 
 1897      65642069 
 1897      6E7400
 1898              	.LASF18:
 1899 014b 6D73675F 		.ascii	"msg_t\000"
 1899      7400
 1900              	.LASF14:
 1901 0151 746D6F64 		.ascii	"tmode_t\000"
 1901      655F7400 
 1902              	.LASF42:
 1903 0159 54687265 		.ascii	"ThreadsList\000"
 1903      6164734C 
 1903      69737400 
 1904              	.LASF19:
 1905 0165 6576656E 		.ascii	"eventmask_t\000"
 1905      746D6173 
 1905      6B5F7400 
 1906              	.LASF65:
 1907 0171 4D757465 		.ascii	"Mutex\000"
 1907      7800
 1908              	.LASF44:
 1909 0177 73746B61 		.ascii	"stkalign_t\000"
 1909      6C69676E 
ARM GAS  /var/folders/5n/p_75w94d66l9ssrldxqdhh700000gn/T//ccQSYpWC.s 			page 36


 1909      5F7400
 1910              	.LASF91:
 1911 0182 63685468 		.ascii	"chThdCreateStatic\000"
 1911      64437265 
 1911      61746553 
 1911      74617469 
 1911      6300
 1912              	.LASF89:
 1913 0194 2F557365 		.ascii	"/Users/sin/Documents/Eclipse/Workspace/ChibiOS_2.4."
 1913      72732F73 
 1913      696E2F44 
 1913      6F63756D 
 1913      656E7473 
 1914 01c7 322F6465 		.ascii	"2/demos/ARMCM4-STM32F407-DISCOVERY\000"
 1914      6D6F732F 
 1914      41524D43 
 1914      4D342D53 
 1914      544D3332 
 1915              	.LASF52:
 1916 01ea 76745F74 		.ascii	"vt_time\000"
 1916      696D6500 
 1917              	.LASF47:
 1918 01f2 73697A65 		.ascii	"sizetype\000"
 1918      74797065 
 1918      00
 1919              	.LASF53:
 1920 01fb 76745F66 		.ascii	"vt_func\000"
 1920      756E6300 
 1921              	.LASF28:
 1922 0203 705F6F6C 		.ascii	"p_older\000"
 1922      64657200 
 1923              	.LASF59:
 1924 020b 725F6374 		.ascii	"r_ctx\000"
 1924      7800
 1925              	.LASF41:
 1926 0211 54687265 		.ascii	"ThreadsQueue\000"
 1926      61647351 
 1926      75657565 
 1926      00
 1927              	.LASF87:
 1928 021e 474E5520 		.ascii	"GNU C 4.7.1\000"
 1928      4320342E 
 1928      372E3100 
 1929              	.LASF63:
 1930 022a 725F6375 		.ascii	"r_current\000"
 1930      7272656E 
 1930      7400
 1931              	.LASF61:
 1932 0234 725F6F6C 		.ascii	"r_older\000"
 1932      64657200 
 1933              	.LASF75:
 1934 023c 5F69646C 		.ascii	"_idle_thread\000"
 1934      655F7468 
 1934      72656164 
 1934      00
 1935              	.LASF16:
 1936 0249 74726566 		.ascii	"trefs_t\000"
ARM GAS  /var/folders/5n/p_75w94d66l9ssrldxqdhh700000gn/T//ccQSYpWC.s 			page 37


 1936      735F7400 
 1937              	.LASF24:
 1938 0251 705F7072 		.ascii	"p_prev\000"
 1938      657600
 1939              	.LASF17:
 1940 0258 74707269 		.ascii	"tprio_t\000"
 1940      6F5F7400 
 1941              	.LASF7:
 1942 0260 696E7433 		.ascii	"int32_t\000"
 1942      325F7400 
 1943              	.LASF4:
 1944 0268 756E7369 		.ascii	"unsigned char\000"
 1944      676E6564 
 1944      20636861 
 1944      7200
 1945              	.LASF85:
 1946 0276 5F636F72 		.ascii	"_core_init\000"
 1946      655F696E 
 1946      697400
 1947              	.LASF38:
 1948 0281 705F6D74 		.ascii	"p_mtxlist\000"
 1948      786C6973 
 1948      7400
 1949              	.LASF5:
 1950 028b 73686F72 		.ascii	"short int\000"
 1950      7420696E 
 1950      7400
 1951              	.LASF30:
 1952 0295 705F7374 		.ascii	"p_state\000"
 1952      61746500 
 1953              	.LASF58:
 1954 029d 725F7072 		.ascii	"r_prio\000"
 1954      696F00
 1955              	.LASF72:
 1956 02a4 65776D61 		.ascii	"ewmask\000"
 1956      736B00
 1957              	.LASF23:
 1958 02ab 705F6E65 		.ascii	"p_next\000"
 1958      787400
 1959              	.LASF31:
 1960 02b2 705F666C 		.ascii	"p_flags\000"
 1960      61677300 
 1961              	.LASF22:
 1962 02ba 54687265 		.ascii	"Thread\000"
 1962      616400
 1963              	.LASF37:
 1964 02c1 705F6570 		.ascii	"p_epending\000"
 1964      656E6469 
 1964      6E6700
 1965              	.LASF9:
 1966 02cc 75696E74 		.ascii	"uint32_t\000"
 1966      33325F74 
 1966      00
 1967              	.LASF90:
 1968 02d5 5F746872 		.ascii	"_thread_init\000"
 1968      6561645F 
 1968      696E6974 
ARM GAS  /var/folders/5n/p_75w94d66l9ssrldxqdhh700000gn/T//ccQSYpWC.s 			page 38


 1968      00
 1969              	.LASF57:
 1970 02e2 725F7175 		.ascii	"r_queue\000"
 1970      65756500 
 1971              	.LASF49:
 1972 02ea 56697274 		.ascii	"VirtualTimer\000"
 1972      75616C54 
 1972      696D6572 
 1972      00
 1973              	.LASF73:
 1974 02f7 63686172 		.ascii	"char\000"
 1974      00
 1975              	.LASF68:
 1976 02fc 6D5F6E65 		.ascii	"m_next\000"
 1976      787400
 1977              	.LASF20:
 1978 0303 73797374 		.ascii	"systime_t\000"
 1978      696D655F 
 1978      7400
 1979              	.LASF39:
 1980 030d 705F7265 		.ascii	"p_realprio\000"
 1980      616C7072 
 1980      696F00
 1981              	.LASF48:
 1982 0318 76746675 		.ascii	"vtfunc_t\000"
 1982      6E635F74 
 1982      00
 1983              	.LASF84:
 1984 0321 5F76745F 		.ascii	"_vt_init\000"
 1984      696E6974 
 1984      00
 1985              	.LASF33:
 1986 032a 705F7469 		.ascii	"p_time\000"
 1986      6D6500
 1987              	.LASF45:
 1988 0331 696E7463 		.ascii	"intctx\000"
 1988      747800
 1989              	.LASF35:
 1990 0338 705F6D73 		.ascii	"p_msgqueue\000"
 1990      67717565 
 1990      756500
 1991              	.LASF54:
 1992 0343 76745F70 		.ascii	"vt_par\000"
 1992      617200
 1993              	.LASF32:
 1994 034a 705F7265 		.ascii	"p_refs\000"
 1994      667300
 1995              	.LASF64:
 1996 0351 52656164 		.ascii	"ReadyList\000"
 1996      794C6973 
 1996      7400
 1997              	.LASF80:
 1998 035b 726C6973 		.ascii	"rlist\000"
 1998      7400
 1999              	.LASF88:
 2000 0361 2E2E2F2E 		.ascii	"../../os/kernel/src/chsys.c\000"
 2000      2E2F6F73 
ARM GAS  /var/folders/5n/p_75w94d66l9ssrldxqdhh700000gn/T//ccQSYpWC.s 			page 39


 2000      2F6B6572 
 2000      6E656C2F 
 2000      7372632F 
 2001              	.LASF3:
 2002 037d 75696E74 		.ascii	"uint8_t\000"
 2002      385F7400 
 2003              	.LASF82:
 2004 0385 5F706F72 		.ascii	"_port_init\000"
 2004      745F696E 
 2004      697400
 2005              	.LASF71:
 2006 0390 77746F62 		.ascii	"wtobjp\000"
 2006      6A7000
 2007              	.LASF29:
 2008 0397 705F6E61 		.ascii	"p_name\000"
 2008      6D6500
 2009              	.LASF55:
 2010 039e 76745F73 		.ascii	"vt_systime\000"
 2010      79737469 
 2010      6D6500
 2011              	.LASF56:
 2012 03a9 56544C69 		.ascii	"VTList\000"
 2012      737400
 2013              	.LASF62:
 2014 03b0 725F7072 		.ascii	"r_preempt\000"
 2014      65656D70 
 2014      7400
 2015              	.LASF67:
 2016 03ba 6D5F6F77 		.ascii	"m_owner\000"
 2016      6E657200 
 2017              	.LASF26:
 2018 03c2 705F6374 		.ascii	"p_ctx\000"
 2018      7800
 2019              	.LASF34:
 2020 03c8 705F7761 		.ascii	"p_waiting\000"
 2020      6974696E 
 2020      6700
 2021              		.ident	"GCC: (GNU) 4.7.1"
ARM GAS  /var/folders/5n/p_75w94d66l9ssrldxqdhh700000gn/T//ccQSYpWC.s 			page 40


DEFINED SYMBOLS
                            *ABS*:0000000000000000 chsys.c
/var/folders/5n/p_75w94d66l9ssrldxqdhh700000gn/T//ccQSYpWC.s:19     .text._idle_thread:0000000000000000 $t
/var/folders/5n/p_75w94d66l9ssrldxqdhh700000gn/T//ccQSYpWC.s:25     .text._idle_thread:0000000000000000 _idle_thread
/var/folders/5n/p_75w94d66l9ssrldxqdhh700000gn/T//ccQSYpWC.s:44     .text._idle_thread:000000000000000c $d
/var/folders/5n/p_75w94d66l9ssrldxqdhh700000gn/T//ccQSYpWC.s:50     .text.chSysInit:0000000000000000 $t
/var/folders/5n/p_75w94d66l9ssrldxqdhh700000gn/T//ccQSYpWC.s:56     .text.chSysInit:0000000000000000 chSysInit
/var/folders/5n/p_75w94d66l9ssrldxqdhh700000gn/T//ccQSYpWC.s:223    .bss.mainthread.4794:0000000000000000 .LANCHOR0
/var/folders/5n/p_75w94d66l9ssrldxqdhh700000gn/T//ccQSYpWC.s:219    .rodata.str1.4:0000000000000008 .LC1
/var/folders/5n/p_75w94d66l9ssrldxqdhh700000gn/T//ccQSYpWC.s:230    .bss._idle_thread_wa:0000000000000000 .LANCHOR1
/var/folders/5n/p_75w94d66l9ssrldxqdhh700000gn/T//ccQSYpWC.s:131    .text.chSysTimerHandlerI:0000000000000000 $t
/var/folders/5n/p_75w94d66l9ssrldxqdhh700000gn/T//ccQSYpWC.s:137    .text.chSysTimerHandlerI:0000000000000000 chSysTimerHandlerI
/var/folders/5n/p_75w94d66l9ssrldxqdhh700000gn/T//ccQSYpWC.s:207    .text.chSysTimerHandlerI:0000000000000044 $d
/var/folders/5n/p_75w94d66l9ssrldxqdhh700000gn/T//ccQSYpWC.s:233    .bss._idle_thread_wa:0000000000000000 _idle_thread_wa
/var/folders/5n/p_75w94d66l9ssrldxqdhh700000gn/T//ccQSYpWC.s:215    .rodata.str1.4:0000000000000000 $d
/var/folders/5n/p_75w94d66l9ssrldxqdhh700000gn/T//ccQSYpWC.s:222    .bss.mainthread.4794:0000000000000000 $d
/var/folders/5n/p_75w94d66l9ssrldxqdhh700000gn/T//ccQSYpWC.s:226    .bss.mainthread.4794:0000000000000000 mainthread.4794
/var/folders/5n/p_75w94d66l9ssrldxqdhh700000gn/T//ccQSYpWC.s:229    .bss._idle_thread_wa:0000000000000000 $d
                     .debug_frame:0000000000000010 $d
/var/folders/5n/p_75w94d66l9ssrldxqdhh700000gn/T//ccQSYpWC.s:49     .text._idle_thread:0000000000000014 $t
/var/folders/5n/p_75w94d66l9ssrldxqdhh700000gn/T//ccQSYpWC.s:214    .text.chSysTimerHandlerI:000000000000004c $t

UNDEFINED SYMBOLS
rlist
_port_init
_scheduler_init
_vt_init
_core_init
_heap_init
_thread_init
chThdCreateStatic
vtlist
