c:\users\sin\documents\workspace\cuda8.0\bubblesort\bin\bubble.lib
c:\users\sin\documents\workspace\cuda8.0\bubblesort\bin\bubble.exp
c:\users\sin\documents\workspace\cuda8.0\bubblesort\bin\bubble.ilk
c:\users\sin\documents\workspace\cuda8.0\bubblesort\bin\bubble.exe
c:\users\sin\documents\workspace\cuda8.0\bubblesort\bin\bubble.pdb
c:\users\sin\documents\workspace\cuda8.0\bubblesort\x64\debug\bubble.cu.cache
c:\users\sin\documents\workspace\cuda8.0\bubblesort\x64\debug\cdpbitonicsort.cu.cache
c:\users\sin\documents\workspace\cuda8.0\bubblesort\x64\debug\cdpquicksort.cu.cache
c:\users\sin\documents\workspace\cuda8.0\bubblesort\x64\debug\cu_utils.cu.cache
c:\users\sin\documents\workspace\cuda8.0\bubblesort\x64\debug\oddevensort.cu.cache
c:\users\sin\documents\workspace\cuda8.0\bubblesort\x64\debug\bubble.cu.obj
c:\users\sin\documents\workspace\cuda8.0\bubblesort\x64\debug\bubble.device-link.obj
c:\users\sin\documents\workspace\cuda8.0\bubblesort\x64\debug\cdpbitonicsort.cu.obj
c:\users\sin\documents\workspace\cuda8.0\bubblesort\x64\debug\cdpquicksort.cu.obj
c:\users\sin\documents\workspace\cuda8.0\bubblesort\x64\debug\cu_utils.cu.obj
c:\users\sin\documents\workspace\cuda8.0\bubblesort\x64\debug\oddevensort.cu.obj
c:\users\sin\documents\workspace\cuda8.0\bubblesort\./bin/bubble.exe
c:\users\sin\documents\workspace\cuda8.0\bubblesort\x64\debug\bubble.tlog\bubble.write.1u.tlog
c:\users\sin\documents\workspace\cuda8.0\bubblesort\x64\debug\bubble.tlog\link.command.1.tlog
c:\users\sin\documents\workspace\cuda8.0\bubblesort\x64\debug\bubble.tlog\link.read.1.tlog
c:\users\sin\documents\workspace\cuda8.0\bubblesort\x64\debug\bubble.tlog\link.write.1.tlog
