C:\Program Files (x86)\MSBuild\Microsoft.Cpp\v4.0\V140\Microsoft.CppBuild.targets(368,5): warning MSB8004: Output Directory does not end with a trailing slash.  This build instance will add the slash as it is required to allow proper evaluation of the Output Directory.
  Compiling CUDA source file bubble.cu...
  
  C:\Users\sin\Documents\Workspace\CUDA8.0\bubbleSort>"C:\Program Files\NVIDIA GPU Computing Toolkit\CUDA\v8.0\bin\nvcc.exe" -gencode=arch=compute_30,code=\"sm_30,compute_30\" --use-local-env --cl-version 2015 -ccbin "C:\Program Files (x86)\Microsoft Visual Studio 14.0\VC\bin\x86_amd64"  -I./ -I../common/inc -I./ -I"C:\Program Files\NVIDIA GPU Computing Toolkit\CUDA\v8.0\/include" -I../../common/inc -I"C:\Program Files\NVIDIA GPU Computing Toolkit\CUDA\v8.0\include"  -G   --keep-dir x64\Debug -maxrregcount=0 --ptxas-options=-v --machine 64 --compile -cudart static -Xcompiler "/wd 4819" -g   -DWIN32 -DWIN32 -D_MBCS -D_MBCS -Xcompiler "/EHsc /W3 /nologo /Od /FS /Zi /RTC1 /MTd " -o x64/Debug/bubble.cu.obj "C:\Users\sin\Documents\Workspace\CUDA8.0\bubbleSort\bubble.cu" 
c:\users\sin\documents\workspace\cuda8.0\bubblesort\cuutils.h(57): warning C4005: 'MIN': macro redefinition
c:\users\sin\documents\workspace\cuda8.0\bubblesort\cuutils.h(58): warning C4005: 'MAX': macro redefinition
C:/Users/sin/Documents/Workspace/CUDA8.0/bubbleSort/bubble.cu(215): warning : variable "sa" was declared but never referenced
C:/Users/sin/Documents/Workspace/CUDA8.0/bubbleSort/bubble.cu(216): warning : variable "bid" was declared but never referenced
C:/Users/sin/Documents/Workspace/CUDA8.0/bubbleSort/bubble.cu(232): warning : variable "sa" was declared but never referenced
C:/Users/sin/Documents/Workspace/CUDA8.0/bubbleSort/bubble.cu(233): warning : variable "bid" was declared but never referenced
c:\users\sin\documents\workspace\cuda8.0\bubblesort\cuutils.h(57): warning C4005: 'MIN': macro redefinition
c:\users\sin\documents\workspace\cuda8.0\bubblesort\cuutils.h(58): warning C4005: 'MAX': macro redefinition
C:/Users/sin/Documents/Workspace/CUDA8.0/bubbleSort/bubble.cu(215): warning : variable "sa" was declared but never referenced
C:/Users/sin/Documents/Workspace/CUDA8.0/bubbleSort/bubble.cu(216): warning : variable "bid" was declared but never referenced
C:/Users/sin/Documents/Workspace/CUDA8.0/bubbleSort/bubble.cu(232): warning : variable "sa" was declared but never referenced
C:/Users/sin/Documents/Workspace/CUDA8.0/bubbleSort/bubble.cu(233): warning : variable "bid" was declared but never referenced
  ptxas info    : 144 bytes gmem
  ptxas info    : Compiling entry function '_Z10exch64EvenPij' for 'sm_30'
  ptxas info    : Function properties for _Z10exch64EvenPij
      8 bytes stack frame, 0 bytes spill stores, 0 bytes spill loads
  ptxas info    : Used 11 registers, 8 bytes cumulative stack size, 332 bytes cmem[0]
  ptxas info    : Compiling entry function '_Z8exchEvenPij' for 'sm_30'
  ptxas info    : Function properties for _Z8exchEvenPij
      0 bytes stack frame, 0 bytes spill stores, 0 bytes spill loads
  ptxas info    : Used 11 registers, 332 bytes cmem[0]
  ptxas info    : Compiling entry function '_Z7exchOddPij' for 'sm_30'
  ptxas info    : Function properties for _Z7exchOddPij
      0 bytes stack frame, 0 bytes spill stores, 0 bytes spill loads
  ptxas info    : Used 11 registers, 332 bytes cmem[0]
  ptxas info    : Compiling entry function '_Z5qsfloPj' for 'sm_30'
  ptxas info    : Function properties for _Z5qsfloPj
      0 bytes stack frame, 0 bytes spill stores, 0 bytes spill loads
  ptxas info    : Used 4 registers, 328 bytes cmem[0]
  ptxas info    : Compiling entry function '_Z9exch64OddPij' for 'sm_30'
  ptxas info    : Function properties for _Z9exch64OddPij
      8 bytes stack frame, 0 bytes spill stores, 0 bytes spill loads
  ptxas info    : Used 11 registers, 8 bytes cumulative stack size, 332 bytes cmem[0]
  bubble.cu
C:/Users/sin/Documents/Workspace/CUDA8.0/bubbleSort/bubble.cu(61): warning C4244: 'argument': conversion from 'time_t' to 'unsigned int', possible loss of data
C:/Users/sin/Documents/Workspace/CUDA8.0/bubbleSort/bubble.cu(165): warning C4018: '<': signed/unsigned mismatch
  template_vs2015.vcxproj -> C:\Users\sin\Documents\Workspace\CUDA8.0\bubbleSort\./bin\bubble.exe
  template_vs2015.vcxproj -> ./bin\bubble.pdb (Full PDB)
