This is JTeX, Version 1.9, based on TeX Version 3.14159 (Web2C 7.3.1) (format=jlatex 2000.7.19)  16 OCT 2003 13:18
**text.tex
(text.tex
LaTeX2e <1999/12/01> patch level 1
Babel <v3.6Z> and hyphenation patterns for american, french, german, ngerman, n
ohyphenation, loaded.
(/opt/local/share/texmf/jtex/latex/base/jarticle.cls)
(/opt/local/share/texmf/jtex/latex/base/j-article.cls
Document Class: j-article 1999/09/10 v1.4a Standard JLaTeX document class
(/opt/local/share/texmf/jtex/latex/base/j-size12.clo
File: j-size12.clo 1999/09/10 v1.4a Standard JLaTeX file (size option)

(/opt/local/share/texmf/jtex/latex/base/jresize12.clo))
\c@part=\count81
\c@section=\count82
\c@subsection=\count83
\c@subsubsection=\count84
\c@paragraph=\count85
\c@subparagraph=\count86
\c@figure=\count87
\c@table=\count88
\abovecaptionskip=\skip41
\belowcaptionskip=\skip42
\bibindent=\dimen103
)
(/home/sin/work/tex/inputs/A4.tex) (/home/sin/work/tex/inputs/theorem.sty
\c@definition=\count89
\c@lemma=\count90
\c@theorem=\count91
\c@claim=\count92
\c@corollary=\count93
\c@proposition=\count94
\c@example=\count95
)
\c@fact=\count96
\c@lesson=\count97
\c@problem=\count98

(text.aux)
\openout1 = `text.aux'.

LaTeX Font Info:    Checking defaults for OML/cmm/m/it on input line 20.
LaTeX Font Info:    ... okay on input line 20.
LaTeX Font Info:    Checking defaults for T1/cmr/m/n on input line 20.
LaTeX Font Info:    ... okay on input line 20.
LaTeX Font Info:    Checking defaults for OT1/cmr/m/n on input line 20.
LaTeX Font Info:    ... okay on input line 20.
LaTeX Font Info:    Checking defaults for OMS/cmsy/m/n on input line 20.
LaTeX Font Info:    ... okay on input line 20.
LaTeX Font Info:    Checking defaults for OMX/cmex/m/n on input line 20.
LaTeX Font Info:    ... okay on input line 20.
LaTeX Font Info:    Checking defaults for U/cmr/m/n on input line 20.
LaTeX Font Info:    ... okay on input line 20.
LaTeX Font Info:    Checking defaults for JP/dn/m/n on input line 20.
LaTeX Font Info:    ... okay on input line 20.
LaTeX Font Info:    External font `cmex10' loaded for size
(Font)              <17.28> on input line 22.
LaTeX Font Info:    External font `cmex10' loaded for size
(Font)              <12> on input line 22.
LaTeX Font Info:    External font `cmex10' loaded for size
(Font)              <14.4> on input line 22.
LaTeX Font Info:    External font `cmex10' loaded for size
(Font)              <7> on input line 22.
LaTeX Font Info:    External font `cmex10' loaded for size
(Font)              <8> on input line 42.
LaTeX Font Info:    External font `cmex10' loaded for size
(Font)              <6> on input line 42.
 [1

] [2] [3]
Overfull \hbox (59.64182pt too wide) in paragraph at lines 188--192
[]関 数 []\OT1/cmtt/m/n/12 void shuffle_deck(struct deck *) と[]void print_card
(struct card *)
 []

[4] [5] [6]
Overfull \hbox (22.71402pt too wide) in paragraph at lines 372--377
[]\OT1/cmtt/m/n/12 struct deck * の 内 容 を 印 字 す る プ ロ グ ラ ム を 書 
い て い た\OT1/cmr/m/n/12 . そ の 部 分 は []\OT1/cmtt/m/n/12 struct deck
 []


Overfull \hbox (14.69807pt too wide) in paragraph at lines 402--406
メ ン バ 関 数 []\OT1/cmtt/m/n/12 void print() と し て 定 義 し て 書 き 直 し
\OT1/cmr/m/n/12 , コ ン パ イ ル し 実 行 し て []\OT1/cmtt/m/n/12 print()
 []

[7]
LaTeX Font Info:    External font `cmex10' loaded for size
(Font)              <5> on input line 451.
 [8] [9] (text.aux)

LaTeX Warning: Label(s) may have changed. Rerun to get cross-references right.

 ) 
Here is how much of TeX's memory you used:
 894 strings out of 10635
 10532 string characters out of 68178
 55632 words of memory out of 263001
 3893 multiletter control sequences out of 10000+0
 13459 words of font info for 96 fonts, out of 400000 for 1000
 14 hyphenation exceptions out of 1000
 27i,14n,27p,173b,634s stack positions out of 300i,100n,500p,50000b,4000s

Output written on text.dvi (9 pages, 20228 bytes).
