  actions.c
actions.c(20): fatal error C1083: Cannot open include file: 'curses.h': No such file or directory
  bolt.c
bolt.c(19): fatal error C1083: Cannot open include file: 'curses.h': No such file or directory
  chase.c
chase.c(20): fatal error C1083: Cannot open include file: 'curses.h': No such file or directory
  command.c
command.c(19): fatal error C1083: Cannot open include file: 'curses.h': No such file or directory
  daemon.c
daemon.c(19): fatal error C1083: Cannot open include file: 'curses.h': No such file or directory
  daemons.c
daemons.c(19): fatal error C1083: Cannot open include file: 'curses.h': No such file or directory
  eat.c
eat.c(19): fatal error C1083: Cannot open include file: 'curses.h': No such file or directory
  effects.c
effects.c(19): fatal error C1083: Cannot open include file: 'curses.h': No such file or directory
  encumb.c
encumb.c(15): fatal error C1083: Cannot open include file: 'curses.h': No such file or directory
  fight.c
fight.c(19): fatal error C1083: Cannot open include file: 'curses.h': No such file or directory
  help.c
help.c(19): fatal error C1083: Cannot open include file: 'curses.h': No such file or directory
  init.c
init.c(19): fatal error C1083: Cannot open include file: 'curses.h': No such file or directory
  io.c
io.c(19): fatal error C1083: Cannot open include file: 'curses.h': No such file or directory
  list.c
list.c(20): fatal error C1083: Cannot open include file: 'curses.h': No such file or directory
  main.c
main.c(19): fatal error C1083: Cannot open include file: 'curses.h': No such file or directory
  maze.c
maze.c(16): fatal error C1083: Cannot open include file: 'curses.h': No such file or directory
  misc.c
misc.c(15): fatal error C1083: Cannot open include file: 'curses.h': No such file or directory
  monsters.c
monsters.c(19): fatal error C1083: Cannot open include file: 'curses.h': No such file or directory
  mons_def.c
mons_def.c(20): fatal error C1083: Cannot open include file: 'curses.h': No such file or directory
  move.c
move.c(19): fatal error C1083: Cannot open include file: 'curses.h': No such file or directory
  Generating Code...
  Compiling...
  n_level.c
n_level.c(19): fatal error C1083: Cannot open include file: 'curses.h': No such file or directory
  options.c
options.c(24): fatal error C1083: Cannot open include file: 'curses.h': No such file or directory
  outside.c
outside.c(15): fatal error C1083: Cannot open include file: 'curses.h': No such file or directory
  pack.c
pack.c(19): fatal error C1083: Cannot open include file: 'curses.h': No such file or directory
  passages.c
passages.c(19): fatal error C1083: Cannot open include file: 'curses.h': No such file or directory
  player.c
player.c(16): fatal error C1083: Cannot open include file: 'curses.h': No such file or directory
  potions.c
potions.c(19): fatal error C1083: Cannot open include file: 'curses.h': No such file or directory
  rings.c
rings.c(19): fatal error C1083: Cannot open include file: 'curses.h': No such file or directory
  rip.c
rip.c(23): fatal error C1083: Cannot open include file: 'curses.h': No such file or directory
  rogue.c
rogue.c(20): fatal error C1083: Cannot open include file: 'curses.h': No such file or directory
  rooms.c
rooms.c(19): fatal error C1083: Cannot open include file: 'curses.h': No such file or directory
  save.c
save.c(19): fatal error C1083: Cannot open include file: 'curses.h': No such file or directory
  scrolls.c
scrolls.c(19): fatal error C1083: Cannot open include file: 'curses.h': No such file or directory
  state.c
state.c(72): fatal error C1083: Cannot open include file: 'curses.h': No such file or directory
  sticks.c
sticks.c(19): fatal error C1083: Cannot open include file: 'curses.h': No such file or directory
  things.c
things.c(19): fatal error C1083: Cannot open include file: 'curses.h': No such file or directory
  trader.c
trader.c(15): fatal error C1083: Cannot open include file: 'curses.h': No such file or directory
  util.c
util.c(19): fatal error C1083: Cannot open include file: 'curses.h': No such file or directory
  vers.c
  weapons.c
weapons.c(19): fatal error C1083: Cannot open include file: 'curses.h': No such file or directory
  Generating Code...
  Compiling...
  wear.c
wear.c(19): fatal error C1083: Cannot open include file: 'curses.h': No such file or directory
  wizard.c
wizard.c(24): fatal error C1083: Cannot open include file: 'curses.h': No such file or directory
  xcrypt.c
  Generating Code...
