ARM GAS  /var/folders/5n/p_75w94d66l9ssrldxqdhh700000gn/T//cczTWial.s 			page 1


   1              		.syntax unified
   2              		.cpu cortex-m4
   3              		.fpu softvfp
   4              		.eabi_attribute 20, 1
   5              		.eabi_attribute 21, 1
   6              		.eabi_attribute 23, 3
   7              		.eabi_attribute 24, 1
   8              		.eabi_attribute 25, 1
   9              		.eabi_attribute 26, 1
  10              		.eabi_attribute 30, 2
  11              		.eabi_attribute 18, 4
  12              		.thumb
  13              		.file	"board.c"
  14              		.text
  15              	.Ltext0:
  16              		.cfi_sections	.debug_frame
  17              		.section	.text.__early_init,"ax",%progbits
  18              		.align	2
  19              		.p2align 4,,15
  20              		.global	__early_init
  21              		.thumb
  22              		.thumb_func
  23              		.type	__early_init, %function
  24              	__early_init:
  25              	.LFB118:
  26              		.file 1 "../../boards/OLIMEX_STM32_P407/board.c"
  27              		.loc 1 49 0
  28              		.cfi_startproc
  29              		@ args = 0, pretend = 0, frame = 0
  30              		@ frame_needed = 0, uses_anonymous_args = 0
  31              		@ link register save eliminated.
  32              		.loc 1 52 0
  33              		.loc 1 51 0
  34 0000 FFF7FEBF 		b	stm32_clock_init
  35              		.cfi_endproc
  36              	.LFE118:
  37              		.size	__early_init, .-__early_init
  38 0004 AFF30080 		.section	.text.boardInit,"ax",%progbits
  38      AFF30080 
  38      AFF30080 
  39              		.align	2
  40              		.p2align 4,,15
  41              		.global	boardInit
  42              		.thumb
  43              		.thumb_func
  44              		.type	boardInit, %function
  45              	boardInit:
  46              	.LFB119:
  47              		.loc 1 57 0
  48              		.cfi_startproc
  49              		@ args = 0, pretend = 0, frame = 0
  50              		@ frame_needed = 0, uses_anonymous_args = 0
  51              		@ link register save eliminated.
  52              		.loc 1 58 0
  53 0000 7047     		bx	lr
  54              		.cfi_endproc
  55              	.LFE119:
ARM GAS  /var/folders/5n/p_75w94d66l9ssrldxqdhh700000gn/T//cczTWial.s 			page 2


  56              		.size	boardInit, .-boardInit
  57              		.global	pal_default_config
  58 0002 00BFAFF3 		.section	.rodata.pal_default_config,"a",%progbits
  58      0080AFF3 
  58      0080AFF3 
  58      0080
  59              		.align	2
  60              		.type	pal_default_config, %object
  61              		.size	pal_default_config, 252
  62              	pal_default_config:
  63 0000 288482AA 		.word	-1434287064
  64 0004 00000000 		.word	0
  65 0008 FFFFFFFF 		.word	-1
  66 000c 00111820 		.word	538448128
  67 0010 DFFFFFFF 		.word	-33
  68 0014 B00B00B0 		.word	-1342174288
  69 0018 00A00A60 		.word	1611309056
  70 001c 85088AA2 		.word	-1568012155
  71 0020 00000000 		.word	0
  72 0024 FFFFFFFF 		.word	-1
  73 0028 00500008 		.word	134238208
  74 002c FCFFFFFF 		.word	-4
  75 0030 00606000 		.word	6316032
  76 0034 99B00CCC 		.word	-871583591
  77 0038 58AAA002 		.word	44083800
  78 003c 00000000 		.word	0
  79 0040 FFFFFFFF 		.word	-1
  80 0044 00000500 		.word	327680
  81 0048 F3FFFFFF 		.word	-13
  82 004c B000BB68 		.word	1757085872
  83 0050 00660600 		.word	419328
  84 0054 50108A02 		.word	42602576
  85 0058 00000000 		.word	0
  86 005c FFFFFFFF 		.word	-1
  87 0060 05451050 		.word	1343243525
  88 0064 FFFFFFFF 		.word	-1
  89 0068 00000000 		.word	0
  90 006c 77700700 		.word	487543
  91 0070 40000000 		.word	64
  92 0074 00000000 		.word	0
  93 0078 FFFFFFFF 		.word	-1
  94 007c 05555555 		.word	1431655685
  95 0080 F7FFFFFF 		.word	-9
  96 0084 00000000 		.word	0
  97 0088 00000000 		.word	0
  98 008c 00504500 		.word	4542464
  99 0090 00000000 		.word	0
 100 0094 FFFFFFFF 		.word	-1
 101 0098 55051055 		.word	1427113301
 102 009c 3FFCFFFF 		.word	-961
 103 00a0 00000000 		.word	0
 104 00a4 00000000 		.word	0
 105 00a8 00000828 		.word	671612928
 106 00ac 00000000 		.word	0
 107 00b0 FFFFFFFF 		.word	-1
 108 00b4 55051001 		.word	17827157
 109 00b8 FFFFFFFF 		.word	-1
ARM GAS  /var/folders/5n/p_75w94d66l9ssrldxqdhh700000gn/T//cczTWial.s 			page 3


 110 00bc 00000000 		.word	0
 111 00c0 8000B00B 		.word	196083840
 112 00c4 00000000 		.word	0
 113 00c8 00000000 		.word	0
 114 00cc FFFFFFFF 		.word	-1
 115 00d0 50555555 		.word	1431655760
 116 00d4 FFFFFFFF 		.word	-1
 117 00d8 00000000 		.word	0
 118 00dc 00000000 		.word	0
 119 00e0 00000000 		.word	0
 120 00e4 00000000 		.word	0
 121 00e8 FFFFFFFF 		.word	-1
 122 00ec 55555555 		.word	1431655765
 123 00f0 FFFFFFFF 		.word	-1
 124 00f4 00000000 		.word	0
 125 00f8 00000000 		.word	0
 126              		.text
 127              	.Letext0:
 128              		.file 2 "/usr/local/summon/lib/gcc/arm-none-eabi/4.6.2/../../../../arm-none-eabi/include/stdint.h"
 129              		.file 3 "../../os/hal/platforms/STM32/GPIOv2/pal_lld.h"
 130              		.file 4 "../../os/ports/common/ARMCMx/CMSIS/include/core_cm4.h"
 131              		.section	.debug_info,"",%progbits
 132              	.Ldebug_info0:
 133 0000 F5010000 		.4byte	0x1f5
 134 0004 0200     		.2byte	0x2
 135 0006 00000000 		.4byte	.Ldebug_abbrev0
 136 000a 04       		.byte	0x4
 137 000b 01       		.uleb128 0x1
 138 000c 1C000000 		.4byte	.LASF33
 139 0010 01       		.byte	0x1
 140 0011 CA010000 		.4byte	.LASF34
 141 0015 74010000 		.4byte	.LASF35
 142 0019 00000000 		.4byte	0
 143 001d 00000000 		.4byte	0
 144 0021 00000000 		.4byte	.Ldebug_ranges0+0
 145 0025 00000000 		.4byte	.Ldebug_line0
 146 0029 02       		.uleb128 0x2
 147 002a 04       		.byte	0x4
 148 002b 05       		.byte	0x5
 149 002c 696E7400 		.ascii	"int\000"
 150 0030 03       		.uleb128 0x3
 151 0031 04       		.byte	0x4
 152 0032 07       		.byte	0x7
 153 0033 51000000 		.4byte	.LASF0
 154 0037 03       		.uleb128 0x3
 155 0038 01       		.byte	0x1
 156 0039 06       		.byte	0x6
 157 003a 68010000 		.4byte	.LASF1
 158 003e 03       		.uleb128 0x3
 159 003f 01       		.byte	0x1
 160 0040 08       		.byte	0x8
 161 0041 8A000000 		.4byte	.LASF2
 162 0045 03       		.uleb128 0x3
 163 0046 02       		.byte	0x2
 164 0047 05       		.byte	0x5
 165 0048 3F010000 		.4byte	.LASF3
 166 004c 03       		.uleb128 0x3
ARM GAS  /var/folders/5n/p_75w94d66l9ssrldxqdhh700000gn/T//cczTWial.s 			page 4


 167 004d 02       		.byte	0x2
 168 004e 07       		.byte	0x7
 169 004f 3E000000 		.4byte	.LASF4
 170 0053 04       		.uleb128 0x4
 171 0054 28010000 		.4byte	.LASF6
 172 0058 02       		.byte	0x2
 173 0059 4F       		.byte	0x4f
 174 005a 5E000000 		.4byte	0x5e
 175 005e 03       		.uleb128 0x3
 176 005f 04       		.byte	0x4
 177 0060 05       		.byte	0x5
 178 0061 59010000 		.4byte	.LASF5
 179 0065 04       		.uleb128 0x4
 180 0066 50010000 		.4byte	.LASF7
 181 006a 02       		.byte	0x2
 182 006b 50       		.byte	0x50
 183 006c 70000000 		.4byte	0x70
 184 0070 03       		.uleb128 0x3
 185 0071 04       		.byte	0x4
 186 0072 07       		.byte	0x7
 187 0073 B2000000 		.4byte	.LASF8
 188 0077 03       		.uleb128 0x3
 189 0078 08       		.byte	0x8
 190 0079 05       		.byte	0x5
 191 007a 00000000 		.4byte	.LASF9
 192 007e 03       		.uleb128 0x3
 193 007f 08       		.byte	0x8
 194 0080 07       		.byte	0x7
 195 0081 6C000000 		.4byte	.LASF10
 196 0085 03       		.uleb128 0x3
 197 0086 01       		.byte	0x1
 198 0087 08       		.byte	0x8
 199 0088 0C010000 		.4byte	.LASF11
 200 008c 05       		.uleb128 0x5
 201 008d 53000000 		.4byte	0x53
 202 0091 06       		.uleb128 0x6
 203 0092 1C       		.byte	0x1c
 204 0093 03       		.byte	0x3
 205 0094 A4       		.byte	0xa4
 206 0095 FC000000 		.4byte	0xfc
 207 0099 07       		.uleb128 0x7
 208 009a 62010000 		.4byte	.LASF12
 209 009e 03       		.byte	0x3
 210 009f A6       		.byte	0xa6
 211 00a0 65000000 		.4byte	0x65
 212 00a4 02       		.byte	0x2
 213 00a5 23       		.byte	0x23
 214 00a6 00       		.uleb128 0
 215 00a7 07       		.uleb128 0x7
 216 00a8 5E000000 		.4byte	.LASF13
 217 00ac 03       		.byte	0x3
 218 00ad A8       		.byte	0xa8
 219 00ae 65000000 		.4byte	0x65
 220 00b2 02       		.byte	0x2
 221 00b3 23       		.byte	0x23
 222 00b4 04       		.uleb128 0x4
 223 00b5 07       		.uleb128 0x7
ARM GAS  /var/folders/5n/p_75w94d66l9ssrldxqdhh700000gn/T//cczTWial.s 			page 5


 224 00b6 30010000 		.4byte	.LASF14
 225 00ba 03       		.byte	0x3
 226 00bb AA       		.byte	0xaa
 227 00bc 65000000 		.4byte	0x65
 228 00c0 02       		.byte	0x2
 229 00c1 23       		.byte	0x23
 230 00c2 08       		.uleb128 0x8
 231 00c3 07       		.uleb128 0x7
 232 00c4 F8000000 		.4byte	.LASF15
 233 00c8 03       		.byte	0x3
 234 00c9 AC       		.byte	0xac
 235 00ca 65000000 		.4byte	0x65
 236 00ce 02       		.byte	0x2
 237 00cf 23       		.byte	0x23
 238 00d0 0C       		.uleb128 0xc
 239 00d1 08       		.uleb128 0x8
 240 00d2 6F647200 		.ascii	"odr\000"
 241 00d6 03       		.byte	0x3
 242 00d7 AE       		.byte	0xae
 243 00d8 65000000 		.4byte	0x65
 244 00dc 02       		.byte	0x2
 245 00dd 23       		.byte	0x23
 246 00de 10       		.uleb128 0x10
 247 00df 07       		.uleb128 0x7
 248 00e0 C9000000 		.4byte	.LASF16
 249 00e4 03       		.byte	0x3
 250 00e5 B0       		.byte	0xb0
 251 00e6 65000000 		.4byte	0x65
 252 00ea 02       		.byte	0x2
 253 00eb 23       		.byte	0x23
 254 00ec 14       		.uleb128 0x14
 255 00ed 07       		.uleb128 0x7
 256 00ee C4000000 		.4byte	.LASF17
 257 00f2 03       		.byte	0x3
 258 00f3 B2       		.byte	0xb2
 259 00f4 65000000 		.4byte	0x65
 260 00f8 02       		.byte	0x2
 261 00f9 23       		.byte	0x23
 262 00fa 18       		.uleb128 0x18
 263 00fb 00       		.byte	0
 264 00fc 04       		.uleb128 0x4
 265 00fd 98000000 		.4byte	.LASF18
 266 0101 03       		.byte	0x3
 267 0102 B3       		.byte	0xb3
 268 0103 91000000 		.4byte	0x91
 269 0107 06       		.uleb128 0x6
 270 0108 FC       		.byte	0xfc
 271 0109 03       		.byte	0x3
 272 010a BC       		.byte	0xbc
 273 010b 92010000 		.4byte	0x192
 274 010f 07       		.uleb128 0x7
 275 0110 AB000000 		.4byte	.LASF19
 276 0114 03       		.byte	0x3
 277 0115 BE       		.byte	0xbe
 278 0116 FC000000 		.4byte	0xfc
 279 011a 02       		.byte	0x2
 280 011b 23       		.byte	0x23
ARM GAS  /var/folders/5n/p_75w94d66l9ssrldxqdhh700000gn/T//cczTWial.s 			page 6


 281 011c 00       		.uleb128 0
 282 011d 07       		.uleb128 0x7
 283 011e 05010000 		.4byte	.LASF20
 284 0122 03       		.byte	0x3
 285 0123 C0       		.byte	0xc0
 286 0124 FC000000 		.4byte	0xfc
 287 0128 02       		.byte	0x2
 288 0129 23       		.byte	0x23
 289 012a 1C       		.uleb128 0x1c
 290 012b 07       		.uleb128 0x7
 291 012c 49010000 		.4byte	.LASF21
 292 0130 03       		.byte	0x3
 293 0131 C2       		.byte	0xc2
 294 0132 FC000000 		.4byte	0xfc
 295 0136 02       		.byte	0x2
 296 0137 23       		.byte	0x23
 297 0138 38       		.uleb128 0x38
 298 0139 07       		.uleb128 0x7
 299 013a 15000000 		.4byte	.LASF22
 300 013e 03       		.byte	0x3
 301 013f C4       		.byte	0xc4
 302 0140 FC000000 		.4byte	0xfc
 303 0144 02       		.byte	0x2
 304 0145 23       		.byte	0x23
 305 0146 54       		.uleb128 0x54
 306 0147 07       		.uleb128 0x7
 307 0148 83000000 		.4byte	.LASF23
 308 014c 03       		.byte	0x3
 309 014d C7       		.byte	0xc7
 310 014e FC000000 		.4byte	0xfc
 311 0152 02       		.byte	0x2
 312 0153 23       		.byte	0x23
 313 0154 70       		.uleb128 0x70
 314 0155 07       		.uleb128 0x7
 315 0156 FE000000 		.4byte	.LASF24
 316 015a 03       		.byte	0x3
 317 015b CB       		.byte	0xcb
 318 015c FC000000 		.4byte	0xfc
 319 0160 03       		.byte	0x3
 320 0161 23       		.byte	0x23
 321 0162 8C01     		.uleb128 0x8c
 322 0164 07       		.uleb128 0x7
 323 0165 38010000 		.4byte	.LASF25
 324 0169 03       		.byte	0x3
 325 016a CF       		.byte	0xcf
 326 016b FC000000 		.4byte	0xfc
 327 016f 03       		.byte	0x3
 328 0170 23       		.byte	0x23
 329 0171 A801     		.uleb128 0xa8
 330 0173 07       		.uleb128 0x7
 331 0174 0E000000 		.4byte	.LASF26
 332 0178 03       		.byte	0x3
 333 0179 D3       		.byte	0xd3
 334 017a FC000000 		.4byte	0xfc
 335 017e 03       		.byte	0x3
 336 017f 23       		.byte	0x23
 337 0180 C401     		.uleb128 0xc4
ARM GAS  /var/folders/5n/p_75w94d66l9ssrldxqdhh700000gn/T//cczTWial.s 			page 7


 338 0182 07       		.uleb128 0x7
 339 0183 65000000 		.4byte	.LASF27
 340 0187 03       		.byte	0x3
 341 0188 D7       		.byte	0xd7
 342 0189 FC000000 		.4byte	0xfc
 343 018d 03       		.byte	0x3
 344 018e 23       		.byte	0x23
 345 018f E001     		.uleb128 0xe0
 346 0191 00       		.byte	0
 347 0192 04       		.uleb128 0x4
 348 0193 DB000000 		.4byte	.LASF28
 349 0197 03       		.byte	0x3
 350 0198 D9       		.byte	0xd9
 351 0199 07010000 		.4byte	0x107
 352 019d 09       		.uleb128 0x9
 353 019e 01       		.byte	0x1
 354 019f 1B010000 		.4byte	.LASF29
 355 01a3 01       		.byte	0x1
 356 01a4 31       		.byte	0x31
 357 01a5 01       		.byte	0x1
 358 01a6 00000000 		.4byte	.LFB118
 359 01aa 04000000 		.4byte	.LFE118
 360 01ae 02       		.byte	0x2
 361 01af 7D       		.byte	0x7d
 362 01b0 00       		.sleb128 0
 363 01b1 09       		.uleb128 0x9
 364 01b2 01       		.byte	0x1
 365 01b3 11010000 		.4byte	.LASF30
 366 01b7 01       		.byte	0x1
 367 01b8 39       		.byte	0x39
 368 01b9 01       		.byte	0x1
 369 01ba 00000000 		.4byte	.LFB119
 370 01be 02000000 		.4byte	.LFE119
 371 01c2 02       		.byte	0x2
 372 01c3 7D       		.byte	0x7d
 373 01c4 00       		.sleb128 0
 374 01c5 0A       		.uleb128 0xa
 375 01c6 CE000000 		.4byte	.LASF31
 376 01ca 04       		.byte	0x4
 377 01cb 9806     		.2byte	0x698
 378 01cd 8C000000 		.4byte	0x8c
 379 01d1 01       		.byte	0x1
 380 01d2 01       		.byte	0x1
 381 01d3 0A       		.uleb128 0xa
 382 01d4 CE000000 		.4byte	.LASF31
 383 01d8 04       		.byte	0x4
 384 01d9 9806     		.2byte	0x698
 385 01db 8C000000 		.4byte	0x8c
 386 01df 01       		.byte	0x1
 387 01e0 01       		.byte	0x1
 388 01e1 0B       		.uleb128 0xb
 389 01e2 E5000000 		.4byte	.LASF32
 390 01e6 01       		.byte	0x1
 391 01e7 1E       		.byte	0x1e
 392 01e8 F3010000 		.4byte	0x1f3
 393 01ec 01       		.byte	0x1
 394 01ed 05       		.byte	0x5
ARM GAS  /var/folders/5n/p_75w94d66l9ssrldxqdhh700000gn/T//cczTWial.s 			page 8


 395 01ee 03       		.byte	0x3
 396 01ef 00000000 		.4byte	pal_default_config
 397 01f3 0C       		.uleb128 0xc
 398 01f4 92010000 		.4byte	0x192
 399 01f8 00       		.byte	0
 400              		.section	.debug_abbrev,"",%progbits
 401              	.Ldebug_abbrev0:
 402 0000 01       		.uleb128 0x1
 403 0001 11       		.uleb128 0x11
 404 0002 01       		.byte	0x1
 405 0003 25       		.uleb128 0x25
 406 0004 0E       		.uleb128 0xe
 407 0005 13       		.uleb128 0x13
 408 0006 0B       		.uleb128 0xb
 409 0007 03       		.uleb128 0x3
 410 0008 0E       		.uleb128 0xe
 411 0009 1B       		.uleb128 0x1b
 412 000a 0E       		.uleb128 0xe
 413 000b 11       		.uleb128 0x11
 414 000c 01       		.uleb128 0x1
 415 000d 52       		.uleb128 0x52
 416 000e 01       		.uleb128 0x1
 417 000f 55       		.uleb128 0x55
 418 0010 06       		.uleb128 0x6
 419 0011 10       		.uleb128 0x10
 420 0012 06       		.uleb128 0x6
 421 0013 00       		.byte	0
 422 0014 00       		.byte	0
 423 0015 02       		.uleb128 0x2
 424 0016 24       		.uleb128 0x24
 425 0017 00       		.byte	0
 426 0018 0B       		.uleb128 0xb
 427 0019 0B       		.uleb128 0xb
 428 001a 3E       		.uleb128 0x3e
 429 001b 0B       		.uleb128 0xb
 430 001c 03       		.uleb128 0x3
 431 001d 08       		.uleb128 0x8
 432 001e 00       		.byte	0
 433 001f 00       		.byte	0
 434 0020 03       		.uleb128 0x3
 435 0021 24       		.uleb128 0x24
 436 0022 00       		.byte	0
 437 0023 0B       		.uleb128 0xb
 438 0024 0B       		.uleb128 0xb
 439 0025 3E       		.uleb128 0x3e
 440 0026 0B       		.uleb128 0xb
 441 0027 03       		.uleb128 0x3
 442 0028 0E       		.uleb128 0xe
 443 0029 00       		.byte	0
 444 002a 00       		.byte	0
 445 002b 04       		.uleb128 0x4
 446 002c 16       		.uleb128 0x16
 447 002d 00       		.byte	0
 448 002e 03       		.uleb128 0x3
 449 002f 0E       		.uleb128 0xe
 450 0030 3A       		.uleb128 0x3a
 451 0031 0B       		.uleb128 0xb
ARM GAS  /var/folders/5n/p_75w94d66l9ssrldxqdhh700000gn/T//cczTWial.s 			page 9


 452 0032 3B       		.uleb128 0x3b
 453 0033 0B       		.uleb128 0xb
 454 0034 49       		.uleb128 0x49
 455 0035 13       		.uleb128 0x13
 456 0036 00       		.byte	0
 457 0037 00       		.byte	0
 458 0038 05       		.uleb128 0x5
 459 0039 35       		.uleb128 0x35
 460 003a 00       		.byte	0
 461 003b 49       		.uleb128 0x49
 462 003c 13       		.uleb128 0x13
 463 003d 00       		.byte	0
 464 003e 00       		.byte	0
 465 003f 06       		.uleb128 0x6
 466 0040 13       		.uleb128 0x13
 467 0041 01       		.byte	0x1
 468 0042 0B       		.uleb128 0xb
 469 0043 0B       		.uleb128 0xb
 470 0044 3A       		.uleb128 0x3a
 471 0045 0B       		.uleb128 0xb
 472 0046 3B       		.uleb128 0x3b
 473 0047 0B       		.uleb128 0xb
 474 0048 01       		.uleb128 0x1
 475 0049 13       		.uleb128 0x13
 476 004a 00       		.byte	0
 477 004b 00       		.byte	0
 478 004c 07       		.uleb128 0x7
 479 004d 0D       		.uleb128 0xd
 480 004e 00       		.byte	0
 481 004f 03       		.uleb128 0x3
 482 0050 0E       		.uleb128 0xe
 483 0051 3A       		.uleb128 0x3a
 484 0052 0B       		.uleb128 0xb
 485 0053 3B       		.uleb128 0x3b
 486 0054 0B       		.uleb128 0xb
 487 0055 49       		.uleb128 0x49
 488 0056 13       		.uleb128 0x13
 489 0057 38       		.uleb128 0x38
 490 0058 0A       		.uleb128 0xa
 491 0059 00       		.byte	0
 492 005a 00       		.byte	0
 493 005b 08       		.uleb128 0x8
 494 005c 0D       		.uleb128 0xd
 495 005d 00       		.byte	0
 496 005e 03       		.uleb128 0x3
 497 005f 08       		.uleb128 0x8
 498 0060 3A       		.uleb128 0x3a
 499 0061 0B       		.uleb128 0xb
 500 0062 3B       		.uleb128 0x3b
 501 0063 0B       		.uleb128 0xb
 502 0064 49       		.uleb128 0x49
 503 0065 13       		.uleb128 0x13
 504 0066 38       		.uleb128 0x38
 505 0067 0A       		.uleb128 0xa
 506 0068 00       		.byte	0
 507 0069 00       		.byte	0
 508 006a 09       		.uleb128 0x9
ARM GAS  /var/folders/5n/p_75w94d66l9ssrldxqdhh700000gn/T//cczTWial.s 			page 10


 509 006b 2E       		.uleb128 0x2e
 510 006c 00       		.byte	0
 511 006d 3F       		.uleb128 0x3f
 512 006e 0C       		.uleb128 0xc
 513 006f 03       		.uleb128 0x3
 514 0070 0E       		.uleb128 0xe
 515 0071 3A       		.uleb128 0x3a
 516 0072 0B       		.uleb128 0xb
 517 0073 3B       		.uleb128 0x3b
 518 0074 0B       		.uleb128 0xb
 519 0075 27       		.uleb128 0x27
 520 0076 0C       		.uleb128 0xc
 521 0077 11       		.uleb128 0x11
 522 0078 01       		.uleb128 0x1
 523 0079 12       		.uleb128 0x12
 524 007a 01       		.uleb128 0x1
 525 007b 40       		.uleb128 0x40
 526 007c 0A       		.uleb128 0xa
 527 007d 00       		.byte	0
 528 007e 00       		.byte	0
 529 007f 0A       		.uleb128 0xa
 530 0080 34       		.uleb128 0x34
 531 0081 00       		.byte	0
 532 0082 03       		.uleb128 0x3
 533 0083 0E       		.uleb128 0xe
 534 0084 3A       		.uleb128 0x3a
 535 0085 0B       		.uleb128 0xb
 536 0086 3B       		.uleb128 0x3b
 537 0087 05       		.uleb128 0x5
 538 0088 49       		.uleb128 0x49
 539 0089 13       		.uleb128 0x13
 540 008a 3F       		.uleb128 0x3f
 541 008b 0C       		.uleb128 0xc
 542 008c 3C       		.uleb128 0x3c
 543 008d 0C       		.uleb128 0xc
 544 008e 00       		.byte	0
 545 008f 00       		.byte	0
 546 0090 0B       		.uleb128 0xb
 547 0091 34       		.uleb128 0x34
 548 0092 00       		.byte	0
 549 0093 03       		.uleb128 0x3
 550 0094 0E       		.uleb128 0xe
 551 0095 3A       		.uleb128 0x3a
 552 0096 0B       		.uleb128 0xb
 553 0097 3B       		.uleb128 0x3b
 554 0098 0B       		.uleb128 0xb
 555 0099 49       		.uleb128 0x49
 556 009a 13       		.uleb128 0x13
 557 009b 3F       		.uleb128 0x3f
 558 009c 0C       		.uleb128 0xc
 559 009d 02       		.uleb128 0x2
 560 009e 0A       		.uleb128 0xa
 561 009f 00       		.byte	0
 562 00a0 00       		.byte	0
 563 00a1 0C       		.uleb128 0xc
 564 00a2 26       		.uleb128 0x26
 565 00a3 00       		.byte	0
ARM GAS  /var/folders/5n/p_75w94d66l9ssrldxqdhh700000gn/T//cczTWial.s 			page 11


 566 00a4 49       		.uleb128 0x49
 567 00a5 13       		.uleb128 0x13
 568 00a6 00       		.byte	0
 569 00a7 00       		.byte	0
 570 00a8 00       		.byte	0
 571              		.section	.debug_aranges,"",%progbits
 572 0000 24000000 		.4byte	0x24
 573 0004 0200     		.2byte	0x2
 574 0006 00000000 		.4byte	.Ldebug_info0
 575 000a 04       		.byte	0x4
 576 000b 00       		.byte	0
 577 000c 0000     		.2byte	0
 578 000e 0000     		.2byte	0
 579 0010 00000000 		.4byte	.LFB118
 580 0014 04000000 		.4byte	.LFE118-.LFB118
 581 0018 00000000 		.4byte	.LFB119
 582 001c 02000000 		.4byte	.LFE119-.LFB119
 583 0020 00000000 		.4byte	0
 584 0024 00000000 		.4byte	0
 585              		.section	.debug_ranges,"",%progbits
 586              	.Ldebug_ranges0:
 587 0000 00000000 		.4byte	.LFB118
 588 0004 04000000 		.4byte	.LFE118
 589 0008 00000000 		.4byte	.LFB119
 590 000c 02000000 		.4byte	.LFE119
 591 0010 00000000 		.4byte	0
 592 0014 00000000 		.4byte	0
 593              		.section	.debug_line,"",%progbits
 594              	.Ldebug_line0:
 595 0000 2A010000 		.section	.debug_str,"MS",%progbits,1
 595      02000301 
 595      00000201 
 595      FB0E0D00 
 595      01010101 
 596              	.LASF9:
 597 0000 6C6F6E67 		.ascii	"long long int\000"
 597      206C6F6E 
 597      6720696E 
 597      7400
 598              	.LASF26:
 599 000e 50484461 		.ascii	"PHData\000"
 599      746100
 600              	.LASF22:
 601 0015 50444461 		.ascii	"PDData\000"
 601      746100
 602              	.LASF33:
 603 001c 474E5520 		.ascii	"GNU C 4.6.2 20111004 (prerelease)\000"
 603      4320342E 
 603      362E3220 
 603      32303131 
 603      31303034 
 604              	.LASF4:
 605 003e 73686F72 		.ascii	"short unsigned int\000"
 605      7420756E 
 605      7369676E 
 605      65642069 
 605      6E7400
ARM GAS  /var/folders/5n/p_75w94d66l9ssrldxqdhh700000gn/T//cczTWial.s 			page 12


 606              	.LASF0:
 607 0051 756E7369 		.ascii	"unsigned int\000"
 607      676E6564 
 607      20696E74 
 607      00
 608              	.LASF13:
 609 005e 6F747970 		.ascii	"otyper\000"
 609      657200
 610              	.LASF27:
 611 0065 50494461 		.ascii	"PIData\000"
 611      746100
 612              	.LASF10:
 613 006c 6C6F6E67 		.ascii	"long long unsigned int\000"
 613      206C6F6E 
 613      6720756E 
 613      7369676E 
 613      65642069 
 614              	.LASF23:
 615 0083 50454461 		.ascii	"PEData\000"
 615      746100
 616              	.LASF2:
 617 008a 756E7369 		.ascii	"unsigned char\000"
 617      676E6564 
 617      20636861 
 617      7200
 618              	.LASF18:
 619 0098 73746D33 		.ascii	"stm32_gpio_setup_t\000"
 619      325F6770 
 619      696F5F73 
 619      65747570 
 619      5F7400
 620              	.LASF19:
 621 00ab 50414461 		.ascii	"PAData\000"
 621      746100
 622              	.LASF8:
 623 00b2 6C6F6E67 		.ascii	"long unsigned int\000"
 623      20756E73 
 623      69676E65 
 623      6420696E 
 623      7400
 624              	.LASF17:
 625 00c4 61667268 		.ascii	"afrh\000"
 625      00
 626              	.LASF16:
 627 00c9 6166726C 		.ascii	"afrl\000"
 627      00
 628              	.LASF31:
 629 00ce 49544D5F 		.ascii	"ITM_RxBuffer\000"
 629      52784275 
 629      66666572 
 629      00
 630              	.LASF28:
 631 00db 50414C43 		.ascii	"PALConfig\000"
 631      6F6E6669 
 631      6700
 632              	.LASF32:
 633 00e5 70616C5F 		.ascii	"pal_default_config\000"
ARM GAS  /var/folders/5n/p_75w94d66l9ssrldxqdhh700000gn/T//cczTWial.s 			page 13


 633      64656661 
 633      756C745F 
 633      636F6E66 
 633      696700
 634              	.LASF15:
 635 00f8 70757064 		.ascii	"pupdr\000"
 635      7200
 636              	.LASF24:
 637 00fe 50464461 		.ascii	"PFData\000"
 637      746100
 638              	.LASF20:
 639 0105 50424461 		.ascii	"PBData\000"
 639      746100
 640              	.LASF11:
 641 010c 63686172 		.ascii	"char\000"
 641      00
 642              	.LASF30:
 643 0111 626F6172 		.ascii	"boardInit\000"
 643      64496E69 
 643      7400
 644              	.LASF29:
 645 011b 5F5F6561 		.ascii	"__early_init\000"
 645      726C795F 
 645      696E6974 
 645      00
 646              	.LASF6:
 647 0128 696E7433 		.ascii	"int32_t\000"
 647      325F7400 
 648              	.LASF14:
 649 0130 6F737065 		.ascii	"ospeedr\000"
 649      65647200 
 650              	.LASF25:
 651 0138 50474461 		.ascii	"PGData\000"
 651      746100
 652              	.LASF3:
 653 013f 73686F72 		.ascii	"short int\000"
 653      7420696E 
 653      7400
 654              	.LASF21:
 655 0149 50434461 		.ascii	"PCData\000"
 655      746100
 656              	.LASF7:
 657 0150 75696E74 		.ascii	"uint32_t\000"
 657      33325F74 
 657      00
 658              	.LASF5:
 659 0159 6C6F6E67 		.ascii	"long int\000"
 659      20696E74 
 659      00
 660              	.LASF12:
 661 0162 6D6F6465 		.ascii	"moder\000"
 661      7200
 662              	.LASF1:
 663 0168 7369676E 		.ascii	"signed char\000"
 663      65642063 
 663      68617200 
 664              	.LASF35:
ARM GAS  /var/folders/5n/p_75w94d66l9ssrldxqdhh700000gn/T//cczTWial.s 			page 14


 665 0174 2F557365 		.ascii	"/Users/sin/Documents/Eclipse/Workspace/mabl-ChibiOS"
 665      72732F73 
 665      696E2F44 
 665      6F63756D 
 665      656E7473 
 666 01a7 2D322E35 		.ascii	"-2.5.1/demos/ARMCM4-STM32F407-LWIP\000"
 666      2E312F64 
 666      656D6F73 
 666      2F41524D 
 666      434D342D 
 667              	.LASF34:
 668 01ca 2E2E2F2E 		.ascii	"../../boards/OLIMEX_STM32_P407/board.c\000"
 668      2E2F626F 
 668      61726473 
 668      2F4F4C49 
 668      4D45585F 
 669              		.ident	"GCC: (Linaro GCC 4.6-2011.10) 4.6.2 20111004 (prerelease)"
ARM GAS  /var/folders/5n/p_75w94d66l9ssrldxqdhh700000gn/T//cczTWial.s 			page 15


DEFINED SYMBOLS
                            *ABS*:0000000000000000 board.c
/var/folders/5n/p_75w94d66l9ssrldxqdhh700000gn/T//cczTWial.s:18     .text.__early_init:0000000000000000 $t
/var/folders/5n/p_75w94d66l9ssrldxqdhh700000gn/T//cczTWial.s:24     .text.__early_init:0000000000000000 __early_init
/var/folders/5n/p_75w94d66l9ssrldxqdhh700000gn/T//cczTWial.s:39     .text.boardInit:0000000000000000 $t
/var/folders/5n/p_75w94d66l9ssrldxqdhh700000gn/T//cczTWial.s:45     .text.boardInit:0000000000000000 boardInit
/var/folders/5n/p_75w94d66l9ssrldxqdhh700000gn/T//cczTWial.s:62     .rodata.pal_default_config:0000000000000000 pal_default_config
/var/folders/5n/p_75w94d66l9ssrldxqdhh700000gn/T//cczTWial.s:59     .rodata.pal_default_config:0000000000000000 $d
                     .debug_frame:0000000000000010 $d

UNDEFINED SYMBOLS
stm32_clock_init
