ARM GAS  /var/folders/5n/p_75w94d66l9ssrldxqdhh700000gn/T//ccS7zyLL.s 			page 1


   1              		.syntax unified
   2              		.cpu cortex-m4
   3              		.fpu softvfp
   4              		.eabi_attribute 20, 1
   5              		.eabi_attribute 21, 1
   6              		.eabi_attribute 23, 3
   7              		.eabi_attribute 24, 1
   8              		.eabi_attribute 25, 1
   9              		.eabi_attribute 26, 1
  10              		.eabi_attribute 30, 2
  11              		.eabi_attribute 18, 4
  12              		.thumb
  13              		.file	"chcore_v7m.c"
  14              		.text
  15              	.Ltext0:
  16              		.cfi_sections	.debug_frame
  17              		.section	.text._port_switch_from_isr,"ax",%progbits
  18              		.align	2
  19              		.p2align 4,,15
  20              		.global	_port_switch_from_isr
  21              		.thumb
  22              		.thumb_func
  23              		.type	_port_switch_from_isr, %function
  24              	_port_switch_from_isr:
  25              	.LFB11:
  26              		.file 1 "../../os/ports/GCC/ARMCMx/chcore_v7m.c"
  27              		.loc 1 200 0
  28              		.cfi_startproc
  29              		@ Naked Function: prologue and epilogue provided by programmer.
  30              		@ args = 0, pretend = 0, frame = 0
  31              		@ frame_needed = 0, uses_anonymous_args = 0
  32              		.loc 1 203 0
  33 0000 FFF7FEFF 		bl	chSchDoReschedule
  34              		.loc 1 205 0
  35              	@ 205 "../../os/ports/GCC/ARMCMx/chcore_v7m.c" 1
  36              		_port_exit_from_isr:
  37              	@ 0 "" 2
  38              		.loc 1 207 0
  39              	@ 207 "../../os/ports/GCC/ARMCMx/chcore_v7m.c" 1
  40 0004 00DF     		svc     #0
  41              	@ 0 "" 2
  42              		.loc 1 214 0
  43              		.thumb
  44              		.cfi_endproc
  45              	.LFE11:
  46              		.size	_port_switch_from_isr, .-_port_switch_from_isr
  47 0006 00BFAFF3 		.section	.text.SVCallVector,"ax",%progbits
  47      0080AFF3 
  47      0080
  48              		.align	2
  49              		.p2align 4,,15
  50              		.global	SVCallVector
  51              		.thumb
  52              		.thumb_func
  53              		.type	SVCallVector, %function
  54              	SVCallVector:
  55              	.LFB8:
ARM GAS  /var/folders/5n/p_75w94d66l9ssrldxqdhh700000gn/T//ccS7zyLL.s 			page 2


  56              		.loc 1 58 0
  57              		.cfi_startproc
  58              		@ args = 0, pretend = 0, frame = 0
  59              		@ frame_needed = 0, uses_anonymous_args = 0
  60              		@ link register save eliminated.
  61              		.loc 1 62 0
  62              	@ 62 "../../os/ports/GCC/ARMCMx/chcore_v7m.c" 1
  63 0000 EFF30983 		mrs     r3, PSP
  64              	@ 0 "" 2
  65              	.LVL0:
  66              		.loc 1 66 0
  67              		.thumb
  68 0004 2033     		adds	r3, r3, #32
  69              	.LVL1:
  70              		.loc 1 73 0
  71              	@ 73 "../../os/ports/GCC/ARMCMx/chcore_v7m.c" 1
  72 0006 83F30988 		msr     PSP, r3
  73              	@ 0 "" 2
  74              		.thumb
  75              	.LBB2:
  76              		.loc 1 74 0
  77 000a 0023     		movs	r3, #0
  78              	.LVL2:
  79              	@ 74 "../../os/ports/GCC/ARMCMx/chcore_v7m.c" 1
  80 000c 83F31188 		msr     BASEPRI, r3
  81              	@ 0 "" 2
  82              	.LVL3:
  83              		.thumb
  84              	.LBE2:
  85              		.loc 1 75 0
  86 0010 7047     		bx	lr
  87              		.cfi_endproc
  88              	.LFE8:
  89              		.size	SVCallVector, .-SVCallVector
  90 0012 00BFAFF3 		.section	.text._port_init,"ax",%progbits
  90      0080AFF3 
  90      0080AFF3 
  90      0080
  91              		.align	2
  92              		.p2align 4,,15
  93              		.global	_port_init
  94              		.thumb
  95              		.thumb_func
  96              		.type	_port_init, %function
  97              	_port_init:
  98              	.LFB9:
  99              		.loc 1 111 0
 100              		.cfi_startproc
 101              		@ args = 0, pretend = 0, frame = 0
 102              		@ frame_needed = 0, uses_anonymous_args = 0
 103 0000 08B5     		push	{r3, lr}
 104              	.LCFI0:
 105              		.cfi_def_cfa_offset 8
 106              		.cfi_offset 14, -4
 107              		.cfi_offset 3, -8
 108              		.loc 1 114 0
 109 0002 4FF46D43 		mov	r3, #60672
ARM GAS  /var/folders/5n/p_75w94d66l9ssrldxqdhh700000gn/T//ccS7zyLL.s 			page 3


 110 0006 CEF20003 		movt	r3, 57344
 111              		.loc 1 115 0
 112 000a 4FF44072 		mov	r2, #768
 113 000e C0F2FA52 		movt	r2, 1530
 114              		.loc 1 114 0
 115 0012 0021     		movs	r1, #0
 116 0014 9960     		str	r1, [r3, #8]
 117              		.loc 1 118 0
 118 0016 0720     		movs	r0, #7
 119 0018 1021     		movs	r1, #16
 120              		.loc 1 115 0
 121 001a DA60     		str	r2, [r3, #12]
 122              		.loc 1 118 0
 123 001c FFF7FEFF 		bl	nvicSetSystemHandlerPriority
 124              		.loc 1 120 0
 125 0020 0A20     		movs	r0, #10
 126 0022 4FF40071 		mov	r1, #512
 127 0026 FFF7FEFF 		bl	nvicSetSystemHandlerPriority
 128              		.loc 1 122 0
 129 002a 0B20     		movs	r0, #11
 130 002c 8021     		movs	r1, #128
 131              		.loc 1 124 0
 132 002e BDE80840 		pop	{r3, lr}
 133              		.loc 1 122 0
 134 0032 FFF7FEBF 		b	nvicSetSystemHandlerPriority
 135              		.cfi_endproc
 136              	.LFE9:
 137              		.size	_port_init, .-_port_init
 138 0036 00BFAFF3 		.section	.text._port_irq_epilogue,"ax",%progbits
 138      0080AFF3 
 138      0080
 139              		.align	2
 140              		.p2align 4,,15
 141              		.global	_port_irq_epilogue
 142              		.thumb
 143              		.thumb_func
 144              		.type	_port_irq_epilogue, %function
 145              	_port_irq_epilogue:
 146              	.LFB10:
 147              		.loc 1 141 0
 148              		.cfi_startproc
 149              		@ args = 0, pretend = 0, frame = 0
 150              		@ frame_needed = 0, uses_anonymous_args = 0
 151              		@ link register save eliminated.
 152              	.LBB3:
 153              		.loc 1 143 0
 154 0000 2023     		movs	r3, #32
 155              	.LVL4:
 156              	@ 143 "../../os/ports/GCC/ARMCMx/chcore_v7m.c" 1
 157 0002 83F31188 		msr     BASEPRI, r3
 158              	@ 0 "" 2
 159              	.LVL5:
 160              		.thumb
 161              	.LBE3:
 162              		.loc 1 144 0
 163 0006 4FF46D43 		mov	r3, #60672
 164              	.LVL6:
ARM GAS  /var/folders/5n/p_75w94d66l9ssrldxqdhh700000gn/T//ccS7zyLL.s 			page 4


 165 000a CEF20003 		movt	r3, 57344
 166 000e 5B68     		ldr	r3, [r3, #4]
 167 0010 13F40063 		ands	r3, r3, #2048
 168 0014 19D0     		beq	.L5
 169              	.LBB4:
 170              		.loc 1 148 0
 171              	@ 148 "../../os/ports/GCC/ARMCMx/chcore_v7m.c" 1
 172 0016 EFF30983 		mrs     r3, PSP
 173              	@ 0 "" 2
 174              	.LVL7:
 175              		.loc 1 152 0
 176              		.thumb
 177 001a A3F12002 		sub	r2, r3, #32
 178              		.loc 1 153 0
 179              	@ 153 "../../os/ports/GCC/ARMCMx/chcore_v7m.c" 1
 180 001e 82F30988 		msr     PSP, r2
 181              	@ 0 "" 2
 182              		.loc 1 158 0
 183              		.thumb
 184 0022 1049     		ldr	r1, .L12
 185              		.loc 1 154 0
 186 0024 4FF08070 		mov	r0, #16777216
 187              		.loc 1 158 0
 188 0028 8A69     		ldr	r2, [r1, #24]
 189              		.loc 1 154 0
 190 002a 43F8040C 		str	r0, [r3, #-4]
 191              		.loc 1 158 0
 192 002e D07F     		ldrb	r0, [r2, #31]	@ zero_extendqisi2
 193 0030 0968     		ldr	r1, [r1, #0]
 194 0032 9268     		ldr	r2, [r2, #8]
 195 0034 8968     		ldr	r1, [r1, #8]
 196 0036 58B1     		cbz	r0, .L6
 197              		.loc 1 158 0 is_stmt 0 discriminator 1
 198 0038 9142     		cmp	r1, r2
 199 003a 94BF     		ite	ls
 200 003c 0022     		movls	r2, #0
 201 003e 0122     		movhi	r2, #1
 202 0040 62B1     		cbz	r2, .L8
 203              	.L11:
 204              		.loc 1 160 0 is_stmt 1
 205 0042 094A     		ldr	r2, .L12+4
 206 0044 43F8082C 		str	r2, [r3, #-8]
 207 0048 7047     		bx	lr
 208              	.LVL8:
 209              	.L5:
 210              	.LBE4:
 211              	.LBB5:
 212              		.loc 1 190 0
 213              	@ 190 "../../os/ports/GCC/ARMCMx/chcore_v7m.c" 1
 214 004a 83F31188 		msr     BASEPRI, r3
 215              	@ 0 "" 2
 216              	.LVL9:
 217              		.thumb
 218 004e 7047     		bx	lr
 219              	.LVL10:
 220              	.L6:
 221              	.LBE5:
ARM GAS  /var/folders/5n/p_75w94d66l9ssrldxqdhh700000gn/T//ccS7zyLL.s 			page 5


 222              	.LBB6:
 223              		.loc 1 158 0 discriminator 2
 224 0050 9142     		cmp	r1, r2
 225 0052 34BF     		ite	cc
 226 0054 0022     		movcc	r2, #0
 227 0056 0122     		movcs	r2, #1
 228 0058 002A     		cmp	r2, #0
 229 005a F2D1     		bne	.L11
 230              	.L8:
 231              		.loc 1 169 0
 232 005c 034A     		ldr	r2, .L12+8
 233 005e 43F8082C 		str	r2, [r3, #-8]
 234 0062 7047     		bx	lr
 235              	.L13:
 236              		.align	2
 237              	.L12:
 238 0064 00000000 		.word	rlist
 239 0068 00000000 		.word	_port_switch_from_isr
 240 006c 04000000 		.word	_port_exit_from_isr
 241              	.LBE6:
 242              		.cfi_endproc
 243              	.LFE10:
 244              		.size	_port_irq_epilogue, .-_port_irq_epilogue
 245              		.section	.text.SysTickVector,"ax",%progbits
 246              		.align	2
 247              		.p2align 4,,15
 248              		.global	SysTickVector
 249              		.thumb
 250              		.thumb_func
 251              		.type	SysTickVector, %function
 252              	SysTickVector:
 253              	.LFB7:
 254              		.loc 1 40 0
 255              		.cfi_startproc
 256              		@ args = 0, pretend = 0, frame = 0
 257              		@ frame_needed = 0, uses_anonymous_args = 0
 258 0000 08B5     		push	{r3, lr}
 259              	.LCFI1:
 260              		.cfi_def_cfa_offset 8
 261              		.cfi_offset 14, -4
 262              		.cfi_offset 3, -8
 263              	.LBB7:
 264              		.loc 1 44 0
 265 0002 2023     		movs	r3, #32
 266              	.LVL11:
 267              	@ 44 "../../os/ports/GCC/ARMCMx/chcore_v7m.c" 1
 268 0004 83F31188 		msr     BASEPRI, r3
 269              	@ 0 "" 2
 270              	.LVL12:
 271              		.thumb
 272              	.LBE7:
 273              		.loc 1 45 0
 274 0008 FFF7FEFF 		bl	chSysTimerHandlerI
 275              	.LVL13:
 276              	.LBB8:
 277              		.loc 1 46 0
 278 000c 0023     		movs	r3, #0
ARM GAS  /var/folders/5n/p_75w94d66l9ssrldxqdhh700000gn/T//ccS7zyLL.s 			page 6


 279              	.LVL14:
 280              	@ 46 "../../os/ports/GCC/ARMCMx/chcore_v7m.c" 1
 281 000e 83F31188 		msr     BASEPRI, r3
 282              	@ 0 "" 2
 283              	.LVL15:
 284              		.thumb
 285              	.LBE8:
 286              		.loc 1 49 0
 287 0012 BDE80840 		pop	{r3, lr}
 288              		.loc 1 48 0
 289 0016 FFF7FEBF 		b	_port_irq_epilogue
 290              	.LVL16:
 291              		.cfi_endproc
 292              	.LFE7:
 293              		.size	SysTickVector, .-SysTickVector
 294 001a 00BFAFF3 		.section	.text._port_switch,"ax",%progbits
 294      0080
 295              		.align	2
 296              		.p2align 4,,15
 297              		.global	_port_switch
 298              		.thumb
 299              		.thumb_func
 300              		.type	_port_switch, %function
 301              	_port_switch:
 302              	.LFB12:
 303              		.loc 1 229 0
 304              		.cfi_startproc
 305              		@ Naked Function: prologue and epilogue provided by programmer.
 306              		@ args = 0, pretend = 0, frame = 0
 307              		@ frame_needed = 0, uses_anonymous_args = 0
 308              	.LVL17:
 309              		.loc 1 231 0
 310              	@ 231 "../../os/ports/GCC/ARMCMx/chcore_v7m.c" 1
 311 0000 2DE9F04F 		push    {r4, r5, r6, r7, r8, r9, r10, r11, lr}
 312              	@ 0 "" 2
 313              		.loc 1 237 0
 314              	@ 237 "../../os/ports/GCC/ARMCMx/chcore_v7m.c" 1
 315 0004 C1F80CD0 		str     sp, [r1, #12]                          
 316 0008 D0F80CD0 		ldr     sp, [r0, #12]
 317              	@ 0 "" 2
 318              		.loc 1 243 0
 319              	@ 243 "../../os/ports/GCC/ARMCMx/chcore_v7m.c" 1
 320 000c BDE8F08F 		pop     {r4, r5, r6, r7, r8, r9, r10, r11, pc}
 321              	@ 0 "" 2
 322              		.loc 1 245 0
 323              		.thumb
 324              		.cfi_endproc
 325              	.LFE12:
 326              		.size	_port_switch, .-_port_switch
 327              		.section	.text._port_thread_start,"ax",%progbits
 328              		.align	2
 329              		.p2align 4,,15
 330              		.global	_port_thread_start
 331              		.thumb
 332              		.thumb_func
 333              		.type	_port_thread_start, %function
 334              	_port_thread_start:
ARM GAS  /var/folders/5n/p_75w94d66l9ssrldxqdhh700000gn/T//ccS7zyLL.s 			page 7


 335              	.LFB13:
 336              		.loc 1 252 0
 337              		.cfi_startproc
 338              		@ args = 0, pretend = 0, frame = 0
 339              		@ frame_needed = 0, uses_anonymous_args = 0
 340              		@ link register save eliminated.
 341              	.LBB9:
 342              		.loc 1 254 0
 343 0000 0023     		movs	r3, #0
 344              	.LVL18:
 345              	@ 254 "../../os/ports/GCC/ARMCMx/chcore_v7m.c" 1
 346 0002 83F31188 		msr     BASEPRI, r3
 347              	@ 0 "" 2
 348              	.LVL19:
 349              		.thumb
 350              	.LBE9:
 351              		.loc 1 255 0
 352              	@ 255 "../../os/ports/GCC/ARMCMx/chcore_v7m.c" 1
 353 0006 2846     		mov     r0, r5                                 
 354 0008 A047     		blx     r4                                     
 355 000a FFF7FEFF 		bl      chThdExit
 356              	@ 0 "" 2
 357              		.loc 1 258 0
 358              		.thumb
 359 000e 7047     		bx	lr
 360              		.cfi_endproc
 361              	.LFE13:
 362              		.size	_port_thread_start, .-_port_thread_start
 363              		.text
 364              	.Letext0:
 365              		.file 2 "/usr/local/summon/lib/gcc/arm-none-eabi/4.6.2/../../../../arm-none-eabi/include/stdint.h"
 366              		.file 3 "../../os/ports/GCC/ARMCMx/chtypes.h"
 367              		.file 4 "../../os/kernel/include/chlists.h"
 368              		.file 5 "../../os/kernel/include/chthreads.h"
 369              		.file 6 "../../os/ports/GCC/ARMCMx/chcore_v7m.h"
 370              		.file 7 "../../os/ports/common/ARMCMx/nvic.h"
 371              		.file 8 "../../os/kernel/include/chschd.h"
 372              		.file 9 "../../os/kernel/include/chmtx.h"
 373              		.section	.debug_info,"",%progbits
 374              	.Ldebug_info0:
 375 0000 E5070000 		.4byte	0x7e5
 376 0004 0200     		.2byte	0x2
 377 0006 00000000 		.4byte	.Ldebug_abbrev0
 378 000a 04       		.byte	0x4
 379 000b 01       		.uleb128 0x1
 380 000c CF020000 		.4byte	.LASF89
 381 0010 01       		.byte	0x1
 382 0011 73020000 		.4byte	.LASF90
 383 0015 40030000 		.4byte	.LASF91
 384 0019 00000000 		.4byte	0
 385 001d 00000000 		.4byte	0
 386 0021 18000000 		.4byte	.Ldebug_ranges0+0x18
 387 0025 00000000 		.4byte	.Ldebug_line0
 388 0029 02       		.uleb128 0x2
 389 002a 04       		.byte	0x4
 390 002b 05       		.byte	0x5
 391 002c 696E7400 		.ascii	"int\000"
ARM GAS  /var/folders/5n/p_75w94d66l9ssrldxqdhh700000gn/T//ccS7zyLL.s 			page 8


 392 0030 03       		.uleb128 0x3
 393 0031 04       		.byte	0x4
 394 0032 07       		.byte	0x7
 395 0033 C7000000 		.4byte	.LASF0
 396 0037 03       		.uleb128 0x3
 397 0038 01       		.byte	0x1
 398 0039 06       		.byte	0x6
 399 003a 5E000000 		.4byte	.LASF1
 400 003e 04       		.uleb128 0x4
 401 003f 1F030000 		.4byte	.LASF5
 402 0043 02       		.byte	0x2
 403 0044 2A       		.byte	0x2a
 404 0045 49000000 		.4byte	0x49
 405 0049 03       		.uleb128 0x3
 406 004a 01       		.byte	0x1
 407 004b 08       		.byte	0x8
 408 004c E2010000 		.4byte	.LASF2
 409 0050 03       		.uleb128 0x3
 410 0051 02       		.byte	0x2
 411 0052 05       		.byte	0x5
 412 0053 00020000 		.4byte	.LASF3
 413 0057 03       		.uleb128 0x3
 414 0058 02       		.byte	0x2
 415 0059 07       		.byte	0x7
 416 005a 24010000 		.4byte	.LASF4
 417 005e 04       		.uleb128 0x4
 418 005f DA010000 		.4byte	.LASF6
 419 0063 02       		.byte	0x2
 420 0064 4F       		.byte	0x4f
 421 0065 69000000 		.4byte	0x69
 422 0069 03       		.uleb128 0x3
 423 006a 04       		.byte	0x4
 424 006b 05       		.byte	0x5
 425 006c 84000000 		.4byte	.LASF7
 426 0070 04       		.uleb128 0x4
 427 0071 50020000 		.4byte	.LASF8
 428 0075 02       		.byte	0x2
 429 0076 50       		.byte	0x50
 430 0077 7B000000 		.4byte	0x7b
 431 007b 03       		.uleb128 0x3
 432 007c 04       		.byte	0x4
 433 007d 07       		.byte	0x7
 434 007e EF000000 		.4byte	.LASF9
 435 0082 03       		.uleb128 0x3
 436 0083 08       		.byte	0x8
 437 0084 05       		.byte	0x5
 438 0085 50000000 		.4byte	.LASF10
 439 0089 03       		.uleb128 0x3
 440 008a 08       		.byte	0x8
 441 008b 07       		.byte	0x7
 442 008c 23000000 		.4byte	.LASF11
 443 0090 04       		.uleb128 0x4
 444 0091 66010000 		.4byte	.LASF12
 445 0095 03       		.byte	0x3
 446 0096 28       		.byte	0x28
 447 0097 3E000000 		.4byte	0x3e
 448 009b 04       		.uleb128 0x4
ARM GAS  /var/folders/5n/p_75w94d66l9ssrldxqdhh700000gn/T//ccS7zyLL.s 			page 9


 449 009c 8D000000 		.4byte	.LASF13
 450 00a0 03       		.byte	0x3
 451 00a1 29       		.byte	0x29
 452 00a2 3E000000 		.4byte	0x3e
 453 00a6 04       		.uleb128 0x4
 454 00a7 BE010000 		.4byte	.LASF14
 455 00ab 03       		.byte	0x3
 456 00ac 2A       		.byte	0x2a
 457 00ad 3E000000 		.4byte	0x3e
 458 00b1 04       		.uleb128 0x4
 459 00b2 7A000000 		.4byte	.LASF15
 460 00b6 03       		.byte	0x3
 461 00b7 2B       		.byte	0x2b
 462 00b8 3E000000 		.4byte	0x3e
 463 00bc 04       		.uleb128 0x4
 464 00bd D2010000 		.4byte	.LASF16
 465 00c1 03       		.byte	0x3
 466 00c2 2C       		.byte	0x2c
 467 00c3 70000000 		.4byte	0x70
 468 00c7 04       		.uleb128 0x4
 469 00c8 3C010000 		.4byte	.LASF17
 470 00cc 03       		.byte	0x3
 471 00cd 2D       		.byte	0x2d
 472 00ce 5E000000 		.4byte	0x5e
 473 00d2 04       		.uleb128 0x4
 474 00d3 7A010000 		.4byte	.LASF18
 475 00d7 03       		.byte	0x3
 476 00d8 2F       		.byte	0x2f
 477 00d9 70000000 		.4byte	0x70
 478 00dd 04       		.uleb128 0x4
 479 00de A1020000 		.4byte	.LASF19
 480 00e2 03       		.byte	0x3
 481 00e3 31       		.byte	0x31
 482 00e4 70000000 		.4byte	0x70
 483 00e8 04       		.uleb128 0x4
 484 00e9 3E020000 		.4byte	.LASF20
 485 00ed 04       		.byte	0x4
 486 00ee 23       		.byte	0x23
 487 00ef F3000000 		.4byte	0xf3
 488 00f3 05       		.uleb128 0x5
 489 00f4 3E020000 		.4byte	.LASF20
 490 00f8 48       		.byte	0x48
 491 00f9 05       		.byte	0x5
 492 00fa 57       		.byte	0x57
 493 00fb 18020000 		.4byte	0x218
 494 00ff 06       		.uleb128 0x6
 495 0100 2F020000 		.4byte	.LASF21
 496 0104 05       		.byte	0x5
 497 0105 58       		.byte	0x58
 498 0106 3D020000 		.4byte	0x23d
 499 010a 02       		.byte	0x2
 500 010b 23       		.byte	0x23
 501 010c 00       		.uleb128 0
 502 010d 06       		.uleb128 0x6
 503 010e CB010000 		.4byte	.LASF22
 504 0112 05       		.byte	0x5
 505 0113 5A       		.byte	0x5a
ARM GAS  /var/folders/5n/p_75w94d66l9ssrldxqdhh700000gn/T//ccS7zyLL.s 			page 10


 506 0114 3D020000 		.4byte	0x23d
 507 0118 02       		.byte	0x2
 508 0119 23       		.byte	0x23
 509 011a 04       		.uleb128 0x4
 510 011b 06       		.uleb128 0x6
 511 011c 49000000 		.4byte	.LASF23
 512 0120 05       		.byte	0x5
 513 0121 5C       		.byte	0x5c
 514 0122 BC000000 		.4byte	0xbc
 515 0126 02       		.byte	0x2
 516 0127 23       		.byte	0x23
 517 0128 08       		.uleb128 0x8
 518 0129 06       		.uleb128 0x6
 519 012a A9030000 		.4byte	.LASF24
 520 012e 05       		.byte	0x5
 521 012f 5D       		.byte	0x5d
 522 0130 83030000 		.4byte	0x383
 523 0134 02       		.byte	0x2
 524 0135 23       		.byte	0x23
 525 0136 0C       		.uleb128 0xc
 526 0137 06       		.uleb128 0x6
 527 0138 A9000000 		.4byte	.LASF25
 528 013c 05       		.byte	0x5
 529 013d 5F       		.byte	0x5f
 530 013e 3D020000 		.4byte	0x23d
 531 0142 02       		.byte	0x2
 532 0143 23       		.byte	0x23
 533 0144 10       		.uleb128 0x10
 534 0145 06       		.uleb128 0x6
 535 0146 91010000 		.4byte	.LASF26
 536 014a 05       		.byte	0x5
 537 014b 60       		.byte	0x60
 538 014c 3D020000 		.4byte	0x23d
 539 0150 02       		.byte	0x2
 540 0151 23       		.byte	0x23
 541 0152 14       		.uleb128 0x14
 542 0153 06       		.uleb128 0x6
 543 0154 39030000 		.4byte	.LASF27
 544 0158 05       		.byte	0x5
 545 0159 67       		.byte	0x67
 546 015a 29060000 		.4byte	0x629
 547 015e 02       		.byte	0x2
 548 015f 23       		.byte	0x23
 549 0160 18       		.uleb128 0x18
 550 0161 06       		.uleb128 0x6
 551 0162 0A020000 		.4byte	.LASF28
 552 0166 05       		.byte	0x5
 553 0167 72       		.byte	0x72
 554 0168 9B000000 		.4byte	0x9b
 555 016c 02       		.byte	0x2
 556 016d 23       		.byte	0x23
 557 016e 1C       		.uleb128 0x1c
 558 016f 06       		.uleb128 0x6
 559 0170 36020000 		.4byte	.LASF29
 560 0174 05       		.byte	0x5
 561 0175 76       		.byte	0x76
 562 0176 90000000 		.4byte	0x90
ARM GAS  /var/folders/5n/p_75w94d66l9ssrldxqdhh700000gn/T//ccS7zyLL.s 			page 11


 563 017a 02       		.byte	0x2
 564 017b 23       		.byte	0x23
 565 017c 1D       		.uleb128 0x1d
 566 017d 06       		.uleb128 0x6
 567 017e 03030000 		.4byte	.LASF30
 568 0182 05       		.byte	0x5
 569 0183 7B       		.byte	0x7b
 570 0184 A6000000 		.4byte	0xa6
 571 0188 02       		.byte	0x2
 572 0189 23       		.byte	0x23
 573 018a 1E       		.uleb128 0x1e
 574 018b 06       		.uleb128 0x6
 575 018c 12020000 		.4byte	.LASF31
 576 0190 05       		.byte	0x5
 577 0191 81       		.byte	0x81
 578 0192 B1000000 		.4byte	0xb1
 579 0196 02       		.byte	0x2
 580 0197 23       		.byte	0x23
 581 0198 1F       		.uleb128 0x1f
 582 0199 06       		.uleb128 0x6
 583 019a C3020000 		.4byte	.LASF32
 584 019e 05       		.byte	0x5
 585 019f 88       		.byte	0x88
 586 01a0 3F050000 		.4byte	0x53f
 587 01a4 02       		.byte	0x2
 588 01a5 23       		.byte	0x23
 589 01a6 20       		.uleb128 0x20
 590 01a7 07       		.uleb128 0x7
 591 01a8 705F7500 		.ascii	"p_u\000"
 592 01ac 05       		.byte	0x5
 593 01ad AD       		.byte	0xad
 594 01ae F4050000 		.4byte	0x5f4
 595 01b2 02       		.byte	0x2
 596 01b3 23       		.byte	0x23
 597 01b4 24       		.uleb128 0x24
 598 01b5 06       		.uleb128 0x6
 599 01b6 AF030000 		.4byte	.LASF33
 600 01ba 05       		.byte	0x5
 601 01bb B2       		.byte	0xb2
 602 01bc 65020000 		.4byte	0x265
 603 01c0 02       		.byte	0x2
 604 01c1 23       		.byte	0x23
 605 01c2 28       		.uleb128 0x28
 606 01c3 06       		.uleb128 0x6
 607 01c4 F8020000 		.4byte	.LASF34
 608 01c8 05       		.byte	0x5
 609 01c9 B8       		.byte	0xb8
 610 01ca 43020000 		.4byte	0x243
 611 01ce 02       		.byte	0x2
 612 01cf 23       		.byte	0x23
 613 01d0 2C       		.uleb128 0x2c
 614 01d1 06       		.uleb128 0x6
 615 01d2 00000000 		.4byte	.LASF35
 616 01d6 05       		.byte	0x5
 617 01d7 BC       		.byte	0xbc
 618 01d8 C7000000 		.4byte	0xc7
 619 01dc 02       		.byte	0x2
ARM GAS  /var/folders/5n/p_75w94d66l9ssrldxqdhh700000gn/T//ccS7zyLL.s 			page 12


 620 01dd 23       		.byte	0x23
 621 01de 34       		.uleb128 0x34
 622 01df 06       		.uleb128 0x6
 623 01e0 45020000 		.4byte	.LASF36
 624 01e4 05       		.byte	0x5
 625 01e5 C2       		.byte	0xc2
 626 01e6 D2000000 		.4byte	0xd2
 627 01ea 02       		.byte	0x2
 628 01eb 23       		.byte	0x23
 629 01ec 38       		.uleb128 0x38
 630 01ed 06       		.uleb128 0x6
 631 01ee F6010000 		.4byte	.LASF37
 632 01f2 05       		.byte	0x5
 633 01f3 C9       		.byte	0xc9
 634 01f4 3B060000 		.4byte	0x63b
 635 01f8 02       		.byte	0x2
 636 01f9 23       		.byte	0x23
 637 01fa 3C       		.uleb128 0x3c
 638 01fb 06       		.uleb128 0x6
 639 01fc AB020000 		.4byte	.LASF38
 640 0200 05       		.byte	0x5
 641 0201 CD       		.byte	0xcd
 642 0202 BC000000 		.4byte	0xbc
 643 0206 02       		.byte	0x2
 644 0207 23       		.byte	0x23
 645 0208 40       		.uleb128 0x40
 646 0209 06       		.uleb128 0x6
 647 020a 6A000000 		.4byte	.LASF39
 648 020e 05       		.byte	0x5
 649 020f D3       		.byte	0xd3
 650 0210 7B020000 		.4byte	0x27b
 651 0214 02       		.byte	0x2
 652 0215 23       		.byte	0x23
 653 0216 44       		.uleb128 0x44
 654 0217 00       		.byte	0
 655 0218 08       		.uleb128 0x8
 656 0219 08       		.byte	0x8
 657 021a 04       		.byte	0x4
 658 021b 5A       		.byte	0x5a
 659 021c 3D020000 		.4byte	0x23d
 660 0220 06       		.uleb128 0x6
 661 0221 2F020000 		.4byte	.LASF21
 662 0225 04       		.byte	0x4
 663 0226 5B       		.byte	0x5b
 664 0227 3D020000 		.4byte	0x23d
 665 022b 02       		.byte	0x2
 666 022c 23       		.byte	0x23
 667 022d 00       		.uleb128 0
 668 022e 06       		.uleb128 0x6
 669 022f CB010000 		.4byte	.LASF22
 670 0233 04       		.byte	0x4
 671 0234 5D       		.byte	0x5d
 672 0235 3D020000 		.4byte	0x23d
 673 0239 02       		.byte	0x2
 674 023a 23       		.byte	0x23
 675 023b 04       		.uleb128 0x4
 676 023c 00       		.byte	0
ARM GAS  /var/folders/5n/p_75w94d66l9ssrldxqdhh700000gn/T//ccS7zyLL.s 			page 13


 677 023d 09       		.uleb128 0x9
 678 023e 04       		.byte	0x4
 679 023f E8000000 		.4byte	0xe8
 680 0243 04       		.uleb128 0x4
 681 0244 9F010000 		.4byte	.LASF40
 682 0248 04       		.byte	0x4
 683 0249 5F       		.byte	0x5f
 684 024a 18020000 		.4byte	0x218
 685 024e 08       		.uleb128 0x8
 686 024f 04       		.byte	0x4
 687 0250 04       		.byte	0x4
 688 0251 64       		.byte	0x64
 689 0252 65020000 		.4byte	0x265
 690 0256 06       		.uleb128 0x6
 691 0257 2F020000 		.4byte	.LASF21
 692 025b 04       		.byte	0x4
 693 025c 66       		.byte	0x66
 694 025d 3D020000 		.4byte	0x23d
 695 0261 02       		.byte	0x2
 696 0262 23       		.byte	0x23
 697 0263 00       		.uleb128 0
 698 0264 00       		.byte	0
 699 0265 04       		.uleb128 0x4
 700 0266 6E010000 		.4byte	.LASF41
 701 026a 04       		.byte	0x4
 702 026b 69       		.byte	0x69
 703 026c 4E020000 		.4byte	0x24e
 704 0270 04       		.uleb128 0x4
 705 0271 BE000000 		.4byte	.LASF42
 706 0275 06       		.byte	0x6
 707 0276 DE       		.byte	0xde
 708 0277 7B020000 		.4byte	0x27b
 709 027b 0A       		.uleb128 0xa
 710 027c 04       		.byte	0x4
 711 027d 05       		.uleb128 0x5
 712 027e DB000000 		.4byte	.LASF43
 713 0282 20       		.byte	0x20
 714 0283 06       		.byte	0x6
 715 0284 E6       		.byte	0xe6
 716 0285 F5020000 		.4byte	0x2f5
 717 0289 07       		.uleb128 0x7
 718 028a 723000   		.ascii	"r0\000"
 719 028d 06       		.byte	0x6
 720 028e E7       		.byte	0xe7
 721 028f 70020000 		.4byte	0x270
 722 0293 02       		.byte	0x2
 723 0294 23       		.byte	0x23
 724 0295 00       		.uleb128 0
 725 0296 07       		.uleb128 0x7
 726 0297 723100   		.ascii	"r1\000"
 727 029a 06       		.byte	0x6
 728 029b E8       		.byte	0xe8
 729 029c 70020000 		.4byte	0x270
 730 02a0 02       		.byte	0x2
 731 02a1 23       		.byte	0x23
 732 02a2 04       		.uleb128 0x4
 733 02a3 07       		.uleb128 0x7
ARM GAS  /var/folders/5n/p_75w94d66l9ssrldxqdhh700000gn/T//ccS7zyLL.s 			page 14


 734 02a4 723200   		.ascii	"r2\000"
 735 02a7 06       		.byte	0x6
 736 02a8 E9       		.byte	0xe9
 737 02a9 70020000 		.4byte	0x270
 738 02ad 02       		.byte	0x2
 739 02ae 23       		.byte	0x23
 740 02af 08       		.uleb128 0x8
 741 02b0 07       		.uleb128 0x7
 742 02b1 723300   		.ascii	"r3\000"
 743 02b4 06       		.byte	0x6
 744 02b5 EA       		.byte	0xea
 745 02b6 70020000 		.4byte	0x270
 746 02ba 02       		.byte	0x2
 747 02bb 23       		.byte	0x23
 748 02bc 0C       		.uleb128 0xc
 749 02bd 07       		.uleb128 0x7
 750 02be 72313200 		.ascii	"r12\000"
 751 02c2 06       		.byte	0x6
 752 02c3 EB       		.byte	0xeb
 753 02c4 70020000 		.4byte	0x270
 754 02c8 02       		.byte	0x2
 755 02c9 23       		.byte	0x23
 756 02ca 10       		.uleb128 0x10
 757 02cb 06       		.uleb128 0x6
 758 02cc D4000000 		.4byte	.LASF44
 759 02d0 06       		.byte	0x6
 760 02d1 EC       		.byte	0xec
 761 02d2 70020000 		.4byte	0x270
 762 02d6 02       		.byte	0x2
 763 02d7 23       		.byte	0x23
 764 02d8 14       		.uleb128 0x14
 765 02d9 07       		.uleb128 0x7
 766 02da 706300   		.ascii	"pc\000"
 767 02dd 06       		.byte	0x6
 768 02de ED       		.byte	0xed
 769 02df 70020000 		.4byte	0x270
 770 02e3 02       		.byte	0x2
 771 02e4 23       		.byte	0x23
 772 02e5 18       		.uleb128 0x18
 773 02e6 06       		.uleb128 0x6
 774 02e7 1C020000 		.4byte	.LASF45
 775 02eb 06       		.byte	0x6
 776 02ec EE       		.byte	0xee
 777 02ed 70020000 		.4byte	0x270
 778 02f1 02       		.byte	0x2
 779 02f2 23       		.byte	0x23
 780 02f3 1C       		.uleb128 0x1c
 781 02f4 00       		.byte	0
 782 02f5 0B       		.uleb128 0xb
 783 02f6 F1020000 		.4byte	.LASF46
 784 02fa 24       		.byte	0x24
 785 02fb 06       		.byte	0x6
 786 02fc 0501     		.2byte	0x105
 787 02fe 83030000 		.4byte	0x383
 788 0302 0C       		.uleb128 0xc
 789 0303 723400   		.ascii	"r4\000"
 790 0306 06       		.byte	0x6
ARM GAS  /var/folders/5n/p_75w94d66l9ssrldxqdhh700000gn/T//ccS7zyLL.s 			page 15


 791 0307 1801     		.2byte	0x118
 792 0309 70020000 		.4byte	0x270
 793 030d 02       		.byte	0x2
 794 030e 23       		.byte	0x23
 795 030f 00       		.uleb128 0
 796 0310 0C       		.uleb128 0xc
 797 0311 723500   		.ascii	"r5\000"
 798 0314 06       		.byte	0x6
 799 0315 1901     		.2byte	0x119
 800 0317 70020000 		.4byte	0x270
 801 031b 02       		.byte	0x2
 802 031c 23       		.byte	0x23
 803 031d 04       		.uleb128 0x4
 804 031e 0C       		.uleb128 0xc
 805 031f 723600   		.ascii	"r6\000"
 806 0322 06       		.byte	0x6
 807 0323 1A01     		.2byte	0x11a
 808 0325 70020000 		.4byte	0x270
 809 0329 02       		.byte	0x2
 810 032a 23       		.byte	0x23
 811 032b 08       		.uleb128 0x8
 812 032c 0C       		.uleb128 0xc
 813 032d 723700   		.ascii	"r7\000"
 814 0330 06       		.byte	0x6
 815 0331 1B01     		.2byte	0x11b
 816 0333 70020000 		.4byte	0x270
 817 0337 02       		.byte	0x2
 818 0338 23       		.byte	0x23
 819 0339 0C       		.uleb128 0xc
 820 033a 0C       		.uleb128 0xc
 821 033b 723800   		.ascii	"r8\000"
 822 033e 06       		.byte	0x6
 823 033f 1C01     		.2byte	0x11c
 824 0341 70020000 		.4byte	0x270
 825 0345 02       		.byte	0x2
 826 0346 23       		.byte	0x23
 827 0347 10       		.uleb128 0x10
 828 0348 0C       		.uleb128 0xc
 829 0349 723900   		.ascii	"r9\000"
 830 034c 06       		.byte	0x6
 831 034d 1D01     		.2byte	0x11d
 832 034f 70020000 		.4byte	0x270
 833 0353 02       		.byte	0x2
 834 0354 23       		.byte	0x23
 835 0355 14       		.uleb128 0x14
 836 0356 0C       		.uleb128 0xc
 837 0357 72313000 		.ascii	"r10\000"
 838 035b 06       		.byte	0x6
 839 035c 1E01     		.2byte	0x11e
 840 035e 70020000 		.4byte	0x270
 841 0362 02       		.byte	0x2
 842 0363 23       		.byte	0x23
 843 0364 18       		.uleb128 0x18
 844 0365 0C       		.uleb128 0xc
 845 0366 72313100 		.ascii	"r11\000"
 846 036a 06       		.byte	0x6
 847 036b 1F01     		.2byte	0x11f
ARM GAS  /var/folders/5n/p_75w94d66l9ssrldxqdhh700000gn/T//ccS7zyLL.s 			page 16


 848 036d 70020000 		.4byte	0x270
 849 0371 02       		.byte	0x2
 850 0372 23       		.byte	0x23
 851 0373 1C       		.uleb128 0x1c
 852 0374 0C       		.uleb128 0xc
 853 0375 6C7200   		.ascii	"lr\000"
 854 0378 06       		.byte	0x6
 855 0379 2001     		.2byte	0x120
 856 037b 70020000 		.4byte	0x270
 857 037f 02       		.byte	0x2
 858 0380 23       		.byte	0x23
 859 0381 20       		.uleb128 0x20
 860 0382 00       		.byte	0
 861 0383 0B       		.uleb128 0xb
 862 0384 1C010000 		.4byte	.LASF47
 863 0388 04       		.byte	0x4
 864 0389 06       		.byte	0x6
 865 038a 2A01     		.2byte	0x12a
 866 038c A0030000 		.4byte	0x3a0
 867 0390 0C       		.uleb128 0xc
 868 0391 72313300 		.ascii	"r13\000"
 869 0395 06       		.byte	0x6
 870 0396 2B01     		.2byte	0x12b
 871 0398 A0030000 		.4byte	0x3a0
 872 039c 02       		.byte	0x2
 873 039d 23       		.byte	0x23
 874 039e 00       		.uleb128 0
 875 039f 00       		.byte	0
 876 03a0 09       		.uleb128 0x9
 877 03a1 04       		.byte	0x4
 878 03a2 F5020000 		.4byte	0x2f5
 879 03a6 0D       		.uleb128 0xd
 880 03a7 7B000000 		.4byte	0x7b
 881 03ab 08       		.uleb128 0x8
 882 03ac 8C       		.byte	0x8c
 883 03ad 07       		.byte	0x7
 884 03ae 82       		.byte	0x82
 885 03af DB040000 		.4byte	0x4db
 886 03b3 06       		.uleb128 0x6
 887 03b4 43000000 		.4byte	.LASF48
 888 03b8 07       		.byte	0x7
 889 03b9 83       		.byte	0x83
 890 03ba A6030000 		.4byte	0x3a6
 891 03be 02       		.byte	0x2
 892 03bf 23       		.byte	0x23
 893 03c0 00       		.uleb128 0
 894 03c1 06       		.uleb128 0x6
 895 03c2 37010000 		.4byte	.LASF49
 896 03c6 07       		.byte	0x7
 897 03c7 84       		.byte	0x84
 898 03c8 A6030000 		.4byte	0x3a6
 899 03cc 02       		.byte	0x2
 900 03cd 23       		.byte	0x23
 901 03ce 04       		.uleb128 0x4
 902 03cf 06       		.uleb128 0x6
 903 03d0 01010000 		.4byte	.LASF50
 904 03d4 07       		.byte	0x7
ARM GAS  /var/folders/5n/p_75w94d66l9ssrldxqdhh700000gn/T//ccS7zyLL.s 			page 17


 905 03d5 85       		.byte	0x85
 906 03d6 A6030000 		.4byte	0x3a6
 907 03da 02       		.byte	0x2
 908 03db 23       		.byte	0x23
 909 03dc 08       		.uleb128 0x8
 910 03dd 06       		.uleb128 0x6
 911 03de 42010000 		.4byte	.LASF51
 912 03e2 07       		.byte	0x7
 913 03e3 86       		.byte	0x86
 914 03e4 A6030000 		.4byte	0x3a6
 915 03e8 02       		.byte	0x2
 916 03e9 23       		.byte	0x23
 917 03ea 0C       		.uleb128 0xc
 918 03eb 07       		.uleb128 0x7
 919 03ec 53435200 		.ascii	"SCR\000"
 920 03f0 07       		.byte	0x7
 921 03f1 87       		.byte	0x87
 922 03f2 A6030000 		.4byte	0x3a6
 923 03f6 02       		.byte	0x2
 924 03f7 23       		.byte	0x23
 925 03f8 10       		.uleb128 0x10
 926 03f9 07       		.uleb128 0x7
 927 03fa 43435200 		.ascii	"CCR\000"
 928 03fe 07       		.byte	0x7
 929 03ff 88       		.byte	0x88
 930 0400 A6030000 		.4byte	0x3a6
 931 0404 02       		.byte	0x2
 932 0405 23       		.byte	0x23
 933 0406 14       		.uleb128 0x14
 934 0407 06       		.uleb128 0x6
 935 0408 CA020000 		.4byte	.LASF52
 936 040c 07       		.byte	0x7
 937 040d 89       		.byte	0x89
 938 040e EB040000 		.4byte	0x4eb
 939 0412 02       		.byte	0x2
 940 0413 23       		.byte	0x23
 941 0414 18       		.uleb128 0x18
 942 0415 06       		.uleb128 0x6
 943 0416 F0010000 		.4byte	.LASF53
 944 041a 07       		.byte	0x7
 945 041b 8A       		.byte	0x8a
 946 041c A6030000 		.4byte	0x3a6
 947 0420 02       		.byte	0x2
 948 0421 23       		.byte	0x23
 949 0422 24       		.uleb128 0x24
 950 0423 06       		.uleb128 0x6
 951 0424 8C010000 		.4byte	.LASF54
 952 0428 07       		.byte	0x7
 953 0429 8B       		.byte	0x8b
 954 042a A6030000 		.4byte	0x3a6
 955 042e 02       		.byte	0x2
 956 042f 23       		.byte	0x23
 957 0430 28       		.uleb128 0x28
 958 0431 06       		.uleb128 0x6
 959 0432 9C030000 		.4byte	.LASF55
 960 0436 07       		.byte	0x7
 961 0437 8C       		.byte	0x8c
ARM GAS  /var/folders/5n/p_75w94d66l9ssrldxqdhh700000gn/T//ccS7zyLL.s 			page 18


 962 0438 A6030000 		.4byte	0x3a6
 963 043c 02       		.byte	0x2
 964 043d 23       		.byte	0x23
 965 043e 2C       		.uleb128 0x2c
 966 043f 06       		.uleb128 0x6
 967 0440 48010000 		.4byte	.LASF56
 968 0444 07       		.byte	0x7
 969 0445 8D       		.byte	0x8d
 970 0446 A6030000 		.4byte	0x3a6
 971 044a 02       		.byte	0x2
 972 044b 23       		.byte	0x23
 973 044c 30       		.uleb128 0x30
 974 044d 06       		.uleb128 0x6
 975 044e 4D010000 		.4byte	.LASF57
 976 0452 07       		.byte	0x7
 977 0453 8E       		.byte	0x8e
 978 0454 A6030000 		.4byte	0x3a6
 979 0458 02       		.byte	0x2
 980 0459 23       		.byte	0x23
 981 045a 34       		.uleb128 0x34
 982 045b 06       		.uleb128 0x6
 983 045c B1000000 		.4byte	.LASF58
 984 0460 07       		.byte	0x7
 985 0461 8F       		.byte	0x8f
 986 0462 A6030000 		.4byte	0x3a6
 987 0466 02       		.byte	0x2
 988 0467 23       		.byte	0x23
 989 0468 38       		.uleb128 0x38
 990 0469 06       		.uleb128 0x6
 991 046a 61020000 		.4byte	.LASF59
 992 046e 07       		.byte	0x7
 993 046f 90       		.byte	0x90
 994 0470 A6030000 		.4byte	0x3a6
 995 0474 02       		.byte	0x2
 996 0475 23       		.byte	0x23
 997 0476 3C       		.uleb128 0x3c
 998 0477 07       		.uleb128 0x7
 999 0478 50465200 		.ascii	"PFR\000"
 1000 047c 07       		.byte	0x7
 1001 047d 91       		.byte	0x91
 1002 047e 00050000 		.4byte	0x500
 1003 0482 02       		.byte	0x2
 1004 0483 23       		.byte	0x23
 1005 0484 40       		.uleb128 0x40
 1006 0485 07       		.uleb128 0x7
 1007 0486 44465200 		.ascii	"DFR\000"
 1008 048a 07       		.byte	0x7
 1009 048b 92       		.byte	0x92
 1010 048c A6030000 		.4byte	0x3a6
 1011 0490 02       		.byte	0x2
 1012 0491 23       		.byte	0x23
 1013 0492 48       		.uleb128 0x48
 1014 0493 07       		.uleb128 0x7
 1015 0494 41445200 		.ascii	"ADR\000"
 1016 0498 07       		.byte	0x7
 1017 0499 93       		.byte	0x93
 1018 049a A6030000 		.4byte	0x3a6
ARM GAS  /var/folders/5n/p_75w94d66l9ssrldxqdhh700000gn/T//ccS7zyLL.s 			page 19


 1019 049e 02       		.byte	0x2
 1020 049f 23       		.byte	0x23
 1021 04a0 4C       		.uleb128 0x4c
 1022 04a1 06       		.uleb128 0x6
 1023 04a2 14030000 		.4byte	.LASF60
 1024 04a6 07       		.byte	0x7
 1025 04a7 94       		.byte	0x94
 1026 04a8 15050000 		.4byte	0x515
 1027 04ac 02       		.byte	0x2
 1028 04ad 23       		.byte	0x23
 1029 04ae 50       		.uleb128 0x50
 1030 04af 07       		.uleb128 0x7
 1031 04b0 53415200 		.ascii	"SAR\000"
 1032 04b4 07       		.byte	0x7
 1033 04b5 95       		.byte	0x95
 1034 04b6 2A050000 		.4byte	0x52a
 1035 04ba 02       		.byte	0x2
 1036 04bb 23       		.byte	0x23
 1037 04bc 60       		.uleb128 0x60
 1038 04bd 06       		.uleb128 0x6
 1039 04be 66020000 		.4byte	.LASF61
 1040 04c2 07       		.byte	0x7
 1041 04c3 96       		.byte	0x96
 1042 04c4 2F050000 		.4byte	0x52f
 1043 04c8 02       		.byte	0x2
 1044 04c9 23       		.byte	0x23
 1045 04ca 74       		.uleb128 0x74
 1046 04cb 06       		.uleb128 0x6
 1047 04cc 96030000 		.4byte	.LASF62
 1048 04d0 07       		.byte	0x7
 1049 04d1 97       		.byte	0x97
 1050 04d2 A6030000 		.4byte	0x3a6
 1051 04d6 03       		.byte	0x3
 1052 04d7 23       		.byte	0x23
 1053 04d8 8801     		.uleb128 0x88
 1054 04da 00       		.byte	0
 1055 04db 0E       		.uleb128 0xe
 1056 04dc 7B000000 		.4byte	0x7b
 1057 04e0 EB040000 		.4byte	0x4eb
 1058 04e4 0F       		.uleb128 0xf
 1059 04e5 30000000 		.4byte	0x30
 1060 04e9 02       		.byte	0x2
 1061 04ea 00       		.byte	0
 1062 04eb 0D       		.uleb128 0xd
 1063 04ec DB040000 		.4byte	0x4db
 1064 04f0 0E       		.uleb128 0xe
 1065 04f1 7B000000 		.4byte	0x7b
 1066 04f5 00050000 		.4byte	0x500
 1067 04f9 0F       		.uleb128 0xf
 1068 04fa 30000000 		.4byte	0x30
 1069 04fe 01       		.byte	0x1
 1070 04ff 00       		.byte	0
 1071 0500 0D       		.uleb128 0xd
 1072 0501 F0040000 		.4byte	0x4f0
 1073 0505 0E       		.uleb128 0xe
 1074 0506 7B000000 		.4byte	0x7b
 1075 050a 15050000 		.4byte	0x515
ARM GAS  /var/folders/5n/p_75w94d66l9ssrldxqdhh700000gn/T//ccS7zyLL.s 			page 20


 1076 050e 0F       		.uleb128 0xf
 1077 050f 30000000 		.4byte	0x30
 1078 0513 03       		.byte	0x3
 1079 0514 00       		.byte	0
 1080 0515 0D       		.uleb128 0xd
 1081 0516 05050000 		.4byte	0x505
 1082 051a 0E       		.uleb128 0xe
 1083 051b 7B000000 		.4byte	0x7b
 1084 051f 2A050000 		.4byte	0x52a
 1085 0523 0F       		.uleb128 0xf
 1086 0524 30000000 		.4byte	0x30
 1087 0528 04       		.byte	0x4
 1088 0529 00       		.byte	0
 1089 052a 0D       		.uleb128 0xd
 1090 052b 1A050000 		.4byte	0x51a
 1091 052f 0D       		.uleb128 0xd
 1092 0530 1A050000 		.4byte	0x51a
 1093 0534 04       		.uleb128 0x4
 1094 0535 0D000000 		.4byte	.LASF63
 1095 0539 07       		.byte	0x7
 1096 053a 98       		.byte	0x98
 1097 053b AB030000 		.4byte	0x3ab
 1098 053f 0D       		.uleb128 0xd
 1099 0540 DD000000 		.4byte	0xdd
 1100 0544 08       		.uleb128 0x8
 1101 0545 1C       		.byte	0x1c
 1102 0546 08       		.byte	0x8
 1103 0547 57       		.byte	0x57
 1104 0548 A1050000 		.4byte	0x5a1
 1105 054c 06       		.uleb128 0x6
 1106 054d 59020000 		.4byte	.LASF64
 1107 0551 08       		.byte	0x8
 1108 0552 58       		.byte	0x58
 1109 0553 43020000 		.4byte	0x243
 1110 0557 02       		.byte	0x2
 1111 0558 23       		.byte	0x23
 1112 0559 00       		.uleb128 0
 1113 055a 06       		.uleb128 0x6
 1114 055b 21020000 		.4byte	.LASF65
 1115 055f 08       		.byte	0x8
 1116 0560 59       		.byte	0x59
 1117 0561 BC000000 		.4byte	0xbc
 1118 0565 02       		.byte	0x2
 1119 0566 23       		.byte	0x23
 1120 0567 08       		.uleb128 0x8
 1121 0568 06       		.uleb128 0x6
 1122 0569 99010000 		.4byte	.LASF66
 1123 056d 08       		.byte	0x8
 1124 056e 5B       		.byte	0x5b
 1125 056f 83030000 		.4byte	0x383
 1126 0573 02       		.byte	0x2
 1127 0574 23       		.byte	0x23
 1128 0575 0C       		.uleb128 0xc
 1129 0576 06       		.uleb128 0x6
 1130 0577 B6000000 		.4byte	.LASF67
 1131 057b 08       		.byte	0x8
 1132 057c 5E       		.byte	0x5e
ARM GAS  /var/folders/5n/p_75w94d66l9ssrldxqdhh700000gn/T//ccS7zyLL.s 			page 21


 1133 057d 3D020000 		.4byte	0x23d
 1134 0581 02       		.byte	0x2
 1135 0582 23       		.byte	0x23
 1136 0583 10       		.uleb128 0x10
 1137 0584 06       		.uleb128 0x6
 1138 0585 B6010000 		.4byte	.LASF68
 1139 0589 08       		.byte	0x8
 1140 058a 5F       		.byte	0x5f
 1141 058b 3D020000 		.4byte	0x23d
 1142 058f 02       		.byte	0x2
 1143 0590 23       		.byte	0x23
 1144 0591 14       		.uleb128 0x14
 1145 0592 06       		.uleb128 0x6
 1146 0593 AC010000 		.4byte	.LASF69
 1147 0597 08       		.byte	0x8
 1148 0598 62       		.byte	0x62
 1149 0599 3D020000 		.4byte	0x23d
 1150 059d 02       		.byte	0x2
 1151 059e 23       		.byte	0x23
 1152 059f 18       		.uleb128 0x18
 1153 05a0 00       		.byte	0
 1154 05a1 04       		.uleb128 0x4
 1155 05a2 0A030000 		.4byte	.LASF70
 1156 05a6 08       		.byte	0x8
 1157 05a7 64       		.byte	0x64
 1158 05a8 44050000 		.4byte	0x544
 1159 05ac 05       		.uleb128 0x5
 1160 05ad 86010000 		.4byte	.LASF71
 1161 05b1 10       		.byte	0x10
 1162 05b2 09       		.byte	0x9
 1163 05b3 25       		.byte	0x25
 1164 05b4 E3050000 		.4byte	0x5e3
 1165 05b8 06       		.uleb128 0x6
 1166 05b9 72000000 		.4byte	.LASF72
 1167 05bd 09       		.byte	0x9
 1168 05be 26       		.byte	0x26
 1169 05bf 43020000 		.4byte	0x243
 1170 05c3 02       		.byte	0x2
 1171 05c4 23       		.byte	0x23
 1172 05c5 00       		.uleb128 0
 1173 05c6 06       		.uleb128 0x6
 1174 05c7 A1030000 		.4byte	.LASF73
 1175 05cb 09       		.byte	0x9
 1176 05cc 28       		.byte	0x28
 1177 05cd 3D020000 		.4byte	0x23d
 1178 05d1 02       		.byte	0x2
 1179 05d2 23       		.byte	0x23
 1180 05d3 08       		.uleb128 0x8
 1181 05d4 06       		.uleb128 0x6
 1182 05d5 9A020000 		.4byte	.LASF74
 1183 05d9 09       		.byte	0x9
 1184 05da 2A       		.byte	0x2a
 1185 05db E3050000 		.4byte	0x5e3
 1186 05df 02       		.byte	0x2
 1187 05e0 23       		.byte	0x23
 1188 05e1 0C       		.uleb128 0xc
 1189 05e2 00       		.byte	0
ARM GAS  /var/folders/5n/p_75w94d66l9ssrldxqdhh700000gn/T//ccS7zyLL.s 			page 22


 1190 05e3 09       		.uleb128 0x9
 1191 05e4 04       		.byte	0x4
 1192 05e5 AC050000 		.4byte	0x5ac
 1193 05e9 04       		.uleb128 0x4
 1194 05ea 86010000 		.4byte	.LASF71
 1195 05ee 09       		.byte	0x9
 1196 05ef 2C       		.byte	0x2c
 1197 05f0 AC050000 		.4byte	0x5ac
 1198 05f4 10       		.uleb128 0x10
 1199 05f5 04       		.byte	0x4
 1200 05f6 05       		.byte	0x5
 1201 05f7 8F       		.byte	0x8f
 1202 05f8 29060000 		.4byte	0x629
 1203 05fc 11       		.uleb128 0x11
 1204 05fd 06000000 		.4byte	.LASF75
 1205 0601 05       		.byte	0x5
 1206 0602 96       		.byte	0x96
 1207 0603 C7000000 		.4byte	0xc7
 1208 0607 11       		.uleb128 0x11
 1209 0608 3A000000 		.4byte	.LASF76
 1210 060c 05       		.byte	0x5
 1211 060d 9D       		.byte	0x9d
 1212 060e C7000000 		.4byte	0xc7
 1213 0612 11       		.uleb128 0x11
 1214 0613 32030000 		.4byte	.LASF77
 1215 0617 05       		.byte	0x5
 1216 0618 A4       		.byte	0xa4
 1217 0619 7B020000 		.4byte	0x27b
 1218 061d 11       		.uleb128 0x11
 1219 061e 28020000 		.4byte	.LASF78
 1220 0622 05       		.byte	0x5
 1221 0623 AB       		.byte	0xab
 1222 0624 D2000000 		.4byte	0xd2
 1223 0628 00       		.byte	0
 1224 0629 09       		.uleb128 0x9
 1225 062a 04       		.byte	0x4
 1226 062b 2F060000 		.4byte	0x62f
 1227 062f 12       		.uleb128 0x12
 1228 0630 34060000 		.4byte	0x634
 1229 0634 03       		.uleb128 0x3
 1230 0635 01       		.byte	0x1
 1231 0636 08       		.byte	0x8
 1232 0637 6E020000 		.4byte	.LASF79
 1233 063b 09       		.uleb128 0x9
 1234 063c 04       		.byte	0x4
 1235 063d E9050000 		.4byte	0x5e9
 1236 0641 13       		.uleb128 0x13
 1237 0642 01       		.byte	0x1
 1238 0643 06010000 		.4byte	.LASF81
 1239 0647 01       		.byte	0x1
 1240 0648 C8       		.byte	0xc8
 1241 0649 01       		.byte	0x1
 1242 064a 00000000 		.4byte	.LFB11
 1243 064e 06000000 		.4byte	.LFE11
 1244 0652 02       		.byte	0x2
 1245 0653 7D       		.byte	0x7d
 1246 0654 00       		.sleb128 0
ARM GAS  /var/folders/5n/p_75w94d66l9ssrldxqdhh700000gn/T//ccS7zyLL.s 			page 23


 1247 0655 14       		.uleb128 0x14
 1248 0656 01       		.byte	0x1
 1249 0657 B6020000 		.4byte	.LASF83
 1250 065b 01       		.byte	0x1
 1251 065c 3A       		.byte	0x3a
 1252 065d 01       		.byte	0x1
 1253 065e 00000000 		.4byte	.LFB8
 1254 0662 12000000 		.4byte	.LFE8
 1255 0666 02       		.byte	0x2
 1256 0667 7D       		.byte	0x7d
 1257 0668 00       		.sleb128 0
 1258 0669 96060000 		.4byte	0x696
 1259 066d 15       		.uleb128 0x15
 1260 066e C6010000 		.4byte	.LASF80
 1261 0672 01       		.byte	0x1
 1262 0673 3B       		.byte	0x3b
 1263 0674 96060000 		.4byte	0x696
 1264 0678 00000000 		.4byte	.LLST0
 1265 067c 16       		.uleb128 0x16
 1266 067d 0A000000 		.4byte	.LBB2
 1267 0681 10000000 		.4byte	.LBE2
 1268 0685 17       		.uleb128 0x17
 1269 0686 746D7000 		.ascii	"tmp\000"
 1270 068a 01       		.byte	0x1
 1271 068b 4A       		.byte	0x4a
 1272 068c 70000000 		.4byte	0x70
 1273 0690 20000000 		.4byte	.LLST1
 1274 0694 00       		.byte	0
 1275 0695 00       		.byte	0
 1276 0696 09       		.uleb128 0x9
 1277 0697 04       		.byte	0x4
 1278 0698 7D020000 		.4byte	0x27d
 1279 069c 18       		.uleb128 0x18
 1280 069d 01       		.byte	0x1
 1281 069e 27030000 		.4byte	.LASF82
 1282 06a2 01       		.byte	0x1
 1283 06a3 6F       		.byte	0x6f
 1284 06a4 01       		.byte	0x1
 1285 06a5 00000000 		.4byte	.LFB9
 1286 06a9 36000000 		.4byte	.LFE9
 1287 06ad 33000000 		.4byte	.LLST2
 1288 06b1 14       		.uleb128 0x14
 1289 06b2 01       		.byte	0x1
 1290 06b3 53010000 		.4byte	.LASF84
 1291 06b7 01       		.byte	0x1
 1292 06b8 8D       		.byte	0x8d
 1293 06b9 01       		.byte	0x1
 1294 06ba 00000000 		.4byte	.LFB10
 1295 06be 70000000 		.4byte	.LFE10
 1296 06c2 02       		.byte	0x2
 1297 06c3 7D       		.byte	0x7d
 1298 06c4 00       		.sleb128 0
 1299 06c5 19070000 		.4byte	0x719
 1300 06c9 19       		.uleb128 0x19
 1301 06ca 00000000 		.4byte	.LBB3
 1302 06ce 06000000 		.4byte	.LBE3
 1303 06d2 E6060000 		.4byte	0x6e6
ARM GAS  /var/folders/5n/p_75w94d66l9ssrldxqdhh700000gn/T//ccS7zyLL.s 			page 24


 1304 06d6 17       		.uleb128 0x17
 1305 06d7 746D7000 		.ascii	"tmp\000"
 1306 06db 01       		.byte	0x1
 1307 06dc 8F       		.byte	0x8f
 1308 06dd 70000000 		.4byte	0x70
 1309 06e1 53000000 		.4byte	.LLST3
 1310 06e5 00       		.byte	0
 1311 06e6 1A       		.uleb128 0x1a
 1312 06e7 00000000 		.4byte	.Ldebug_ranges0+0
 1313 06eb FF060000 		.4byte	0x6ff
 1314 06ef 15       		.uleb128 0x15
 1315 06f0 C6010000 		.4byte	.LASF80
 1316 06f4 01       		.byte	0x1
 1317 06f5 91       		.byte	0x91
 1318 06f6 96060000 		.4byte	0x696
 1319 06fa 66000000 		.4byte	.LLST4
 1320 06fe 00       		.byte	0
 1321 06ff 16       		.uleb128 0x16
 1322 0700 4A000000 		.4byte	.LBB5
 1323 0704 50000000 		.4byte	.LBE5
 1324 0708 17       		.uleb128 0x17
 1325 0709 746D7000 		.ascii	"tmp\000"
 1326 070d 01       		.byte	0x1
 1327 070e BE       		.byte	0xbe
 1328 070f 70000000 		.4byte	0x70
 1329 0713 88000000 		.4byte	.LLST5
 1330 0717 00       		.byte	0
 1331 0718 00       		.byte	0
 1332 0719 1B       		.uleb128 0x1b
 1333 071a 01       		.byte	0x1
 1334 071b 15000000 		.4byte	.LASF85
 1335 071f 01       		.byte	0x1
 1336 0720 28       		.byte	0x28
 1337 0721 01       		.byte	0x1
 1338 0722 00000000 		.4byte	.LFB7
 1339 0726 1A000000 		.4byte	.LFE7
 1340 072a 9B000000 		.4byte	.LLST6
 1341 072e 69070000 		.4byte	0x769
 1342 0732 19       		.uleb128 0x19
 1343 0733 02000000 		.4byte	.LBB7
 1344 0737 08000000 		.4byte	.LBE7
 1345 073b 4F070000 		.4byte	0x74f
 1346 073f 17       		.uleb128 0x17
 1347 0740 746D7000 		.ascii	"tmp\000"
 1348 0744 01       		.byte	0x1
 1349 0745 2C       		.byte	0x2c
 1350 0746 70000000 		.4byte	0x70
 1351 074a BB000000 		.4byte	.LLST7
 1352 074e 00       		.byte	0
 1353 074f 16       		.uleb128 0x16
 1354 0750 0C000000 		.4byte	.LBB8
 1355 0754 12000000 		.4byte	.LBE8
 1356 0758 17       		.uleb128 0x17
 1357 0759 746D7000 		.ascii	"tmp\000"
 1358 075d 01       		.byte	0x1
 1359 075e 2E       		.byte	0x2e
 1360 075f 70000000 		.4byte	0x70
ARM GAS  /var/folders/5n/p_75w94d66l9ssrldxqdhh700000gn/T//ccS7zyLL.s 			page 25


 1361 0763 CE000000 		.4byte	.LLST8
 1362 0767 00       		.byte	0
 1363 0768 00       		.byte	0
 1364 0769 14       		.uleb128 0x14
 1365 076a 01       		.byte	0x1
 1366 076b E2000000 		.4byte	.LASF86
 1367 076f 01       		.byte	0x1
 1368 0770 E5       		.byte	0xe5
 1369 0771 01       		.byte	0x1
 1370 0772 00000000 		.4byte	.LFB12
 1371 0776 10000000 		.4byte	.LFE12
 1372 077a 02       		.byte	0x2
 1373 077b 7D       		.byte	0x7d
 1374 077c 00       		.sleb128 0
 1375 077d 9C070000 		.4byte	0x79c
 1376 0781 1C       		.uleb128 0x1c
 1377 0782 6E747000 		.ascii	"ntp\000"
 1378 0786 01       		.byte	0x1
 1379 0787 E5       		.byte	0xe5
 1380 0788 3D020000 		.4byte	0x23d
 1381 078c 01       		.byte	0x1
 1382 078d 50       		.byte	0x50
 1383 078e 1C       		.uleb128 0x1c
 1384 078f 6F747000 		.ascii	"otp\000"
 1385 0793 01       		.byte	0x1
 1386 0794 E5       		.byte	0xe5
 1387 0795 3D020000 		.4byte	0x23d
 1388 0799 01       		.byte	0x1
 1389 079a 51       		.byte	0x51
 1390 079b 00       		.byte	0
 1391 079c 14       		.uleb128 0x14
 1392 079d 01       		.byte	0x1
 1393 079e 96000000 		.4byte	.LASF87
 1394 07a2 01       		.byte	0x1
 1395 07a3 FC       		.byte	0xfc
 1396 07a4 01       		.byte	0x1
 1397 07a5 00000000 		.4byte	.LFB13
 1398 07a9 10000000 		.4byte	.LFE13
 1399 07ad 02       		.byte	0x2
 1400 07ae 7D       		.byte	0x7d
 1401 07af 00       		.sleb128 0
 1402 07b0 CE070000 		.4byte	0x7ce
 1403 07b4 16       		.uleb128 0x16
 1404 07b5 00000000 		.4byte	.LBB9
 1405 07b9 06000000 		.4byte	.LBE9
 1406 07bd 17       		.uleb128 0x17
 1407 07be 746D7000 		.ascii	"tmp\000"
 1408 07c2 01       		.byte	0x1
 1409 07c3 FE       		.byte	0xfe
 1410 07c4 70000000 		.4byte	0x70
 1411 07c8 E1000000 		.4byte	.LLST9
 1412 07cc 00       		.byte	0
 1413 07cd 00       		.byte	0
 1414 07ce 1D       		.uleb128 0x1d
 1415 07cf 19030000 		.4byte	.LASF88
 1416 07d3 08       		.byte	0x8
 1417 07d4 68       		.byte	0x68
ARM GAS  /var/folders/5n/p_75w94d66l9ssrldxqdhh700000gn/T//ccS7zyLL.s 			page 26


 1418 07d5 A1050000 		.4byte	0x5a1
 1419 07d9 01       		.byte	0x1
 1420 07da 01       		.byte	0x1
 1421 07db 1D       		.uleb128 0x1d
 1422 07dc 19030000 		.4byte	.LASF88
 1423 07e0 08       		.byte	0x8
 1424 07e1 68       		.byte	0x68
 1425 07e2 A1050000 		.4byte	0x5a1
 1426 07e6 01       		.byte	0x1
 1427 07e7 01       		.byte	0x1
 1428 07e8 00       		.byte	0
 1429              		.section	.debug_abbrev,"",%progbits
 1430              	.Ldebug_abbrev0:
 1431 0000 01       		.uleb128 0x1
 1432 0001 11       		.uleb128 0x11
 1433 0002 01       		.byte	0x1
 1434 0003 25       		.uleb128 0x25
 1435 0004 0E       		.uleb128 0xe
 1436 0005 13       		.uleb128 0x13
 1437 0006 0B       		.uleb128 0xb
 1438 0007 03       		.uleb128 0x3
 1439 0008 0E       		.uleb128 0xe
 1440 0009 1B       		.uleb128 0x1b
 1441 000a 0E       		.uleb128 0xe
 1442 000b 11       		.uleb128 0x11
 1443 000c 01       		.uleb128 0x1
 1444 000d 52       		.uleb128 0x52
 1445 000e 01       		.uleb128 0x1
 1446 000f 55       		.uleb128 0x55
 1447 0010 06       		.uleb128 0x6
 1448 0011 10       		.uleb128 0x10
 1449 0012 06       		.uleb128 0x6
 1450 0013 00       		.byte	0
 1451 0014 00       		.byte	0
 1452 0015 02       		.uleb128 0x2
 1453 0016 24       		.uleb128 0x24
 1454 0017 00       		.byte	0
 1455 0018 0B       		.uleb128 0xb
 1456 0019 0B       		.uleb128 0xb
 1457 001a 3E       		.uleb128 0x3e
 1458 001b 0B       		.uleb128 0xb
 1459 001c 03       		.uleb128 0x3
 1460 001d 08       		.uleb128 0x8
 1461 001e 00       		.byte	0
 1462 001f 00       		.byte	0
 1463 0020 03       		.uleb128 0x3
 1464 0021 24       		.uleb128 0x24
 1465 0022 00       		.byte	0
 1466 0023 0B       		.uleb128 0xb
 1467 0024 0B       		.uleb128 0xb
 1468 0025 3E       		.uleb128 0x3e
 1469 0026 0B       		.uleb128 0xb
 1470 0027 03       		.uleb128 0x3
 1471 0028 0E       		.uleb128 0xe
 1472 0029 00       		.byte	0
 1473 002a 00       		.byte	0
 1474 002b 04       		.uleb128 0x4
ARM GAS  /var/folders/5n/p_75w94d66l9ssrldxqdhh700000gn/T//ccS7zyLL.s 			page 27


 1475 002c 16       		.uleb128 0x16
 1476 002d 00       		.byte	0
 1477 002e 03       		.uleb128 0x3
 1478 002f 0E       		.uleb128 0xe
 1479 0030 3A       		.uleb128 0x3a
 1480 0031 0B       		.uleb128 0xb
 1481 0032 3B       		.uleb128 0x3b
 1482 0033 0B       		.uleb128 0xb
 1483 0034 49       		.uleb128 0x49
 1484 0035 13       		.uleb128 0x13
 1485 0036 00       		.byte	0
 1486 0037 00       		.byte	0
 1487 0038 05       		.uleb128 0x5
 1488 0039 13       		.uleb128 0x13
 1489 003a 01       		.byte	0x1
 1490 003b 03       		.uleb128 0x3
 1491 003c 0E       		.uleb128 0xe
 1492 003d 0B       		.uleb128 0xb
 1493 003e 0B       		.uleb128 0xb
 1494 003f 3A       		.uleb128 0x3a
 1495 0040 0B       		.uleb128 0xb
 1496 0041 3B       		.uleb128 0x3b
 1497 0042 0B       		.uleb128 0xb
 1498 0043 01       		.uleb128 0x1
 1499 0044 13       		.uleb128 0x13
 1500 0045 00       		.byte	0
 1501 0046 00       		.byte	0
 1502 0047 06       		.uleb128 0x6
 1503 0048 0D       		.uleb128 0xd
 1504 0049 00       		.byte	0
 1505 004a 03       		.uleb128 0x3
 1506 004b 0E       		.uleb128 0xe
 1507 004c 3A       		.uleb128 0x3a
 1508 004d 0B       		.uleb128 0xb
 1509 004e 3B       		.uleb128 0x3b
 1510 004f 0B       		.uleb128 0xb
 1511 0050 49       		.uleb128 0x49
 1512 0051 13       		.uleb128 0x13
 1513 0052 38       		.uleb128 0x38
 1514 0053 0A       		.uleb128 0xa
 1515 0054 00       		.byte	0
 1516 0055 00       		.byte	0
 1517 0056 07       		.uleb128 0x7
 1518 0057 0D       		.uleb128 0xd
 1519 0058 00       		.byte	0
 1520 0059 03       		.uleb128 0x3
 1521 005a 08       		.uleb128 0x8
 1522 005b 3A       		.uleb128 0x3a
 1523 005c 0B       		.uleb128 0xb
 1524 005d 3B       		.uleb128 0x3b
 1525 005e 0B       		.uleb128 0xb
 1526 005f 49       		.uleb128 0x49
 1527 0060 13       		.uleb128 0x13
 1528 0061 38       		.uleb128 0x38
 1529 0062 0A       		.uleb128 0xa
 1530 0063 00       		.byte	0
 1531 0064 00       		.byte	0
ARM GAS  /var/folders/5n/p_75w94d66l9ssrldxqdhh700000gn/T//ccS7zyLL.s 			page 28


 1532 0065 08       		.uleb128 0x8
 1533 0066 13       		.uleb128 0x13
 1534 0067 01       		.byte	0x1
 1535 0068 0B       		.uleb128 0xb
 1536 0069 0B       		.uleb128 0xb
 1537 006a 3A       		.uleb128 0x3a
 1538 006b 0B       		.uleb128 0xb
 1539 006c 3B       		.uleb128 0x3b
 1540 006d 0B       		.uleb128 0xb
 1541 006e 01       		.uleb128 0x1
 1542 006f 13       		.uleb128 0x13
 1543 0070 00       		.byte	0
 1544 0071 00       		.byte	0
 1545 0072 09       		.uleb128 0x9
 1546 0073 0F       		.uleb128 0xf
 1547 0074 00       		.byte	0
 1548 0075 0B       		.uleb128 0xb
 1549 0076 0B       		.uleb128 0xb
 1550 0077 49       		.uleb128 0x49
 1551 0078 13       		.uleb128 0x13
 1552 0079 00       		.byte	0
 1553 007a 00       		.byte	0
 1554 007b 0A       		.uleb128 0xa
 1555 007c 0F       		.uleb128 0xf
 1556 007d 00       		.byte	0
 1557 007e 0B       		.uleb128 0xb
 1558 007f 0B       		.uleb128 0xb
 1559 0080 00       		.byte	0
 1560 0081 00       		.byte	0
 1561 0082 0B       		.uleb128 0xb
 1562 0083 13       		.uleb128 0x13
 1563 0084 01       		.byte	0x1
 1564 0085 03       		.uleb128 0x3
 1565 0086 0E       		.uleb128 0xe
 1566 0087 0B       		.uleb128 0xb
 1567 0088 0B       		.uleb128 0xb
 1568 0089 3A       		.uleb128 0x3a
 1569 008a 0B       		.uleb128 0xb
 1570 008b 3B       		.uleb128 0x3b
 1571 008c 05       		.uleb128 0x5
 1572 008d 01       		.uleb128 0x1
 1573 008e 13       		.uleb128 0x13
 1574 008f 00       		.byte	0
 1575 0090 00       		.byte	0
 1576 0091 0C       		.uleb128 0xc
 1577 0092 0D       		.uleb128 0xd
 1578 0093 00       		.byte	0
 1579 0094 03       		.uleb128 0x3
 1580 0095 08       		.uleb128 0x8
 1581 0096 3A       		.uleb128 0x3a
 1582 0097 0B       		.uleb128 0xb
 1583 0098 3B       		.uleb128 0x3b
 1584 0099 05       		.uleb128 0x5
 1585 009a 49       		.uleb128 0x49
 1586 009b 13       		.uleb128 0x13
 1587 009c 38       		.uleb128 0x38
 1588 009d 0A       		.uleb128 0xa
ARM GAS  /var/folders/5n/p_75w94d66l9ssrldxqdhh700000gn/T//ccS7zyLL.s 			page 29


 1589 009e 00       		.byte	0
 1590 009f 00       		.byte	0
 1591 00a0 0D       		.uleb128 0xd
 1592 00a1 35       		.uleb128 0x35
 1593 00a2 00       		.byte	0
 1594 00a3 49       		.uleb128 0x49
 1595 00a4 13       		.uleb128 0x13
 1596 00a5 00       		.byte	0
 1597 00a6 00       		.byte	0
 1598 00a7 0E       		.uleb128 0xe
 1599 00a8 01       		.uleb128 0x1
 1600 00a9 01       		.byte	0x1
 1601 00aa 49       		.uleb128 0x49
 1602 00ab 13       		.uleb128 0x13
 1603 00ac 01       		.uleb128 0x1
 1604 00ad 13       		.uleb128 0x13
 1605 00ae 00       		.byte	0
 1606 00af 00       		.byte	0
 1607 00b0 0F       		.uleb128 0xf
 1608 00b1 21       		.uleb128 0x21
 1609 00b2 00       		.byte	0
 1610 00b3 49       		.uleb128 0x49
 1611 00b4 13       		.uleb128 0x13
 1612 00b5 2F       		.uleb128 0x2f
 1613 00b6 0B       		.uleb128 0xb
 1614 00b7 00       		.byte	0
 1615 00b8 00       		.byte	0
 1616 00b9 10       		.uleb128 0x10
 1617 00ba 17       		.uleb128 0x17
 1618 00bb 01       		.byte	0x1
 1619 00bc 0B       		.uleb128 0xb
 1620 00bd 0B       		.uleb128 0xb
 1621 00be 3A       		.uleb128 0x3a
 1622 00bf 0B       		.uleb128 0xb
 1623 00c0 3B       		.uleb128 0x3b
 1624 00c1 0B       		.uleb128 0xb
 1625 00c2 01       		.uleb128 0x1
 1626 00c3 13       		.uleb128 0x13
 1627 00c4 00       		.byte	0
 1628 00c5 00       		.byte	0
 1629 00c6 11       		.uleb128 0x11
 1630 00c7 0D       		.uleb128 0xd
 1631 00c8 00       		.byte	0
 1632 00c9 03       		.uleb128 0x3
 1633 00ca 0E       		.uleb128 0xe
 1634 00cb 3A       		.uleb128 0x3a
 1635 00cc 0B       		.uleb128 0xb
 1636 00cd 3B       		.uleb128 0x3b
 1637 00ce 0B       		.uleb128 0xb
 1638 00cf 49       		.uleb128 0x49
 1639 00d0 13       		.uleb128 0x13
 1640 00d1 00       		.byte	0
 1641 00d2 00       		.byte	0
 1642 00d3 12       		.uleb128 0x12
 1643 00d4 26       		.uleb128 0x26
 1644 00d5 00       		.byte	0
 1645 00d6 49       		.uleb128 0x49
ARM GAS  /var/folders/5n/p_75w94d66l9ssrldxqdhh700000gn/T//ccS7zyLL.s 			page 30


 1646 00d7 13       		.uleb128 0x13
 1647 00d8 00       		.byte	0
 1648 00d9 00       		.byte	0
 1649 00da 13       		.uleb128 0x13
 1650 00db 2E       		.uleb128 0x2e
 1651 00dc 00       		.byte	0
 1652 00dd 3F       		.uleb128 0x3f
 1653 00de 0C       		.uleb128 0xc
 1654 00df 03       		.uleb128 0x3
 1655 00e0 0E       		.uleb128 0xe
 1656 00e1 3A       		.uleb128 0x3a
 1657 00e2 0B       		.uleb128 0xb
 1658 00e3 3B       		.uleb128 0x3b
 1659 00e4 0B       		.uleb128 0xb
 1660 00e5 27       		.uleb128 0x27
 1661 00e6 0C       		.uleb128 0xc
 1662 00e7 11       		.uleb128 0x11
 1663 00e8 01       		.uleb128 0x1
 1664 00e9 12       		.uleb128 0x12
 1665 00ea 01       		.uleb128 0x1
 1666 00eb 40       		.uleb128 0x40
 1667 00ec 0A       		.uleb128 0xa
 1668 00ed 00       		.byte	0
 1669 00ee 00       		.byte	0
 1670 00ef 14       		.uleb128 0x14
 1671 00f0 2E       		.uleb128 0x2e
 1672 00f1 01       		.byte	0x1
 1673 00f2 3F       		.uleb128 0x3f
 1674 00f3 0C       		.uleb128 0xc
 1675 00f4 03       		.uleb128 0x3
 1676 00f5 0E       		.uleb128 0xe
 1677 00f6 3A       		.uleb128 0x3a
 1678 00f7 0B       		.uleb128 0xb
 1679 00f8 3B       		.uleb128 0x3b
 1680 00f9 0B       		.uleb128 0xb
 1681 00fa 27       		.uleb128 0x27
 1682 00fb 0C       		.uleb128 0xc
 1683 00fc 11       		.uleb128 0x11
 1684 00fd 01       		.uleb128 0x1
 1685 00fe 12       		.uleb128 0x12
 1686 00ff 01       		.uleb128 0x1
 1687 0100 40       		.uleb128 0x40
 1688 0101 0A       		.uleb128 0xa
 1689 0102 01       		.uleb128 0x1
 1690 0103 13       		.uleb128 0x13
 1691 0104 00       		.byte	0
 1692 0105 00       		.byte	0
 1693 0106 15       		.uleb128 0x15
 1694 0107 34       		.uleb128 0x34
 1695 0108 00       		.byte	0
 1696 0109 03       		.uleb128 0x3
 1697 010a 0E       		.uleb128 0xe
 1698 010b 3A       		.uleb128 0x3a
 1699 010c 0B       		.uleb128 0xb
 1700 010d 3B       		.uleb128 0x3b
 1701 010e 0B       		.uleb128 0xb
 1702 010f 49       		.uleb128 0x49
ARM GAS  /var/folders/5n/p_75w94d66l9ssrldxqdhh700000gn/T//ccS7zyLL.s 			page 31


 1703 0110 13       		.uleb128 0x13
 1704 0111 02       		.uleb128 0x2
 1705 0112 06       		.uleb128 0x6
 1706 0113 00       		.byte	0
 1707 0114 00       		.byte	0
 1708 0115 16       		.uleb128 0x16
 1709 0116 0B       		.uleb128 0xb
 1710 0117 01       		.byte	0x1
 1711 0118 11       		.uleb128 0x11
 1712 0119 01       		.uleb128 0x1
 1713 011a 12       		.uleb128 0x12
 1714 011b 01       		.uleb128 0x1
 1715 011c 00       		.byte	0
 1716 011d 00       		.byte	0
 1717 011e 17       		.uleb128 0x17
 1718 011f 34       		.uleb128 0x34
 1719 0120 00       		.byte	0
 1720 0121 03       		.uleb128 0x3
 1721 0122 08       		.uleb128 0x8
 1722 0123 3A       		.uleb128 0x3a
 1723 0124 0B       		.uleb128 0xb
 1724 0125 3B       		.uleb128 0x3b
 1725 0126 0B       		.uleb128 0xb
 1726 0127 49       		.uleb128 0x49
 1727 0128 13       		.uleb128 0x13
 1728 0129 02       		.uleb128 0x2
 1729 012a 06       		.uleb128 0x6
 1730 012b 00       		.byte	0
 1731 012c 00       		.byte	0
 1732 012d 18       		.uleb128 0x18
 1733 012e 2E       		.uleb128 0x2e
 1734 012f 00       		.byte	0
 1735 0130 3F       		.uleb128 0x3f
 1736 0131 0C       		.uleb128 0xc
 1737 0132 03       		.uleb128 0x3
 1738 0133 0E       		.uleb128 0xe
 1739 0134 3A       		.uleb128 0x3a
 1740 0135 0B       		.uleb128 0xb
 1741 0136 3B       		.uleb128 0x3b
 1742 0137 0B       		.uleb128 0xb
 1743 0138 27       		.uleb128 0x27
 1744 0139 0C       		.uleb128 0xc
 1745 013a 11       		.uleb128 0x11
 1746 013b 01       		.uleb128 0x1
 1747 013c 12       		.uleb128 0x12
 1748 013d 01       		.uleb128 0x1
 1749 013e 40       		.uleb128 0x40
 1750 013f 06       		.uleb128 0x6
 1751 0140 00       		.byte	0
 1752 0141 00       		.byte	0
 1753 0142 19       		.uleb128 0x19
 1754 0143 0B       		.uleb128 0xb
 1755 0144 01       		.byte	0x1
 1756 0145 11       		.uleb128 0x11
 1757 0146 01       		.uleb128 0x1
 1758 0147 12       		.uleb128 0x12
 1759 0148 01       		.uleb128 0x1
ARM GAS  /var/folders/5n/p_75w94d66l9ssrldxqdhh700000gn/T//ccS7zyLL.s 			page 32


 1760 0149 01       		.uleb128 0x1
 1761 014a 13       		.uleb128 0x13
 1762 014b 00       		.byte	0
 1763 014c 00       		.byte	0
 1764 014d 1A       		.uleb128 0x1a
 1765 014e 0B       		.uleb128 0xb
 1766 014f 01       		.byte	0x1
 1767 0150 55       		.uleb128 0x55
 1768 0151 06       		.uleb128 0x6
 1769 0152 01       		.uleb128 0x1
 1770 0153 13       		.uleb128 0x13
 1771 0154 00       		.byte	0
 1772 0155 00       		.byte	0
 1773 0156 1B       		.uleb128 0x1b
 1774 0157 2E       		.uleb128 0x2e
 1775 0158 01       		.byte	0x1
 1776 0159 3F       		.uleb128 0x3f
 1777 015a 0C       		.uleb128 0xc
 1778 015b 03       		.uleb128 0x3
 1779 015c 0E       		.uleb128 0xe
 1780 015d 3A       		.uleb128 0x3a
 1781 015e 0B       		.uleb128 0xb
 1782 015f 3B       		.uleb128 0x3b
 1783 0160 0B       		.uleb128 0xb
 1784 0161 27       		.uleb128 0x27
 1785 0162 0C       		.uleb128 0xc
 1786 0163 11       		.uleb128 0x11
 1787 0164 01       		.uleb128 0x1
 1788 0165 12       		.uleb128 0x12
 1789 0166 01       		.uleb128 0x1
 1790 0167 40       		.uleb128 0x40
 1791 0168 06       		.uleb128 0x6
 1792 0169 01       		.uleb128 0x1
 1793 016a 13       		.uleb128 0x13
 1794 016b 00       		.byte	0
 1795 016c 00       		.byte	0
 1796 016d 1C       		.uleb128 0x1c
 1797 016e 05       		.uleb128 0x5
 1798 016f 00       		.byte	0
 1799 0170 03       		.uleb128 0x3
 1800 0171 08       		.uleb128 0x8
 1801 0172 3A       		.uleb128 0x3a
 1802 0173 0B       		.uleb128 0xb
 1803 0174 3B       		.uleb128 0x3b
 1804 0175 0B       		.uleb128 0xb
 1805 0176 49       		.uleb128 0x49
 1806 0177 13       		.uleb128 0x13
 1807 0178 02       		.uleb128 0x2
 1808 0179 0A       		.uleb128 0xa
 1809 017a 00       		.byte	0
 1810 017b 00       		.byte	0
 1811 017c 1D       		.uleb128 0x1d
 1812 017d 34       		.uleb128 0x34
 1813 017e 00       		.byte	0
 1814 017f 03       		.uleb128 0x3
 1815 0180 0E       		.uleb128 0xe
 1816 0181 3A       		.uleb128 0x3a
ARM GAS  /var/folders/5n/p_75w94d66l9ssrldxqdhh700000gn/T//ccS7zyLL.s 			page 33


 1817 0182 0B       		.uleb128 0xb
 1818 0183 3B       		.uleb128 0x3b
 1819 0184 0B       		.uleb128 0xb
 1820 0185 49       		.uleb128 0x49
 1821 0186 13       		.uleb128 0x13
 1822 0187 3F       		.uleb128 0x3f
 1823 0188 0C       		.uleb128 0xc
 1824 0189 3C       		.uleb128 0x3c
 1825 018a 0C       		.uleb128 0xc
 1826 018b 00       		.byte	0
 1827 018c 00       		.byte	0
 1828 018d 00       		.byte	0
 1829              		.section	.debug_loc,"",%progbits
 1830              	.Ldebug_loc0:
 1831              	.LLST0:
 1832 0000 04000000 		.4byte	.LVL0
 1833 0004 06000000 		.4byte	.LVL1
 1834 0008 0300     		.2byte	0x3
 1835 000a 73       		.byte	0x73
 1836 000b 20       		.sleb128 32
 1837 000c 9F       		.byte	0x9f
 1838 000d 06000000 		.4byte	.LVL1
 1839 0011 0C000000 		.4byte	.LVL2
 1840 0015 0100     		.2byte	0x1
 1841 0017 53       		.byte	0x53
 1842 0018 00000000 		.4byte	0
 1843 001c 00000000 		.4byte	0
 1844              	.LLST1:
 1845 0020 10000000 		.4byte	.LVL3
 1846 0024 12000000 		.4byte	.LFE8
 1847 0028 0100     		.2byte	0x1
 1848 002a 53       		.byte	0x53
 1849 002b 00000000 		.4byte	0
 1850 002f 00000000 		.4byte	0
 1851              	.LLST2:
 1852 0033 00000000 		.4byte	.LFB9
 1853 0037 02000000 		.4byte	.LCFI0
 1854 003b 0200     		.2byte	0x2
 1855 003d 7D       		.byte	0x7d
 1856 003e 00       		.sleb128 0
 1857 003f 02000000 		.4byte	.LCFI0
 1858 0043 36000000 		.4byte	.LFE9
 1859 0047 0200     		.2byte	0x2
 1860 0049 7D       		.byte	0x7d
 1861 004a 08       		.sleb128 8
 1862 004b 00000000 		.4byte	0
 1863 004f 00000000 		.4byte	0
 1864              	.LLST3:
 1865 0053 06000000 		.4byte	.LVL5
 1866 0057 0A000000 		.4byte	.LVL6
 1867 005b 0100     		.2byte	0x1
 1868 005d 53       		.byte	0x53
 1869 005e 00000000 		.4byte	0
 1870 0062 00000000 		.4byte	0
 1871              	.LLST4:
 1872 0066 1A000000 		.4byte	.LVL7
 1873 006a 4A000000 		.4byte	.LVL8
ARM GAS  /var/folders/5n/p_75w94d66l9ssrldxqdhh700000gn/T//ccS7zyLL.s 			page 34


 1874 006e 0300     		.2byte	0x3
 1875 0070 73       		.byte	0x73
 1876 0071 60       		.sleb128 -32
 1877 0072 9F       		.byte	0x9f
 1878 0073 50000000 		.4byte	.LVL10
 1879 0077 70000000 		.4byte	.LFE10
 1880 007b 0300     		.2byte	0x3
 1881 007d 73       		.byte	0x73
 1882 007e 60       		.sleb128 -32
 1883 007f 9F       		.byte	0x9f
 1884 0080 00000000 		.4byte	0
 1885 0084 00000000 		.4byte	0
 1886              	.LLST5:
 1887 0088 4E000000 		.4byte	.LVL9
 1888 008c 50000000 		.4byte	.LVL10
 1889 0090 0100     		.2byte	0x1
 1890 0092 53       		.byte	0x53
 1891 0093 00000000 		.4byte	0
 1892 0097 00000000 		.4byte	0
 1893              	.LLST6:
 1894 009b 00000000 		.4byte	.LFB7
 1895 009f 02000000 		.4byte	.LCFI1
 1896 00a3 0200     		.2byte	0x2
 1897 00a5 7D       		.byte	0x7d
 1898 00a6 00       		.sleb128 0
 1899 00a7 02000000 		.4byte	.LCFI1
 1900 00ab 1A000000 		.4byte	.LFE7
 1901 00af 0200     		.2byte	0x2
 1902 00b1 7D       		.byte	0x7d
 1903 00b2 08       		.sleb128 8
 1904 00b3 00000000 		.4byte	0
 1905 00b7 00000000 		.4byte	0
 1906              	.LLST7:
 1907 00bb 08000000 		.4byte	.LVL12
 1908 00bf 0B000000 		.4byte	.LVL13-1
 1909 00c3 0100     		.2byte	0x1
 1910 00c5 53       		.byte	0x53
 1911 00c6 00000000 		.4byte	0
 1912 00ca 00000000 		.4byte	0
 1913              	.LLST8:
 1914 00ce 12000000 		.4byte	.LVL15
 1915 00d2 19000000 		.4byte	.LVL16-1
 1916 00d6 0100     		.2byte	0x1
 1917 00d8 53       		.byte	0x53
 1918 00d9 00000000 		.4byte	0
 1919 00dd 00000000 		.4byte	0
 1920              	.LLST9:
 1921 00e1 06000000 		.4byte	.LVL19
 1922 00e5 10000000 		.4byte	.LFE13
 1923 00e9 0100     		.2byte	0x1
 1924 00eb 53       		.byte	0x53
 1925 00ec 00000000 		.4byte	0
 1926 00f0 00000000 		.4byte	0
 1927              		.section	.debug_aranges,"",%progbits
 1928 0000 4C000000 		.4byte	0x4c
 1929 0004 0200     		.2byte	0x2
 1930 0006 00000000 		.4byte	.Ldebug_info0
ARM GAS  /var/folders/5n/p_75w94d66l9ssrldxqdhh700000gn/T//ccS7zyLL.s 			page 35


 1931 000a 04       		.byte	0x4
 1932 000b 00       		.byte	0
 1933 000c 0000     		.2byte	0
 1934 000e 0000     		.2byte	0
 1935 0010 00000000 		.4byte	.LFB11
 1936 0014 06000000 		.4byte	.LFE11-.LFB11
 1937 0018 00000000 		.4byte	.LFB8
 1938 001c 12000000 		.4byte	.LFE8-.LFB8
 1939 0020 00000000 		.4byte	.LFB9
 1940 0024 36000000 		.4byte	.LFE9-.LFB9
 1941 0028 00000000 		.4byte	.LFB10
 1942 002c 70000000 		.4byte	.LFE10-.LFB10
 1943 0030 00000000 		.4byte	.LFB7
 1944 0034 1A000000 		.4byte	.LFE7-.LFB7
 1945 0038 00000000 		.4byte	.LFB12
 1946 003c 10000000 		.4byte	.LFE12-.LFB12
 1947 0040 00000000 		.4byte	.LFB13
 1948 0044 10000000 		.4byte	.LFE13-.LFB13
 1949 0048 00000000 		.4byte	0
 1950 004c 00000000 		.4byte	0
 1951              		.section	.debug_ranges,"",%progbits
 1952              	.Ldebug_ranges0:
 1953 0000 16000000 		.4byte	.LBB4
 1954 0004 4A000000 		.4byte	.LBE4
 1955 0008 50000000 		.4byte	.LBB6
 1956 000c 70000000 		.4byte	.LBE6
 1957 0010 00000000 		.4byte	0
 1958 0014 00000000 		.4byte	0
 1959 0018 00000000 		.4byte	.LFB11
 1960 001c 06000000 		.4byte	.LFE11
 1961 0020 00000000 		.4byte	.LFB8
 1962 0024 12000000 		.4byte	.LFE8
 1963 0028 00000000 		.4byte	.LFB9
 1964 002c 36000000 		.4byte	.LFE9
 1965 0030 00000000 		.4byte	.LFB10
 1966 0034 70000000 		.4byte	.LFE10
 1967 0038 00000000 		.4byte	.LFB7
 1968 003c 1A000000 		.4byte	.LFE7
 1969 0040 00000000 		.4byte	.LFB12
 1970 0044 10000000 		.4byte	.LFE12
 1971 0048 00000000 		.4byte	.LFB13
 1972 004c 10000000 		.4byte	.LFE13
 1973 0050 00000000 		.4byte	0
 1974 0054 00000000 		.4byte	0
 1975              		.section	.debug_line,"",%progbits
 1976              	.Ldebug_line0:
 1977 0000 DE010000 		.section	.debug_str,"MS",%progbits,1
 1977      02002801 
 1977      00000201 
 1977      FB0E0D00 
 1977      01010101 
 1978              	.LASF35:
 1979 0000 705F6D73 		.ascii	"p_msg\000"
 1979      6700
 1980              	.LASF75:
 1981 0006 7264796D 		.ascii	"rdymsg\000"
 1981      736700
ARM GAS  /var/folders/5n/p_75w94d66l9ssrldxqdhh700000gn/T//ccS7zyLL.s 			page 36


 1982              	.LASF63:
 1983 000d 434D785F 		.ascii	"CMx_SCB\000"
 1983      53434200 
 1984              	.LASF85:
 1985 0015 53797354 		.ascii	"SysTickVector\000"
 1985      69636B56 
 1985      6563746F 
 1985      7200
 1986              	.LASF11:
 1987 0023 6C6F6E67 		.ascii	"long long unsigned int\000"
 1987      206C6F6E 
 1987      6720756E 
 1987      7369676E 
 1987      65642069 
 1988              	.LASF76:
 1989 003a 65786974 		.ascii	"exitcode\000"
 1989      636F6465 
 1989      00
 1990              	.LASF48:
 1991 0043 43505549 		.ascii	"CPUID\000"
 1991      4400
 1992              	.LASF23:
 1993 0049 705F7072 		.ascii	"p_prio\000"
 1993      696F00
 1994              	.LASF10:
 1995 0050 6C6F6E67 		.ascii	"long long int\000"
 1995      206C6F6E 
 1995      6720696E 
 1995      7400
 1996              	.LASF1:
 1997 005e 7369676E 		.ascii	"signed char\000"
 1997      65642063 
 1997      68617200 
 1998              	.LASF39:
 1999 006a 705F6D70 		.ascii	"p_mpool\000"
 1999      6F6F6C00 
 2000              	.LASF72:
 2001 0072 6D5F7175 		.ascii	"m_queue\000"
 2001      65756500 
 2002              	.LASF15:
 2003 007a 74736C69 		.ascii	"tslices_t\000"
 2003      6365735F 
 2003      7400
 2004              	.LASF7:
 2005 0084 6C6F6E67 		.ascii	"long int\000"
 2005      20696E74 
 2005      00
 2006              	.LASF13:
 2007 008d 74737461 		.ascii	"tstate_t\000"
 2007      74655F74 
 2007      00
 2008              	.LASF87:
 2009 0096 5F706F72 		.ascii	"_port_thread_start\000"
 2009      745F7468 
 2009      72656164 
 2009      5F737461 
 2009      727400
ARM GAS  /var/folders/5n/p_75w94d66l9ssrldxqdhh700000gn/T//ccS7zyLL.s 			page 37


 2010              	.LASF25:
 2011 00a9 705F6E65 		.ascii	"p_newer\000"
 2011      77657200 
 2012              	.LASF58:
 2013 00b1 42464152 		.ascii	"BFAR\000"
 2013      00
 2014              	.LASF67:
 2015 00b6 725F6E65 		.ascii	"r_newer\000"
 2015      77657200 
 2016              	.LASF42:
 2017 00be 72656761 		.ascii	"regarm_t\000"
 2017      726D5F74 
 2017      00
 2018              	.LASF0:
 2019 00c7 756E7369 		.ascii	"unsigned int\000"
 2019      676E6564 
 2019      20696E74 
 2019      00
 2020              	.LASF44:
 2021 00d4 6C725F74 		.ascii	"lr_thd\000"
 2021      686400
 2022              	.LASF43:
 2023 00db 65787463 		.ascii	"extctx\000"
 2023      747800
 2024              	.LASF86:
 2025 00e2 5F706F72 		.ascii	"_port_switch\000"
 2025      745F7377 
 2025      69746368 
 2025      00
 2026              	.LASF9:
 2027 00ef 6C6F6E67 		.ascii	"long unsigned int\000"
 2027      20756E73 
 2027      69676E65 
 2027      6420696E 
 2027      7400
 2028              	.LASF50:
 2029 0101 56544F52 		.ascii	"VTOR\000"
 2029      00
 2030              	.LASF81:
 2031 0106 5F706F72 		.ascii	"_port_switch_from_isr\000"
 2031      745F7377 
 2031      69746368 
 2031      5F66726F 
 2031      6D5F6973 
 2032              	.LASF47:
 2033 011c 636F6E74 		.ascii	"context\000"
 2033      65787400 
 2034              	.LASF4:
 2035 0124 73686F72 		.ascii	"short unsigned int\000"
 2035      7420756E 
 2035      7369676E 
 2035      65642069 
 2035      6E7400
 2036              	.LASF49:
 2037 0137 49435352 		.ascii	"ICSR\000"
 2037      00
 2038              	.LASF17:
ARM GAS  /var/folders/5n/p_75w94d66l9ssrldxqdhh700000gn/T//ccS7zyLL.s 			page 38


 2039 013c 6D73675F 		.ascii	"msg_t\000"
 2039      7400
 2040              	.LASF51:
 2041 0142 41495243 		.ascii	"AIRCR\000"
 2041      5200
 2042              	.LASF56:
 2043 0148 44465352 		.ascii	"DFSR\000"
 2043      00
 2044              	.LASF57:
 2045 014d 4D4D4641 		.ascii	"MMFAR\000"
 2045      5200
 2046              	.LASF84:
 2047 0153 5F706F72 		.ascii	"_port_irq_epilogue\000"
 2047      745F6972 
 2047      715F6570 
 2047      696C6F67 
 2047      756500
 2048              	.LASF12:
 2049 0166 746D6F64 		.ascii	"tmode_t\000"
 2049      655F7400 
 2050              	.LASF41:
 2051 016e 54687265 		.ascii	"ThreadsList\000"
 2051      6164734C 
 2051      69737400 
 2052              	.LASF18:
 2053 017a 6576656E 		.ascii	"eventmask_t\000"
 2053      746D6173 
 2053      6B5F7400 
 2054              	.LASF71:
 2055 0186 4D757465 		.ascii	"Mutex\000"
 2055      7800
 2056              	.LASF54:
 2057 018c 43465352 		.ascii	"CFSR\000"
 2057      00
 2058              	.LASF26:
 2059 0191 705F6F6C 		.ascii	"p_older\000"
 2059      64657200 
 2060              	.LASF66:
 2061 0199 725F6374 		.ascii	"r_ctx\000"
 2061      7800
 2062              	.LASF40:
 2063 019f 54687265 		.ascii	"ThreadsQueue\000"
 2063      61647351 
 2063      75657565 
 2063      00
 2064              	.LASF69:
 2065 01ac 725F6375 		.ascii	"r_current\000"
 2065      7272656E 
 2065      7400
 2066              	.LASF68:
 2067 01b6 725F6F6C 		.ascii	"r_older\000"
 2067      64657200 
 2068              	.LASF14:
 2069 01be 74726566 		.ascii	"trefs_t\000"
 2069      735F7400 
 2070              	.LASF80:
 2071 01c6 63747870 		.ascii	"ctxp\000"
ARM GAS  /var/folders/5n/p_75w94d66l9ssrldxqdhh700000gn/T//ccS7zyLL.s 			page 39


 2071      00
 2072              	.LASF22:
 2073 01cb 705F7072 		.ascii	"p_prev\000"
 2073      657600
 2074              	.LASF16:
 2075 01d2 74707269 		.ascii	"tprio_t\000"
 2075      6F5F7400 
 2076              	.LASF6:
 2077 01da 696E7433 		.ascii	"int32_t\000"
 2077      325F7400 
 2078              	.LASF2:
 2079 01e2 756E7369 		.ascii	"unsigned char\000"
 2079      676E6564 
 2079      20636861 
 2079      7200
 2080              	.LASF53:
 2081 01f0 53484353 		.ascii	"SHCSR\000"
 2081      5200
 2082              	.LASF37:
 2083 01f6 705F6D74 		.ascii	"p_mtxlist\000"
 2083      786C6973 
 2083      7400
 2084              	.LASF3:
 2085 0200 73686F72 		.ascii	"short int\000"
 2085      7420696E 
 2085      7400
 2086              	.LASF28:
 2087 020a 705F7374 		.ascii	"p_state\000"
 2087      61746500 
 2088              	.LASF31:
 2089 0212 705F7072 		.ascii	"p_preempt\000"
 2089      65656D70 
 2089      7400
 2090              	.LASF45:
 2091 021c 78707372 		.ascii	"xpsr\000"
 2091      00
 2092              	.LASF65:
 2093 0221 725F7072 		.ascii	"r_prio\000"
 2093      696F00
 2094              	.LASF78:
 2095 0228 65776D61 		.ascii	"ewmask\000"
 2095      736B00
 2096              	.LASF21:
 2097 022f 705F6E65 		.ascii	"p_next\000"
 2097      787400
 2098              	.LASF29:
 2099 0236 705F666C 		.ascii	"p_flags\000"
 2099      61677300 
 2100              	.LASF20:
 2101 023e 54687265 		.ascii	"Thread\000"
 2101      616400
 2102              	.LASF36:
 2103 0245 705F6570 		.ascii	"p_epending\000"
 2103      656E6469 
 2103      6E6700
 2104              	.LASF8:
 2105 0250 75696E74 		.ascii	"uint32_t\000"
ARM GAS  /var/folders/5n/p_75w94d66l9ssrldxqdhh700000gn/T//ccS7zyLL.s 			page 40


 2105      33325F74 
 2105      00
 2106              	.LASF64:
 2107 0259 725F7175 		.ascii	"r_queue\000"
 2107      65756500 
 2108              	.LASF59:
 2109 0261 41465352 		.ascii	"AFSR\000"
 2109      00
 2110              	.LASF61:
 2111 0266 756E7573 		.ascii	"unused1\000"
 2111      65643100 
 2112              	.LASF79:
 2113 026e 63686172 		.ascii	"char\000"
 2113      00
 2114              	.LASF90:
 2115 0273 2E2E2F2E 		.ascii	"../../os/ports/GCC/ARMCMx/chcore_v7m.c\000"
 2115      2E2F6F73 
 2115      2F706F72 
 2115      74732F47 
 2115      43432F41 
 2116              	.LASF74:
 2117 029a 6D5F6E65 		.ascii	"m_next\000"
 2117      787400
 2118              	.LASF19:
 2119 02a1 73797374 		.ascii	"systime_t\000"
 2119      696D655F 
 2119      7400
 2120              	.LASF38:
 2121 02ab 705F7265 		.ascii	"p_realprio\000"
 2121      616C7072 
 2121      696F00
 2122              	.LASF83:
 2123 02b6 53564361 		.ascii	"SVCallVector\000"
 2123      6C6C5665 
 2123      63746F72 
 2123      00
 2124              	.LASF32:
 2125 02c3 705F7469 		.ascii	"p_time\000"
 2125      6D6500
 2126              	.LASF52:
 2127 02ca 53485052 		.ascii	"SHPR\000"
 2127      00
 2128              	.LASF89:
 2129 02cf 474E5520 		.ascii	"GNU C 4.6.2 20111004 (prerelease)\000"
 2129      4320342E 
 2129      362E3220 
 2129      32303131 
 2129      31303034 
 2130              	.LASF46:
 2131 02f1 696E7463 		.ascii	"intctx\000"
 2131      747800
 2132              	.LASF34:
 2133 02f8 705F6D73 		.ascii	"p_msgqueue\000"
 2133      67717565 
 2133      756500
 2134              	.LASF30:
 2135 0303 705F7265 		.ascii	"p_refs\000"
ARM GAS  /var/folders/5n/p_75w94d66l9ssrldxqdhh700000gn/T//ccS7zyLL.s 			page 41


 2135      667300
 2136              	.LASF70:
 2137 030a 52656164 		.ascii	"ReadyList\000"
 2137      794C6973 
 2137      7400
 2138              	.LASF60:
 2139 0314 4D4D4652 		.ascii	"MMFR\000"
 2139      00
 2140              	.LASF88:
 2141 0319 726C6973 		.ascii	"rlist\000"
 2141      7400
 2142              	.LASF5:
 2143 031f 75696E74 		.ascii	"uint8_t\000"
 2143      385F7400 
 2144              	.LASF82:
 2145 0327 5F706F72 		.ascii	"_port_init\000"
 2145      745F696E 
 2145      697400
 2146              	.LASF77:
 2147 0332 77746F62 		.ascii	"wtobjp\000"
 2147      6A7000
 2148              	.LASF27:
 2149 0339 705F6E61 		.ascii	"p_name\000"
 2149      6D6500
 2150              	.LASF91:
 2151 0340 2F557365 		.ascii	"/Users/sin/Documents/Eclipse/Workspace/mabl-ChibiOS"
 2151      72732F73 
 2151      696E2F44 
 2151      6F63756D 
 2151      656E7473 
 2152 0373 2D322E35 		.ascii	"-2.5.1/demos/ARMCM4-STM32F407-LWIP\000"
 2152      2E312F64 
 2152      656D6F73 
 2152      2F41524D 
 2152      434D342D 
 2153              	.LASF62:
 2154 0396 43504143 		.ascii	"CPACR\000"
 2154      5200
 2155              	.LASF55:
 2156 039c 48465352 		.ascii	"HFSR\000"
 2156      00
 2157              	.LASF73:
 2158 03a1 6D5F6F77 		.ascii	"m_owner\000"
 2158      6E657200 
 2159              	.LASF24:
 2160 03a9 705F6374 		.ascii	"p_ctx\000"
 2160      7800
 2161              	.LASF33:
 2162 03af 705F7761 		.ascii	"p_waiting\000"
 2162      6974696E 
 2162      6700
 2163              		.ident	"GCC: (Linaro GCC 4.6-2011.10) 4.6.2 20111004 (prerelease)"
ARM GAS  /var/folders/5n/p_75w94d66l9ssrldxqdhh700000gn/T//ccS7zyLL.s 			page 42


DEFINED SYMBOLS
                            *ABS*:0000000000000000 chcore_v7m.c
/var/folders/5n/p_75w94d66l9ssrldxqdhh700000gn/T//ccS7zyLL.s:18     .text._port_switch_from_isr:0000000000000000 $t
/var/folders/5n/p_75w94d66l9ssrldxqdhh700000gn/T//ccS7zyLL.s:24     .text._port_switch_from_isr:0000000000000000 _port_switch_from_isr
/var/folders/5n/p_75w94d66l9ssrldxqdhh700000gn/T//ccS7zyLL.s:36     .text._port_switch_from_isr:0000000000000004 _port_exit_from_isr
/var/folders/5n/p_75w94d66l9ssrldxqdhh700000gn/T//ccS7zyLL.s:48     .text.SVCallVector:0000000000000000 $t
/var/folders/5n/p_75w94d66l9ssrldxqdhh700000gn/T//ccS7zyLL.s:54     .text.SVCallVector:0000000000000000 SVCallVector
/var/folders/5n/p_75w94d66l9ssrldxqdhh700000gn/T//ccS7zyLL.s:91     .text._port_init:0000000000000000 $t
/var/folders/5n/p_75w94d66l9ssrldxqdhh700000gn/T//ccS7zyLL.s:97     .text._port_init:0000000000000000 _port_init
/var/folders/5n/p_75w94d66l9ssrldxqdhh700000gn/T//ccS7zyLL.s:139    .text._port_irq_epilogue:0000000000000000 $t
/var/folders/5n/p_75w94d66l9ssrldxqdhh700000gn/T//ccS7zyLL.s:145    .text._port_irq_epilogue:0000000000000000 _port_irq_epilogue
/var/folders/5n/p_75w94d66l9ssrldxqdhh700000gn/T//ccS7zyLL.s:238    .text._port_irq_epilogue:0000000000000064 $d
/var/folders/5n/p_75w94d66l9ssrldxqdhh700000gn/T//ccS7zyLL.s:246    .text.SysTickVector:0000000000000000 $t
/var/folders/5n/p_75w94d66l9ssrldxqdhh700000gn/T//ccS7zyLL.s:252    .text.SysTickVector:0000000000000000 SysTickVector
/var/folders/5n/p_75w94d66l9ssrldxqdhh700000gn/T//ccS7zyLL.s:295    .text._port_switch:0000000000000000 $t
/var/folders/5n/p_75w94d66l9ssrldxqdhh700000gn/T//ccS7zyLL.s:301    .text._port_switch:0000000000000000 _port_switch
/var/folders/5n/p_75w94d66l9ssrldxqdhh700000gn/T//ccS7zyLL.s:328    .text._port_thread_start:0000000000000000 $t
/var/folders/5n/p_75w94d66l9ssrldxqdhh700000gn/T//ccS7zyLL.s:334    .text._port_thread_start:0000000000000000 _port_thread_start
                     .debug_frame:0000000000000010 $d

UNDEFINED SYMBOLS
chSchDoReschedule
nvicSetSystemHandlerPriority
rlist
chSysTimerHandlerI
chThdExit
