ARM GAS  /var/folders/5n/p_75w94d66l9ssrldxqdhh700000gn/T//cc4DlE6o.s 			page 1


   1              		.syntax unified
   2              		.cpu cortex-m4
   3              		.fpu softvfp
   4              		.eabi_attribute 20, 1
   5              		.eabi_attribute 21, 1
   6              		.eabi_attribute 23, 3
   7              		.eabi_attribute 24, 1
   8              		.eabi_attribute 25, 1
   9              		.eabi_attribute 26, 1
  10              		.eabi_attribute 30, 2
  11              		.eabi_attribute 18, 4
  12              		.thumb
  13              		.file	"chcore.c"
  14              		.text
  15              	.Ltext0:
  16              		.cfi_sections	.debug_frame
  17              		.section	.text.port_halt,"ax",%progbits
  18              		.align	2
  19              		.p2align 4,,15
  20              		.weak	port_halt
  21              		.thumb
  22              		.thumb_func
  23              		.type	port_halt, %function
  24              	port_halt:
  25              	.LFB7:
  26              		.file 1 "../../os/ports/GCC/ARMCMx/chcore.c"
  27              		.loc 1 39 0
  28              		.cfi_startproc
  29              		@ args = 0, pretend = 0, frame = 0
  30              		@ frame_needed = 0, uses_anonymous_args = 0
  31              		@ link register save eliminated.
  32              		.loc 1 41 0
  33              	@ 41 "../../os/ports/GCC/ARMCMx/chcore.c" 1
  34 0000 72B6     		cpsid   i
  35              	@ 0 "" 2
  36              		.thumb
  37              	.L2:
  38 0002 FEE7     		b	.L2
  39              		.cfi_endproc
  40              	.LFE7:
  41              		.size	port_halt, .-port_halt
  42 0004 AFF30080 		.text
  42      AFF30080 
  42      AFF30080 
  43              	.Letext0:
  44              		.section	.debug_info,"",%progbits
  45              	.Ldebug_info0:
  46 0000 87000000 		.4byte	0x87
  47 0004 0200     		.2byte	0x2
  48 0006 00000000 		.4byte	.Ldebug_abbrev0
  49 000a 04       		.byte	0x4
  50 000b 01       		.uleb128 0x1
  51 000c D6000000 		.4byte	.LASF10
  52 0010 01       		.byte	0x1
  53 0011 F8000000 		.4byte	.LASF11
  54 0015 00000000 		.4byte	.LASF12
  55 0019 00000000 		.4byte	0
ARM GAS  /var/folders/5n/p_75w94d66l9ssrldxqdhh700000gn/T//cc4DlE6o.s 			page 2


  56 001d 00000000 		.4byte	0
  57 0021 00000000 		.4byte	.Ldebug_ranges0+0
  58 0025 00000000 		.4byte	.Ldebug_line0
  59 0029 02       		.uleb128 0x2
  60 002a 04       		.byte	0x4
  61 002b 05       		.byte	0x5
  62 002c 696E7400 		.ascii	"int\000"
  63 0030 03       		.uleb128 0x3
  64 0031 04       		.byte	0x4
  65 0032 07       		.byte	0x7
  66 0033 56000000 		.4byte	.LASF0
  67 0037 03       		.uleb128 0x3
  68 0038 01       		.byte	0x1
  69 0039 06       		.byte	0x6
  70 003a 83000000 		.4byte	.LASF1
  71 003e 03       		.uleb128 0x3
  72 003f 01       		.byte	0x1
  73 0040 08       		.byte	0x8
  74 0041 75000000 		.4byte	.LASF2
  75 0045 03       		.uleb128 0x3
  76 0046 02       		.byte	0x2
  77 0047 05       		.byte	0x5
  78 0048 99000000 		.4byte	.LASF3
  79 004c 03       		.uleb128 0x3
  80 004d 02       		.byte	0x2
  81 004e 07       		.byte	0x7
  82 004f BA000000 		.4byte	.LASF4
  83 0053 03       		.uleb128 0x3
  84 0054 04       		.byte	0x4
  85 0055 05       		.byte	0x5
  86 0056 CD000000 		.4byte	.LASF5
  87 005a 03       		.uleb128 0x3
  88 005b 04       		.byte	0x4
  89 005c 07       		.byte	0x7
  90 005d 63000000 		.4byte	.LASF6
  91 0061 03       		.uleb128 0x3
  92 0062 08       		.byte	0x8
  93 0063 05       		.byte	0x5
  94 0064 20010000 		.4byte	.LASF7
  95 0068 03       		.uleb128 0x3
  96 0069 08       		.byte	0x8
  97 006a 07       		.byte	0x7
  98 006b A3000000 		.4byte	.LASF8
  99 006f 03       		.uleb128 0x3
 100 0070 01       		.byte	0x1
 101 0071 08       		.byte	0x8
 102 0072 1B010000 		.4byte	.LASF9
 103 0076 04       		.uleb128 0x4
 104 0077 01       		.byte	0x1
 105 0078 8F000000 		.4byte	.LASF13
 106 007c 01       		.byte	0x1
 107 007d 27       		.byte	0x27
 108 007e 01       		.byte	0x1
 109 007f 00000000 		.4byte	.LFB7
 110 0083 04000000 		.4byte	.LFE7
 111 0087 02       		.byte	0x2
 112 0088 7D       		.byte	0x7d
ARM GAS  /var/folders/5n/p_75w94d66l9ssrldxqdhh700000gn/T//cc4DlE6o.s 			page 3


 113 0089 00       		.sleb128 0
 114 008a 00       		.byte	0
 115              		.section	.debug_abbrev,"",%progbits
 116              	.Ldebug_abbrev0:
 117 0000 01       		.uleb128 0x1
 118 0001 11       		.uleb128 0x11
 119 0002 01       		.byte	0x1
 120 0003 25       		.uleb128 0x25
 121 0004 0E       		.uleb128 0xe
 122 0005 13       		.uleb128 0x13
 123 0006 0B       		.uleb128 0xb
 124 0007 03       		.uleb128 0x3
 125 0008 0E       		.uleb128 0xe
 126 0009 1B       		.uleb128 0x1b
 127 000a 0E       		.uleb128 0xe
 128 000b 11       		.uleb128 0x11
 129 000c 01       		.uleb128 0x1
 130 000d 52       		.uleb128 0x52
 131 000e 01       		.uleb128 0x1
 132 000f 55       		.uleb128 0x55
 133 0010 06       		.uleb128 0x6
 134 0011 10       		.uleb128 0x10
 135 0012 06       		.uleb128 0x6
 136 0013 00       		.byte	0
 137 0014 00       		.byte	0
 138 0015 02       		.uleb128 0x2
 139 0016 24       		.uleb128 0x24
 140 0017 00       		.byte	0
 141 0018 0B       		.uleb128 0xb
 142 0019 0B       		.uleb128 0xb
 143 001a 3E       		.uleb128 0x3e
 144 001b 0B       		.uleb128 0xb
 145 001c 03       		.uleb128 0x3
 146 001d 08       		.uleb128 0x8
 147 001e 00       		.byte	0
 148 001f 00       		.byte	0
 149 0020 03       		.uleb128 0x3
 150 0021 24       		.uleb128 0x24
 151 0022 00       		.byte	0
 152 0023 0B       		.uleb128 0xb
 153 0024 0B       		.uleb128 0xb
 154 0025 3E       		.uleb128 0x3e
 155 0026 0B       		.uleb128 0xb
 156 0027 03       		.uleb128 0x3
 157 0028 0E       		.uleb128 0xe
 158 0029 00       		.byte	0
 159 002a 00       		.byte	0
 160 002b 04       		.uleb128 0x4
 161 002c 2E       		.uleb128 0x2e
 162 002d 00       		.byte	0
 163 002e 3F       		.uleb128 0x3f
 164 002f 0C       		.uleb128 0xc
 165 0030 03       		.uleb128 0x3
 166 0031 0E       		.uleb128 0xe
 167 0032 3A       		.uleb128 0x3a
 168 0033 0B       		.uleb128 0xb
 169 0034 3B       		.uleb128 0x3b
ARM GAS  /var/folders/5n/p_75w94d66l9ssrldxqdhh700000gn/T//cc4DlE6o.s 			page 4


 170 0035 0B       		.uleb128 0xb
 171 0036 27       		.uleb128 0x27
 172 0037 0C       		.uleb128 0xc
 173 0038 11       		.uleb128 0x11
 174 0039 01       		.uleb128 0x1
 175 003a 12       		.uleb128 0x12
 176 003b 01       		.uleb128 0x1
 177 003c 40       		.uleb128 0x40
 178 003d 0A       		.uleb128 0xa
 179 003e 00       		.byte	0
 180 003f 00       		.byte	0
 181 0040 00       		.byte	0
 182              		.section	.debug_aranges,"",%progbits
 183 0000 1C000000 		.4byte	0x1c
 184 0004 0200     		.2byte	0x2
 185 0006 00000000 		.4byte	.Ldebug_info0
 186 000a 04       		.byte	0x4
 187 000b 00       		.byte	0
 188 000c 0000     		.2byte	0
 189 000e 0000     		.2byte	0
 190 0010 00000000 		.4byte	.LFB7
 191 0014 04000000 		.4byte	.LFE7-.LFB7
 192 0018 00000000 		.4byte	0
 193 001c 00000000 		.4byte	0
 194              		.section	.debug_ranges,"",%progbits
 195              	.Ldebug_ranges0:
 196 0000 00000000 		.4byte	.LFB7
 197 0004 04000000 		.4byte	.LFE7
 198 0008 00000000 		.4byte	0
 199 000c 00000000 		.4byte	0
 200              		.section	.debug_line,"",%progbits
 201              	.Ldebug_line0:
 202 0000 4F000000 		.section	.debug_str,"MS",%progbits,1
 202      02003900 
 202      00000201 
 202      FB0E0D00 
 202      01010101 
 203              	.LASF12:
 204 0000 2F557365 		.ascii	"/Users/sin/Documents/Eclipse/Workspace/mabl-ChibiOS"
 204      72732F73 
 204      696E2F44 
 204      6F63756D 
 204      656E7473 
 205 0033 2D322E35 		.ascii	"-2.5.1/demos/ARMCM4-STM32F407-LWIP\000"
 205      2E312F64 
 205      656D6F73 
 205      2F41524D 
 205      434D342D 
 206              	.LASF0:
 207 0056 756E7369 		.ascii	"unsigned int\000"
 207      676E6564 
 207      20696E74 
 207      00
 208              	.LASF6:
 209 0063 6C6F6E67 		.ascii	"long unsigned int\000"
 209      20756E73 
 209      69676E65 
ARM GAS  /var/folders/5n/p_75w94d66l9ssrldxqdhh700000gn/T//cc4DlE6o.s 			page 5


 209      6420696E 
 209      7400
 210              	.LASF2:
 211 0075 756E7369 		.ascii	"unsigned char\000"
 211      676E6564 
 211      20636861 
 211      7200
 212              	.LASF1:
 213 0083 7369676E 		.ascii	"signed char\000"
 213      65642063 
 213      68617200 
 214              	.LASF13:
 215 008f 706F7274 		.ascii	"port_halt\000"
 215      5F68616C 
 215      7400
 216              	.LASF3:
 217 0099 73686F72 		.ascii	"short int\000"
 217      7420696E 
 217      7400
 218              	.LASF8:
 219 00a3 6C6F6E67 		.ascii	"long long unsigned int\000"
 219      206C6F6E 
 219      6720756E 
 219      7369676E 
 219      65642069 
 220              	.LASF4:
 221 00ba 73686F72 		.ascii	"short unsigned int\000"
 221      7420756E 
 221      7369676E 
 221      65642069 
 221      6E7400
 222              	.LASF5:
 223 00cd 6C6F6E67 		.ascii	"long int\000"
 223      20696E74 
 223      00
 224              	.LASF10:
 225 00d6 474E5520 		.ascii	"GNU C 4.6.2 20111004 (prerelease)\000"
 225      4320342E 
 225      362E3220 
 225      32303131 
 225      31303034 
 226              	.LASF11:
 227 00f8 2E2E2F2E 		.ascii	"../../os/ports/GCC/ARMCMx/chcore.c\000"
 227      2E2F6F73 
 227      2F706F72 
 227      74732F47 
 227      43432F41 
 228              	.LASF9:
 229 011b 63686172 		.ascii	"char\000"
 229      00
 230              	.LASF7:
 231 0120 6C6F6E67 		.ascii	"long long int\000"
 231      206C6F6E 
 231      6720696E 
 231      7400
 232              		.ident	"GCC: (Linaro GCC 4.6-2011.10) 4.6.2 20111004 (prerelease)"
ARM GAS  /var/folders/5n/p_75w94d66l9ssrldxqdhh700000gn/T//cc4DlE6o.s 			page 6


DEFINED SYMBOLS
                            *ABS*:0000000000000000 chcore.c
/var/folders/5n/p_75w94d66l9ssrldxqdhh700000gn/T//cc4DlE6o.s:18     .text.port_halt:0000000000000000 $t
/var/folders/5n/p_75w94d66l9ssrldxqdhh700000gn/T//cc4DlE6o.s:24     .text.port_halt:0000000000000000 port_halt
                     .debug_frame:0000000000000010 $d

NO UNDEFINED SYMBOLS
