ARM GAS  /var/folders/5n/p_75w94d66l9ssrldxqdhh700000gn/T//ccuW7IJy.s 			page 1


   1              		.syntax unified
   2              		.cpu cortex-m4
   3              		.fpu softvfp
   4              		.eabi_attribute 20, 1
   5              		.eabi_attribute 21, 1
   6              		.eabi_attribute 23, 3
   7              		.eabi_attribute 24, 1
   8              		.eabi_attribute 25, 1
   9              		.eabi_attribute 26, 1
  10              		.eabi_attribute 30, 2
  11              		.eabi_attribute 18, 4
  12              		.thumb
  13              		.file	"chdynamic.c"
  14              		.text
  15              	.Ltext0:
  16              		.cfi_sections	.debug_frame
  17              		.section	.text.chThdAddRef,"ax",%progbits
  18              		.align	2
  19              		.p2align 4,,15
  20              		.global	chThdAddRef
  21              		.thumb
  22              		.thumb_func
  23              		.type	chThdAddRef, %function
  24              	chThdAddRef:
  25              	.LFB7:
  26              		.file 1 "../../os/kernel/src/chdynamic.c"
  27              		.loc 1 45 0
  28              		.cfi_startproc
  29              		@ args = 0, pretend = 0, frame = 0
  30              		@ frame_needed = 0, uses_anonymous_args = 0
  31              		@ link register save eliminated.
  32              	.LVL0:
  33              	.LBB2:
  34              		.loc 1 47 0
  35 0000 2023     		movs	r3, #32
  36              	.LVL1:
  37              	@ 47 "../../os/kernel/src/chdynamic.c" 1
  38 0002 83F31188 		msr     BASEPRI, r3
  39              	@ 0 "" 2
  40              	.LVL2:
  41              		.thumb
  42              	.LBE2:
  43              		.loc 1 49 0
  44 0006 837F     		ldrb	r3, [r0, #30]	@ zero_extendqisi2
  45              	.LVL3:
  46 0008 0133     		adds	r3, r3, #1
  47 000a 8377     		strb	r3, [r0, #30]
  48              	.LBB3:
  49              		.loc 1 50 0
  50 000c 0023     		movs	r3, #0
  51              	.LVL4:
  52              	@ 50 "../../os/kernel/src/chdynamic.c" 1
  53 000e 83F31188 		msr     BASEPRI, r3
  54              	@ 0 "" 2
  55              	.LVL5:
  56              		.thumb
  57              	.LBE3:
ARM GAS  /var/folders/5n/p_75w94d66l9ssrldxqdhh700000gn/T//ccuW7IJy.s 			page 2


  58              		.loc 1 52 0
  59 0012 7047     		bx	lr
  60              		.cfi_endproc
  61              	.LFE7:
  62              		.size	chThdAddRef, .-chThdAddRef
  63 0014 AFF30080 		.section	.text.chThdRelease,"ax",%progbits
  63      AFF30080 
  63      AFF30080 
  64              		.align	2
  65              		.p2align 4,,15
  66              		.global	chThdRelease
  67              		.thumb
  68              		.thumb_func
  69              		.type	chThdRelease, %function
  70              	chThdRelease:
  71              	.LFB8:
  72              		.loc 1 67 0
  73              		.cfi_startproc
  74              		@ args = 0, pretend = 0, frame = 0
  75              		@ frame_needed = 0, uses_anonymous_args = 0
  76              		@ link register save eliminated.
  77              	.LVL6:
  78              		.loc 1 67 0
  79 0000 0146     		mov	r1, r0
  80              	.LBB4:
  81              		.loc 1 70 0
  82 0002 2023     		movs	r3, #32
  83              	.LVL7:
  84              	@ 70 "../../os/kernel/src/chdynamic.c" 1
  85 0004 83F31188 		msr     BASEPRI, r3
  86              	@ 0 "" 2
  87              	.LVL8:
  88              		.thumb
  89              	.LBE4:
  90              		.loc 1 72 0
  91 0008 827F     		ldrb	r2, [r0, #30]	@ zero_extendqisi2
  92 000a 013A     		subs	r2, r2, #1
  93 000c D2B2     		uxtb	r2, r2
  94 000e 8277     		strb	r2, [r0, #30]
  95              	.LVL9:
  96              	.LBB5:
  97              		.loc 1 73 0
  98 0010 0023     		movs	r3, #0
  99              	.LVL10:
 100              	@ 73 "../../os/kernel/src/chdynamic.c" 1
 101 0012 83F31188 		msr     BASEPRI, r3
 102              	@ 0 "" 2
 103              	.LVL11:
 104              		.thumb
 105              	.LBE5:
 106              		.loc 1 78 0
 107 0016 12B9     		cbnz	r2, .L2
 108              		.loc 1 78 0 is_stmt 0 discriminator 1
 109 0018 037F     		ldrb	r3, [r0, #28]	@ zero_extendqisi2
 110              	.LVL12:
 111 001a 0E2B     		cmp	r3, #14
 112 001c 00D0     		beq	.L7
ARM GAS  /var/folders/5n/p_75w94d66l9ssrldxqdhh700000gn/T//ccuW7IJy.s 			page 3


 113              	.LVL13:
 114              	.L2:
 115 001e 7047     		bx	lr
 116              	.LVL14:
 117              	.L7:
 118              		.loc 1 79 0 is_stmt 1
 119 0020 437F     		ldrb	r3, [r0, #29]	@ zero_extendqisi2
 120 0022 03F00303 		and	r3, r3, #3
 121 0026 012B     		cmp	r3, #1
 122 0028 09D0     		beq	.L4
 123 002a 022B     		cmp	r3, #2
 124 002c F7D1     		bne	.L2
 125              		.loc 1 91 0
 126 002e 4369     		ldr	r3, [r0, #20]
 127 0030 0269     		ldr	r2, [r0, #16]
 128              	.LVL15:
 129              		.loc 1 93 0
 130 0032 406C     		ldr	r0, [r0, #68]
 131              	.LVL16:
 132              		.loc 1 91 0
 133 0034 1A61     		str	r2, [r3, #16]
 134 0036 0A69     		ldr	r2, [r1, #16]
 135 0038 5361     		str	r3, [r2, #20]
 136              		.loc 1 98 0
 137              		.loc 1 93 0
 138 003a FFF7FEBF 		b	chPoolFree
 139              	.LVL17:
 140              	.L4:
 141              		.loc 1 83 0
 142 003e 4369     		ldr	r3, [r0, #20]
 143 0040 0269     		ldr	r2, [r0, #16]
 144              	.LVL18:
 145 0042 1A61     		str	r2, [r3, #16]
 146 0044 0269     		ldr	r2, [r0, #16]
 147 0046 5361     		str	r3, [r2, #20]
 148              		.loc 1 98 0
 149              		.loc 1 85 0
 150 0048 FFF7FEBF 		b	chHeapFree
 151              	.LVL19:
 152              		.cfi_endproc
 153              	.LFE8:
 154              		.size	chThdRelease, .-chThdRelease
 155 004c AFF30080 		.section	.text.chThdCreateFromHeap,"ax",%progbits
 156              		.align	2
 157              		.p2align 4,,15
 158              		.global	chThdCreateFromHeap
 159              		.thumb
 160              		.thumb_func
 161              		.type	chThdCreateFromHeap, %function
 162              	chThdCreateFromHeap:
 163              	.LFB9:
 164              		.loc 1 124 0
 165              		.cfi_startproc
 166              		@ args = 4, pretend = 0, frame = 0
 167              		@ frame_needed = 0, uses_anonymous_args = 0
 168              	.LVL20:
 169 0000 70B5     		push	{r4, r5, r6, lr}
ARM GAS  /var/folders/5n/p_75w94d66l9ssrldxqdhh700000gn/T//ccuW7IJy.s 			page 4


 170              	.LCFI0:
 171              		.cfi_def_cfa_offset 16
 172              		.cfi_offset 14, -4
 173              		.cfi_offset 6, -8
 174              		.cfi_offset 5, -12
 175              		.cfi_offset 4, -16
 176 0002 82B0     		sub	sp, sp, #8
 177              	.LCFI1:
 178              		.cfi_def_cfa_offset 24
 179              		.loc 1 124 0
 180 0004 0C46     		mov	r4, r1
 181 0006 1546     		mov	r5, r2
 182 0008 1E46     		mov	r6, r3
 183              		.loc 1 128 0
 184 000a FFF7FEFF 		bl	chHeapAlloc
 185              	.LVL21:
 186              		.loc 1 129 0
 187 000e A8B1     		cbz	r0, .L10
 188              	.LBB6:
 189              		.loc 1 141 0
 190 0010 2023     		movs	r3, #32
 191              	.LVL22:
 192              	@ 141 "../../os/kernel/src/chdynamic.c" 1
 193 0012 83F31188 		msr     BASEPRI, r3
 194              	@ 0 "" 2
 195              	.LVL23:
 196              		.thumb
 197              	.LBE6:
 198              		.loc 1 142 0
 199 0016 2146     		mov	r1, r4
 200 0018 069C     		ldr	r4, [sp, #24]
 201              	.LVL24:
 202 001a 3346     		mov	r3, r6
 203              	.LVL25:
 204 001c 2A46     		mov	r2, r5
 205 001e 0094     		str	r4, [sp, #0]
 206 0020 FFF7FEFF 		bl	chThdCreateI
 207              	.LVL26:
 208              		.loc 1 143 0
 209 0024 0123     		movs	r3, #1
 210 0026 4377     		strb	r3, [r0, #29]
 211              		.loc 1 144 0
 212 0028 0021     		movs	r1, #0
 213              		.loc 1 142 0
 214 002a 0446     		mov	r4, r0
 215              	.LVL27:
 216              		.loc 1 144 0
 217 002c FFF7FEFF 		bl	chSchWakeupS
 218              	.LVL28:
 219              	.LBB7:
 220              		.loc 1 145 0
 221 0030 0023     		movs	r3, #0
 222              	.LVL29:
 223              	@ 145 "../../os/kernel/src/chdynamic.c" 1
 224 0032 83F31188 		msr     BASEPRI, r3
 225              	@ 0 "" 2
 226              	.LVL30:
ARM GAS  /var/folders/5n/p_75w94d66l9ssrldxqdhh700000gn/T//ccuW7IJy.s 			page 5


 227              		.thumb
 228              	.L9:
 229              	.LBE7:
 230              		.loc 1 147 0
 231 0036 2046     		mov	r0, r4
 232 0038 02B0     		add	sp, sp, #8
 233 003a 70BD     		pop	{r4, r5, r6, pc}
 234              	.LVL31:
 235              	.L10:
 236              		.loc 1 130 0
 237 003c 0446     		mov	r4, r0
 238              	.LVL32:
 239 003e FAE7     		b	.L9
 240              		.cfi_endproc
 241              	.LFE9:
 242              		.size	chThdCreateFromHeap, .-chThdCreateFromHeap
 243              		.section	.text.chThdCreateFromMemoryPool,"ax",%progbits
 244              		.align	2
 245              		.p2align 4,,15
 246              		.global	chThdCreateFromMemoryPool
 247              		.thumb
 248              		.thumb_func
 249              		.type	chThdCreateFromMemoryPool, %function
 250              	chThdCreateFromMemoryPool:
 251              	.LFB10:
 252              		.loc 1 173 0
 253              		.cfi_startproc
 254              		@ args = 0, pretend = 0, frame = 0
 255              		@ frame_needed = 0, uses_anonymous_args = 0
 256              	.LVL33:
 257 0000 F0B5     		push	{r4, r5, r6, r7, lr}
 258              	.LCFI2:
 259              		.cfi_def_cfa_offset 20
 260              		.cfi_offset 14, -4
 261              		.cfi_offset 7, -8
 262              		.cfi_offset 6, -12
 263              		.cfi_offset 5, -16
 264              		.cfi_offset 4, -20
 265 0002 83B0     		sub	sp, sp, #12
 266              	.LCFI3:
 267              		.cfi_def_cfa_offset 32
 268              		.loc 1 173 0
 269 0004 0446     		mov	r4, r0
 270 0006 0D46     		mov	r5, r1
 271 0008 1646     		mov	r6, r2
 272 000a 1F46     		mov	r7, r3
 273              		.loc 1 179 0
 274 000c FFF7FEFF 		bl	chPoolAlloc
 275              	.LVL34:
 276              		.loc 1 180 0
 277 0010 A8B1     		cbz	r0, .L13
 278              	.LBB8:
 279              		.loc 1 192 0
 280 0012 2023     		movs	r3, #32
 281              	.LVL35:
 282              	@ 192 "../../os/kernel/src/chdynamic.c" 1
 283 0014 83F31188 		msr     BASEPRI, r3
ARM GAS  /var/folders/5n/p_75w94d66l9ssrldxqdhh700000gn/T//ccuW7IJy.s 			page 6


 284              	@ 0 "" 2
 285              	.LVL36:
 286              		.thumb
 287              	.LBE8:
 288              		.loc 1 193 0
 289 0018 6168     		ldr	r1, [r4, #4]
 290 001a 0097     		str	r7, [sp, #0]
 291 001c 2A46     		mov	r2, r5
 292 001e 3346     		mov	r3, r6
 293              	.LVL37:
 294 0020 FFF7FEFF 		bl	chThdCreateI
 295              	.LVL38:
 296              		.loc 1 194 0
 297 0024 0223     		movs	r3, #2
 298 0026 4377     		strb	r3, [r0, #29]
 299              		.loc 1 195 0
 300 0028 4464     		str	r4, [r0, #68]
 301              		.loc 1 196 0
 302 002a 0021     		movs	r1, #0
 303              		.loc 1 193 0
 304 002c 0546     		mov	r5, r0
 305              	.LVL39:
 306              		.loc 1 196 0
 307 002e FFF7FEFF 		bl	chSchWakeupS
 308              	.LVL40:
 309              	.LBB9:
 310              		.loc 1 197 0
 311 0032 0023     		movs	r3, #0
 312              	.LVL41:
 313              	@ 197 "../../os/kernel/src/chdynamic.c" 1
 314 0034 83F31188 		msr     BASEPRI, r3
 315              	@ 0 "" 2
 316              	.LVL42:
 317              		.thumb
 318              	.L12:
 319              	.LBE9:
 320              		.loc 1 199 0
 321 0038 2846     		mov	r0, r5
 322 003a 03B0     		add	sp, sp, #12
 323 003c F0BD     		pop	{r4, r5, r6, r7, pc}
 324              	.LVL43:
 325              	.L13:
 326              		.loc 1 181 0
 327 003e 0546     		mov	r5, r0
 328              	.LVL44:
 329 0040 FAE7     		b	.L12
 330              		.cfi_endproc
 331              	.LFE10:
 332              		.size	chThdCreateFromMemoryPool, .-chThdCreateFromMemoryPool
 333 0042 00BFAFF3 		.text
 333      0080AFF3 
 333      0080AFF3 
 333      0080
 334              	.Letext0:
 335              		.file 2 "/usr/local/summon/lib/gcc/arm-none-eabi/4.6.2/include/stddef.h"
 336              		.file 3 "/usr/local/summon/lib/gcc/arm-none-eabi/4.6.2/../../../../arm-none-eabi/include/stdint.h"
 337              		.file 4 "../../os/ports/GCC/ARMCMx/chtypes.h"
ARM GAS  /var/folders/5n/p_75w94d66l9ssrldxqdhh700000gn/T//ccuW7IJy.s 			page 7


 338              		.file 5 "../../os/kernel/include/chlists.h"
 339              		.file 6 "../../os/kernel/include/chthreads.h"
 340              		.file 7 "../../os/ports/GCC/ARMCMx/chcore_v7m.h"
 341              		.file 8 "../../os/kernel/include/chmtx.h"
 342              		.file 9 "../../os/kernel/include/chmemcore.h"
 343              		.file 10 "../../os/kernel/include/chheap.h"
 344              		.file 11 "../../os/kernel/include/chmempools.h"
 345              		.section	.debug_info,"",%progbits
 346              	.Ldebug_info0:
 347 0000 6E070000 		.4byte	0x76e
 348 0004 0200     		.2byte	0x2
 349 0006 00000000 		.4byte	.Ldebug_abbrev0
 350 000a 04       		.byte	0x4
 351 000b 01       		.uleb128 0x1
 352 000c D3020000 		.4byte	.LASF80
 353 0010 01       		.byte	0x1
 354 0011 0E000000 		.4byte	.LASF81
 355 0015 30030000 		.4byte	.LASF82
 356 0019 00000000 		.4byte	0
 357 001d 00000000 		.4byte	0
 358 0021 00000000 		.4byte	.Ldebug_ranges0+0
 359 0025 00000000 		.4byte	.Ldebug_line0
 360 0029 02       		.uleb128 0x2
 361 002a 04       		.byte	0x4
 362 002b 05       		.byte	0x5
 363 002c 696E7400 		.ascii	"int\000"
 364 0030 03       		.uleb128 0x3
 365 0031 2E000000 		.4byte	.LASF2
 366 0035 02       		.byte	0x2
 367 0036 D4       		.byte	0xd4
 368 0037 3B000000 		.4byte	0x3b
 369 003b 04       		.uleb128 0x4
 370 003c 04       		.byte	0x4
 371 003d 07       		.byte	0x7
 372 003e 3B010000 		.4byte	.LASF0
 373 0042 04       		.uleb128 0x4
 374 0043 01       		.byte	0x1
 375 0044 06       		.byte	0x6
 376 0045 A4000000 		.4byte	.LASF1
 377 0049 03       		.uleb128 0x3
 378 004a 1A030000 		.4byte	.LASF3
 379 004e 03       		.byte	0x3
 380 004f 2A       		.byte	0x2a
 381 0050 54000000 		.4byte	0x54
 382 0054 04       		.uleb128 0x4
 383 0055 01       		.byte	0x1
 384 0056 08       		.byte	0x8
 385 0057 1D020000 		.4byte	.LASF4
 386 005b 04       		.uleb128 0x4
 387 005c 02       		.byte	0x2
 388 005d 05       		.byte	0x5
 389 005e 40020000 		.4byte	.LASF5
 390 0062 04       		.uleb128 0x4
 391 0063 02       		.byte	0x2
 392 0064 07       		.byte	0x7
 393 0065 67010000 		.4byte	.LASF6
 394 0069 03       		.uleb128 0x3
ARM GAS  /var/folders/5n/p_75w94d66l9ssrldxqdhh700000gn/T//ccuW7IJy.s 			page 8


 395 006a 15020000 		.4byte	.LASF7
 396 006e 03       		.byte	0x3
 397 006f 4F       		.byte	0x4f
 398 0070 74000000 		.4byte	0x74
 399 0074 04       		.uleb128 0x4
 400 0075 04       		.byte	0x4
 401 0076 05       		.byte	0x5
 402 0077 D0000000 		.4byte	.LASF8
 403 007b 03       		.uleb128 0x3
 404 007c 9D020000 		.4byte	.LASF9
 405 0080 03       		.byte	0x3
 406 0081 50       		.byte	0x50
 407 0082 86000000 		.4byte	0x86
 408 0086 04       		.uleb128 0x4
 409 0087 04       		.byte	0x4
 410 0088 07       		.byte	0x7
 411 0089 48010000 		.4byte	.LASF10
 412 008d 04       		.uleb128 0x4
 413 008e 08       		.byte	0x8
 414 008f 05       		.byte	0x5
 415 0090 96000000 		.4byte	.LASF11
 416 0094 03       		.uleb128 0x3
 417 0095 3C000000 		.4byte	.LASF12
 418 0099 03       		.byte	0x3
 419 009a 78       		.byte	0x78
 420 009b 9F000000 		.4byte	0x9f
 421 009f 04       		.uleb128 0x4
 422 00a0 08       		.byte	0x8
 423 00a1 07       		.byte	0x7
 424 00a2 5D000000 		.4byte	.LASF13
 425 00a6 03       		.uleb128 0x3
 426 00a7 80010000 		.4byte	.LASF14
 427 00ab 04       		.byte	0x4
 428 00ac 28       		.byte	0x28
 429 00ad 49000000 		.4byte	0x49
 430 00b1 03       		.uleb128 0x3
 431 00b2 ED000000 		.4byte	.LASF15
 432 00b6 04       		.byte	0x4
 433 00b7 29       		.byte	0x29
 434 00b8 49000000 		.4byte	0x49
 435 00bc 03       		.uleb128 0x3
 436 00bd F9010000 		.4byte	.LASF16
 437 00c1 04       		.byte	0x4
 438 00c2 2A       		.byte	0x2a
 439 00c3 49000000 		.4byte	0x49
 440 00c7 03       		.uleb128 0x3
 441 00c8 C6000000 		.4byte	.LASF17
 442 00cc 04       		.byte	0x4
 443 00cd 2B       		.byte	0x2b
 444 00ce 49000000 		.4byte	0x49
 445 00d2 03       		.uleb128 0x3
 446 00d3 0D020000 		.4byte	.LASF18
 447 00d7 04       		.byte	0x4
 448 00d8 2C       		.byte	0x2c
 449 00d9 7B000000 		.4byte	0x7b
 450 00dd 03       		.uleb128 0x3
 451 00de 7A010000 		.4byte	.LASF19
ARM GAS  /var/folders/5n/p_75w94d66l9ssrldxqdhh700000gn/T//ccuW7IJy.s 			page 9


 452 00e2 04       		.byte	0x4
 453 00e3 2D       		.byte	0x2d
 454 00e4 69000000 		.4byte	0x69
 455 00e8 03       		.uleb128 0x3
 456 00e9 94010000 		.4byte	.LASF20
 457 00ed 04       		.byte	0x4
 458 00ee 2F       		.byte	0x2f
 459 00ef 7B000000 		.4byte	0x7b
 460 00f3 03       		.uleb128 0x3
 461 00f4 B7020000 		.4byte	.LASF21
 462 00f8 04       		.byte	0x4
 463 00f9 31       		.byte	0x31
 464 00fa 7B000000 		.4byte	0x7b
 465 00fe 03       		.uleb128 0x3
 466 00ff 8B020000 		.4byte	.LASF22
 467 0103 05       		.byte	0x5
 468 0104 23       		.byte	0x23
 469 0105 09010000 		.4byte	0x109
 470 0109 05       		.uleb128 0x5
 471 010a 8B020000 		.4byte	.LASF22
 472 010e 48       		.byte	0x48
 473 010f 06       		.byte	0x6
 474 0110 57       		.byte	0x57
 475 0111 2E020000 		.4byte	0x22e
 476 0115 06       		.uleb128 0x6
 477 0116 6F020000 		.4byte	.LASF23
 478 011a 06       		.byte	0x6
 479 011b 58       		.byte	0x58
 480 011c 53020000 		.4byte	0x253
 481 0120 02       		.byte	0x2
 482 0121 23       		.byte	0x23
 483 0122 00       		.uleb128 0
 484 0123 06       		.uleb128 0x6
 485 0124 06020000 		.4byte	.LASF24
 486 0128 06       		.byte	0x6
 487 0129 5A       		.byte	0x5a
 488 012a 53020000 		.4byte	0x253
 489 012e 02       		.byte	0x2
 490 012f 23       		.byte	0x23
 491 0130 04       		.uleb128 0x4
 492 0131 06       		.uleb128 0x6
 493 0132 8F000000 		.4byte	.LASF25
 494 0136 06       		.byte	0x6
 495 0137 5C       		.byte	0x5c
 496 0138 D2000000 		.4byte	0xd2
 497 013c 02       		.byte	0x2
 498 013d 23       		.byte	0x23
 499 013e 08       		.uleb128 0x8
 500 013f 06       		.uleb128 0x6
 501 0140 8E030000 		.4byte	.LASF26
 502 0144 06       		.byte	0x6
 503 0145 5D       		.byte	0x5d
 504 0146 2C030000 		.4byte	0x32c
 505 014a 02       		.byte	0x2
 506 014b 23       		.byte	0x23
 507 014c 0C       		.uleb128 0xc
 508 014d 06       		.uleb128 0x6
ARM GAS  /var/folders/5n/p_75w94d66l9ssrldxqdhh700000gn/T//ccuW7IJy.s 			page 10


 509 014e FE000000 		.4byte	.LASF27
 510 0152 06       		.byte	0x6
 511 0153 5F       		.byte	0x5f
 512 0154 53020000 		.4byte	0x253
 513 0158 02       		.byte	0x2
 514 0159 23       		.byte	0x23
 515 015a 10       		.uleb128 0x10
 516 015b 06       		.uleb128 0x6
 517 015c BD010000 		.4byte	.LASF28
 518 0160 06       		.byte	0x6
 519 0161 60       		.byte	0x60
 520 0162 53020000 		.4byte	0x253
 521 0166 02       		.byte	0x2
 522 0167 23       		.byte	0x23
 523 0168 14       		.uleb128 0x14
 524 0169 06       		.uleb128 0x6
 525 016a 29030000 		.4byte	.LASF29
 526 016e 06       		.byte	0x6
 527 016f 67       		.byte	0x67
 528 0170 02050000 		.4byte	0x502
 529 0174 02       		.byte	0x2
 530 0175 23       		.byte	0x23
 531 0176 18       		.uleb128 0x18
 532 0177 06       		.uleb128 0x6
 533 0178 4A020000 		.4byte	.LASF30
 534 017c 06       		.byte	0x6
 535 017d 72       		.byte	0x72
 536 017e B1000000 		.4byte	0xb1
 537 0182 02       		.byte	0x2
 538 0183 23       		.byte	0x23
 539 0184 1C       		.uleb128 0x1c
 540 0185 06       		.uleb128 0x6
 541 0186 76020000 		.4byte	.LASF31
 542 018a 06       		.byte	0x6
 543 018b 76       		.byte	0x76
 544 018c A6000000 		.4byte	0xa6
 545 0190 02       		.byte	0x2
 546 0191 23       		.byte	0x23
 547 0192 1D       		.uleb128 0x1d
 548 0193 06       		.uleb128 0x6
 549 0194 13030000 		.4byte	.LASF32
 550 0198 06       		.byte	0x6
 551 0199 7B       		.byte	0x7b
 552 019a BC000000 		.4byte	0xbc
 553 019e 02       		.byte	0x2
 554 019f 23       		.byte	0x23
 555 01a0 1E       		.uleb128 0x1e
 556 01a1 06       		.uleb128 0x6
 557 01a2 52020000 		.4byte	.LASF33
 558 01a6 06       		.byte	0x6
 559 01a7 81       		.byte	0x81
 560 01a8 C7000000 		.4byte	0xc7
 561 01ac 02       		.byte	0x2
 562 01ad 23       		.byte	0x23
 563 01ae 1F       		.uleb128 0x1f
 564 01af 06       		.uleb128 0x6
 565 01b0 CC020000 		.4byte	.LASF34
ARM GAS  /var/folders/5n/p_75w94d66l9ssrldxqdhh700000gn/T//ccuW7IJy.s 			page 11


 566 01b4 06       		.byte	0x6
 567 01b5 88       		.byte	0x88
 568 01b6 4F030000 		.4byte	0x34f
 569 01ba 02       		.byte	0x2
 570 01bb 23       		.byte	0x23
 571 01bc 20       		.uleb128 0x20
 572 01bd 07       		.uleb128 0x7
 573 01be 705F7500 		.ascii	"p_u\000"
 574 01c2 06       		.byte	0x6
 575 01c3 AD       		.byte	0xad
 576 01c4 CD040000 		.4byte	0x4cd
 577 01c8 02       		.byte	0x2
 578 01c9 23       		.byte	0x23
 579 01ca 24       		.uleb128 0x24
 580 01cb 06       		.uleb128 0x6
 581 01cc 94030000 		.4byte	.LASF35
 582 01d0 06       		.byte	0x6
 583 01d1 B2       		.byte	0xb2
 584 01d2 7B020000 		.4byte	0x27b
 585 01d6 02       		.byte	0x2
 586 01d7 23       		.byte	0x23
 587 01d8 28       		.uleb128 0x28
 588 01d9 06       		.uleb128 0x6
 589 01da FC020000 		.4byte	.LASF36
 590 01de 06       		.byte	0x6
 591 01df B8       		.byte	0xb8
 592 01e0 59020000 		.4byte	0x259
 593 01e4 02       		.byte	0x2
 594 01e5 23       		.byte	0x23
 595 01e6 2C       		.uleb128 0x2c
 596 01e7 06       		.uleb128 0x6
 597 01e8 08000000 		.4byte	.LASF37
 598 01ec 06       		.byte	0x6
 599 01ed BC       		.byte	0xbc
 600 01ee DD000000 		.4byte	0xdd
 601 01f2 02       		.byte	0x2
 602 01f3 23       		.byte	0x23
 603 01f4 34       		.uleb128 0x34
 604 01f5 06       		.uleb128 0x6
 605 01f6 92020000 		.4byte	.LASF38
 606 01fa 06       		.byte	0x6
 607 01fb C2       		.byte	0xc2
 608 01fc E8000000 		.4byte	0xe8
 609 0200 02       		.byte	0x2
 610 0201 23       		.byte	0x23
 611 0202 38       		.uleb128 0x38
 612 0203 06       		.uleb128 0x6
 613 0204 36020000 		.4byte	.LASF39
 614 0208 06       		.byte	0x6
 615 0209 C9       		.byte	0xc9
 616 020a 14050000 		.4byte	0x514
 617 020e 02       		.byte	0x2
 618 020f 23       		.byte	0x23
 619 0210 3C       		.uleb128 0x3c
 620 0211 06       		.uleb128 0x6
 621 0212 C1020000 		.4byte	.LASF40
 622 0216 06       		.byte	0x6
ARM GAS  /var/folders/5n/p_75w94d66l9ssrldxqdhh700000gn/T//ccuW7IJy.s 			page 12


 623 0217 CD       		.byte	0xcd
 624 0218 D2000000 		.4byte	0xd2
 625 021c 02       		.byte	0x2
 626 021d 23       		.byte	0x23
 627 021e 40       		.uleb128 0x40
 628 021f 06       		.uleb128 0x6
 629 0220 B6000000 		.4byte	.LASF41
 630 0224 06       		.byte	0x6
 631 0225 D3       		.byte	0xd3
 632 0226 91020000 		.4byte	0x291
 633 022a 02       		.byte	0x2
 634 022b 23       		.byte	0x23
 635 022c 44       		.uleb128 0x44
 636 022d 00       		.byte	0
 637 022e 08       		.uleb128 0x8
 638 022f 08       		.byte	0x8
 639 0230 05       		.byte	0x5
 640 0231 5A       		.byte	0x5a
 641 0232 53020000 		.4byte	0x253
 642 0236 06       		.uleb128 0x6
 643 0237 6F020000 		.4byte	.LASF23
 644 023b 05       		.byte	0x5
 645 023c 5B       		.byte	0x5b
 646 023d 53020000 		.4byte	0x253
 647 0241 02       		.byte	0x2
 648 0242 23       		.byte	0x23
 649 0243 00       		.uleb128 0
 650 0244 06       		.uleb128 0x6
 651 0245 06020000 		.4byte	.LASF24
 652 0249 05       		.byte	0x5
 653 024a 5D       		.byte	0x5d
 654 024b 53020000 		.4byte	0x253
 655 024f 02       		.byte	0x2
 656 0250 23       		.byte	0x23
 657 0251 04       		.uleb128 0x4
 658 0252 00       		.byte	0
 659 0253 09       		.uleb128 0x9
 660 0254 04       		.byte	0x4
 661 0255 FE000000 		.4byte	0xfe
 662 0259 03       		.uleb128 0x3
 663 025a C5010000 		.4byte	.LASF42
 664 025e 05       		.byte	0x5
 665 025f 5F       		.byte	0x5f
 666 0260 2E020000 		.4byte	0x22e
 667 0264 08       		.uleb128 0x8
 668 0265 04       		.byte	0x4
 669 0266 05       		.byte	0x5
 670 0267 64       		.byte	0x64
 671 0268 7B020000 		.4byte	0x27b
 672 026c 06       		.uleb128 0x6
 673 026d 6F020000 		.4byte	.LASF23
 674 0271 05       		.byte	0x5
 675 0272 66       		.byte	0x66
 676 0273 53020000 		.4byte	0x253
 677 0277 02       		.byte	0x2
 678 0278 23       		.byte	0x23
 679 0279 00       		.uleb128 0
ARM GAS  /var/folders/5n/p_75w94d66l9ssrldxqdhh700000gn/T//ccuW7IJy.s 			page 13


 680 027a 00       		.byte	0
 681 027b 03       		.uleb128 0x3
 682 027c 88010000 		.4byte	.LASF43
 683 0280 05       		.byte	0x5
 684 0281 69       		.byte	0x69
 685 0282 64020000 		.4byte	0x264
 686 0286 03       		.uleb128 0x3
 687 0287 2C010000 		.4byte	.LASF44
 688 028b 07       		.byte	0x7
 689 028c DE       		.byte	0xde
 690 028d 91020000 		.4byte	0x291
 691 0291 0A       		.uleb128 0xa
 692 0292 04       		.byte	0x4
 693 0293 03       		.uleb128 0x3
 694 0294 B2010000 		.4byte	.LASF45
 695 0298 07       		.byte	0x7
 696 0299 E4       		.byte	0xe4
 697 029a 94000000 		.4byte	0x94
 698 029e 0B       		.uleb128 0xb
 699 029f F5020000 		.4byte	.LASF46
 700 02a3 24       		.byte	0x24
 701 02a4 07       		.byte	0x7
 702 02a5 0501     		.2byte	0x105
 703 02a7 2C030000 		.4byte	0x32c
 704 02ab 0C       		.uleb128 0xc
 705 02ac 723400   		.ascii	"r4\000"
 706 02af 07       		.byte	0x7
 707 02b0 1801     		.2byte	0x118
 708 02b2 86020000 		.4byte	0x286
 709 02b6 02       		.byte	0x2
 710 02b7 23       		.byte	0x23
 711 02b8 00       		.uleb128 0
 712 02b9 0C       		.uleb128 0xc
 713 02ba 723500   		.ascii	"r5\000"
 714 02bd 07       		.byte	0x7
 715 02be 1901     		.2byte	0x119
 716 02c0 86020000 		.4byte	0x286
 717 02c4 02       		.byte	0x2
 718 02c5 23       		.byte	0x23
 719 02c6 04       		.uleb128 0x4
 720 02c7 0C       		.uleb128 0xc
 721 02c8 723600   		.ascii	"r6\000"
 722 02cb 07       		.byte	0x7
 723 02cc 1A01     		.2byte	0x11a
 724 02ce 86020000 		.4byte	0x286
 725 02d2 02       		.byte	0x2
 726 02d3 23       		.byte	0x23
 727 02d4 08       		.uleb128 0x8
 728 02d5 0C       		.uleb128 0xc
 729 02d6 723700   		.ascii	"r7\000"
 730 02d9 07       		.byte	0x7
 731 02da 1B01     		.2byte	0x11b
 732 02dc 86020000 		.4byte	0x286
 733 02e0 02       		.byte	0x2
 734 02e1 23       		.byte	0x23
 735 02e2 0C       		.uleb128 0xc
 736 02e3 0C       		.uleb128 0xc
ARM GAS  /var/folders/5n/p_75w94d66l9ssrldxqdhh700000gn/T//ccuW7IJy.s 			page 14


 737 02e4 723800   		.ascii	"r8\000"
 738 02e7 07       		.byte	0x7
 739 02e8 1C01     		.2byte	0x11c
 740 02ea 86020000 		.4byte	0x286
 741 02ee 02       		.byte	0x2
 742 02ef 23       		.byte	0x23
 743 02f0 10       		.uleb128 0x10
 744 02f1 0C       		.uleb128 0xc
 745 02f2 723900   		.ascii	"r9\000"
 746 02f5 07       		.byte	0x7
 747 02f6 1D01     		.2byte	0x11d
 748 02f8 86020000 		.4byte	0x286
 749 02fc 02       		.byte	0x2
 750 02fd 23       		.byte	0x23
 751 02fe 14       		.uleb128 0x14
 752 02ff 0C       		.uleb128 0xc
 753 0300 72313000 		.ascii	"r10\000"
 754 0304 07       		.byte	0x7
 755 0305 1E01     		.2byte	0x11e
 756 0307 86020000 		.4byte	0x286
 757 030b 02       		.byte	0x2
 758 030c 23       		.byte	0x23
 759 030d 18       		.uleb128 0x18
 760 030e 0C       		.uleb128 0xc
 761 030f 72313100 		.ascii	"r11\000"
 762 0313 07       		.byte	0x7
 763 0314 1F01     		.2byte	0x11f
 764 0316 86020000 		.4byte	0x286
 765 031a 02       		.byte	0x2
 766 031b 23       		.byte	0x23
 767 031c 1C       		.uleb128 0x1c
 768 031d 0C       		.uleb128 0xc
 769 031e 6C7200   		.ascii	"lr\000"
 770 0321 07       		.byte	0x7
 771 0322 2001     		.2byte	0x120
 772 0324 86020000 		.4byte	0x286
 773 0328 02       		.byte	0x2
 774 0329 23       		.byte	0x23
 775 032a 20       		.uleb128 0x20
 776 032b 00       		.byte	0
 777 032c 0B       		.uleb128 0xb
 778 032d 5A010000 		.4byte	.LASF47
 779 0331 04       		.byte	0x4
 780 0332 07       		.byte	0x7
 781 0333 2A01     		.2byte	0x12a
 782 0335 49030000 		.4byte	0x349
 783 0339 0C       		.uleb128 0xc
 784 033a 72313300 		.ascii	"r13\000"
 785 033e 07       		.byte	0x7
 786 033f 2B01     		.2byte	0x12b
 787 0341 49030000 		.4byte	0x349
 788 0345 02       		.byte	0x2
 789 0346 23       		.byte	0x23
 790 0347 00       		.uleb128 0
 791 0348 00       		.byte	0
 792 0349 09       		.uleb128 0x9
 793 034a 04       		.byte	0x4
ARM GAS  /var/folders/5n/p_75w94d66l9ssrldxqdhh700000gn/T//ccuW7IJy.s 			page 15


 794 034b 9E020000 		.4byte	0x29e
 795 034f 0D       		.uleb128 0xd
 796 0350 F3000000 		.4byte	0xf3
 797 0354 05       		.uleb128 0x5
 798 0355 A0010000 		.4byte	.LASF48
 799 0359 10       		.byte	0x10
 800 035a 08       		.byte	0x8
 801 035b 25       		.byte	0x25
 802 035c 8B030000 		.4byte	0x38b
 803 0360 06       		.uleb128 0x6
 804 0361 BE000000 		.4byte	.LASF49
 805 0365 08       		.byte	0x8
 806 0366 26       		.byte	0x26
 807 0367 59020000 		.4byte	0x259
 808 036b 02       		.byte	0x2
 809 036c 23       		.byte	0x23
 810 036d 00       		.uleb128 0
 811 036e 06       		.uleb128 0x6
 812 036f 86030000 		.4byte	.LASF50
 813 0373 08       		.byte	0x8
 814 0374 28       		.byte	0x28
 815 0375 53020000 		.4byte	0x253
 816 0379 02       		.byte	0x2
 817 037a 23       		.byte	0x23
 818 037b 08       		.uleb128 0x8
 819 037c 06       		.uleb128 0x6
 820 037d B0020000 		.4byte	.LASF51
 821 0381 08       		.byte	0x8
 822 0382 2A       		.byte	0x2a
 823 0383 8B030000 		.4byte	0x38b
 824 0387 02       		.byte	0x2
 825 0388 23       		.byte	0x23
 826 0389 0C       		.uleb128 0xc
 827 038a 00       		.byte	0
 828 038b 09       		.uleb128 0x9
 829 038c 04       		.byte	0x4
 830 038d 54030000 		.4byte	0x354
 831 0391 03       		.uleb128 0x3
 832 0392 A0010000 		.4byte	.LASF48
 833 0396 08       		.byte	0x8
 834 0397 2C       		.byte	0x2c
 835 0398 54030000 		.4byte	0x354
 836 039c 03       		.uleb128 0x3
 837 039d 50000000 		.4byte	.LASF52
 838 03a1 09       		.byte	0x9
 839 03a2 25       		.byte	0x25
 840 03a3 A7030000 		.4byte	0x3a7
 841 03a7 09       		.uleb128 0x9
 842 03a8 04       		.byte	0x4
 843 03a9 AD030000 		.4byte	0x3ad
 844 03ad 0E       		.uleb128 0xe
 845 03ae 01       		.byte	0x1
 846 03af 91020000 		.4byte	0x291
 847 03b3 BD030000 		.4byte	0x3bd
 848 03b7 0F       		.uleb128 0xf
 849 03b8 30000000 		.4byte	0x30
 850 03bc 00       		.byte	0
ARM GAS  /var/folders/5n/p_75w94d66l9ssrldxqdhh700000gn/T//ccuW7IJy.s 			page 16


 851 03bd 03       		.uleb128 0x3
 852 03be E6010000 		.4byte	.LASF53
 853 03c2 0A       		.byte	0xa
 854 03c3 2D       		.byte	0x2d
 855 03c4 C8030000 		.4byte	0x3c8
 856 03c8 05       		.uleb128 0x5
 857 03c9 9E030000 		.4byte	.LASF54
 858 03cd 20       		.byte	0x20
 859 03ce 0A       		.byte	0xa
 860 03cf 40       		.byte	0x40
 861 03d0 FF030000 		.4byte	0x3ff
 862 03d4 06       		.uleb128 0x6
 863 03d5 2B020000 		.4byte	.LASF55
 864 03d9 0A       		.byte	0xa
 865 03da 41       		.byte	0x41
 866 03db 9C030000 		.4byte	0x39c
 867 03df 02       		.byte	0x2
 868 03e0 23       		.byte	0x23
 869 03e1 00       		.uleb128 0
 870 03e2 06       		.uleb128 0x6
 871 03e3 7D000000 		.4byte	.LASF56
 872 03e7 0A       		.byte	0xa
 873 03e8 43       		.byte	0x43
 874 03e9 1E040000 		.4byte	0x41e
 875 03ed 02       		.byte	0x2
 876 03ee 23       		.byte	0x23
 877 03ef 08       		.uleb128 0x8
 878 03f0 06       		.uleb128 0x6
 879 03f1 B0000000 		.4byte	.LASF57
 880 03f5 0A       		.byte	0xa
 881 03f6 45       		.byte	0x45
 882 03f7 91030000 		.4byte	0x391
 883 03fb 02       		.byte	0x2
 884 03fc 23       		.byte	0x23
 885 03fd 10       		.uleb128 0x10
 886 03fe 00       		.byte	0
 887 03ff 10       		.uleb128 0x10
 888 0400 04       		.byte	0x4
 889 0401 0A       		.byte	0xa
 890 0402 35       		.byte	0x35
 891 0403 1E040000 		.4byte	0x41e
 892 0407 11       		.uleb128 0x11
 893 0408 8A000000 		.4byte	.LASF58
 894 040c 0A       		.byte	0xa
 895 040d 36       		.byte	0x36
 896 040e 3F040000 		.4byte	0x43f
 897 0412 11       		.uleb128 0x11
 898 0413 A6020000 		.4byte	.LASF59
 899 0417 0A       		.byte	0xa
 900 0418 37       		.byte	0x37
 901 0419 45040000 		.4byte	0x445
 902 041d 00       		.byte	0
 903 041e 12       		.uleb128 0x12
 904 041f 5C020000 		.4byte	.LASF83
 905 0423 08       		.byte	0x8
 906 0424 0A       		.byte	0xa
 907 0425 32       		.byte	0x32
ARM GAS  /var/folders/5n/p_75w94d66l9ssrldxqdhh700000gn/T//ccuW7IJy.s 			page 17


 908 0426 3F040000 		.4byte	0x43f
 909 042a 11       		.uleb128 0x11
 910 042b 35010000 		.4byte	.LASF60
 911 042f 0A       		.byte	0xa
 912 0430 33       		.byte	0x33
 913 0431 93020000 		.4byte	0x293
 914 0435 13       		.uleb128 0x13
 915 0436 6800     		.ascii	"h\000"
 916 0438 0A       		.byte	0xa
 917 0439 3A       		.byte	0x3a
 918 043a 4B040000 		.4byte	0x44b
 919 043e 00       		.byte	0
 920 043f 09       		.uleb128 0x9
 921 0440 04       		.byte	0x4
 922 0441 1E040000 		.4byte	0x41e
 923 0445 09       		.uleb128 0x9
 924 0446 04       		.byte	0x4
 925 0447 BD030000 		.4byte	0x3bd
 926 044b 08       		.uleb128 0x8
 927 044c 08       		.byte	0x8
 928 044d 0A       		.byte	0xa
 929 044e 34       		.byte	0x34
 930 044f 6E040000 		.4byte	0x46e
 931 0453 07       		.uleb128 0x7
 932 0454 7500     		.ascii	"u\000"
 933 0456 0A       		.byte	0xa
 934 0457 38       		.byte	0x38
 935 0458 FF030000 		.4byte	0x3ff
 936 045c 02       		.byte	0x2
 937 045d 23       		.byte	0x23
 938 045e 00       		.uleb128 0
 939 045f 06       		.uleb128 0x6
 940 0460 62010000 		.4byte	.LASF61
 941 0464 0A       		.byte	0xa
 942 0465 39       		.byte	0x39
 943 0466 30000000 		.4byte	0x30
 944 046a 02       		.byte	0x2
 945 046b 23       		.byte	0x23
 946 046c 04       		.uleb128 0x4
 947 046d 00       		.byte	0
 948 046e 05       		.uleb128 0x5
 949 046f 07030000 		.4byte	.LASF62
 950 0473 04       		.byte	0x4
 951 0474 0B       		.byte	0xb
 952 0475 25       		.byte	0x25
 953 0476 89040000 		.4byte	0x489
 954 047a 06       		.uleb128 0x6
 955 047b F1010000 		.4byte	.LASF63
 956 047f 0B       		.byte	0xb
 957 0480 26       		.byte	0x26
 958 0481 89040000 		.4byte	0x489
 959 0485 02       		.byte	0x2
 960 0486 23       		.byte	0x23
 961 0487 00       		.uleb128 0
 962 0488 00       		.byte	0
 963 0489 09       		.uleb128 0x9
 964 048a 04       		.byte	0x4
ARM GAS  /var/folders/5n/p_75w94d66l9ssrldxqdhh700000gn/T//ccuW7IJy.s 			page 18


 965 048b 6E040000 		.4byte	0x46e
 966 048f 08       		.uleb128 0x8
 967 0490 0C       		.byte	0xc
 968 0491 0B       		.byte	0xb
 969 0492 2D       		.byte	0x2d
 970 0493 C2040000 		.4byte	0x4c2
 971 0497 06       		.uleb128 0x6
 972 0498 F6000000 		.4byte	.LASF64
 973 049c 0B       		.byte	0xb
 974 049d 2E       		.byte	0x2e
 975 049e 89040000 		.4byte	0x489
 976 04a2 02       		.byte	0x2
 977 04a3 23       		.byte	0x23
 978 04a4 00       		.uleb128 0
 979 04a5 06       		.uleb128 0x6
 980 04a6 D2010000 		.4byte	.LASF65
 981 04aa 0B       		.byte	0xb
 982 04ab 2F       		.byte	0x2f
 983 04ac 30000000 		.4byte	0x30
 984 04b0 02       		.byte	0x2
 985 04b1 23       		.byte	0x23
 986 04b2 04       		.uleb128 0x4
 987 04b3 06       		.uleb128 0x6
 988 04b4 20010000 		.4byte	.LASF66
 989 04b8 0B       		.byte	0xb
 990 04b9 31       		.byte	0x31
 991 04ba 9C030000 		.4byte	0x39c
 992 04be 02       		.byte	0x2
 993 04bf 23       		.byte	0x23
 994 04c0 08       		.uleb128 0x8
 995 04c1 00       		.byte	0
 996 04c2 03       		.uleb128 0x3
 997 04c3 45000000 		.4byte	.LASF67
 998 04c7 0B       		.byte	0xb
 999 04c8 33       		.byte	0x33
 1000 04c9 8F040000 		.4byte	0x48f
 1001 04cd 10       		.uleb128 0x10
 1002 04ce 04       		.byte	0x4
 1003 04cf 06       		.byte	0x6
 1004 04d0 8F       		.byte	0x8f
 1005 04d1 02050000 		.4byte	0x502
 1006 04d5 11       		.uleb128 0x11
 1007 04d6 35000000 		.4byte	.LASF68
 1008 04da 06       		.byte	0x6
 1009 04db 96       		.byte	0x96
 1010 04dc DD000000 		.4byte	0xdd
 1011 04e0 11       		.uleb128 0x11
 1012 04e1 74000000 		.4byte	.LASF69
 1013 04e5 06       		.byte	0x6
 1014 04e6 9D       		.byte	0x9d
 1015 04e7 DD000000 		.4byte	0xdd
 1016 04eb 11       		.uleb128 0x11
 1017 04ec 22030000 		.4byte	.LASF70
 1018 04f0 06       		.byte	0x6
 1019 04f1 A4       		.byte	0xa4
 1020 04f2 91020000 		.4byte	0x291
 1021 04f6 11       		.uleb128 0x11
ARM GAS  /var/folders/5n/p_75w94d66l9ssrldxqdhh700000gn/T//ccuW7IJy.s 			page 19


 1022 04f7 68020000 		.4byte	.LASF71
 1023 04fb 06       		.byte	0x6
 1024 04fc AB       		.byte	0xab
 1025 04fd E8000000 		.4byte	0xe8
 1026 0501 00       		.byte	0
 1027 0502 09       		.uleb128 0x9
 1028 0503 04       		.byte	0x4
 1029 0504 08050000 		.4byte	0x508
 1030 0508 14       		.uleb128 0x14
 1031 0509 0D050000 		.4byte	0x50d
 1032 050d 04       		.uleb128 0x4
 1033 050e 01       		.byte	0x1
 1034 050f 08       		.byte	0x8
 1035 0510 AB020000 		.4byte	.LASF72
 1036 0514 09       		.uleb128 0x9
 1037 0515 04       		.byte	0x4
 1038 0516 91030000 		.4byte	0x391
 1039 051a 03       		.uleb128 0x3
 1040 051b 00000000 		.4byte	.LASF73
 1041 051f 06       		.byte	0x6
 1042 0520 DE       		.byte	0xde
 1043 0521 25050000 		.4byte	0x525
 1044 0525 09       		.uleb128 0x9
 1045 0526 04       		.byte	0x4
 1046 0527 2B050000 		.4byte	0x52b
 1047 052b 0E       		.uleb128 0xe
 1048 052c 01       		.byte	0x1
 1049 052d DD000000 		.4byte	0xdd
 1050 0531 3B050000 		.4byte	0x53b
 1051 0535 0F       		.uleb128 0xf
 1052 0536 91020000 		.4byte	0x291
 1053 053a 00       		.byte	0
 1054 053b 15       		.uleb128 0x15
 1055 053c 01       		.byte	0x1
 1056 053d A6010000 		.4byte	.LASF75
 1057 0541 01       		.byte	0x1
 1058 0542 2D       		.byte	0x2d
 1059 0543 01       		.byte	0x1
 1060 0544 53020000 		.4byte	0x253
 1061 0548 00000000 		.4byte	.LFB7
 1062 054c 14000000 		.4byte	.LFE7
 1063 0550 02       		.byte	0x2
 1064 0551 7D       		.byte	0x7d
 1065 0552 00       		.sleb128 0
 1066 0553 9A050000 		.4byte	0x59a
 1067 0557 16       		.uleb128 0x16
 1068 0558 747000   		.ascii	"tp\000"
 1069 055b 01       		.byte	0x1
 1070 055c 2D       		.byte	0x2d
 1071 055d 53020000 		.4byte	0x253
 1072 0561 01       		.byte	0x1
 1073 0562 50       		.byte	0x50
 1074 0563 17       		.uleb128 0x17
 1075 0564 00000000 		.4byte	.LBB2
 1076 0568 06000000 		.4byte	.LBE2
 1077 056c 80050000 		.4byte	0x580
 1078 0570 18       		.uleb128 0x18
ARM GAS  /var/folders/5n/p_75w94d66l9ssrldxqdhh700000gn/T//ccuW7IJy.s 			page 20


 1079 0571 746D7000 		.ascii	"tmp\000"
 1080 0575 01       		.byte	0x1
 1081 0576 2F       		.byte	0x2f
 1082 0577 7B000000 		.4byte	0x7b
 1083 057b 00000000 		.4byte	.LLST0
 1084 057f 00       		.byte	0
 1085 0580 19       		.uleb128 0x19
 1086 0581 0C000000 		.4byte	.LBB3
 1087 0585 12000000 		.4byte	.LBE3
 1088 0589 18       		.uleb128 0x18
 1089 058a 746D7000 		.ascii	"tmp\000"
 1090 058e 01       		.byte	0x1
 1091 058f 32       		.byte	0x32
 1092 0590 7B000000 		.4byte	0x7b
 1093 0594 13000000 		.4byte	.LLST1
 1094 0598 00       		.byte	0
 1095 0599 00       		.byte	0
 1096 059a 1A       		.uleb128 0x1a
 1097 059b 01       		.byte	0x1
 1098 059c 7E020000 		.4byte	.LASF84
 1099 05a0 01       		.byte	0x1
 1100 05a1 43       		.byte	0x43
 1101 05a2 01       		.byte	0x1
 1102 05a3 00000000 		.4byte	.LFB8
 1103 05a7 4C000000 		.4byte	.LFE8
 1104 05ab 02       		.byte	0x2
 1105 05ac 7D       		.byte	0x7d
 1106 05ad 00       		.sleb128 0
 1107 05ae 06060000 		.4byte	0x606
 1108 05b2 1B       		.uleb128 0x1b
 1109 05b3 747000   		.ascii	"tp\000"
 1110 05b6 01       		.byte	0x1
 1111 05b7 43       		.byte	0x43
 1112 05b8 53020000 		.4byte	0x253
 1113 05bc 26000000 		.4byte	.LLST2
 1114 05c0 1C       		.uleb128 0x1c
 1115 05c1 01020000 		.4byte	.LASF74
 1116 05c5 01       		.byte	0x1
 1117 05c6 44       		.byte	0x44
 1118 05c7 BC000000 		.4byte	0xbc
 1119 05cb 4F000000 		.4byte	.LLST3
 1120 05cf 17       		.uleb128 0x17
 1121 05d0 02000000 		.4byte	.LBB4
 1122 05d4 08000000 		.4byte	.LBE4
 1123 05d8 EC050000 		.4byte	0x5ec
 1124 05dc 18       		.uleb128 0x18
 1125 05dd 746D7000 		.ascii	"tmp\000"
 1126 05e1 01       		.byte	0x1
 1127 05e2 46       		.byte	0x46
 1128 05e3 7B000000 		.4byte	0x7b
 1129 05e7 6D000000 		.4byte	.LLST4
 1130 05eb 00       		.byte	0
 1131 05ec 19       		.uleb128 0x19
 1132 05ed 10000000 		.4byte	.LBB5
 1133 05f1 16000000 		.4byte	.LBE5
 1134 05f5 18       		.uleb128 0x18
 1135 05f6 746D7000 		.ascii	"tmp\000"
ARM GAS  /var/folders/5n/p_75w94d66l9ssrldxqdhh700000gn/T//ccuW7IJy.s 			page 21


 1136 05fa 01       		.byte	0x1
 1137 05fb 49       		.byte	0x49
 1138 05fc 7B000000 		.4byte	0x7b
 1139 0600 80000000 		.4byte	.LLST5
 1140 0604 00       		.byte	0
 1141 0605 00       		.byte	0
 1142 0606 1D       		.uleb128 0x1d
 1143 0607 01       		.byte	0x1
 1144 0608 D9000000 		.4byte	.LASF76
 1145 060c 01       		.byte	0x1
 1146 060d 7B       		.byte	0x7b
 1147 060e 01       		.byte	0x1
 1148 060f 53020000 		.4byte	0x253
 1149 0613 00000000 		.4byte	.LFB9
 1150 0617 40000000 		.4byte	.LFE9
 1151 061b 9E000000 		.4byte	.LLST6
 1152 061f C0060000 		.4byte	0x6c0
 1153 0623 1E       		.uleb128 0x1e
 1154 0624 84000000 		.4byte	.LASF77
 1155 0628 01       		.byte	0x1
 1156 0629 7B       		.byte	0x7b
 1157 062a 45040000 		.4byte	0x445
 1158 062e CA000000 		.4byte	.LLST7
 1159 0632 1E       		.uleb128 0x1e
 1160 0633 62010000 		.4byte	.LASF61
 1161 0637 01       		.byte	0x1
 1162 0638 7B       		.byte	0x7b
 1163 0639 30000000 		.4byte	0x30
 1164 063d DD000000 		.4byte	.LLST8
 1165 0641 1E       		.uleb128 0x1e
 1166 0642 E1010000 		.4byte	.LASF78
 1167 0646 01       		.byte	0x1
 1168 0647 7C       		.byte	0x7c
 1169 0648 D2000000 		.4byte	0xd2
 1170 064c 11010000 		.4byte	.LLST9
 1171 0650 1B       		.uleb128 0x1b
 1172 0651 706600   		.ascii	"pf\000"
 1173 0654 01       		.byte	0x1
 1174 0655 7C       		.byte	0x7c
 1175 0656 1A050000 		.4byte	0x51a
 1176 065a 2F010000 		.4byte	.LLST10
 1177 065e 16       		.uleb128 0x16
 1178 065f 61726700 		.ascii	"arg\000"
 1179 0663 01       		.byte	0x1
 1180 0664 7C       		.byte	0x7c
 1181 0665 91020000 		.4byte	0x291
 1182 0669 02       		.byte	0x2
 1183 066a 91       		.byte	0x91
 1184 066b 00       		.sleb128 0
 1185 066c 18       		.uleb128 0x18
 1186 066d 77737000 		.ascii	"wsp\000"
 1187 0671 01       		.byte	0x1
 1188 0672 7D       		.byte	0x7d
 1189 0673 91020000 		.4byte	0x291
 1190 0677 4D010000 		.4byte	.LLST11
 1191 067b 18       		.uleb128 0x18
 1192 067c 747000   		.ascii	"tp\000"
ARM GAS  /var/folders/5n/p_75w94d66l9ssrldxqdhh700000gn/T//ccuW7IJy.s 			page 22


 1193 067f 01       		.byte	0x1
 1194 0680 7E       		.byte	0x7e
 1195 0681 53020000 		.4byte	0x253
 1196 0685 6B010000 		.4byte	.LLST12
 1197 0689 17       		.uleb128 0x17
 1198 068a 10000000 		.4byte	.LBB6
 1199 068e 16000000 		.4byte	.LBE6
 1200 0692 A6060000 		.4byte	0x6a6
 1201 0696 18       		.uleb128 0x18
 1202 0697 746D7000 		.ascii	"tmp\000"
 1203 069b 01       		.byte	0x1
 1204 069c 8D       		.byte	0x8d
 1205 069d 7B000000 		.4byte	0x7b
 1206 06a1 89010000 		.4byte	.LLST13
 1207 06a5 00       		.byte	0
 1208 06a6 19       		.uleb128 0x19
 1209 06a7 30000000 		.4byte	.LBB7
 1210 06ab 36000000 		.4byte	.LBE7
 1211 06af 18       		.uleb128 0x18
 1212 06b0 746D7000 		.ascii	"tmp\000"
 1213 06b4 01       		.byte	0x1
 1214 06b5 91       		.byte	0x91
 1215 06b6 7B000000 		.4byte	0x7b
 1216 06ba 9C010000 		.4byte	.LLST14
 1217 06be 00       		.byte	0
 1218 06bf 00       		.byte	0
 1219 06c0 1D       		.uleb128 0x1d
 1220 06c1 01       		.byte	0x1
 1221 06c2 06010000 		.4byte	.LASF79
 1222 06c6 01       		.byte	0x1
 1223 06c7 AC       		.byte	0xac
 1224 06c8 01       		.byte	0x1
 1225 06c9 53020000 		.4byte	0x253
 1226 06cd 00000000 		.4byte	.LFB10
 1227 06d1 42000000 		.4byte	.LFE10
 1228 06d5 AF010000 		.4byte	.LLST15
 1229 06d9 6B070000 		.4byte	0x76b
 1230 06dd 1B       		.uleb128 0x1b
 1231 06de 6D7000   		.ascii	"mp\000"
 1232 06e1 01       		.byte	0x1
 1233 06e2 AC       		.byte	0xac
 1234 06e3 6B070000 		.4byte	0x76b
 1235 06e7 DB010000 		.4byte	.LLST16
 1236 06eb 1E       		.uleb128 0x1e
 1237 06ec E1010000 		.4byte	.LASF78
 1238 06f0 01       		.byte	0x1
 1239 06f1 AC       		.byte	0xac
 1240 06f2 D2000000 		.4byte	0xd2
 1241 06f6 F9010000 		.4byte	.LLST17
 1242 06fa 1B       		.uleb128 0x1b
 1243 06fb 706600   		.ascii	"pf\000"
 1244 06fe 01       		.byte	0x1
 1245 06ff AD       		.byte	0xad
 1246 0700 1A050000 		.4byte	0x51a
 1247 0704 22020000 		.4byte	.LLST18
 1248 0708 1B       		.uleb128 0x1b
 1249 0709 61726700 		.ascii	"arg\000"
ARM GAS  /var/folders/5n/p_75w94d66l9ssrldxqdhh700000gn/T//ccuW7IJy.s 			page 23


 1250 070d 01       		.byte	0x1
 1251 070e AD       		.byte	0xad
 1252 070f 91020000 		.4byte	0x291
 1253 0713 40020000 		.4byte	.LLST19
 1254 0717 18       		.uleb128 0x18
 1255 0718 77737000 		.ascii	"wsp\000"
 1256 071c 01       		.byte	0x1
 1257 071d AE       		.byte	0xae
 1258 071e 91020000 		.4byte	0x291
 1259 0722 5E020000 		.4byte	.LLST20
 1260 0726 18       		.uleb128 0x18
 1261 0727 747000   		.ascii	"tp\000"
 1262 072a 01       		.byte	0x1
 1263 072b AF       		.byte	0xaf
 1264 072c 53020000 		.4byte	0x253
 1265 0730 7C020000 		.4byte	.LLST21
 1266 0734 17       		.uleb128 0x17
 1267 0735 12000000 		.4byte	.LBB8
 1268 0739 18000000 		.4byte	.LBE8
 1269 073d 51070000 		.4byte	0x751
 1270 0741 18       		.uleb128 0x18
 1271 0742 746D7000 		.ascii	"tmp\000"
 1272 0746 01       		.byte	0x1
 1273 0747 C0       		.byte	0xc0
 1274 0748 7B000000 		.4byte	0x7b
 1275 074c 9A020000 		.4byte	.LLST22
 1276 0750 00       		.byte	0
 1277 0751 19       		.uleb128 0x19
 1278 0752 32000000 		.4byte	.LBB9
 1279 0756 38000000 		.4byte	.LBE9
 1280 075a 18       		.uleb128 0x18
 1281 075b 746D7000 		.ascii	"tmp\000"
 1282 075f 01       		.byte	0x1
 1283 0760 C5       		.byte	0xc5
 1284 0761 7B000000 		.4byte	0x7b
 1285 0765 AD020000 		.4byte	.LLST23
 1286 0769 00       		.byte	0
 1287 076a 00       		.byte	0
 1288 076b 09       		.uleb128 0x9
 1289 076c 04       		.byte	0x4
 1290 076d C2040000 		.4byte	0x4c2
 1291 0771 00       		.byte	0
 1292              		.section	.debug_abbrev,"",%progbits
 1293              	.Ldebug_abbrev0:
 1294 0000 01       		.uleb128 0x1
 1295 0001 11       		.uleb128 0x11
 1296 0002 01       		.byte	0x1
 1297 0003 25       		.uleb128 0x25
 1298 0004 0E       		.uleb128 0xe
 1299 0005 13       		.uleb128 0x13
 1300 0006 0B       		.uleb128 0xb
 1301 0007 03       		.uleb128 0x3
 1302 0008 0E       		.uleb128 0xe
 1303 0009 1B       		.uleb128 0x1b
 1304 000a 0E       		.uleb128 0xe
 1305 000b 11       		.uleb128 0x11
 1306 000c 01       		.uleb128 0x1
ARM GAS  /var/folders/5n/p_75w94d66l9ssrldxqdhh700000gn/T//ccuW7IJy.s 			page 24


 1307 000d 52       		.uleb128 0x52
 1308 000e 01       		.uleb128 0x1
 1309 000f 55       		.uleb128 0x55
 1310 0010 06       		.uleb128 0x6
 1311 0011 10       		.uleb128 0x10
 1312 0012 06       		.uleb128 0x6
 1313 0013 00       		.byte	0
 1314 0014 00       		.byte	0
 1315 0015 02       		.uleb128 0x2
 1316 0016 24       		.uleb128 0x24
 1317 0017 00       		.byte	0
 1318 0018 0B       		.uleb128 0xb
 1319 0019 0B       		.uleb128 0xb
 1320 001a 3E       		.uleb128 0x3e
 1321 001b 0B       		.uleb128 0xb
 1322 001c 03       		.uleb128 0x3
 1323 001d 08       		.uleb128 0x8
 1324 001e 00       		.byte	0
 1325 001f 00       		.byte	0
 1326 0020 03       		.uleb128 0x3
 1327 0021 16       		.uleb128 0x16
 1328 0022 00       		.byte	0
 1329 0023 03       		.uleb128 0x3
 1330 0024 0E       		.uleb128 0xe
 1331 0025 3A       		.uleb128 0x3a
 1332 0026 0B       		.uleb128 0xb
 1333 0027 3B       		.uleb128 0x3b
 1334 0028 0B       		.uleb128 0xb
 1335 0029 49       		.uleb128 0x49
 1336 002a 13       		.uleb128 0x13
 1337 002b 00       		.byte	0
 1338 002c 00       		.byte	0
 1339 002d 04       		.uleb128 0x4
 1340 002e 24       		.uleb128 0x24
 1341 002f 00       		.byte	0
 1342 0030 0B       		.uleb128 0xb
 1343 0031 0B       		.uleb128 0xb
 1344 0032 3E       		.uleb128 0x3e
 1345 0033 0B       		.uleb128 0xb
 1346 0034 03       		.uleb128 0x3
 1347 0035 0E       		.uleb128 0xe
 1348 0036 00       		.byte	0
 1349 0037 00       		.byte	0
 1350 0038 05       		.uleb128 0x5
 1351 0039 13       		.uleb128 0x13
 1352 003a 01       		.byte	0x1
 1353 003b 03       		.uleb128 0x3
 1354 003c 0E       		.uleb128 0xe
 1355 003d 0B       		.uleb128 0xb
 1356 003e 0B       		.uleb128 0xb
 1357 003f 3A       		.uleb128 0x3a
 1358 0040 0B       		.uleb128 0xb
 1359 0041 3B       		.uleb128 0x3b
 1360 0042 0B       		.uleb128 0xb
 1361 0043 01       		.uleb128 0x1
 1362 0044 13       		.uleb128 0x13
 1363 0045 00       		.byte	0
ARM GAS  /var/folders/5n/p_75w94d66l9ssrldxqdhh700000gn/T//ccuW7IJy.s 			page 25


 1364 0046 00       		.byte	0
 1365 0047 06       		.uleb128 0x6
 1366 0048 0D       		.uleb128 0xd
 1367 0049 00       		.byte	0
 1368 004a 03       		.uleb128 0x3
 1369 004b 0E       		.uleb128 0xe
 1370 004c 3A       		.uleb128 0x3a
 1371 004d 0B       		.uleb128 0xb
 1372 004e 3B       		.uleb128 0x3b
 1373 004f 0B       		.uleb128 0xb
 1374 0050 49       		.uleb128 0x49
 1375 0051 13       		.uleb128 0x13
 1376 0052 38       		.uleb128 0x38
 1377 0053 0A       		.uleb128 0xa
 1378 0054 00       		.byte	0
 1379 0055 00       		.byte	0
 1380 0056 07       		.uleb128 0x7
 1381 0057 0D       		.uleb128 0xd
 1382 0058 00       		.byte	0
 1383 0059 03       		.uleb128 0x3
 1384 005a 08       		.uleb128 0x8
 1385 005b 3A       		.uleb128 0x3a
 1386 005c 0B       		.uleb128 0xb
 1387 005d 3B       		.uleb128 0x3b
 1388 005e 0B       		.uleb128 0xb
 1389 005f 49       		.uleb128 0x49
 1390 0060 13       		.uleb128 0x13
 1391 0061 38       		.uleb128 0x38
 1392 0062 0A       		.uleb128 0xa
 1393 0063 00       		.byte	0
 1394 0064 00       		.byte	0
 1395 0065 08       		.uleb128 0x8
 1396 0066 13       		.uleb128 0x13
 1397 0067 01       		.byte	0x1
 1398 0068 0B       		.uleb128 0xb
 1399 0069 0B       		.uleb128 0xb
 1400 006a 3A       		.uleb128 0x3a
 1401 006b 0B       		.uleb128 0xb
 1402 006c 3B       		.uleb128 0x3b
 1403 006d 0B       		.uleb128 0xb
 1404 006e 01       		.uleb128 0x1
 1405 006f 13       		.uleb128 0x13
 1406 0070 00       		.byte	0
 1407 0071 00       		.byte	0
 1408 0072 09       		.uleb128 0x9
 1409 0073 0F       		.uleb128 0xf
 1410 0074 00       		.byte	0
 1411 0075 0B       		.uleb128 0xb
 1412 0076 0B       		.uleb128 0xb
 1413 0077 49       		.uleb128 0x49
 1414 0078 13       		.uleb128 0x13
 1415 0079 00       		.byte	0
 1416 007a 00       		.byte	0
 1417 007b 0A       		.uleb128 0xa
 1418 007c 0F       		.uleb128 0xf
 1419 007d 00       		.byte	0
 1420 007e 0B       		.uleb128 0xb
ARM GAS  /var/folders/5n/p_75w94d66l9ssrldxqdhh700000gn/T//ccuW7IJy.s 			page 26


 1421 007f 0B       		.uleb128 0xb
 1422 0080 00       		.byte	0
 1423 0081 00       		.byte	0
 1424 0082 0B       		.uleb128 0xb
 1425 0083 13       		.uleb128 0x13
 1426 0084 01       		.byte	0x1
 1427 0085 03       		.uleb128 0x3
 1428 0086 0E       		.uleb128 0xe
 1429 0087 0B       		.uleb128 0xb
 1430 0088 0B       		.uleb128 0xb
 1431 0089 3A       		.uleb128 0x3a
 1432 008a 0B       		.uleb128 0xb
 1433 008b 3B       		.uleb128 0x3b
 1434 008c 05       		.uleb128 0x5
 1435 008d 01       		.uleb128 0x1
 1436 008e 13       		.uleb128 0x13
 1437 008f 00       		.byte	0
 1438 0090 00       		.byte	0
 1439 0091 0C       		.uleb128 0xc
 1440 0092 0D       		.uleb128 0xd
 1441 0093 00       		.byte	0
 1442 0094 03       		.uleb128 0x3
 1443 0095 08       		.uleb128 0x8
 1444 0096 3A       		.uleb128 0x3a
 1445 0097 0B       		.uleb128 0xb
 1446 0098 3B       		.uleb128 0x3b
 1447 0099 05       		.uleb128 0x5
 1448 009a 49       		.uleb128 0x49
 1449 009b 13       		.uleb128 0x13
 1450 009c 38       		.uleb128 0x38
 1451 009d 0A       		.uleb128 0xa
 1452 009e 00       		.byte	0
 1453 009f 00       		.byte	0
 1454 00a0 0D       		.uleb128 0xd
 1455 00a1 35       		.uleb128 0x35
 1456 00a2 00       		.byte	0
 1457 00a3 49       		.uleb128 0x49
 1458 00a4 13       		.uleb128 0x13
 1459 00a5 00       		.byte	0
 1460 00a6 00       		.byte	0
 1461 00a7 0E       		.uleb128 0xe
 1462 00a8 15       		.uleb128 0x15
 1463 00a9 01       		.byte	0x1
 1464 00aa 27       		.uleb128 0x27
 1465 00ab 0C       		.uleb128 0xc
 1466 00ac 49       		.uleb128 0x49
 1467 00ad 13       		.uleb128 0x13
 1468 00ae 01       		.uleb128 0x1
 1469 00af 13       		.uleb128 0x13
 1470 00b0 00       		.byte	0
 1471 00b1 00       		.byte	0
 1472 00b2 0F       		.uleb128 0xf
 1473 00b3 05       		.uleb128 0x5
 1474 00b4 00       		.byte	0
 1475 00b5 49       		.uleb128 0x49
 1476 00b6 13       		.uleb128 0x13
 1477 00b7 00       		.byte	0
ARM GAS  /var/folders/5n/p_75w94d66l9ssrldxqdhh700000gn/T//ccuW7IJy.s 			page 27


 1478 00b8 00       		.byte	0
 1479 00b9 10       		.uleb128 0x10
 1480 00ba 17       		.uleb128 0x17
 1481 00bb 01       		.byte	0x1
 1482 00bc 0B       		.uleb128 0xb
 1483 00bd 0B       		.uleb128 0xb
 1484 00be 3A       		.uleb128 0x3a
 1485 00bf 0B       		.uleb128 0xb
 1486 00c0 3B       		.uleb128 0x3b
 1487 00c1 0B       		.uleb128 0xb
 1488 00c2 01       		.uleb128 0x1
 1489 00c3 13       		.uleb128 0x13
 1490 00c4 00       		.byte	0
 1491 00c5 00       		.byte	0
 1492 00c6 11       		.uleb128 0x11
 1493 00c7 0D       		.uleb128 0xd
 1494 00c8 00       		.byte	0
 1495 00c9 03       		.uleb128 0x3
 1496 00ca 0E       		.uleb128 0xe
 1497 00cb 3A       		.uleb128 0x3a
 1498 00cc 0B       		.uleb128 0xb
 1499 00cd 3B       		.uleb128 0x3b
 1500 00ce 0B       		.uleb128 0xb
 1501 00cf 49       		.uleb128 0x49
 1502 00d0 13       		.uleb128 0x13
 1503 00d1 00       		.byte	0
 1504 00d2 00       		.byte	0
 1505 00d3 12       		.uleb128 0x12
 1506 00d4 17       		.uleb128 0x17
 1507 00d5 01       		.byte	0x1
 1508 00d6 03       		.uleb128 0x3
 1509 00d7 0E       		.uleb128 0xe
 1510 00d8 0B       		.uleb128 0xb
 1511 00d9 0B       		.uleb128 0xb
 1512 00da 3A       		.uleb128 0x3a
 1513 00db 0B       		.uleb128 0xb
 1514 00dc 3B       		.uleb128 0x3b
 1515 00dd 0B       		.uleb128 0xb
 1516 00de 01       		.uleb128 0x1
 1517 00df 13       		.uleb128 0x13
 1518 00e0 00       		.byte	0
 1519 00e1 00       		.byte	0
 1520 00e2 13       		.uleb128 0x13
 1521 00e3 0D       		.uleb128 0xd
 1522 00e4 00       		.byte	0
 1523 00e5 03       		.uleb128 0x3
 1524 00e6 08       		.uleb128 0x8
 1525 00e7 3A       		.uleb128 0x3a
 1526 00e8 0B       		.uleb128 0xb
 1527 00e9 3B       		.uleb128 0x3b
 1528 00ea 0B       		.uleb128 0xb
 1529 00eb 49       		.uleb128 0x49
 1530 00ec 13       		.uleb128 0x13
 1531 00ed 00       		.byte	0
 1532 00ee 00       		.byte	0
 1533 00ef 14       		.uleb128 0x14
 1534 00f0 26       		.uleb128 0x26
ARM GAS  /var/folders/5n/p_75w94d66l9ssrldxqdhh700000gn/T//ccuW7IJy.s 			page 28


 1535 00f1 00       		.byte	0
 1536 00f2 49       		.uleb128 0x49
 1537 00f3 13       		.uleb128 0x13
 1538 00f4 00       		.byte	0
 1539 00f5 00       		.byte	0
 1540 00f6 15       		.uleb128 0x15
 1541 00f7 2E       		.uleb128 0x2e
 1542 00f8 01       		.byte	0x1
 1543 00f9 3F       		.uleb128 0x3f
 1544 00fa 0C       		.uleb128 0xc
 1545 00fb 03       		.uleb128 0x3
 1546 00fc 0E       		.uleb128 0xe
 1547 00fd 3A       		.uleb128 0x3a
 1548 00fe 0B       		.uleb128 0xb
 1549 00ff 3B       		.uleb128 0x3b
 1550 0100 0B       		.uleb128 0xb
 1551 0101 27       		.uleb128 0x27
 1552 0102 0C       		.uleb128 0xc
 1553 0103 49       		.uleb128 0x49
 1554 0104 13       		.uleb128 0x13
 1555 0105 11       		.uleb128 0x11
 1556 0106 01       		.uleb128 0x1
 1557 0107 12       		.uleb128 0x12
 1558 0108 01       		.uleb128 0x1
 1559 0109 40       		.uleb128 0x40
 1560 010a 0A       		.uleb128 0xa
 1561 010b 01       		.uleb128 0x1
 1562 010c 13       		.uleb128 0x13
 1563 010d 00       		.byte	0
 1564 010e 00       		.byte	0
 1565 010f 16       		.uleb128 0x16
 1566 0110 05       		.uleb128 0x5
 1567 0111 00       		.byte	0
 1568 0112 03       		.uleb128 0x3
 1569 0113 08       		.uleb128 0x8
 1570 0114 3A       		.uleb128 0x3a
 1571 0115 0B       		.uleb128 0xb
 1572 0116 3B       		.uleb128 0x3b
 1573 0117 0B       		.uleb128 0xb
 1574 0118 49       		.uleb128 0x49
 1575 0119 13       		.uleb128 0x13
 1576 011a 02       		.uleb128 0x2
 1577 011b 0A       		.uleb128 0xa
 1578 011c 00       		.byte	0
 1579 011d 00       		.byte	0
 1580 011e 17       		.uleb128 0x17
 1581 011f 0B       		.uleb128 0xb
 1582 0120 01       		.byte	0x1
 1583 0121 11       		.uleb128 0x11
 1584 0122 01       		.uleb128 0x1
 1585 0123 12       		.uleb128 0x12
 1586 0124 01       		.uleb128 0x1
 1587 0125 01       		.uleb128 0x1
 1588 0126 13       		.uleb128 0x13
 1589 0127 00       		.byte	0
 1590 0128 00       		.byte	0
 1591 0129 18       		.uleb128 0x18
ARM GAS  /var/folders/5n/p_75w94d66l9ssrldxqdhh700000gn/T//ccuW7IJy.s 			page 29


 1592 012a 34       		.uleb128 0x34
 1593 012b 00       		.byte	0
 1594 012c 03       		.uleb128 0x3
 1595 012d 08       		.uleb128 0x8
 1596 012e 3A       		.uleb128 0x3a
 1597 012f 0B       		.uleb128 0xb
 1598 0130 3B       		.uleb128 0x3b
 1599 0131 0B       		.uleb128 0xb
 1600 0132 49       		.uleb128 0x49
 1601 0133 13       		.uleb128 0x13
 1602 0134 02       		.uleb128 0x2
 1603 0135 06       		.uleb128 0x6
 1604 0136 00       		.byte	0
 1605 0137 00       		.byte	0
 1606 0138 19       		.uleb128 0x19
 1607 0139 0B       		.uleb128 0xb
 1608 013a 01       		.byte	0x1
 1609 013b 11       		.uleb128 0x11
 1610 013c 01       		.uleb128 0x1
 1611 013d 12       		.uleb128 0x12
 1612 013e 01       		.uleb128 0x1
 1613 013f 00       		.byte	0
 1614 0140 00       		.byte	0
 1615 0141 1A       		.uleb128 0x1a
 1616 0142 2E       		.uleb128 0x2e
 1617 0143 01       		.byte	0x1
 1618 0144 3F       		.uleb128 0x3f
 1619 0145 0C       		.uleb128 0xc
 1620 0146 03       		.uleb128 0x3
 1621 0147 0E       		.uleb128 0xe
 1622 0148 3A       		.uleb128 0x3a
 1623 0149 0B       		.uleb128 0xb
 1624 014a 3B       		.uleb128 0x3b
 1625 014b 0B       		.uleb128 0xb
 1626 014c 27       		.uleb128 0x27
 1627 014d 0C       		.uleb128 0xc
 1628 014e 11       		.uleb128 0x11
 1629 014f 01       		.uleb128 0x1
 1630 0150 12       		.uleb128 0x12
 1631 0151 01       		.uleb128 0x1
 1632 0152 40       		.uleb128 0x40
 1633 0153 0A       		.uleb128 0xa
 1634 0154 01       		.uleb128 0x1
 1635 0155 13       		.uleb128 0x13
 1636 0156 00       		.byte	0
 1637 0157 00       		.byte	0
 1638 0158 1B       		.uleb128 0x1b
 1639 0159 05       		.uleb128 0x5
 1640 015a 00       		.byte	0
 1641 015b 03       		.uleb128 0x3
 1642 015c 08       		.uleb128 0x8
 1643 015d 3A       		.uleb128 0x3a
 1644 015e 0B       		.uleb128 0xb
 1645 015f 3B       		.uleb128 0x3b
 1646 0160 0B       		.uleb128 0xb
 1647 0161 49       		.uleb128 0x49
 1648 0162 13       		.uleb128 0x13
ARM GAS  /var/folders/5n/p_75w94d66l9ssrldxqdhh700000gn/T//ccuW7IJy.s 			page 30


 1649 0163 02       		.uleb128 0x2
 1650 0164 06       		.uleb128 0x6
 1651 0165 00       		.byte	0
 1652 0166 00       		.byte	0
 1653 0167 1C       		.uleb128 0x1c
 1654 0168 34       		.uleb128 0x34
 1655 0169 00       		.byte	0
 1656 016a 03       		.uleb128 0x3
 1657 016b 0E       		.uleb128 0xe
 1658 016c 3A       		.uleb128 0x3a
 1659 016d 0B       		.uleb128 0xb
 1660 016e 3B       		.uleb128 0x3b
 1661 016f 0B       		.uleb128 0xb
 1662 0170 49       		.uleb128 0x49
 1663 0171 13       		.uleb128 0x13
 1664 0172 02       		.uleb128 0x2
 1665 0173 06       		.uleb128 0x6
 1666 0174 00       		.byte	0
 1667 0175 00       		.byte	0
 1668 0176 1D       		.uleb128 0x1d
 1669 0177 2E       		.uleb128 0x2e
 1670 0178 01       		.byte	0x1
 1671 0179 3F       		.uleb128 0x3f
 1672 017a 0C       		.uleb128 0xc
 1673 017b 03       		.uleb128 0x3
 1674 017c 0E       		.uleb128 0xe
 1675 017d 3A       		.uleb128 0x3a
 1676 017e 0B       		.uleb128 0xb
 1677 017f 3B       		.uleb128 0x3b
 1678 0180 0B       		.uleb128 0xb
 1679 0181 27       		.uleb128 0x27
 1680 0182 0C       		.uleb128 0xc
 1681 0183 49       		.uleb128 0x49
 1682 0184 13       		.uleb128 0x13
 1683 0185 11       		.uleb128 0x11
 1684 0186 01       		.uleb128 0x1
 1685 0187 12       		.uleb128 0x12
 1686 0188 01       		.uleb128 0x1
 1687 0189 40       		.uleb128 0x40
 1688 018a 06       		.uleb128 0x6
 1689 018b 01       		.uleb128 0x1
 1690 018c 13       		.uleb128 0x13
 1691 018d 00       		.byte	0
 1692 018e 00       		.byte	0
 1693 018f 1E       		.uleb128 0x1e
 1694 0190 05       		.uleb128 0x5
 1695 0191 00       		.byte	0
 1696 0192 03       		.uleb128 0x3
 1697 0193 0E       		.uleb128 0xe
 1698 0194 3A       		.uleb128 0x3a
 1699 0195 0B       		.uleb128 0xb
 1700 0196 3B       		.uleb128 0x3b
 1701 0197 0B       		.uleb128 0xb
 1702 0198 49       		.uleb128 0x49
 1703 0199 13       		.uleb128 0x13
 1704 019a 02       		.uleb128 0x2
 1705 019b 06       		.uleb128 0x6
ARM GAS  /var/folders/5n/p_75w94d66l9ssrldxqdhh700000gn/T//ccuW7IJy.s 			page 31


 1706 019c 00       		.byte	0
 1707 019d 00       		.byte	0
 1708 019e 00       		.byte	0
 1709              		.section	.debug_loc,"",%progbits
 1710              	.Ldebug_loc0:
 1711              	.LLST0:
 1712 0000 06000000 		.4byte	.LVL2
 1713 0004 08000000 		.4byte	.LVL3
 1714 0008 0100     		.2byte	0x1
 1715 000a 53       		.byte	0x53
 1716 000b 00000000 		.4byte	0
 1717 000f 00000000 		.4byte	0
 1718              	.LLST1:
 1719 0013 12000000 		.4byte	.LVL5
 1720 0017 14000000 		.4byte	.LFE7
 1721 001b 0100     		.2byte	0x1
 1722 001d 53       		.byte	0x53
 1723 001e 00000000 		.4byte	0
 1724 0022 00000000 		.4byte	0
 1725              	.LLST2:
 1726 0026 00000000 		.4byte	.LVL6
 1727 002a 34000000 		.4byte	.LVL16
 1728 002e 0100     		.2byte	0x1
 1729 0030 50       		.byte	0x50
 1730 0031 34000000 		.4byte	.LVL16
 1731 0035 3D000000 		.4byte	.LVL17-1
 1732 0039 0100     		.2byte	0x1
 1733 003b 51       		.byte	0x51
 1734 003c 3E000000 		.4byte	.LVL17
 1735 0040 4B000000 		.4byte	.LVL19-1
 1736 0044 0100     		.2byte	0x1
 1737 0046 50       		.byte	0x50
 1738 0047 00000000 		.4byte	0
 1739 004b 00000000 		.4byte	0
 1740              	.LLST3:
 1741 004f 10000000 		.4byte	.LVL9
 1742 0053 32000000 		.4byte	.LVL15
 1743 0057 0100     		.2byte	0x1
 1744 0059 52       		.byte	0x52
 1745 005a 3E000000 		.4byte	.LVL17
 1746 005e 42000000 		.4byte	.LVL18
 1747 0062 0100     		.2byte	0x1
 1748 0064 52       		.byte	0x52
 1749 0065 00000000 		.4byte	0
 1750 0069 00000000 		.4byte	0
 1751              	.LLST4:
 1752 006d 08000000 		.4byte	.LVL8
 1753 0071 12000000 		.4byte	.LVL10
 1754 0075 0100     		.2byte	0x1
 1755 0077 53       		.byte	0x53
 1756 0078 00000000 		.4byte	0
 1757 007c 00000000 		.4byte	0
 1758              	.LLST5:
 1759 0080 16000000 		.4byte	.LVL11
 1760 0084 1A000000 		.4byte	.LVL12
 1761 0088 0100     		.2byte	0x1
 1762 008a 53       		.byte	0x53
ARM GAS  /var/folders/5n/p_75w94d66l9ssrldxqdhh700000gn/T//ccuW7IJy.s 			page 32


 1763 008b 1E000000 		.4byte	.LVL13
 1764 008f 20000000 		.4byte	.LVL14
 1765 0093 0100     		.2byte	0x1
 1766 0095 53       		.byte	0x53
 1767 0096 00000000 		.4byte	0
 1768 009a 00000000 		.4byte	0
 1769              	.LLST6:
 1770 009e 00000000 		.4byte	.LFB9
 1771 00a2 02000000 		.4byte	.LCFI0
 1772 00a6 0200     		.2byte	0x2
 1773 00a8 7D       		.byte	0x7d
 1774 00a9 00       		.sleb128 0
 1775 00aa 02000000 		.4byte	.LCFI0
 1776 00ae 04000000 		.4byte	.LCFI1
 1777 00b2 0200     		.2byte	0x2
 1778 00b4 7D       		.byte	0x7d
 1779 00b5 10       		.sleb128 16
 1780 00b6 04000000 		.4byte	.LCFI1
 1781 00ba 40000000 		.4byte	.LFE9
 1782 00be 0200     		.2byte	0x2
 1783 00c0 7D       		.byte	0x7d
 1784 00c1 18       		.sleb128 24
 1785 00c2 00000000 		.4byte	0
 1786 00c6 00000000 		.4byte	0
 1787              	.LLST7:
 1788 00ca 00000000 		.4byte	.LVL20
 1789 00ce 0D000000 		.4byte	.LVL21-1
 1790 00d2 0100     		.2byte	0x1
 1791 00d4 50       		.byte	0x50
 1792 00d5 00000000 		.4byte	0
 1793 00d9 00000000 		.4byte	0
 1794              	.LLST8:
 1795 00dd 00000000 		.4byte	.LVL20
 1796 00e1 0D000000 		.4byte	.LVL21-1
 1797 00e5 0100     		.2byte	0x1
 1798 00e7 51       		.byte	0x51
 1799 00e8 0D000000 		.4byte	.LVL21-1
 1800 00ec 1A000000 		.4byte	.LVL24
 1801 00f0 0100     		.2byte	0x1
 1802 00f2 54       		.byte	0x54
 1803 00f3 1A000000 		.4byte	.LVL24
 1804 00f7 23000000 		.4byte	.LVL26-1
 1805 00fb 0100     		.2byte	0x1
 1806 00fd 51       		.byte	0x51
 1807 00fe 3C000000 		.4byte	.LVL31
 1808 0102 3E000000 		.4byte	.LVL32
 1809 0106 0100     		.2byte	0x1
 1810 0108 54       		.byte	0x54
 1811 0109 00000000 		.4byte	0
 1812 010d 00000000 		.4byte	0
 1813              	.LLST9:
 1814 0111 00000000 		.4byte	.LVL20
 1815 0115 0D000000 		.4byte	.LVL21-1
 1816 0119 0100     		.2byte	0x1
 1817 011b 52       		.byte	0x52
 1818 011c 0D000000 		.4byte	.LVL21-1
 1819 0120 40000000 		.4byte	.LFE9
ARM GAS  /var/folders/5n/p_75w94d66l9ssrldxqdhh700000gn/T//ccuW7IJy.s 			page 33


 1820 0124 0100     		.2byte	0x1
 1821 0126 55       		.byte	0x55
 1822 0127 00000000 		.4byte	0
 1823 012b 00000000 		.4byte	0
 1824              	.LLST10:
 1825 012f 00000000 		.4byte	.LVL20
 1826 0133 0D000000 		.4byte	.LVL21-1
 1827 0137 0100     		.2byte	0x1
 1828 0139 53       		.byte	0x53
 1829 013a 0D000000 		.4byte	.LVL21-1
 1830 013e 40000000 		.4byte	.LFE9
 1831 0142 0100     		.2byte	0x1
 1832 0144 56       		.byte	0x56
 1833 0145 00000000 		.4byte	0
 1834 0149 00000000 		.4byte	0
 1835              	.LLST11:
 1836 014d 0E000000 		.4byte	.LVL21
 1837 0151 23000000 		.4byte	.LVL26-1
 1838 0155 0100     		.2byte	0x1
 1839 0157 50       		.byte	0x50
 1840 0158 3C000000 		.4byte	.LVL31
 1841 015c 40000000 		.4byte	.LFE9
 1842 0160 0100     		.2byte	0x1
 1843 0162 50       		.byte	0x50
 1844 0163 00000000 		.4byte	0
 1845 0167 00000000 		.4byte	0
 1846              	.LLST12:
 1847 016b 2C000000 		.4byte	.LVL27
 1848 016f 2F000000 		.4byte	.LVL28-1
 1849 0173 0100     		.2byte	0x1
 1850 0175 50       		.byte	0x50
 1851 0176 2F000000 		.4byte	.LVL28-1
 1852 017a 36000000 		.4byte	.LVL30
 1853 017e 0100     		.2byte	0x1
 1854 0180 54       		.byte	0x54
 1855 0181 00000000 		.4byte	0
 1856 0185 00000000 		.4byte	0
 1857              	.LLST13:
 1858 0189 16000000 		.4byte	.LVL23
 1859 018d 1C000000 		.4byte	.LVL25
 1860 0191 0100     		.2byte	0x1
 1861 0193 53       		.byte	0x53
 1862 0194 00000000 		.4byte	0
 1863 0198 00000000 		.4byte	0
 1864              	.LLST14:
 1865 019c 36000000 		.4byte	.LVL30
 1866 01a0 3C000000 		.4byte	.LVL31
 1867 01a4 0100     		.2byte	0x1
 1868 01a6 53       		.byte	0x53
 1869 01a7 00000000 		.4byte	0
 1870 01ab 00000000 		.4byte	0
 1871              	.LLST15:
 1872 01af 00000000 		.4byte	.LFB10
 1873 01b3 02000000 		.4byte	.LCFI2
 1874 01b7 0200     		.2byte	0x2
 1875 01b9 7D       		.byte	0x7d
 1876 01ba 00       		.sleb128 0
ARM GAS  /var/folders/5n/p_75w94d66l9ssrldxqdhh700000gn/T//ccuW7IJy.s 			page 34


 1877 01bb 02000000 		.4byte	.LCFI2
 1878 01bf 04000000 		.4byte	.LCFI3
 1879 01c3 0200     		.2byte	0x2
 1880 01c5 7D       		.byte	0x7d
 1881 01c6 14       		.sleb128 20
 1882 01c7 04000000 		.4byte	.LCFI3
 1883 01cb 42000000 		.4byte	.LFE10
 1884 01cf 0200     		.2byte	0x2
 1885 01d1 7D       		.byte	0x7d
 1886 01d2 20       		.sleb128 32
 1887 01d3 00000000 		.4byte	0
 1888 01d7 00000000 		.4byte	0
 1889              	.LLST16:
 1890 01db 00000000 		.4byte	.LVL33
 1891 01df 0F000000 		.4byte	.LVL34-1
 1892 01e3 0100     		.2byte	0x1
 1893 01e5 50       		.byte	0x50
 1894 01e6 0F000000 		.4byte	.LVL34-1
 1895 01ea 42000000 		.4byte	.LFE10
 1896 01ee 0100     		.2byte	0x1
 1897 01f0 54       		.byte	0x54
 1898 01f1 00000000 		.4byte	0
 1899 01f5 00000000 		.4byte	0
 1900              	.LLST17:
 1901 01f9 00000000 		.4byte	.LVL33
 1902 01fd 0F000000 		.4byte	.LVL34-1
 1903 0201 0100     		.2byte	0x1
 1904 0203 51       		.byte	0x51
 1905 0204 0F000000 		.4byte	.LVL34-1
 1906 0208 2E000000 		.4byte	.LVL39
 1907 020c 0100     		.2byte	0x1
 1908 020e 55       		.byte	0x55
 1909 020f 3E000000 		.4byte	.LVL43
 1910 0213 40000000 		.4byte	.LVL44
 1911 0217 0100     		.2byte	0x1
 1912 0219 55       		.byte	0x55
 1913 021a 00000000 		.4byte	0
 1914 021e 00000000 		.4byte	0
 1915              	.LLST18:
 1916 0222 00000000 		.4byte	.LVL33
 1917 0226 0F000000 		.4byte	.LVL34-1
 1918 022a 0100     		.2byte	0x1
 1919 022c 52       		.byte	0x52
 1920 022d 0F000000 		.4byte	.LVL34-1
 1921 0231 42000000 		.4byte	.LFE10
 1922 0235 0100     		.2byte	0x1
 1923 0237 56       		.byte	0x56
 1924 0238 00000000 		.4byte	0
 1925 023c 00000000 		.4byte	0
 1926              	.LLST19:
 1927 0240 00000000 		.4byte	.LVL33
 1928 0244 0F000000 		.4byte	.LVL34-1
 1929 0248 0100     		.2byte	0x1
 1930 024a 53       		.byte	0x53
 1931 024b 0F000000 		.4byte	.LVL34-1
 1932 024f 42000000 		.4byte	.LFE10
 1933 0253 0100     		.2byte	0x1
ARM GAS  /var/folders/5n/p_75w94d66l9ssrldxqdhh700000gn/T//ccuW7IJy.s 			page 35


 1934 0255 57       		.byte	0x57
 1935 0256 00000000 		.4byte	0
 1936 025a 00000000 		.4byte	0
 1937              	.LLST20:
 1938 025e 10000000 		.4byte	.LVL34
 1939 0262 23000000 		.4byte	.LVL38-1
 1940 0266 0100     		.2byte	0x1
 1941 0268 50       		.byte	0x50
 1942 0269 3E000000 		.4byte	.LVL43
 1943 026d 42000000 		.4byte	.LFE10
 1944 0271 0100     		.2byte	0x1
 1945 0273 50       		.byte	0x50
 1946 0274 00000000 		.4byte	0
 1947 0278 00000000 		.4byte	0
 1948              	.LLST21:
 1949 027c 2E000000 		.4byte	.LVL39
 1950 0280 31000000 		.4byte	.LVL40-1
 1951 0284 0100     		.2byte	0x1
 1952 0286 50       		.byte	0x50
 1953 0287 31000000 		.4byte	.LVL40-1
 1954 028b 38000000 		.4byte	.LVL42
 1955 028f 0100     		.2byte	0x1
 1956 0291 55       		.byte	0x55
 1957 0292 00000000 		.4byte	0
 1958 0296 00000000 		.4byte	0
 1959              	.LLST22:
 1960 029a 18000000 		.4byte	.LVL36
 1961 029e 20000000 		.4byte	.LVL37
 1962 02a2 0100     		.2byte	0x1
 1963 02a4 53       		.byte	0x53
 1964 02a5 00000000 		.4byte	0
 1965 02a9 00000000 		.4byte	0
 1966              	.LLST23:
 1967 02ad 38000000 		.4byte	.LVL42
 1968 02b1 3E000000 		.4byte	.LVL43
 1969 02b5 0100     		.2byte	0x1
 1970 02b7 53       		.byte	0x53
 1971 02b8 00000000 		.4byte	0
 1972 02bc 00000000 		.4byte	0
 1973              		.section	.debug_aranges,"",%progbits
 1974 0000 34000000 		.4byte	0x34
 1975 0004 0200     		.2byte	0x2
 1976 0006 00000000 		.4byte	.Ldebug_info0
 1977 000a 04       		.byte	0x4
 1978 000b 00       		.byte	0
 1979 000c 0000     		.2byte	0
 1980 000e 0000     		.2byte	0
 1981 0010 00000000 		.4byte	.LFB7
 1982 0014 14000000 		.4byte	.LFE7-.LFB7
 1983 0018 00000000 		.4byte	.LFB8
 1984 001c 4C000000 		.4byte	.LFE8-.LFB8
 1985 0020 00000000 		.4byte	.LFB9
 1986 0024 40000000 		.4byte	.LFE9-.LFB9
 1987 0028 00000000 		.4byte	.LFB10
 1988 002c 42000000 		.4byte	.LFE10-.LFB10
 1989 0030 00000000 		.4byte	0
 1990 0034 00000000 		.4byte	0
ARM GAS  /var/folders/5n/p_75w94d66l9ssrldxqdhh700000gn/T//ccuW7IJy.s 			page 36


 1991              		.section	.debug_ranges,"",%progbits
 1992              	.Ldebug_ranges0:
 1993 0000 00000000 		.4byte	.LFB7
 1994 0004 14000000 		.4byte	.LFE7
 1995 0008 00000000 		.4byte	.LFB8
 1996 000c 4C000000 		.4byte	.LFE8
 1997 0010 00000000 		.4byte	.LFB9
 1998 0014 40000000 		.4byte	.LFE9
 1999 0018 00000000 		.4byte	.LFB10
 2000 001c 42000000 		.4byte	.LFE10
 2001 0020 00000000 		.4byte	0
 2002 0024 00000000 		.4byte	0
 2003              		.section	.debug_line,"",%progbits
 2004              	.Ldebug_line0:
 2005 0000 FC010000 		.section	.debug_str,"MS",%progbits,1
 2005      02007501 
 2005      00000201 
 2005      FB0E0D00 
 2005      01010101 
 2006              	.LASF73:
 2007 0000 7466756E 		.ascii	"tfunc_t\000"
 2007      635F7400 
 2008              	.LASF37:
 2009 0008 705F6D73 		.ascii	"p_msg\000"
 2009      6700
 2010              	.LASF81:
 2011 000e 2E2E2F2E 		.ascii	"../../os/kernel/src/chdynamic.c\000"
 2011      2E2F6F73 
 2011      2F6B6572 
 2011      6E656C2F 
 2011      7372632F 
 2012              	.LASF2:
 2013 002e 73697A65 		.ascii	"size_t\000"
 2013      5F7400
 2014              	.LASF68:
 2015 0035 7264796D 		.ascii	"rdymsg\000"
 2015      736700
 2016              	.LASF12:
 2017 003c 75696E74 		.ascii	"uint64_t\000"
 2017      36345F74 
 2017      00
 2018              	.LASF67:
 2019 0045 4D656D6F 		.ascii	"MemoryPool\000"
 2019      7279506F 
 2019      6F6C00
 2020              	.LASF52:
 2021 0050 6D656D67 		.ascii	"memgetfunc_t\000"
 2021      65746675 
 2021      6E635F74 
 2021      00
 2022              	.LASF13:
 2023 005d 6C6F6E67 		.ascii	"long long unsigned int\000"
 2023      206C6F6E 
 2023      6720756E 
 2023      7369676E 
 2023      65642069 
 2024              	.LASF69:
ARM GAS  /var/folders/5n/p_75w94d66l9ssrldxqdhh700000gn/T//ccuW7IJy.s 			page 37


 2025 0074 65786974 		.ascii	"exitcode\000"
 2025      636F6465 
 2025      00
 2026              	.LASF56:
 2027 007d 685F6672 		.ascii	"h_free\000"
 2027      656500
 2028              	.LASF77:
 2029 0084 68656170 		.ascii	"heapp\000"
 2029      7000
 2030              	.LASF58:
 2031 008a 6E657874 		.ascii	"next\000"
 2031      00
 2032              	.LASF25:
 2033 008f 705F7072 		.ascii	"p_prio\000"
 2033      696F00
 2034              	.LASF11:
 2035 0096 6C6F6E67 		.ascii	"long long int\000"
 2035      206C6F6E 
 2035      6720696E 
 2035      7400
 2036              	.LASF1:
 2037 00a4 7369676E 		.ascii	"signed char\000"
 2037      65642063 
 2037      68617200 
 2038              	.LASF57:
 2039 00b0 685F6D74 		.ascii	"h_mtx\000"
 2039      7800
 2040              	.LASF41:
 2041 00b6 705F6D70 		.ascii	"p_mpool\000"
 2041      6F6F6C00 
 2042              	.LASF49:
 2043 00be 6D5F7175 		.ascii	"m_queue\000"
 2043      65756500 
 2044              	.LASF17:
 2045 00c6 74736C69 		.ascii	"tslices_t\000"
 2045      6365735F 
 2045      7400
 2046              	.LASF8:
 2047 00d0 6C6F6E67 		.ascii	"long int\000"
 2047      20696E74 
 2047      00
 2048              	.LASF76:
 2049 00d9 63685468 		.ascii	"chThdCreateFromHeap\000"
 2049      64437265 
 2049      61746546 
 2049      726F6D48 
 2049      65617000 
 2050              	.LASF15:
 2051 00ed 74737461 		.ascii	"tstate_t\000"
 2051      74655F74 
 2051      00
 2052              	.LASF64:
 2053 00f6 6D705F6E 		.ascii	"mp_next\000"
 2053      65787400 
 2054              	.LASF27:
 2055 00fe 705F6E65 		.ascii	"p_newer\000"
 2055      77657200 
ARM GAS  /var/folders/5n/p_75w94d66l9ssrldxqdhh700000gn/T//ccuW7IJy.s 			page 38


 2056              	.LASF79:
 2057 0106 63685468 		.ascii	"chThdCreateFromMemoryPool\000"
 2057      64437265 
 2057      61746546 
 2057      726F6D4D 
 2057      656D6F72 
 2058              	.LASF66:
 2059 0120 6D705F70 		.ascii	"mp_provider\000"
 2059      726F7669 
 2059      64657200 
 2060              	.LASF44:
 2061 012c 72656761 		.ascii	"regarm_t\000"
 2061      726D5F74 
 2061      00
 2062              	.LASF60:
 2063 0135 616C6967 		.ascii	"align\000"
 2063      6E00
 2064              	.LASF0:
 2065 013b 756E7369 		.ascii	"unsigned int\000"
 2065      676E6564 
 2065      20696E74 
 2065      00
 2066              	.LASF10:
 2067 0148 6C6F6E67 		.ascii	"long unsigned int\000"
 2067      20756E73 
 2067      69676E65 
 2067      6420696E 
 2067      7400
 2068              	.LASF47:
 2069 015a 636F6E74 		.ascii	"context\000"
 2069      65787400 
 2070              	.LASF61:
 2071 0162 73697A65 		.ascii	"size\000"
 2071      00
 2072              	.LASF6:
 2073 0167 73686F72 		.ascii	"short unsigned int\000"
 2073      7420756E 
 2073      7369676E 
 2073      65642069 
 2073      6E7400
 2074              	.LASF19:
 2075 017a 6D73675F 		.ascii	"msg_t\000"
 2075      7400
 2076              	.LASF14:
 2077 0180 746D6F64 		.ascii	"tmode_t\000"
 2077      655F7400 
 2078              	.LASF43:
 2079 0188 54687265 		.ascii	"ThreadsList\000"
 2079      6164734C 
 2079      69737400 
 2080              	.LASF20:
 2081 0194 6576656E 		.ascii	"eventmask_t\000"
 2081      746D6173 
 2081      6B5F7400 
 2082              	.LASF48:
 2083 01a0 4D757465 		.ascii	"Mutex\000"
 2083      7800
ARM GAS  /var/folders/5n/p_75w94d66l9ssrldxqdhh700000gn/T//ccuW7IJy.s 			page 39


 2084              	.LASF75:
 2085 01a6 63685468 		.ascii	"chThdAddRef\000"
 2085      64416464 
 2085      52656600 
 2086              	.LASF45:
 2087 01b2 73746B61 		.ascii	"stkalign_t\000"
 2087      6C69676E 
 2087      5F7400
 2088              	.LASF28:
 2089 01bd 705F6F6C 		.ascii	"p_older\000"
 2089      64657200 
 2090              	.LASF42:
 2091 01c5 54687265 		.ascii	"ThreadsQueue\000"
 2091      61647351 
 2091      75657565 
 2091      00
 2092              	.LASF65:
 2093 01d2 6D705F6F 		.ascii	"mp_object_size\000"
 2093      626A6563 
 2093      745F7369 
 2093      7A6500
 2094              	.LASF78:
 2095 01e1 7072696F 		.ascii	"prio\000"
 2095      00
 2096              	.LASF53:
 2097 01e6 4D656D6F 		.ascii	"MemoryHeap\000"
 2097      72794865 
 2097      617000
 2098              	.LASF63:
 2099 01f1 70685F6E 		.ascii	"ph_next\000"
 2099      65787400 
 2100              	.LASF16:
 2101 01f9 74726566 		.ascii	"trefs_t\000"
 2101      735F7400 
 2102              	.LASF74:
 2103 0201 72656673 		.ascii	"refs\000"
 2103      00
 2104              	.LASF24:
 2105 0206 705F7072 		.ascii	"p_prev\000"
 2105      657600
 2106              	.LASF18:
 2107 020d 74707269 		.ascii	"tprio_t\000"
 2107      6F5F7400 
 2108              	.LASF7:
 2109 0215 696E7433 		.ascii	"int32_t\000"
 2109      325F7400 
 2110              	.LASF4:
 2111 021d 756E7369 		.ascii	"unsigned char\000"
 2111      676E6564 
 2111      20636861 
 2111      7200
 2112              	.LASF55:
 2113 022b 685F7072 		.ascii	"h_provider\000"
 2113      6F766964 
 2113      657200
 2114              	.LASF39:
 2115 0236 705F6D74 		.ascii	"p_mtxlist\000"
ARM GAS  /var/folders/5n/p_75w94d66l9ssrldxqdhh700000gn/T//ccuW7IJy.s 			page 40


 2115      786C6973 
 2115      7400
 2116              	.LASF5:
 2117 0240 73686F72 		.ascii	"short int\000"
 2117      7420696E 
 2117      7400
 2118              	.LASF30:
 2119 024a 705F7374 		.ascii	"p_state\000"
 2119      61746500 
 2120              	.LASF33:
 2121 0252 705F7072 		.ascii	"p_preempt\000"
 2121      65656D70 
 2121      7400
 2122              	.LASF83:
 2123 025c 68656170 		.ascii	"heap_header\000"
 2123      5F686561 
 2123      64657200 
 2124              	.LASF71:
 2125 0268 65776D61 		.ascii	"ewmask\000"
 2125      736B00
 2126              	.LASF23:
 2127 026f 705F6E65 		.ascii	"p_next\000"
 2127      787400
 2128              	.LASF31:
 2129 0276 705F666C 		.ascii	"p_flags\000"
 2129      61677300 
 2130              	.LASF84:
 2131 027e 63685468 		.ascii	"chThdRelease\000"
 2131      6452656C 
 2131      65617365 
 2131      00
 2132              	.LASF22:
 2133 028b 54687265 		.ascii	"Thread\000"
 2133      616400
 2134              	.LASF38:
 2135 0292 705F6570 		.ascii	"p_epending\000"
 2135      656E6469 
 2135      6E6700
 2136              	.LASF9:
 2137 029d 75696E74 		.ascii	"uint32_t\000"
 2137      33325F74 
 2137      00
 2138              	.LASF59:
 2139 02a6 68656170 		.ascii	"heap\000"
 2139      00
 2140              	.LASF72:
 2141 02ab 63686172 		.ascii	"char\000"
 2141      00
 2142              	.LASF51:
 2143 02b0 6D5F6E65 		.ascii	"m_next\000"
 2143      787400
 2144              	.LASF21:
 2145 02b7 73797374 		.ascii	"systime_t\000"
 2145      696D655F 
 2145      7400
 2146              	.LASF40:
 2147 02c1 705F7265 		.ascii	"p_realprio\000"
ARM GAS  /var/folders/5n/p_75w94d66l9ssrldxqdhh700000gn/T//ccuW7IJy.s 			page 41


 2147      616C7072 
 2147      696F00
 2148              	.LASF34:
 2149 02cc 705F7469 		.ascii	"p_time\000"
 2149      6D6500
 2150              	.LASF80:
 2151 02d3 474E5520 		.ascii	"GNU C 4.6.2 20111004 (prerelease)\000"
 2151      4320342E 
 2151      362E3220 
 2151      32303131 
 2151      31303034 
 2152              	.LASF46:
 2153 02f5 696E7463 		.ascii	"intctx\000"
 2153      747800
 2154              	.LASF36:
 2155 02fc 705F6D73 		.ascii	"p_msgqueue\000"
 2155      67717565 
 2155      756500
 2156              	.LASF62:
 2157 0307 706F6F6C 		.ascii	"pool_header\000"
 2157      5F686561 
 2157      64657200 
 2158              	.LASF32:
 2159 0313 705F7265 		.ascii	"p_refs\000"
 2159      667300
 2160              	.LASF3:
 2161 031a 75696E74 		.ascii	"uint8_t\000"
 2161      385F7400 
 2162              	.LASF70:
 2163 0322 77746F62 		.ascii	"wtobjp\000"
 2163      6A7000
 2164              	.LASF29:
 2165 0329 705F6E61 		.ascii	"p_name\000"
 2165      6D6500
 2166              	.LASF82:
 2167 0330 2F557365 		.ascii	"/Users/sin/Documents/Eclipse/Workspace/mabl-ChibiOS"
 2167      72732F73 
 2167      696E2F44 
 2167      6F63756D 
 2167      656E7473 
 2168 0363 2D322E35 		.ascii	"-2.5.1/demos/ARMCM4-STM32F407-LWIP\000"
 2168      2E312F64 
 2168      656D6F73 
 2168      2F41524D 
 2168      434D342D 
 2169              	.LASF50:
 2170 0386 6D5F6F77 		.ascii	"m_owner\000"
 2170      6E657200 
 2171              	.LASF26:
 2172 038e 705F6374 		.ascii	"p_ctx\000"
 2172      7800
 2173              	.LASF35:
 2174 0394 705F7761 		.ascii	"p_waiting\000"
 2174      6974696E 
 2174      6700
 2175              	.LASF54:
 2176 039e 6D656D6F 		.ascii	"memory_heap\000"
ARM GAS  /var/folders/5n/p_75w94d66l9ssrldxqdhh700000gn/T//ccuW7IJy.s 			page 42


 2176      72795F68 
 2176      65617000 
 2177              		.ident	"GCC: (Linaro GCC 4.6-2011.10) 4.6.2 20111004 (prerelease)"
ARM GAS  /var/folders/5n/p_75w94d66l9ssrldxqdhh700000gn/T//ccuW7IJy.s 			page 43


DEFINED SYMBOLS
                            *ABS*:0000000000000000 chdynamic.c
/var/folders/5n/p_75w94d66l9ssrldxqdhh700000gn/T//ccuW7IJy.s:18     .text.chThdAddRef:0000000000000000 $t
/var/folders/5n/p_75w94d66l9ssrldxqdhh700000gn/T//ccuW7IJy.s:24     .text.chThdAddRef:0000000000000000 chThdAddRef
/var/folders/5n/p_75w94d66l9ssrldxqdhh700000gn/T//ccuW7IJy.s:64     .text.chThdRelease:0000000000000000 $t
/var/folders/5n/p_75w94d66l9ssrldxqdhh700000gn/T//ccuW7IJy.s:70     .text.chThdRelease:0000000000000000 chThdRelease
/var/folders/5n/p_75w94d66l9ssrldxqdhh700000gn/T//ccuW7IJy.s:156    .text.chThdCreateFromHeap:0000000000000000 $t
/var/folders/5n/p_75w94d66l9ssrldxqdhh700000gn/T//ccuW7IJy.s:162    .text.chThdCreateFromHeap:0000000000000000 chThdCreateFromHeap
/var/folders/5n/p_75w94d66l9ssrldxqdhh700000gn/T//ccuW7IJy.s:244    .text.chThdCreateFromMemoryPool:0000000000000000 $t
/var/folders/5n/p_75w94d66l9ssrldxqdhh700000gn/T//ccuW7IJy.s:250    .text.chThdCreateFromMemoryPool:0000000000000000 chThdCreateFromMemoryPool
                     .debug_frame:0000000000000010 $d

UNDEFINED SYMBOLS
chPoolFree
chHeapFree
chHeapAlloc
chThdCreateI
chSchWakeupS
chPoolAlloc
