ARM GAS  /var/folders/5n/p_75w94d66l9ssrldxqdhh700000gn/T//ccXifdbM.s 			page 1


   1              		.syntax unified
   2              		.cpu cortex-m4
   3              		.fpu softvfp
   4              		.eabi_attribute 20, 1
   5              		.eabi_attribute 21, 1
   6              		.eabi_attribute 23, 3
   7              		.eabi_attribute 24, 1
   8              		.eabi_attribute 25, 1
   9              		.eabi_attribute 26, 1
  10              		.eabi_attribute 30, 2
  11              		.eabi_attribute 18, 4
  12              		.thumb
  13              		.file	"chheap.c"
  14              		.text
  15              	.Ltext0:
  16              		.cfi_sections	.debug_frame
  17              		.section	.text._heap_init,"ax",%progbits
  18              		.align	2
  19              		.p2align 4,,15
  20              		.global	_heap_init
  21              		.thumb
  22              		.thumb_func
  23              		.type	_heap_init, %function
  24              	_heap_init:
  25              	.LFB7:
  26              		.file 1 "../../os/kernel/src/chheap.c"
  27              		.loc 1 68 0
  28              		.cfi_startproc
  29              		@ args = 0, pretend = 0, frame = 0
  30              		@ frame_needed = 0, uses_anonymous_args = 0
  31              		@ link register save eliminated.
  32              		.loc 1 69 0
  33 0000 40F20003 		movw	r3, #:lower16:.LANCHOR0
  34 0004 C0F20003 		movt	r3, #:upper16:.LANCHOR0
  35 0008 40F20001 		movw	r1, #:lower16:chCoreAlloc
  36              		.loc 1 70 0
  37 000c 0022     		movs	r2, #0
  38              		.loc 1 69 0
  39 000e C0F20001 		movt	r1, #:upper16:chCoreAlloc
  40              		.loc 1 73 0
  41 0012 03F11000 		add	r0, r3, #16
  42              		.loc 1 69 0
  43 0016 1960     		str	r1, [r3, #0]
  44              		.loc 1 70 0
  45 0018 9A60     		str	r2, [r3, #8]
  46              		.loc 1 71 0
  47 001a DA60     		str	r2, [r3, #12]
  48              		.loc 1 77 0
  49              		.loc 1 73 0
  50 001c FFF7FEBF 		b	chMtxInit
  51              		.cfi_endproc
  52              	.LFE7:
  53              		.size	_heap_init, .-_heap_init
  54              		.section	.text.chHeapInit,"ax",%progbits
  55              		.align	2
  56              		.p2align 4,,15
  57              		.global	chHeapInit
ARM GAS  /var/folders/5n/p_75w94d66l9ssrldxqdhh700000gn/T//ccXifdbM.s 			page 2


  58              		.thumb
  59              		.thumb_func
  60              		.type	chHeapInit, %function
  61              	chHeapInit:
  62              	.LFB8:
  63              		.loc 1 92 0
  64              		.cfi_startproc
  65              		@ args = 0, pretend = 0, frame = 0
  66              		@ frame_needed = 0, uses_anonymous_args = 0
  67              		@ link register save eliminated.
  68              	.LVL0:
  69              		.loc 1 97 0
  70 0000 0023     		movs	r3, #0
  71 0002 0360     		str	r3, [r0, #0]
  72              	.LVL1:
  73              		.loc 1 98 0
  74 0004 8160     		str	r1, [r0, #8]
  75              		.loc 1 99 0
  76 0006 C360     		str	r3, [r0, #12]
  77              		.loc 1 101 0
  78 0008 083A     		subs	r2, r2, #8
  79              	.LVL2:
  80              		.loc 1 103 0
  81 000a 1030     		adds	r0, r0, #16
  82              	.LVL3:
  83              		.loc 1 100 0
  84 000c 0B60     		str	r3, [r1, #0]
  85              		.loc 1 101 0
  86 000e 4A60     		str	r2, [r1, #4]
  87              		.loc 1 107 0
  88              		.loc 1 103 0
  89 0010 FFF7FEBF 		b	chMtxInit
  90              	.LVL4:
  91              	.LVL5:
  92              	.LVL6:
  93              	.LVL7:
  94              		.cfi_endproc
  95              	.LFE8:
  96              		.size	chHeapInit, .-chHeapInit
  97 0014 AFF30080 		.section	.text.chHeapAlloc,"ax",%progbits
  97      AFF30080 
  97      AFF30080 
  98              		.align	2
  99              		.p2align 4,,15
 100              		.global	chHeapAlloc
 101              		.thumb
 102              		.thumb_func
 103              		.type	chHeapAlloc, %function
 104              	chHeapAlloc:
 105              	.LFB9:
 106              		.loc 1 125 0
 107              		.cfi_startproc
 108              		@ args = 0, pretend = 0, frame = 0
 109              		@ frame_needed = 0, uses_anonymous_args = 0
 110              	.LVL8:
 111 0000 F8B5     		push	{r3, r4, r5, r6, r7, lr}
 112              	.LCFI0:
ARM GAS  /var/folders/5n/p_75w94d66l9ssrldxqdhh700000gn/T//ccXifdbM.s 			page 3


 113              		.cfi_def_cfa_offset 24
 114              		.cfi_offset 14, -4
 115              		.cfi_offset 7, -8
 116              		.cfi_offset 6, -12
 117              		.cfi_offset 5, -16
 118              		.cfi_offset 4, -20
 119              		.cfi_offset 3, -24
 120              		.loc 1 129 0
 121 0002 204C     		ldr	r4, .L16
 122 0004 0028     		cmp	r0, #0
 123 0006 18BF     		it	ne
 124 0008 0446     		movne	r4, r0
 125              	.LVL9:
 126              		.loc 1 131 0
 127 000a 0731     		adds	r1, r1, #7
 128              	.LVL10:
 129              		.loc 1 133 0
 130 000c 04F11000 		add	r0, r4, #16
 131              		.loc 1 131 0
 132 0010 21F00706 		bic	r6, r1, #7
 133              	.LVL11:
 134              		.loc 1 132 0
 135 0014 04F10805 		add	r5, r4, #8
 136              	.LVL12:
 137              		.loc 1 133 0
 138 0018 FFF7FEFF 		bl	chMtxLock
 139              		.loc 1 135 0
 140 001c 00E0     		b	.L5
 141              	.LVL13:
 142              	.L11:
 143              		.loc 1 137 0
 144 001e 1D46     		mov	r5, r3
 145              	.LVL14:
 146              	.L5:
 147              		.loc 1 135 0 discriminator 1
 148 0020 2B68     		ldr	r3, [r5, #0]
 149 0022 F3B1     		cbz	r3, .L14
 150              	.LVL15:
 151              		.loc 1 137 0
 152 0024 5A68     		ldr	r2, [r3, #4]
 153 0026 9642     		cmp	r6, r2
 154 0028 F9D8     		bhi	.L11
 155              		.loc 1 138 0
 156 002a 06F10801 		add	r1, r6, #8
 157 002e 8A42     		cmp	r2, r1
 158 0030 14D3     		bcc	.L15
 159              		.loc 1 148 0
 160 0032 4FF6F870 		movw	r0, #65528
 161 0036 CFF6FF70 		movt	r0, 65535
 162              		.loc 1 146 0
 163 003a 5F18     		adds	r7, r3, r1
 164              	.LVL16:
 165              		.loc 1 147 0
 166 003c D3F800E0 		ldr	lr, [r3, #0]
 167              		.loc 1 148 0
 168 0040 801B     		subs	r0, r0, r6
 169 0042 8218     		adds	r2, r0, r2
ARM GAS  /var/folders/5n/p_75w94d66l9ssrldxqdhh700000gn/T//ccXifdbM.s 			page 4


 170              		.loc 1 147 0
 171 0044 43F801E0 		str	lr, [r3, r1]
 172              		.loc 1 148 0
 173 0048 7A60     		str	r2, [r7, #4]
 174              		.loc 1 149 0
 175 004a 2F60     		str	r7, [r5, #0]
 176              		.loc 1 150 0
 177 004c 5E60     		str	r6, [r3, #4]
 178              	.LVL17:
 179              	.L7:
 180              		.loc 1 152 0
 181 004e 1D46     		mov	r5, r3
 182              	.LVL18:
 183 0050 45F8084B 		str	r4, [r5], #8
 184              		.loc 1 154 0
 185 0054 FFF7FEFF 		bl	chMtxUnlock
 186              	.LVL19:
 187              	.L8:
 188              		.loc 1 174 0
 189 0058 2846     		mov	r0, r5
 190 005a F8BD     		pop	{r3, r4, r5, r6, r7, pc}
 191              	.LVL20:
 192              	.L15:
 193              		.loc 1 142 0
 194 005c 1A68     		ldr	r2, [r3, #0]
 195 005e 2A60     		str	r2, [r5, #0]
 196 0060 F5E7     		b	.L7
 197              	.LVL21:
 198              	.L14:
 199              		.loc 1 160 0
 200 0062 FFF7FEFF 		bl	chMtxUnlock
 201              		.loc 1 164 0
 202 0066 2568     		ldr	r5, [r4, #0]
 203              	.LVL22:
 204 0068 002D     		cmp	r5, #0
 205 006a F5D0     		beq	.L8
 206              		.loc 1 165 0
 207 006c 06F10800 		add	r0, r6, #8
 208 0070 A847     		blx	r5
 209              	.LVL23:
 210              		.loc 1 166 0
 211 0072 0546     		mov	r5, r0
 212 0074 0028     		cmp	r0, #0
 213 0076 EFD0     		beq	.L8
 214              		.loc 1 170 0
 215 0078 0835     		adds	r5, r5, #8
 216              		.loc 1 168 0
 217 007a 80E85000 		stmia	r0, {r4, r6}
 218              	.LVL24:
 219              		.loc 1 174 0
 220 007e 2846     		mov	r0, r5
 221 0080 F8BD     		pop	{r3, r4, r5, r6, r7, pc}
 222              	.L17:
 223 0082 00BF     		.align	2
 224              	.L16:
 225 0084 00000000 		.word	.LANCHOR0
 226              		.cfi_endproc
ARM GAS  /var/folders/5n/p_75w94d66l9ssrldxqdhh700000gn/T//ccXifdbM.s 			page 5


 227              	.LFE9:
 228              		.size	chHeapAlloc, .-chHeapAlloc
 229 0088 AFF30080 		.section	.text.chHeapFree,"ax",%progbits
 229      AFF30080 
 230              		.align	2
 231              		.p2align 4,,15
 232              		.global	chHeapFree
 233              		.thumb
 234              		.thumb_func
 235              		.type	chHeapFree, %function
 236              	chHeapFree:
 237              	.LFB10:
 238              		.loc 1 187 0
 239              		.cfi_startproc
 240              		@ args = 0, pretend = 0, frame = 0
 241              		@ frame_needed = 0, uses_anonymous_args = 0
 242              	.LVL25:
 243 0000 70B5     		push	{r4, r5, r6, lr}
 244              	.LCFI1:
 245              		.cfi_def_cfa_offset 16
 246              		.cfi_offset 14, -4
 247              		.cfi_offset 6, -8
 248              		.cfi_offset 5, -12
 249              		.cfi_offset 4, -16
 250              		.loc 1 187 0
 251 0002 0646     		mov	r6, r0
 252              		.loc 1 193 0
 253 0004 A0F10804 		sub	r4, r0, #8
 254              	.LVL26:
 255              		.loc 1 194 0
 256 0008 50F8080C 		ldr	r0, [r0, #-8]
 257              	.LVL27:
 258              		.loc 1 195 0
 259 000c 00F10805 		add	r5, r0, #8
 260              	.LVL28:
 261              		.loc 1 196 0
 262 0010 1030     		adds	r0, r0, #16
 263 0012 FFF7FEFF 		bl	chMtxLock
 264              	.LVL29:
 265              		.loc 1 195 0
 266 0016 2B46     		mov	r3, r5
 267              	.LVL30:
 268              	.L26:
 269              		.loc 1 203 0
 270 0018 591B     		subs	r1, r3, r5
 271 001a 4A42     		rsbs	r2, r1, #0
 272 001c 42EB0102 		adc	r2, r2, r1
 273 0020 9C42     		cmp	r4, r3
 274 0022 88BF     		it	hi
 275 0024 42F00102 		orrhi	r2, r2, #1
 276 0028 2AB1     		cbz	r2, .L19
 277              		.loc 1 204 0 discriminator 1
 278 002a 1A68     		ldr	r2, [r3, #0]
 279              		.loc 1 203 0 discriminator 1
 280 002c 2AB1     		cbz	r2, .L20
 281              		.loc 1 204 0
 282 002e 9442     		cmp	r4, r2
ARM GAS  /var/folders/5n/p_75w94d66l9ssrldxqdhh700000gn/T//ccXifdbM.s 			page 6


 283 0030 03D3     		bcc	.L20
 284 0032 1346     		mov	r3, r2
 285              	.LVL31:
 286              		.loc 1 222 0
 287 0034 F0E7     		b	.L26
 288              	.LVL32:
 289              	.L19:
 290              		.loc 1 217 0
 291 0036 1B68     		ldr	r3, [r3, #0]
 292              	.LVL33:
 293 0038 EEE7     		b	.L26
 294              	.LVL34:
 295              	.L20:
 296              		.loc 1 209 0
 297 003a 56F8041C 		ldr	r1, [r6, #-4]
 298              		.loc 1 206 0
 299 003e 46F8082C 		str	r2, [r6, #-8]
 300              		.loc 1 207 0
 301 0042 1C60     		str	r4, [r3, #0]
 302              		.loc 1 209 0
 303 0044 01F10802 		add	r2, r1, #8
 304 0048 56F8085C 		ldr	r5, [r6, #-8]
 305              	.LVL35:
 306 004c A018     		adds	r0, r4, r2
 307 004e A842     		cmp	r0, r5
 308 0050 09D0     		beq	.L27
 309              		.loc 1 214 0
 310 0052 5A68     		ldr	r2, [r3, #4]
 311 0054 02F10801 		add	r1, r2, #8
 312 0058 5918     		adds	r1, r3, r1
 313 005a 8C42     		cmp	r4, r1
 314 005c 11D0     		beq	.L28
 315              	.L23:
 316              		.loc 1 226 0
 317 005e BDE87040 		pop	{r4, r5, r6, lr}
 318              		.loc 1 224 0
 319 0062 FFF7FEBF 		b	chMtxUnlock
 320              	.LVL36:
 321              	.L27:
 322              		.loc 1 211 0
 323 0066 4068     		ldr	r0, [r0, #4]
 324              		.loc 1 212 0
 325 0068 A258     		ldr	r2, [r4, r2]
 326              		.loc 1 211 0
 327 006a 0918     		adds	r1, r1, r0
 328 006c 0831     		adds	r1, r1, #8
 329 006e 46F8041C 		str	r1, [r6, #-4]
 330              		.loc 1 212 0
 331 0072 46F8082C 		str	r2, [r6, #-8]
 332              		.loc 1 214 0
 333 0076 5A68     		ldr	r2, [r3, #4]
 334 0078 02F10801 		add	r1, r2, #8
 335 007c 5918     		adds	r1, r3, r1
 336 007e 8C42     		cmp	r4, r1
 337 0080 EDD1     		bne	.L23
 338              	.L28:
 339              		.loc 1 216 0
ARM GAS  /var/folders/5n/p_75w94d66l9ssrldxqdhh700000gn/T//ccXifdbM.s 			page 7


 340 0082 56F8040C 		ldr	r0, [r6, #-4]
 341              		.loc 1 217 0
 342 0086 56F8081C 		ldr	r1, [r6, #-8]
 343              		.loc 1 216 0
 344 008a 1218     		adds	r2, r2, r0
 345 008c 0832     		adds	r2, r2, #8
 346              		.loc 1 217 0
 347 008e 83E80600 		stmia	r3, {r1, r2}
 348 0092 E4E7     		b	.L23
 349              		.cfi_endproc
 350              	.LFE10:
 351              		.size	chHeapFree, .-chHeapFree
 352 0094 AFF30080 		.section	.text.chHeapStatus,"ax",%progbits
 352      AFF30080 
 352      AFF30080 
 353              		.align	2
 354              		.p2align 4,,15
 355              		.global	chHeapStatus
 356              		.thumb
 357              		.thumb_func
 358              		.type	chHeapStatus, %function
 359              	chHeapStatus:
 360              	.LFB11:
 361              		.loc 1 243 0
 362              		.cfi_startproc
 363              		@ args = 0, pretend = 0, frame = 0
 364              		@ frame_needed = 0, uses_anonymous_args = 0
 365              	.LVL37:
 366 0000 38B5     		push	{r3, r4, r5, lr}
 367              	.LCFI2:
 368              		.cfi_def_cfa_offset 16
 369              		.cfi_offset 14, -4
 370              		.cfi_offset 5, -8
 371              		.cfi_offset 4, -12
 372              		.cfi_offset 3, -16
 373              		.loc 1 248 0
 374 0002 0D4C     		ldr	r4, .L37
 375 0004 0028     		cmp	r0, #0
 376 0006 18BF     		it	ne
 377 0008 0446     		movne	r4, r0
 378              	.LVL38:
 379              		.loc 1 250 0
 380 000a 04F11000 		add	r0, r4, #16
 381              		.loc 1 243 0
 382 000e 0D46     		mov	r5, r1
 383              		.loc 1 250 0
 384 0010 FFF7FEFF 		bl	chMtxLock
 385              	.LVL39:
 386              		.loc 1 253 0
 387 0014 A368     		ldr	r3, [r4, #8]
 388              		.loc 1 252 0
 389 0016 1A46     		mov	r2, r3
 390              		.loc 1 253 0
 391 0018 1C46     		mov	r4, r3
 392              	.LVL40:
 393 001a 3BB1     		cbz	r3, .L31
 394 001c 0022     		movs	r2, #0
ARM GAS  /var/folders/5n/p_75w94d66l9ssrldxqdhh700000gn/T//ccXifdbM.s 			page 8


 395 001e 1446     		mov	r4, r2
 396              	.LVL41:
 397              	.L32:
 398              		.loc 1 254 0 discriminator 2
 399 0020 5968     		ldr	r1, [r3, #4]
 400              		.loc 1 253 0 discriminator 2
 401 0022 1B68     		ldr	r3, [r3, #0]
 402              		.loc 1 254 0 discriminator 2
 403 0024 5218     		adds	r2, r2, r1
 404              	.LVL42:
 405              		.loc 1 253 0 discriminator 2
 406 0026 0134     		adds	r4, r4, #1
 407              	.LVL43:
 408 0028 002B     		cmp	r3, #0
 409 002a F9D1     		bne	.L32
 410              	.LVL44:
 411              	.L31:
 412              		.loc 1 255 0
 413 002c 05B1     		cbz	r5, .L33
 414              		.loc 1 256 0
 415 002e 2A60     		str	r2, [r5, #0]
 416              	.L33:
 417              		.loc 1 258 0
 418 0030 FFF7FEFF 		bl	chMtxUnlock
 419              		.loc 1 260 0
 420 0034 2046     		mov	r0, r4
 421 0036 38BD     		pop	{r3, r4, r5, pc}
 422              	.L38:
 423              		.align	2
 424              	.L37:
 425 0038 00000000 		.word	.LANCHOR0
 426              		.cfi_endproc
 427              	.LFE11:
 428              		.size	chHeapStatus, .-chHeapStatus
 429 003c AFF30080 		.section	.bss.default_heap,"aw",%nobits
 430              		.align	3
 431              		.set	.LANCHOR0,. + 0
 432              		.type	default_heap, %object
 433              		.size	default_heap, 32
 434              	default_heap:
 435 0000 00000000 		.space	32
 435      00000000 
 435      00000000 
 435      00000000 
 435      00000000 
 436              		.text
 437              	.Letext0:
 438              		.file 2 "/usr/local/summon/lib/gcc/arm-none-eabi/4.6.2/include/stddef.h"
 439              		.file 3 "/usr/local/summon/lib/gcc/arm-none-eabi/4.6.2/../../../../arm-none-eabi/include/stdint.h"
 440              		.file 4 "../../os/ports/GCC/ARMCMx/chtypes.h"
 441              		.file 5 "../../os/kernel/include/chlists.h"
 442              		.file 6 "../../os/kernel/include/chthreads.h"
 443              		.file 7 "../../os/ports/GCC/ARMCMx/chcore_v7m.h"
 444              		.file 8 "../../os/kernel/include/chmtx.h"
 445              		.file 9 "../../os/kernel/include/chmemcore.h"
 446              		.file 10 "../../os/kernel/include/chheap.h"
 447              		.section	.debug_info,"",%progbits
ARM GAS  /var/folders/5n/p_75w94d66l9ssrldxqdhh700000gn/T//ccXifdbM.s 			page 9


 448              	.Ldebug_info0:
 449 0000 52060000 		.4byte	0x652
 450 0004 0200     		.2byte	0x2
 451 0006 00000000 		.4byte	.Ldebug_abbrev0
 452 000a 04       		.byte	0x4
 453 000b 01       		.uleb128 0x1
 454 000c 7D020000 		.4byte	.LASF74
 455 0010 01       		.byte	0x1
 456 0011 BC000000 		.4byte	.LASF75
 457 0015 D4020000 		.4byte	.LASF76
 458 0019 00000000 		.4byte	0
 459 001d 00000000 		.4byte	0
 460 0021 00000000 		.4byte	.Ldebug_ranges0+0
 461 0025 00000000 		.4byte	.Ldebug_line0
 462 0029 02       		.uleb128 0x2
 463 002a 04       		.byte	0x4
 464 002b 05       		.byte	0x5
 465 002c 696E7400 		.ascii	"int\000"
 466 0030 03       		.uleb128 0x3
 467 0031 06000000 		.4byte	.LASF2
 468 0035 02       		.byte	0x2
 469 0036 D4       		.byte	0xd4
 470 0037 3B000000 		.4byte	0x3b
 471 003b 04       		.uleb128 0x4
 472 003c 04       		.byte	0x4
 473 003d 07       		.byte	0x7
 474 003e F9000000 		.4byte	.LASF0
 475 0042 04       		.uleb128 0x4
 476 0043 01       		.byte	0x1
 477 0044 06       		.byte	0x6
 478 0045 7C000000 		.4byte	.LASF1
 479 0049 03       		.uleb128 0x3
 480 004a B8020000 		.4byte	.LASF3
 481 004e 03       		.byte	0x3
 482 004f 2A       		.byte	0x2a
 483 0050 54000000 		.4byte	0x54
 484 0054 04       		.uleb128 0x4
 485 0055 01       		.byte	0x1
 486 0056 08       		.byte	0x8
 487 0057 AE010000 		.4byte	.LASF4
 488 005b 04       		.uleb128 0x4
 489 005c 02       		.byte	0x2
 490 005d 05       		.byte	0x5
 491 005e D1010000 		.4byte	.LASF5
 492 0062 04       		.uleb128 0x4
 493 0063 02       		.byte	0x2
 494 0064 07       		.byte	0x7
 495 0065 25010000 		.4byte	.LASF6
 496 0069 03       		.uleb128 0x3
 497 006a A6010000 		.4byte	.LASF7
 498 006e 03       		.byte	0x3
 499 006f 4F       		.byte	0x4f
 500 0070 74000000 		.4byte	0x74
 501 0074 04       		.uleb128 0x4
 502 0075 04       		.byte	0x4
 503 0076 05       		.byte	0x5
 504 0077 B3000000 		.4byte	.LASF8
ARM GAS  /var/folders/5n/p_75w94d66l9ssrldxqdhh700000gn/T//ccXifdbM.s 			page 10


 505 007b 03       		.uleb128 0x3
 506 007c 2D020000 		.4byte	.LASF9
 507 0080 03       		.byte	0x3
 508 0081 50       		.byte	0x50
 509 0082 86000000 		.4byte	0x86
 510 0086 04       		.uleb128 0x4
 511 0087 04       		.byte	0x4
 512 0088 07       		.byte	0x7
 513 0089 06010000 		.4byte	.LASF10
 514 008d 04       		.uleb128 0x4
 515 008e 08       		.byte	0x8
 516 008f 05       		.byte	0x5
 517 0090 6E000000 		.4byte	.LASF11
 518 0094 03       		.uleb128 0x3
 519 0095 14000000 		.4byte	.LASF12
 520 0099 03       		.byte	0x3
 521 009a 78       		.byte	0x78
 522 009b 9F000000 		.4byte	0x9f
 523 009f 04       		.uleb128 0x4
 524 00a0 08       		.byte	0x8
 525 00a1 07       		.byte	0x7
 526 00a2 2A000000 		.4byte	.LASF13
 527 00a6 03       		.uleb128 0x3
 528 00a7 3E010000 		.4byte	.LASF14
 529 00ab 04       		.byte	0x4
 530 00ac 28       		.byte	0x28
 531 00ad 49000000 		.4byte	0x49
 532 00b1 03       		.uleb128 0x3
 533 00b2 D9000000 		.4byte	.LASF15
 534 00b6 04       		.byte	0x4
 535 00b7 29       		.byte	0x29
 536 00b8 49000000 		.4byte	0x49
 537 00bc 03       		.uleb128 0x3
 538 00bd 8F010000 		.4byte	.LASF16
 539 00c1 04       		.byte	0x4
 540 00c2 2A       		.byte	0x2a
 541 00c3 49000000 		.4byte	0x49
 542 00c7 03       		.uleb128 0x3
 543 00c8 A9000000 		.4byte	.LASF17
 544 00cc 04       		.byte	0x4
 545 00cd 2B       		.byte	0x2b
 546 00ce 49000000 		.4byte	0x49
 547 00d2 03       		.uleb128 0x3
 548 00d3 9E010000 		.4byte	.LASF18
 549 00d7 04       		.byte	0x4
 550 00d8 2C       		.byte	0x2c
 551 00d9 7B000000 		.4byte	0x7b
 552 00dd 03       		.uleb128 0x3
 553 00de 38010000 		.4byte	.LASF19
 554 00e2 04       		.byte	0x4
 555 00e3 2D       		.byte	0x2d
 556 00e4 69000000 		.4byte	0x69
 557 00e8 03       		.uleb128 0x3
 558 00e9 52010000 		.4byte	.LASF20
 559 00ed 04       		.byte	0x4
 560 00ee 2F       		.byte	0x2f
 561 00ef 7B000000 		.4byte	0x7b
ARM GAS  /var/folders/5n/p_75w94d66l9ssrldxqdhh700000gn/T//ccXifdbM.s 			page 11


 562 00f3 03       		.uleb128 0x3
 563 00f4 61020000 		.4byte	.LASF21
 564 00f8 04       		.byte	0x4
 565 00f9 31       		.byte	0x31
 566 00fa 7B000000 		.4byte	0x7b
 567 00fe 03       		.uleb128 0x3
 568 00ff 0F020000 		.4byte	.LASF22
 569 0103 05       		.byte	0x5
 570 0104 23       		.byte	0x23
 571 0105 09010000 		.4byte	0x109
 572 0109 05       		.uleb128 0x5
 573 010a 0F020000 		.4byte	.LASF22
 574 010e 48       		.byte	0x48
 575 010f 06       		.byte	0x6
 576 0110 57       		.byte	0x57
 577 0111 2E020000 		.4byte	0x22e
 578 0115 06       		.uleb128 0x6
 579 0116 00020000 		.4byte	.LASF23
 580 011a 06       		.byte	0x6
 581 011b 58       		.byte	0x58
 582 011c 53020000 		.4byte	0x253
 583 0120 02       		.byte	0x2
 584 0121 23       		.byte	0x23
 585 0122 00       		.uleb128 0
 586 0123 06       		.uleb128 0x6
 587 0124 97010000 		.4byte	.LASF24
 588 0128 06       		.byte	0x6
 589 0129 5A       		.byte	0x5a
 590 012a 53020000 		.4byte	0x253
 591 012e 02       		.byte	0x2
 592 012f 23       		.byte	0x23
 593 0130 04       		.uleb128 0x4
 594 0131 06       		.uleb128 0x6
 595 0132 67000000 		.4byte	.LASF25
 596 0136 06       		.byte	0x6
 597 0137 5C       		.byte	0x5c
 598 0138 D2000000 		.4byte	0xd2
 599 013c 02       		.byte	0x2
 600 013d 23       		.byte	0x23
 601 013e 08       		.uleb128 0x8
 602 013f 06       		.uleb128 0x6
 603 0140 3D030000 		.4byte	.LASF26
 604 0144 06       		.byte	0x6
 605 0145 5D       		.byte	0x5d
 606 0146 2C030000 		.4byte	0x32c
 607 014a 02       		.byte	0x2
 608 014b 23       		.byte	0x23
 609 014c 0C       		.uleb128 0xc
 610 014d 06       		.uleb128 0x6
 611 014e E2000000 		.4byte	.LASF27
 612 0152 06       		.byte	0x6
 613 0153 5F       		.byte	0x5f
 614 0154 53020000 		.4byte	0x253
 615 0158 02       		.byte	0x2
 616 0159 23       		.byte	0x23
 617 015a 10       		.uleb128 0x10
 618 015b 06       		.uleb128 0x6
ARM GAS  /var/folders/5n/p_75w94d66l9ssrldxqdhh700000gn/T//ccXifdbM.s 			page 12


 619 015c 6F010000 		.4byte	.LASF28
 620 0160 06       		.byte	0x6
 621 0161 60       		.byte	0x60
 622 0162 53020000 		.4byte	0x253
 623 0166 02       		.byte	0x2
 624 0167 23       		.byte	0x23
 625 0168 14       		.uleb128 0x14
 626 0169 06       		.uleb128 0x6
 627 016a CD020000 		.4byte	.LASF29
 628 016e 06       		.byte	0x6
 629 016f 67       		.byte	0x67
 630 0170 A3040000 		.4byte	0x4a3
 631 0174 02       		.byte	0x2
 632 0175 23       		.byte	0x23
 633 0176 18       		.uleb128 0x18
 634 0177 06       		.uleb128 0x6
 635 0178 DB010000 		.4byte	.LASF30
 636 017c 06       		.byte	0x6
 637 017d 72       		.byte	0x72
 638 017e B1000000 		.4byte	0xb1
 639 0182 02       		.byte	0x2
 640 0183 23       		.byte	0x23
 641 0184 1C       		.uleb128 0x1c
 642 0185 06       		.uleb128 0x6
 643 0186 07020000 		.4byte	.LASF31
 644 018a 06       		.byte	0x6
 645 018b 76       		.byte	0x76
 646 018c A6000000 		.4byte	0xa6
 647 0190 02       		.byte	0x2
 648 0191 23       		.byte	0x23
 649 0192 1D       		.uleb128 0x1d
 650 0193 06       		.uleb128 0x6
 651 0194 B1020000 		.4byte	.LASF32
 652 0198 06       		.byte	0x6
 653 0199 7B       		.byte	0x7b
 654 019a BC000000 		.4byte	0xbc
 655 019e 02       		.byte	0x2
 656 019f 23       		.byte	0x23
 657 01a0 1E       		.uleb128 0x1e
 658 01a1 06       		.uleb128 0x6
 659 01a2 E3010000 		.4byte	.LASF33
 660 01a6 06       		.byte	0x6
 661 01a7 81       		.byte	0x81
 662 01a8 C7000000 		.4byte	0xc7
 663 01ac 02       		.byte	0x2
 664 01ad 23       		.byte	0x23
 665 01ae 1F       		.uleb128 0x1f
 666 01af 06       		.uleb128 0x6
 667 01b0 76020000 		.4byte	.LASF34
 668 01b4 06       		.byte	0x6
 669 01b5 88       		.byte	0x88
 670 01b6 4F030000 		.4byte	0x34f
 671 01ba 02       		.byte	0x2
 672 01bb 23       		.byte	0x23
 673 01bc 20       		.uleb128 0x20
 674 01bd 07       		.uleb128 0x7
 675 01be 705F7500 		.ascii	"p_u\000"
ARM GAS  /var/folders/5n/p_75w94d66l9ssrldxqdhh700000gn/T//ccXifdbM.s 			page 13


 676 01c2 06       		.byte	0x6
 677 01c3 AD       		.byte	0xad
 678 01c4 6E040000 		.4byte	0x46e
 679 01c8 02       		.byte	0x2
 680 01c9 23       		.byte	0x23
 681 01ca 24       		.uleb128 0x24
 682 01cb 06       		.uleb128 0x6
 683 01cc 43030000 		.4byte	.LASF35
 684 01d0 06       		.byte	0x6
 685 01d1 B2       		.byte	0xb2
 686 01d2 7B020000 		.4byte	0x27b
 687 01d6 02       		.byte	0x2
 688 01d7 23       		.byte	0x23
 689 01d8 28       		.uleb128 0x28
 690 01d9 06       		.uleb128 0x6
 691 01da A6020000 		.4byte	.LASF36
 692 01de 06       		.byte	0x6
 693 01df B8       		.byte	0xb8
 694 01e0 59020000 		.4byte	0x259
 695 01e4 02       		.byte	0x2
 696 01e5 23       		.byte	0x23
 697 01e6 2C       		.uleb128 0x2c
 698 01e7 06       		.uleb128 0x6
 699 01e8 00000000 		.4byte	.LASF37
 700 01ec 06       		.byte	0x6
 701 01ed BC       		.byte	0xbc
 702 01ee DD000000 		.4byte	0xdd
 703 01f2 02       		.byte	0x2
 704 01f3 23       		.byte	0x23
 705 01f4 34       		.uleb128 0x34
 706 01f5 06       		.uleb128 0x6
 707 01f6 22020000 		.4byte	.LASF38
 708 01fa 06       		.byte	0x6
 709 01fb C2       		.byte	0xc2
 710 01fc E8000000 		.4byte	0xe8
 711 0200 02       		.byte	0x2
 712 0201 23       		.byte	0x23
 713 0202 38       		.uleb128 0x38
 714 0203 06       		.uleb128 0x6
 715 0204 C7010000 		.4byte	.LASF39
 716 0208 06       		.byte	0x6
 717 0209 C9       		.byte	0xc9
 718 020a B5040000 		.4byte	0x4b5
 719 020e 02       		.byte	0x2
 720 020f 23       		.byte	0x23
 721 0210 3C       		.uleb128 0x3c
 722 0211 06       		.uleb128 0x6
 723 0212 6B020000 		.4byte	.LASF40
 724 0216 06       		.byte	0x6
 725 0217 CD       		.byte	0xcd
 726 0218 D2000000 		.4byte	0xd2
 727 021c 02       		.byte	0x2
 728 021d 23       		.byte	0x23
 729 021e 40       		.uleb128 0x40
 730 021f 06       		.uleb128 0x6
 731 0220 8E000000 		.4byte	.LASF41
 732 0224 06       		.byte	0x6
ARM GAS  /var/folders/5n/p_75w94d66l9ssrldxqdhh700000gn/T//ccXifdbM.s 			page 14


 733 0225 D3       		.byte	0xd3
 734 0226 91020000 		.4byte	0x291
 735 022a 02       		.byte	0x2
 736 022b 23       		.byte	0x23
 737 022c 44       		.uleb128 0x44
 738 022d 00       		.byte	0
 739 022e 08       		.uleb128 0x8
 740 022f 08       		.byte	0x8
 741 0230 05       		.byte	0x5
 742 0231 5A       		.byte	0x5a
 743 0232 53020000 		.4byte	0x253
 744 0236 06       		.uleb128 0x6
 745 0237 00020000 		.4byte	.LASF23
 746 023b 05       		.byte	0x5
 747 023c 5B       		.byte	0x5b
 748 023d 53020000 		.4byte	0x253
 749 0241 02       		.byte	0x2
 750 0242 23       		.byte	0x23
 751 0243 00       		.uleb128 0
 752 0244 06       		.uleb128 0x6
 753 0245 97010000 		.4byte	.LASF24
 754 0249 05       		.byte	0x5
 755 024a 5D       		.byte	0x5d
 756 024b 53020000 		.4byte	0x253
 757 024f 02       		.byte	0x2
 758 0250 23       		.byte	0x23
 759 0251 04       		.uleb128 0x4
 760 0252 00       		.byte	0
 761 0253 09       		.uleb128 0x9
 762 0254 04       		.byte	0x4
 763 0255 FE000000 		.4byte	0xfe
 764 0259 03       		.uleb128 0x3
 765 025a 77010000 		.4byte	.LASF42
 766 025e 05       		.byte	0x5
 767 025f 5F       		.byte	0x5f
 768 0260 2E020000 		.4byte	0x22e
 769 0264 08       		.uleb128 0x8
 770 0265 04       		.byte	0x4
 771 0266 05       		.byte	0x5
 772 0267 64       		.byte	0x64
 773 0268 7B020000 		.4byte	0x27b
 774 026c 06       		.uleb128 0x6
 775 026d 00020000 		.4byte	.LASF23
 776 0271 05       		.byte	0x5
 777 0272 66       		.byte	0x66
 778 0273 53020000 		.4byte	0x253
 779 0277 02       		.byte	0x2
 780 0278 23       		.byte	0x23
 781 0279 00       		.uleb128 0
 782 027a 00       		.byte	0
 783 027b 03       		.uleb128 0x3
 784 027c 46010000 		.4byte	.LASF43
 785 0280 05       		.byte	0x5
 786 0281 69       		.byte	0x69
 787 0282 64020000 		.4byte	0x264
 788 0286 03       		.uleb128 0x3
 789 0287 EA000000 		.4byte	.LASF44
ARM GAS  /var/folders/5n/p_75w94d66l9ssrldxqdhh700000gn/T//ccXifdbM.s 			page 15


 790 028b 07       		.byte	0x7
 791 028c DE       		.byte	0xde
 792 028d 91020000 		.4byte	0x291
 793 0291 0A       		.uleb128 0xa
 794 0292 04       		.byte	0x4
 795 0293 03       		.uleb128 0x3
 796 0294 64010000 		.4byte	.LASF45
 797 0298 07       		.byte	0x7
 798 0299 E4       		.byte	0xe4
 799 029a 94000000 		.4byte	0x94
 800 029e 0B       		.uleb128 0xb
 801 029f 9F020000 		.4byte	.LASF46
 802 02a3 24       		.byte	0x24
 803 02a4 07       		.byte	0x7
 804 02a5 0501     		.2byte	0x105
 805 02a7 2C030000 		.4byte	0x32c
 806 02ab 0C       		.uleb128 0xc
 807 02ac 723400   		.ascii	"r4\000"
 808 02af 07       		.byte	0x7
 809 02b0 1801     		.2byte	0x118
 810 02b2 86020000 		.4byte	0x286
 811 02b6 02       		.byte	0x2
 812 02b7 23       		.byte	0x23
 813 02b8 00       		.uleb128 0
 814 02b9 0C       		.uleb128 0xc
 815 02ba 723500   		.ascii	"r5\000"
 816 02bd 07       		.byte	0x7
 817 02be 1901     		.2byte	0x119
 818 02c0 86020000 		.4byte	0x286
 819 02c4 02       		.byte	0x2
 820 02c5 23       		.byte	0x23
 821 02c6 04       		.uleb128 0x4
 822 02c7 0C       		.uleb128 0xc
 823 02c8 723600   		.ascii	"r6\000"
 824 02cb 07       		.byte	0x7
 825 02cc 1A01     		.2byte	0x11a
 826 02ce 86020000 		.4byte	0x286
 827 02d2 02       		.byte	0x2
 828 02d3 23       		.byte	0x23
 829 02d4 08       		.uleb128 0x8
 830 02d5 0C       		.uleb128 0xc
 831 02d6 723700   		.ascii	"r7\000"
 832 02d9 07       		.byte	0x7
 833 02da 1B01     		.2byte	0x11b
 834 02dc 86020000 		.4byte	0x286
 835 02e0 02       		.byte	0x2
 836 02e1 23       		.byte	0x23
 837 02e2 0C       		.uleb128 0xc
 838 02e3 0C       		.uleb128 0xc
 839 02e4 723800   		.ascii	"r8\000"
 840 02e7 07       		.byte	0x7
 841 02e8 1C01     		.2byte	0x11c
 842 02ea 86020000 		.4byte	0x286
 843 02ee 02       		.byte	0x2
 844 02ef 23       		.byte	0x23
 845 02f0 10       		.uleb128 0x10
 846 02f1 0C       		.uleb128 0xc
ARM GAS  /var/folders/5n/p_75w94d66l9ssrldxqdhh700000gn/T//ccXifdbM.s 			page 16


 847 02f2 723900   		.ascii	"r9\000"
 848 02f5 07       		.byte	0x7
 849 02f6 1D01     		.2byte	0x11d
 850 02f8 86020000 		.4byte	0x286
 851 02fc 02       		.byte	0x2
 852 02fd 23       		.byte	0x23
 853 02fe 14       		.uleb128 0x14
 854 02ff 0C       		.uleb128 0xc
 855 0300 72313000 		.ascii	"r10\000"
 856 0304 07       		.byte	0x7
 857 0305 1E01     		.2byte	0x11e
 858 0307 86020000 		.4byte	0x286
 859 030b 02       		.byte	0x2
 860 030c 23       		.byte	0x23
 861 030d 18       		.uleb128 0x18
 862 030e 0C       		.uleb128 0xc
 863 030f 72313100 		.ascii	"r11\000"
 864 0313 07       		.byte	0x7
 865 0314 1F01     		.2byte	0x11f
 866 0316 86020000 		.4byte	0x286
 867 031a 02       		.byte	0x2
 868 031b 23       		.byte	0x23
 869 031c 1C       		.uleb128 0x1c
 870 031d 0C       		.uleb128 0xc
 871 031e 6C7200   		.ascii	"lr\000"
 872 0321 07       		.byte	0x7
 873 0322 2001     		.2byte	0x120
 874 0324 86020000 		.4byte	0x286
 875 0328 02       		.byte	0x2
 876 0329 23       		.byte	0x23
 877 032a 20       		.uleb128 0x20
 878 032b 00       		.byte	0
 879 032c 0B       		.uleb128 0xb
 880 032d 18010000 		.4byte	.LASF47
 881 0331 04       		.byte	0x4
 882 0332 07       		.byte	0x7
 883 0333 2A01     		.2byte	0x12a
 884 0335 49030000 		.4byte	0x349
 885 0339 0C       		.uleb128 0xc
 886 033a 72313300 		.ascii	"r13\000"
 887 033e 07       		.byte	0x7
 888 033f 2B01     		.2byte	0x12b
 889 0341 49030000 		.4byte	0x349
 890 0345 02       		.byte	0x2
 891 0346 23       		.byte	0x23
 892 0347 00       		.uleb128 0
 893 0348 00       		.byte	0
 894 0349 09       		.uleb128 0x9
 895 034a 04       		.byte	0x4
 896 034b 9E020000 		.4byte	0x29e
 897 034f 0D       		.uleb128 0xd
 898 0350 F3000000 		.4byte	0xf3
 899 0354 05       		.uleb128 0x5
 900 0355 5E010000 		.4byte	.LASF48
 901 0359 10       		.byte	0x10
 902 035a 08       		.byte	0x8
 903 035b 25       		.byte	0x25
ARM GAS  /var/folders/5n/p_75w94d66l9ssrldxqdhh700000gn/T//ccXifdbM.s 			page 17


 904 035c 8B030000 		.4byte	0x38b
 905 0360 06       		.uleb128 0x6
 906 0361 96000000 		.4byte	.LASF49
 907 0365 08       		.byte	0x8
 908 0366 26       		.byte	0x26
 909 0367 59020000 		.4byte	0x259
 910 036b 02       		.byte	0x2
 911 036c 23       		.byte	0x23
 912 036d 00       		.uleb128 0
 913 036e 06       		.uleb128 0x6
 914 036f 35030000 		.4byte	.LASF50
 915 0373 08       		.byte	0x8
 916 0374 28       		.byte	0x28
 917 0375 53020000 		.4byte	0x253
 918 0379 02       		.byte	0x2
 919 037a 23       		.byte	0x23
 920 037b 08       		.uleb128 0x8
 921 037c 06       		.uleb128 0x6
 922 037d 5A020000 		.4byte	.LASF51
 923 0381 08       		.byte	0x8
 924 0382 2A       		.byte	0x2a
 925 0383 8B030000 		.4byte	0x38b
 926 0387 02       		.byte	0x2
 927 0388 23       		.byte	0x23
 928 0389 0C       		.uleb128 0xc
 929 038a 00       		.byte	0
 930 038b 09       		.uleb128 0x9
 931 038c 04       		.byte	0x4
 932 038d 54030000 		.4byte	0x354
 933 0391 03       		.uleb128 0x3
 934 0392 5E010000 		.4byte	.LASF48
 935 0396 08       		.byte	0x8
 936 0397 2C       		.byte	0x2c
 937 0398 54030000 		.4byte	0x354
 938 039c 03       		.uleb128 0x3
 939 039d 1D000000 		.4byte	.LASF52
 940 03a1 09       		.byte	0x9
 941 03a2 25       		.byte	0x25
 942 03a3 A7030000 		.4byte	0x3a7
 943 03a7 09       		.uleb128 0x9
 944 03a8 04       		.byte	0x4
 945 03a9 AD030000 		.4byte	0x3ad
 946 03ad 0E       		.uleb128 0xe
 947 03ae 01       		.byte	0x1
 948 03af 91020000 		.4byte	0x291
 949 03b3 BD030000 		.4byte	0x3bd
 950 03b7 0F       		.uleb128 0xf
 951 03b8 30000000 		.4byte	0x30
 952 03bc 00       		.byte	0
 953 03bd 03       		.uleb128 0x3
 954 03be 84010000 		.4byte	.LASF53
 955 03c2 0A       		.byte	0xa
 956 03c3 2D       		.byte	0x2d
 957 03c4 C8030000 		.4byte	0x3c8
 958 03c8 05       		.uleb128 0x5
 959 03c9 4D030000 		.4byte	.LASF54
 960 03cd 20       		.byte	0x20
ARM GAS  /var/folders/5n/p_75w94d66l9ssrldxqdhh700000gn/T//ccXifdbM.s 			page 18


 961 03ce 0A       		.byte	0xa
 962 03cf 40       		.byte	0x40
 963 03d0 FF030000 		.4byte	0x3ff
 964 03d4 06       		.uleb128 0x6
 965 03d5 BC010000 		.4byte	.LASF55
 966 03d9 0A       		.byte	0xa
 967 03da 41       		.byte	0x41
 968 03db 9C030000 		.4byte	0x39c
 969 03df 02       		.byte	0x2
 970 03e0 23       		.byte	0x23
 971 03e1 00       		.uleb128 0
 972 03e2 06       		.uleb128 0x6
 973 03e3 4A000000 		.4byte	.LASF56
 974 03e7 0A       		.byte	0xa
 975 03e8 43       		.byte	0x43
 976 03e9 1E040000 		.4byte	0x41e
 977 03ed 02       		.byte	0x2
 978 03ee 23       		.byte	0x23
 979 03ef 08       		.uleb128 0x8
 980 03f0 06       		.uleb128 0x6
 981 03f1 88000000 		.4byte	.LASF57
 982 03f5 0A       		.byte	0xa
 983 03f6 45       		.byte	0x45
 984 03f7 91030000 		.4byte	0x391
 985 03fb 02       		.byte	0x2
 986 03fc 23       		.byte	0x23
 987 03fd 10       		.uleb128 0x10
 988 03fe 00       		.byte	0
 989 03ff 10       		.uleb128 0x10
 990 0400 04       		.byte	0x4
 991 0401 0A       		.byte	0xa
 992 0402 35       		.byte	0x35
 993 0403 1E040000 		.4byte	0x41e
 994 0407 11       		.uleb128 0x11
 995 0408 62000000 		.4byte	.LASF58
 996 040c 0A       		.byte	0xa
 997 040d 36       		.byte	0x36
 998 040e 3F040000 		.4byte	0x43f
 999 0412 11       		.uleb128 0x11
 1000 0413 36020000 		.4byte	.LASF59
 1001 0417 0A       		.byte	0xa
 1002 0418 37       		.byte	0x37
 1003 0419 45040000 		.4byte	0x445
 1004 041d 00       		.byte	0
 1005 041e 12       		.uleb128 0x12
 1006 041f ED010000 		.4byte	.LASF77
 1007 0423 08       		.byte	0x8
 1008 0424 0A       		.byte	0xa
 1009 0425 32       		.byte	0x32
 1010 0426 3F040000 		.4byte	0x43f
 1011 042a 11       		.uleb128 0x11
 1012 042b F3000000 		.4byte	.LASF60
 1013 042f 0A       		.byte	0xa
 1014 0430 33       		.byte	0x33
 1015 0431 93020000 		.4byte	0x293
 1016 0435 13       		.uleb128 0x13
 1017 0436 6800     		.ascii	"h\000"
ARM GAS  /var/folders/5n/p_75w94d66l9ssrldxqdhh700000gn/T//ccXifdbM.s 			page 19


 1018 0438 0A       		.byte	0xa
 1019 0439 3A       		.byte	0x3a
 1020 043a 4B040000 		.4byte	0x44b
 1021 043e 00       		.byte	0
 1022 043f 09       		.uleb128 0x9
 1023 0440 04       		.byte	0x4
 1024 0441 1E040000 		.4byte	0x41e
 1025 0445 09       		.uleb128 0x9
 1026 0446 04       		.byte	0x4
 1027 0447 BD030000 		.4byte	0x3bd
 1028 044b 08       		.uleb128 0x8
 1029 044c 08       		.byte	0x8
 1030 044d 0A       		.byte	0xa
 1031 044e 34       		.byte	0x34
 1032 044f 6E040000 		.4byte	0x46e
 1033 0453 07       		.uleb128 0x7
 1034 0454 7500     		.ascii	"u\000"
 1035 0456 0A       		.byte	0xa
 1036 0457 38       		.byte	0x38
 1037 0458 FF030000 		.4byte	0x3ff
 1038 045c 02       		.byte	0x2
 1039 045d 23       		.byte	0x23
 1040 045e 00       		.uleb128 0
 1041 045f 06       		.uleb128 0x6
 1042 0460 20010000 		.4byte	.LASF61
 1043 0464 0A       		.byte	0xa
 1044 0465 39       		.byte	0x39
 1045 0466 30000000 		.4byte	0x30
 1046 046a 02       		.byte	0x2
 1047 046b 23       		.byte	0x23
 1048 046c 04       		.uleb128 0x4
 1049 046d 00       		.byte	0
 1050 046e 10       		.uleb128 0x10
 1051 046f 04       		.byte	0x4
 1052 0470 06       		.byte	0x6
 1053 0471 8F       		.byte	0x8f
 1054 0472 A3040000 		.4byte	0x4a3
 1055 0476 11       		.uleb128 0x11
 1056 0477 0D000000 		.4byte	.LASF62
 1057 047b 06       		.byte	0x6
 1058 047c 96       		.byte	0x96
 1059 047d DD000000 		.4byte	0xdd
 1060 0481 11       		.uleb128 0x11
 1061 0482 41000000 		.4byte	.LASF63
 1062 0486 06       		.byte	0x6
 1063 0487 9D       		.byte	0x9d
 1064 0488 DD000000 		.4byte	0xdd
 1065 048c 11       		.uleb128 0x11
 1066 048d C0020000 		.4byte	.LASF64
 1067 0491 06       		.byte	0x6
 1068 0492 A4       		.byte	0xa4
 1069 0493 91020000 		.4byte	0x291
 1070 0497 11       		.uleb128 0x11
 1071 0498 F9010000 		.4byte	.LASF65
 1072 049c 06       		.byte	0x6
 1073 049d AB       		.byte	0xab
 1074 049e E8000000 		.4byte	0xe8
ARM GAS  /var/folders/5n/p_75w94d66l9ssrldxqdhh700000gn/T//ccXifdbM.s 			page 20


 1075 04a2 00       		.byte	0
 1076 04a3 09       		.uleb128 0x9
 1077 04a4 04       		.byte	0x4
 1078 04a5 A9040000 		.4byte	0x4a9
 1079 04a9 14       		.uleb128 0x14
 1080 04aa AE040000 		.4byte	0x4ae
 1081 04ae 04       		.uleb128 0x4
 1082 04af 01       		.byte	0x1
 1083 04b0 08       		.byte	0x8
 1084 04b1 48020000 		.4byte	.LASF66
 1085 04b5 09       		.uleb128 0x9
 1086 04b6 04       		.byte	0x4
 1087 04b7 91030000 		.4byte	0x391
 1088 04bb 15       		.uleb128 0x15
 1089 04bc 01       		.byte	0x1
 1090 04bd 2A030000 		.4byte	.LASF78
 1091 04c1 01       		.byte	0x1
 1092 04c2 44       		.byte	0x44
 1093 04c3 01       		.byte	0x1
 1094 04c4 00000000 		.4byte	.LFB7
 1095 04c8 20000000 		.4byte	.LFE7
 1096 04cc 02       		.byte	0x2
 1097 04cd 7D       		.byte	0x7d
 1098 04ce 00       		.sleb128 0
 1099 04cf 16       		.uleb128 0x16
 1100 04d0 01       		.byte	0x1
 1101 04d1 57000000 		.4byte	.LASF68
 1102 04d5 01       		.byte	0x1
 1103 04d6 5C       		.byte	0x5c
 1104 04d7 01       		.byte	0x1
 1105 04d8 00000000 		.4byte	.LFB8
 1106 04dc 14000000 		.4byte	.LFE8
 1107 04e0 02       		.byte	0x2
 1108 04e1 7D       		.byte	0x7d
 1109 04e2 00       		.sleb128 0
 1110 04e3 23050000 		.4byte	0x523
 1111 04e7 17       		.uleb128 0x17
 1112 04e8 51000000 		.4byte	.LASF67
 1113 04ec 01       		.byte	0x1
 1114 04ed 5C       		.byte	0x5c
 1115 04ee 45040000 		.4byte	0x445
 1116 04f2 00000000 		.4byte	.LLST0
 1117 04f6 18       		.uleb128 0x18
 1118 04f7 62756600 		.ascii	"buf\000"
 1119 04fb 01       		.byte	0x1
 1120 04fc 5C       		.byte	0x5c
 1121 04fd 91020000 		.4byte	0x291
 1122 0501 20000000 		.4byte	.LLST1
 1123 0505 17       		.uleb128 0x17
 1124 0506 20010000 		.4byte	.LASF61
 1125 050a 01       		.byte	0x1
 1126 050b 5C       		.byte	0x5c
 1127 050c 30000000 		.4byte	0x30
 1128 0510 33000000 		.4byte	.LLST2
 1129 0514 19       		.uleb128 0x19
 1130 0515 687000   		.ascii	"hp\000"
 1131 0518 01       		.byte	0x1
ARM GAS  /var/folders/5n/p_75w94d66l9ssrldxqdhh700000gn/T//ccXifdbM.s 			page 21


 1132 0519 5D       		.byte	0x5d
 1133 051a 3F040000 		.4byte	0x43f
 1134 051e 53000000 		.4byte	.LLST3
 1135 0522 00       		.byte	0
 1136 0523 1A       		.uleb128 0x1a
 1137 0524 01       		.byte	0x1
 1138 0525 16020000 		.4byte	.LASF70
 1139 0529 01       		.byte	0x1
 1140 052a 7D       		.byte	0x7d
 1141 052b 01       		.byte	0x1
 1142 052c 91020000 		.4byte	0x291
 1143 0530 00000000 		.4byte	.LFB9
 1144 0534 88000000 		.4byte	.LFE9
 1145 0538 66000000 		.4byte	.LLST4
 1146 053c 89050000 		.4byte	0x589
 1147 0540 17       		.uleb128 0x17
 1148 0541 51000000 		.4byte	.LASF67
 1149 0545 01       		.byte	0x1
 1150 0546 7D       		.byte	0x7d
 1151 0547 45040000 		.4byte	0x445
 1152 054b 86000000 		.4byte	.LLST5
 1153 054f 17       		.uleb128 0x17
 1154 0550 20010000 		.4byte	.LASF61
 1155 0554 01       		.byte	0x1
 1156 0555 7D       		.byte	0x7d
 1157 0556 30000000 		.4byte	0x30
 1158 055a A4000000 		.4byte	.LLST6
 1159 055e 19       		.uleb128 0x19
 1160 055f 717000   		.ascii	"qp\000"
 1161 0562 01       		.byte	0x1
 1162 0563 7E       		.byte	0x7e
 1163 0564 3F040000 		.4byte	0x43f
 1164 0568 CF000000 		.4byte	.LLST7
 1165 056c 19       		.uleb128 0x19
 1166 056d 687000   		.ascii	"hp\000"
 1167 0570 01       		.byte	0x1
 1168 0571 7E       		.byte	0x7e
 1169 0572 3F040000 		.4byte	0x43f
 1170 0576 ED000000 		.4byte	.LLST8
 1171 057a 19       		.uleb128 0x19
 1172 057b 667000   		.ascii	"fp\000"
 1173 057e 01       		.byte	0x1
 1174 057f 7E       		.byte	0x7e
 1175 0580 3F040000 		.4byte	0x43f
 1176 0584 3A010000 		.4byte	.LLST9
 1177 0588 00       		.byte	0
 1178 0589 1B       		.uleb128 0x1b
 1179 058a 01       		.byte	0x1
 1180 058b 9E000000 		.4byte	.LASF69
 1181 058f 01       		.byte	0x1
 1182 0590 BB       		.byte	0xbb
 1183 0591 01       		.byte	0x1
 1184 0592 00000000 		.4byte	.LFB10
 1185 0596 94000000 		.4byte	.LFE10
 1186 059a 4D010000 		.4byte	.LLST10
 1187 059e D9050000 		.4byte	0x5d9
 1188 05a2 18       		.uleb128 0x18
ARM GAS  /var/folders/5n/p_75w94d66l9ssrldxqdhh700000gn/T//ccXifdbM.s 			page 22


 1189 05a3 7000     		.ascii	"p\000"
 1190 05a5 01       		.byte	0x1
 1191 05a6 BB       		.byte	0xbb
 1192 05a7 91020000 		.4byte	0x291
 1193 05ab 6D010000 		.4byte	.LLST11
 1194 05af 19       		.uleb128 0x19
 1195 05b0 717000   		.ascii	"qp\000"
 1196 05b3 01       		.byte	0x1
 1197 05b4 BC       		.byte	0xbc
 1198 05b5 3F040000 		.4byte	0x43f
 1199 05b9 8B010000 		.4byte	.LLST12
 1200 05bd 1C       		.uleb128 0x1c
 1201 05be 687000   		.ascii	"hp\000"
 1202 05c1 01       		.byte	0x1
 1203 05c2 BC       		.byte	0xbc
 1204 05c3 3F040000 		.4byte	0x43f
 1205 05c7 01       		.byte	0x1
 1206 05c8 54       		.byte	0x54
 1207 05c9 1D       		.uleb128 0x1d
 1208 05ca 51000000 		.4byte	.LASF67
 1209 05ce 01       		.byte	0x1
 1210 05cf BD       		.byte	0xbd
 1211 05d0 45040000 		.4byte	0x445
 1212 05d4 D5010000 		.4byte	.LLST13
 1213 05d8 00       		.byte	0
 1214 05d9 1A       		.uleb128 0x1a
 1215 05da 01       		.byte	0x1
 1216 05db 4D020000 		.4byte	.LASF71
 1217 05df 01       		.byte	0x1
 1218 05e0 F3       		.byte	0xf3
 1219 05e1 01       		.byte	0x1
 1220 05e2 30000000 		.4byte	0x30
 1221 05e6 00000000 		.4byte	.LFB11
 1222 05ea 3C000000 		.4byte	.LFE11
 1223 05ee F6010000 		.4byte	.LLST14
 1224 05f2 3E060000 		.4byte	0x63e
 1225 05f6 17       		.uleb128 0x17
 1226 05f7 51000000 		.4byte	.LASF67
 1227 05fb 01       		.byte	0x1
 1228 05fc F3       		.byte	0xf3
 1229 05fd 45040000 		.4byte	0x445
 1230 0601 16020000 		.4byte	.LLST15
 1231 0605 17       		.uleb128 0x17
 1232 0606 C7020000 		.4byte	.LASF72
 1233 060a 01       		.byte	0x1
 1234 060b F3       		.byte	0xf3
 1235 060c 3E060000 		.4byte	0x63e
 1236 0610 34020000 		.4byte	.LLST16
 1237 0614 19       		.uleb128 0x19
 1238 0615 717000   		.ascii	"qp\000"
 1239 0618 01       		.byte	0x1
 1240 0619 F4       		.byte	0xf4
 1241 061a 3F040000 		.4byte	0x43f
 1242 061e 52020000 		.4byte	.LLST17
 1243 0622 19       		.uleb128 0x19
 1244 0623 6E00     		.ascii	"n\000"
 1245 0625 01       		.byte	0x1
ARM GAS  /var/folders/5n/p_75w94d66l9ssrldxqdhh700000gn/T//ccXifdbM.s 			page 23


 1246 0626 F5       		.byte	0xf5
 1247 0627 30000000 		.4byte	0x30
 1248 062b 67020000 		.4byte	.LLST18
 1249 062f 19       		.uleb128 0x19
 1250 0630 737A00   		.ascii	"sz\000"
 1251 0633 01       		.byte	0x1
 1252 0634 F5       		.byte	0xf5
 1253 0635 30000000 		.4byte	0x30
 1254 0639 86020000 		.4byte	.LLST19
 1255 063d 00       		.byte	0
 1256 063e 09       		.uleb128 0x9
 1257 063f 04       		.byte	0x4
 1258 0640 30000000 		.4byte	0x30
 1259 0644 1E       		.uleb128 0x1e
 1260 0645 3B020000 		.4byte	.LASF73
 1261 0649 01       		.byte	0x1
 1262 064a 3D       		.byte	0x3d
 1263 064b BD030000 		.4byte	0x3bd
 1264 064f 05       		.byte	0x5
 1265 0650 03       		.byte	0x3
 1266 0651 00000000 		.4byte	default_heap
 1267 0655 00       		.byte	0
 1268              		.section	.debug_abbrev,"",%progbits
 1269              	.Ldebug_abbrev0:
 1270 0000 01       		.uleb128 0x1
 1271 0001 11       		.uleb128 0x11
 1272 0002 01       		.byte	0x1
 1273 0003 25       		.uleb128 0x25
 1274 0004 0E       		.uleb128 0xe
 1275 0005 13       		.uleb128 0x13
 1276 0006 0B       		.uleb128 0xb
 1277 0007 03       		.uleb128 0x3
 1278 0008 0E       		.uleb128 0xe
 1279 0009 1B       		.uleb128 0x1b
 1280 000a 0E       		.uleb128 0xe
 1281 000b 11       		.uleb128 0x11
 1282 000c 01       		.uleb128 0x1
 1283 000d 52       		.uleb128 0x52
 1284 000e 01       		.uleb128 0x1
 1285 000f 55       		.uleb128 0x55
 1286 0010 06       		.uleb128 0x6
 1287 0011 10       		.uleb128 0x10
 1288 0012 06       		.uleb128 0x6
 1289 0013 00       		.byte	0
 1290 0014 00       		.byte	0
 1291 0015 02       		.uleb128 0x2
 1292 0016 24       		.uleb128 0x24
 1293 0017 00       		.byte	0
 1294 0018 0B       		.uleb128 0xb
 1295 0019 0B       		.uleb128 0xb
 1296 001a 3E       		.uleb128 0x3e
 1297 001b 0B       		.uleb128 0xb
 1298 001c 03       		.uleb128 0x3
 1299 001d 08       		.uleb128 0x8
 1300 001e 00       		.byte	0
 1301 001f 00       		.byte	0
 1302 0020 03       		.uleb128 0x3
ARM GAS  /var/folders/5n/p_75w94d66l9ssrldxqdhh700000gn/T//ccXifdbM.s 			page 24


 1303 0021 16       		.uleb128 0x16
 1304 0022 00       		.byte	0
 1305 0023 03       		.uleb128 0x3
 1306 0024 0E       		.uleb128 0xe
 1307 0025 3A       		.uleb128 0x3a
 1308 0026 0B       		.uleb128 0xb
 1309 0027 3B       		.uleb128 0x3b
 1310 0028 0B       		.uleb128 0xb
 1311 0029 49       		.uleb128 0x49
 1312 002a 13       		.uleb128 0x13
 1313 002b 00       		.byte	0
 1314 002c 00       		.byte	0
 1315 002d 04       		.uleb128 0x4
 1316 002e 24       		.uleb128 0x24
 1317 002f 00       		.byte	0
 1318 0030 0B       		.uleb128 0xb
 1319 0031 0B       		.uleb128 0xb
 1320 0032 3E       		.uleb128 0x3e
 1321 0033 0B       		.uleb128 0xb
 1322 0034 03       		.uleb128 0x3
 1323 0035 0E       		.uleb128 0xe
 1324 0036 00       		.byte	0
 1325 0037 00       		.byte	0
 1326 0038 05       		.uleb128 0x5
 1327 0039 13       		.uleb128 0x13
 1328 003a 01       		.byte	0x1
 1329 003b 03       		.uleb128 0x3
 1330 003c 0E       		.uleb128 0xe
 1331 003d 0B       		.uleb128 0xb
 1332 003e 0B       		.uleb128 0xb
 1333 003f 3A       		.uleb128 0x3a
 1334 0040 0B       		.uleb128 0xb
 1335 0041 3B       		.uleb128 0x3b
 1336 0042 0B       		.uleb128 0xb
 1337 0043 01       		.uleb128 0x1
 1338 0044 13       		.uleb128 0x13
 1339 0045 00       		.byte	0
 1340 0046 00       		.byte	0
 1341 0047 06       		.uleb128 0x6
 1342 0048 0D       		.uleb128 0xd
 1343 0049 00       		.byte	0
 1344 004a 03       		.uleb128 0x3
 1345 004b 0E       		.uleb128 0xe
 1346 004c 3A       		.uleb128 0x3a
 1347 004d 0B       		.uleb128 0xb
 1348 004e 3B       		.uleb128 0x3b
 1349 004f 0B       		.uleb128 0xb
 1350 0050 49       		.uleb128 0x49
 1351 0051 13       		.uleb128 0x13
 1352 0052 38       		.uleb128 0x38
 1353 0053 0A       		.uleb128 0xa
 1354 0054 00       		.byte	0
 1355 0055 00       		.byte	0
 1356 0056 07       		.uleb128 0x7
 1357 0057 0D       		.uleb128 0xd
 1358 0058 00       		.byte	0
 1359 0059 03       		.uleb128 0x3
ARM GAS  /var/folders/5n/p_75w94d66l9ssrldxqdhh700000gn/T//ccXifdbM.s 			page 25


 1360 005a 08       		.uleb128 0x8
 1361 005b 3A       		.uleb128 0x3a
 1362 005c 0B       		.uleb128 0xb
 1363 005d 3B       		.uleb128 0x3b
 1364 005e 0B       		.uleb128 0xb
 1365 005f 49       		.uleb128 0x49
 1366 0060 13       		.uleb128 0x13
 1367 0061 38       		.uleb128 0x38
 1368 0062 0A       		.uleb128 0xa
 1369 0063 00       		.byte	0
 1370 0064 00       		.byte	0
 1371 0065 08       		.uleb128 0x8
 1372 0066 13       		.uleb128 0x13
 1373 0067 01       		.byte	0x1
 1374 0068 0B       		.uleb128 0xb
 1375 0069 0B       		.uleb128 0xb
 1376 006a 3A       		.uleb128 0x3a
 1377 006b 0B       		.uleb128 0xb
 1378 006c 3B       		.uleb128 0x3b
 1379 006d 0B       		.uleb128 0xb
 1380 006e 01       		.uleb128 0x1
 1381 006f 13       		.uleb128 0x13
 1382 0070 00       		.byte	0
 1383 0071 00       		.byte	0
 1384 0072 09       		.uleb128 0x9
 1385 0073 0F       		.uleb128 0xf
 1386 0074 00       		.byte	0
 1387 0075 0B       		.uleb128 0xb
 1388 0076 0B       		.uleb128 0xb
 1389 0077 49       		.uleb128 0x49
 1390 0078 13       		.uleb128 0x13
 1391 0079 00       		.byte	0
 1392 007a 00       		.byte	0
 1393 007b 0A       		.uleb128 0xa
 1394 007c 0F       		.uleb128 0xf
 1395 007d 00       		.byte	0
 1396 007e 0B       		.uleb128 0xb
 1397 007f 0B       		.uleb128 0xb
 1398 0080 00       		.byte	0
 1399 0081 00       		.byte	0
 1400 0082 0B       		.uleb128 0xb
 1401 0083 13       		.uleb128 0x13
 1402 0084 01       		.byte	0x1
 1403 0085 03       		.uleb128 0x3
 1404 0086 0E       		.uleb128 0xe
 1405 0087 0B       		.uleb128 0xb
 1406 0088 0B       		.uleb128 0xb
 1407 0089 3A       		.uleb128 0x3a
 1408 008a 0B       		.uleb128 0xb
 1409 008b 3B       		.uleb128 0x3b
 1410 008c 05       		.uleb128 0x5
 1411 008d 01       		.uleb128 0x1
 1412 008e 13       		.uleb128 0x13
 1413 008f 00       		.byte	0
 1414 0090 00       		.byte	0
 1415 0091 0C       		.uleb128 0xc
 1416 0092 0D       		.uleb128 0xd
ARM GAS  /var/folders/5n/p_75w94d66l9ssrldxqdhh700000gn/T//ccXifdbM.s 			page 26


 1417 0093 00       		.byte	0
 1418 0094 03       		.uleb128 0x3
 1419 0095 08       		.uleb128 0x8
 1420 0096 3A       		.uleb128 0x3a
 1421 0097 0B       		.uleb128 0xb
 1422 0098 3B       		.uleb128 0x3b
 1423 0099 05       		.uleb128 0x5
 1424 009a 49       		.uleb128 0x49
 1425 009b 13       		.uleb128 0x13
 1426 009c 38       		.uleb128 0x38
 1427 009d 0A       		.uleb128 0xa
 1428 009e 00       		.byte	0
 1429 009f 00       		.byte	0
 1430 00a0 0D       		.uleb128 0xd
 1431 00a1 35       		.uleb128 0x35
 1432 00a2 00       		.byte	0
 1433 00a3 49       		.uleb128 0x49
 1434 00a4 13       		.uleb128 0x13
 1435 00a5 00       		.byte	0
 1436 00a6 00       		.byte	0
 1437 00a7 0E       		.uleb128 0xe
 1438 00a8 15       		.uleb128 0x15
 1439 00a9 01       		.byte	0x1
 1440 00aa 27       		.uleb128 0x27
 1441 00ab 0C       		.uleb128 0xc
 1442 00ac 49       		.uleb128 0x49
 1443 00ad 13       		.uleb128 0x13
 1444 00ae 01       		.uleb128 0x1
 1445 00af 13       		.uleb128 0x13
 1446 00b0 00       		.byte	0
 1447 00b1 00       		.byte	0
 1448 00b2 0F       		.uleb128 0xf
 1449 00b3 05       		.uleb128 0x5
 1450 00b4 00       		.byte	0
 1451 00b5 49       		.uleb128 0x49
 1452 00b6 13       		.uleb128 0x13
 1453 00b7 00       		.byte	0
 1454 00b8 00       		.byte	0
 1455 00b9 10       		.uleb128 0x10
 1456 00ba 17       		.uleb128 0x17
 1457 00bb 01       		.byte	0x1
 1458 00bc 0B       		.uleb128 0xb
 1459 00bd 0B       		.uleb128 0xb
 1460 00be 3A       		.uleb128 0x3a
 1461 00bf 0B       		.uleb128 0xb
 1462 00c0 3B       		.uleb128 0x3b
 1463 00c1 0B       		.uleb128 0xb
 1464 00c2 01       		.uleb128 0x1
 1465 00c3 13       		.uleb128 0x13
 1466 00c4 00       		.byte	0
 1467 00c5 00       		.byte	0
 1468 00c6 11       		.uleb128 0x11
 1469 00c7 0D       		.uleb128 0xd
 1470 00c8 00       		.byte	0
 1471 00c9 03       		.uleb128 0x3
 1472 00ca 0E       		.uleb128 0xe
 1473 00cb 3A       		.uleb128 0x3a
ARM GAS  /var/folders/5n/p_75w94d66l9ssrldxqdhh700000gn/T//ccXifdbM.s 			page 27


 1474 00cc 0B       		.uleb128 0xb
 1475 00cd 3B       		.uleb128 0x3b
 1476 00ce 0B       		.uleb128 0xb
 1477 00cf 49       		.uleb128 0x49
 1478 00d0 13       		.uleb128 0x13
 1479 00d1 00       		.byte	0
 1480 00d2 00       		.byte	0
 1481 00d3 12       		.uleb128 0x12
 1482 00d4 17       		.uleb128 0x17
 1483 00d5 01       		.byte	0x1
 1484 00d6 03       		.uleb128 0x3
 1485 00d7 0E       		.uleb128 0xe
 1486 00d8 0B       		.uleb128 0xb
 1487 00d9 0B       		.uleb128 0xb
 1488 00da 3A       		.uleb128 0x3a
 1489 00db 0B       		.uleb128 0xb
 1490 00dc 3B       		.uleb128 0x3b
 1491 00dd 0B       		.uleb128 0xb
 1492 00de 01       		.uleb128 0x1
 1493 00df 13       		.uleb128 0x13
 1494 00e0 00       		.byte	0
 1495 00e1 00       		.byte	0
 1496 00e2 13       		.uleb128 0x13
 1497 00e3 0D       		.uleb128 0xd
 1498 00e4 00       		.byte	0
 1499 00e5 03       		.uleb128 0x3
 1500 00e6 08       		.uleb128 0x8
 1501 00e7 3A       		.uleb128 0x3a
 1502 00e8 0B       		.uleb128 0xb
 1503 00e9 3B       		.uleb128 0x3b
 1504 00ea 0B       		.uleb128 0xb
 1505 00eb 49       		.uleb128 0x49
 1506 00ec 13       		.uleb128 0x13
 1507 00ed 00       		.byte	0
 1508 00ee 00       		.byte	0
 1509 00ef 14       		.uleb128 0x14
 1510 00f0 26       		.uleb128 0x26
 1511 00f1 00       		.byte	0
 1512 00f2 49       		.uleb128 0x49
 1513 00f3 13       		.uleb128 0x13
 1514 00f4 00       		.byte	0
 1515 00f5 00       		.byte	0
 1516 00f6 15       		.uleb128 0x15
 1517 00f7 2E       		.uleb128 0x2e
 1518 00f8 00       		.byte	0
 1519 00f9 3F       		.uleb128 0x3f
 1520 00fa 0C       		.uleb128 0xc
 1521 00fb 03       		.uleb128 0x3
 1522 00fc 0E       		.uleb128 0xe
 1523 00fd 3A       		.uleb128 0x3a
 1524 00fe 0B       		.uleb128 0xb
 1525 00ff 3B       		.uleb128 0x3b
 1526 0100 0B       		.uleb128 0xb
 1527 0101 27       		.uleb128 0x27
 1528 0102 0C       		.uleb128 0xc
 1529 0103 11       		.uleb128 0x11
 1530 0104 01       		.uleb128 0x1
ARM GAS  /var/folders/5n/p_75w94d66l9ssrldxqdhh700000gn/T//ccXifdbM.s 			page 28


 1531 0105 12       		.uleb128 0x12
 1532 0106 01       		.uleb128 0x1
 1533 0107 40       		.uleb128 0x40
 1534 0108 0A       		.uleb128 0xa
 1535 0109 00       		.byte	0
 1536 010a 00       		.byte	0
 1537 010b 16       		.uleb128 0x16
 1538 010c 2E       		.uleb128 0x2e
 1539 010d 01       		.byte	0x1
 1540 010e 3F       		.uleb128 0x3f
 1541 010f 0C       		.uleb128 0xc
 1542 0110 03       		.uleb128 0x3
 1543 0111 0E       		.uleb128 0xe
 1544 0112 3A       		.uleb128 0x3a
 1545 0113 0B       		.uleb128 0xb
 1546 0114 3B       		.uleb128 0x3b
 1547 0115 0B       		.uleb128 0xb
 1548 0116 27       		.uleb128 0x27
 1549 0117 0C       		.uleb128 0xc
 1550 0118 11       		.uleb128 0x11
 1551 0119 01       		.uleb128 0x1
 1552 011a 12       		.uleb128 0x12
 1553 011b 01       		.uleb128 0x1
 1554 011c 40       		.uleb128 0x40
 1555 011d 0A       		.uleb128 0xa
 1556 011e 01       		.uleb128 0x1
 1557 011f 13       		.uleb128 0x13
 1558 0120 00       		.byte	0
 1559 0121 00       		.byte	0
 1560 0122 17       		.uleb128 0x17
 1561 0123 05       		.uleb128 0x5
 1562 0124 00       		.byte	0
 1563 0125 03       		.uleb128 0x3
 1564 0126 0E       		.uleb128 0xe
 1565 0127 3A       		.uleb128 0x3a
 1566 0128 0B       		.uleb128 0xb
 1567 0129 3B       		.uleb128 0x3b
 1568 012a 0B       		.uleb128 0xb
 1569 012b 49       		.uleb128 0x49
 1570 012c 13       		.uleb128 0x13
 1571 012d 02       		.uleb128 0x2
 1572 012e 06       		.uleb128 0x6
 1573 012f 00       		.byte	0
 1574 0130 00       		.byte	0
 1575 0131 18       		.uleb128 0x18
 1576 0132 05       		.uleb128 0x5
 1577 0133 00       		.byte	0
 1578 0134 03       		.uleb128 0x3
 1579 0135 08       		.uleb128 0x8
 1580 0136 3A       		.uleb128 0x3a
 1581 0137 0B       		.uleb128 0xb
 1582 0138 3B       		.uleb128 0x3b
 1583 0139 0B       		.uleb128 0xb
 1584 013a 49       		.uleb128 0x49
 1585 013b 13       		.uleb128 0x13
 1586 013c 02       		.uleb128 0x2
 1587 013d 06       		.uleb128 0x6
ARM GAS  /var/folders/5n/p_75w94d66l9ssrldxqdhh700000gn/T//ccXifdbM.s 			page 29


 1588 013e 00       		.byte	0
 1589 013f 00       		.byte	0
 1590 0140 19       		.uleb128 0x19
 1591 0141 34       		.uleb128 0x34
 1592 0142 00       		.byte	0
 1593 0143 03       		.uleb128 0x3
 1594 0144 08       		.uleb128 0x8
 1595 0145 3A       		.uleb128 0x3a
 1596 0146 0B       		.uleb128 0xb
 1597 0147 3B       		.uleb128 0x3b
 1598 0148 0B       		.uleb128 0xb
 1599 0149 49       		.uleb128 0x49
 1600 014a 13       		.uleb128 0x13
 1601 014b 02       		.uleb128 0x2
 1602 014c 06       		.uleb128 0x6
 1603 014d 00       		.byte	0
 1604 014e 00       		.byte	0
 1605 014f 1A       		.uleb128 0x1a
 1606 0150 2E       		.uleb128 0x2e
 1607 0151 01       		.byte	0x1
 1608 0152 3F       		.uleb128 0x3f
 1609 0153 0C       		.uleb128 0xc
 1610 0154 03       		.uleb128 0x3
 1611 0155 0E       		.uleb128 0xe
 1612 0156 3A       		.uleb128 0x3a
 1613 0157 0B       		.uleb128 0xb
 1614 0158 3B       		.uleb128 0x3b
 1615 0159 0B       		.uleb128 0xb
 1616 015a 27       		.uleb128 0x27
 1617 015b 0C       		.uleb128 0xc
 1618 015c 49       		.uleb128 0x49
 1619 015d 13       		.uleb128 0x13
 1620 015e 11       		.uleb128 0x11
 1621 015f 01       		.uleb128 0x1
 1622 0160 12       		.uleb128 0x12
 1623 0161 01       		.uleb128 0x1
 1624 0162 40       		.uleb128 0x40
 1625 0163 06       		.uleb128 0x6
 1626 0164 01       		.uleb128 0x1
 1627 0165 13       		.uleb128 0x13
 1628 0166 00       		.byte	0
 1629 0167 00       		.byte	0
 1630 0168 1B       		.uleb128 0x1b
 1631 0169 2E       		.uleb128 0x2e
 1632 016a 01       		.byte	0x1
 1633 016b 3F       		.uleb128 0x3f
 1634 016c 0C       		.uleb128 0xc
 1635 016d 03       		.uleb128 0x3
 1636 016e 0E       		.uleb128 0xe
 1637 016f 3A       		.uleb128 0x3a
 1638 0170 0B       		.uleb128 0xb
 1639 0171 3B       		.uleb128 0x3b
 1640 0172 0B       		.uleb128 0xb
 1641 0173 27       		.uleb128 0x27
 1642 0174 0C       		.uleb128 0xc
 1643 0175 11       		.uleb128 0x11
 1644 0176 01       		.uleb128 0x1
ARM GAS  /var/folders/5n/p_75w94d66l9ssrldxqdhh700000gn/T//ccXifdbM.s 			page 30


 1645 0177 12       		.uleb128 0x12
 1646 0178 01       		.uleb128 0x1
 1647 0179 40       		.uleb128 0x40
 1648 017a 06       		.uleb128 0x6
 1649 017b 01       		.uleb128 0x1
 1650 017c 13       		.uleb128 0x13
 1651 017d 00       		.byte	0
 1652 017e 00       		.byte	0
 1653 017f 1C       		.uleb128 0x1c
 1654 0180 34       		.uleb128 0x34
 1655 0181 00       		.byte	0
 1656 0182 03       		.uleb128 0x3
 1657 0183 08       		.uleb128 0x8
 1658 0184 3A       		.uleb128 0x3a
 1659 0185 0B       		.uleb128 0xb
 1660 0186 3B       		.uleb128 0x3b
 1661 0187 0B       		.uleb128 0xb
 1662 0188 49       		.uleb128 0x49
 1663 0189 13       		.uleb128 0x13
 1664 018a 02       		.uleb128 0x2
 1665 018b 0A       		.uleb128 0xa
 1666 018c 00       		.byte	0
 1667 018d 00       		.byte	0
 1668 018e 1D       		.uleb128 0x1d
 1669 018f 34       		.uleb128 0x34
 1670 0190 00       		.byte	0
 1671 0191 03       		.uleb128 0x3
 1672 0192 0E       		.uleb128 0xe
 1673 0193 3A       		.uleb128 0x3a
 1674 0194 0B       		.uleb128 0xb
 1675 0195 3B       		.uleb128 0x3b
 1676 0196 0B       		.uleb128 0xb
 1677 0197 49       		.uleb128 0x49
 1678 0198 13       		.uleb128 0x13
 1679 0199 02       		.uleb128 0x2
 1680 019a 06       		.uleb128 0x6
 1681 019b 00       		.byte	0
 1682 019c 00       		.byte	0
 1683 019d 1E       		.uleb128 0x1e
 1684 019e 34       		.uleb128 0x34
 1685 019f 00       		.byte	0
 1686 01a0 03       		.uleb128 0x3
 1687 01a1 0E       		.uleb128 0xe
 1688 01a2 3A       		.uleb128 0x3a
 1689 01a3 0B       		.uleb128 0xb
 1690 01a4 3B       		.uleb128 0x3b
 1691 01a5 0B       		.uleb128 0xb
 1692 01a6 49       		.uleb128 0x49
 1693 01a7 13       		.uleb128 0x13
 1694 01a8 02       		.uleb128 0x2
 1695 01a9 0A       		.uleb128 0xa
 1696 01aa 00       		.byte	0
 1697 01ab 00       		.byte	0
 1698 01ac 00       		.byte	0
 1699              		.section	.debug_loc,"",%progbits
 1700              	.Ldebug_loc0:
 1701              	.LLST0:
ARM GAS  /var/folders/5n/p_75w94d66l9ssrldxqdhh700000gn/T//ccXifdbM.s 			page 31


 1702 0000 00000000 		.4byte	.LVL0
 1703 0004 0C000000 		.4byte	.LVL3
 1704 0008 0100     		.2byte	0x1
 1705 000a 50       		.byte	0x50
 1706 000b 0C000000 		.4byte	.LVL3
 1707 000f 13000000 		.4byte	.LVL6-1
 1708 0013 0300     		.2byte	0x3
 1709 0015 70       		.byte	0x70
 1710 0016 70       		.sleb128 -16
 1711 0017 9F       		.byte	0x9f
 1712 0018 00000000 		.4byte	0
 1713 001c 00000000 		.4byte	0
 1714              	.LLST1:
 1715 0020 00000000 		.4byte	.LVL0
 1716 0024 13000000 		.4byte	.LVL5-1
 1717 0028 0100     		.2byte	0x1
 1718 002a 51       		.byte	0x51
 1719 002b 00000000 		.4byte	0
 1720 002f 00000000 		.4byte	0
 1721              	.LLST2:
 1722 0033 00000000 		.4byte	.LVL0
 1723 0037 0A000000 		.4byte	.LVL2
 1724 003b 0100     		.2byte	0x1
 1725 003d 52       		.byte	0x52
 1726 003e 0A000000 		.4byte	.LVL2
 1727 0042 13000000 		.4byte	.LVL4-1
 1728 0046 0300     		.2byte	0x3
 1729 0048 72       		.byte	0x72
 1730 0049 08       		.sleb128 8
 1731 004a 9F       		.byte	0x9f
 1732 004b 00000000 		.4byte	0
 1733 004f 00000000 		.4byte	0
 1734              	.LLST3:
 1735 0053 04000000 		.4byte	.LVL1
 1736 0057 13000000 		.4byte	.LVL7-1
 1737 005b 0100     		.2byte	0x1
 1738 005d 51       		.byte	0x51
 1739 005e 00000000 		.4byte	0
 1740 0062 00000000 		.4byte	0
 1741              	.LLST4:
 1742 0066 00000000 		.4byte	.LFB9
 1743 006a 02000000 		.4byte	.LCFI0
 1744 006e 0200     		.2byte	0x2
 1745 0070 7D       		.byte	0x7d
 1746 0071 00       		.sleb128 0
 1747 0072 02000000 		.4byte	.LCFI0
 1748 0076 88000000 		.4byte	.LFE9
 1749 007a 0200     		.2byte	0x2
 1750 007c 7D       		.byte	0x7d
 1751 007d 18       		.sleb128 24
 1752 007e 00000000 		.4byte	0
 1753 0082 00000000 		.4byte	0
 1754              	.LLST5:
 1755 0086 00000000 		.4byte	.LVL8
 1756 008a 0A000000 		.4byte	.LVL9
 1757 008e 0100     		.2byte	0x1
 1758 0090 50       		.byte	0x50
ARM GAS  /var/folders/5n/p_75w94d66l9ssrldxqdhh700000gn/T//ccXifdbM.s 			page 32


 1759 0091 0A000000 		.4byte	.LVL9
 1760 0095 88000000 		.4byte	.LFE9
 1761 0099 0100     		.2byte	0x1
 1762 009b 54       		.byte	0x54
 1763 009c 00000000 		.4byte	0
 1764 00a0 00000000 		.4byte	0
 1765              	.LLST6:
 1766 00a4 00000000 		.4byte	.LVL8
 1767 00a8 0C000000 		.4byte	.LVL10
 1768 00ac 0100     		.2byte	0x1
 1769 00ae 51       		.byte	0x51
 1770 00af 0C000000 		.4byte	.LVL10
 1771 00b3 14000000 		.4byte	.LVL11
 1772 00b7 0300     		.2byte	0x3
 1773 00b9 71       		.byte	0x71
 1774 00ba 79       		.sleb128 -7
 1775 00bb 9F       		.byte	0x9f
 1776 00bc 14000000 		.4byte	.LVL11
 1777 00c0 88000000 		.4byte	.LFE9
 1778 00c4 0100     		.2byte	0x1
 1779 00c6 56       		.byte	0x56
 1780 00c7 00000000 		.4byte	0
 1781 00cb 00000000 		.4byte	0
 1782              	.LLST7:
 1783 00cf 18000000 		.4byte	.LVL12
 1784 00d3 50000000 		.4byte	.LVL18
 1785 00d7 0100     		.2byte	0x1
 1786 00d9 55       		.byte	0x55
 1787 00da 5C000000 		.4byte	.LVL20
 1788 00de 68000000 		.4byte	.LVL22
 1789 00e2 0100     		.2byte	0x1
 1790 00e4 55       		.byte	0x55
 1791 00e5 00000000 		.4byte	0
 1792 00e9 00000000 		.4byte	0
 1793              	.LLST8:
 1794 00ed 1E000000 		.4byte	.LVL13
 1795 00f1 20000000 		.4byte	.LVL14
 1796 00f5 0100     		.2byte	0x1
 1797 00f7 53       		.byte	0x53
 1798 00f8 24000000 		.4byte	.LVL15
 1799 00fc 50000000 		.4byte	.LVL18
 1800 0100 0200     		.2byte	0x2
 1801 0102 75       		.byte	0x75
 1802 0103 00       		.sleb128 0
 1803 0104 50000000 		.4byte	.LVL18
 1804 0108 57000000 		.4byte	.LVL19-1
 1805 010c 0100     		.2byte	0x1
 1806 010e 53       		.byte	0x53
 1807 010f 57000000 		.4byte	.LVL19-1
 1808 0113 58000000 		.4byte	.LVL19
 1809 0117 0300     		.2byte	0x3
 1810 0119 75       		.byte	0x75
 1811 011a 78       		.sleb128 -8
 1812 011b 9F       		.byte	0x9f
 1813 011c 5C000000 		.4byte	.LVL20
 1814 0120 62000000 		.4byte	.LVL21
 1815 0124 0100     		.2byte	0x1
ARM GAS  /var/folders/5n/p_75w94d66l9ssrldxqdhh700000gn/T//ccXifdbM.s 			page 33


 1816 0126 53       		.byte	0x53
 1817 0127 72000000 		.4byte	.LVL23
 1818 012b 7E000000 		.4byte	.LVL24
 1819 012f 0100     		.2byte	0x1
 1820 0131 50       		.byte	0x50
 1821 0132 00000000 		.4byte	0
 1822 0136 00000000 		.4byte	0
 1823              	.LLST9:
 1824 013a 3C000000 		.4byte	.LVL16
 1825 013e 4E000000 		.4byte	.LVL17
 1826 0142 0100     		.2byte	0x1
 1827 0144 57       		.byte	0x57
 1828 0145 00000000 		.4byte	0
 1829 0149 00000000 		.4byte	0
 1830              	.LLST10:
 1831 014d 00000000 		.4byte	.LFB10
 1832 0151 02000000 		.4byte	.LCFI1
 1833 0155 0200     		.2byte	0x2
 1834 0157 7D       		.byte	0x7d
 1835 0158 00       		.sleb128 0
 1836 0159 02000000 		.4byte	.LCFI1
 1837 015d 94000000 		.4byte	.LFE10
 1838 0161 0200     		.2byte	0x2
 1839 0163 7D       		.byte	0x7d
 1840 0164 10       		.sleb128 16
 1841 0165 00000000 		.4byte	0
 1842 0169 00000000 		.4byte	0
 1843              	.LLST11:
 1844 016d 00000000 		.4byte	.LVL25
 1845 0171 0C000000 		.4byte	.LVL27
 1846 0175 0100     		.2byte	0x1
 1847 0177 50       		.byte	0x50
 1848 0178 0C000000 		.4byte	.LVL27
 1849 017c 94000000 		.4byte	.LFE10
 1850 0180 0100     		.2byte	0x1
 1851 0182 56       		.byte	0x56
 1852 0183 00000000 		.4byte	0
 1853 0187 00000000 		.4byte	0
 1854              	.LLST12:
 1855 018b 10000000 		.4byte	.LVL28
 1856 018f 18000000 		.4byte	.LVL30
 1857 0193 0100     		.2byte	0x1
 1858 0195 55       		.byte	0x55
 1859 0196 18000000 		.4byte	.LVL30
 1860 019a 34000000 		.4byte	.LVL31
 1861 019e 0100     		.2byte	0x1
 1862 01a0 53       		.byte	0x53
 1863 01a1 34000000 		.4byte	.LVL31
 1864 01a5 36000000 		.4byte	.LVL32
 1865 01a9 0100     		.2byte	0x1
 1866 01ab 52       		.byte	0x52
 1867 01ac 36000000 		.4byte	.LVL32
 1868 01b0 38000000 		.4byte	.LVL33
 1869 01b4 0100     		.2byte	0x1
 1870 01b6 53       		.byte	0x53
 1871 01b7 3A000000 		.4byte	.LVL34
 1872 01bb 65000000 		.4byte	.LVL36-1
ARM GAS  /var/folders/5n/p_75w94d66l9ssrldxqdhh700000gn/T//ccXifdbM.s 			page 34


 1873 01bf 0100     		.2byte	0x1
 1874 01c1 53       		.byte	0x53
 1875 01c2 66000000 		.4byte	.LVL36
 1876 01c6 94000000 		.4byte	.LFE10
 1877 01ca 0100     		.2byte	0x1
 1878 01cc 53       		.byte	0x53
 1879 01cd 00000000 		.4byte	0
 1880 01d1 00000000 		.4byte	0
 1881              	.LLST13:
 1882 01d5 0C000000 		.4byte	.LVL27
 1883 01d9 15000000 		.4byte	.LVL29-1
 1884 01dd 0200     		.2byte	0x2
 1885 01df 74       		.byte	0x74
 1886 01e0 00       		.sleb128 0
 1887 01e1 15000000 		.4byte	.LVL29-1
 1888 01e5 4C000000 		.4byte	.LVL35
 1889 01e9 0300     		.2byte	0x3
 1890 01eb 75       		.byte	0x75
 1891 01ec 78       		.sleb128 -8
 1892 01ed 9F       		.byte	0x9f
 1893 01ee 00000000 		.4byte	0
 1894 01f2 00000000 		.4byte	0
 1895              	.LLST14:
 1896 01f6 00000000 		.4byte	.LFB11
 1897 01fa 02000000 		.4byte	.LCFI2
 1898 01fe 0200     		.2byte	0x2
 1899 0200 7D       		.byte	0x7d
 1900 0201 00       		.sleb128 0
 1901 0202 02000000 		.4byte	.LCFI2
 1902 0206 3C000000 		.4byte	.LFE11
 1903 020a 0200     		.2byte	0x2
 1904 020c 7D       		.byte	0x7d
 1905 020d 10       		.sleb128 16
 1906 020e 00000000 		.4byte	0
 1907 0212 00000000 		.4byte	0
 1908              	.LLST15:
 1909 0216 00000000 		.4byte	.LVL37
 1910 021a 0A000000 		.4byte	.LVL38
 1911 021e 0100     		.2byte	0x1
 1912 0220 50       		.byte	0x50
 1913 0221 0A000000 		.4byte	.LVL38
 1914 0225 1A000000 		.4byte	.LVL40
 1915 0229 0100     		.2byte	0x1
 1916 022b 54       		.byte	0x54
 1917 022c 00000000 		.4byte	0
 1918 0230 00000000 		.4byte	0
 1919              	.LLST16:
 1920 0234 00000000 		.4byte	.LVL37
 1921 0238 13000000 		.4byte	.LVL39-1
 1922 023c 0100     		.2byte	0x1
 1923 023e 51       		.byte	0x51
 1924 023f 13000000 		.4byte	.LVL39-1
 1925 0243 3C000000 		.4byte	.LFE11
 1926 0247 0100     		.2byte	0x1
 1927 0249 55       		.byte	0x55
 1928 024a 00000000 		.4byte	0
 1929 024e 00000000 		.4byte	0
ARM GAS  /var/folders/5n/p_75w94d66l9ssrldxqdhh700000gn/T//ccXifdbM.s 			page 35


 1930              	.LLST17:
 1931 0252 14000000 		.4byte	.LVL39
 1932 0256 1A000000 		.4byte	.LVL40
 1933 025a 0300     		.2byte	0x3
 1934 025c 74       		.byte	0x74
 1935 025d 08       		.sleb128 8
 1936 025e 9F       		.byte	0x9f
 1937 025f 00000000 		.4byte	0
 1938 0263 00000000 		.4byte	0
 1939              	.LLST18:
 1940 0267 14000000 		.4byte	.LVL39
 1941 026b 20000000 		.4byte	.LVL41
 1942 026f 0200     		.2byte	0x2
 1943 0271 30       		.byte	0x30
 1944 0272 9F       		.byte	0x9f
 1945 0273 28000000 		.4byte	.LVL43
 1946 0277 2C000000 		.4byte	.LVL44
 1947 027b 0100     		.2byte	0x1
 1948 027d 54       		.byte	0x54
 1949 027e 00000000 		.4byte	0
 1950 0282 00000000 		.4byte	0
 1951              	.LLST19:
 1952 0286 14000000 		.4byte	.LVL39
 1953 028a 20000000 		.4byte	.LVL41
 1954 028e 0200     		.2byte	0x2
 1955 0290 30       		.byte	0x30
 1956 0291 9F       		.byte	0x9f
 1957 0292 26000000 		.4byte	.LVL42
 1958 0296 2C000000 		.4byte	.LVL44
 1959 029a 0100     		.2byte	0x1
 1960 029c 52       		.byte	0x52
 1961 029d 00000000 		.4byte	0
 1962 02a1 00000000 		.4byte	0
 1963              		.section	.debug_aranges,"",%progbits
 1964 0000 3C000000 		.4byte	0x3c
 1965 0004 0200     		.2byte	0x2
 1966 0006 00000000 		.4byte	.Ldebug_info0
 1967 000a 04       		.byte	0x4
 1968 000b 00       		.byte	0
 1969 000c 0000     		.2byte	0
 1970 000e 0000     		.2byte	0
 1971 0010 00000000 		.4byte	.LFB7
 1972 0014 20000000 		.4byte	.LFE7-.LFB7
 1973 0018 00000000 		.4byte	.LFB8
 1974 001c 14000000 		.4byte	.LFE8-.LFB8
 1975 0020 00000000 		.4byte	.LFB9
 1976 0024 88000000 		.4byte	.LFE9-.LFB9
 1977 0028 00000000 		.4byte	.LFB10
 1978 002c 94000000 		.4byte	.LFE10-.LFB10
 1979 0030 00000000 		.4byte	.LFB11
 1980 0034 3C000000 		.4byte	.LFE11-.LFB11
 1981 0038 00000000 		.4byte	0
 1982 003c 00000000 		.4byte	0
 1983              		.section	.debug_ranges,"",%progbits
 1984              	.Ldebug_ranges0:
 1985 0000 00000000 		.4byte	.LFB7
 1986 0004 20000000 		.4byte	.LFE7
ARM GAS  /var/folders/5n/p_75w94d66l9ssrldxqdhh700000gn/T//ccXifdbM.s 			page 36


 1987 0008 00000000 		.4byte	.LFB8
 1988 000c 14000000 		.4byte	.LFE8
 1989 0010 00000000 		.4byte	.LFB9
 1990 0014 88000000 		.4byte	.LFE9
 1991 0018 00000000 		.4byte	.LFB10
 1992 001c 94000000 		.4byte	.LFE10
 1993 0020 00000000 		.4byte	.LFB11
 1994 0024 3C000000 		.4byte	.LFE11
 1995 0028 00000000 		.4byte	0
 1996 002c 00000000 		.4byte	0
 1997              		.section	.debug_line,"",%progbits
 1998              	.Ldebug_line0:
 1999 0000 41020000 		.section	.debug_str,"MS",%progbits,1
 1999      02006201 
 1999      00000201 
 1999      FB0E0D00 
 1999      01010101 
 2000              	.LASF37:
 2001 0000 705F6D73 		.ascii	"p_msg\000"
 2001      6700
 2002              	.LASF2:
 2003 0006 73697A65 		.ascii	"size_t\000"
 2003      5F7400
 2004              	.LASF62:
 2005 000d 7264796D 		.ascii	"rdymsg\000"
 2005      736700
 2006              	.LASF12:
 2007 0014 75696E74 		.ascii	"uint64_t\000"
 2007      36345F74 
 2007      00
 2008              	.LASF52:
 2009 001d 6D656D67 		.ascii	"memgetfunc_t\000"
 2009      65746675 
 2009      6E635F74 
 2009      00
 2010              	.LASF13:
 2011 002a 6C6F6E67 		.ascii	"long long unsigned int\000"
 2011      206C6F6E 
 2011      6720756E 
 2011      7369676E 
 2011      65642069 
 2012              	.LASF63:
 2013 0041 65786974 		.ascii	"exitcode\000"
 2013      636F6465 
 2013      00
 2014              	.LASF56:
 2015 004a 685F6672 		.ascii	"h_free\000"
 2015      656500
 2016              	.LASF67:
 2017 0051 68656170 		.ascii	"heapp\000"
 2017      7000
 2018              	.LASF68:
 2019 0057 63684865 		.ascii	"chHeapInit\000"
 2019      6170496E 
 2019      697400
 2020              	.LASF58:
 2021 0062 6E657874 		.ascii	"next\000"
ARM GAS  /var/folders/5n/p_75w94d66l9ssrldxqdhh700000gn/T//ccXifdbM.s 			page 37


 2021      00
 2022              	.LASF25:
 2023 0067 705F7072 		.ascii	"p_prio\000"
 2023      696F00
 2024              	.LASF11:
 2025 006e 6C6F6E67 		.ascii	"long long int\000"
 2025      206C6F6E 
 2025      6720696E 
 2025      7400
 2026              	.LASF1:
 2027 007c 7369676E 		.ascii	"signed char\000"
 2027      65642063 
 2027      68617200 
 2028              	.LASF57:
 2029 0088 685F6D74 		.ascii	"h_mtx\000"
 2029      7800
 2030              	.LASF41:
 2031 008e 705F6D70 		.ascii	"p_mpool\000"
 2031      6F6F6C00 
 2032              	.LASF49:
 2033 0096 6D5F7175 		.ascii	"m_queue\000"
 2033      65756500 
 2034              	.LASF69:
 2035 009e 63684865 		.ascii	"chHeapFree\000"
 2035      61704672 
 2035      656500
 2036              	.LASF17:
 2037 00a9 74736C69 		.ascii	"tslices_t\000"
 2037      6365735F 
 2037      7400
 2038              	.LASF8:
 2039 00b3 6C6F6E67 		.ascii	"long int\000"
 2039      20696E74 
 2039      00
 2040              	.LASF75:
 2041 00bc 2E2E2F2E 		.ascii	"../../os/kernel/src/chheap.c\000"
 2041      2E2F6F73 
 2041      2F6B6572 
 2041      6E656C2F 
 2041      7372632F 
 2042              	.LASF15:
 2043 00d9 74737461 		.ascii	"tstate_t\000"
 2043      74655F74 
 2043      00
 2044              	.LASF27:
 2045 00e2 705F6E65 		.ascii	"p_newer\000"
 2045      77657200 
 2046              	.LASF44:
 2047 00ea 72656761 		.ascii	"regarm_t\000"
 2047      726D5F74 
 2047      00
 2048              	.LASF60:
 2049 00f3 616C6967 		.ascii	"align\000"
 2049      6E00
 2050              	.LASF0:
 2051 00f9 756E7369 		.ascii	"unsigned int\000"
 2051      676E6564 
ARM GAS  /var/folders/5n/p_75w94d66l9ssrldxqdhh700000gn/T//ccXifdbM.s 			page 38


 2051      20696E74 
 2051      00
 2052              	.LASF10:
 2053 0106 6C6F6E67 		.ascii	"long unsigned int\000"
 2053      20756E73 
 2053      69676E65 
 2053      6420696E 
 2053      7400
 2054              	.LASF47:
 2055 0118 636F6E74 		.ascii	"context\000"
 2055      65787400 
 2056              	.LASF61:
 2057 0120 73697A65 		.ascii	"size\000"
 2057      00
 2058              	.LASF6:
 2059 0125 73686F72 		.ascii	"short unsigned int\000"
 2059      7420756E 
 2059      7369676E 
 2059      65642069 
 2059      6E7400
 2060              	.LASF19:
 2061 0138 6D73675F 		.ascii	"msg_t\000"
 2061      7400
 2062              	.LASF14:
 2063 013e 746D6F64 		.ascii	"tmode_t\000"
 2063      655F7400 
 2064              	.LASF43:
 2065 0146 54687265 		.ascii	"ThreadsList\000"
 2065      6164734C 
 2065      69737400 
 2066              	.LASF20:
 2067 0152 6576656E 		.ascii	"eventmask_t\000"
 2067      746D6173 
 2067      6B5F7400 
 2068              	.LASF48:
 2069 015e 4D757465 		.ascii	"Mutex\000"
 2069      7800
 2070              	.LASF45:
 2071 0164 73746B61 		.ascii	"stkalign_t\000"
 2071      6C69676E 
 2071      5F7400
 2072              	.LASF28:
 2073 016f 705F6F6C 		.ascii	"p_older\000"
 2073      64657200 
 2074              	.LASF42:
 2075 0177 54687265 		.ascii	"ThreadsQueue\000"
 2075      61647351 
 2075      75657565 
 2075      00
 2076              	.LASF53:
 2077 0184 4D656D6F 		.ascii	"MemoryHeap\000"
 2077      72794865 
 2077      617000
 2078              	.LASF16:
 2079 018f 74726566 		.ascii	"trefs_t\000"
 2079      735F7400 
 2080              	.LASF24:
ARM GAS  /var/folders/5n/p_75w94d66l9ssrldxqdhh700000gn/T//ccXifdbM.s 			page 39


 2081 0197 705F7072 		.ascii	"p_prev\000"
 2081      657600
 2082              	.LASF18:
 2083 019e 74707269 		.ascii	"tprio_t\000"
 2083      6F5F7400 
 2084              	.LASF7:
 2085 01a6 696E7433 		.ascii	"int32_t\000"
 2085      325F7400 
 2086              	.LASF4:
 2087 01ae 756E7369 		.ascii	"unsigned char\000"
 2087      676E6564 
 2087      20636861 
 2087      7200
 2088              	.LASF55:
 2089 01bc 685F7072 		.ascii	"h_provider\000"
 2089      6F766964 
 2089      657200
 2090              	.LASF39:
 2091 01c7 705F6D74 		.ascii	"p_mtxlist\000"
 2091      786C6973 
 2091      7400
 2092              	.LASF5:
 2093 01d1 73686F72 		.ascii	"short int\000"
 2093      7420696E 
 2093      7400
 2094              	.LASF30:
 2095 01db 705F7374 		.ascii	"p_state\000"
 2095      61746500 
 2096              	.LASF33:
 2097 01e3 705F7072 		.ascii	"p_preempt\000"
 2097      65656D70 
 2097      7400
 2098              	.LASF77:
 2099 01ed 68656170 		.ascii	"heap_header\000"
 2099      5F686561 
 2099      64657200 
 2100              	.LASF65:
 2101 01f9 65776D61 		.ascii	"ewmask\000"
 2101      736B00
 2102              	.LASF23:
 2103 0200 705F6E65 		.ascii	"p_next\000"
 2103      787400
 2104              	.LASF31:
 2105 0207 705F666C 		.ascii	"p_flags\000"
 2105      61677300 
 2106              	.LASF22:
 2107 020f 54687265 		.ascii	"Thread\000"
 2107      616400
 2108              	.LASF70:
 2109 0216 63684865 		.ascii	"chHeapAlloc\000"
 2109      6170416C 
 2109      6C6F6300 
 2110              	.LASF38:
 2111 0222 705F6570 		.ascii	"p_epending\000"
 2111      656E6469 
 2111      6E6700
 2112              	.LASF9:
ARM GAS  /var/folders/5n/p_75w94d66l9ssrldxqdhh700000gn/T//ccXifdbM.s 			page 40


 2113 022d 75696E74 		.ascii	"uint32_t\000"
 2113      33325F74 
 2113      00
 2114              	.LASF59:
 2115 0236 68656170 		.ascii	"heap\000"
 2115      00
 2116              	.LASF73:
 2117 023b 64656661 		.ascii	"default_heap\000"
 2117      756C745F 
 2117      68656170 
 2117      00
 2118              	.LASF66:
 2119 0248 63686172 		.ascii	"char\000"
 2119      00
 2120              	.LASF71:
 2121 024d 63684865 		.ascii	"chHeapStatus\000"
 2121      61705374 
 2121      61747573 
 2121      00
 2122              	.LASF51:
 2123 025a 6D5F6E65 		.ascii	"m_next\000"
 2123      787400
 2124              	.LASF21:
 2125 0261 73797374 		.ascii	"systime_t\000"
 2125      696D655F 
 2125      7400
 2126              	.LASF40:
 2127 026b 705F7265 		.ascii	"p_realprio\000"
 2127      616C7072 
 2127      696F00
 2128              	.LASF34:
 2129 0276 705F7469 		.ascii	"p_time\000"
 2129      6D6500
 2130              	.LASF74:
 2131 027d 474E5520 		.ascii	"GNU C 4.6.2 20111004 (prerelease)\000"
 2131      4320342E 
 2131      362E3220 
 2131      32303131 
 2131      31303034 
 2132              	.LASF46:
 2133 029f 696E7463 		.ascii	"intctx\000"
 2133      747800
 2134              	.LASF36:
 2135 02a6 705F6D73 		.ascii	"p_msgqueue\000"
 2135      67717565 
 2135      756500
 2136              	.LASF32:
 2137 02b1 705F7265 		.ascii	"p_refs\000"
 2137      667300
 2138              	.LASF3:
 2139 02b8 75696E74 		.ascii	"uint8_t\000"
 2139      385F7400 
 2140              	.LASF64:
 2141 02c0 77746F62 		.ascii	"wtobjp\000"
 2141      6A7000
 2142              	.LASF72:
 2143 02c7 73697A65 		.ascii	"sizep\000"
ARM GAS  /var/folders/5n/p_75w94d66l9ssrldxqdhh700000gn/T//ccXifdbM.s 			page 41


 2143      7000
 2144              	.LASF29:
 2145 02cd 705F6E61 		.ascii	"p_name\000"
 2145      6D6500
 2146              	.LASF76:
 2147 02d4 2F557365 		.ascii	"/Users/sin/Documents/Eclipse/Workspace/mabl-ChibiOS"
 2147      72732F73 
 2147      696E2F44 
 2147      6F63756D 
 2147      656E7473 
 2148 0307 2D322E35 		.ascii	"-2.5.1/demos/ARMCM4-STM32F407-LWIP\000"
 2148      2E312F64 
 2148      656D6F73 
 2148      2F41524D 
 2148      434D342D 
 2149              	.LASF78:
 2150 032a 5F686561 		.ascii	"_heap_init\000"
 2150      705F696E 
 2150      697400
 2151              	.LASF50:
 2152 0335 6D5F6F77 		.ascii	"m_owner\000"
 2152      6E657200 
 2153              	.LASF26:
 2154 033d 705F6374 		.ascii	"p_ctx\000"
 2154      7800
 2155              	.LASF35:
 2156 0343 705F7761 		.ascii	"p_waiting\000"
 2156      6974696E 
 2156      6700
 2157              	.LASF54:
 2158 034d 6D656D6F 		.ascii	"memory_heap\000"
 2158      72795F68 
 2158      65617000 
 2159              		.ident	"GCC: (Linaro GCC 4.6-2011.10) 4.6.2 20111004 (prerelease)"
ARM GAS  /var/folders/5n/p_75w94d66l9ssrldxqdhh700000gn/T//ccXifdbM.s 			page 42


DEFINED SYMBOLS
                            *ABS*:0000000000000000 chheap.c
/var/folders/5n/p_75w94d66l9ssrldxqdhh700000gn/T//ccXifdbM.s:18     .text._heap_init:0000000000000000 $t
/var/folders/5n/p_75w94d66l9ssrldxqdhh700000gn/T//ccXifdbM.s:24     .text._heap_init:0000000000000000 _heap_init
/var/folders/5n/p_75w94d66l9ssrldxqdhh700000gn/T//ccXifdbM.s:431    .bss.default_heap:0000000000000000 .LANCHOR0
/var/folders/5n/p_75w94d66l9ssrldxqdhh700000gn/T//ccXifdbM.s:55     .text.chHeapInit:0000000000000000 $t
/var/folders/5n/p_75w94d66l9ssrldxqdhh700000gn/T//ccXifdbM.s:61     .text.chHeapInit:0000000000000000 chHeapInit
/var/folders/5n/p_75w94d66l9ssrldxqdhh700000gn/T//ccXifdbM.s:98     .text.chHeapAlloc:0000000000000000 $t
/var/folders/5n/p_75w94d66l9ssrldxqdhh700000gn/T//ccXifdbM.s:104    .text.chHeapAlloc:0000000000000000 chHeapAlloc
/var/folders/5n/p_75w94d66l9ssrldxqdhh700000gn/T//ccXifdbM.s:225    .text.chHeapAlloc:0000000000000084 $d
/var/folders/5n/p_75w94d66l9ssrldxqdhh700000gn/T//ccXifdbM.s:230    .text.chHeapFree:0000000000000000 $t
/var/folders/5n/p_75w94d66l9ssrldxqdhh700000gn/T//ccXifdbM.s:236    .text.chHeapFree:0000000000000000 chHeapFree
/var/folders/5n/p_75w94d66l9ssrldxqdhh700000gn/T//ccXifdbM.s:353    .text.chHeapStatus:0000000000000000 $t
/var/folders/5n/p_75w94d66l9ssrldxqdhh700000gn/T//ccXifdbM.s:359    .text.chHeapStatus:0000000000000000 chHeapStatus
/var/folders/5n/p_75w94d66l9ssrldxqdhh700000gn/T//ccXifdbM.s:425    .text.chHeapStatus:0000000000000038 $d
/var/folders/5n/p_75w94d66l9ssrldxqdhh700000gn/T//ccXifdbM.s:430    .bss.default_heap:0000000000000000 $d
/var/folders/5n/p_75w94d66l9ssrldxqdhh700000gn/T//ccXifdbM.s:434    .bss.default_heap:0000000000000000 default_heap
                     .debug_frame:0000000000000010 $d
/var/folders/5n/p_75w94d66l9ssrldxqdhh700000gn/T//ccXifdbM.s:229    .text.chHeapAlloc:0000000000000088 $t
/var/folders/5n/p_75w94d66l9ssrldxqdhh700000gn/T//ccXifdbM.s:429    .text.chHeapStatus:000000000000003c $t

UNDEFINED SYMBOLS
chCoreAlloc
chMtxInit
chMtxLock
chMtxUnlock
