ARM GAS  /var/folders/5n/p_75w94d66l9ssrldxqdhh700000gn/T//ccjU1hSd.s 			page 1


   1              		.syntax unified
   2              		.cpu cortex-m4
   3              		.fpu softvfp
   4              		.eabi_attribute 20, 1
   5              		.eabi_attribute 21, 1
   6              		.eabi_attribute 23, 3
   7              		.eabi_attribute 24, 1
   8              		.eabi_attribute 25, 1
   9              		.eabi_attribute 26, 1
  10              		.eabi_attribute 30, 2
  11              		.eabi_attribute 18, 4
  12              		.thumb
  13              		.file	"chmemcore.c"
  14              		.text
  15              	.Ltext0:
  16              		.cfi_sections	.debug_frame
  17              		.section	.text._core_init,"ax",%progbits
  18              		.align	2
  19              		.p2align 4,,15
  20              		.global	_core_init
  21              		.thumb
  22              		.thumb_func
  23              		.type	_core_init, %function
  24              	_core_init:
  25              	.LFB7:
  26              		.file 1 "../../os/kernel/src/chmemcore.c"
  27              		.loc 1 59 0
  28              		.cfi_startproc
  29              		@ args = 0, pretend = 0, frame = 0
  30              		@ frame_needed = 0, uses_anonymous_args = 0
  31              		@ link register save eliminated.
  32              		.loc 1 63 0
  33 0000 40F20002 		movw	r2, #:lower16:.LANCHOR0
  34              		.loc 1 64 0
  35 0004 40F20003 		movw	r3, #:lower16:.LANCHOR1
  36 0008 40F20001 		movw	r1, #:lower16:__heap_end__
  37              		.loc 1 63 0
  38 000c 0648     		ldr	r0, .L2
  39 000e C0F20002 		movt	r2, #:upper16:.LANCHOR0
  40              		.loc 1 64 0
  41 0012 C0F20003 		movt	r3, #:upper16:.LANCHOR1
  42 0016 C0F20001 		movt	r1, #:upper16:__heap_end__
  43              		.loc 1 63 0
  44 001a 20F00700 		bic	r0, r0, #7
  45              		.loc 1 64 0
  46 001e 21F00701 		bic	r1, r1, #7
  47              		.loc 1 63 0
  48 0022 1060     		str	r0, [r2, #0]
  49              		.loc 1 64 0
  50 0024 1960     		str	r1, [r3, #0]
  51              		.loc 1 70 0
  52 0026 7047     		bx	lr
  53              	.L3:
  54              		.align	2
  55              	.L2:
  56 0028 07000000 		.word	__heap_base__+7
  57              		.cfi_endproc
ARM GAS  /var/folders/5n/p_75w94d66l9ssrldxqdhh700000gn/T//ccjU1hSd.s 			page 2


  58              	.LFE7:
  59              		.size	_core_init, .-_core_init
  60 002c AFF30080 		.section	.text.chCoreAlloc,"ax",%progbits
  61              		.align	2
  62              		.p2align 4,,15
  63              		.global	chCoreAlloc
  64              		.thumb
  65              		.thumb_func
  66              		.type	chCoreAlloc, %function
  67              	chCoreAlloc:
  68              	.LFB8:
  69              		.loc 1 84 0
  70              		.cfi_startproc
  71              		@ args = 0, pretend = 0, frame = 0
  72              		@ frame_needed = 0, uses_anonymous_args = 0
  73              		@ link register save eliminated.
  74              	.LVL0:
  75              	.LBB6:
  76              		.loc 1 87 0
  77 0000 2023     		movs	r3, #32
  78              	.LVL1:
  79              	@ 87 "../../os/kernel/src/chmemcore.c" 1
  80 0002 83F31188 		msr     BASEPRI, r3
  81              	@ 0 "" 2
  82              	.LVL2:
  83              		.thumb
  84              	.LBE6:
  85              	.LBB7:
  86              	.LBB8:
  87              		.loc 1 111 0
  88 0006 094B     		ldr	r3, .L7
  89              	.LVL3:
  90 0008 0949     		ldr	r1, .L7+4
  91 000a 1A68     		ldr	r2, [r3, #0]
  92 000c 0968     		ldr	r1, [r1, #0]
  93              		.loc 1 110 0
  94 000e 0730     		adds	r0, r0, #7
  95              	.LVL4:
  96 0010 20F00700 		bic	r0, r0, #7
  97              	.LVL5:
  98              		.loc 1 111 0
  99 0014 891A     		subs	r1, r1, r2
 100 0016 8842     		cmp	r0, r1
 101              	.LVL6:
 102              		.loc 1 114 0
 103 0018 9ABF     		itte	ls
 104 001a 1018     		addls	r0, r2, r0
 105              	.LVL7:
 106 001c 1860     		strls	r0, [r3, #0]
 107              		.loc 1 112 0
 108 001e 0022     		movhi	r2, #0
 109              	.LBE8:
 110              	.LBE7:
 111              	.LBB9:
 112              		.loc 1 89 0
 113 0020 0023     		movs	r3, #0
 114              	.LVL8:
ARM GAS  /var/folders/5n/p_75w94d66l9ssrldxqdhh700000gn/T//ccjU1hSd.s 			page 3


 115              	@ 89 "../../os/kernel/src/chmemcore.c" 1
 116 0022 83F31188 		msr     BASEPRI, r3
 117              	@ 0 "" 2
 118              	.LVL9:
 119              		.thumb
 120              	.LBE9:
 121              		.loc 1 91 0
 122 0026 1046     		mov	r0, r2
 123 0028 7047     		bx	lr
 124              	.L8:
 125 002a 00BF     		.align	2
 126              	.L7:
 127 002c 00000000 		.word	.LANCHOR0
 128 0030 00000000 		.word	.LANCHOR1
 129              		.cfi_endproc
 130              	.LFE8:
 131              		.size	chCoreAlloc, .-chCoreAlloc
 132 0034 AFF30080 		.section	.text.chCoreAllocI,"ax",%progbits
 132      AFF30080 
 132      AFF30080 
 133              		.align	2
 134              		.p2align 4,,15
 135              		.global	chCoreAllocI
 136              		.thumb
 137              		.thumb_func
 138              		.type	chCoreAllocI, %function
 139              	chCoreAllocI:
 140              	.LFB9:
 141              		.loc 1 105 0
 142              		.cfi_startproc
 143              		@ args = 0, pretend = 0, frame = 0
 144              		@ frame_needed = 0, uses_anonymous_args = 0
 145              		@ link register save eliminated.
 146              	.LVL10:
 147              		.loc 1 111 0
 148 0000 074A     		ldr	r2, .L12
 149 0002 0849     		ldr	r1, .L12+4
 150 0004 1368     		ldr	r3, [r2, #0]
 151 0006 0968     		ldr	r1, [r1, #0]
 152              		.loc 1 110 0
 153 0008 0730     		adds	r0, r0, #7
 154              	.LVL11:
 155 000a 20F00700 		bic	r0, r0, #7
 156              	.LVL12:
 157              		.loc 1 111 0
 158 000e C91A     		subs	r1, r1, r3
 159 0010 8842     		cmp	r0, r1
 160              	.LVL13:
 161              		.loc 1 114 0
 162 0012 9ABF     		itte	ls
 163 0014 1818     		addls	r0, r3, r0
 164              	.LVL14:
 165 0016 1060     		strls	r0, [r2, #0]
 166              		.loc 1 112 0
 167 0018 0023     		movhi	r3, #0
 168              		.loc 1 116 0
 169 001a 1846     		mov	r0, r3
ARM GAS  /var/folders/5n/p_75w94d66l9ssrldxqdhh700000gn/T//ccjU1hSd.s 			page 4


 170 001c 7047     		bx	lr
 171              	.L13:
 172 001e 00BF     		.align	2
 173              	.L12:
 174 0020 00000000 		.word	.LANCHOR0
 175 0024 00000000 		.word	.LANCHOR1
 176              		.cfi_endproc
 177              	.LFE9:
 178              		.size	chCoreAllocI, .-chCoreAllocI
 179 0028 AFF30080 		.section	.text.chCoreStatus,"ax",%progbits
 179      AFF30080 
 180              		.align	2
 181              		.p2align 4,,15
 182              		.global	chCoreStatus
 183              		.thumb
 184              		.thumb_func
 185              		.type	chCoreStatus, %function
 186              	chCoreStatus:
 187              	.LFB10:
 188              		.loc 1 125 0
 189              		.cfi_startproc
 190              		@ args = 0, pretend = 0, frame = 0
 191              		@ frame_needed = 0, uses_anonymous_args = 0
 192              		@ link register save eliminated.
 193              		.loc 1 127 0
 194 0000 40F20002 		movw	r2, #:lower16:.LANCHOR1
 195 0004 40F20003 		movw	r3, #:lower16:.LANCHOR0
 196 0008 C0F20002 		movt	r2, #:upper16:.LANCHOR1
 197 000c C0F20003 		movt	r3, #:upper16:.LANCHOR0
 198 0010 1068     		ldr	r0, [r2, #0]
 199 0012 1B68     		ldr	r3, [r3, #0]
 200              		.loc 1 128 0
 201 0014 C01A     		subs	r0, r0, r3
 202 0016 7047     		bx	lr
 203              		.cfi_endproc
 204              	.LFE10:
 205              		.size	chCoreStatus, .-chCoreStatus
 206 0018 AFF30080 		.section	.bss.endmem,"aw",%nobits
 206      AFF30080 
 207              		.align	2
 208              		.set	.LANCHOR1,. + 0
 209              		.type	endmem, %object
 210              		.size	endmem, 4
 211              	endmem:
 212 0000 00000000 		.space	4
 213              		.section	.bss.nextmem,"aw",%nobits
 214              		.align	2
 215              		.set	.LANCHOR0,. + 0
 216              		.type	nextmem, %object
 217              		.size	nextmem, 4
 218              	nextmem:
 219 0000 00000000 		.space	4
 220              		.text
 221              	.Letext0:
 222              		.file 2 "/usr/local/summon/lib/gcc/arm-none-eabi/4.6.2/include/stddef.h"
 223              		.file 3 "/usr/local/summon/lib/gcc/arm-none-eabi/4.6.2/../../../../arm-none-eabi/include/stdint.h"
 224              		.section	.debug_info,"",%progbits
ARM GAS  /var/folders/5n/p_75w94d66l9ssrldxqdhh700000gn/T//ccjU1hSd.s 			page 5


 225              	.Ldebug_info0:
 226 0000 1D020000 		.4byte	0x21d
 227 0004 0200     		.2byte	0x2
 228 0006 00000000 		.4byte	.Ldebug_abbrev0
 229 000a 04       		.byte	0x4
 230 000b 01       		.uleb128 0x1
 231 000c A1000000 		.4byte	.LASF17
 232 0010 01       		.byte	0x1
 233 0011 25010000 		.4byte	.LASF18
 234 0015 3D000000 		.4byte	.LASF19
 235 0019 00000000 		.4byte	0
 236 001d 00000000 		.4byte	0
 237 0021 00000000 		.4byte	.Ldebug_ranges0+0
 238 0025 00000000 		.4byte	.Ldebug_line0
 239 0029 02       		.uleb128 0x2
 240 002a 04       		.byte	0x4
 241 002b 05       		.byte	0x5
 242 002c 696E7400 		.ascii	"int\000"
 243 0030 03       		.uleb128 0x3
 244 0031 21000000 		.4byte	.LASF2
 245 0035 02       		.byte	0x2
 246 0036 D4       		.byte	0xd4
 247 0037 3B000000 		.4byte	0x3b
 248 003b 04       		.uleb128 0x4
 249 003c 04       		.byte	0x4
 250 003d 07       		.byte	0x7
 251 003e 7F010000 		.4byte	.LASF0
 252 0042 04       		.uleb128 0x4
 253 0043 01       		.byte	0x1
 254 0044 06       		.byte	0x6
 255 0045 59010000 		.4byte	.LASF1
 256 0049 03       		.uleb128 0x3
 257 004a EC000000 		.4byte	.LASF3
 258 004e 03       		.byte	0x3
 259 004f 2A       		.byte	0x2a
 260 0050 54000000 		.4byte	0x54
 261 0054 04       		.uleb128 0x4
 262 0055 01       		.byte	0x1
 263 0056 08       		.byte	0x8
 264 0057 F4000000 		.4byte	.LASF4
 265 005b 04       		.uleb128 0x4
 266 005c 02       		.byte	0x2
 267 005d 05       		.byte	0x5
 268 005e 75010000 		.4byte	.LASF5
 269 0062 04       		.uleb128 0x4
 270 0063 02       		.byte	0x2
 271 0064 07       		.byte	0x7
 272 0065 0E000000 		.4byte	.LASF6
 273 0069 04       		.uleb128 0x4
 274 006a 04       		.byte	0x4
 275 006b 05       		.byte	0x5
 276 006c 1C010000 		.4byte	.LASF7
 277 0070 03       		.uleb128 0x3
 278 0071 13010000 		.4byte	.LASF8
 279 0075 03       		.byte	0x3
 280 0076 50       		.byte	0x50
 281 0077 7B000000 		.4byte	0x7b
ARM GAS  /var/folders/5n/p_75w94d66l9ssrldxqdhh700000gn/T//ccjU1hSd.s 			page 6


 282 007b 04       		.uleb128 0x4
 283 007c 04       		.byte	0x4
 284 007d 07       		.byte	0x7
 285 007e C3000000 		.4byte	.LASF9
 286 0082 04       		.uleb128 0x4
 287 0083 08       		.byte	0x8
 288 0084 05       		.byte	0x5
 289 0085 00000000 		.4byte	.LASF10
 290 0089 04       		.uleb128 0x4
 291 008a 08       		.byte	0x8
 292 008b 07       		.byte	0x7
 293 008c D5000000 		.4byte	.LASF11
 294 0090 05       		.uleb128 0x5
 295 0091 04       		.byte	0x4
 296 0092 04       		.uleb128 0x4
 297 0093 01       		.byte	0x1
 298 0094 08       		.byte	0x8
 299 0095 02010000 		.4byte	.LASF12
 300 0099 06       		.uleb128 0x6
 301 009a 04       		.byte	0x4
 302 009b 49000000 		.4byte	0x49
 303 009f 07       		.uleb128 0x7
 304 00a0 01       		.byte	0x1
 305 00a1 4C010000 		.4byte	.LASF20
 306 00a5 01       		.byte	0x1
 307 00a6 69       		.byte	0x69
 308 00a7 01       		.byte	0x1
 309 00a8 90000000 		.4byte	0x90
 310 00ac 01       		.byte	0x1
 311 00ad C6000000 		.4byte	0xc6
 312 00b1 08       		.uleb128 0x8
 313 00b2 65010000 		.4byte	.LASF21
 314 00b6 01       		.byte	0x1
 315 00b7 69       		.byte	0x69
 316 00b8 30000000 		.4byte	0x30
 317 00bc 09       		.uleb128 0x9
 318 00bd 7000     		.ascii	"p\000"
 319 00bf 01       		.byte	0x1
 320 00c0 6A       		.byte	0x6a
 321 00c1 90000000 		.4byte	0x90
 322 00c5 00       		.byte	0
 323 00c6 0A       		.uleb128 0xa
 324 00c7 01       		.byte	0x1
 325 00c8 6A010000 		.4byte	.LASF22
 326 00cc 01       		.byte	0x1
 327 00cd 3B       		.byte	0x3b
 328 00ce 01       		.byte	0x1
 329 00cf 00000000 		.4byte	.LFB7
 330 00d3 2C000000 		.4byte	.LFE7
 331 00d7 02       		.byte	0x2
 332 00d8 7D       		.byte	0x7d
 333 00d9 00       		.sleb128 0
 334 00da F9000000 		.4byte	0xf9
 335 00de 0B       		.uleb128 0xb
 336 00df 93000000 		.4byte	.LASF13
 337 00e3 01       		.byte	0x1
 338 00e4 3D       		.byte	0x3d
ARM GAS  /var/folders/5n/p_75w94d66l9ssrldxqdhh700000gn/T//ccjU1hSd.s 			page 7


 339 00e5 F9000000 		.4byte	0xf9
 340 00e9 01       		.byte	0x1
 341 00ea 01       		.byte	0x1
 342 00eb 0B       		.uleb128 0xb
 343 00ec 30000000 		.4byte	.LASF14
 344 00f0 01       		.byte	0x1
 345 00f1 3E       		.byte	0x3e
 346 00f2 F9000000 		.4byte	0xf9
 347 00f6 01       		.byte	0x1
 348 00f7 01       		.byte	0x1
 349 00f8 00       		.byte	0
 350 00f9 0C       		.uleb128 0xc
 351 00fa 49000000 		.4byte	0x49
 352 00fe 04010000 		.4byte	0x104
 353 0102 0D       		.uleb128 0xd
 354 0103 00       		.byte	0
 355 0104 0E       		.uleb128 0xe
 356 0105 01       		.byte	0x1
 357 0106 07010000 		.4byte	.LASF23
 358 010a 01       		.byte	0x1
 359 010b 54       		.byte	0x54
 360 010c 01       		.byte	0x1
 361 010d 90000000 		.4byte	0x90
 362 0111 00000000 		.4byte	.LFB8
 363 0115 34000000 		.4byte	.LFE8
 364 0119 02       		.byte	0x2
 365 011a 7D       		.byte	0x7d
 366 011b 00       		.sleb128 0
 367 011c A3010000 		.4byte	0x1a3
 368 0120 0F       		.uleb128 0xf
 369 0121 65010000 		.4byte	.LASF21
 370 0125 01       		.byte	0x1
 371 0126 54       		.byte	0x54
 372 0127 30000000 		.4byte	0x30
 373 012b 00000000 		.4byte	.LLST0
 374 012f 10       		.uleb128 0x10
 375 0130 7000     		.ascii	"p\000"
 376 0132 01       		.byte	0x1
 377 0133 55       		.byte	0x55
 378 0134 90000000 		.4byte	0x90
 379 0138 01       		.byte	0x1
 380 0139 52       		.byte	0x52
 381 013a 11       		.uleb128 0x11
 382 013b 00000000 		.4byte	.LBB6
 383 013f 06000000 		.4byte	.LBE6
 384 0143 57010000 		.4byte	0x157
 385 0147 12       		.uleb128 0x12
 386 0148 746D7000 		.ascii	"tmp\000"
 387 014c 01       		.byte	0x1
 388 014d 57       		.byte	0x57
 389 014e 70000000 		.4byte	0x70
 390 0152 20000000 		.4byte	.LLST1
 391 0156 00       		.byte	0
 392 0157 13       		.uleb128 0x13
 393 0158 9F000000 		.4byte	0x9f
 394 015c 06000000 		.4byte	.LBB7
 395 0160 20000000 		.4byte	.LBE7
ARM GAS  /var/folders/5n/p_75w94d66l9ssrldxqdhh700000gn/T//ccjU1hSd.s 			page 8


 396 0164 01       		.byte	0x1
 397 0165 58       		.byte	0x58
 398 0166 89010000 		.4byte	0x189
 399 016a 14       		.uleb128 0x14
 400 016b B1000000 		.4byte	0xb1
 401 016f 33000000 		.4byte	.LLST2
 402 0173 15       		.uleb128 0x15
 403 0174 06000000 		.4byte	.LBB8
 404 0178 20000000 		.4byte	.LBE8
 405 017c 16       		.uleb128 0x16
 406 017d BC000000 		.4byte	0xbc
 407 0181 05       		.byte	0x5
 408 0182 03       		.byte	0x3
 409 0183 00000000 		.4byte	nextmem
 410 0187 00       		.byte	0
 411 0188 00       		.byte	0
 412 0189 15       		.uleb128 0x15
 413 018a 20000000 		.4byte	.LBB9
 414 018e 26000000 		.4byte	.LBE9
 415 0192 12       		.uleb128 0x12
 416 0193 746D7000 		.ascii	"tmp\000"
 417 0197 01       		.byte	0x1
 418 0198 59       		.byte	0x59
 419 0199 70000000 		.4byte	0x70
 420 019d 5E000000 		.4byte	.LLST3
 421 01a1 00       		.byte	0
 422 01a2 00       		.byte	0
 423 01a3 17       		.uleb128 0x17
 424 01a4 9F000000 		.4byte	0x9f
 425 01a8 00000000 		.4byte	.LFB9
 426 01ac 28000000 		.4byte	.LFE9
 427 01b0 02       		.byte	0x2
 428 01b1 7D       		.byte	0x7d
 429 01b2 00       		.sleb128 0
 430 01b3 CC010000 		.4byte	0x1cc
 431 01b7 14       		.uleb128 0x14
 432 01b8 B1000000 		.4byte	0xb1
 433 01bc 71000000 		.4byte	.LLST4
 434 01c0 16       		.uleb128 0x16
 435 01c1 BC000000 		.4byte	0xbc
 436 01c5 05       		.byte	0x5
 437 01c6 03       		.byte	0x3
 438 01c7 00000000 		.4byte	nextmem
 439 01cb 00       		.byte	0
 440 01cc 18       		.uleb128 0x18
 441 01cd 01       		.byte	0x1
 442 01ce 8C010000 		.4byte	.LASF24
 443 01d2 01       		.byte	0x1
 444 01d3 7D       		.byte	0x7d
 445 01d4 01       		.byte	0x1
 446 01d5 30000000 		.4byte	0x30
 447 01d9 00000000 		.4byte	.LFB10
 448 01dd 18000000 		.4byte	.LFE10
 449 01e1 02       		.byte	0x2
 450 01e2 7D       		.byte	0x7d
 451 01e3 00       		.sleb128 0
 452 01e4 19       		.uleb128 0x19
ARM GAS  /var/folders/5n/p_75w94d66l9ssrldxqdhh700000gn/T//ccjU1hSd.s 			page 9


 453 01e5 28000000 		.4byte	.LASF15
 454 01e9 01       		.byte	0x1
 455 01ea 33       		.byte	0x33
 456 01eb 99000000 		.4byte	0x99
 457 01ef 05       		.byte	0x5
 458 01f0 03       		.byte	0x3
 459 01f1 00000000 		.4byte	nextmem
 460 01f5 19       		.uleb128 0x19
 461 01f6 45010000 		.4byte	.LASF16
 462 01fa 01       		.byte	0x1
 463 01fb 34       		.byte	0x34
 464 01fc 99000000 		.4byte	0x99
 465 0200 05       		.byte	0x5
 466 0201 03       		.byte	0x3
 467 0202 00000000 		.4byte	endmem
 468 0206 0B       		.uleb128 0xb
 469 0207 93000000 		.4byte	.LASF13
 470 020b 01       		.byte	0x1
 471 020c 3D       		.byte	0x3d
 472 020d F9000000 		.4byte	0xf9
 473 0211 01       		.byte	0x1
 474 0212 01       		.byte	0x1
 475 0213 0B       		.uleb128 0xb
 476 0214 30000000 		.4byte	.LASF14
 477 0218 01       		.byte	0x1
 478 0219 3E       		.byte	0x3e
 479 021a F9000000 		.4byte	0xf9
 480 021e 01       		.byte	0x1
 481 021f 01       		.byte	0x1
 482 0220 00       		.byte	0
 483              		.section	.debug_abbrev,"",%progbits
 484              	.Ldebug_abbrev0:
 485 0000 01       		.uleb128 0x1
 486 0001 11       		.uleb128 0x11
 487 0002 01       		.byte	0x1
 488 0003 25       		.uleb128 0x25
 489 0004 0E       		.uleb128 0xe
 490 0005 13       		.uleb128 0x13
 491 0006 0B       		.uleb128 0xb
 492 0007 03       		.uleb128 0x3
 493 0008 0E       		.uleb128 0xe
 494 0009 1B       		.uleb128 0x1b
 495 000a 0E       		.uleb128 0xe
 496 000b 11       		.uleb128 0x11
 497 000c 01       		.uleb128 0x1
 498 000d 52       		.uleb128 0x52
 499 000e 01       		.uleb128 0x1
 500 000f 55       		.uleb128 0x55
 501 0010 06       		.uleb128 0x6
 502 0011 10       		.uleb128 0x10
 503 0012 06       		.uleb128 0x6
 504 0013 00       		.byte	0
 505 0014 00       		.byte	0
 506 0015 02       		.uleb128 0x2
 507 0016 24       		.uleb128 0x24
 508 0017 00       		.byte	0
 509 0018 0B       		.uleb128 0xb
ARM GAS  /var/folders/5n/p_75w94d66l9ssrldxqdhh700000gn/T//ccjU1hSd.s 			page 10


 510 0019 0B       		.uleb128 0xb
 511 001a 3E       		.uleb128 0x3e
 512 001b 0B       		.uleb128 0xb
 513 001c 03       		.uleb128 0x3
 514 001d 08       		.uleb128 0x8
 515 001e 00       		.byte	0
 516 001f 00       		.byte	0
 517 0020 03       		.uleb128 0x3
 518 0021 16       		.uleb128 0x16
 519 0022 00       		.byte	0
 520 0023 03       		.uleb128 0x3
 521 0024 0E       		.uleb128 0xe
 522 0025 3A       		.uleb128 0x3a
 523 0026 0B       		.uleb128 0xb
 524 0027 3B       		.uleb128 0x3b
 525 0028 0B       		.uleb128 0xb
 526 0029 49       		.uleb128 0x49
 527 002a 13       		.uleb128 0x13
 528 002b 00       		.byte	0
 529 002c 00       		.byte	0
 530 002d 04       		.uleb128 0x4
 531 002e 24       		.uleb128 0x24
 532 002f 00       		.byte	0
 533 0030 0B       		.uleb128 0xb
 534 0031 0B       		.uleb128 0xb
 535 0032 3E       		.uleb128 0x3e
 536 0033 0B       		.uleb128 0xb
 537 0034 03       		.uleb128 0x3
 538 0035 0E       		.uleb128 0xe
 539 0036 00       		.byte	0
 540 0037 00       		.byte	0
 541 0038 05       		.uleb128 0x5
 542 0039 0F       		.uleb128 0xf
 543 003a 00       		.byte	0
 544 003b 0B       		.uleb128 0xb
 545 003c 0B       		.uleb128 0xb
 546 003d 00       		.byte	0
 547 003e 00       		.byte	0
 548 003f 06       		.uleb128 0x6
 549 0040 0F       		.uleb128 0xf
 550 0041 00       		.byte	0
 551 0042 0B       		.uleb128 0xb
 552 0043 0B       		.uleb128 0xb
 553 0044 49       		.uleb128 0x49
 554 0045 13       		.uleb128 0x13
 555 0046 00       		.byte	0
 556 0047 00       		.byte	0
 557 0048 07       		.uleb128 0x7
 558 0049 2E       		.uleb128 0x2e
 559 004a 01       		.byte	0x1
 560 004b 3F       		.uleb128 0x3f
 561 004c 0C       		.uleb128 0xc
 562 004d 03       		.uleb128 0x3
 563 004e 0E       		.uleb128 0xe
 564 004f 3A       		.uleb128 0x3a
 565 0050 0B       		.uleb128 0xb
 566 0051 3B       		.uleb128 0x3b
ARM GAS  /var/folders/5n/p_75w94d66l9ssrldxqdhh700000gn/T//ccjU1hSd.s 			page 11


 567 0052 0B       		.uleb128 0xb
 568 0053 27       		.uleb128 0x27
 569 0054 0C       		.uleb128 0xc
 570 0055 49       		.uleb128 0x49
 571 0056 13       		.uleb128 0x13
 572 0057 20       		.uleb128 0x20
 573 0058 0B       		.uleb128 0xb
 574 0059 01       		.uleb128 0x1
 575 005a 13       		.uleb128 0x13
 576 005b 00       		.byte	0
 577 005c 00       		.byte	0
 578 005d 08       		.uleb128 0x8
 579 005e 05       		.uleb128 0x5
 580 005f 00       		.byte	0
 581 0060 03       		.uleb128 0x3
 582 0061 0E       		.uleb128 0xe
 583 0062 3A       		.uleb128 0x3a
 584 0063 0B       		.uleb128 0xb
 585 0064 3B       		.uleb128 0x3b
 586 0065 0B       		.uleb128 0xb
 587 0066 49       		.uleb128 0x49
 588 0067 13       		.uleb128 0x13
 589 0068 00       		.byte	0
 590 0069 00       		.byte	0
 591 006a 09       		.uleb128 0x9
 592 006b 34       		.uleb128 0x34
 593 006c 00       		.byte	0
 594 006d 03       		.uleb128 0x3
 595 006e 08       		.uleb128 0x8
 596 006f 3A       		.uleb128 0x3a
 597 0070 0B       		.uleb128 0xb
 598 0071 3B       		.uleb128 0x3b
 599 0072 0B       		.uleb128 0xb
 600 0073 49       		.uleb128 0x49
 601 0074 13       		.uleb128 0x13
 602 0075 00       		.byte	0
 603 0076 00       		.byte	0
 604 0077 0A       		.uleb128 0xa
 605 0078 2E       		.uleb128 0x2e
 606 0079 01       		.byte	0x1
 607 007a 3F       		.uleb128 0x3f
 608 007b 0C       		.uleb128 0xc
 609 007c 03       		.uleb128 0x3
 610 007d 0E       		.uleb128 0xe
 611 007e 3A       		.uleb128 0x3a
 612 007f 0B       		.uleb128 0xb
 613 0080 3B       		.uleb128 0x3b
 614 0081 0B       		.uleb128 0xb
 615 0082 27       		.uleb128 0x27
 616 0083 0C       		.uleb128 0xc
 617 0084 11       		.uleb128 0x11
 618 0085 01       		.uleb128 0x1
 619 0086 12       		.uleb128 0x12
 620 0087 01       		.uleb128 0x1
 621 0088 40       		.uleb128 0x40
 622 0089 0A       		.uleb128 0xa
 623 008a 01       		.uleb128 0x1
ARM GAS  /var/folders/5n/p_75w94d66l9ssrldxqdhh700000gn/T//ccjU1hSd.s 			page 12


 624 008b 13       		.uleb128 0x13
 625 008c 00       		.byte	0
 626 008d 00       		.byte	0
 627 008e 0B       		.uleb128 0xb
 628 008f 34       		.uleb128 0x34
 629 0090 00       		.byte	0
 630 0091 03       		.uleb128 0x3
 631 0092 0E       		.uleb128 0xe
 632 0093 3A       		.uleb128 0x3a
 633 0094 0B       		.uleb128 0xb
 634 0095 3B       		.uleb128 0x3b
 635 0096 0B       		.uleb128 0xb
 636 0097 49       		.uleb128 0x49
 637 0098 13       		.uleb128 0x13
 638 0099 3F       		.uleb128 0x3f
 639 009a 0C       		.uleb128 0xc
 640 009b 3C       		.uleb128 0x3c
 641 009c 0C       		.uleb128 0xc
 642 009d 00       		.byte	0
 643 009e 00       		.byte	0
 644 009f 0C       		.uleb128 0xc
 645 00a0 01       		.uleb128 0x1
 646 00a1 01       		.byte	0x1
 647 00a2 49       		.uleb128 0x49
 648 00a3 13       		.uleb128 0x13
 649 00a4 01       		.uleb128 0x1
 650 00a5 13       		.uleb128 0x13
 651 00a6 00       		.byte	0
 652 00a7 00       		.byte	0
 653 00a8 0D       		.uleb128 0xd
 654 00a9 21       		.uleb128 0x21
 655 00aa 00       		.byte	0
 656 00ab 00       		.byte	0
 657 00ac 00       		.byte	0
 658 00ad 0E       		.uleb128 0xe
 659 00ae 2E       		.uleb128 0x2e
 660 00af 01       		.byte	0x1
 661 00b0 3F       		.uleb128 0x3f
 662 00b1 0C       		.uleb128 0xc
 663 00b2 03       		.uleb128 0x3
 664 00b3 0E       		.uleb128 0xe
 665 00b4 3A       		.uleb128 0x3a
 666 00b5 0B       		.uleb128 0xb
 667 00b6 3B       		.uleb128 0x3b
 668 00b7 0B       		.uleb128 0xb
 669 00b8 27       		.uleb128 0x27
 670 00b9 0C       		.uleb128 0xc
 671 00ba 49       		.uleb128 0x49
 672 00bb 13       		.uleb128 0x13
 673 00bc 11       		.uleb128 0x11
 674 00bd 01       		.uleb128 0x1
 675 00be 12       		.uleb128 0x12
 676 00bf 01       		.uleb128 0x1
 677 00c0 40       		.uleb128 0x40
 678 00c1 0A       		.uleb128 0xa
 679 00c2 01       		.uleb128 0x1
 680 00c3 13       		.uleb128 0x13
ARM GAS  /var/folders/5n/p_75w94d66l9ssrldxqdhh700000gn/T//ccjU1hSd.s 			page 13


 681 00c4 00       		.byte	0
 682 00c5 00       		.byte	0
 683 00c6 0F       		.uleb128 0xf
 684 00c7 05       		.uleb128 0x5
 685 00c8 00       		.byte	0
 686 00c9 03       		.uleb128 0x3
 687 00ca 0E       		.uleb128 0xe
 688 00cb 3A       		.uleb128 0x3a
 689 00cc 0B       		.uleb128 0xb
 690 00cd 3B       		.uleb128 0x3b
 691 00ce 0B       		.uleb128 0xb
 692 00cf 49       		.uleb128 0x49
 693 00d0 13       		.uleb128 0x13
 694 00d1 02       		.uleb128 0x2
 695 00d2 06       		.uleb128 0x6
 696 00d3 00       		.byte	0
 697 00d4 00       		.byte	0
 698 00d5 10       		.uleb128 0x10
 699 00d6 34       		.uleb128 0x34
 700 00d7 00       		.byte	0
 701 00d8 03       		.uleb128 0x3
 702 00d9 08       		.uleb128 0x8
 703 00da 3A       		.uleb128 0x3a
 704 00db 0B       		.uleb128 0xb
 705 00dc 3B       		.uleb128 0x3b
 706 00dd 0B       		.uleb128 0xb
 707 00de 49       		.uleb128 0x49
 708 00df 13       		.uleb128 0x13
 709 00e0 02       		.uleb128 0x2
 710 00e1 0A       		.uleb128 0xa
 711 00e2 00       		.byte	0
 712 00e3 00       		.byte	0
 713 00e4 11       		.uleb128 0x11
 714 00e5 0B       		.uleb128 0xb
 715 00e6 01       		.byte	0x1
 716 00e7 11       		.uleb128 0x11
 717 00e8 01       		.uleb128 0x1
 718 00e9 12       		.uleb128 0x12
 719 00ea 01       		.uleb128 0x1
 720 00eb 01       		.uleb128 0x1
 721 00ec 13       		.uleb128 0x13
 722 00ed 00       		.byte	0
 723 00ee 00       		.byte	0
 724 00ef 12       		.uleb128 0x12
 725 00f0 34       		.uleb128 0x34
 726 00f1 00       		.byte	0
 727 00f2 03       		.uleb128 0x3
 728 00f3 08       		.uleb128 0x8
 729 00f4 3A       		.uleb128 0x3a
 730 00f5 0B       		.uleb128 0xb
 731 00f6 3B       		.uleb128 0x3b
 732 00f7 0B       		.uleb128 0xb
 733 00f8 49       		.uleb128 0x49
 734 00f9 13       		.uleb128 0x13
 735 00fa 02       		.uleb128 0x2
 736 00fb 06       		.uleb128 0x6
 737 00fc 00       		.byte	0
ARM GAS  /var/folders/5n/p_75w94d66l9ssrldxqdhh700000gn/T//ccjU1hSd.s 			page 14


 738 00fd 00       		.byte	0
 739 00fe 13       		.uleb128 0x13
 740 00ff 1D       		.uleb128 0x1d
 741 0100 01       		.byte	0x1
 742 0101 31       		.uleb128 0x31
 743 0102 13       		.uleb128 0x13
 744 0103 11       		.uleb128 0x11
 745 0104 01       		.uleb128 0x1
 746 0105 12       		.uleb128 0x12
 747 0106 01       		.uleb128 0x1
 748 0107 58       		.uleb128 0x58
 749 0108 0B       		.uleb128 0xb
 750 0109 59       		.uleb128 0x59
 751 010a 0B       		.uleb128 0xb
 752 010b 01       		.uleb128 0x1
 753 010c 13       		.uleb128 0x13
 754 010d 00       		.byte	0
 755 010e 00       		.byte	0
 756 010f 14       		.uleb128 0x14
 757 0110 05       		.uleb128 0x5
 758 0111 00       		.byte	0
 759 0112 31       		.uleb128 0x31
 760 0113 13       		.uleb128 0x13
 761 0114 02       		.uleb128 0x2
 762 0115 06       		.uleb128 0x6
 763 0116 00       		.byte	0
 764 0117 00       		.byte	0
 765 0118 15       		.uleb128 0x15
 766 0119 0B       		.uleb128 0xb
 767 011a 01       		.byte	0x1
 768 011b 11       		.uleb128 0x11
 769 011c 01       		.uleb128 0x1
 770 011d 12       		.uleb128 0x12
 771 011e 01       		.uleb128 0x1
 772 011f 00       		.byte	0
 773 0120 00       		.byte	0
 774 0121 16       		.uleb128 0x16
 775 0122 34       		.uleb128 0x34
 776 0123 00       		.byte	0
 777 0124 31       		.uleb128 0x31
 778 0125 13       		.uleb128 0x13
 779 0126 02       		.uleb128 0x2
 780 0127 0A       		.uleb128 0xa
 781 0128 00       		.byte	0
 782 0129 00       		.byte	0
 783 012a 17       		.uleb128 0x17
 784 012b 2E       		.uleb128 0x2e
 785 012c 01       		.byte	0x1
 786 012d 31       		.uleb128 0x31
 787 012e 13       		.uleb128 0x13
 788 012f 11       		.uleb128 0x11
 789 0130 01       		.uleb128 0x1
 790 0131 12       		.uleb128 0x12
 791 0132 01       		.uleb128 0x1
 792 0133 40       		.uleb128 0x40
 793 0134 0A       		.uleb128 0xa
 794 0135 01       		.uleb128 0x1
ARM GAS  /var/folders/5n/p_75w94d66l9ssrldxqdhh700000gn/T//ccjU1hSd.s 			page 15


 795 0136 13       		.uleb128 0x13
 796 0137 00       		.byte	0
 797 0138 00       		.byte	0
 798 0139 18       		.uleb128 0x18
 799 013a 2E       		.uleb128 0x2e
 800 013b 00       		.byte	0
 801 013c 3F       		.uleb128 0x3f
 802 013d 0C       		.uleb128 0xc
 803 013e 03       		.uleb128 0x3
 804 013f 0E       		.uleb128 0xe
 805 0140 3A       		.uleb128 0x3a
 806 0141 0B       		.uleb128 0xb
 807 0142 3B       		.uleb128 0x3b
 808 0143 0B       		.uleb128 0xb
 809 0144 27       		.uleb128 0x27
 810 0145 0C       		.uleb128 0xc
 811 0146 49       		.uleb128 0x49
 812 0147 13       		.uleb128 0x13
 813 0148 11       		.uleb128 0x11
 814 0149 01       		.uleb128 0x1
 815 014a 12       		.uleb128 0x12
 816 014b 01       		.uleb128 0x1
 817 014c 40       		.uleb128 0x40
 818 014d 0A       		.uleb128 0xa
 819 014e 00       		.byte	0
 820 014f 00       		.byte	0
 821 0150 19       		.uleb128 0x19
 822 0151 34       		.uleb128 0x34
 823 0152 00       		.byte	0
 824 0153 03       		.uleb128 0x3
 825 0154 0E       		.uleb128 0xe
 826 0155 3A       		.uleb128 0x3a
 827 0156 0B       		.uleb128 0xb
 828 0157 3B       		.uleb128 0x3b
 829 0158 0B       		.uleb128 0xb
 830 0159 49       		.uleb128 0x49
 831 015a 13       		.uleb128 0x13
 832 015b 02       		.uleb128 0x2
 833 015c 0A       		.uleb128 0xa
 834 015d 00       		.byte	0
 835 015e 00       		.byte	0
 836 015f 00       		.byte	0
 837              		.section	.debug_loc,"",%progbits
 838              	.Ldebug_loc0:
 839              	.LLST0:
 840 0000 00000000 		.4byte	.LVL0
 841 0004 10000000 		.4byte	.LVL4
 842 0008 0100     		.2byte	0x1
 843 000a 50       		.byte	0x50
 844 000b 10000000 		.4byte	.LVL4
 845 000f 14000000 		.4byte	.LVL5
 846 0013 0300     		.2byte	0x3
 847 0015 70       		.byte	0x70
 848 0016 79       		.sleb128 -7
 849 0017 9F       		.byte	0x9f
 850 0018 00000000 		.4byte	0
 851 001c 00000000 		.4byte	0
ARM GAS  /var/folders/5n/p_75w94d66l9ssrldxqdhh700000gn/T//ccjU1hSd.s 			page 16


 852              	.LLST1:
 853 0020 06000000 		.4byte	.LVL2
 854 0024 08000000 		.4byte	.LVL3
 855 0028 0100     		.2byte	0x1
 856 002a 53       		.byte	0x53
 857 002b 00000000 		.4byte	0
 858 002f 00000000 		.4byte	0
 859              	.LLST2:
 860 0033 06000000 		.4byte	.LVL2
 861 0037 10000000 		.4byte	.LVL4
 862 003b 0100     		.2byte	0x1
 863 003d 50       		.byte	0x50
 864 003e 10000000 		.4byte	.LVL4
 865 0042 14000000 		.4byte	.LVL5
 866 0046 0300     		.2byte	0x3
 867 0048 70       		.byte	0x70
 868 0049 79       		.sleb128 -7
 869 004a 9F       		.byte	0x9f
 870 004b 14000000 		.4byte	.LVL5
 871 004f 1C000000 		.4byte	.LVL7
 872 0053 0100     		.2byte	0x1
 873 0055 50       		.byte	0x50
 874 0056 00000000 		.4byte	0
 875 005a 00000000 		.4byte	0
 876              	.LLST3:
 877 005e 26000000 		.4byte	.LVL9
 878 0062 34000000 		.4byte	.LFE8
 879 0066 0100     		.2byte	0x1
 880 0068 53       		.byte	0x53
 881 0069 00000000 		.4byte	0
 882 006d 00000000 		.4byte	0
 883              	.LLST4:
 884 0071 00000000 		.4byte	.LVL10
 885 0075 0A000000 		.4byte	.LVL11
 886 0079 0100     		.2byte	0x1
 887 007b 50       		.byte	0x50
 888 007c 0A000000 		.4byte	.LVL11
 889 0080 0E000000 		.4byte	.LVL12
 890 0084 0300     		.2byte	0x3
 891 0086 70       		.byte	0x70
 892 0087 79       		.sleb128 -7
 893 0088 9F       		.byte	0x9f
 894 0089 0E000000 		.4byte	.LVL12
 895 008d 16000000 		.4byte	.LVL14
 896 0091 0100     		.2byte	0x1
 897 0093 50       		.byte	0x50
 898 0094 00000000 		.4byte	0
 899 0098 00000000 		.4byte	0
 900              		.section	.debug_aranges,"",%progbits
 901 0000 34000000 		.4byte	0x34
 902 0004 0200     		.2byte	0x2
 903 0006 00000000 		.4byte	.Ldebug_info0
 904 000a 04       		.byte	0x4
 905 000b 00       		.byte	0
 906 000c 0000     		.2byte	0
 907 000e 0000     		.2byte	0
 908 0010 00000000 		.4byte	.LFB7
ARM GAS  /var/folders/5n/p_75w94d66l9ssrldxqdhh700000gn/T//ccjU1hSd.s 			page 17


 909 0014 2C000000 		.4byte	.LFE7-.LFB7
 910 0018 00000000 		.4byte	.LFB8
 911 001c 34000000 		.4byte	.LFE8-.LFB8
 912 0020 00000000 		.4byte	.LFB9
 913 0024 28000000 		.4byte	.LFE9-.LFB9
 914 0028 00000000 		.4byte	.LFB10
 915 002c 18000000 		.4byte	.LFE10-.LFB10
 916 0030 00000000 		.4byte	0
 917 0034 00000000 		.4byte	0
 918              		.section	.debug_ranges,"",%progbits
 919              	.Ldebug_ranges0:
 920 0000 00000000 		.4byte	.LFB7
 921 0004 2C000000 		.4byte	.LFE7
 922 0008 00000000 		.4byte	.LFB8
 923 000c 34000000 		.4byte	.LFE8
 924 0010 00000000 		.4byte	.LFB9
 925 0014 28000000 		.4byte	.LFE9
 926 0018 00000000 		.4byte	.LFB10
 927 001c 18000000 		.4byte	.LFE10
 928 0020 00000000 		.4byte	0
 929 0024 00000000 		.4byte	0
 930              		.section	.debug_line,"",%progbits
 931              	.Ldebug_line0:
 932 0000 36010000 		.section	.debug_str,"MS",%progbits,1
 932      0200D400 
 932      00000201 
 932      FB0E0D00 
 932      01010101 
 933              	.LASF10:
 934 0000 6C6F6E67 		.ascii	"long long int\000"
 934      206C6F6E 
 934      6720696E 
 934      7400
 935              	.LASF6:
 936 000e 73686F72 		.ascii	"short unsigned int\000"
 936      7420756E 
 936      7369676E 
 936      65642069 
 936      6E7400
 937              	.LASF2:
 938 0021 73697A65 		.ascii	"size_t\000"
 938      5F7400
 939              	.LASF15:
 940 0028 6E657874 		.ascii	"nextmem\000"
 940      6D656D00 
 941              	.LASF14:
 942 0030 5F5F6865 		.ascii	"__heap_end__\000"
 942      61705F65 
 942      6E645F5F 
 942      00
 943              	.LASF19:
 944 003d 2F557365 		.ascii	"/Users/sin/Documents/Eclipse/Workspace/mabl-ChibiOS"
 944      72732F73 
 944      696E2F44 
 944      6F63756D 
 944      656E7473 
 945 0070 2D322E35 		.ascii	"-2.5.1/demos/ARMCM4-STM32F407-LWIP\000"
ARM GAS  /var/folders/5n/p_75w94d66l9ssrldxqdhh700000gn/T//ccjU1hSd.s 			page 18


 945      2E312F64 
 945      656D6F73 
 945      2F41524D 
 945      434D342D 
 946              	.LASF13:
 947 0093 5F5F6865 		.ascii	"__heap_base__\000"
 947      61705F62 
 947      6173655F 
 947      5F00
 948              	.LASF17:
 949 00a1 474E5520 		.ascii	"GNU C 4.6.2 20111004 (prerelease)\000"
 949      4320342E 
 949      362E3220 
 949      32303131 
 949      31303034 
 950              	.LASF9:
 951 00c3 6C6F6E67 		.ascii	"long unsigned int\000"
 951      20756E73 
 951      69676E65 
 951      6420696E 
 951      7400
 952              	.LASF11:
 953 00d5 6C6F6E67 		.ascii	"long long unsigned int\000"
 953      206C6F6E 
 953      6720756E 
 953      7369676E 
 953      65642069 
 954              	.LASF3:
 955 00ec 75696E74 		.ascii	"uint8_t\000"
 955      385F7400 
 956              	.LASF4:
 957 00f4 756E7369 		.ascii	"unsigned char\000"
 957      676E6564 
 957      20636861 
 957      7200
 958              	.LASF12:
 959 0102 63686172 		.ascii	"char\000"
 959      00
 960              	.LASF23:
 961 0107 6368436F 		.ascii	"chCoreAlloc\000"
 961      7265416C 
 961      6C6F6300 
 962              	.LASF8:
 963 0113 75696E74 		.ascii	"uint32_t\000"
 963      33325F74 
 963      00
 964              	.LASF7:
 965 011c 6C6F6E67 		.ascii	"long int\000"
 965      20696E74 
 965      00
 966              	.LASF18:
 967 0125 2E2E2F2E 		.ascii	"../../os/kernel/src/chmemcore.c\000"
 967      2E2F6F73 
 967      2F6B6572 
 967      6E656C2F 
 967      7372632F 
 968              	.LASF16:
ARM GAS  /var/folders/5n/p_75w94d66l9ssrldxqdhh700000gn/T//ccjU1hSd.s 			page 19


 969 0145 656E646D 		.ascii	"endmem\000"
 969      656D00
 970              	.LASF20:
 971 014c 6368436F 		.ascii	"chCoreAllocI\000"
 971      7265416C 
 971      6C6F6349 
 971      00
 972              	.LASF1:
 973 0159 7369676E 		.ascii	"signed char\000"
 973      65642063 
 973      68617200 
 974              	.LASF21:
 975 0165 73697A65 		.ascii	"size\000"
 975      00
 976              	.LASF22:
 977 016a 5F636F72 		.ascii	"_core_init\000"
 977      655F696E 
 977      697400
 978              	.LASF5:
 979 0175 73686F72 		.ascii	"short int\000"
 979      7420696E 
 979      7400
 980              	.LASF0:
 981 017f 756E7369 		.ascii	"unsigned int\000"
 981      676E6564 
 981      20696E74 
 981      00
 982              	.LASF24:
 983 018c 6368436F 		.ascii	"chCoreStatus\000"
 983      72655374 
 983      61747573 
 983      00
 984              		.ident	"GCC: (Linaro GCC 4.6-2011.10) 4.6.2 20111004 (prerelease)"
ARM GAS  /var/folders/5n/p_75w94d66l9ssrldxqdhh700000gn/T//ccjU1hSd.s 			page 20


DEFINED SYMBOLS
                            *ABS*:0000000000000000 chmemcore.c
/var/folders/5n/p_75w94d66l9ssrldxqdhh700000gn/T//ccjU1hSd.s:18     .text._core_init:0000000000000000 $t
/var/folders/5n/p_75w94d66l9ssrldxqdhh700000gn/T//ccjU1hSd.s:24     .text._core_init:0000000000000000 _core_init
/var/folders/5n/p_75w94d66l9ssrldxqdhh700000gn/T//ccjU1hSd.s:215    .bss.nextmem:0000000000000000 .LANCHOR0
/var/folders/5n/p_75w94d66l9ssrldxqdhh700000gn/T//ccjU1hSd.s:208    .bss.endmem:0000000000000000 .LANCHOR1
/var/folders/5n/p_75w94d66l9ssrldxqdhh700000gn/T//ccjU1hSd.s:56     .text._core_init:0000000000000028 $d
/var/folders/5n/p_75w94d66l9ssrldxqdhh700000gn/T//ccjU1hSd.s:61     .text.chCoreAlloc:0000000000000000 $t
/var/folders/5n/p_75w94d66l9ssrldxqdhh700000gn/T//ccjU1hSd.s:67     .text.chCoreAlloc:0000000000000000 chCoreAlloc
/var/folders/5n/p_75w94d66l9ssrldxqdhh700000gn/T//ccjU1hSd.s:127    .text.chCoreAlloc:000000000000002c $d
/var/folders/5n/p_75w94d66l9ssrldxqdhh700000gn/T//ccjU1hSd.s:133    .text.chCoreAllocI:0000000000000000 $t
/var/folders/5n/p_75w94d66l9ssrldxqdhh700000gn/T//ccjU1hSd.s:139    .text.chCoreAllocI:0000000000000000 chCoreAllocI
/var/folders/5n/p_75w94d66l9ssrldxqdhh700000gn/T//ccjU1hSd.s:174    .text.chCoreAllocI:0000000000000020 $d
/var/folders/5n/p_75w94d66l9ssrldxqdhh700000gn/T//ccjU1hSd.s:180    .text.chCoreStatus:0000000000000000 $t
/var/folders/5n/p_75w94d66l9ssrldxqdhh700000gn/T//ccjU1hSd.s:186    .text.chCoreStatus:0000000000000000 chCoreStatus
/var/folders/5n/p_75w94d66l9ssrldxqdhh700000gn/T//ccjU1hSd.s:207    .bss.endmem:0000000000000000 $d
/var/folders/5n/p_75w94d66l9ssrldxqdhh700000gn/T//ccjU1hSd.s:211    .bss.endmem:0000000000000000 endmem
/var/folders/5n/p_75w94d66l9ssrldxqdhh700000gn/T//ccjU1hSd.s:214    .bss.nextmem:0000000000000000 $d
/var/folders/5n/p_75w94d66l9ssrldxqdhh700000gn/T//ccjU1hSd.s:218    .bss.nextmem:0000000000000000 nextmem
                     .debug_frame:0000000000000010 $d
/var/folders/5n/p_75w94d66l9ssrldxqdhh700000gn/T//ccjU1hSd.s:60     .text._core_init:000000000000002c $t
/var/folders/5n/p_75w94d66l9ssrldxqdhh700000gn/T//ccjU1hSd.s:132    .text.chCoreAlloc:0000000000000034 $t
/var/folders/5n/p_75w94d66l9ssrldxqdhh700000gn/T//ccjU1hSd.s:179    .text.chCoreAllocI:0000000000000028 $t

UNDEFINED SYMBOLS
__heap_end__
__heap_base__
