ARM GAS  /var/folders/5n/p_75w94d66l9ssrldxqdhh700000gn/T//cc0TvDld.s 			page 1


   1              		.syntax unified
   2              		.cpu cortex-m4
   3              		.fpu softvfp
   4              		.eabi_attribute 20, 1
   5              		.eabi_attribute 21, 1
   6              		.eabi_attribute 23, 3
   7              		.eabi_attribute 24, 1
   8              		.eabi_attribute 25, 1
   9              		.eabi_attribute 26, 1
  10              		.eabi_attribute 30, 2
  11              		.eabi_attribute 18, 4
  12              		.thumb
  13              		.file	"chmsg.c"
  14              		.text
  15              	.Ltext0:
  16              		.cfi_sections	.debug_frame
  17              		.section	.text.chMsgSend,"ax",%progbits
  18              		.align	2
  19              		.p2align 4,,15
  20              		.global	chMsgSend
  21              		.thumb
  22              		.thumb_func
  23              		.type	chMsgSend, %function
  24              	chMsgSend:
  25              	.LFB7:
  26              		.file 1 "../../os/kernel/src/chmsg.c"
  27              		.loc 1 68 0
  28              		.cfi_startproc
  29              		@ args = 0, pretend = 0, frame = 0
  30              		@ frame_needed = 0, uses_anonymous_args = 0
  31              	.LVL0:
  32 0000 70B5     		push	{r4, r5, r6, lr}
  33              	.LCFI0:
  34              		.cfi_def_cfa_offset 16
  35              		.cfi_offset 14, -4
  36              		.cfi_offset 6, -8
  37              		.cfi_offset 5, -12
  38              		.cfi_offset 4, -16
  39              		.loc 1 69 0
  40 0002 0E4B     		ldr	r3, .L5
  41 0004 9C69     		ldr	r4, [r3, #24]
  42              	.LVL1:
  43              	.LBB10:
  44              		.loc 1 73 0
  45 0006 2023     		movs	r3, #32
  46              	.LVL2:
  47              	@ 73 "../../os/kernel/src/chmsg.c" 1
  48 0008 83F31188 		msr     BASEPRI, r3
  49              	@ 0 "" 2
  50              	.LVL3:
  51              		.thumb
  52              	.LBE10:
  53              		.loc 1 75 0
  54 000c 00F12C05 		add	r5, r0, #44
  55 0010 6562     		str	r5, [r4, #36]
  56              	.LVL4:
  57              		.loc 1 77 0
ARM GAS  /var/folders/5n/p_75w94d66l9ssrldxqdhh700000gn/T//cc0TvDld.s 			page 2


  58 0012 067F     		ldrb	r6, [r0, #28]	@ zero_extendqisi2
  59              	.LBB11:
  60              	.LBB12:
  61              		.file 2 "../../os/kernel/include/chinline.h"
  62              		.loc 2 48 0
  63 0014 036B     		ldr	r3, [r0, #48]
  64              	.LVL5:
  65              		.loc 2 47 0
  66 0016 2560     		str	r5, [r4, #0]
  67              	.LBE12:
  68              	.LBE11:
  69              		.loc 1 77 0
  70 0018 0C2E     		cmp	r6, #12
  71              		.loc 1 74 0
  72 001a 6163     		str	r1, [r4, #52]
  73              	.LBB14:
  74              	.LBB13:
  75              		.loc 2 48 0
  76 001c 6360     		str	r3, [r4, #4]
  77              		.loc 2 49 0
  78 001e 0463     		str	r4, [r0, #48]
  79 0020 1C60     		str	r4, [r3, #0]
  80              	.LBE13:
  81              	.LBE14:
  82              		.loc 1 77 0
  83 0022 07D0     		beq	.L4
  84              	.LVL6:
  85              	.L2:
  86              		.loc 1 79 0
  87 0024 0A20     		movs	r0, #10
  88 0026 FFF7FEFF 		bl	chSchGoSleepS
  89              		.loc 1 80 0
  90 002a 606A     		ldr	r0, [r4, #36]
  91              	.LVL7:
  92              	.LBB15:
  93              		.loc 1 81 0
  94 002c 0023     		movs	r3, #0
  95              	.LVL8:
  96              	@ 81 "../../os/kernel/src/chmsg.c" 1
  97 002e 83F31188 		msr     BASEPRI, r3
  98              	@ 0 "" 2
  99              	.LVL9:
 100              		.thumb
 101              	.LBE15:
 102              		.loc 1 83 0
 103 0032 70BD     		pop	{r4, r5, r6, pc}
 104              	.LVL10:
 105              	.L4:
 106              		.loc 1 78 0
 107 0034 FFF7FEFF 		bl	chSchReadyI
 108              	.LVL11:
 109 0038 F4E7     		b	.L2
 110              	.L6:
 111 003a 00BF     		.align	2
 112              	.L5:
 113 003c 00000000 		.word	rlist
 114              		.cfi_endproc
ARM GAS  /var/folders/5n/p_75w94d66l9ssrldxqdhh700000gn/T//cc0TvDld.s 			page 3


 115              	.LFE7:
 116              		.size	chMsgSend, .-chMsgSend
 117              		.section	.text.chMsgWait,"ax",%progbits
 118              		.align	2
 119              		.p2align 4,,15
 120              		.global	chMsgWait
 121              		.thumb
 122              		.thumb_func
 123              		.type	chMsgWait, %function
 124              	chMsgWait:
 125              	.LFB8:
 126              		.loc 1 99 0
 127              		.cfi_startproc
 128              		@ args = 0, pretend = 0, frame = 0
 129              		@ frame_needed = 0, uses_anonymous_args = 0
 130 0000 10B5     		push	{r4, lr}
 131              	.LCFI1:
 132              		.cfi_def_cfa_offset 8
 133              		.cfi_offset 14, -4
 134              		.cfi_offset 4, -8
 135              	.LBB16:
 136              		.loc 1 102 0
 137 0002 2023     		movs	r3, #32
 138              	.LVL12:
 139              	@ 102 "../../os/kernel/src/chmsg.c" 1
 140 0004 83F31188 		msr     BASEPRI, r3
 141              	@ 0 "" 2
 142              	.LVL13:
 143              		.thumb
 144              	.LBE16:
 145              		.loc 1 103 0
 146 0008 0B4C     		ldr	r4, .L10
 147 000a A369     		ldr	r3, [r4, #24]
 148              	.LVL14:
 149 000c 1A46     		mov	r2, r3
 150 000e 52F82C0F 		ldr	r0, [r2, #44]!
 151 0012 9042     		cmp	r0, r2
 152 0014 08D0     		beq	.L9
 153              	.L8:
 154              	.LVL15:
 155              	.LBB17:
 156              	.LBB18:
 157              		.loc 2 55 0
 158 0016 0168     		ldr	r1, [r0, #0]
 159 0018 D962     		str	r1, [r3, #44]
 160 001a 4A60     		str	r2, [r1, #4]
 161              	.LBE18:
 162              	.LBE17:
 163              		.loc 1 106 0
 164 001c 0B22     		movs	r2, #11
 165 001e 0277     		strb	r2, [r0, #28]
 166              	.LBB19:
 167              		.loc 1 107 0
 168 0020 0023     		movs	r3, #0
 169              	.LVL16:
 170              	@ 107 "../../os/kernel/src/chmsg.c" 1
 171 0022 83F31188 		msr     BASEPRI, r3
ARM GAS  /var/folders/5n/p_75w94d66l9ssrldxqdhh700000gn/T//cc0TvDld.s 			page 4


 172              	@ 0 "" 2
 173              	.LVL17:
 174              		.thumb
 175              	.LBE19:
 176              		.loc 1 109 0
 177 0026 10BD     		pop	{r4, pc}
 178              	.LVL18:
 179              	.L9:
 180              		.loc 1 104 0
 181 0028 0C20     		movs	r0, #12
 182 002a FFF7FEFF 		bl	chSchGoSleepS
 183 002e A369     		ldr	r3, [r4, #24]
 184 0030 1A46     		mov	r2, r3
 185 0032 52F82C0F 		ldr	r0, [r2, #44]!
 186 0036 EEE7     		b	.L8
 187              	.L11:
 188              		.align	2
 189              	.L10:
 190 0038 00000000 		.word	rlist
 191              		.cfi_endproc
 192              	.LFE8:
 193              		.size	chMsgWait, .-chMsgWait
 194 003c AFF30080 		.section	.text.chMsgRelease,"ax",%progbits
 195              		.align	2
 196              		.p2align 4,,15
 197              		.global	chMsgRelease
 198              		.thumb
 199              		.thumb_func
 200              		.type	chMsgRelease, %function
 201              	chMsgRelease:
 202              	.LFB9:
 203              		.loc 1 121 0
 204              		.cfi_startproc
 205              		@ args = 0, pretend = 0, frame = 0
 206              		@ frame_needed = 0, uses_anonymous_args = 0
 207              	.LVL19:
 208 0000 08B5     		push	{r3, lr}
 209              	.LCFI2:
 210              		.cfi_def_cfa_offset 8
 211              		.cfi_offset 14, -4
 212              		.cfi_offset 3, -8
 213              	.LBB20:
 214              		.loc 1 123 0
 215 0002 2023     		movs	r3, #32
 216              	.LVL20:
 217              	@ 123 "../../os/kernel/src/chmsg.c" 1
 218 0004 83F31188 		msr     BASEPRI, r3
 219              	@ 0 "" 2
 220              	.LVL21:
 221              		.thumb
 222              	.LBE20:
 223              		.loc 1 126 0
 224 0008 FFF7FEFF 		bl	chSchWakeupS
 225              	.LVL22:
 226              	.LBB21:
 227              		.loc 1 127 0
 228 000c 0023     		movs	r3, #0
ARM GAS  /var/folders/5n/p_75w94d66l9ssrldxqdhh700000gn/T//cc0TvDld.s 			page 5


 229              	.LVL23:
 230              	@ 127 "../../os/kernel/src/chmsg.c" 1
 231 000e 83F31188 		msr     BASEPRI, r3
 232              	@ 0 "" 2
 233              	.LVL24:
 234              		.thumb
 235              	.LBE21:
 236              		.loc 1 128 0
 237 0012 08BD     		pop	{r3, pc}
 238              		.cfi_endproc
 239              	.LFE9:
 240              		.size	chMsgRelease, .-chMsgRelease
 241 0014 AFF30080 		.text
 241      AFF30080 
 241      AFF30080 
 242              	.Letext0:
 243              		.file 3 "/usr/local/summon/lib/gcc/arm-none-eabi/4.6.2/../../../../arm-none-eabi/include/stdint.h"
 244              		.file 4 "../../os/ports/GCC/ARMCMx/chtypes.h"
 245              		.file 5 "../../os/kernel/include/chlists.h"
 246              		.file 6 "../../os/kernel/include/chthreads.h"
 247              		.file 7 "../../os/ports/GCC/ARMCMx/chcore_v7m.h"
 248              		.file 8 "../../os/kernel/include/chschd.h"
 249              		.file 9 "../../os/kernel/include/chmtx.h"
 250              		.section	.debug_info,"",%progbits
 251              	.Ldebug_info0:
 252 0000 36060000 		.4byte	0x636
 253 0004 0200     		.2byte	0x2
 254 0006 00000000 		.4byte	.Ldebug_abbrev0
 255 000a 04       		.byte	0x4
 256 000b 01       		.uleb128 0x1
 257 000c 11020000 		.4byte	.LASF64
 258 0010 01       		.byte	0x1
 259 0011 D2020000 		.4byte	.LASF65
 260 0015 7C020000 		.4byte	.LASF66
 261 0019 00000000 		.4byte	0
 262 001d 00000000 		.4byte	0
 263 0021 18000000 		.4byte	.Ldebug_ranges0+0x18
 264 0025 00000000 		.4byte	.Ldebug_line0
 265 0029 02       		.uleb128 0x2
 266 002a 04       		.byte	0x4
 267 002b 05       		.byte	0x5
 268 002c 696E7400 		.ascii	"int\000"
 269 0030 03       		.uleb128 0x3
 270 0031 04       		.byte	0x4
 271 0032 07       		.byte	0x7
 272 0033 AA000000 		.4byte	.LASF0
 273 0037 03       		.uleb128 0x3
 274 0038 01       		.byte	0x1
 275 0039 06       		.byte	0x6
 276 003a 4F000000 		.4byte	.LASF1
 277 003e 04       		.uleb128 0x4
 278 003f 66020000 		.4byte	.LASF5
 279 0043 03       		.byte	0x3
 280 0044 2A       		.byte	0x2a
 281 0045 49000000 		.4byte	0x49
 282 0049 03       		.uleb128 0x3
 283 004a 01       		.byte	0x1
ARM GAS  /var/folders/5n/p_75w94d66l9ssrldxqdhh700000gn/T//cc0TvDld.s 			page 6


 284 004b 08       		.byte	0x8
 285 004c 5C010000 		.4byte	.LASF2
 286 0050 03       		.uleb128 0x3
 287 0051 02       		.byte	0x2
 288 0052 05       		.byte	0x5
 289 0053 74010000 		.4byte	.LASF3
 290 0057 03       		.uleb128 0x3
 291 0058 02       		.byte	0x2
 292 0059 07       		.byte	0x7
 293 005a D1000000 		.4byte	.LASF4
 294 005e 04       		.uleb128 0x4
 295 005f 54010000 		.4byte	.LASF6
 296 0063 03       		.byte	0x3
 297 0064 4F       		.byte	0x4f
 298 0065 69000000 		.4byte	0x69
 299 0069 03       		.uleb128 0x3
 300 006a 04       		.byte	0x4
 301 006b 05       		.byte	0x5
 302 006c 75000000 		.4byte	.LASF7
 303 0070 04       		.uleb128 0x4
 304 0071 CC010000 		.4byte	.LASF8
 305 0075 03       		.byte	0x3
 306 0076 50       		.byte	0x50
 307 0077 7B000000 		.4byte	0x7b
 308 007b 03       		.uleb128 0x3
 309 007c 04       		.byte	0x4
 310 007d 07       		.byte	0x7
 311 007e B7000000 		.4byte	.LASF9
 312 0082 03       		.uleb128 0x3
 313 0083 08       		.byte	0x8
 314 0084 05       		.byte	0x5
 315 0085 41000000 		.4byte	.LASF10
 316 0089 03       		.uleb128 0x3
 317 008a 08       		.byte	0x8
 318 008b 07       		.byte	0x7
 319 008c 1A000000 		.4byte	.LASF11
 320 0090 04       		.uleb128 0x4
 321 0091 EA000000 		.4byte	.LASF12
 322 0095 04       		.byte	0x4
 323 0096 28       		.byte	0x28
 324 0097 3E000000 		.4byte	0x3e
 325 009b 04       		.uleb128 0x4
 326 009c 88000000 		.4byte	.LASF13
 327 00a0 04       		.byte	0x4
 328 00a1 29       		.byte	0x29
 329 00a2 3E000000 		.4byte	0x3e
 330 00a6 04       		.uleb128 0x4
 331 00a7 3D010000 		.4byte	.LASF14
 332 00ab 04       		.byte	0x4
 333 00ac 2A       		.byte	0x2a
 334 00ad 3E000000 		.4byte	0x3e
 335 00b1 04       		.uleb128 0x4
 336 00b2 6B000000 		.4byte	.LASF15
 337 00b6 04       		.byte	0x4
 338 00b7 2B       		.byte	0x2b
 339 00b8 3E000000 		.4byte	0x3e
 340 00bc 04       		.uleb128 0x4
ARM GAS  /var/folders/5n/p_75w94d66l9ssrldxqdhh700000gn/T//cc0TvDld.s 			page 7


 341 00bd 4C010000 		.4byte	.LASF16
 342 00c1 04       		.byte	0x4
 343 00c2 2C       		.byte	0x2c
 344 00c3 70000000 		.4byte	0x70
 345 00c7 04       		.uleb128 0x4
 346 00c8 E4000000 		.4byte	.LASF17
 347 00cc 04       		.byte	0x4
 348 00cd 2D       		.byte	0x2d
 349 00ce 5E000000 		.4byte	0x5e
 350 00d2 04       		.uleb128 0x4
 351 00d3 FE000000 		.4byte	.LASF18
 352 00d7 04       		.byte	0x4
 353 00d8 2F       		.byte	0x2f
 354 00d9 70000000 		.4byte	0x70
 355 00dd 04       		.uleb128 0x4
 356 00de F5010000 		.4byte	.LASF19
 357 00e2 04       		.byte	0x4
 358 00e3 31       		.byte	0x31
 359 00e4 70000000 		.4byte	0x70
 360 00e8 04       		.uleb128 0x4
 361 00e9 AD010000 		.4byte	.LASF20
 362 00ed 05       		.byte	0x5
 363 00ee 23       		.byte	0x23
 364 00ef F3000000 		.4byte	0xf3
 365 00f3 05       		.uleb128 0x5
 366 00f4 AD010000 		.4byte	.LASF20
 367 00f8 48       		.byte	0x48
 368 00f9 06       		.byte	0x6
 369 00fa 57       		.byte	0x57
 370 00fb 18020000 		.4byte	0x218
 371 00ff 06       		.uleb128 0x6
 372 0100 9E010000 		.4byte	.LASF21
 373 0104 06       		.byte	0x6
 374 0105 58       		.byte	0x58
 375 0106 3D020000 		.4byte	0x23d
 376 010a 02       		.byte	0x2
 377 010b 23       		.byte	0x23
 378 010c 00       		.uleb128 0
 379 010d 06       		.uleb128 0x6
 380 010e 45010000 		.4byte	.LASF22
 381 0112 06       		.byte	0x6
 382 0113 5A       		.byte	0x5a
 383 0114 3D020000 		.4byte	0x23d
 384 0118 02       		.byte	0x2
 385 0119 23       		.byte	0x23
 386 011a 04       		.uleb128 0x4
 387 011b 06       		.uleb128 0x6
 388 011c 3A000000 		.4byte	.LASF23
 389 0120 06       		.byte	0x6
 390 0121 5C       		.byte	0x5c
 391 0122 BC000000 		.4byte	0xbc
 392 0126 02       		.byte	0x2
 393 0127 23       		.byte	0x23
 394 0128 08       		.uleb128 0x8
 395 0129 06       		.uleb128 0x6
 396 012a F6020000 		.4byte	.LASF24
 397 012e 06       		.byte	0x6
ARM GAS  /var/folders/5n/p_75w94d66l9ssrldxqdhh700000gn/T//cc0TvDld.s 			page 8


 398 012f 5D       		.byte	0x5d
 399 0130 0B030000 		.4byte	0x30b
 400 0134 02       		.byte	0x2
 401 0135 23       		.byte	0x23
 402 0136 0C       		.uleb128 0xc
 403 0137 06       		.uleb128 0x6
 404 0138 91000000 		.4byte	.LASF25
 405 013c 06       		.byte	0x6
 406 013d 5F       		.byte	0x5f
 407 013e 3D020000 		.4byte	0x23d
 408 0142 02       		.byte	0x2
 409 0143 23       		.byte	0x23
 410 0144 10       		.uleb128 0x10
 411 0145 06       		.uleb128 0x6
 412 0146 10010000 		.4byte	.LASF26
 413 014a 06       		.byte	0x6
 414 014b 60       		.byte	0x60
 415 014c 3D020000 		.4byte	0x23d
 416 0150 02       		.byte	0x2
 417 0151 23       		.byte	0x23
 418 0152 14       		.uleb128 0x14
 419 0153 06       		.uleb128 0x6
 420 0154 75020000 		.4byte	.LASF27
 421 0158 06       		.byte	0x6
 422 0159 67       		.byte	0x67
 423 015a 18040000 		.4byte	0x418
 424 015e 02       		.byte	0x2
 425 015f 23       		.byte	0x23
 426 0160 18       		.uleb128 0x18
 427 0161 06       		.uleb128 0x6
 428 0162 7E010000 		.4byte	.LASF28
 429 0166 06       		.byte	0x6
 430 0167 72       		.byte	0x72
 431 0168 9B000000 		.4byte	0x9b
 432 016c 02       		.byte	0x2
 433 016d 23       		.byte	0x23
 434 016e 1C       		.uleb128 0x1c
 435 016f 06       		.uleb128 0x6
 436 0170 A5010000 		.4byte	.LASF29
 437 0174 06       		.byte	0x6
 438 0175 76       		.byte	0x76
 439 0176 90000000 		.4byte	0x90
 440 017a 02       		.byte	0x2
 441 017b 23       		.byte	0x23
 442 017c 1D       		.uleb128 0x1d
 443 017d 06       		.uleb128 0x6
 444 017e 4F020000 		.4byte	.LASF30
 445 0182 06       		.byte	0x6
 446 0183 7B       		.byte	0x7b
 447 0184 A6000000 		.4byte	0xa6
 448 0188 02       		.byte	0x2
 449 0189 23       		.byte	0x23
 450 018a 1E       		.uleb128 0x1e
 451 018b 06       		.uleb128 0x6
 452 018c 86010000 		.4byte	.LASF31
 453 0190 06       		.byte	0x6
 454 0191 81       		.byte	0x81
ARM GAS  /var/folders/5n/p_75w94d66l9ssrldxqdhh700000gn/T//cc0TvDld.s 			page 9


 455 0192 B1000000 		.4byte	0xb1
 456 0196 02       		.byte	0x2
 457 0197 23       		.byte	0x23
 458 0198 1F       		.uleb128 0x1f
 459 0199 06       		.uleb128 0x6
 460 019a 0A020000 		.4byte	.LASF32
 461 019e 06       		.byte	0x6
 462 019f 88       		.byte	0x88
 463 01a0 2E030000 		.4byte	0x32e
 464 01a4 02       		.byte	0x2
 465 01a5 23       		.byte	0x23
 466 01a6 20       		.uleb128 0x20
 467 01a7 07       		.uleb128 0x7
 468 01a8 705F7500 		.ascii	"p_u\000"
 469 01ac 06       		.byte	0x6
 470 01ad AD       		.byte	0xad
 471 01ae E3030000 		.4byte	0x3e3
 472 01b2 02       		.byte	0x2
 473 01b3 23       		.byte	0x23
 474 01b4 24       		.uleb128 0x24
 475 01b5 06       		.uleb128 0x6
 476 01b6 FC020000 		.4byte	.LASF33
 477 01ba 06       		.byte	0x6
 478 01bb B2       		.byte	0xb2
 479 01bc 65020000 		.4byte	0x265
 480 01c0 02       		.byte	0x2
 481 01c1 23       		.byte	0x23
 482 01c2 28       		.uleb128 0x28
 483 01c3 06       		.uleb128 0x6
 484 01c4 3A020000 		.4byte	.LASF34
 485 01c8 06       		.byte	0x6
 486 01c9 B8       		.byte	0xb8
 487 01ca 43020000 		.4byte	0x243
 488 01ce 02       		.byte	0x2
 489 01cf 23       		.byte	0x23
 490 01d0 2C       		.uleb128 0x2c
 491 01d1 06       		.uleb128 0x6
 492 01d2 00000000 		.4byte	.LASF35
 493 01d6 06       		.byte	0x6
 494 01d7 BC       		.byte	0xbc
 495 01d8 C7000000 		.4byte	0xc7
 496 01dc 02       		.byte	0x2
 497 01dd 23       		.byte	0x23
 498 01de 34       		.uleb128 0x34
 499 01df 06       		.uleb128 0x6
 500 01e0 C1010000 		.4byte	.LASF36
 501 01e4 06       		.byte	0x6
 502 01e5 C2       		.byte	0xc2
 503 01e6 D2000000 		.4byte	0xd2
 504 01ea 02       		.byte	0x2
 505 01eb 23       		.byte	0x23
 506 01ec 38       		.uleb128 0x38
 507 01ed 06       		.uleb128 0x6
 508 01ee 6A010000 		.4byte	.LASF37
 509 01f2 06       		.byte	0x6
 510 01f3 C9       		.byte	0xc9
 511 01f4 2A040000 		.4byte	0x42a
ARM GAS  /var/folders/5n/p_75w94d66l9ssrldxqdhh700000gn/T//cc0TvDld.s 			page 10


 512 01f8 02       		.byte	0x2
 513 01f9 23       		.byte	0x23
 514 01fa 3C       		.uleb128 0x3c
 515 01fb 06       		.uleb128 0x6
 516 01fc FF010000 		.4byte	.LASF38
 517 0200 06       		.byte	0x6
 518 0201 CD       		.byte	0xcd
 519 0202 BC000000 		.4byte	0xbc
 520 0206 02       		.byte	0x2
 521 0207 23       		.byte	0x23
 522 0208 40       		.uleb128 0x40
 523 0209 06       		.uleb128 0x6
 524 020a 5B000000 		.4byte	.LASF39
 525 020e 06       		.byte	0x6
 526 020f D3       		.byte	0xd3
 527 0210 7B020000 		.4byte	0x27b
 528 0214 02       		.byte	0x2
 529 0215 23       		.byte	0x23
 530 0216 44       		.uleb128 0x44
 531 0217 00       		.byte	0
 532 0218 08       		.uleb128 0x8
 533 0219 08       		.byte	0x8
 534 021a 05       		.byte	0x5
 535 021b 5A       		.byte	0x5a
 536 021c 3D020000 		.4byte	0x23d
 537 0220 06       		.uleb128 0x6
 538 0221 9E010000 		.4byte	.LASF21
 539 0225 05       		.byte	0x5
 540 0226 5B       		.byte	0x5b
 541 0227 3D020000 		.4byte	0x23d
 542 022b 02       		.byte	0x2
 543 022c 23       		.byte	0x23
 544 022d 00       		.uleb128 0
 545 022e 06       		.uleb128 0x6
 546 022f 45010000 		.4byte	.LASF22
 547 0233 05       		.byte	0x5
 548 0234 5D       		.byte	0x5d
 549 0235 3D020000 		.4byte	0x23d
 550 0239 02       		.byte	0x2
 551 023a 23       		.byte	0x23
 552 023b 04       		.uleb128 0x4
 553 023c 00       		.byte	0
 554 023d 09       		.uleb128 0x9
 555 023e 04       		.byte	0x4
 556 023f E8000000 		.4byte	0xe8
 557 0243 04       		.uleb128 0x4
 558 0244 1E010000 		.4byte	.LASF40
 559 0248 05       		.byte	0x5
 560 0249 5F       		.byte	0x5f
 561 024a 18020000 		.4byte	0x218
 562 024e 08       		.uleb128 0x8
 563 024f 04       		.byte	0x4
 564 0250 05       		.byte	0x5
 565 0251 64       		.byte	0x64
 566 0252 65020000 		.4byte	0x265
 567 0256 06       		.uleb128 0x6
 568 0257 9E010000 		.4byte	.LASF21
ARM GAS  /var/folders/5n/p_75w94d66l9ssrldxqdhh700000gn/T//cc0TvDld.s 			page 11


 569 025b 05       		.byte	0x5
 570 025c 66       		.byte	0x66
 571 025d 3D020000 		.4byte	0x23d
 572 0261 02       		.byte	0x2
 573 0262 23       		.byte	0x23
 574 0263 00       		.uleb128 0
 575 0264 00       		.byte	0
 576 0265 04       		.uleb128 0x4
 577 0266 F2000000 		.4byte	.LASF41
 578 026a 05       		.byte	0x5
 579 026b 69       		.byte	0x69
 580 026c 4E020000 		.4byte	0x24e
 581 0270 04       		.uleb128 0x4
 582 0271 A1000000 		.4byte	.LASF42
 583 0275 07       		.byte	0x7
 584 0276 DE       		.byte	0xde
 585 0277 7B020000 		.4byte	0x27b
 586 027b 0A       		.uleb128 0xa
 587 027c 04       		.byte	0x4
 588 027d 0B       		.uleb128 0xb
 589 027e 33020000 		.4byte	.LASF43
 590 0282 24       		.byte	0x24
 591 0283 07       		.byte	0x7
 592 0284 0501     		.2byte	0x105
 593 0286 0B030000 		.4byte	0x30b
 594 028a 0C       		.uleb128 0xc
 595 028b 723400   		.ascii	"r4\000"
 596 028e 07       		.byte	0x7
 597 028f 1801     		.2byte	0x118
 598 0291 70020000 		.4byte	0x270
 599 0295 02       		.byte	0x2
 600 0296 23       		.byte	0x23
 601 0297 00       		.uleb128 0
 602 0298 0C       		.uleb128 0xc
 603 0299 723500   		.ascii	"r5\000"
 604 029c 07       		.byte	0x7
 605 029d 1901     		.2byte	0x119
 606 029f 70020000 		.4byte	0x270
 607 02a3 02       		.byte	0x2
 608 02a4 23       		.byte	0x23
 609 02a5 04       		.uleb128 0x4
 610 02a6 0C       		.uleb128 0xc
 611 02a7 723600   		.ascii	"r6\000"
 612 02aa 07       		.byte	0x7
 613 02ab 1A01     		.2byte	0x11a
 614 02ad 70020000 		.4byte	0x270
 615 02b1 02       		.byte	0x2
 616 02b2 23       		.byte	0x23
 617 02b3 08       		.uleb128 0x8
 618 02b4 0C       		.uleb128 0xc
 619 02b5 723700   		.ascii	"r7\000"
 620 02b8 07       		.byte	0x7
 621 02b9 1B01     		.2byte	0x11b
 622 02bb 70020000 		.4byte	0x270
 623 02bf 02       		.byte	0x2
 624 02c0 23       		.byte	0x23
 625 02c1 0C       		.uleb128 0xc
ARM GAS  /var/folders/5n/p_75w94d66l9ssrldxqdhh700000gn/T//cc0TvDld.s 			page 12


 626 02c2 0C       		.uleb128 0xc
 627 02c3 723800   		.ascii	"r8\000"
 628 02c6 07       		.byte	0x7
 629 02c7 1C01     		.2byte	0x11c
 630 02c9 70020000 		.4byte	0x270
 631 02cd 02       		.byte	0x2
 632 02ce 23       		.byte	0x23
 633 02cf 10       		.uleb128 0x10
 634 02d0 0C       		.uleb128 0xc
 635 02d1 723900   		.ascii	"r9\000"
 636 02d4 07       		.byte	0x7
 637 02d5 1D01     		.2byte	0x11d
 638 02d7 70020000 		.4byte	0x270
 639 02db 02       		.byte	0x2
 640 02dc 23       		.byte	0x23
 641 02dd 14       		.uleb128 0x14
 642 02de 0C       		.uleb128 0xc
 643 02df 72313000 		.ascii	"r10\000"
 644 02e3 07       		.byte	0x7
 645 02e4 1E01     		.2byte	0x11e
 646 02e6 70020000 		.4byte	0x270
 647 02ea 02       		.byte	0x2
 648 02eb 23       		.byte	0x23
 649 02ec 18       		.uleb128 0x18
 650 02ed 0C       		.uleb128 0xc
 651 02ee 72313100 		.ascii	"r11\000"
 652 02f2 07       		.byte	0x7
 653 02f3 1F01     		.2byte	0x11f
 654 02f5 70020000 		.4byte	0x270
 655 02f9 02       		.byte	0x2
 656 02fa 23       		.byte	0x23
 657 02fb 1C       		.uleb128 0x1c
 658 02fc 0C       		.uleb128 0xc
 659 02fd 6C7200   		.ascii	"lr\000"
 660 0300 07       		.byte	0x7
 661 0301 2001     		.2byte	0x120
 662 0303 70020000 		.4byte	0x270
 663 0307 02       		.byte	0x2
 664 0308 23       		.byte	0x23
 665 0309 20       		.uleb128 0x20
 666 030a 00       		.byte	0
 667 030b 0B       		.uleb128 0xb
 668 030c C9000000 		.4byte	.LASF44
 669 0310 04       		.byte	0x4
 670 0311 07       		.byte	0x7
 671 0312 2A01     		.2byte	0x12a
 672 0314 28030000 		.4byte	0x328
 673 0318 0C       		.uleb128 0xc
 674 0319 72313300 		.ascii	"r13\000"
 675 031d 07       		.byte	0x7
 676 031e 2B01     		.2byte	0x12b
 677 0320 28030000 		.4byte	0x328
 678 0324 02       		.byte	0x2
 679 0325 23       		.byte	0x23
 680 0326 00       		.uleb128 0
 681 0327 00       		.byte	0
 682 0328 09       		.uleb128 0x9
ARM GAS  /var/folders/5n/p_75w94d66l9ssrldxqdhh700000gn/T//cc0TvDld.s 			page 13


 683 0329 04       		.byte	0x4
 684 032a 7D020000 		.4byte	0x27d
 685 032e 0D       		.uleb128 0xd
 686 032f DD000000 		.4byte	0xdd
 687 0333 08       		.uleb128 0x8
 688 0334 1C       		.byte	0x1c
 689 0335 08       		.byte	0x8
 690 0336 57       		.byte	0x57
 691 0337 90030000 		.4byte	0x390
 692 033b 06       		.uleb128 0x6
 693 033c D5010000 		.4byte	.LASF45
 694 0340 08       		.byte	0x8
 695 0341 58       		.byte	0x58
 696 0342 43020000 		.4byte	0x243
 697 0346 02       		.byte	0x2
 698 0347 23       		.byte	0x23
 699 0348 00       		.uleb128 0
 700 0349 06       		.uleb128 0x6
 701 034a 90010000 		.4byte	.LASF46
 702 034e 08       		.byte	0x8
 703 034f 59       		.byte	0x59
 704 0350 BC000000 		.4byte	0xbc
 705 0354 02       		.byte	0x2
 706 0355 23       		.byte	0x23
 707 0356 08       		.uleb128 0x8
 708 0357 06       		.uleb128 0x6
 709 0358 18010000 		.4byte	.LASF47
 710 035c 08       		.byte	0x8
 711 035d 5B       		.byte	0x5b
 712 035e 0B030000 		.4byte	0x30b
 713 0362 02       		.byte	0x2
 714 0363 23       		.byte	0x23
 715 0364 0C       		.uleb128 0xc
 716 0365 06       		.uleb128 0x6
 717 0366 99000000 		.4byte	.LASF48
 718 036a 08       		.byte	0x8
 719 036b 5E       		.byte	0x5e
 720 036c 3D020000 		.4byte	0x23d
 721 0370 02       		.byte	0x2
 722 0371 23       		.byte	0x23
 723 0372 10       		.uleb128 0x10
 724 0373 06       		.uleb128 0x6
 725 0374 35010000 		.4byte	.LASF49
 726 0378 08       		.byte	0x8
 727 0379 5F       		.byte	0x5f
 728 037a 3D020000 		.4byte	0x23d
 729 037e 02       		.byte	0x2
 730 037f 23       		.byte	0x23
 731 0380 14       		.uleb128 0x14
 732 0381 06       		.uleb128 0x6
 733 0382 2B010000 		.4byte	.LASF50
 734 0386 08       		.byte	0x8
 735 0387 62       		.byte	0x62
 736 0388 3D020000 		.4byte	0x23d
 737 038c 02       		.byte	0x2
 738 038d 23       		.byte	0x23
 739 038e 18       		.uleb128 0x18
ARM GAS  /var/folders/5n/p_75w94d66l9ssrldxqdhh700000gn/T//cc0TvDld.s 			page 14


 740 038f 00       		.byte	0
 741 0390 04       		.uleb128 0x4
 742 0391 56020000 		.4byte	.LASF51
 743 0395 08       		.byte	0x8
 744 0396 64       		.byte	0x64
 745 0397 33030000 		.4byte	0x333
 746 039b 05       		.uleb128 0x5
 747 039c 0A010000 		.4byte	.LASF52
 748 03a0 10       		.byte	0x10
 749 03a1 09       		.byte	0x9
 750 03a2 25       		.byte	0x25
 751 03a3 D2030000 		.4byte	0x3d2
 752 03a7 06       		.uleb128 0x6
 753 03a8 63000000 		.4byte	.LASF53
 754 03ac 09       		.byte	0x9
 755 03ad 26       		.byte	0x26
 756 03ae 43020000 		.4byte	0x243
 757 03b2 02       		.byte	0x2
 758 03b3 23       		.byte	0x23
 759 03b4 00       		.uleb128 0
 760 03b5 06       		.uleb128 0x6
 761 03b6 EE020000 		.4byte	.LASF54
 762 03ba 09       		.byte	0x9
 763 03bb 28       		.byte	0x28
 764 03bc 3D020000 		.4byte	0x23d
 765 03c0 02       		.byte	0x2
 766 03c1 23       		.byte	0x23
 767 03c2 08       		.uleb128 0x8
 768 03c3 06       		.uleb128 0x6
 769 03c4 EE010000 		.4byte	.LASF55
 770 03c8 09       		.byte	0x9
 771 03c9 2A       		.byte	0x2a
 772 03ca D2030000 		.4byte	0x3d2
 773 03ce 02       		.byte	0x2
 774 03cf 23       		.byte	0x23
 775 03d0 0C       		.uleb128 0xc
 776 03d1 00       		.byte	0
 777 03d2 09       		.uleb128 0x9
 778 03d3 04       		.byte	0x4
 779 03d4 9B030000 		.4byte	0x39b
 780 03d8 04       		.uleb128 0x4
 781 03d9 0A010000 		.4byte	.LASF52
 782 03dd 09       		.byte	0x9
 783 03de 2C       		.byte	0x2c
 784 03df 9B030000 		.4byte	0x39b
 785 03e3 0E       		.uleb128 0xe
 786 03e4 04       		.byte	0x4
 787 03e5 06       		.byte	0x6
 788 03e6 8F       		.byte	0x8f
 789 03e7 18040000 		.4byte	0x418
 790 03eb 0F       		.uleb128 0xf
 791 03ec 13000000 		.4byte	.LASF56
 792 03f0 06       		.byte	0x6
 793 03f1 96       		.byte	0x96
 794 03f2 C7000000 		.4byte	0xc7
 795 03f6 0F       		.uleb128 0xf
 796 03f7 31000000 		.4byte	.LASF57
ARM GAS  /var/folders/5n/p_75w94d66l9ssrldxqdhh700000gn/T//cc0TvDld.s 			page 15


 797 03fb 06       		.byte	0x6
 798 03fc 9D       		.byte	0x9d
 799 03fd C7000000 		.4byte	0xc7
 800 0401 0F       		.uleb128 0xf
 801 0402 6E020000 		.4byte	.LASF58
 802 0406 06       		.byte	0x6
 803 0407 A4       		.byte	0xa4
 804 0408 7B020000 		.4byte	0x27b
 805 040c 0F       		.uleb128 0xf
 806 040d 97010000 		.4byte	.LASF59
 807 0411 06       		.byte	0x6
 808 0412 AB       		.byte	0xab
 809 0413 D2000000 		.4byte	0xd2
 810 0417 00       		.byte	0
 811 0418 09       		.uleb128 0x9
 812 0419 04       		.byte	0x4
 813 041a 1E040000 		.4byte	0x41e
 814 041e 10       		.uleb128 0x10
 815 041f 23040000 		.4byte	0x423
 816 0423 03       		.uleb128 0x3
 817 0424 01       		.byte	0x1
 818 0425 08       		.byte	0x8
 819 0426 DD010000 		.4byte	.LASF60
 820 042a 09       		.uleb128 0x9
 821 042b 04       		.byte	0x4
 822 042c D8030000 		.4byte	0x3d8
 823 0430 11       		.uleb128 0x11
 824 0431 06000000 		.4byte	.LASF67
 825 0435 02       		.byte	0x2
 826 0436 2D       		.byte	0x2d
 827 0437 01       		.byte	0x1
 828 0438 03       		.byte	0x3
 829 0439 53040000 		.4byte	0x453
 830 043d 12       		.uleb128 0x12
 831 043e 747000   		.ascii	"tp\000"
 832 0441 02       		.byte	0x2
 833 0442 2D       		.byte	0x2d
 834 0443 3D020000 		.4byte	0x23d
 835 0447 12       		.uleb128 0x12
 836 0448 74717000 		.ascii	"tqp\000"
 837 044c 02       		.byte	0x2
 838 044d 2D       		.byte	0x2d
 839 044e 53040000 		.4byte	0x453
 840 0452 00       		.byte	0
 841 0453 09       		.uleb128 0x9
 842 0454 04       		.byte	0x4
 843 0455 43020000 		.4byte	0x243
 844 0459 13       		.uleb128 0x13
 845 045a E2010000 		.4byte	.LASF68
 846 045e 02       		.byte	0x2
 847 045f 34       		.byte	0x34
 848 0460 01       		.byte	0x1
 849 0461 3D020000 		.4byte	0x23d
 850 0465 03       		.byte	0x3
 851 0466 80040000 		.4byte	0x480
 852 046a 12       		.uleb128 0x12
 853 046b 74717000 		.ascii	"tqp\000"
ARM GAS  /var/folders/5n/p_75w94d66l9ssrldxqdhh700000gn/T//cc0TvDld.s 			page 16


 854 046f 02       		.byte	0x2
 855 0470 34       		.byte	0x34
 856 0471 53040000 		.4byte	0x453
 857 0475 14       		.uleb128 0x14
 858 0476 747000   		.ascii	"tp\000"
 859 0479 02       		.byte	0x2
 860 047a 35       		.byte	0x35
 861 047b 3D020000 		.4byte	0x23d
 862 047f 00       		.byte	0
 863 0480 15       		.uleb128 0x15
 864 0481 01       		.byte	0x1
 865 0482 7E000000 		.4byte	.LASF61
 866 0486 01       		.byte	0x1
 867 0487 44       		.byte	0x44
 868 0488 01       		.byte	0x1
 869 0489 C7000000 		.4byte	0xc7
 870 048d 00000000 		.4byte	.LFB7
 871 0491 40000000 		.4byte	.LFE7
 872 0495 00000000 		.4byte	.LLST0
 873 0499 24050000 		.4byte	0x524
 874 049d 16       		.uleb128 0x16
 875 049e 747000   		.ascii	"tp\000"
 876 04a1 01       		.byte	0x1
 877 04a2 44       		.byte	0x44
 878 04a3 3D020000 		.4byte	0x23d
 879 04a7 20000000 		.4byte	.LLST1
 880 04ab 16       		.uleb128 0x16
 881 04ac 6D736700 		.ascii	"msg\000"
 882 04b0 01       		.byte	0x1
 883 04b1 44       		.byte	0x44
 884 04b2 C7000000 		.4byte	0xc7
 885 04b6 40000000 		.4byte	.LLST2
 886 04ba 17       		.uleb128 0x17
 887 04bb 63747000 		.ascii	"ctp\000"
 888 04bf 01       		.byte	0x1
 889 04c0 45       		.byte	0x45
 890 04c1 3D020000 		.4byte	0x23d
 891 04c5 6A000000 		.4byte	.LLST3
 892 04c9 18       		.uleb128 0x18
 893 04ca 06000000 		.4byte	.LBB10
 894 04ce 0C000000 		.4byte	.LBE10
 895 04d2 E6040000 		.4byte	0x4e6
 896 04d6 17       		.uleb128 0x17
 897 04d7 746D7000 		.ascii	"tmp\000"
 898 04db 01       		.byte	0x1
 899 04dc 49       		.byte	0x49
 900 04dd 70000000 		.4byte	0x70
 901 04e1 89000000 		.4byte	.LLST4
 902 04e5 00       		.byte	0
 903 04e6 19       		.uleb128 0x19
 904 04e7 30040000 		.4byte	0x430
 905 04eb 14000000 		.4byte	.LBB11
 906 04ef 00000000 		.4byte	.Ldebug_ranges0+0
 907 04f3 01       		.byte	0x1
 908 04f4 4C       		.byte	0x4c
 909 04f5 0A050000 		.4byte	0x50a
 910 04f9 1A       		.uleb128 0x1a
ARM GAS  /var/folders/5n/p_75w94d66l9ssrldxqdhh700000gn/T//cc0TvDld.s 			page 17


 911 04fa 47040000 		.4byte	0x447
 912 04fe 01       		.byte	0x1
 913 04ff 55       		.byte	0x55
 914 0500 1B       		.uleb128 0x1b
 915 0501 3D040000 		.4byte	0x43d
 916 0505 9C000000 		.4byte	.LLST5
 917 0509 00       		.byte	0
 918 050a 1C       		.uleb128 0x1c
 919 050b 2C000000 		.4byte	.LBB15
 920 050f 32000000 		.4byte	.LBE15
 921 0513 17       		.uleb128 0x17
 922 0514 746D7000 		.ascii	"tmp\000"
 923 0518 01       		.byte	0x1
 924 0519 51       		.byte	0x51
 925 051a 70000000 		.4byte	0x70
 926 051e AF000000 		.4byte	.LLST6
 927 0522 00       		.byte	0
 928 0523 00       		.byte	0
 929 0524 15       		.uleb128 0x15
 930 0525 01       		.byte	0x1
 931 0526 45020000 		.4byte	.LASF62
 932 052a 01       		.byte	0x1
 933 052b 63       		.byte	0x63
 934 052c 01       		.byte	0x1
 935 052d 3D020000 		.4byte	0x23d
 936 0531 00000000 		.4byte	.LFB8
 937 0535 3C000000 		.4byte	.LFE8
 938 0539 C2000000 		.4byte	.LLST7
 939 053d B2050000 		.4byte	0x5b2
 940 0541 14       		.uleb128 0x14
 941 0542 747000   		.ascii	"tp\000"
 942 0545 01       		.byte	0x1
 943 0546 64       		.byte	0x64
 944 0547 3D020000 		.4byte	0x23d
 945 054b 18       		.uleb128 0x18
 946 054c 02000000 		.4byte	.LBB16
 947 0550 08000000 		.4byte	.LBE16
 948 0554 68050000 		.4byte	0x568
 949 0558 17       		.uleb128 0x17
 950 0559 746D7000 		.ascii	"tmp\000"
 951 055d 01       		.byte	0x1
 952 055e 66       		.byte	0x66
 953 055f 70000000 		.4byte	0x70
 954 0563 E2000000 		.4byte	.LLST8
 955 0567 00       		.byte	0
 956 0568 1D       		.uleb128 0x1d
 957 0569 59040000 		.4byte	0x459
 958 056d 16000000 		.4byte	.LBB17
 959 0571 1C000000 		.4byte	.LBE17
 960 0575 01       		.byte	0x1
 961 0576 69       		.byte	0x69
 962 0577 98050000 		.4byte	0x598
 963 057b 1B       		.uleb128 0x1b
 964 057c 6A040000 		.4byte	0x46a
 965 0580 F5000000 		.4byte	.LLST9
 966 0584 1C       		.uleb128 0x1c
 967 0585 16000000 		.4byte	.LBB18
ARM GAS  /var/folders/5n/p_75w94d66l9ssrldxqdhh700000gn/T//cc0TvDld.s 			page 18


 968 0589 1C000000 		.4byte	.LBE18
 969 058d 1E       		.uleb128 0x1e
 970 058e 75040000 		.4byte	0x475
 971 0592 0A010000 		.4byte	.LLST10
 972 0596 00       		.byte	0
 973 0597 00       		.byte	0
 974 0598 1C       		.uleb128 0x1c
 975 0599 20000000 		.4byte	.LBB19
 976 059d 26000000 		.4byte	.LBE19
 977 05a1 17       		.uleb128 0x17
 978 05a2 746D7000 		.ascii	"tmp\000"
 979 05a6 01       		.byte	0x1
 980 05a7 6B       		.byte	0x6b
 981 05a8 70000000 		.4byte	0x70
 982 05ac 1D010000 		.4byte	.LLST11
 983 05b0 00       		.byte	0
 984 05b1 00       		.byte	0
 985 05b2 1F       		.uleb128 0x1f
 986 05b3 01       		.byte	0x1
 987 05b4 B4010000 		.4byte	.LASF69
 988 05b8 01       		.byte	0x1
 989 05b9 79       		.byte	0x79
 990 05ba 01       		.byte	0x1
 991 05bb 00000000 		.4byte	.LFB9
 992 05bf 14000000 		.4byte	.LFE9
 993 05c3 30010000 		.4byte	.LLST12
 994 05c7 1F060000 		.4byte	0x61f
 995 05cb 16       		.uleb128 0x16
 996 05cc 747000   		.ascii	"tp\000"
 997 05cf 01       		.byte	0x1
 998 05d0 79       		.byte	0x79
 999 05d1 3D020000 		.4byte	0x23d
 1000 05d5 50010000 		.4byte	.LLST13
 1001 05d9 16       		.uleb128 0x16
 1002 05da 6D736700 		.ascii	"msg\000"
 1003 05de 01       		.byte	0x1
 1004 05df 79       		.byte	0x79
 1005 05e0 C7000000 		.4byte	0xc7
 1006 05e4 63010000 		.4byte	.LLST14
 1007 05e8 18       		.uleb128 0x18
 1008 05e9 02000000 		.4byte	.LBB20
 1009 05ed 08000000 		.4byte	.LBE20
 1010 05f1 05060000 		.4byte	0x605
 1011 05f5 17       		.uleb128 0x17
 1012 05f6 746D7000 		.ascii	"tmp\000"
 1013 05fa 01       		.byte	0x1
 1014 05fb 7B       		.byte	0x7b
 1015 05fc 70000000 		.4byte	0x70
 1016 0600 76010000 		.4byte	.LLST15
 1017 0604 00       		.byte	0
 1018 0605 1C       		.uleb128 0x1c
 1019 0606 0C000000 		.4byte	.LBB21
 1020 060a 12000000 		.4byte	.LBE21
 1021 060e 17       		.uleb128 0x17
 1022 060f 746D7000 		.ascii	"tmp\000"
 1023 0613 01       		.byte	0x1
 1024 0614 7F       		.byte	0x7f
ARM GAS  /var/folders/5n/p_75w94d66l9ssrldxqdhh700000gn/T//cc0TvDld.s 			page 19


 1025 0615 70000000 		.4byte	0x70
 1026 0619 89010000 		.4byte	.LLST16
 1027 061d 00       		.byte	0
 1028 061e 00       		.byte	0
 1029 061f 20       		.uleb128 0x20
 1030 0620 60020000 		.4byte	.LASF63
 1031 0624 08       		.byte	0x8
 1032 0625 68       		.byte	0x68
 1033 0626 90030000 		.4byte	0x390
 1034 062a 01       		.byte	0x1
 1035 062b 01       		.byte	0x1
 1036 062c 20       		.uleb128 0x20
 1037 062d 60020000 		.4byte	.LASF63
 1038 0631 08       		.byte	0x8
 1039 0632 68       		.byte	0x68
 1040 0633 90030000 		.4byte	0x390
 1041 0637 01       		.byte	0x1
 1042 0638 01       		.byte	0x1
 1043 0639 00       		.byte	0
 1044              		.section	.debug_abbrev,"",%progbits
 1045              	.Ldebug_abbrev0:
 1046 0000 01       		.uleb128 0x1
 1047 0001 11       		.uleb128 0x11
 1048 0002 01       		.byte	0x1
 1049 0003 25       		.uleb128 0x25
 1050 0004 0E       		.uleb128 0xe
 1051 0005 13       		.uleb128 0x13
 1052 0006 0B       		.uleb128 0xb
 1053 0007 03       		.uleb128 0x3
 1054 0008 0E       		.uleb128 0xe
 1055 0009 1B       		.uleb128 0x1b
 1056 000a 0E       		.uleb128 0xe
 1057 000b 11       		.uleb128 0x11
 1058 000c 01       		.uleb128 0x1
 1059 000d 52       		.uleb128 0x52
 1060 000e 01       		.uleb128 0x1
 1061 000f 55       		.uleb128 0x55
 1062 0010 06       		.uleb128 0x6
 1063 0011 10       		.uleb128 0x10
 1064 0012 06       		.uleb128 0x6
 1065 0013 00       		.byte	0
 1066 0014 00       		.byte	0
 1067 0015 02       		.uleb128 0x2
 1068 0016 24       		.uleb128 0x24
 1069 0017 00       		.byte	0
 1070 0018 0B       		.uleb128 0xb
 1071 0019 0B       		.uleb128 0xb
 1072 001a 3E       		.uleb128 0x3e
 1073 001b 0B       		.uleb128 0xb
 1074 001c 03       		.uleb128 0x3
 1075 001d 08       		.uleb128 0x8
 1076 001e 00       		.byte	0
 1077 001f 00       		.byte	0
 1078 0020 03       		.uleb128 0x3
 1079 0021 24       		.uleb128 0x24
 1080 0022 00       		.byte	0
 1081 0023 0B       		.uleb128 0xb
ARM GAS  /var/folders/5n/p_75w94d66l9ssrldxqdhh700000gn/T//cc0TvDld.s 			page 20


 1082 0024 0B       		.uleb128 0xb
 1083 0025 3E       		.uleb128 0x3e
 1084 0026 0B       		.uleb128 0xb
 1085 0027 03       		.uleb128 0x3
 1086 0028 0E       		.uleb128 0xe
 1087 0029 00       		.byte	0
 1088 002a 00       		.byte	0
 1089 002b 04       		.uleb128 0x4
 1090 002c 16       		.uleb128 0x16
 1091 002d 00       		.byte	0
 1092 002e 03       		.uleb128 0x3
 1093 002f 0E       		.uleb128 0xe
 1094 0030 3A       		.uleb128 0x3a
 1095 0031 0B       		.uleb128 0xb
 1096 0032 3B       		.uleb128 0x3b
 1097 0033 0B       		.uleb128 0xb
 1098 0034 49       		.uleb128 0x49
 1099 0035 13       		.uleb128 0x13
 1100 0036 00       		.byte	0
 1101 0037 00       		.byte	0
 1102 0038 05       		.uleb128 0x5
 1103 0039 13       		.uleb128 0x13
 1104 003a 01       		.byte	0x1
 1105 003b 03       		.uleb128 0x3
 1106 003c 0E       		.uleb128 0xe
 1107 003d 0B       		.uleb128 0xb
 1108 003e 0B       		.uleb128 0xb
 1109 003f 3A       		.uleb128 0x3a
 1110 0040 0B       		.uleb128 0xb
 1111 0041 3B       		.uleb128 0x3b
 1112 0042 0B       		.uleb128 0xb
 1113 0043 01       		.uleb128 0x1
 1114 0044 13       		.uleb128 0x13
 1115 0045 00       		.byte	0
 1116 0046 00       		.byte	0
 1117 0047 06       		.uleb128 0x6
 1118 0048 0D       		.uleb128 0xd
 1119 0049 00       		.byte	0
 1120 004a 03       		.uleb128 0x3
 1121 004b 0E       		.uleb128 0xe
 1122 004c 3A       		.uleb128 0x3a
 1123 004d 0B       		.uleb128 0xb
 1124 004e 3B       		.uleb128 0x3b
 1125 004f 0B       		.uleb128 0xb
 1126 0050 49       		.uleb128 0x49
 1127 0051 13       		.uleb128 0x13
 1128 0052 38       		.uleb128 0x38
 1129 0053 0A       		.uleb128 0xa
 1130 0054 00       		.byte	0
 1131 0055 00       		.byte	0
 1132 0056 07       		.uleb128 0x7
 1133 0057 0D       		.uleb128 0xd
 1134 0058 00       		.byte	0
 1135 0059 03       		.uleb128 0x3
 1136 005a 08       		.uleb128 0x8
 1137 005b 3A       		.uleb128 0x3a
 1138 005c 0B       		.uleb128 0xb
ARM GAS  /var/folders/5n/p_75w94d66l9ssrldxqdhh700000gn/T//cc0TvDld.s 			page 21


 1139 005d 3B       		.uleb128 0x3b
 1140 005e 0B       		.uleb128 0xb
 1141 005f 49       		.uleb128 0x49
 1142 0060 13       		.uleb128 0x13
 1143 0061 38       		.uleb128 0x38
 1144 0062 0A       		.uleb128 0xa
 1145 0063 00       		.byte	0
 1146 0064 00       		.byte	0
 1147 0065 08       		.uleb128 0x8
 1148 0066 13       		.uleb128 0x13
 1149 0067 01       		.byte	0x1
 1150 0068 0B       		.uleb128 0xb
 1151 0069 0B       		.uleb128 0xb
 1152 006a 3A       		.uleb128 0x3a
 1153 006b 0B       		.uleb128 0xb
 1154 006c 3B       		.uleb128 0x3b
 1155 006d 0B       		.uleb128 0xb
 1156 006e 01       		.uleb128 0x1
 1157 006f 13       		.uleb128 0x13
 1158 0070 00       		.byte	0
 1159 0071 00       		.byte	0
 1160 0072 09       		.uleb128 0x9
 1161 0073 0F       		.uleb128 0xf
 1162 0074 00       		.byte	0
 1163 0075 0B       		.uleb128 0xb
 1164 0076 0B       		.uleb128 0xb
 1165 0077 49       		.uleb128 0x49
 1166 0078 13       		.uleb128 0x13
 1167 0079 00       		.byte	0
 1168 007a 00       		.byte	0
 1169 007b 0A       		.uleb128 0xa
 1170 007c 0F       		.uleb128 0xf
 1171 007d 00       		.byte	0
 1172 007e 0B       		.uleb128 0xb
 1173 007f 0B       		.uleb128 0xb
 1174 0080 00       		.byte	0
 1175 0081 00       		.byte	0
 1176 0082 0B       		.uleb128 0xb
 1177 0083 13       		.uleb128 0x13
 1178 0084 01       		.byte	0x1
 1179 0085 03       		.uleb128 0x3
 1180 0086 0E       		.uleb128 0xe
 1181 0087 0B       		.uleb128 0xb
 1182 0088 0B       		.uleb128 0xb
 1183 0089 3A       		.uleb128 0x3a
 1184 008a 0B       		.uleb128 0xb
 1185 008b 3B       		.uleb128 0x3b
 1186 008c 05       		.uleb128 0x5
 1187 008d 01       		.uleb128 0x1
 1188 008e 13       		.uleb128 0x13
 1189 008f 00       		.byte	0
 1190 0090 00       		.byte	0
 1191 0091 0C       		.uleb128 0xc
 1192 0092 0D       		.uleb128 0xd
 1193 0093 00       		.byte	0
 1194 0094 03       		.uleb128 0x3
 1195 0095 08       		.uleb128 0x8
ARM GAS  /var/folders/5n/p_75w94d66l9ssrldxqdhh700000gn/T//cc0TvDld.s 			page 22


 1196 0096 3A       		.uleb128 0x3a
 1197 0097 0B       		.uleb128 0xb
 1198 0098 3B       		.uleb128 0x3b
 1199 0099 05       		.uleb128 0x5
 1200 009a 49       		.uleb128 0x49
 1201 009b 13       		.uleb128 0x13
 1202 009c 38       		.uleb128 0x38
 1203 009d 0A       		.uleb128 0xa
 1204 009e 00       		.byte	0
 1205 009f 00       		.byte	0
 1206 00a0 0D       		.uleb128 0xd
 1207 00a1 35       		.uleb128 0x35
 1208 00a2 00       		.byte	0
 1209 00a3 49       		.uleb128 0x49
 1210 00a4 13       		.uleb128 0x13
 1211 00a5 00       		.byte	0
 1212 00a6 00       		.byte	0
 1213 00a7 0E       		.uleb128 0xe
 1214 00a8 17       		.uleb128 0x17
 1215 00a9 01       		.byte	0x1
 1216 00aa 0B       		.uleb128 0xb
 1217 00ab 0B       		.uleb128 0xb
 1218 00ac 3A       		.uleb128 0x3a
 1219 00ad 0B       		.uleb128 0xb
 1220 00ae 3B       		.uleb128 0x3b
 1221 00af 0B       		.uleb128 0xb
 1222 00b0 01       		.uleb128 0x1
 1223 00b1 13       		.uleb128 0x13
 1224 00b2 00       		.byte	0
 1225 00b3 00       		.byte	0
 1226 00b4 0F       		.uleb128 0xf
 1227 00b5 0D       		.uleb128 0xd
 1228 00b6 00       		.byte	0
 1229 00b7 03       		.uleb128 0x3
 1230 00b8 0E       		.uleb128 0xe
 1231 00b9 3A       		.uleb128 0x3a
 1232 00ba 0B       		.uleb128 0xb
 1233 00bb 3B       		.uleb128 0x3b
 1234 00bc 0B       		.uleb128 0xb
 1235 00bd 49       		.uleb128 0x49
 1236 00be 13       		.uleb128 0x13
 1237 00bf 00       		.byte	0
 1238 00c0 00       		.byte	0
 1239 00c1 10       		.uleb128 0x10
 1240 00c2 26       		.uleb128 0x26
 1241 00c3 00       		.byte	0
 1242 00c4 49       		.uleb128 0x49
 1243 00c5 13       		.uleb128 0x13
 1244 00c6 00       		.byte	0
 1245 00c7 00       		.byte	0
 1246 00c8 11       		.uleb128 0x11
 1247 00c9 2E       		.uleb128 0x2e
 1248 00ca 01       		.byte	0x1
 1249 00cb 03       		.uleb128 0x3
 1250 00cc 0E       		.uleb128 0xe
 1251 00cd 3A       		.uleb128 0x3a
 1252 00ce 0B       		.uleb128 0xb
ARM GAS  /var/folders/5n/p_75w94d66l9ssrldxqdhh700000gn/T//cc0TvDld.s 			page 23


 1253 00cf 3B       		.uleb128 0x3b
 1254 00d0 0B       		.uleb128 0xb
 1255 00d1 27       		.uleb128 0x27
 1256 00d2 0C       		.uleb128 0xc
 1257 00d3 20       		.uleb128 0x20
 1258 00d4 0B       		.uleb128 0xb
 1259 00d5 01       		.uleb128 0x1
 1260 00d6 13       		.uleb128 0x13
 1261 00d7 00       		.byte	0
 1262 00d8 00       		.byte	0
 1263 00d9 12       		.uleb128 0x12
 1264 00da 05       		.uleb128 0x5
 1265 00db 00       		.byte	0
 1266 00dc 03       		.uleb128 0x3
 1267 00dd 08       		.uleb128 0x8
 1268 00de 3A       		.uleb128 0x3a
 1269 00df 0B       		.uleb128 0xb
 1270 00e0 3B       		.uleb128 0x3b
 1271 00e1 0B       		.uleb128 0xb
 1272 00e2 49       		.uleb128 0x49
 1273 00e3 13       		.uleb128 0x13
 1274 00e4 00       		.byte	0
 1275 00e5 00       		.byte	0
 1276 00e6 13       		.uleb128 0x13
 1277 00e7 2E       		.uleb128 0x2e
 1278 00e8 01       		.byte	0x1
 1279 00e9 03       		.uleb128 0x3
 1280 00ea 0E       		.uleb128 0xe
 1281 00eb 3A       		.uleb128 0x3a
 1282 00ec 0B       		.uleb128 0xb
 1283 00ed 3B       		.uleb128 0x3b
 1284 00ee 0B       		.uleb128 0xb
 1285 00ef 27       		.uleb128 0x27
 1286 00f0 0C       		.uleb128 0xc
 1287 00f1 49       		.uleb128 0x49
 1288 00f2 13       		.uleb128 0x13
 1289 00f3 20       		.uleb128 0x20
 1290 00f4 0B       		.uleb128 0xb
 1291 00f5 01       		.uleb128 0x1
 1292 00f6 13       		.uleb128 0x13
 1293 00f7 00       		.byte	0
 1294 00f8 00       		.byte	0
 1295 00f9 14       		.uleb128 0x14
 1296 00fa 34       		.uleb128 0x34
 1297 00fb 00       		.byte	0
 1298 00fc 03       		.uleb128 0x3
 1299 00fd 08       		.uleb128 0x8
 1300 00fe 3A       		.uleb128 0x3a
 1301 00ff 0B       		.uleb128 0xb
 1302 0100 3B       		.uleb128 0x3b
 1303 0101 0B       		.uleb128 0xb
 1304 0102 49       		.uleb128 0x49
 1305 0103 13       		.uleb128 0x13
 1306 0104 00       		.byte	0
 1307 0105 00       		.byte	0
 1308 0106 15       		.uleb128 0x15
 1309 0107 2E       		.uleb128 0x2e
ARM GAS  /var/folders/5n/p_75w94d66l9ssrldxqdhh700000gn/T//cc0TvDld.s 			page 24


 1310 0108 01       		.byte	0x1
 1311 0109 3F       		.uleb128 0x3f
 1312 010a 0C       		.uleb128 0xc
 1313 010b 03       		.uleb128 0x3
 1314 010c 0E       		.uleb128 0xe
 1315 010d 3A       		.uleb128 0x3a
 1316 010e 0B       		.uleb128 0xb
 1317 010f 3B       		.uleb128 0x3b
 1318 0110 0B       		.uleb128 0xb
 1319 0111 27       		.uleb128 0x27
 1320 0112 0C       		.uleb128 0xc
 1321 0113 49       		.uleb128 0x49
 1322 0114 13       		.uleb128 0x13
 1323 0115 11       		.uleb128 0x11
 1324 0116 01       		.uleb128 0x1
 1325 0117 12       		.uleb128 0x12
 1326 0118 01       		.uleb128 0x1
 1327 0119 40       		.uleb128 0x40
 1328 011a 06       		.uleb128 0x6
 1329 011b 01       		.uleb128 0x1
 1330 011c 13       		.uleb128 0x13
 1331 011d 00       		.byte	0
 1332 011e 00       		.byte	0
 1333 011f 16       		.uleb128 0x16
 1334 0120 05       		.uleb128 0x5
 1335 0121 00       		.byte	0
 1336 0122 03       		.uleb128 0x3
 1337 0123 08       		.uleb128 0x8
 1338 0124 3A       		.uleb128 0x3a
 1339 0125 0B       		.uleb128 0xb
 1340 0126 3B       		.uleb128 0x3b
 1341 0127 0B       		.uleb128 0xb
 1342 0128 49       		.uleb128 0x49
 1343 0129 13       		.uleb128 0x13
 1344 012a 02       		.uleb128 0x2
 1345 012b 06       		.uleb128 0x6
 1346 012c 00       		.byte	0
 1347 012d 00       		.byte	0
 1348 012e 17       		.uleb128 0x17
 1349 012f 34       		.uleb128 0x34
 1350 0130 00       		.byte	0
 1351 0131 03       		.uleb128 0x3
 1352 0132 08       		.uleb128 0x8
 1353 0133 3A       		.uleb128 0x3a
 1354 0134 0B       		.uleb128 0xb
 1355 0135 3B       		.uleb128 0x3b
 1356 0136 0B       		.uleb128 0xb
 1357 0137 49       		.uleb128 0x49
 1358 0138 13       		.uleb128 0x13
 1359 0139 02       		.uleb128 0x2
 1360 013a 06       		.uleb128 0x6
 1361 013b 00       		.byte	0
 1362 013c 00       		.byte	0
 1363 013d 18       		.uleb128 0x18
 1364 013e 0B       		.uleb128 0xb
 1365 013f 01       		.byte	0x1
 1366 0140 11       		.uleb128 0x11
ARM GAS  /var/folders/5n/p_75w94d66l9ssrldxqdhh700000gn/T//cc0TvDld.s 			page 25


 1367 0141 01       		.uleb128 0x1
 1368 0142 12       		.uleb128 0x12
 1369 0143 01       		.uleb128 0x1
 1370 0144 01       		.uleb128 0x1
 1371 0145 13       		.uleb128 0x13
 1372 0146 00       		.byte	0
 1373 0147 00       		.byte	0
 1374 0148 19       		.uleb128 0x19
 1375 0149 1D       		.uleb128 0x1d
 1376 014a 01       		.byte	0x1
 1377 014b 31       		.uleb128 0x31
 1378 014c 13       		.uleb128 0x13
 1379 014d 52       		.uleb128 0x52
 1380 014e 01       		.uleb128 0x1
 1381 014f 55       		.uleb128 0x55
 1382 0150 06       		.uleb128 0x6
 1383 0151 58       		.uleb128 0x58
 1384 0152 0B       		.uleb128 0xb
 1385 0153 59       		.uleb128 0x59
 1386 0154 0B       		.uleb128 0xb
 1387 0155 01       		.uleb128 0x1
 1388 0156 13       		.uleb128 0x13
 1389 0157 00       		.byte	0
 1390 0158 00       		.byte	0
 1391 0159 1A       		.uleb128 0x1a
 1392 015a 05       		.uleb128 0x5
 1393 015b 00       		.byte	0
 1394 015c 31       		.uleb128 0x31
 1395 015d 13       		.uleb128 0x13
 1396 015e 02       		.uleb128 0x2
 1397 015f 0A       		.uleb128 0xa
 1398 0160 00       		.byte	0
 1399 0161 00       		.byte	0
 1400 0162 1B       		.uleb128 0x1b
 1401 0163 05       		.uleb128 0x5
 1402 0164 00       		.byte	0
 1403 0165 31       		.uleb128 0x31
 1404 0166 13       		.uleb128 0x13
 1405 0167 02       		.uleb128 0x2
 1406 0168 06       		.uleb128 0x6
 1407 0169 00       		.byte	0
 1408 016a 00       		.byte	0
 1409 016b 1C       		.uleb128 0x1c
 1410 016c 0B       		.uleb128 0xb
 1411 016d 01       		.byte	0x1
 1412 016e 11       		.uleb128 0x11
 1413 016f 01       		.uleb128 0x1
 1414 0170 12       		.uleb128 0x12
 1415 0171 01       		.uleb128 0x1
 1416 0172 00       		.byte	0
 1417 0173 00       		.byte	0
 1418 0174 1D       		.uleb128 0x1d
 1419 0175 1D       		.uleb128 0x1d
 1420 0176 01       		.byte	0x1
 1421 0177 31       		.uleb128 0x31
 1422 0178 13       		.uleb128 0x13
 1423 0179 11       		.uleb128 0x11
ARM GAS  /var/folders/5n/p_75w94d66l9ssrldxqdhh700000gn/T//cc0TvDld.s 			page 26


 1424 017a 01       		.uleb128 0x1
 1425 017b 12       		.uleb128 0x12
 1426 017c 01       		.uleb128 0x1
 1427 017d 58       		.uleb128 0x58
 1428 017e 0B       		.uleb128 0xb
 1429 017f 59       		.uleb128 0x59
 1430 0180 0B       		.uleb128 0xb
 1431 0181 01       		.uleb128 0x1
 1432 0182 13       		.uleb128 0x13
 1433 0183 00       		.byte	0
 1434 0184 00       		.byte	0
 1435 0185 1E       		.uleb128 0x1e
 1436 0186 34       		.uleb128 0x34
 1437 0187 00       		.byte	0
 1438 0188 31       		.uleb128 0x31
 1439 0189 13       		.uleb128 0x13
 1440 018a 02       		.uleb128 0x2
 1441 018b 06       		.uleb128 0x6
 1442 018c 00       		.byte	0
 1443 018d 00       		.byte	0
 1444 018e 1F       		.uleb128 0x1f
 1445 018f 2E       		.uleb128 0x2e
 1446 0190 01       		.byte	0x1
 1447 0191 3F       		.uleb128 0x3f
 1448 0192 0C       		.uleb128 0xc
 1449 0193 03       		.uleb128 0x3
 1450 0194 0E       		.uleb128 0xe
 1451 0195 3A       		.uleb128 0x3a
 1452 0196 0B       		.uleb128 0xb
 1453 0197 3B       		.uleb128 0x3b
 1454 0198 0B       		.uleb128 0xb
 1455 0199 27       		.uleb128 0x27
 1456 019a 0C       		.uleb128 0xc
 1457 019b 11       		.uleb128 0x11
 1458 019c 01       		.uleb128 0x1
 1459 019d 12       		.uleb128 0x12
 1460 019e 01       		.uleb128 0x1
 1461 019f 40       		.uleb128 0x40
 1462 01a0 06       		.uleb128 0x6
 1463 01a1 01       		.uleb128 0x1
 1464 01a2 13       		.uleb128 0x13
 1465 01a3 00       		.byte	0
 1466 01a4 00       		.byte	0
 1467 01a5 20       		.uleb128 0x20
 1468 01a6 34       		.uleb128 0x34
 1469 01a7 00       		.byte	0
 1470 01a8 03       		.uleb128 0x3
 1471 01a9 0E       		.uleb128 0xe
 1472 01aa 3A       		.uleb128 0x3a
 1473 01ab 0B       		.uleb128 0xb
 1474 01ac 3B       		.uleb128 0x3b
 1475 01ad 0B       		.uleb128 0xb
 1476 01ae 49       		.uleb128 0x49
 1477 01af 13       		.uleb128 0x13
 1478 01b0 3F       		.uleb128 0x3f
 1479 01b1 0C       		.uleb128 0xc
 1480 01b2 3C       		.uleb128 0x3c
ARM GAS  /var/folders/5n/p_75w94d66l9ssrldxqdhh700000gn/T//cc0TvDld.s 			page 27


 1481 01b3 0C       		.uleb128 0xc
 1482 01b4 00       		.byte	0
 1483 01b5 00       		.byte	0
 1484 01b6 00       		.byte	0
 1485              		.section	.debug_loc,"",%progbits
 1486              	.Ldebug_loc0:
 1487              	.LLST0:
 1488 0000 00000000 		.4byte	.LFB7
 1489 0004 02000000 		.4byte	.LCFI0
 1490 0008 0200     		.2byte	0x2
 1491 000a 7D       		.byte	0x7d
 1492 000b 00       		.sleb128 0
 1493 000c 02000000 		.4byte	.LCFI0
 1494 0010 40000000 		.4byte	.LFE7
 1495 0014 0200     		.2byte	0x2
 1496 0016 7D       		.byte	0x7d
 1497 0017 10       		.sleb128 16
 1498 0018 00000000 		.4byte	0
 1499 001c 00000000 		.4byte	0
 1500              	.LLST1:
 1501 0020 00000000 		.4byte	.LVL0
 1502 0024 24000000 		.4byte	.LVL6
 1503 0028 0100     		.2byte	0x1
 1504 002a 50       		.byte	0x50
 1505 002b 24000000 		.4byte	.LVL6
 1506 002f 40000000 		.4byte	.LFE7
 1507 0033 0300     		.2byte	0x3
 1508 0035 75       		.byte	0x75
 1509 0036 54       		.sleb128 -44
 1510 0037 9F       		.byte	0x9f
 1511 0038 00000000 		.4byte	0
 1512 003c 00000000 		.4byte	0
 1513              	.LLST2:
 1514 0040 00000000 		.4byte	.LVL0
 1515 0044 24000000 		.4byte	.LVL6
 1516 0048 0100     		.2byte	0x1
 1517 004a 51       		.byte	0x51
 1518 004b 2C000000 		.4byte	.LVL7
 1519 004f 34000000 		.4byte	.LVL10
 1520 0053 0200     		.2byte	0x2
 1521 0055 74       		.byte	0x74
 1522 0056 24       		.sleb128 36
 1523 0057 34000000 		.4byte	.LVL10
 1524 005b 37000000 		.4byte	.LVL11-1
 1525 005f 0100     		.2byte	0x1
 1526 0061 51       		.byte	0x51
 1527 0062 00000000 		.4byte	0
 1528 0066 00000000 		.4byte	0
 1529              	.LLST3:
 1530 006a 06000000 		.4byte	.LVL1
 1531 006e 08000000 		.4byte	.LVL2
 1532 0072 0200     		.2byte	0x2
 1533 0074 73       		.byte	0x73
 1534 0075 18       		.sleb128 24
 1535 0076 24000000 		.4byte	.LVL6
 1536 007a 40000000 		.4byte	.LFE7
 1537 007e 0100     		.2byte	0x1
ARM GAS  /var/folders/5n/p_75w94d66l9ssrldxqdhh700000gn/T//cc0TvDld.s 			page 28


 1538 0080 54       		.byte	0x54
 1539 0081 00000000 		.4byte	0
 1540 0085 00000000 		.4byte	0
 1541              	.LLST4:
 1542 0089 0C000000 		.4byte	.LVL3
 1543 008d 16000000 		.4byte	.LVL5
 1544 0091 0100     		.2byte	0x1
 1545 0093 53       		.byte	0x53
 1546 0094 00000000 		.4byte	0
 1547 0098 00000000 		.4byte	0
 1548              	.LLST5:
 1549 009c 24000000 		.4byte	.LVL6
 1550 00a0 40000000 		.4byte	.LFE7
 1551 00a4 0100     		.2byte	0x1
 1552 00a6 54       		.byte	0x54
 1553 00a7 00000000 		.4byte	0
 1554 00ab 00000000 		.4byte	0
 1555              	.LLST6:
 1556 00af 32000000 		.4byte	.LVL9
 1557 00b3 34000000 		.4byte	.LVL10
 1558 00b7 0100     		.2byte	0x1
 1559 00b9 53       		.byte	0x53
 1560 00ba 00000000 		.4byte	0
 1561 00be 00000000 		.4byte	0
 1562              	.LLST7:
 1563 00c2 00000000 		.4byte	.LFB8
 1564 00c6 02000000 		.4byte	.LCFI1
 1565 00ca 0200     		.2byte	0x2
 1566 00cc 7D       		.byte	0x7d
 1567 00cd 00       		.sleb128 0
 1568 00ce 02000000 		.4byte	.LCFI1
 1569 00d2 3C000000 		.4byte	.LFE8
 1570 00d6 0200     		.2byte	0x2
 1571 00d8 7D       		.byte	0x7d
 1572 00d9 08       		.sleb128 8
 1573 00da 00000000 		.4byte	0
 1574 00de 00000000 		.4byte	0
 1575              	.LLST8:
 1576 00e2 08000000 		.4byte	.LVL13
 1577 00e6 0C000000 		.4byte	.LVL14
 1578 00ea 0100     		.2byte	0x1
 1579 00ec 53       		.byte	0x53
 1580 00ed 00000000 		.4byte	0
 1581 00f1 00000000 		.4byte	0
 1582              	.LLST9:
 1583 00f5 16000000 		.4byte	.LVL15
 1584 00f9 22000000 		.4byte	.LVL16
 1585 00fd 0300     		.2byte	0x3
 1586 00ff 73       		.byte	0x73
 1587 0100 2C       		.sleb128 44
 1588 0101 9F       		.byte	0x9f
 1589 0102 00000000 		.4byte	0
 1590 0106 00000000 		.4byte	0
 1591              	.LLST10:
 1592 010a 16000000 		.4byte	.LVL15
 1593 010e 28000000 		.4byte	.LVL18
 1594 0112 0100     		.2byte	0x1
ARM GAS  /var/folders/5n/p_75w94d66l9ssrldxqdhh700000gn/T//cc0TvDld.s 			page 29


 1595 0114 50       		.byte	0x50
 1596 0115 00000000 		.4byte	0
 1597 0119 00000000 		.4byte	0
 1598              	.LLST11:
 1599 011d 26000000 		.4byte	.LVL17
 1600 0121 28000000 		.4byte	.LVL18
 1601 0125 0100     		.2byte	0x1
 1602 0127 53       		.byte	0x53
 1603 0128 00000000 		.4byte	0
 1604 012c 00000000 		.4byte	0
 1605              	.LLST12:
 1606 0130 00000000 		.4byte	.LFB9
 1607 0134 02000000 		.4byte	.LCFI2
 1608 0138 0200     		.2byte	0x2
 1609 013a 7D       		.byte	0x7d
 1610 013b 00       		.sleb128 0
 1611 013c 02000000 		.4byte	.LCFI2
 1612 0140 14000000 		.4byte	.LFE9
 1613 0144 0200     		.2byte	0x2
 1614 0146 7D       		.byte	0x7d
 1615 0147 08       		.sleb128 8
 1616 0148 00000000 		.4byte	0
 1617 014c 00000000 		.4byte	0
 1618              	.LLST13:
 1619 0150 00000000 		.4byte	.LVL19
 1620 0154 0B000000 		.4byte	.LVL22-1
 1621 0158 0100     		.2byte	0x1
 1622 015a 50       		.byte	0x50
 1623 015b 00000000 		.4byte	0
 1624 015f 00000000 		.4byte	0
 1625              	.LLST14:
 1626 0163 00000000 		.4byte	.LVL19
 1627 0167 0B000000 		.4byte	.LVL22-1
 1628 016b 0100     		.2byte	0x1
 1629 016d 51       		.byte	0x51
 1630 016e 00000000 		.4byte	0
 1631 0172 00000000 		.4byte	0
 1632              	.LLST15:
 1633 0176 08000000 		.4byte	.LVL21
 1634 017a 0B000000 		.4byte	.LVL22-1
 1635 017e 0100     		.2byte	0x1
 1636 0180 53       		.byte	0x53
 1637 0181 00000000 		.4byte	0
 1638 0185 00000000 		.4byte	0
 1639              	.LLST16:
 1640 0189 12000000 		.4byte	.LVL24
 1641 018d 14000000 		.4byte	.LFE9
 1642 0191 0100     		.2byte	0x1
 1643 0193 53       		.byte	0x53
 1644 0194 00000000 		.4byte	0
 1645 0198 00000000 		.4byte	0
 1646              		.section	.debug_aranges,"",%progbits
 1647 0000 2C000000 		.4byte	0x2c
 1648 0004 0200     		.2byte	0x2
 1649 0006 00000000 		.4byte	.Ldebug_info0
 1650 000a 04       		.byte	0x4
 1651 000b 00       		.byte	0
ARM GAS  /var/folders/5n/p_75w94d66l9ssrldxqdhh700000gn/T//cc0TvDld.s 			page 30


 1652 000c 0000     		.2byte	0
 1653 000e 0000     		.2byte	0
 1654 0010 00000000 		.4byte	.LFB7
 1655 0014 40000000 		.4byte	.LFE7-.LFB7
 1656 0018 00000000 		.4byte	.LFB8
 1657 001c 3C000000 		.4byte	.LFE8-.LFB8
 1658 0020 00000000 		.4byte	.LFB9
 1659 0024 14000000 		.4byte	.LFE9-.LFB9
 1660 0028 00000000 		.4byte	0
 1661 002c 00000000 		.4byte	0
 1662              		.section	.debug_ranges,"",%progbits
 1663              	.Ldebug_ranges0:
 1664 0000 14000000 		.4byte	.LBB11
 1665 0004 18000000 		.4byte	.LBE11
 1666 0008 1C000000 		.4byte	.LBB14
 1667 000c 22000000 		.4byte	.LBE14
 1668 0010 00000000 		.4byte	0
 1669 0014 00000000 		.4byte	0
 1670 0018 00000000 		.4byte	.LFB7
 1671 001c 40000000 		.4byte	.LFE7
 1672 0020 00000000 		.4byte	.LFB8
 1673 0024 3C000000 		.4byte	.LFE8
 1674 0028 00000000 		.4byte	.LFB9
 1675 002c 14000000 		.4byte	.LFE9
 1676 0030 00000000 		.4byte	0
 1677 0034 00000000 		.4byte	0
 1678              		.section	.debug_line,"",%progbits
 1679              	.Ldebug_line0:
 1680 0000 87010000 		.section	.debug_str,"MS",%progbits,1
 1680      02001E01 
 1680      00000201 
 1680      FB0E0D00 
 1680      01010101 
 1681              	.LASF35:
 1682 0000 705F6D73 		.ascii	"p_msg\000"
 1682      6700
 1683              	.LASF67:
 1684 0006 71756575 		.ascii	"queue_insert\000"
 1684      655F696E 
 1684      73657274 
 1684      00
 1685              	.LASF56:
 1686 0013 7264796D 		.ascii	"rdymsg\000"
 1686      736700
 1687              	.LASF11:
 1688 001a 6C6F6E67 		.ascii	"long long unsigned int\000"
 1688      206C6F6E 
 1688      6720756E 
 1688      7369676E 
 1688      65642069 
 1689              	.LASF57:
 1690 0031 65786974 		.ascii	"exitcode\000"
 1690      636F6465 
 1690      00
 1691              	.LASF23:
 1692 003a 705F7072 		.ascii	"p_prio\000"
 1692      696F00
ARM GAS  /var/folders/5n/p_75w94d66l9ssrldxqdhh700000gn/T//cc0TvDld.s 			page 31


 1693              	.LASF10:
 1694 0041 6C6F6E67 		.ascii	"long long int\000"
 1694      206C6F6E 
 1694      6720696E 
 1694      7400
 1695              	.LASF1:
 1696 004f 7369676E 		.ascii	"signed char\000"
 1696      65642063 
 1696      68617200 
 1697              	.LASF39:
 1698 005b 705F6D70 		.ascii	"p_mpool\000"
 1698      6F6F6C00 
 1699              	.LASF53:
 1700 0063 6D5F7175 		.ascii	"m_queue\000"
 1700      65756500 
 1701              	.LASF15:
 1702 006b 74736C69 		.ascii	"tslices_t\000"
 1702      6365735F 
 1702      7400
 1703              	.LASF7:
 1704 0075 6C6F6E67 		.ascii	"long int\000"
 1704      20696E74 
 1704      00
 1705              	.LASF61:
 1706 007e 63684D73 		.ascii	"chMsgSend\000"
 1706      6753656E 
 1706      6400
 1707              	.LASF13:
 1708 0088 74737461 		.ascii	"tstate_t\000"
 1708      74655F74 
 1708      00
 1709              	.LASF25:
 1710 0091 705F6E65 		.ascii	"p_newer\000"
 1710      77657200 
 1711              	.LASF48:
 1712 0099 725F6E65 		.ascii	"r_newer\000"
 1712      77657200 
 1713              	.LASF42:
 1714 00a1 72656761 		.ascii	"regarm_t\000"
 1714      726D5F74 
 1714      00
 1715              	.LASF0:
 1716 00aa 756E7369 		.ascii	"unsigned int\000"
 1716      676E6564 
 1716      20696E74 
 1716      00
 1717              	.LASF9:
 1718 00b7 6C6F6E67 		.ascii	"long unsigned int\000"
 1718      20756E73 
 1718      69676E65 
 1718      6420696E 
 1718      7400
 1719              	.LASF44:
 1720 00c9 636F6E74 		.ascii	"context\000"
 1720      65787400 
 1721              	.LASF4:
 1722 00d1 73686F72 		.ascii	"short unsigned int\000"
ARM GAS  /var/folders/5n/p_75w94d66l9ssrldxqdhh700000gn/T//cc0TvDld.s 			page 32


 1722      7420756E 
 1722      7369676E 
 1722      65642069 
 1722      6E7400
 1723              	.LASF17:
 1724 00e4 6D73675F 		.ascii	"msg_t\000"
 1724      7400
 1725              	.LASF12:
 1726 00ea 746D6F64 		.ascii	"tmode_t\000"
 1726      655F7400 
 1727              	.LASF41:
 1728 00f2 54687265 		.ascii	"ThreadsList\000"
 1728      6164734C 
 1728      69737400 
 1729              	.LASF18:
 1730 00fe 6576656E 		.ascii	"eventmask_t\000"
 1730      746D6173 
 1730      6B5F7400 
 1731              	.LASF52:
 1732 010a 4D757465 		.ascii	"Mutex\000"
 1732      7800
 1733              	.LASF26:
 1734 0110 705F6F6C 		.ascii	"p_older\000"
 1734      64657200 
 1735              	.LASF47:
 1736 0118 725F6374 		.ascii	"r_ctx\000"
 1736      7800
 1737              	.LASF40:
 1738 011e 54687265 		.ascii	"ThreadsQueue\000"
 1738      61647351 
 1738      75657565 
 1738      00
 1739              	.LASF50:
 1740 012b 725F6375 		.ascii	"r_current\000"
 1740      7272656E 
 1740      7400
 1741              	.LASF49:
 1742 0135 725F6F6C 		.ascii	"r_older\000"
 1742      64657200 
 1743              	.LASF14:
 1744 013d 74726566 		.ascii	"trefs_t\000"
 1744      735F7400 
 1745              	.LASF22:
 1746 0145 705F7072 		.ascii	"p_prev\000"
 1746      657600
 1747              	.LASF16:
 1748 014c 74707269 		.ascii	"tprio_t\000"
 1748      6F5F7400 
 1749              	.LASF6:
 1750 0154 696E7433 		.ascii	"int32_t\000"
 1750      325F7400 
 1751              	.LASF2:
 1752 015c 756E7369 		.ascii	"unsigned char\000"
 1752      676E6564 
 1752      20636861 
 1752      7200
 1753              	.LASF37:
ARM GAS  /var/folders/5n/p_75w94d66l9ssrldxqdhh700000gn/T//cc0TvDld.s 			page 33


 1754 016a 705F6D74 		.ascii	"p_mtxlist\000"
 1754      786C6973 
 1754      7400
 1755              	.LASF3:
 1756 0174 73686F72 		.ascii	"short int\000"
 1756      7420696E 
 1756      7400
 1757              	.LASF28:
 1758 017e 705F7374 		.ascii	"p_state\000"
 1758      61746500 
 1759              	.LASF31:
 1760 0186 705F7072 		.ascii	"p_preempt\000"
 1760      65656D70 
 1760      7400
 1761              	.LASF46:
 1762 0190 725F7072 		.ascii	"r_prio\000"
 1762      696F00
 1763              	.LASF59:
 1764 0197 65776D61 		.ascii	"ewmask\000"
 1764      736B00
 1765              	.LASF21:
 1766 019e 705F6E65 		.ascii	"p_next\000"
 1766      787400
 1767              	.LASF29:
 1768 01a5 705F666C 		.ascii	"p_flags\000"
 1768      61677300 
 1769              	.LASF20:
 1770 01ad 54687265 		.ascii	"Thread\000"
 1770      616400
 1771              	.LASF69:
 1772 01b4 63684D73 		.ascii	"chMsgRelease\000"
 1772      6752656C 
 1772      65617365 
 1772      00
 1773              	.LASF36:
 1774 01c1 705F6570 		.ascii	"p_epending\000"
 1774      656E6469 
 1774      6E6700
 1775              	.LASF8:
 1776 01cc 75696E74 		.ascii	"uint32_t\000"
 1776      33325F74 
 1776      00
 1777              	.LASF45:
 1778 01d5 725F7175 		.ascii	"r_queue\000"
 1778      65756500 
 1779              	.LASF60:
 1780 01dd 63686172 		.ascii	"char\000"
 1780      00
 1781              	.LASF68:
 1782 01e2 6669666F 		.ascii	"fifo_remove\000"
 1782      5F72656D 
 1782      6F766500 
 1783              	.LASF55:
 1784 01ee 6D5F6E65 		.ascii	"m_next\000"
 1784      787400
 1785              	.LASF19:
 1786 01f5 73797374 		.ascii	"systime_t\000"
ARM GAS  /var/folders/5n/p_75w94d66l9ssrldxqdhh700000gn/T//cc0TvDld.s 			page 34


 1786      696D655F 
 1786      7400
 1787              	.LASF38:
 1788 01ff 705F7265 		.ascii	"p_realprio\000"
 1788      616C7072 
 1788      696F00
 1789              	.LASF32:
 1790 020a 705F7469 		.ascii	"p_time\000"
 1790      6D6500
 1791              	.LASF64:
 1792 0211 474E5520 		.ascii	"GNU C 4.6.2 20111004 (prerelease)\000"
 1792      4320342E 
 1792      362E3220 
 1792      32303131 
 1792      31303034 
 1793              	.LASF43:
 1794 0233 696E7463 		.ascii	"intctx\000"
 1794      747800
 1795              	.LASF34:
 1796 023a 705F6D73 		.ascii	"p_msgqueue\000"
 1796      67717565 
 1796      756500
 1797              	.LASF62:
 1798 0245 63684D73 		.ascii	"chMsgWait\000"
 1798      67576169 
 1798      7400
 1799              	.LASF30:
 1800 024f 705F7265 		.ascii	"p_refs\000"
 1800      667300
 1801              	.LASF51:
 1802 0256 52656164 		.ascii	"ReadyList\000"
 1802      794C6973 
 1802      7400
 1803              	.LASF63:
 1804 0260 726C6973 		.ascii	"rlist\000"
 1804      7400
 1805              	.LASF5:
 1806 0266 75696E74 		.ascii	"uint8_t\000"
 1806      385F7400 
 1807              	.LASF58:
 1808 026e 77746F62 		.ascii	"wtobjp\000"
 1808      6A7000
 1809              	.LASF27:
 1810 0275 705F6E61 		.ascii	"p_name\000"
 1810      6D6500
 1811              	.LASF66:
 1812 027c 2F557365 		.ascii	"/Users/sin/Documents/Eclipse/Workspace/mabl-ChibiOS"
 1812      72732F73 
 1812      696E2F44 
 1812      6F63756D 
 1812      656E7473 
 1813 02af 2D322E35 		.ascii	"-2.5.1/demos/ARMCM4-STM32F407-LWIP\000"
 1813      2E312F64 
 1813      656D6F73 
 1813      2F41524D 
 1813      434D342D 
 1814              	.LASF65:
ARM GAS  /var/folders/5n/p_75w94d66l9ssrldxqdhh700000gn/T//cc0TvDld.s 			page 35


 1815 02d2 2E2E2F2E 		.ascii	"../../os/kernel/src/chmsg.c\000"
 1815      2E2F6F73 
 1815      2F6B6572 
 1815      6E656C2F 
 1815      7372632F 
 1816              	.LASF54:
 1817 02ee 6D5F6F77 		.ascii	"m_owner\000"
 1817      6E657200 
 1818              	.LASF24:
 1819 02f6 705F6374 		.ascii	"p_ctx\000"
 1819      7800
 1820              	.LASF33:
 1821 02fc 705F7761 		.ascii	"p_waiting\000"
 1821      6974696E 
 1821      6700
 1822              		.ident	"GCC: (Linaro GCC 4.6-2011.10) 4.6.2 20111004 (prerelease)"
ARM GAS  /var/folders/5n/p_75w94d66l9ssrldxqdhh700000gn/T//cc0TvDld.s 			page 36


DEFINED SYMBOLS
                            *ABS*:0000000000000000 chmsg.c
/var/folders/5n/p_75w94d66l9ssrldxqdhh700000gn/T//cc0TvDld.s:18     .text.chMsgSend:0000000000000000 $t
/var/folders/5n/p_75w94d66l9ssrldxqdhh700000gn/T//cc0TvDld.s:24     .text.chMsgSend:0000000000000000 chMsgSend
/var/folders/5n/p_75w94d66l9ssrldxqdhh700000gn/T//cc0TvDld.s:113    .text.chMsgSend:000000000000003c $d
/var/folders/5n/p_75w94d66l9ssrldxqdhh700000gn/T//cc0TvDld.s:118    .text.chMsgWait:0000000000000000 $t
/var/folders/5n/p_75w94d66l9ssrldxqdhh700000gn/T//cc0TvDld.s:124    .text.chMsgWait:0000000000000000 chMsgWait
/var/folders/5n/p_75w94d66l9ssrldxqdhh700000gn/T//cc0TvDld.s:190    .text.chMsgWait:0000000000000038 $d
/var/folders/5n/p_75w94d66l9ssrldxqdhh700000gn/T//cc0TvDld.s:195    .text.chMsgRelease:0000000000000000 $t
/var/folders/5n/p_75w94d66l9ssrldxqdhh700000gn/T//cc0TvDld.s:201    .text.chMsgRelease:0000000000000000 chMsgRelease
                     .debug_frame:0000000000000010 $d
/var/folders/5n/p_75w94d66l9ssrldxqdhh700000gn/T//cc0TvDld.s:194    .text.chMsgWait:000000000000003c $t

UNDEFINED SYMBOLS
chSchGoSleepS
chSchReadyI
rlist
chSchWakeupS
