ARM GAS  /var/folders/5n/p_75w94d66l9ssrldxqdhh700000gn/T//ccW1YrWC.s 			page 1


   1              		.syntax unified
   2              		.cpu cortex-m4
   3              		.fpu softvfp
   4              		.eabi_attribute 20, 1
   5              		.eabi_attribute 21, 1
   6              		.eabi_attribute 23, 3
   7              		.eabi_attribute 24, 1
   8              		.eabi_attribute 25, 1
   9              		.eabi_attribute 26, 1
  10              		.eabi_attribute 30, 2
  11              		.eabi_attribute 18, 4
  12              		.thumb
  13              		.file	"chregistry.c"
  14              		.text
  15              	.Ltext0:
  16              		.cfi_sections	.debug_frame
  17              		.section	.text.chRegFirstThread,"ax",%progbits
  18              		.align	2
  19              		.p2align 4,,15
  20              		.global	chRegFirstThread
  21              		.thumb
  22              		.thumb_func
  23              		.type	chRegFirstThread, %function
  24              	chRegFirstThread:
  25              	.LFB7:
  26              		.file 1 "../../os/kernel/src/chregistry.c"
  27              		.loc 1 110 0
  28              		.cfi_startproc
  29              		@ args = 0, pretend = 0, frame = 0
  30              		@ frame_needed = 0, uses_anonymous_args = 0
  31              		@ link register save eliminated.
  32              	.LBB2:
  33              		.loc 1 113 0
  34 0000 2023     		movs	r3, #32
  35              	.LVL0:
  36              	@ 113 "../../os/kernel/src/chregistry.c" 1
  37 0002 83F31188 		msr     BASEPRI, r3
  38              	@ 0 "" 2
  39              	.LVL1:
  40              		.thumb
  41              	.LBE2:
  42              		.loc 1 114 0
  43 0006 40F20002 		movw	r2, #:lower16:rlist
  44 000a C0F20002 		movt	r2, #:upper16:rlist
  45              	.LBB3:
  46              		.loc 1 118 0
  47 000e 0023     		movs	r3, #0
  48              	.LVL2:
  49              	.LBE3:
  50              		.loc 1 114 0
  51 0010 1069     		ldr	r0, [r2, #16]
  52              	.LVL3:
  53              		.loc 1 116 0
  54 0012 827F     		ldrb	r2, [r0, #30]	@ zero_extendqisi2
  55              	.LVL4:
  56 0014 0132     		adds	r2, r2, #1
  57 0016 8277     		strb	r2, [r0, #30]
ARM GAS  /var/folders/5n/p_75w94d66l9ssrldxqdhh700000gn/T//ccW1YrWC.s 			page 2


  58              	.LBB4:
  59              		.loc 1 118 0
  60              	@ 118 "../../os/kernel/src/chregistry.c" 1
  61 0018 83F31188 		msr     BASEPRI, r3
  62              	@ 0 "" 2
  63              	.LVL5:
  64              		.thumb
  65              	.LBE4:
  66              		.loc 1 120 0
  67 001c 7047     		bx	lr
  68              		.cfi_endproc
  69              	.LFE7:
  70              		.size	chRegFirstThread, .-chRegFirstThread
  71 001e 00BF     		.section	.text.chRegNextThread,"ax",%progbits
  72              		.align	2
  73              		.p2align 4,,15
  74              		.global	chRegNextThread
  75              		.thumb
  76              		.thumb_func
  77              		.type	chRegNextThread, %function
  78              	chRegNextThread:
  79              	.LFB8:
  80              		.loc 1 133 0
  81              		.cfi_startproc
  82              		@ args = 0, pretend = 0, frame = 0
  83              		@ frame_needed = 0, uses_anonymous_args = 0
  84              	.LVL6:
  85 0000 10B5     		push	{r4, lr}
  86              	.LCFI0:
  87              		.cfi_def_cfa_offset 8
  88              		.cfi_offset 14, -4
  89              		.cfi_offset 4, -8
  90              	.LBB5:
  91              		.loc 1 136 0
  92 0002 2023     		movs	r3, #32
  93              	.LVL7:
  94              	@ 136 "../../os/kernel/src/chregistry.c" 1
  95 0004 83F31188 		msr     BASEPRI, r3
  96              	@ 0 "" 2
  97              	.LVL8:
  98              		.thumb
  99              	.LBE5:
 100              		.loc 1 138 0
 101 0008 074B     		ldr	r3, .L6
 102              	.LVL9:
 103              		.loc 1 137 0
 104 000a 0469     		ldr	r4, [r0, #16]
 105              	.LVL10:
 106              		.loc 1 138 0
 107 000c 9C42     		cmp	r4, r3
 108 000e 09D0     		beq	.L4
 109              	.LVL11:
 110              		.loc 1 144 0
 111 0010 A37F     		ldrb	r3, [r4, #30]	@ zero_extendqisi2
 112 0012 0133     		adds	r3, r3, #1
 113 0014 A377     		strb	r3, [r4, #30]
 114              	.LVL12:
ARM GAS  /var/folders/5n/p_75w94d66l9ssrldxqdhh700000gn/T//ccW1YrWC.s 			page 3


 115              	.L3:
 116              	.LBB6:
 117              		.loc 1 147 0
 118 0016 0023     		movs	r3, #0
 119              	.LVL13:
 120              	@ 147 "../../os/kernel/src/chregistry.c" 1
 121 0018 83F31188 		msr     BASEPRI, r3
 122              	@ 0 "" 2
 123              	.LVL14:
 124              		.thumb
 125              	.LBE6:
 126              		.loc 1 149 0
 127 001c FFF7FEFF 		bl	chThdRelease
 128              	.LVL15:
 129              		.loc 1 152 0
 130 0020 2046     		mov	r0, r4
 131 0022 10BD     		pop	{r4, pc}
 132              	.LVL16:
 133              	.L4:
 134              		.loc 1 139 0
 135 0024 0024     		movs	r4, #0
 136              	.LVL17:
 137 0026 F6E7     		b	.L3
 138              	.L7:
 139              		.align	2
 140              	.L6:
 141 0028 00000000 		.word	rlist
 142              		.cfi_endproc
 143              	.LFE8:
 144              		.size	chRegNextThread, .-chRegNextThread
 145              		.global	ch_debug
 146 002c AFF30080 		.section	.rodata.ch_debug,"a",%progbits
 147              		.align	2
 148              		.type	ch_debug, %object
 149              		.size	ch_debug, 22
 150              	ch_debug:
 151 0000 6D61696E 		.ascii	"main"
 152 0004 00       		.byte	0
 153 0005 16       		.byte	22
 154 0006 4111     		.short	4417
 155 0008 04       		.byte	4
 156 0009 04       		.byte	4
 157 000a 48       		.byte	72
 158 000b 08       		.byte	8
 159 000c 0C       		.byte	12
 160 000d 10       		.byte	16
 161 000e 14       		.byte	20
 162 000f 18       		.byte	24
 163 0010 00       		.byte	0
 164 0011 1C       		.byte	28
 165 0012 1D       		.byte	29
 166 0013 1E       		.byte	30
 167 0014 1F       		.byte	31
 168 0015 20       		.byte	32
 169 0016 0000     		.text
 170              	.Letext0:
 171              		.file 2 "/usr/local/summon/lib/gcc/arm-none-eabi/4.6.2/include/stddef.h"
ARM GAS  /var/folders/5n/p_75w94d66l9ssrldxqdhh700000gn/T//ccW1YrWC.s 			page 4


 172              		.file 3 "/usr/local/summon/lib/gcc/arm-none-eabi/4.6.2/../../../../arm-none-eabi/include/stdint.h"
 173              		.file 4 "../../os/ports/GCC/ARMCMx/chtypes.h"
 174              		.file 5 "../../os/kernel/include/chlists.h"
 175              		.file 6 "../../os/kernel/include/chthreads.h"
 176              		.file 7 "../../os/ports/GCC/ARMCMx/chcore_v7m.h"
 177              		.file 8 "../../os/kernel/include/chschd.h"
 178              		.file 9 "../../os/kernel/include/chmtx.h"
 179              		.file 10 "../../os/kernel/include/chregistry.h"
 180              		.section	.debug_info,"",%progbits
 181              	.Ldebug_info0:
 182 0000 62060000 		.4byte	0x662
 183 0004 0200     		.2byte	0x2
 184 0006 00000000 		.4byte	.Ldebug_abbrev0
 185 000a 04       		.byte	0x4
 186 000b 01       		.uleb128 0x1
 187 000c EB020000 		.4byte	.LASF86
 188 0010 01       		.byte	0x1
 189 0011 1F030000 		.4byte	.LASF87
 190 0015 78030000 		.4byte	.LASF88
 191 0019 00000000 		.4byte	0
 192 001d 00000000 		.4byte	0
 193 0021 18000000 		.4byte	.Ldebug_ranges0+0x18
 194 0025 00000000 		.4byte	.Ldebug_line0
 195 0029 02       		.uleb128 0x2
 196 002a 04       		.byte	0x4
 197 002b 05       		.byte	0x5
 198 002c 696E7400 		.ascii	"int\000"
 199 0030 03       		.uleb128 0x3
 200 0031 13000000 		.4byte	.LASF2
 201 0035 02       		.byte	0x2
 202 0036 D4       		.byte	0xd4
 203 0037 3B000000 		.4byte	0x3b
 204 003b 04       		.uleb128 0x4
 205 003c 04       		.byte	0x4
 206 003d 07       		.byte	0x7
 207 003e 03010000 		.4byte	.LASF0
 208 0042 04       		.uleb128 0x4
 209 0043 01       		.byte	0x1
 210 0044 06       		.byte	0x6
 211 0045 82000000 		.4byte	.LASF1
 212 0049 03       		.uleb128 0x3
 213 004a 62030000 		.4byte	.LASF3
 214 004e 03       		.byte	0x3
 215 004f 2A       		.byte	0x2a
 216 0050 54000000 		.4byte	0x54
 217 0054 04       		.uleb128 0x4
 218 0055 01       		.byte	0x1
 219 0056 08       		.byte	0x8
 220 0057 0B020000 		.4byte	.LASF4
 221 005b 04       		.uleb128 0x4
 222 005c 02       		.byte	0x2
 223 005d 05       		.byte	0x5
 224 005e 23020000 		.4byte	.LASF5
 225 0062 03       		.uleb128 0x3
 226 0063 D7000000 		.4byte	.LASF6
 227 0067 03       		.byte	0x3
 228 0068 36       		.byte	0x36
ARM GAS  /var/folders/5n/p_75w94d66l9ssrldxqdhh700000gn/T//ccW1YrWC.s 			page 5


 229 0069 6D000000 		.4byte	0x6d
 230 006d 04       		.uleb128 0x4
 231 006e 02       		.byte	0x2
 232 006f 07       		.byte	0x7
 233 0070 41010000 		.4byte	.LASF7
 234 0074 03       		.uleb128 0x3
 235 0075 03020000 		.4byte	.LASF8
 236 0079 03       		.byte	0x3
 237 007a 4F       		.byte	0x4f
 238 007b 7F000000 		.4byte	0x7f
 239 007f 04       		.uleb128 0x4
 240 0080 04       		.byte	0x4
 241 0081 05       		.byte	0x5
 242 0082 C5000000 		.4byte	.LASF9
 243 0086 03       		.uleb128 0x3
 244 0087 96020000 		.4byte	.LASF10
 245 008b 03       		.byte	0x3
 246 008c 50       		.byte	0x50
 247 008d 91000000 		.4byte	0x91
 248 0091 04       		.uleb128 0x4
 249 0092 04       		.byte	0x4
 250 0093 07       		.byte	0x7
 251 0094 10010000 		.4byte	.LASF11
 252 0098 04       		.uleb128 0x4
 253 0099 08       		.byte	0x8
 254 009a 05       		.byte	0x5
 255 009b 74000000 		.4byte	.LASF12
 256 009f 04       		.uleb128 0x4
 257 00a0 08       		.byte	0x8
 258 00a1 07       		.byte	0x7
 259 00a2 21000000 		.4byte	.LASF13
 260 00a6 03       		.uleb128 0x3
 261 00a7 5A010000 		.4byte	.LASF14
 262 00ab 04       		.byte	0x4
 263 00ac 28       		.byte	0x28
 264 00ad 49000000 		.4byte	0x49
 265 00b1 03       		.uleb128 0x3
 266 00b2 CE000000 		.4byte	.LASF15
 267 00b6 04       		.byte	0x4
 268 00b7 29       		.byte	0x29
 269 00b8 49000000 		.4byte	0x49
 270 00bc 03       		.uleb128 0x3
 271 00bd E1010000 		.4byte	.LASF16
 272 00c1 04       		.byte	0x4
 273 00c2 2A       		.byte	0x2a
 274 00c3 49000000 		.4byte	0x49
 275 00c7 03       		.uleb128 0x3
 276 00c8 BB000000 		.4byte	.LASF17
 277 00cc 04       		.byte	0x4
 278 00cd 2B       		.byte	0x2b
 279 00ce 49000000 		.4byte	0x49
 280 00d2 03       		.uleb128 0x3
 281 00d3 FB010000 		.4byte	.LASF18
 282 00d7 04       		.byte	0x4
 283 00d8 2C       		.byte	0x2c
 284 00d9 86000000 		.4byte	0x86
 285 00dd 03       		.uleb128 0x3
ARM GAS  /var/folders/5n/p_75w94d66l9ssrldxqdhh700000gn/T//ccW1YrWC.s 			page 6


 286 00de 54010000 		.4byte	.LASF19
 287 00e2 04       		.byte	0x4
 288 00e3 2D       		.byte	0x2d
 289 00e4 74000000 		.4byte	0x74
 290 00e8 03       		.uleb128 0x3
 291 00e9 6E010000 		.4byte	.LASF20
 292 00ed 04       		.byte	0x4
 293 00ee 2F       		.byte	0x2f
 294 00ef 86000000 		.4byte	0x86
 295 00f3 03       		.uleb128 0x3
 296 00f4 CF020000 		.4byte	.LASF21
 297 00f8 04       		.byte	0x4
 298 00f9 31       		.byte	0x31
 299 00fa 86000000 		.4byte	0x86
 300 00fe 03       		.uleb128 0x3
 301 00ff 77020000 		.4byte	.LASF22
 302 0103 05       		.byte	0x5
 303 0104 23       		.byte	0x23
 304 0105 09010000 		.4byte	0x109
 305 0109 05       		.uleb128 0x5
 306 010a 77020000 		.4byte	.LASF22
 307 010e 48       		.byte	0x48
 308 010f 06       		.byte	0x6
 309 0110 57       		.byte	0x57
 310 0111 2E020000 		.4byte	0x22e
 311 0115 06       		.uleb128 0x6
 312 0116 59020000 		.4byte	.LASF23
 313 011a 06       		.byte	0x6
 314 011b 58       		.byte	0x58
 315 011c 53020000 		.4byte	0x253
 316 0120 02       		.byte	0x2
 317 0121 23       		.byte	0x23
 318 0122 00       		.uleb128 0
 319 0123 06       		.uleb128 0x6
 320 0124 F4010000 		.4byte	.LASF24
 321 0128 06       		.byte	0x6
 322 0129 5A       		.byte	0x5a
 323 012a 53020000 		.4byte	0x253
 324 012e 02       		.byte	0x2
 325 012f 23       		.byte	0x23
 326 0130 04       		.uleb128 0x4
 327 0131 06       		.uleb128 0x6
 328 0132 60000000 		.4byte	.LASF25
 329 0136 06       		.byte	0x6
 330 0137 5C       		.byte	0x5c
 331 0138 D2000000 		.4byte	0xd2
 332 013c 02       		.byte	0x2
 333 013d 23       		.byte	0x23
 334 013e 08       		.uleb128 0x8
 335 013f 06       		.uleb128 0x6
 336 0140 E1030000 		.4byte	.LASF26
 337 0144 06       		.byte	0x6
 338 0145 5D       		.byte	0x5d
 339 0146 21030000 		.4byte	0x321
 340 014a 02       		.byte	0x2
 341 014b 23       		.byte	0x23
 342 014c 0C       		.uleb128 0xc
ARM GAS  /var/folders/5n/p_75w94d66l9ssrldxqdhh700000gn/T//ccW1YrWC.s 			page 7


 343 014d 06       		.uleb128 0x6
 344 014e EA000000 		.4byte	.LASF27
 345 0152 06       		.byte	0x6
 346 0153 5F       		.byte	0x5f
 347 0154 53020000 		.4byte	0x253
 348 0158 02       		.byte	0x2
 349 0159 23       		.byte	0x23
 350 015a 10       		.uleb128 0x10
 351 015b 06       		.uleb128 0x6
 352 015c AC010000 		.4byte	.LASF28
 353 0160 06       		.byte	0x6
 354 0161 60       		.byte	0x60
 355 0162 53020000 		.4byte	0x253
 356 0166 02       		.byte	0x2
 357 0167 23       		.byte	0x23
 358 0168 14       		.uleb128 0x14
 359 0169 06       		.uleb128 0x6
 360 016a 71030000 		.4byte	.LASF29
 361 016e 06       		.byte	0x6
 362 016f 67       		.byte	0x67
 363 0170 2E040000 		.4byte	0x42e
 364 0174 02       		.byte	0x2
 365 0175 23       		.byte	0x23
 366 0176 18       		.uleb128 0x18
 367 0177 06       		.uleb128 0x6
 368 0178 2D020000 		.4byte	.LASF30
 369 017c 06       		.byte	0x6
 370 017d 72       		.byte	0x72
 371 017e B1000000 		.4byte	0xb1
 372 0182 02       		.byte	0x2
 373 0183 23       		.byte	0x23
 374 0184 1C       		.uleb128 0x1c
 375 0185 06       		.uleb128 0x6
 376 0186 6F020000 		.4byte	.LASF31
 377 018a 06       		.byte	0x6
 378 018b 76       		.byte	0x76
 379 018c A6000000 		.4byte	0xa6
 380 0190 02       		.byte	0x2
 381 0191 23       		.byte	0x23
 382 0192 1D       		.uleb128 0x1d
 383 0193 06       		.uleb128 0x6
 384 0194 4B030000 		.4byte	.LASF32
 385 0198 06       		.byte	0x6
 386 0199 7B       		.byte	0x7b
 387 019a BC000000 		.4byte	0xbc
 388 019e 02       		.byte	0x2
 389 019f 23       		.byte	0x23
 390 01a0 1E       		.uleb128 0x1e
 391 01a1 06       		.uleb128 0x6
 392 01a2 35020000 		.4byte	.LASF33
 393 01a6 06       		.byte	0x6
 394 01a7 81       		.byte	0x81
 395 01a8 C7000000 		.4byte	0xc7
 396 01ac 02       		.byte	0x2
 397 01ad 23       		.byte	0x23
 398 01ae 1F       		.uleb128 0x1f
 399 01af 06       		.uleb128 0x6
ARM GAS  /var/folders/5n/p_75w94d66l9ssrldxqdhh700000gn/T//ccW1YrWC.s 			page 8


 400 01b0 E4020000 		.4byte	.LASF34
 401 01b4 06       		.byte	0x6
 402 01b5 88       		.byte	0x88
 403 01b6 44030000 		.4byte	0x344
 404 01ba 02       		.byte	0x2
 405 01bb 23       		.byte	0x23
 406 01bc 20       		.uleb128 0x20
 407 01bd 07       		.uleb128 0x7
 408 01be 705F7500 		.ascii	"p_u\000"
 409 01c2 06       		.byte	0x6
 410 01c3 AD       		.byte	0xad
 411 01c4 F9030000 		.4byte	0x3f9
 412 01c8 02       		.byte	0x2
 413 01c9 23       		.byte	0x23
 414 01ca 24       		.uleb128 0x24
 415 01cb 06       		.uleb128 0x6
 416 01cc E7030000 		.4byte	.LASF35
 417 01d0 06       		.byte	0x6
 418 01d1 B2       		.byte	0xb2
 419 01d2 7B020000 		.4byte	0x27b
 420 01d6 02       		.byte	0x2
 421 01d7 23       		.byte	0x23
 422 01d8 28       		.uleb128 0x28
 423 01d9 06       		.uleb128 0x6
 424 01da 14030000 		.4byte	.LASF36
 425 01de 06       		.byte	0x6
 426 01df B8       		.byte	0xb8
 427 01e0 59020000 		.4byte	0x259
 428 01e4 02       		.byte	0x2
 429 01e5 23       		.byte	0x23
 430 01e6 2C       		.uleb128 0x2c
 431 01e7 06       		.uleb128 0x6
 432 01e8 0D000000 		.4byte	.LASF37
 433 01ec 06       		.byte	0x6
 434 01ed BC       		.byte	0xbc
 435 01ee DD000000 		.4byte	0xdd
 436 01f2 02       		.byte	0x2
 437 01f3 23       		.byte	0x23
 438 01f4 34       		.uleb128 0x34
 439 01f5 06       		.uleb128 0x6
 440 01f6 8B020000 		.4byte	.LASF38
 441 01fa 06       		.byte	0x6
 442 01fb C2       		.byte	0xc2
 443 01fc E8000000 		.4byte	0xe8
 444 0200 02       		.byte	0x2
 445 0201 23       		.byte	0x23
 446 0202 38       		.uleb128 0x38
 447 0203 06       		.uleb128 0x6
 448 0204 19020000 		.4byte	.LASF39
 449 0208 06       		.byte	0x6
 450 0209 C9       		.byte	0xc9
 451 020a 40040000 		.4byte	0x440
 452 020e 02       		.byte	0x2
 453 020f 23       		.byte	0x23
 454 0210 3C       		.uleb128 0x3c
 455 0211 06       		.uleb128 0x6
 456 0212 D9020000 		.4byte	.LASF40
ARM GAS  /var/folders/5n/p_75w94d66l9ssrldxqdhh700000gn/T//ccW1YrWC.s 			page 9


 457 0216 06       		.byte	0x6
 458 0217 CD       		.byte	0xcd
 459 0218 D2000000 		.4byte	0xd2
 460 021c 02       		.byte	0x2
 461 021d 23       		.byte	0x23
 462 021e 40       		.uleb128 0x40
 463 021f 06       		.uleb128 0x6
 464 0220 AB000000 		.4byte	.LASF41
 465 0224 06       		.byte	0x6
 466 0225 D3       		.byte	0xd3
 467 0226 91020000 		.4byte	0x291
 468 022a 02       		.byte	0x2
 469 022b 23       		.byte	0x23
 470 022c 44       		.uleb128 0x44
 471 022d 00       		.byte	0
 472 022e 08       		.uleb128 0x8
 473 022f 08       		.byte	0x8
 474 0230 05       		.byte	0x5
 475 0231 5A       		.byte	0x5a
 476 0232 53020000 		.4byte	0x253
 477 0236 06       		.uleb128 0x6
 478 0237 59020000 		.4byte	.LASF23
 479 023b 05       		.byte	0x5
 480 023c 5B       		.byte	0x5b
 481 023d 53020000 		.4byte	0x253
 482 0241 02       		.byte	0x2
 483 0242 23       		.byte	0x23
 484 0243 00       		.uleb128 0
 485 0244 06       		.uleb128 0x6
 486 0245 F4010000 		.4byte	.LASF24
 487 0249 05       		.byte	0x5
 488 024a 5D       		.byte	0x5d
 489 024b 53020000 		.4byte	0x253
 490 024f 02       		.byte	0x2
 491 0250 23       		.byte	0x23
 492 0251 04       		.uleb128 0x4
 493 0252 00       		.byte	0
 494 0253 09       		.uleb128 0x9
 495 0254 04       		.byte	0x4
 496 0255 FE000000 		.4byte	0xfe
 497 0259 03       		.uleb128 0x3
 498 025a BA010000 		.4byte	.LASF42
 499 025e 05       		.byte	0x5
 500 025f 5F       		.byte	0x5f
 501 0260 2E020000 		.4byte	0x22e
 502 0264 08       		.uleb128 0x8
 503 0265 04       		.byte	0x4
 504 0266 05       		.byte	0x5
 505 0267 64       		.byte	0x64
 506 0268 7B020000 		.4byte	0x27b
 507 026c 06       		.uleb128 0x6
 508 026d 59020000 		.4byte	.LASF23
 509 0271 05       		.byte	0x5
 510 0272 66       		.byte	0x66
 511 0273 53020000 		.4byte	0x253
 512 0277 02       		.byte	0x2
 513 0278 23       		.byte	0x23
ARM GAS  /var/folders/5n/p_75w94d66l9ssrldxqdhh700000gn/T//ccW1YrWC.s 			page 10


 514 0279 00       		.uleb128 0
 515 027a 00       		.byte	0
 516 027b 03       		.uleb128 0x3
 517 027c 62010000 		.4byte	.LASF43
 518 0280 05       		.byte	0x5
 519 0281 69       		.byte	0x69
 520 0282 64020000 		.4byte	0x264
 521 0286 03       		.uleb128 0x3
 522 0287 FA000000 		.4byte	.LASF44
 523 028b 07       		.byte	0x7
 524 028c DE       		.byte	0xde
 525 028d 91020000 		.4byte	0x291
 526 0291 0A       		.uleb128 0xa
 527 0292 04       		.byte	0x4
 528 0293 0B       		.uleb128 0xb
 529 0294 0D030000 		.4byte	.LASF45
 530 0298 24       		.byte	0x24
 531 0299 07       		.byte	0x7
 532 029a 0501     		.2byte	0x105
 533 029c 21030000 		.4byte	0x321
 534 02a0 0C       		.uleb128 0xc
 535 02a1 723400   		.ascii	"r4\000"
 536 02a4 07       		.byte	0x7
 537 02a5 1801     		.2byte	0x118
 538 02a7 86020000 		.4byte	0x286
 539 02ab 02       		.byte	0x2
 540 02ac 23       		.byte	0x23
 541 02ad 00       		.uleb128 0
 542 02ae 0C       		.uleb128 0xc
 543 02af 723500   		.ascii	"r5\000"
 544 02b2 07       		.byte	0x7
 545 02b3 1901     		.2byte	0x119
 546 02b5 86020000 		.4byte	0x286
 547 02b9 02       		.byte	0x2
 548 02ba 23       		.byte	0x23
 549 02bb 04       		.uleb128 0x4
 550 02bc 0C       		.uleb128 0xc
 551 02bd 723600   		.ascii	"r6\000"
 552 02c0 07       		.byte	0x7
 553 02c1 1A01     		.2byte	0x11a
 554 02c3 86020000 		.4byte	0x286
 555 02c7 02       		.byte	0x2
 556 02c8 23       		.byte	0x23
 557 02c9 08       		.uleb128 0x8
 558 02ca 0C       		.uleb128 0xc
 559 02cb 723700   		.ascii	"r7\000"
 560 02ce 07       		.byte	0x7
 561 02cf 1B01     		.2byte	0x11b
 562 02d1 86020000 		.4byte	0x286
 563 02d5 02       		.byte	0x2
 564 02d6 23       		.byte	0x23
 565 02d7 0C       		.uleb128 0xc
 566 02d8 0C       		.uleb128 0xc
 567 02d9 723800   		.ascii	"r8\000"
 568 02dc 07       		.byte	0x7
 569 02dd 1C01     		.2byte	0x11c
 570 02df 86020000 		.4byte	0x286
ARM GAS  /var/folders/5n/p_75w94d66l9ssrldxqdhh700000gn/T//ccW1YrWC.s 			page 11


 571 02e3 02       		.byte	0x2
 572 02e4 23       		.byte	0x23
 573 02e5 10       		.uleb128 0x10
 574 02e6 0C       		.uleb128 0xc
 575 02e7 723900   		.ascii	"r9\000"
 576 02ea 07       		.byte	0x7
 577 02eb 1D01     		.2byte	0x11d
 578 02ed 86020000 		.4byte	0x286
 579 02f1 02       		.byte	0x2
 580 02f2 23       		.byte	0x23
 581 02f3 14       		.uleb128 0x14
 582 02f4 0C       		.uleb128 0xc
 583 02f5 72313000 		.ascii	"r10\000"
 584 02f9 07       		.byte	0x7
 585 02fa 1E01     		.2byte	0x11e
 586 02fc 86020000 		.4byte	0x286
 587 0300 02       		.byte	0x2
 588 0301 23       		.byte	0x23
 589 0302 18       		.uleb128 0x18
 590 0303 0C       		.uleb128 0xc
 591 0304 72313100 		.ascii	"r11\000"
 592 0308 07       		.byte	0x7
 593 0309 1F01     		.2byte	0x11f
 594 030b 86020000 		.4byte	0x286
 595 030f 02       		.byte	0x2
 596 0310 23       		.byte	0x23
 597 0311 1C       		.uleb128 0x1c
 598 0312 0C       		.uleb128 0xc
 599 0313 6C7200   		.ascii	"lr\000"
 600 0316 07       		.byte	0x7
 601 0317 2001     		.2byte	0x120
 602 0319 86020000 		.4byte	0x286
 603 031d 02       		.byte	0x2
 604 031e 23       		.byte	0x23
 605 031f 20       		.uleb128 0x20
 606 0320 00       		.byte	0
 607 0321 0B       		.uleb128 0xb
 608 0322 39010000 		.4byte	.LASF46
 609 0326 04       		.byte	0x4
 610 0327 07       		.byte	0x7
 611 0328 2A01     		.2byte	0x12a
 612 032a 3E030000 		.4byte	0x33e
 613 032e 0C       		.uleb128 0xc
 614 032f 72313300 		.ascii	"r13\000"
 615 0333 07       		.byte	0x7
 616 0334 2B01     		.2byte	0x12b
 617 0336 3E030000 		.4byte	0x33e
 618 033a 02       		.byte	0x2
 619 033b 23       		.byte	0x23
 620 033c 00       		.uleb128 0
 621 033d 00       		.byte	0
 622 033e 09       		.uleb128 0x9
 623 033f 04       		.byte	0x4
 624 0340 93020000 		.4byte	0x293
 625 0344 0D       		.uleb128 0xd
 626 0345 F3000000 		.4byte	0xf3
 627 0349 08       		.uleb128 0x8
ARM GAS  /var/folders/5n/p_75w94d66l9ssrldxqdhh700000gn/T//ccW1YrWC.s 			page 12


 628 034a 1C       		.byte	0x1c
 629 034b 08       		.byte	0x8
 630 034c 57       		.byte	0x57
 631 034d A6030000 		.4byte	0x3a6
 632 0351 06       		.uleb128 0x6
 633 0352 AB020000 		.4byte	.LASF47
 634 0356 08       		.byte	0x8
 635 0357 58       		.byte	0x58
 636 0358 59020000 		.4byte	0x259
 637 035c 02       		.byte	0x2
 638 035d 23       		.byte	0x23
 639 035e 00       		.uleb128 0
 640 035f 06       		.uleb128 0x6
 641 0360 4B020000 		.4byte	.LASF48
 642 0364 08       		.byte	0x8
 643 0365 59       		.byte	0x59
 644 0366 D2000000 		.4byte	0xd2
 645 036a 02       		.byte	0x2
 646 036b 23       		.byte	0x23
 647 036c 08       		.uleb128 0x8
 648 036d 06       		.uleb128 0x6
 649 036e B4010000 		.4byte	.LASF49
 650 0372 08       		.byte	0x8
 651 0373 5B       		.byte	0x5b
 652 0374 21030000 		.4byte	0x321
 653 0378 02       		.byte	0x2
 654 0379 23       		.byte	0x23
 655 037a 0C       		.uleb128 0xc
 656 037b 06       		.uleb128 0x6
 657 037c F2000000 		.4byte	.LASF50
 658 0380 08       		.byte	0x8
 659 0381 5E       		.byte	0x5e
 660 0382 53020000 		.4byte	0x253
 661 0386 02       		.byte	0x2
 662 0387 23       		.byte	0x23
 663 0388 10       		.uleb128 0x10
 664 0389 06       		.uleb128 0x6
 665 038a D9010000 		.4byte	.LASF51
 666 038e 08       		.byte	0x8
 667 038f 5F       		.byte	0x5f
 668 0390 53020000 		.4byte	0x253
 669 0394 02       		.byte	0x2
 670 0395 23       		.byte	0x23
 671 0396 14       		.uleb128 0x14
 672 0397 06       		.uleb128 0x6
 673 0398 CF010000 		.4byte	.LASF52
 674 039c 08       		.byte	0x8
 675 039d 62       		.byte	0x62
 676 039e 53020000 		.4byte	0x253
 677 03a2 02       		.byte	0x2
 678 03a3 23       		.byte	0x23
 679 03a4 18       		.uleb128 0x18
 680 03a5 00       		.byte	0
 681 03a6 03       		.uleb128 0x3
 682 03a7 52030000 		.4byte	.LASF53
 683 03ab 08       		.byte	0x8
 684 03ac 64       		.byte	0x64
ARM GAS  /var/folders/5n/p_75w94d66l9ssrldxqdhh700000gn/T//ccW1YrWC.s 			page 13


 685 03ad 49030000 		.4byte	0x349
 686 03b1 05       		.uleb128 0x5
 687 03b2 7A010000 		.4byte	.LASF54
 688 03b6 10       		.byte	0x10
 689 03b7 09       		.byte	0x9
 690 03b8 25       		.byte	0x25
 691 03b9 E8030000 		.4byte	0x3e8
 692 03bd 06       		.uleb128 0x6
 693 03be B3000000 		.4byte	.LASF55
 694 03c2 09       		.byte	0x9
 695 03c3 26       		.byte	0x26
 696 03c4 59020000 		.4byte	0x259
 697 03c8 02       		.byte	0x2
 698 03c9 23       		.byte	0x23
 699 03ca 00       		.uleb128 0
 700 03cb 06       		.uleb128 0x6
 701 03cc D9030000 		.4byte	.LASF56
 702 03d0 09       		.byte	0x9
 703 03d1 28       		.byte	0x28
 704 03d2 53020000 		.4byte	0x253
 705 03d6 02       		.byte	0x2
 706 03d7 23       		.byte	0x23
 707 03d8 08       		.uleb128 0x8
 708 03d9 06       		.uleb128 0x6
 709 03da C8020000 		.4byte	.LASF57
 710 03de 09       		.byte	0x9
 711 03df 2A       		.byte	0x2a
 712 03e0 E8030000 		.4byte	0x3e8
 713 03e4 02       		.byte	0x2
 714 03e5 23       		.byte	0x23
 715 03e6 0C       		.uleb128 0xc
 716 03e7 00       		.byte	0
 717 03e8 09       		.uleb128 0x9
 718 03e9 04       		.byte	0x4
 719 03ea B1030000 		.4byte	0x3b1
 720 03ee 03       		.uleb128 0x3
 721 03ef 7A010000 		.4byte	.LASF54
 722 03f3 09       		.byte	0x9
 723 03f4 2C       		.byte	0x2c
 724 03f5 B1030000 		.4byte	0x3b1
 725 03f9 0E       		.uleb128 0xe
 726 03fa 04       		.byte	0x4
 727 03fb 06       		.byte	0x6
 728 03fc 8F       		.byte	0x8f
 729 03fd 2E040000 		.4byte	0x42e
 730 0401 0F       		.uleb128 0xf
 731 0402 1A000000 		.4byte	.LASF58
 732 0406 06       		.byte	0x6
 733 0407 96       		.byte	0x96
 734 0408 DD000000 		.4byte	0xdd
 735 040c 0F       		.uleb128 0xf
 736 040d 46000000 		.4byte	.LASF59
 737 0411 06       		.byte	0x6
 738 0412 9D       		.byte	0x9d
 739 0413 DD000000 		.4byte	0xdd
 740 0417 0F       		.uleb128 0xf
 741 0418 6A030000 		.4byte	.LASF60
ARM GAS  /var/folders/5n/p_75w94d66l9ssrldxqdhh700000gn/T//ccW1YrWC.s 			page 14


 742 041c 06       		.byte	0x6
 743 041d A4       		.byte	0xa4
 744 041e 91020000 		.4byte	0x291
 745 0422 0F       		.uleb128 0xf
 746 0423 52020000 		.4byte	.LASF61
 747 0427 06       		.byte	0x6
 748 0428 AB       		.byte	0xab
 749 0429 E8000000 		.4byte	0xe8
 750 042d 00       		.byte	0
 751 042e 09       		.uleb128 0x9
 752 042f 04       		.byte	0x4
 753 0430 34040000 		.4byte	0x434
 754 0434 10       		.uleb128 0x10
 755 0435 39040000 		.4byte	0x439
 756 0439 04       		.uleb128 0x4
 757 043a 01       		.byte	0x1
 758 043b 08       		.byte	0x8
 759 043c B3020000 		.4byte	.LASF62
 760 0440 09       		.uleb128 0x9
 761 0441 04       		.byte	0x4
 762 0442 EE030000 		.4byte	0x3ee
 763 0446 08       		.uleb128 0x8
 764 0447 16       		.byte	0x16
 765 0448 0A       		.byte	0xa
 766 0449 25       		.byte	0x25
 767 044a 4B050000 		.4byte	0x54b
 768 044e 06       		.uleb128 0x6
 769 044f 2B010000 		.4byte	.LASF63
 770 0453 0A       		.byte	0xa
 771 0454 26       		.byte	0x26
 772 0455 4B050000 		.4byte	0x54b
 773 0459 02       		.byte	0x2
 774 045a 23       		.byte	0x23
 775 045b 00       		.uleb128 0
 776 045c 06       		.uleb128 0x6
 777 045d 80010000 		.4byte	.LASF64
 778 0461 0A       		.byte	0xa
 779 0462 27       		.byte	0x27
 780 0463 49000000 		.4byte	0x49
 781 0467 02       		.byte	0x2
 782 0468 23       		.byte	0x23
 783 0469 04       		.uleb128 0x4
 784 046a 06       		.uleb128 0x6
 785 046b C7010000 		.4byte	.LASF65
 786 046f 0A       		.byte	0xa
 787 0470 28       		.byte	0x28
 788 0471 49000000 		.4byte	0x49
 789 0475 02       		.byte	0x2
 790 0476 23       		.byte	0x23
 791 0477 05       		.uleb128 0x5
 792 0478 06       		.uleb128 0x6
 793 0479 CE030000 		.4byte	.LASF66
 794 047d 0A       		.byte	0xa
 795 047e 29       		.byte	0x29
 796 047f 62000000 		.4byte	0x62
 797 0483 02       		.byte	0x2
 798 0484 23       		.byte	0x23
ARM GAS  /var/folders/5n/p_75w94d66l9ssrldxqdhh700000gn/T//ccW1YrWC.s 			page 15


 799 0485 06       		.uleb128 0x6
 800 0486 06       		.uleb128 0x6
 801 0487 E9010000 		.4byte	.LASF67
 802 048b 0A       		.byte	0xa
 803 048c 2A       		.byte	0x2a
 804 048d 49000000 		.4byte	0x49
 805 0491 02       		.byte	0x2
 806 0492 23       		.byte	0x23
 807 0493 08       		.uleb128 0x8
 808 0494 06       		.uleb128 0x6
 809 0495 94010000 		.4byte	.LASF68
 810 0499 0A       		.byte	0xa
 811 049a 2B       		.byte	0x2b
 812 049b 49000000 		.4byte	0x49
 813 049f 02       		.byte	0x2
 814 04a0 23       		.byte	0x23
 815 04a1 09       		.uleb128 0x9
 816 04a2 06       		.uleb128 0x6
 817 04a3 38000000 		.4byte	.LASF69
 818 04a7 0A       		.byte	0xa
 819 04a8 2C       		.byte	0x2c
 820 04a9 49000000 		.4byte	0x49
 821 04ad 02       		.byte	0x2
 822 04ae 23       		.byte	0x23
 823 04af 0A       		.uleb128 0xa
 824 04b0 06       		.uleb128 0x6
 825 04b1 9F020000 		.4byte	.LASF70
 826 04b5 0A       		.byte	0xa
 827 04b6 2D       		.byte	0x2d
 828 04b7 49000000 		.4byte	0x49
 829 04bb 02       		.byte	0x2
 830 04bc 23       		.byte	0x23
 831 04bd 0B       		.uleb128 0xb
 832 04be 06       		.uleb128 0x6
 833 04bf 40030000 		.4byte	.LASF71
 834 04c3 0A       		.byte	0xa
 835 04c4 2E       		.byte	0x2e
 836 04c5 49000000 		.4byte	0x49
 837 04c9 02       		.byte	0x2
 838 04ca 23       		.byte	0x23
 839 04cb 0C       		.uleb128 0xc
 840 04cc 06       		.uleb128 0x6
 841 04cd 7E020000 		.4byte	.LASF72
 842 04d1 0A       		.byte	0xa
 843 04d2 2F       		.byte	0x2f
 844 04d3 49000000 		.4byte	0x49
 845 04d7 02       		.byte	0x2
 846 04d8 23       		.byte	0x23
 847 04d9 0D       		.uleb128 0xd
 848 04da 06       		.uleb128 0x6
 849 04db 00000000 		.4byte	.LASF73
 850 04df 0A       		.byte	0xa
 851 04e0 30       		.byte	0x30
 852 04e1 49000000 		.4byte	0x49
 853 04e5 02       		.byte	0x2
 854 04e6 23       		.byte	0x23
 855 04e7 0E       		.uleb128 0xe
ARM GAS  /var/folders/5n/p_75w94d66l9ssrldxqdhh700000gn/T//ccW1YrWC.s 			page 16


 856 04e8 06       		.uleb128 0x6
 857 04e9 A0010000 		.4byte	.LASF74
 858 04ed 0A       		.byte	0xa
 859 04ee 31       		.byte	0x31
 860 04ef 49000000 		.4byte	0x49
 861 04f3 02       		.byte	0x2
 862 04f4 23       		.byte	0x23
 863 04f5 0F       		.uleb128 0xf
 864 04f6 06       		.uleb128 0x6
 865 04f7 8E000000 		.4byte	.LASF75
 866 04fb 0A       		.byte	0xa
 867 04fc 32       		.byte	0x32
 868 04fd 49000000 		.4byte	0x49
 869 0501 02       		.byte	0x2
 870 0502 23       		.byte	0x23
 871 0503 10       		.uleb128 0x10
 872 0504 06       		.uleb128 0x6
 873 0505 67000000 		.4byte	.LASF76
 874 0509 0A       		.byte	0xa
 875 050a 34       		.byte	0x34
 876 050b 49000000 		.4byte	0x49
 877 050f 02       		.byte	0x2
 878 0510 23       		.byte	0x23
 879 0511 11       		.uleb128 0x11
 880 0512 06       		.uleb128 0x6
 881 0513 9E000000 		.4byte	.LASF77
 882 0517 0A       		.byte	0xa
 883 0518 35       		.byte	0x35
 884 0519 49000000 		.4byte	0x49
 885 051d 02       		.byte	0x2
 886 051e 23       		.byte	0x23
 887 051f 12       		.uleb128 0x12
 888 0520 06       		.uleb128 0x6
 889 0521 88010000 		.4byte	.LASF78
 890 0525 0A       		.byte	0xa
 891 0526 36       		.byte	0x36
 892 0527 49000000 		.4byte	0x49
 893 052b 02       		.byte	0x2
 894 052c 23       		.byte	0x23
 895 052d 13       		.uleb128 0x13
 896 052e 06       		.uleb128 0x6
 897 052f 60020000 		.4byte	.LASF79
 898 0533 0A       		.byte	0xa
 899 0534 37       		.byte	0x37
 900 0535 49000000 		.4byte	0x49
 901 0539 02       		.byte	0x2
 902 053a 23       		.byte	0x23
 903 053b 14       		.uleb128 0x14
 904 053c 06       		.uleb128 0x6
 905 053d 3F020000 		.4byte	.LASF80
 906 0541 0A       		.byte	0xa
 907 0542 39       		.byte	0x39
 908 0543 49000000 		.4byte	0x49
 909 0547 02       		.byte	0x2
 910 0548 23       		.byte	0x23
 911 0549 15       		.uleb128 0x15
 912 054a 00       		.byte	0
ARM GAS  /var/folders/5n/p_75w94d66l9ssrldxqdhh700000gn/T//ccW1YrWC.s 			page 17


 913 054b 11       		.uleb128 0x11
 914 054c 39040000 		.4byte	0x439
 915 0550 5B050000 		.4byte	0x55b
 916 0554 12       		.uleb128 0x12
 917 0555 3B000000 		.4byte	0x3b
 918 0559 03       		.byte	0x3
 919 055a 00       		.byte	0
 920 055b 03       		.uleb128 0x3
 921 055c E0000000 		.4byte	.LASF81
 922 0560 0A       		.byte	0xa
 923 0561 3A       		.byte	0x3a
 924 0562 46040000 		.4byte	0x446
 925 0566 13       		.uleb128 0x13
 926 0567 01       		.byte	0x1
 927 0568 4F000000 		.4byte	.LASF82
 928 056c 01       		.byte	0x1
 929 056d 6E       		.byte	0x6e
 930 056e 01       		.byte	0x1
 931 056f 53020000 		.4byte	0x253
 932 0573 00000000 		.4byte	.LFB7
 933 0577 1E000000 		.4byte	.LFE7
 934 057b 02       		.byte	0x2
 935 057c 7D       		.byte	0x7d
 936 057d 00       		.sleb128 0
 937 057e C3050000 		.4byte	0x5c3
 938 0582 14       		.uleb128 0x14
 939 0583 747000   		.ascii	"tp\000"
 940 0586 01       		.byte	0x1
 941 0587 6F       		.byte	0x6f
 942 0588 53020000 		.4byte	0x253
 943 058c 00000000 		.4byte	.LLST0
 944 0590 15       		.uleb128 0x15
 945 0591 00000000 		.4byte	.LBB2
 946 0595 06000000 		.4byte	.LBE2
 947 0599 AD050000 		.4byte	0x5ad
 948 059d 14       		.uleb128 0x14
 949 059e 746D7000 		.ascii	"tmp\000"
 950 05a2 01       		.byte	0x1
 951 05a3 71       		.byte	0x71
 952 05a4 86000000 		.4byte	0x86
 953 05a8 14000000 		.4byte	.LLST1
 954 05ac 00       		.byte	0
 955 05ad 16       		.uleb128 0x16
 956 05ae 00000000 		.4byte	.Ldebug_ranges0+0
 957 05b2 14       		.uleb128 0x14
 958 05b3 746D7000 		.ascii	"tmp\000"
 959 05b7 01       		.byte	0x1
 960 05b8 76       		.byte	0x76
 961 05b9 86000000 		.4byte	0x86
 962 05bd 27000000 		.4byte	.LLST2
 963 05c1 00       		.byte	0
 964 05c2 00       		.byte	0
 965 05c3 17       		.uleb128 0x17
 966 05c4 01       		.byte	0x1
 967 05c5 B8020000 		.4byte	.LASF83
 968 05c9 01       		.byte	0x1
 969 05ca 85       		.byte	0x85
ARM GAS  /var/folders/5n/p_75w94d66l9ssrldxqdhh700000gn/T//ccW1YrWC.s 			page 18


 970 05cb 01       		.byte	0x1
 971 05cc 53020000 		.4byte	0x253
 972 05d0 00000000 		.4byte	.LFB8
 973 05d4 2C000000 		.4byte	.LFE8
 974 05d8 3A000000 		.4byte	.LLST3
 975 05dc 34060000 		.4byte	0x634
 976 05e0 18       		.uleb128 0x18
 977 05e1 747000   		.ascii	"tp\000"
 978 05e4 01       		.byte	0x1
 979 05e5 85       		.byte	0x85
 980 05e6 53020000 		.4byte	0x253
 981 05ea 5A000000 		.4byte	.LLST4
 982 05ee 14       		.uleb128 0x14
 983 05ef 6E747000 		.ascii	"ntp\000"
 984 05f3 01       		.byte	0x1
 985 05f4 86       		.byte	0x86
 986 05f5 53020000 		.4byte	0x253
 987 05f9 83000000 		.4byte	.LLST5
 988 05fd 15       		.uleb128 0x15
 989 05fe 02000000 		.4byte	.LBB5
 990 0602 08000000 		.4byte	.LBE5
 991 0606 1A060000 		.4byte	0x61a
 992 060a 14       		.uleb128 0x14
 993 060b 746D7000 		.ascii	"tmp\000"
 994 060f 01       		.byte	0x1
 995 0610 88       		.byte	0x88
 996 0611 86000000 		.4byte	0x86
 997 0615 AE000000 		.4byte	.LLST6
 998 0619 00       		.byte	0
 999 061a 19       		.uleb128 0x19
 1000 061b 16000000 		.4byte	.LBB6
 1001 061f 1C000000 		.4byte	.LBE6
 1002 0623 14       		.uleb128 0x14
 1003 0624 746D7000 		.ascii	"tmp\000"
 1004 0628 01       		.byte	0x1
 1005 0629 93       		.byte	0x93
 1006 062a 86000000 		.4byte	0x86
 1007 062e C1000000 		.4byte	.LLST7
 1008 0632 00       		.byte	0
 1009 0633 00       		.byte	0
 1010 0634 1A       		.uleb128 0x1a
 1011 0635 5C030000 		.4byte	.LASF84
 1012 0639 08       		.byte	0x8
 1013 063a 68       		.byte	0x68
 1014 063b A6030000 		.4byte	0x3a6
 1015 063f 01       		.byte	0x1
 1016 0640 01       		.byte	0x1
 1017 0641 1A       		.uleb128 0x1a
 1018 0642 5C030000 		.4byte	.LASF84
 1019 0646 08       		.byte	0x8
 1020 0647 68       		.byte	0x68
 1021 0648 A6030000 		.4byte	0x3a6
 1022 064c 01       		.byte	0x1
 1023 064d 01       		.byte	0x1
 1024 064e 1B       		.uleb128 0x1b
 1025 064f 22010000 		.4byte	.LASF85
 1026 0653 01       		.byte	0x1
ARM GAS  /var/folders/5n/p_75w94d66l9ssrldxqdhh700000gn/T//ccW1YrWC.s 			page 19


 1027 0654 3B       		.byte	0x3b
 1028 0655 60060000 		.4byte	0x660
 1029 0659 01       		.byte	0x1
 1030 065a 05       		.byte	0x5
 1031 065b 03       		.byte	0x3
 1032 065c 00000000 		.4byte	ch_debug
 1033 0660 10       		.uleb128 0x10
 1034 0661 5B050000 		.4byte	0x55b
 1035 0665 00       		.byte	0
 1036              		.section	.debug_abbrev,"",%progbits
 1037              	.Ldebug_abbrev0:
 1038 0000 01       		.uleb128 0x1
 1039 0001 11       		.uleb128 0x11
 1040 0002 01       		.byte	0x1
 1041 0003 25       		.uleb128 0x25
 1042 0004 0E       		.uleb128 0xe
 1043 0005 13       		.uleb128 0x13
 1044 0006 0B       		.uleb128 0xb
 1045 0007 03       		.uleb128 0x3
 1046 0008 0E       		.uleb128 0xe
 1047 0009 1B       		.uleb128 0x1b
 1048 000a 0E       		.uleb128 0xe
 1049 000b 11       		.uleb128 0x11
 1050 000c 01       		.uleb128 0x1
 1051 000d 52       		.uleb128 0x52
 1052 000e 01       		.uleb128 0x1
 1053 000f 55       		.uleb128 0x55
 1054 0010 06       		.uleb128 0x6
 1055 0011 10       		.uleb128 0x10
 1056 0012 06       		.uleb128 0x6
 1057 0013 00       		.byte	0
 1058 0014 00       		.byte	0
 1059 0015 02       		.uleb128 0x2
 1060 0016 24       		.uleb128 0x24
 1061 0017 00       		.byte	0
 1062 0018 0B       		.uleb128 0xb
 1063 0019 0B       		.uleb128 0xb
 1064 001a 3E       		.uleb128 0x3e
 1065 001b 0B       		.uleb128 0xb
 1066 001c 03       		.uleb128 0x3
 1067 001d 08       		.uleb128 0x8
 1068 001e 00       		.byte	0
 1069 001f 00       		.byte	0
 1070 0020 03       		.uleb128 0x3
 1071 0021 16       		.uleb128 0x16
 1072 0022 00       		.byte	0
 1073 0023 03       		.uleb128 0x3
 1074 0024 0E       		.uleb128 0xe
 1075 0025 3A       		.uleb128 0x3a
 1076 0026 0B       		.uleb128 0xb
 1077 0027 3B       		.uleb128 0x3b
 1078 0028 0B       		.uleb128 0xb
 1079 0029 49       		.uleb128 0x49
 1080 002a 13       		.uleb128 0x13
 1081 002b 00       		.byte	0
 1082 002c 00       		.byte	0
 1083 002d 04       		.uleb128 0x4
ARM GAS  /var/folders/5n/p_75w94d66l9ssrldxqdhh700000gn/T//ccW1YrWC.s 			page 20


 1084 002e 24       		.uleb128 0x24
 1085 002f 00       		.byte	0
 1086 0030 0B       		.uleb128 0xb
 1087 0031 0B       		.uleb128 0xb
 1088 0032 3E       		.uleb128 0x3e
 1089 0033 0B       		.uleb128 0xb
 1090 0034 03       		.uleb128 0x3
 1091 0035 0E       		.uleb128 0xe
 1092 0036 00       		.byte	0
 1093 0037 00       		.byte	0
 1094 0038 05       		.uleb128 0x5
 1095 0039 13       		.uleb128 0x13
 1096 003a 01       		.byte	0x1
 1097 003b 03       		.uleb128 0x3
 1098 003c 0E       		.uleb128 0xe
 1099 003d 0B       		.uleb128 0xb
 1100 003e 0B       		.uleb128 0xb
 1101 003f 3A       		.uleb128 0x3a
 1102 0040 0B       		.uleb128 0xb
 1103 0041 3B       		.uleb128 0x3b
 1104 0042 0B       		.uleb128 0xb
 1105 0043 01       		.uleb128 0x1
 1106 0044 13       		.uleb128 0x13
 1107 0045 00       		.byte	0
 1108 0046 00       		.byte	0
 1109 0047 06       		.uleb128 0x6
 1110 0048 0D       		.uleb128 0xd
 1111 0049 00       		.byte	0
 1112 004a 03       		.uleb128 0x3
 1113 004b 0E       		.uleb128 0xe
 1114 004c 3A       		.uleb128 0x3a
 1115 004d 0B       		.uleb128 0xb
 1116 004e 3B       		.uleb128 0x3b
 1117 004f 0B       		.uleb128 0xb
 1118 0050 49       		.uleb128 0x49
 1119 0051 13       		.uleb128 0x13
 1120 0052 38       		.uleb128 0x38
 1121 0053 0A       		.uleb128 0xa
 1122 0054 00       		.byte	0
 1123 0055 00       		.byte	0
 1124 0056 07       		.uleb128 0x7
 1125 0057 0D       		.uleb128 0xd
 1126 0058 00       		.byte	0
 1127 0059 03       		.uleb128 0x3
 1128 005a 08       		.uleb128 0x8
 1129 005b 3A       		.uleb128 0x3a
 1130 005c 0B       		.uleb128 0xb
 1131 005d 3B       		.uleb128 0x3b
 1132 005e 0B       		.uleb128 0xb
 1133 005f 49       		.uleb128 0x49
 1134 0060 13       		.uleb128 0x13
 1135 0061 38       		.uleb128 0x38
 1136 0062 0A       		.uleb128 0xa
 1137 0063 00       		.byte	0
 1138 0064 00       		.byte	0
 1139 0065 08       		.uleb128 0x8
 1140 0066 13       		.uleb128 0x13
ARM GAS  /var/folders/5n/p_75w94d66l9ssrldxqdhh700000gn/T//ccW1YrWC.s 			page 21


 1141 0067 01       		.byte	0x1
 1142 0068 0B       		.uleb128 0xb
 1143 0069 0B       		.uleb128 0xb
 1144 006a 3A       		.uleb128 0x3a
 1145 006b 0B       		.uleb128 0xb
 1146 006c 3B       		.uleb128 0x3b
 1147 006d 0B       		.uleb128 0xb
 1148 006e 01       		.uleb128 0x1
 1149 006f 13       		.uleb128 0x13
 1150 0070 00       		.byte	0
 1151 0071 00       		.byte	0
 1152 0072 09       		.uleb128 0x9
 1153 0073 0F       		.uleb128 0xf
 1154 0074 00       		.byte	0
 1155 0075 0B       		.uleb128 0xb
 1156 0076 0B       		.uleb128 0xb
 1157 0077 49       		.uleb128 0x49
 1158 0078 13       		.uleb128 0x13
 1159 0079 00       		.byte	0
 1160 007a 00       		.byte	0
 1161 007b 0A       		.uleb128 0xa
 1162 007c 0F       		.uleb128 0xf
 1163 007d 00       		.byte	0
 1164 007e 0B       		.uleb128 0xb
 1165 007f 0B       		.uleb128 0xb
 1166 0080 00       		.byte	0
 1167 0081 00       		.byte	0
 1168 0082 0B       		.uleb128 0xb
 1169 0083 13       		.uleb128 0x13
 1170 0084 01       		.byte	0x1
 1171 0085 03       		.uleb128 0x3
 1172 0086 0E       		.uleb128 0xe
 1173 0087 0B       		.uleb128 0xb
 1174 0088 0B       		.uleb128 0xb
 1175 0089 3A       		.uleb128 0x3a
 1176 008a 0B       		.uleb128 0xb
 1177 008b 3B       		.uleb128 0x3b
 1178 008c 05       		.uleb128 0x5
 1179 008d 01       		.uleb128 0x1
 1180 008e 13       		.uleb128 0x13
 1181 008f 00       		.byte	0
 1182 0090 00       		.byte	0
 1183 0091 0C       		.uleb128 0xc
 1184 0092 0D       		.uleb128 0xd
 1185 0093 00       		.byte	0
 1186 0094 03       		.uleb128 0x3
 1187 0095 08       		.uleb128 0x8
 1188 0096 3A       		.uleb128 0x3a
 1189 0097 0B       		.uleb128 0xb
 1190 0098 3B       		.uleb128 0x3b
 1191 0099 05       		.uleb128 0x5
 1192 009a 49       		.uleb128 0x49
 1193 009b 13       		.uleb128 0x13
 1194 009c 38       		.uleb128 0x38
 1195 009d 0A       		.uleb128 0xa
 1196 009e 00       		.byte	0
 1197 009f 00       		.byte	0
ARM GAS  /var/folders/5n/p_75w94d66l9ssrldxqdhh700000gn/T//ccW1YrWC.s 			page 22


 1198 00a0 0D       		.uleb128 0xd
 1199 00a1 35       		.uleb128 0x35
 1200 00a2 00       		.byte	0
 1201 00a3 49       		.uleb128 0x49
 1202 00a4 13       		.uleb128 0x13
 1203 00a5 00       		.byte	0
 1204 00a6 00       		.byte	0
 1205 00a7 0E       		.uleb128 0xe
 1206 00a8 17       		.uleb128 0x17
 1207 00a9 01       		.byte	0x1
 1208 00aa 0B       		.uleb128 0xb
 1209 00ab 0B       		.uleb128 0xb
 1210 00ac 3A       		.uleb128 0x3a
 1211 00ad 0B       		.uleb128 0xb
 1212 00ae 3B       		.uleb128 0x3b
 1213 00af 0B       		.uleb128 0xb
 1214 00b0 01       		.uleb128 0x1
 1215 00b1 13       		.uleb128 0x13
 1216 00b2 00       		.byte	0
 1217 00b3 00       		.byte	0
 1218 00b4 0F       		.uleb128 0xf
 1219 00b5 0D       		.uleb128 0xd
 1220 00b6 00       		.byte	0
 1221 00b7 03       		.uleb128 0x3
 1222 00b8 0E       		.uleb128 0xe
 1223 00b9 3A       		.uleb128 0x3a
 1224 00ba 0B       		.uleb128 0xb
 1225 00bb 3B       		.uleb128 0x3b
 1226 00bc 0B       		.uleb128 0xb
 1227 00bd 49       		.uleb128 0x49
 1228 00be 13       		.uleb128 0x13
 1229 00bf 00       		.byte	0
 1230 00c0 00       		.byte	0
 1231 00c1 10       		.uleb128 0x10
 1232 00c2 26       		.uleb128 0x26
 1233 00c3 00       		.byte	0
 1234 00c4 49       		.uleb128 0x49
 1235 00c5 13       		.uleb128 0x13
 1236 00c6 00       		.byte	0
 1237 00c7 00       		.byte	0
 1238 00c8 11       		.uleb128 0x11
 1239 00c9 01       		.uleb128 0x1
 1240 00ca 01       		.byte	0x1
 1241 00cb 49       		.uleb128 0x49
 1242 00cc 13       		.uleb128 0x13
 1243 00cd 01       		.uleb128 0x1
 1244 00ce 13       		.uleb128 0x13
 1245 00cf 00       		.byte	0
 1246 00d0 00       		.byte	0
 1247 00d1 12       		.uleb128 0x12
 1248 00d2 21       		.uleb128 0x21
 1249 00d3 00       		.byte	0
 1250 00d4 49       		.uleb128 0x49
 1251 00d5 13       		.uleb128 0x13
 1252 00d6 2F       		.uleb128 0x2f
 1253 00d7 0B       		.uleb128 0xb
 1254 00d8 00       		.byte	0
ARM GAS  /var/folders/5n/p_75w94d66l9ssrldxqdhh700000gn/T//ccW1YrWC.s 			page 23


 1255 00d9 00       		.byte	0
 1256 00da 13       		.uleb128 0x13
 1257 00db 2E       		.uleb128 0x2e
 1258 00dc 01       		.byte	0x1
 1259 00dd 3F       		.uleb128 0x3f
 1260 00de 0C       		.uleb128 0xc
 1261 00df 03       		.uleb128 0x3
 1262 00e0 0E       		.uleb128 0xe
 1263 00e1 3A       		.uleb128 0x3a
 1264 00e2 0B       		.uleb128 0xb
 1265 00e3 3B       		.uleb128 0x3b
 1266 00e4 0B       		.uleb128 0xb
 1267 00e5 27       		.uleb128 0x27
 1268 00e6 0C       		.uleb128 0xc
 1269 00e7 49       		.uleb128 0x49
 1270 00e8 13       		.uleb128 0x13
 1271 00e9 11       		.uleb128 0x11
 1272 00ea 01       		.uleb128 0x1
 1273 00eb 12       		.uleb128 0x12
 1274 00ec 01       		.uleb128 0x1
 1275 00ed 40       		.uleb128 0x40
 1276 00ee 0A       		.uleb128 0xa
 1277 00ef 01       		.uleb128 0x1
 1278 00f0 13       		.uleb128 0x13
 1279 00f1 00       		.byte	0
 1280 00f2 00       		.byte	0
 1281 00f3 14       		.uleb128 0x14
 1282 00f4 34       		.uleb128 0x34
 1283 00f5 00       		.byte	0
 1284 00f6 03       		.uleb128 0x3
 1285 00f7 08       		.uleb128 0x8
 1286 00f8 3A       		.uleb128 0x3a
 1287 00f9 0B       		.uleb128 0xb
 1288 00fa 3B       		.uleb128 0x3b
 1289 00fb 0B       		.uleb128 0xb
 1290 00fc 49       		.uleb128 0x49
 1291 00fd 13       		.uleb128 0x13
 1292 00fe 02       		.uleb128 0x2
 1293 00ff 06       		.uleb128 0x6
 1294 0100 00       		.byte	0
 1295 0101 00       		.byte	0
 1296 0102 15       		.uleb128 0x15
 1297 0103 0B       		.uleb128 0xb
 1298 0104 01       		.byte	0x1
 1299 0105 11       		.uleb128 0x11
 1300 0106 01       		.uleb128 0x1
 1301 0107 12       		.uleb128 0x12
 1302 0108 01       		.uleb128 0x1
 1303 0109 01       		.uleb128 0x1
 1304 010a 13       		.uleb128 0x13
 1305 010b 00       		.byte	0
 1306 010c 00       		.byte	0
 1307 010d 16       		.uleb128 0x16
 1308 010e 0B       		.uleb128 0xb
 1309 010f 01       		.byte	0x1
 1310 0110 55       		.uleb128 0x55
 1311 0111 06       		.uleb128 0x6
ARM GAS  /var/folders/5n/p_75w94d66l9ssrldxqdhh700000gn/T//ccW1YrWC.s 			page 24


 1312 0112 00       		.byte	0
 1313 0113 00       		.byte	0
 1314 0114 17       		.uleb128 0x17
 1315 0115 2E       		.uleb128 0x2e
 1316 0116 01       		.byte	0x1
 1317 0117 3F       		.uleb128 0x3f
 1318 0118 0C       		.uleb128 0xc
 1319 0119 03       		.uleb128 0x3
 1320 011a 0E       		.uleb128 0xe
 1321 011b 3A       		.uleb128 0x3a
 1322 011c 0B       		.uleb128 0xb
 1323 011d 3B       		.uleb128 0x3b
 1324 011e 0B       		.uleb128 0xb
 1325 011f 27       		.uleb128 0x27
 1326 0120 0C       		.uleb128 0xc
 1327 0121 49       		.uleb128 0x49
 1328 0122 13       		.uleb128 0x13
 1329 0123 11       		.uleb128 0x11
 1330 0124 01       		.uleb128 0x1
 1331 0125 12       		.uleb128 0x12
 1332 0126 01       		.uleb128 0x1
 1333 0127 40       		.uleb128 0x40
 1334 0128 06       		.uleb128 0x6
 1335 0129 01       		.uleb128 0x1
 1336 012a 13       		.uleb128 0x13
 1337 012b 00       		.byte	0
 1338 012c 00       		.byte	0
 1339 012d 18       		.uleb128 0x18
 1340 012e 05       		.uleb128 0x5
 1341 012f 00       		.byte	0
 1342 0130 03       		.uleb128 0x3
 1343 0131 08       		.uleb128 0x8
 1344 0132 3A       		.uleb128 0x3a
 1345 0133 0B       		.uleb128 0xb
 1346 0134 3B       		.uleb128 0x3b
 1347 0135 0B       		.uleb128 0xb
 1348 0136 49       		.uleb128 0x49
 1349 0137 13       		.uleb128 0x13
 1350 0138 02       		.uleb128 0x2
 1351 0139 06       		.uleb128 0x6
 1352 013a 00       		.byte	0
 1353 013b 00       		.byte	0
 1354 013c 19       		.uleb128 0x19
 1355 013d 0B       		.uleb128 0xb
 1356 013e 01       		.byte	0x1
 1357 013f 11       		.uleb128 0x11
 1358 0140 01       		.uleb128 0x1
 1359 0141 12       		.uleb128 0x12
 1360 0142 01       		.uleb128 0x1
 1361 0143 00       		.byte	0
 1362 0144 00       		.byte	0
 1363 0145 1A       		.uleb128 0x1a
 1364 0146 34       		.uleb128 0x34
 1365 0147 00       		.byte	0
 1366 0148 03       		.uleb128 0x3
 1367 0149 0E       		.uleb128 0xe
 1368 014a 3A       		.uleb128 0x3a
ARM GAS  /var/folders/5n/p_75w94d66l9ssrldxqdhh700000gn/T//ccW1YrWC.s 			page 25


 1369 014b 0B       		.uleb128 0xb
 1370 014c 3B       		.uleb128 0x3b
 1371 014d 0B       		.uleb128 0xb
 1372 014e 49       		.uleb128 0x49
 1373 014f 13       		.uleb128 0x13
 1374 0150 3F       		.uleb128 0x3f
 1375 0151 0C       		.uleb128 0xc
 1376 0152 3C       		.uleb128 0x3c
 1377 0153 0C       		.uleb128 0xc
 1378 0154 00       		.byte	0
 1379 0155 00       		.byte	0
 1380 0156 1B       		.uleb128 0x1b
 1381 0157 34       		.uleb128 0x34
 1382 0158 00       		.byte	0
 1383 0159 03       		.uleb128 0x3
 1384 015a 0E       		.uleb128 0xe
 1385 015b 3A       		.uleb128 0x3a
 1386 015c 0B       		.uleb128 0xb
 1387 015d 3B       		.uleb128 0x3b
 1388 015e 0B       		.uleb128 0xb
 1389 015f 49       		.uleb128 0x49
 1390 0160 13       		.uleb128 0x13
 1391 0161 3F       		.uleb128 0x3f
 1392 0162 0C       		.uleb128 0xc
 1393 0163 02       		.uleb128 0x2
 1394 0164 0A       		.uleb128 0xa
 1395 0165 00       		.byte	0
 1396 0166 00       		.byte	0
 1397 0167 00       		.byte	0
 1398              		.section	.debug_loc,"",%progbits
 1399              	.Ldebug_loc0:
 1400              	.LLST0:
 1401 0000 12000000 		.4byte	.LVL3
 1402 0004 14000000 		.4byte	.LVL4
 1403 0008 0200     		.2byte	0x2
 1404 000a 72       		.byte	0x72
 1405 000b 10       		.sleb128 16
 1406 000c 00000000 		.4byte	0
 1407 0010 00000000 		.4byte	0
 1408              	.LLST1:
 1409 0014 06000000 		.4byte	.LVL1
 1410 0018 10000000 		.4byte	.LVL2
 1411 001c 0100     		.2byte	0x1
 1412 001e 53       		.byte	0x53
 1413 001f 00000000 		.4byte	0
 1414 0023 00000000 		.4byte	0
 1415              	.LLST2:
 1416 0027 1C000000 		.4byte	.LVL5
 1417 002b 1E000000 		.4byte	.LFE7
 1418 002f 0100     		.2byte	0x1
 1419 0031 53       		.byte	0x53
 1420 0032 00000000 		.4byte	0
 1421 0036 00000000 		.4byte	0
 1422              	.LLST3:
 1423 003a 00000000 		.4byte	.LFB8
 1424 003e 02000000 		.4byte	.LCFI0
 1425 0042 0200     		.2byte	0x2
ARM GAS  /var/folders/5n/p_75w94d66l9ssrldxqdhh700000gn/T//ccW1YrWC.s 			page 26


 1426 0044 7D       		.byte	0x7d
 1427 0045 00       		.sleb128 0
 1428 0046 02000000 		.4byte	.LCFI0
 1429 004a 2C000000 		.4byte	.LFE8
 1430 004e 0200     		.2byte	0x2
 1431 0050 7D       		.byte	0x7d
 1432 0051 08       		.sleb128 8
 1433 0052 00000000 		.4byte	0
 1434 0056 00000000 		.4byte	0
 1435              	.LLST4:
 1436 005a 00000000 		.4byte	.LVL6
 1437 005e 10000000 		.4byte	.LVL11
 1438 0062 0100     		.2byte	0x1
 1439 0064 50       		.byte	0x50
 1440 0065 16000000 		.4byte	.LVL12
 1441 0069 1F000000 		.4byte	.LVL15-1
 1442 006d 0100     		.2byte	0x1
 1443 006f 50       		.byte	0x50
 1444 0070 24000000 		.4byte	.LVL16
 1445 0074 2C000000 		.4byte	.LFE8
 1446 0078 0100     		.2byte	0x1
 1447 007a 50       		.byte	0x50
 1448 007b 00000000 		.4byte	0
 1449 007f 00000000 		.4byte	0
 1450              	.LLST5:
 1451 0083 0C000000 		.4byte	.LVL10
 1452 0087 16000000 		.4byte	.LVL12
 1453 008b 0200     		.2byte	0x2
 1454 008d 70       		.byte	0x70
 1455 008e 10       		.sleb128 16
 1456 008f 16000000 		.4byte	.LVL12
 1457 0093 26000000 		.4byte	.LVL17
 1458 0097 0100     		.2byte	0x1
 1459 0099 54       		.byte	0x54
 1460 009a 26000000 		.4byte	.LVL17
 1461 009e 2C000000 		.4byte	.LFE8
 1462 00a2 0200     		.2byte	0x2
 1463 00a4 70       		.byte	0x70
 1464 00a5 10       		.sleb128 16
 1465 00a6 00000000 		.4byte	0
 1466 00aa 00000000 		.4byte	0
 1467              	.LLST6:
 1468 00ae 08000000 		.4byte	.LVL8
 1469 00b2 0A000000 		.4byte	.LVL9
 1470 00b6 0100     		.2byte	0x1
 1471 00b8 53       		.byte	0x53
 1472 00b9 00000000 		.4byte	0
 1473 00bd 00000000 		.4byte	0
 1474              	.LLST7:
 1475 00c1 1C000000 		.4byte	.LVL14
 1476 00c5 1F000000 		.4byte	.LVL15-1
 1477 00c9 0100     		.2byte	0x1
 1478 00cb 53       		.byte	0x53
 1479 00cc 00000000 		.4byte	0
 1480 00d0 00000000 		.4byte	0
 1481              		.section	.debug_aranges,"",%progbits
 1482 0000 24000000 		.4byte	0x24
ARM GAS  /var/folders/5n/p_75w94d66l9ssrldxqdhh700000gn/T//ccW1YrWC.s 			page 27


 1483 0004 0200     		.2byte	0x2
 1484 0006 00000000 		.4byte	.Ldebug_info0
 1485 000a 04       		.byte	0x4
 1486 000b 00       		.byte	0
 1487 000c 0000     		.2byte	0
 1488 000e 0000     		.2byte	0
 1489 0010 00000000 		.4byte	.LFB7
 1490 0014 1E000000 		.4byte	.LFE7-.LFB7
 1491 0018 00000000 		.4byte	.LFB8
 1492 001c 2C000000 		.4byte	.LFE8-.LFB8
 1493 0020 00000000 		.4byte	0
 1494 0024 00000000 		.4byte	0
 1495              		.section	.debug_ranges,"",%progbits
 1496              	.Ldebug_ranges0:
 1497 0000 0E000000 		.4byte	.LBB3
 1498 0004 10000000 		.4byte	.LBE3
 1499 0008 18000000 		.4byte	.LBB4
 1500 000c 1C000000 		.4byte	.LBE4
 1501 0010 00000000 		.4byte	0
 1502 0014 00000000 		.4byte	0
 1503 0018 00000000 		.4byte	.LFB7
 1504 001c 1E000000 		.4byte	.LFE7
 1505 0020 00000000 		.4byte	.LFB8
 1506 0024 2C000000 		.4byte	.LFE8
 1507 0028 00000000 		.4byte	0
 1508 002c 00000000 		.4byte	0
 1509              		.section	.debug_line,"",%progbits
 1510              	.Ldebug_line0:
 1511 0000 9F010000 		.section	.debug_str,"MS",%progbits,1
 1511      02006701 
 1511      00000201 
 1511      FB0E0D00 
 1511      01010101 
 1512              	.LASF73:
 1513 0000 63665F6F 		.ascii	"cf_off_older\000"
 1513      66665F6F 
 1513      6C646572 
 1513      00
 1514              	.LASF37:
 1515 000d 705F6D73 		.ascii	"p_msg\000"
 1515      6700
 1516              	.LASF2:
 1517 0013 73697A65 		.ascii	"size_t\000"
 1517      5F7400
 1518              	.LASF58:
 1519 001a 7264796D 		.ascii	"rdymsg\000"
 1519      736700
 1520              	.LASF13:
 1521 0021 6C6F6E67 		.ascii	"long long unsigned int\000"
 1521      206C6F6E 
 1521      6720756E 
 1521      7369676E 
 1521      65642069 
 1522              	.LASF69:
 1523 0038 63685F74 		.ascii	"ch_threadsize\000"
 1523      68726561 
 1523      6473697A 
ARM GAS  /var/folders/5n/p_75w94d66l9ssrldxqdhh700000gn/T//ccW1YrWC.s 			page 28


 1523      6500
 1524              	.LASF59:
 1525 0046 65786974 		.ascii	"exitcode\000"
 1525      636F6465 
 1525      00
 1526              	.LASF82:
 1527 004f 63685265 		.ascii	"chRegFirstThread\000"
 1527      67466972 
 1527      73745468 
 1527      72656164 
 1527      00
 1528              	.LASF25:
 1529 0060 705F7072 		.ascii	"p_prio\000"
 1529      696F00
 1530              	.LASF76:
 1531 0067 63665F6F 		.ascii	"cf_off_state\000"
 1531      66665F73 
 1531      74617465 
 1531      00
 1532              	.LASF12:
 1533 0074 6C6F6E67 		.ascii	"long long int\000"
 1533      206C6F6E 
 1533      6720696E 
 1533      7400
 1534              	.LASF1:
 1535 0082 7369676E 		.ascii	"signed char\000"
 1535      65642063 
 1535      68617200 
 1536              	.LASF75:
 1537 008e 63665F6F 		.ascii	"cf_off_stklimit\000"
 1537      66665F73 
 1537      746B6C69 
 1537      6D697400 
 1538              	.LASF77:
 1539 009e 63665F6F 		.ascii	"cf_off_flags\000"
 1539      66665F66 
 1539      6C616773 
 1539      00
 1540              	.LASF41:
 1541 00ab 705F6D70 		.ascii	"p_mpool\000"
 1541      6F6F6C00 
 1542              	.LASF55:
 1543 00b3 6D5F7175 		.ascii	"m_queue\000"
 1543      65756500 
 1544              	.LASF17:
 1545 00bb 74736C69 		.ascii	"tslices_t\000"
 1545      6365735F 
 1545      7400
 1546              	.LASF9:
 1547 00c5 6C6F6E67 		.ascii	"long int\000"
 1547      20696E74 
 1547      00
 1548              	.LASF15:
 1549 00ce 74737461 		.ascii	"tstate_t\000"
 1549      74655F74 
 1549      00
 1550              	.LASF6:
ARM GAS  /var/folders/5n/p_75w94d66l9ssrldxqdhh700000gn/T//ccW1YrWC.s 			page 29


 1551 00d7 75696E74 		.ascii	"uint16_t\000"
 1551      31365F74 
 1551      00
 1552              	.LASF81:
 1553 00e0 63686465 		.ascii	"chdebug_t\000"
 1553      6275675F 
 1553      7400
 1554              	.LASF27:
 1555 00ea 705F6E65 		.ascii	"p_newer\000"
 1555      77657200 
 1556              	.LASF50:
 1557 00f2 725F6E65 		.ascii	"r_newer\000"
 1557      77657200 
 1558              	.LASF44:
 1559 00fa 72656761 		.ascii	"regarm_t\000"
 1559      726D5F74 
 1559      00
 1560              	.LASF0:
 1561 0103 756E7369 		.ascii	"unsigned int\000"
 1561      676E6564 
 1561      20696E74 
 1561      00
 1562              	.LASF11:
 1563 0110 6C6F6E67 		.ascii	"long unsigned int\000"
 1563      20756E73 
 1563      69676E65 
 1563      6420696E 
 1563      7400
 1564              	.LASF85:
 1565 0122 63685F64 		.ascii	"ch_debug\000"
 1565      65627567 
 1565      00
 1566              	.LASF63:
 1567 012b 63685F69 		.ascii	"ch_identifier\000"
 1567      64656E74 
 1567      69666965 
 1567      7200
 1568              	.LASF46:
 1569 0139 636F6E74 		.ascii	"context\000"
 1569      65787400 
 1570              	.LASF7:
 1571 0141 73686F72 		.ascii	"short unsigned int\000"
 1571      7420756E 
 1571      7369676E 
 1571      65642069 
 1571      6E7400
 1572              	.LASF19:
 1573 0154 6D73675F 		.ascii	"msg_t\000"
 1573      7400
 1574              	.LASF14:
 1575 015a 746D6F64 		.ascii	"tmode_t\000"
 1575      655F7400 
 1576              	.LASF43:
 1577 0162 54687265 		.ascii	"ThreadsList\000"
 1577      6164734C 
 1577      69737400 
 1578              	.LASF20:
ARM GAS  /var/folders/5n/p_75w94d66l9ssrldxqdhh700000gn/T//ccW1YrWC.s 			page 30


 1579 016e 6576656E 		.ascii	"eventmask_t\000"
 1579      746D6173 
 1579      6B5F7400 
 1580              	.LASF54:
 1581 017a 4D757465 		.ascii	"Mutex\000"
 1581      7800
 1582              	.LASF64:
 1583 0180 63685F7A 		.ascii	"ch_zero\000"
 1583      65726F00 
 1584              	.LASF78:
 1585 0188 63665F6F 		.ascii	"cf_off_refs\000"
 1585      66665F72 
 1585      65667300 
 1586              	.LASF68:
 1587 0194 63685F74 		.ascii	"ch_timesize\000"
 1587      696D6573 
 1587      697A6500 
 1588              	.LASF74:
 1589 01a0 63665F6F 		.ascii	"cf_off_name\000"
 1589      66665F6E 
 1589      616D6500 
 1590              	.LASF28:
 1591 01ac 705F6F6C 		.ascii	"p_older\000"
 1591      64657200 
 1592              	.LASF49:
 1593 01b4 725F6374 		.ascii	"r_ctx\000"
 1593      7800
 1594              	.LASF42:
 1595 01ba 54687265 		.ascii	"ThreadsQueue\000"
 1595      61647351 
 1595      75657565 
 1595      00
 1596              	.LASF65:
 1597 01c7 63685F73 		.ascii	"ch_size\000"
 1597      697A6500 
 1598              	.LASF52:
 1599 01cf 725F6375 		.ascii	"r_current\000"
 1599      7272656E 
 1599      7400
 1600              	.LASF51:
 1601 01d9 725F6F6C 		.ascii	"r_older\000"
 1601      64657200 
 1602              	.LASF16:
 1603 01e1 74726566 		.ascii	"trefs_t\000"
 1603      735F7400 
 1604              	.LASF67:
 1605 01e9 63685F70 		.ascii	"ch_ptrsize\000"
 1605      74727369 
 1605      7A6500
 1606              	.LASF24:
 1607 01f4 705F7072 		.ascii	"p_prev\000"
 1607      657600
 1608              	.LASF18:
 1609 01fb 74707269 		.ascii	"tprio_t\000"
 1609      6F5F7400 
 1610              	.LASF8:
 1611 0203 696E7433 		.ascii	"int32_t\000"
ARM GAS  /var/folders/5n/p_75w94d66l9ssrldxqdhh700000gn/T//ccW1YrWC.s 			page 31


 1611      325F7400 
 1612              	.LASF4:
 1613 020b 756E7369 		.ascii	"unsigned char\000"
 1613      676E6564 
 1613      20636861 
 1613      7200
 1614              	.LASF39:
 1615 0219 705F6D74 		.ascii	"p_mtxlist\000"
 1615      786C6973 
 1615      7400
 1616              	.LASF5:
 1617 0223 73686F72 		.ascii	"short int\000"
 1617      7420696E 
 1617      7400
 1618              	.LASF30:
 1619 022d 705F7374 		.ascii	"p_state\000"
 1619      61746500 
 1620              	.LASF33:
 1621 0235 705F7072 		.ascii	"p_preempt\000"
 1621      65656D70 
 1621      7400
 1622              	.LASF80:
 1623 023f 63665F6F 		.ascii	"cf_off_time\000"
 1623      66665F74 
 1623      696D6500 
 1624              	.LASF48:
 1625 024b 725F7072 		.ascii	"r_prio\000"
 1625      696F00
 1626              	.LASF61:
 1627 0252 65776D61 		.ascii	"ewmask\000"
 1627      736B00
 1628              	.LASF23:
 1629 0259 705F6E65 		.ascii	"p_next\000"
 1629      787400
 1630              	.LASF79:
 1631 0260 63665F6F 		.ascii	"cf_off_preempt\000"
 1631      66665F70 
 1631      7265656D 
 1631      707400
 1632              	.LASF31:
 1633 026f 705F666C 		.ascii	"p_flags\000"
 1633      61677300 
 1634              	.LASF22:
 1635 0277 54687265 		.ascii	"Thread\000"
 1635      616400
 1636              	.LASF72:
 1637 027e 63665F6F 		.ascii	"cf_off_newer\000"
 1637      66665F6E 
 1637      65776572 
 1637      00
 1638              	.LASF38:
 1639 028b 705F6570 		.ascii	"p_epending\000"
 1639      656E6469 
 1639      6E6700
 1640              	.LASF10:
 1641 0296 75696E74 		.ascii	"uint32_t\000"
 1641      33325F74 
ARM GAS  /var/folders/5n/p_75w94d66l9ssrldxqdhh700000gn/T//ccW1YrWC.s 			page 32


 1641      00
 1642              	.LASF70:
 1643 029f 63665F6F 		.ascii	"cf_off_prio\000"
 1643      66665F70 
 1643      72696F00 
 1644              	.LASF47:
 1645 02ab 725F7175 		.ascii	"r_queue\000"
 1645      65756500 
 1646              	.LASF62:
 1647 02b3 63686172 		.ascii	"char\000"
 1647      00
 1648              	.LASF83:
 1649 02b8 63685265 		.ascii	"chRegNextThread\000"
 1649      674E6578 
 1649      74546872 
 1649      65616400 
 1650              	.LASF57:
 1651 02c8 6D5F6E65 		.ascii	"m_next\000"
 1651      787400
 1652              	.LASF21:
 1653 02cf 73797374 		.ascii	"systime_t\000"
 1653      696D655F 
 1653      7400
 1654              	.LASF40:
 1655 02d9 705F7265 		.ascii	"p_realprio\000"
 1655      616C7072 
 1655      696F00
 1656              	.LASF34:
 1657 02e4 705F7469 		.ascii	"p_time\000"
 1657      6D6500
 1658              	.LASF86:
 1659 02eb 474E5520 		.ascii	"GNU C 4.6.2 20111004 (prerelease)\000"
 1659      4320342E 
 1659      362E3220 
 1659      32303131 
 1659      31303034 
 1660              	.LASF45:
 1661 030d 696E7463 		.ascii	"intctx\000"
 1661      747800
 1662              	.LASF36:
 1663 0314 705F6D73 		.ascii	"p_msgqueue\000"
 1663      67717565 
 1663      756500
 1664              	.LASF87:
 1665 031f 2E2E2F2E 		.ascii	"../../os/kernel/src/chregistry.c\000"
 1665      2E2F6F73 
 1665      2F6B6572 
 1665      6E656C2F 
 1665      7372632F 
 1666              	.LASF71:
 1667 0340 63665F6F 		.ascii	"cf_off_ctx\000"
 1667      66665F63 
 1667      747800
 1668              	.LASF32:
 1669 034b 705F7265 		.ascii	"p_refs\000"
 1669      667300
 1670              	.LASF53:
ARM GAS  /var/folders/5n/p_75w94d66l9ssrldxqdhh700000gn/T//ccW1YrWC.s 			page 33


 1671 0352 52656164 		.ascii	"ReadyList\000"
 1671      794C6973 
 1671      7400
 1672              	.LASF84:
 1673 035c 726C6973 		.ascii	"rlist\000"
 1673      7400
 1674              	.LASF3:
 1675 0362 75696E74 		.ascii	"uint8_t\000"
 1675      385F7400 
 1676              	.LASF60:
 1677 036a 77746F62 		.ascii	"wtobjp\000"
 1677      6A7000
 1678              	.LASF29:
 1679 0371 705F6E61 		.ascii	"p_name\000"
 1679      6D6500
 1680              	.LASF88:
 1681 0378 2F557365 		.ascii	"/Users/sin/Documents/Eclipse/Workspace/mabl-ChibiOS"
 1681      72732F73 
 1681      696E2F44 
 1681      6F63756D 
 1681      656E7473 
 1682 03ab 2D322E35 		.ascii	"-2.5.1/demos/ARMCM4-STM32F407-LWIP\000"
 1682      2E312F64 
 1682      656D6F73 
 1682      2F41524D 
 1682      434D342D 
 1683              	.LASF66:
 1684 03ce 63685F76 		.ascii	"ch_version\000"
 1684      65727369 
 1684      6F6E00
 1685              	.LASF56:
 1686 03d9 6D5F6F77 		.ascii	"m_owner\000"
 1686      6E657200 
 1687              	.LASF26:
 1688 03e1 705F6374 		.ascii	"p_ctx\000"
 1688      7800
 1689              	.LASF35:
 1690 03e7 705F7761 		.ascii	"p_waiting\000"
 1690      6974696E 
 1690      6700
 1691              		.ident	"GCC: (Linaro GCC 4.6-2011.10) 4.6.2 20111004 (prerelease)"
ARM GAS  /var/folders/5n/p_75w94d66l9ssrldxqdhh700000gn/T//ccW1YrWC.s 			page 34


DEFINED SYMBOLS
                            *ABS*:0000000000000000 chregistry.c
/var/folders/5n/p_75w94d66l9ssrldxqdhh700000gn/T//ccW1YrWC.s:18     .text.chRegFirstThread:0000000000000000 $t
/var/folders/5n/p_75w94d66l9ssrldxqdhh700000gn/T//ccW1YrWC.s:24     .text.chRegFirstThread:0000000000000000 chRegFirstThread
/var/folders/5n/p_75w94d66l9ssrldxqdhh700000gn/T//ccW1YrWC.s:72     .text.chRegNextThread:0000000000000000 $t
/var/folders/5n/p_75w94d66l9ssrldxqdhh700000gn/T//ccW1YrWC.s:78     .text.chRegNextThread:0000000000000000 chRegNextThread
/var/folders/5n/p_75w94d66l9ssrldxqdhh700000gn/T//ccW1YrWC.s:141    .text.chRegNextThread:0000000000000028 $d
/var/folders/5n/p_75w94d66l9ssrldxqdhh700000gn/T//ccW1YrWC.s:150    .rodata.ch_debug:0000000000000000 ch_debug
/var/folders/5n/p_75w94d66l9ssrldxqdhh700000gn/T//ccW1YrWC.s:147    .rodata.ch_debug:0000000000000000 $d
                     .debug_frame:0000000000000010 $d
/var/folders/5n/p_75w94d66l9ssrldxqdhh700000gn/T//ccW1YrWC.s:146    .text.chRegNextThread:000000000000002c $t

UNDEFINED SYMBOLS
rlist
chThdRelease
