ARM GAS  /var/folders/5n/p_75w94d66l9ssrldxqdhh700000gn/T//ccQuQaC2.s 			page 1


   1              		.syntax unified
   2              		.cpu cortex-m4
   3              		.fpu softvfp
   4              		.eabi_attribute 20, 1
   5              		.eabi_attribute 21, 1
   6              		.eabi_attribute 23, 3
   7              		.eabi_attribute 24, 1
   8              		.eabi_attribute 25, 1
   9              		.eabi_attribute 26, 1
  10              		.eabi_attribute 30, 2
  11              		.eabi_attribute 18, 4
  12              		.thumb
  13              		.file	"chsys.c"
  14              		.text
  15              	.Ltext0:
  16              		.cfi_sections	.debug_frame
  17              		.section	.text._idle_thread,"ax",%progbits
  18              		.align	2
  19              		.p2align 4,,15
  20              		.global	_idle_thread
  21              		.thumb
  22              		.thumb_func
  23              		.type	_idle_thread, %function
  24              	_idle_thread:
  25              	.LFB7:
  26              		.file 1 "../../os/kernel/src/chsys.c"
  27              		.loc 1 54 0
  28              		.cfi_startproc
  29              		@ args = 0, pretend = 0, frame = 0
  30              		@ frame_needed = 0, uses_anonymous_args = 0
  31              		@ link register save eliminated.
  32              	.LVL0:
  33              		.loc 1 57 0
  34 0000 024B     		ldr	r3, .L4
  35 0002 034A     		ldr	r2, .L4+4
  36 0004 9B69     		ldr	r3, [r3, #24]
  37 0006 9A61     		str	r2, [r3, #24]
  38              	.L2:
  39 0008 FEE7     		b	.L2
  40              	.L5:
  41 000a 00BF     		.align	2
  42              	.L4:
  43 000c 00000000 		.word	rlist
  44 0010 00000000 		.word	.LC0
  45              		.cfi_endproc
  46              	.LFE7:
  47              		.size	_idle_thread, .-_idle_thread
  48 0014 AFF30080 		.section	.text.chSysInit,"ax",%progbits
  48      AFF30080 
  48      AFF30080 
  49              		.align	2
  50              		.p2align 4,,15
  51              		.global	chSysInit
  52              		.thumb
  53              		.thumb_func
  54              		.type	chSysInit, %function
  55              	chSysInit:
ARM GAS  /var/folders/5n/p_75w94d66l9ssrldxqdhh700000gn/T//ccQuQaC2.s 			page 2


  56              	.LFB8:
  57              		.loc 1 77 0
  58              		.cfi_startproc
  59              		@ args = 0, pretend = 0, frame = 0
  60              		@ frame_needed = 0, uses_anonymous_args = 0
  61 0000 10B5     		push	{r4, lr}
  62              	.LCFI0:
  63              		.cfi_def_cfa_offset 8
  64              		.cfi_offset 14, -4
  65              		.cfi_offset 4, -8
  66 0002 82B0     		sub	sp, sp, #8
  67              	.LCFI1:
  68              		.cfi_def_cfa_offset 16
  69              		.loc 1 83 0
  70 0004 FFF7FEFF 		bl	_port_init
  71              		.loc 1 84 0
  72 0008 FFF7FEFF 		bl	_scheduler_init
  73              		.loc 1 85 0
  74 000c FFF7FEFF 		bl	_vt_init
  75              		.loc 1 87 0
  76 0010 FFF7FEFF 		bl	_core_init
  77              		.loc 1 90 0
  78 0014 FFF7FEFF 		bl	_heap_init
  79              		.loc 1 97 0
  80 0018 40F20000 		movw	r0, #:lower16:.LANCHOR0
  81 001c 4021     		movs	r1, #64
  82 001e C0F20000 		movt	r0, #:upper16:.LANCHOR0
  83 0022 FFF7FEFF 		bl	_thread_init
  84 0026 40F20001 		movw	r1, #:lower16:rlist
  85 002a C0F20001 		movt	r1, #:upper16:rlist
  86              		.loc 1 98 0
  87 002e 0122     		movs	r2, #1
  88              		.loc 1 97 0
  89 0030 8861     		str	r0, [r1, #24]
  90              		.loc 1 98 0
  91 0032 0277     		strb	r2, [r0, #28]
  92              	.LBB2:
  93              		.loc 1 104 0
  94 0034 0023     		movs	r3, #0
  95              	.LVL1:
  96              	@ 104 "../../os/kernel/src/chsys.c" 1
  97 0036 83F31188 		msr     BASEPRI, r3                    
  98 003a 62B6     		cpsie   i
  99              	@ 0 "" 2
 100              	.LVL2:
 101              		.thumb
 102              	.LBE2:
 103              		.loc 1 108 0
 104 003c 8969     		ldr	r1, [r1, #24]
 105              		.loc 1 114 0
 106 003e 1C46     		mov	r4, r3
 107              		.loc 1 108 0
 108 0040 40F20003 		movw	r3, #:lower16:ch_debug
 109              	.LVL3:
 110 0044 C0F20003 		movt	r3, #:upper16:ch_debug
 111 0048 8B61     		str	r3, [r1, #24]
 112              		.loc 1 114 0
ARM GAS  /var/folders/5n/p_75w94d66l9ssrldxqdhh700000gn/T//ccQuQaC2.s 			page 3


 113 004a 40F20000 		movw	r0, #:lower16:.LANCHOR1
 114 004e 40F20003 		movw	r3, #:lower16:_idle_thread
 115 0052 C021     		movs	r1, #192
 116 0054 C0F20003 		movt	r3, #:upper16:_idle_thread
 117 0058 C0F20000 		movt	r0, #:upper16:.LANCHOR1
 118 005c 0094     		str	r4, [sp, #0]
 119              	.LVL4:
 120 005e FFF7FEFF 		bl	chThdCreateStatic
 121              		.loc 1 117 0
 122 0062 02B0     		add	sp, sp, #8
 123 0064 10BD     		pop	{r4, pc}
 124              		.cfi_endproc
 125              	.LFE8:
 126              		.size	chSysInit, .-chSysInit
 127 0066 00BFAFF3 		.section	.text.chSysTimerHandlerI,"ax",%progbits
 127      0080AFF3 
 127      0080
 128              		.align	2
 129              		.p2align 4,,15
 130              		.global	chSysTimerHandlerI
 131              		.thumb
 132              		.thumb_func
 133              		.type	chSysTimerHandlerI, %function
 134              	chSysTimerHandlerI:
 135              	.LFB9:
 136              		.loc 1 130 0
 137              		.cfi_startproc
 138              		@ args = 0, pretend = 0, frame = 0
 139              		@ frame_needed = 0, uses_anonymous_args = 0
 140 0000 38B5     		push	{r3, r4, r5, lr}
 141              	.LCFI2:
 142              		.cfi_def_cfa_offset 16
 143              		.cfi_offset 14, -4
 144              		.cfi_offset 5, -8
 145              		.cfi_offset 4, -12
 146              		.cfi_offset 3, -16
 147              		.loc 1 136 0
 148 0002 134B     		ldr	r3, .L13
 149 0004 9B69     		ldr	r3, [r3, #24]
 150 0006 DA7F     		ldrb	r2, [r3, #31]	@ zero_extendqisi2
 151 0008 0AB1     		cbz	r2, .L8
 152              		.loc 1 138 0
 153 000a 013A     		subs	r2, r2, #1
 154 000c DA77     		strb	r2, [r3, #31]
 155              	.L8:
 156              		.loc 1 141 0
 157 000e 1A6A     		ldr	r2, [r3, #32]
 158              		.loc 1 143 0
 159 0010 104C     		ldr	r4, .L13+4
 160              		.loc 1 141 0
 161 0012 0132     		adds	r2, r2, #1
 162 0014 1A62     		str	r2, [r3, #32]
 163              		.loc 1 143 0
 164 0016 E368     		ldr	r3, [r4, #12]
 165 0018 2168     		ldr	r1, [r4, #0]
 166 001a 0133     		adds	r3, r3, #1
 167 001c A142     		cmp	r1, r4
ARM GAS  /var/folders/5n/p_75w94d66l9ssrldxqdhh700000gn/T//ccQuQaC2.s 			page 4


 168 001e E360     		str	r3, [r4, #12]
 169 0020 14D0     		beq	.L7
 170              	.LBB3:
 171              		.loc 1 143 0 is_stmt 0 discriminator 1
 172 0022 8D68     		ldr	r5, [r1, #8]
 173 0024 013D     		subs	r5, r5, #1
 174 0026 8D60     		str	r5, [r1, #8]
 175              	.LVL5:
 176 0028 85B9     		cbnz	r5, .L7
 177              	.LVL6:
 178              	.L11:
 179              	.LBB4:
 180              		.loc 1 143 0 discriminator 3
 181 002a 0B68     		ldr	r3, [r1, #0]
 182 002c CA68     		ldr	r2, [r1, #12]
 183              	.LVL7:
 184 002e 5C60     		str	r4, [r3, #4]
 185 0030 2360     		str	r3, [r4, #0]
 186 0032 CD60     		str	r5, [r1, #12]
 187              	.LBB5:
 188 0034 0023     		movs	r3, #0
 189              	.LVL8:
 190              	@ 143 "../../os/kernel/src/chsys.c" 1
 191 0036 83F31188 		msr     BASEPRI, r3
 192              	@ 0 "" 2
 193              	.LVL9:
 194              		.thumb
 195              	.LBE5:
 196 003a 0869     		ldr	r0, [r1, #16]
 197 003c 9047     		blx	r2
 198              	.LVL10:
 199              	.LBB6:
 200 003e 2023     		movs	r3, #32
 201              	.LVL11:
 202              	@ 143 "../../os/kernel/src/chsys.c" 1
 203 0040 83F31188 		msr     BASEPRI, r3
 204              	@ 0 "" 2
 205              	.LVL12:
 206              		.thumb
 207              	.LBE6:
 208              	.LBE4:
 209 0044 2168     		ldr	r1, [r4, #0]
 210              	.LVL13:
 211 0046 8B68     		ldr	r3, [r1, #8]
 212              	.LVL14:
 213 0048 002B     		cmp	r3, #0
 214 004a EED0     		beq	.L11
 215              	.LVL15:
 216              	.L7:
 217 004c 38BD     		pop	{r3, r4, r5, pc}
 218              	.L14:
 219 004e 00BF     		.align	2
 220              	.L13:
 221 0050 00000000 		.word	rlist
 222 0054 00000000 		.word	vtlist
 223              	.LBE3:
 224              		.cfi_endproc
ARM GAS  /var/folders/5n/p_75w94d66l9ssrldxqdhh700000gn/T//ccQuQaC2.s 			page 5


 225              	.LFE9:
 226              		.size	chSysTimerHandlerI, .-chSysTimerHandlerI
 227              		.global	_idle_thread_wa
 228 0058 AFF30080 		.section	.bss.mainthread.1983,"aw",%nobits
 228      AFF30080 
 229              		.align	2
 230              		.set	.LANCHOR0,. + 0
 231              		.type	mainthread.1983, %object
 232              		.size	mainthread.1983, 72
 233              	mainthread.1983:
 234 0000 00000000 		.space	72
 234      00000000 
 234      00000000 
 234      00000000 
 234      00000000 
 235              		.section	.rodata.str1.4,"aMS",%progbits,1
 236              		.align	2
 237              	.LC0:
 238 0000 69646C65 		.ascii	"idle\000"
 238      00
 239 0005 000000   		.section	.bss._idle_thread_wa,"aw",%nobits
 240              		.align	3
 241              		.set	.LANCHOR1,. + 0
 242              		.type	_idle_thread_wa, %object
 243              		.size	_idle_thread_wa, 192
 244              	_idle_thread_wa:
 245 0000 00000000 		.space	192
 245      00000000 
 245      00000000 
 245      00000000 
 245      00000000 
 246              		.text
 247              	.Letext0:
 248              		.file 2 "/usr/local/summon/lib/gcc/arm-none-eabi/4.6.2/../../../../arm-none-eabi/include/stdint.h"
 249              		.file 3 "../../os/ports/GCC/ARMCMx/chtypes.h"
 250              		.file 4 "../../os/kernel/include/chlists.h"
 251              		.file 5 "../../os/kernel/include/chthreads.h"
 252              		.file 6 "../../os/ports/GCC/ARMCMx/chcore_v7m.h"
 253              		.file 7 "../../os/kernel/include/chvt.h"
 254              		.file 8 "../../os/kernel/include/chschd.h"
 255              		.file 9 "../../os/kernel/include/chmtx.h"
 256              		.file 10 "../../os/kernel/include/chregistry.h"
 257              		.file 11 "../../os/kernel/include/ch.h"
 258              		.section	.debug_info,"",%progbits
 259              	.Ldebug_info0:
 260 0000 C7070000 		.4byte	0x7c7
 261 0004 0200     		.2byte	0x2
 262 0006 00000000 		.4byte	.Ldebug_abbrev0
 263 000a 04       		.byte	0x4
 264 000b 01       		.uleb128 0x1
 265 000c 61030000 		.4byte	.LASF101
 266 0010 01       		.byte	0x1
 267 0011 BE030000 		.4byte	.LASF102
 268 0015 F0030000 		.4byte	.LASF103
 269 0019 00000000 		.4byte	0
 270 001d 00000000 		.4byte	0
 271 0021 00000000 		.4byte	.Ldebug_ranges0+0
ARM GAS  /var/folders/5n/p_75w94d66l9ssrldxqdhh700000gn/T//ccQuQaC2.s 			page 6


 272 0025 00000000 		.4byte	.Ldebug_line0
 273 0029 02       		.uleb128 0x2
 274 002a 04       		.byte	0x4
 275 002b 05       		.byte	0x5
 276 002c 696E7400 		.ascii	"int\000"
 277 0030 03       		.uleb128 0x3
 278 0031 04       		.byte	0x4
 279 0032 07       		.byte	0x7
 280 0033 43010000 		.4byte	.LASF0
 281 0037 03       		.uleb128 0x3
 282 0038 01       		.byte	0x1
 283 0039 06       		.byte	0x6
 284 003a A0000000 		.4byte	.LASF1
 285 003e 04       		.uleb128 0x4
 286 003f DA030000 		.4byte	.LASF4
 287 0043 02       		.byte	0x2
 288 0044 2A       		.byte	0x2a
 289 0045 49000000 		.4byte	0x49
 290 0049 03       		.uleb128 0x3
 291 004a 01       		.byte	0x1
 292 004b 08       		.byte	0x8
 293 004c 7B020000 		.4byte	.LASF2
 294 0050 03       		.uleb128 0x3
 295 0051 02       		.byte	0x2
 296 0052 05       		.byte	0x5
 297 0053 93020000 		.4byte	.LASF3
 298 0057 04       		.uleb128 0x4
 299 0058 F5000000 		.4byte	.LASF5
 300 005c 02       		.byte	0x2
 301 005d 36       		.byte	0x36
 302 005e 62000000 		.4byte	0x62
 303 0062 03       		.uleb128 0x3
 304 0063 02       		.byte	0x2
 305 0064 07       		.byte	0x7
 306 0065 89010000 		.4byte	.LASF6
 307 0069 04       		.uleb128 0x4
 308 006a 73020000 		.4byte	.LASF7
 309 006e 02       		.byte	0x2
 310 006f 4F       		.byte	0x4f
 311 0070 74000000 		.4byte	0x74
 312 0074 03       		.uleb128 0x3
 313 0075 04       		.byte	0x4
 314 0076 05       		.byte	0x5
 315 0077 E3000000 		.4byte	.LASF8
 316 007b 04       		.uleb128 0x4
 317 007c 06030000 		.4byte	.LASF9
 318 0080 02       		.byte	0x2
 319 0081 50       		.byte	0x50
 320 0082 86000000 		.4byte	0x86
 321 0086 03       		.uleb128 0x3
 322 0087 04       		.byte	0x4
 323 0088 07       		.byte	0x7
 324 0089 58010000 		.4byte	.LASF10
 325 008d 03       		.uleb128 0x3
 326 008e 08       		.byte	0x8
 327 008f 05       		.byte	0x5
 328 0090 92000000 		.4byte	.LASF11
ARM GAS  /var/folders/5n/p_75w94d66l9ssrldxqdhh700000gn/T//ccQuQaC2.s 			page 7


 329 0094 04       		.uleb128 0x4
 330 0095 22000000 		.4byte	.LASF12
 331 0099 02       		.byte	0x2
 332 009a 78       		.byte	0x78
 333 009b 9F000000 		.4byte	0x9f
 334 009f 03       		.uleb128 0x3
 335 00a0 08       		.byte	0x8
 336 00a1 07       		.byte	0x7
 337 00a2 45000000 		.4byte	.LASF13
 338 00a6 04       		.uleb128 0x4
 339 00a7 A2010000 		.4byte	.LASF14
 340 00ab 03       		.byte	0x3
 341 00ac 28       		.byte	0x28
 342 00ad 3E000000 		.4byte	0x3e
 343 00b1 04       		.uleb128 0x4
 344 00b2 EC000000 		.4byte	.LASF15
 345 00b6 03       		.byte	0x3
 346 00b7 29       		.byte	0x29
 347 00b8 3E000000 		.4byte	0x3e
 348 00bc 04       		.uleb128 0x4
 349 00bd 51020000 		.4byte	.LASF16
 350 00c1 03       		.byte	0x3
 351 00c2 2A       		.byte	0x2a
 352 00c3 3E000000 		.4byte	0x3e
 353 00c7 04       		.uleb128 0x4
 354 00c8 D9000000 		.4byte	.LASF17
 355 00cc 03       		.byte	0x3
 356 00cd 2B       		.byte	0x2b
 357 00ce 3E000000 		.4byte	0x3e
 358 00d2 04       		.uleb128 0x4
 359 00d3 6B020000 		.4byte	.LASF18
 360 00d7 03       		.byte	0x3
 361 00d8 2C       		.byte	0x2c
 362 00d9 7B000000 		.4byte	0x7b
 363 00dd 04       		.uleb128 0x4
 364 00de 9C010000 		.4byte	.LASF19
 365 00e2 03       		.byte	0x3
 366 00e3 2D       		.byte	0x2d
 367 00e4 69000000 		.4byte	0x69
 368 00e8 04       		.uleb128 0x4
 369 00e9 B6010000 		.4byte	.LASF20
 370 00ed 03       		.byte	0x3
 371 00ee 2F       		.byte	0x2f
 372 00ef 7B000000 		.4byte	0x7b
 373 00f3 04       		.uleb128 0x4
 374 00f4 3C030000 		.4byte	.LASF21
 375 00f8 03       		.byte	0x3
 376 00f9 31       		.byte	0x31
 377 00fa 7B000000 		.4byte	0x7b
 378 00fe 04       		.uleb128 0x4
 379 00ff E7020000 		.4byte	.LASF22
 380 0103 04       		.byte	0x4
 381 0104 23       		.byte	0x23
 382 0105 09010000 		.4byte	0x109
 383 0109 05       		.uleb128 0x5
 384 010a E7020000 		.4byte	.LASF22
 385 010e 48       		.byte	0x48
ARM GAS  /var/folders/5n/p_75w94d66l9ssrldxqdhh700000gn/T//ccQuQaC2.s 			page 8


 386 010f 05       		.byte	0x5
 387 0110 57       		.byte	0x57
 388 0111 2E020000 		.4byte	0x22e
 389 0115 06       		.uleb128 0x6
 390 0116 C9020000 		.4byte	.LASF23
 391 011a 05       		.byte	0x5
 392 011b 58       		.byte	0x58
 393 011c 53020000 		.4byte	0x253
 394 0120 02       		.byte	0x2
 395 0121 23       		.byte	0x23
 396 0122 00       		.uleb128 0
 397 0123 06       		.uleb128 0x6
 398 0124 64020000 		.4byte	.LASF24
 399 0128 05       		.byte	0x5
 400 0129 5A       		.byte	0x5a
 401 012a 53020000 		.4byte	0x253
 402 012e 02       		.byte	0x2
 403 012f 23       		.byte	0x23
 404 0130 04       		.uleb128 0x4
 405 0131 06       		.uleb128 0x6
 406 0132 7E000000 		.4byte	.LASF25
 407 0136 05       		.byte	0x5
 408 0137 5C       		.byte	0x5c
 409 0138 D2000000 		.4byte	0xd2
 410 013c 02       		.byte	0x2
 411 013d 23       		.byte	0x23
 412 013e 08       		.uleb128 0x8
 413 013f 06       		.uleb128 0x6
 414 0140 6B040000 		.4byte	.LASF26
 415 0144 05       		.byte	0x5
 416 0145 5D       		.byte	0x5d
 417 0146 2C030000 		.4byte	0x32c
 418 014a 02       		.byte	0x2
 419 014b 23       		.byte	0x23
 420 014c 0C       		.uleb128 0xc
 421 014d 06       		.uleb128 0x6
 422 014e 08010000 		.4byte	.LASF27
 423 0152 05       		.byte	0x5
 424 0153 5F       		.byte	0x5f
 425 0154 53020000 		.4byte	0x253
 426 0158 02       		.byte	0x2
 427 0159 23       		.byte	0x23
 428 015a 10       		.uleb128 0x10
 429 015b 06       		.uleb128 0x6
 430 015c 0F020000 		.4byte	.LASF28
 431 0160 05       		.byte	0x5
 432 0161 60       		.byte	0x60
 433 0162 53020000 		.4byte	0x253
 434 0166 02       		.byte	0x2
 435 0167 23       		.byte	0x23
 436 0168 14       		.uleb128 0x14
 437 0169 06       		.uleb128 0x6
 438 016a E9030000 		.4byte	.LASF29
 439 016e 05       		.byte	0x5
 440 016f 67       		.byte	0x67
 441 0170 06050000 		.4byte	0x506
 442 0174 02       		.byte	0x2
ARM GAS  /var/folders/5n/p_75w94d66l9ssrldxqdhh700000gn/T//ccQuQaC2.s 			page 9


 443 0175 23       		.byte	0x23
 444 0176 18       		.uleb128 0x18
 445 0177 06       		.uleb128 0x6
 446 0178 9D020000 		.4byte	.LASF30
 447 017c 05       		.byte	0x5
 448 017d 72       		.byte	0x72
 449 017e B1000000 		.4byte	0xb1
 450 0182 02       		.byte	0x2
 451 0183 23       		.byte	0x23
 452 0184 1C       		.uleb128 0x1c
 453 0185 06       		.uleb128 0x6
 454 0186 DF020000 		.4byte	.LASF31
 455 018a 05       		.byte	0x5
 456 018b 76       		.byte	0x76
 457 018c A6000000 		.4byte	0xa6
 458 0190 02       		.byte	0x2
 459 0191 23       		.byte	0x23
 460 0192 1D       		.uleb128 0x1d
 461 0193 06       		.uleb128 0x6
 462 0194 A7030000 		.4byte	.LASF32
 463 0198 05       		.byte	0x5
 464 0199 7B       		.byte	0x7b
 465 019a BC000000 		.4byte	0xbc
 466 019e 02       		.byte	0x2
 467 019f 23       		.byte	0x23
 468 01a0 1E       		.uleb128 0x1e
 469 01a1 06       		.uleb128 0x6
 470 01a2 A5020000 		.4byte	.LASF33
 471 01a6 05       		.byte	0x5
 472 01a7 81       		.byte	0x81
 473 01a8 C7000000 		.4byte	0xc7
 474 01ac 02       		.byte	0x2
 475 01ad 23       		.byte	0x23
 476 01ae 1F       		.uleb128 0x1f
 477 01af 06       		.uleb128 0x6
 478 01b0 5A030000 		.4byte	.LASF34
 479 01b4 05       		.byte	0x5
 480 01b5 88       		.byte	0x88
 481 01b6 11040000 		.4byte	0x411
 482 01ba 02       		.byte	0x2
 483 01bb 23       		.byte	0x23
 484 01bc 20       		.uleb128 0x20
 485 01bd 07       		.uleb128 0x7
 486 01be 705F7500 		.ascii	"p_u\000"
 487 01c2 05       		.byte	0x5
 488 01c3 AD       		.byte	0xad
 489 01c4 D1040000 		.4byte	0x4d1
 490 01c8 02       		.byte	0x2
 491 01c9 23       		.byte	0x23
 492 01ca 24       		.uleb128 0x24
 493 01cb 06       		.uleb128 0x6
 494 01cc 71040000 		.4byte	.LASF35
 495 01d0 05       		.byte	0x5
 496 01d1 B2       		.byte	0xb2
 497 01d2 7B020000 		.4byte	0x27b
 498 01d6 02       		.byte	0x2
 499 01d7 23       		.byte	0x23
ARM GAS  /var/folders/5n/p_75w94d66l9ssrldxqdhh700000gn/T//ccQuQaC2.s 			page 10


 500 01d8 28       		.uleb128 0x28
 501 01d9 06       		.uleb128 0x6
 502 01da 8A030000 		.4byte	.LASF36
 503 01de 05       		.byte	0x5
 504 01df B8       		.byte	0xb8
 505 01e0 59020000 		.4byte	0x259
 506 01e4 02       		.byte	0x2
 507 01e5 23       		.byte	0x23
 508 01e6 2C       		.uleb128 0x2c
 509 01e7 06       		.uleb128 0x6
 510 01e8 15000000 		.4byte	.LASF37
 511 01ec 05       		.byte	0x5
 512 01ed BC       		.byte	0xbc
 513 01ee DD000000 		.4byte	0xdd
 514 01f2 02       		.byte	0x2
 515 01f3 23       		.byte	0x23
 516 01f4 34       		.uleb128 0x34
 517 01f5 06       		.uleb128 0x6
 518 01f6 FB020000 		.4byte	.LASF38
 519 01fa 05       		.byte	0x5
 520 01fb C2       		.byte	0xc2
 521 01fc E8000000 		.4byte	0xe8
 522 0200 02       		.byte	0x2
 523 0201 23       		.byte	0x23
 524 0202 38       		.uleb128 0x38
 525 0203 06       		.uleb128 0x6
 526 0204 89020000 		.4byte	.LASF39
 527 0208 05       		.byte	0x5
 528 0209 C9       		.byte	0xc9
 529 020a 18050000 		.4byte	0x518
 530 020e 02       		.byte	0x2
 531 020f 23       		.byte	0x23
 532 0210 3C       		.uleb128 0x3c
 533 0211 06       		.uleb128 0x6
 534 0212 46030000 		.4byte	.LASF40
 535 0216 05       		.byte	0x5
 536 0217 CD       		.byte	0xcd
 537 0218 D2000000 		.4byte	0xd2
 538 021c 02       		.byte	0x2
 539 021d 23       		.byte	0x23
 540 021e 40       		.uleb128 0x40
 541 021f 06       		.uleb128 0x6
 542 0220 C9000000 		.4byte	.LASF41
 543 0224 05       		.byte	0x5
 544 0225 D3       		.byte	0xd3
 545 0226 91020000 		.4byte	0x291
 546 022a 02       		.byte	0x2
 547 022b 23       		.byte	0x23
 548 022c 44       		.uleb128 0x44
 549 022d 00       		.byte	0
 550 022e 08       		.uleb128 0x8
 551 022f 08       		.byte	0x8
 552 0230 04       		.byte	0x4
 553 0231 5A       		.byte	0x5a
 554 0232 53020000 		.4byte	0x253
 555 0236 06       		.uleb128 0x6
 556 0237 C9020000 		.4byte	.LASF23
ARM GAS  /var/folders/5n/p_75w94d66l9ssrldxqdhh700000gn/T//ccQuQaC2.s 			page 11


 557 023b 04       		.byte	0x4
 558 023c 5B       		.byte	0x5b
 559 023d 53020000 		.4byte	0x253
 560 0241 02       		.byte	0x2
 561 0242 23       		.byte	0x23
 562 0243 00       		.uleb128 0
 563 0244 06       		.uleb128 0x6
 564 0245 64020000 		.4byte	.LASF24
 565 0249 04       		.byte	0x4
 566 024a 5D       		.byte	0x5d
 567 024b 53020000 		.4byte	0x253
 568 024f 02       		.byte	0x2
 569 0250 23       		.byte	0x23
 570 0251 04       		.uleb128 0x4
 571 0252 00       		.byte	0
 572 0253 09       		.uleb128 0x9
 573 0254 04       		.byte	0x4
 574 0255 FE000000 		.4byte	0xfe
 575 0259 04       		.uleb128 0x4
 576 025a 1D020000 		.4byte	.LASF42
 577 025e 04       		.byte	0x4
 578 025f 5F       		.byte	0x5f
 579 0260 2E020000 		.4byte	0x22e
 580 0264 08       		.uleb128 0x8
 581 0265 04       		.byte	0x4
 582 0266 04       		.byte	0x4
 583 0267 64       		.byte	0x64
 584 0268 7B020000 		.4byte	0x27b
 585 026c 06       		.uleb128 0x6
 586 026d C9020000 		.4byte	.LASF23
 587 0271 04       		.byte	0x4
 588 0272 66       		.byte	0x66
 589 0273 53020000 		.4byte	0x253
 590 0277 02       		.byte	0x2
 591 0278 23       		.byte	0x23
 592 0279 00       		.uleb128 0
 593 027a 00       		.byte	0
 594 027b 04       		.uleb128 0x4
 595 027c AA010000 		.4byte	.LASF43
 596 0280 04       		.byte	0x4
 597 0281 69       		.byte	0x69
 598 0282 64020000 		.4byte	0x264
 599 0286 04       		.uleb128 0x4
 600 0287 28010000 		.4byte	.LASF44
 601 028b 06       		.byte	0x6
 602 028c DE       		.byte	0xde
 603 028d 91020000 		.4byte	0x291
 604 0291 0A       		.uleb128 0xa
 605 0292 04       		.byte	0x4
 606 0293 04       		.uleb128 0x4
 607 0294 C8010000 		.4byte	.LASF45
 608 0298 06       		.byte	0x6
 609 0299 E4       		.byte	0xe4
 610 029a 94000000 		.4byte	0x94
 611 029e 0B       		.uleb128 0xb
 612 029f 83030000 		.4byte	.LASF46
 613 02a3 24       		.byte	0x24
ARM GAS  /var/folders/5n/p_75w94d66l9ssrldxqdhh700000gn/T//ccQuQaC2.s 			page 12


 614 02a4 06       		.byte	0x6
 615 02a5 0501     		.2byte	0x105
 616 02a7 2C030000 		.4byte	0x32c
 617 02ab 0C       		.uleb128 0xc
 618 02ac 723400   		.ascii	"r4\000"
 619 02af 06       		.byte	0x6
 620 02b0 1801     		.2byte	0x118
 621 02b2 86020000 		.4byte	0x286
 622 02b6 02       		.byte	0x2
 623 02b7 23       		.byte	0x23
 624 02b8 00       		.uleb128 0
 625 02b9 0C       		.uleb128 0xc
 626 02ba 723500   		.ascii	"r5\000"
 627 02bd 06       		.byte	0x6
 628 02be 1901     		.2byte	0x119
 629 02c0 86020000 		.4byte	0x286
 630 02c4 02       		.byte	0x2
 631 02c5 23       		.byte	0x23
 632 02c6 04       		.uleb128 0x4
 633 02c7 0C       		.uleb128 0xc
 634 02c8 723600   		.ascii	"r6\000"
 635 02cb 06       		.byte	0x6
 636 02cc 1A01     		.2byte	0x11a
 637 02ce 86020000 		.4byte	0x286
 638 02d2 02       		.byte	0x2
 639 02d3 23       		.byte	0x23
 640 02d4 08       		.uleb128 0x8
 641 02d5 0C       		.uleb128 0xc
 642 02d6 723700   		.ascii	"r7\000"
 643 02d9 06       		.byte	0x6
 644 02da 1B01     		.2byte	0x11b
 645 02dc 86020000 		.4byte	0x286
 646 02e0 02       		.byte	0x2
 647 02e1 23       		.byte	0x23
 648 02e2 0C       		.uleb128 0xc
 649 02e3 0C       		.uleb128 0xc
 650 02e4 723800   		.ascii	"r8\000"
 651 02e7 06       		.byte	0x6
 652 02e8 1C01     		.2byte	0x11c
 653 02ea 86020000 		.4byte	0x286
 654 02ee 02       		.byte	0x2
 655 02ef 23       		.byte	0x23
 656 02f0 10       		.uleb128 0x10
 657 02f1 0C       		.uleb128 0xc
 658 02f2 723900   		.ascii	"r9\000"
 659 02f5 06       		.byte	0x6
 660 02f6 1D01     		.2byte	0x11d
 661 02f8 86020000 		.4byte	0x286
 662 02fc 02       		.byte	0x2
 663 02fd 23       		.byte	0x23
 664 02fe 14       		.uleb128 0x14
 665 02ff 0C       		.uleb128 0xc
 666 0300 72313000 		.ascii	"r10\000"
 667 0304 06       		.byte	0x6
 668 0305 1E01     		.2byte	0x11e
 669 0307 86020000 		.4byte	0x286
 670 030b 02       		.byte	0x2
ARM GAS  /var/folders/5n/p_75w94d66l9ssrldxqdhh700000gn/T//ccQuQaC2.s 			page 13


 671 030c 23       		.byte	0x23
 672 030d 18       		.uleb128 0x18
 673 030e 0C       		.uleb128 0xc
 674 030f 72313100 		.ascii	"r11\000"
 675 0313 06       		.byte	0x6
 676 0314 1F01     		.2byte	0x11f
 677 0316 86020000 		.4byte	0x286
 678 031a 02       		.byte	0x2
 679 031b 23       		.byte	0x23
 680 031c 1C       		.uleb128 0x1c
 681 031d 0C       		.uleb128 0xc
 682 031e 6C7200   		.ascii	"lr\000"
 683 0321 06       		.byte	0x6
 684 0322 2001     		.2byte	0x120
 685 0324 86020000 		.4byte	0x286
 686 0328 02       		.byte	0x2
 687 0329 23       		.byte	0x23
 688 032a 20       		.uleb128 0x20
 689 032b 00       		.byte	0
 690 032c 0B       		.uleb128 0xb
 691 032d 81010000 		.4byte	.LASF47
 692 0331 04       		.byte	0x4
 693 0332 06       		.byte	0x6
 694 0333 2A01     		.2byte	0x12a
 695 0335 49030000 		.4byte	0x349
 696 0339 0C       		.uleb128 0xc
 697 033a 72313300 		.ascii	"r13\000"
 698 033e 06       		.byte	0x6
 699 033f 2B01     		.2byte	0x12b
 700 0341 49030000 		.4byte	0x349
 701 0345 02       		.byte	0x2
 702 0346 23       		.byte	0x23
 703 0347 00       		.uleb128 0
 704 0348 00       		.byte	0
 705 0349 09       		.uleb128 0x9
 706 034a 04       		.byte	0x4
 707 034b 9E020000 		.4byte	0x29e
 708 034f 04       		.uleb128 0x4
 709 0350 51030000 		.4byte	.LASF48
 710 0354 07       		.byte	0x7
 711 0355 4E       		.byte	0x4e
 712 0356 5A030000 		.4byte	0x35a
 713 035a 09       		.uleb128 0x9
 714 035b 04       		.byte	0x4
 715 035c 60030000 		.4byte	0x360
 716 0360 0D       		.uleb128 0xd
 717 0361 01       		.byte	0x1
 718 0362 6C030000 		.4byte	0x36c
 719 0366 0E       		.uleb128 0xe
 720 0367 91020000 		.4byte	0x291
 721 036b 00       		.byte	0
 722 036c 04       		.uleb128 0x4
 723 036d 23030000 		.4byte	.LASF49
 724 0371 07       		.byte	0x7
 725 0372 53       		.byte	0x53
 726 0373 77030000 		.4byte	0x377
 727 0377 05       		.uleb128 0x5
ARM GAS  /var/folders/5n/p_75w94d66l9ssrldxqdhh700000gn/T//ccQuQaC2.s 			page 14


 728 0378 23030000 		.4byte	.LASF49
 729 037c 14       		.byte	0x14
 730 037d 07       		.byte	0x7
 731 037e 5A       		.byte	0x5a
 732 037f CA030000 		.4byte	0x3ca
 733 0383 06       		.uleb128 0x6
 734 0384 50010000 		.4byte	.LASF50
 735 0388 07       		.byte	0x7
 736 0389 5B       		.byte	0x5b
 737 038a CA030000 		.4byte	0x3ca
 738 038e 02       		.byte	0x2
 739 038f 23       		.byte	0x23
 740 0390 00       		.uleb128 0
 741 0391 06       		.uleb128 0x6
 742 0392 31010000 		.4byte	.LASF51
 743 0396 07       		.byte	0x7
 744 0397 5D       		.byte	0x5d
 745 0398 CA030000 		.4byte	0x3ca
 746 039c 02       		.byte	0x2
 747 039d 23       		.byte	0x23
 748 039e 04       		.uleb128 0x4
 749 039f 06       		.uleb128 0x6
 750 03a0 E7010000 		.4byte	.LASF52
 751 03a4 07       		.byte	0x7
 752 03a5 5F       		.byte	0x5f
 753 03a6 F3000000 		.4byte	0xf3
 754 03aa 02       		.byte	0x2
 755 03ab 23       		.byte	0x23
 756 03ac 08       		.uleb128 0x8
 757 03ad 06       		.uleb128 0x6
 758 03ae EF010000 		.4byte	.LASF53
 759 03b2 07       		.byte	0x7
 760 03b3 60       		.byte	0x60
 761 03b4 4F030000 		.4byte	0x34f
 762 03b8 02       		.byte	0x2
 763 03b9 23       		.byte	0x23
 764 03ba 0C       		.uleb128 0xc
 765 03bb 06       		.uleb128 0x6
 766 03bc 95030000 		.4byte	.LASF54
 767 03c0 07       		.byte	0x7
 768 03c1 62       		.byte	0x62
 769 03c2 91020000 		.4byte	0x291
 770 03c6 02       		.byte	0x2
 771 03c7 23       		.byte	0x23
 772 03c8 10       		.uleb128 0x10
 773 03c9 00       		.byte	0
 774 03ca 09       		.uleb128 0x9
 775 03cb 04       		.byte	0x4
 776 03cc 6C030000 		.4byte	0x36c
 777 03d0 08       		.uleb128 0x8
 778 03d1 10       		.byte	0x10
 779 03d2 07       		.byte	0x7
 780 03d3 6C       		.byte	0x6c
 781 03d4 11040000 		.4byte	0x411
 782 03d8 06       		.uleb128 0x6
 783 03d9 50010000 		.4byte	.LASF50
 784 03dd 07       		.byte	0x7
ARM GAS  /var/folders/5n/p_75w94d66l9ssrldxqdhh700000gn/T//ccQuQaC2.s 			page 15


 785 03de 6D       		.byte	0x6d
 786 03df CA030000 		.4byte	0x3ca
 787 03e3 02       		.byte	0x2
 788 03e4 23       		.byte	0x23
 789 03e5 00       		.uleb128 0
 790 03e6 06       		.uleb128 0x6
 791 03e7 31010000 		.4byte	.LASF51
 792 03eb 07       		.byte	0x7
 793 03ec 6F       		.byte	0x6f
 794 03ed CA030000 		.4byte	0x3ca
 795 03f1 02       		.byte	0x2
 796 03f2 23       		.byte	0x23
 797 03f3 04       		.uleb128 0x4
 798 03f4 06       		.uleb128 0x6
 799 03f5 E7010000 		.4byte	.LASF52
 800 03f9 07       		.byte	0x7
 801 03fa 71       		.byte	0x71
 802 03fb F3000000 		.4byte	0xf3
 803 03ff 02       		.byte	0x2
 804 0400 23       		.byte	0x23
 805 0401 08       		.uleb128 0x8
 806 0402 06       		.uleb128 0x6
 807 0403 46040000 		.4byte	.LASF55
 808 0407 07       		.byte	0x7
 809 0408 72       		.byte	0x72
 810 0409 11040000 		.4byte	0x411
 811 040d 02       		.byte	0x2
 812 040e 23       		.byte	0x23
 813 040f 0C       		.uleb128 0xc
 814 0410 00       		.byte	0
 815 0411 0F       		.uleb128 0xf
 816 0412 F3000000 		.4byte	0xf3
 817 0416 04       		.uleb128 0x4
 818 0417 5C040000 		.4byte	.LASF56
 819 041b 07       		.byte	0x7
 820 041c 73       		.byte	0x73
 821 041d D0030000 		.4byte	0x3d0
 822 0421 08       		.uleb128 0x8
 823 0422 1C       		.byte	0x1c
 824 0423 08       		.byte	0x8
 825 0424 57       		.byte	0x57
 826 0425 7E040000 		.4byte	0x47e
 827 0429 06       		.uleb128 0x6
 828 042a 1B030000 		.4byte	.LASF57
 829 042e 08       		.byte	0x8
 830 042f 58       		.byte	0x58
 831 0430 59020000 		.4byte	0x259
 832 0434 02       		.byte	0x2
 833 0435 23       		.byte	0x23
 834 0436 00       		.uleb128 0
 835 0437 06       		.uleb128 0x6
 836 0438 BB020000 		.4byte	.LASF58
 837 043c 08       		.byte	0x8
 838 043d 59       		.byte	0x59
 839 043e D2000000 		.4byte	0xd2
 840 0442 02       		.byte	0x2
 841 0443 23       		.byte	0x23
ARM GAS  /var/folders/5n/p_75w94d66l9ssrldxqdhh700000gn/T//ccQuQaC2.s 			page 16


 842 0444 08       		.uleb128 0x8
 843 0445 06       		.uleb128 0x6
 844 0446 17020000 		.4byte	.LASF59
 845 044a 08       		.byte	0x8
 846 044b 5B       		.byte	0x5b
 847 044c 2C030000 		.4byte	0x32c
 848 0450 02       		.byte	0x2
 849 0451 23       		.byte	0x23
 850 0452 0C       		.uleb128 0xc
 851 0453 06       		.uleb128 0x6
 852 0454 20010000 		.4byte	.LASF60
 853 0458 08       		.byte	0x8
 854 0459 5E       		.byte	0x5e
 855 045a 53020000 		.4byte	0x253
 856 045e 02       		.byte	0x2
 857 045f 23       		.byte	0x23
 858 0460 10       		.uleb128 0x10
 859 0461 06       		.uleb128 0x6
 860 0462 3C020000 		.4byte	.LASF61
 861 0466 08       		.byte	0x8
 862 0467 5F       		.byte	0x5f
 863 0468 53020000 		.4byte	0x253
 864 046c 02       		.byte	0x2
 865 046d 23       		.byte	0x23
 866 046e 14       		.uleb128 0x14
 867 046f 06       		.uleb128 0x6
 868 0470 32020000 		.4byte	.LASF62
 869 0474 08       		.byte	0x8
 870 0475 62       		.byte	0x62
 871 0476 53020000 		.4byte	0x253
 872 047a 02       		.byte	0x2
 873 047b 23       		.byte	0x23
 874 047c 18       		.uleb128 0x18
 875 047d 00       		.byte	0
 876 047e 04       		.uleb128 0x4
 877 047f AE030000 		.4byte	.LASF63
 878 0483 08       		.byte	0x8
 879 0484 64       		.byte	0x64
 880 0485 21040000 		.4byte	0x421
 881 0489 05       		.uleb128 0x5
 882 048a C2010000 		.4byte	.LASF64
 883 048e 10       		.byte	0x10
 884 048f 09       		.byte	0x9
 885 0490 25       		.byte	0x25
 886 0491 C0040000 		.4byte	0x4c0
 887 0495 06       		.uleb128 0x6
 888 0496 D1000000 		.4byte	.LASF65
 889 049a 09       		.byte	0x9
 890 049b 26       		.byte	0x26
 891 049c 59020000 		.4byte	0x259
 892 04a0 02       		.byte	0x2
 893 04a1 23       		.byte	0x23
 894 04a2 00       		.uleb128 0
 895 04a3 06       		.uleb128 0x6
 896 04a4 63040000 		.4byte	.LASF66
 897 04a8 09       		.byte	0x9
 898 04a9 28       		.byte	0x28
ARM GAS  /var/folders/5n/p_75w94d66l9ssrldxqdhh700000gn/T//ccQuQaC2.s 			page 17


 899 04aa 53020000 		.4byte	0x253
 900 04ae 02       		.byte	0x2
 901 04af 23       		.byte	0x23
 902 04b0 08       		.uleb128 0x8
 903 04b1 06       		.uleb128 0x6
 904 04b2 35030000 		.4byte	.LASF67
 905 04b6 09       		.byte	0x9
 906 04b7 2A       		.byte	0x2a
 907 04b8 C0040000 		.4byte	0x4c0
 908 04bc 02       		.byte	0x2
 909 04bd 23       		.byte	0x23
 910 04be 0C       		.uleb128 0xc
 911 04bf 00       		.byte	0
 912 04c0 09       		.uleb128 0x9
 913 04c1 04       		.byte	0x4
 914 04c2 89040000 		.4byte	0x489
 915 04c6 04       		.uleb128 0x4
 916 04c7 C2010000 		.4byte	.LASF64
 917 04cb 09       		.byte	0x9
 918 04cc 2C       		.byte	0x2c
 919 04cd 89040000 		.4byte	0x489
 920 04d1 10       		.uleb128 0x10
 921 04d2 04       		.byte	0x4
 922 04d3 05       		.byte	0x5
 923 04d4 8F       		.byte	0x8f
 924 04d5 06050000 		.4byte	0x506
 925 04d9 11       		.uleb128 0x11
 926 04da 1B000000 		.4byte	.LASF68
 927 04de 05       		.byte	0x5
 928 04df 96       		.byte	0x96
 929 04e0 DD000000 		.4byte	0xdd
 930 04e4 11       		.uleb128 0x11
 931 04e5 6A000000 		.4byte	.LASF69
 932 04e9 05       		.byte	0x5
 933 04ea 9D       		.byte	0x9d
 934 04eb DD000000 		.4byte	0xdd
 935 04ef 11       		.uleb128 0x11
 936 04f0 E2030000 		.4byte	.LASF70
 937 04f4 05       		.byte	0x5
 938 04f5 A4       		.byte	0xa4
 939 04f6 91020000 		.4byte	0x291
 940 04fa 11       		.uleb128 0x11
 941 04fb C2020000 		.4byte	.LASF71
 942 04ff 05       		.byte	0x5
 943 0500 AB       		.byte	0xab
 944 0501 E8000000 		.4byte	0xe8
 945 0505 00       		.byte	0
 946 0506 09       		.uleb128 0x9
 947 0507 04       		.byte	0x4
 948 0508 0C050000 		.4byte	0x50c
 949 050c 12       		.uleb128 0x12
 950 050d 11050000 		.4byte	0x511
 951 0511 03       		.uleb128 0x3
 952 0512 01       		.byte	0x1
 953 0513 08       		.byte	0x8
 954 0514 30030000 		.4byte	.LASF72
 955 0518 09       		.uleb128 0x9
ARM GAS  /var/folders/5n/p_75w94d66l9ssrldxqdhh700000gn/T//ccQuQaC2.s 			page 18


 956 0519 04       		.byte	0x4
 957 051a C6040000 		.4byte	0x4c6
 958 051e 04       		.uleb128 0x4
 959 051f 00000000 		.4byte	.LASF73
 960 0523 05       		.byte	0x5
 961 0524 DE       		.byte	0xde
 962 0525 29050000 		.4byte	0x529
 963 0529 09       		.uleb128 0x9
 964 052a 04       		.byte	0x4
 965 052b 2F050000 		.4byte	0x52f
 966 052f 13       		.uleb128 0x13
 967 0530 01       		.byte	0x1
 968 0531 DD000000 		.4byte	0xdd
 969 0535 3F050000 		.4byte	0x53f
 970 0539 0E       		.uleb128 0xe
 971 053a 91020000 		.4byte	0x291
 972 053e 00       		.byte	0
 973 053f 08       		.uleb128 0x8
 974 0540 16       		.byte	0x16
 975 0541 0A       		.byte	0xa
 976 0542 25       		.byte	0x25
 977 0543 44060000 		.4byte	0x644
 978 0547 06       		.uleb128 0x6
 979 0548 73010000 		.4byte	.LASF74
 980 054c 0A       		.byte	0xa
 981 054d 26       		.byte	0x26
 982 054e 44060000 		.4byte	0x644
 983 0552 02       		.byte	0x2
 984 0553 23       		.byte	0x23
 985 0554 00       		.uleb128 0
 986 0555 06       		.uleb128 0x6
 987 0556 D3010000 		.4byte	.LASF75
 988 055a 0A       		.byte	0xa
 989 055b 27       		.byte	0x27
 990 055c 3E000000 		.4byte	0x3e
 991 0560 02       		.byte	0x2
 992 0561 23       		.byte	0x23
 993 0562 04       		.uleb128 0x4
 994 0563 06       		.uleb128 0x6
 995 0564 2A020000 		.4byte	.LASF76
 996 0568 0A       		.byte	0xa
 997 0569 28       		.byte	0x28
 998 056a 3E000000 		.4byte	0x3e
 999 056e 02       		.byte	0x2
 1000 056f 23       		.byte	0x23
 1001 0570 05       		.uleb128 0x5
 1002 0571 06       		.uleb128 0x6
 1003 0572 51040000 		.4byte	.LASF77
 1004 0576 0A       		.byte	0xa
 1005 0577 29       		.byte	0x29
 1006 0578 57000000 		.4byte	0x57
 1007 057c 02       		.byte	0x2
 1008 057d 23       		.byte	0x23
 1009 057e 06       		.uleb128 0x6
 1010 057f 06       		.uleb128 0x6
 1011 0580 59020000 		.4byte	.LASF78
 1012 0584 0A       		.byte	0xa
ARM GAS  /var/folders/5n/p_75w94d66l9ssrldxqdhh700000gn/T//ccQuQaC2.s 			page 19


 1013 0585 2A       		.byte	0x2a
 1014 0586 3E000000 		.4byte	0x3e
 1015 058a 02       		.byte	0x2
 1016 058b 23       		.byte	0x23
 1017 058c 08       		.uleb128 0x8
 1018 058d 06       		.uleb128 0x6
 1019 058e F7010000 		.4byte	.LASF79
 1020 0592 0A       		.byte	0xa
 1021 0593 2B       		.byte	0x2b
 1022 0594 3E000000 		.4byte	0x3e
 1023 0598 02       		.byte	0x2
 1024 0599 23       		.byte	0x23
 1025 059a 09       		.uleb128 0x9
 1026 059b 06       		.uleb128 0x6
 1027 059c 5C000000 		.4byte	.LASF80
 1028 05a0 0A       		.byte	0xa
 1029 05a1 2C       		.byte	0x2c
 1030 05a2 3E000000 		.4byte	0x3e
 1031 05a6 02       		.byte	0x2
 1032 05a7 23       		.byte	0x23
 1033 05a8 0A       		.uleb128 0xa
 1034 05a9 06       		.uleb128 0x6
 1035 05aa 0F030000 		.4byte	.LASF81
 1036 05ae 0A       		.byte	0xa
 1037 05af 2D       		.byte	0x2d
 1038 05b0 3E000000 		.4byte	0x3e
 1039 05b4 02       		.byte	0x2
 1040 05b5 23       		.byte	0x23
 1041 05b6 0B       		.uleb128 0xb
 1042 05b7 06       		.uleb128 0x6
 1043 05b8 9C030000 		.4byte	.LASF82
 1044 05bc 0A       		.byte	0xa
 1045 05bd 2E       		.byte	0x2e
 1046 05be 3E000000 		.4byte	0x3e
 1047 05c2 02       		.byte	0x2
 1048 05c3 23       		.byte	0x23
 1049 05c4 0C       		.uleb128 0xc
 1050 05c5 06       		.uleb128 0x6
 1051 05c6 EE020000 		.4byte	.LASF83
 1052 05ca 0A       		.byte	0xa
 1053 05cb 2F       		.byte	0x2f
 1054 05cc 3E000000 		.4byte	0x3e
 1055 05d0 02       		.byte	0x2
 1056 05d1 23       		.byte	0x23
 1057 05d2 0D       		.uleb128 0xd
 1058 05d3 06       		.uleb128 0x6
 1059 05d4 08000000 		.4byte	.LASF84
 1060 05d8 0A       		.byte	0xa
 1061 05d9 30       		.byte	0x30
 1062 05da 3E000000 		.4byte	0x3e
 1063 05de 02       		.byte	0x2
 1064 05df 23       		.byte	0x23
 1065 05e0 0E       		.uleb128 0xe
 1066 05e1 06       		.uleb128 0x6
 1067 05e2 03020000 		.4byte	.LASF85
 1068 05e6 0A       		.byte	0xa
 1069 05e7 31       		.byte	0x31
ARM GAS  /var/folders/5n/p_75w94d66l9ssrldxqdhh700000gn/T//ccQuQaC2.s 			page 20


 1070 05e8 3E000000 		.4byte	0x3e
 1071 05ec 02       		.byte	0x2
 1072 05ed 23       		.byte	0x23
 1073 05ee 0F       		.uleb128 0xf
 1074 05ef 06       		.uleb128 0x6
 1075 05f0 AC000000 		.4byte	.LASF86
 1076 05f4 0A       		.byte	0xa
 1077 05f5 32       		.byte	0x32
 1078 05f6 3E000000 		.4byte	0x3e
 1079 05fa 02       		.byte	0x2
 1080 05fb 23       		.byte	0x23
 1081 05fc 10       		.uleb128 0x10
 1082 05fd 06       		.uleb128 0x6
 1083 05fe 85000000 		.4byte	.LASF87
 1084 0602 0A       		.byte	0xa
 1085 0603 34       		.byte	0x34
 1086 0604 3E000000 		.4byte	0x3e
 1087 0608 02       		.byte	0x2
 1088 0609 23       		.byte	0x23
 1089 060a 11       		.uleb128 0x11
 1090 060b 06       		.uleb128 0x6
 1091 060c BC000000 		.4byte	.LASF88
 1092 0610 0A       		.byte	0xa
 1093 0611 35       		.byte	0x35
 1094 0612 3E000000 		.4byte	0x3e
 1095 0616 02       		.byte	0x2
 1096 0617 23       		.byte	0x23
 1097 0618 12       		.uleb128 0x12
 1098 0619 06       		.uleb128 0x6
 1099 061a DB010000 		.4byte	.LASF89
 1100 061e 0A       		.byte	0xa
 1101 061f 36       		.byte	0x36
 1102 0620 3E000000 		.4byte	0x3e
 1103 0624 02       		.byte	0x2
 1104 0625 23       		.byte	0x23
 1105 0626 13       		.uleb128 0x13
 1106 0627 06       		.uleb128 0x6
 1107 0628 D0020000 		.4byte	.LASF90
 1108 062c 0A       		.byte	0xa
 1109 062d 37       		.byte	0x37
 1110 062e 3E000000 		.4byte	0x3e
 1111 0632 02       		.byte	0x2
 1112 0633 23       		.byte	0x23
 1113 0634 14       		.uleb128 0x14
 1114 0635 06       		.uleb128 0x6
 1115 0636 AF020000 		.4byte	.LASF91
 1116 063a 0A       		.byte	0xa
 1117 063b 39       		.byte	0x39
 1118 063c 3E000000 		.4byte	0x3e
 1119 0640 02       		.byte	0x2
 1120 0641 23       		.byte	0x23
 1121 0642 15       		.uleb128 0x15
 1122 0643 00       		.byte	0
 1123 0644 14       		.uleb128 0x14
 1124 0645 11050000 		.4byte	0x511
 1125 0649 54060000 		.4byte	0x654
 1126 064d 15       		.uleb128 0x15
ARM GAS  /var/folders/5n/p_75w94d66l9ssrldxqdhh700000gn/T//ccQuQaC2.s 			page 21


 1127 064e 30000000 		.4byte	0x30
 1128 0652 03       		.byte	0x3
 1129 0653 00       		.byte	0
 1130 0654 04       		.uleb128 0x4
 1131 0655 FE000000 		.4byte	.LASF92
 1132 0659 0A       		.byte	0xa
 1133 065a 3A       		.byte	0x3a
 1134 065b 3F050000 		.4byte	0x53f
 1135 065f 16       		.uleb128 0x16
 1136 0660 01       		.byte	0x1
 1137 0661 44020000 		.4byte	.LASF93
 1138 0665 01       		.byte	0x1
 1139 0666 36       		.byte	0x36
 1140 0667 01       		.byte	0x1
 1141 0668 00000000 		.4byte	.LFB7
 1142 066c 14000000 		.4byte	.LFE7
 1143 0670 02       		.byte	0x2
 1144 0671 7D       		.byte	0x7d
 1145 0672 00       		.sleb128 0
 1146 0673 83060000 		.4byte	0x683
 1147 0677 17       		.uleb128 0x17
 1148 0678 7000     		.ascii	"p\000"
 1149 067a 01       		.byte	0x1
 1150 067b 36       		.byte	0x36
 1151 067c 91020000 		.4byte	0x291
 1152 0680 01       		.byte	0x1
 1153 0681 50       		.byte	0x50
 1154 0682 00       		.byte	0
 1155 0683 18       		.uleb128 0x18
 1156 0684 01       		.byte	0x1
 1157 0685 39010000 		.4byte	.LASF94
 1158 0689 01       		.byte	0x1
 1159 068a 4D       		.byte	0x4d
 1160 068b 01       		.byte	0x1
 1161 068c 00000000 		.4byte	.LFB8
 1162 0690 66000000 		.4byte	.LFE8
 1163 0694 00000000 		.4byte	.LLST0
 1164 0698 C7060000 		.4byte	0x6c7
 1165 069c 19       		.uleb128 0x19
 1166 069d 73000000 		.4byte	.LASF95
 1167 06a1 01       		.byte	0x1
 1168 06a2 4E       		.byte	0x4e
 1169 06a3 FE000000 		.4byte	0xfe
 1170 06a7 05       		.byte	0x5
 1171 06a8 03       		.byte	0x3
 1172 06a9 00000000 		.4byte	mainthread.1983
 1173 06ad 1A       		.uleb128 0x1a
 1174 06ae 34000000 		.4byte	.LBB2
 1175 06b2 3C000000 		.4byte	.LBE2
 1176 06b6 1B       		.uleb128 0x1b
 1177 06b7 746D7000 		.ascii	"tmp\000"
 1178 06bb 01       		.byte	0x1
 1179 06bc 68       		.byte	0x68
 1180 06bd 7B000000 		.4byte	0x7b
 1181 06c1 2C000000 		.4byte	.LLST1
 1182 06c5 00       		.byte	0
 1183 06c6 00       		.byte	0
ARM GAS  /var/folders/5n/p_75w94d66l9ssrldxqdhh700000gn/T//ccQuQaC2.s 			page 22


 1184 06c7 18       		.uleb128 0x18
 1185 06c8 01       		.byte	0x1
 1186 06c9 32000000 		.4byte	.LASF96
 1187 06cd 01       		.byte	0x1
 1188 06ce 82       		.byte	0x82
 1189 06cf 01       		.byte	0x1
 1190 06d0 00000000 		.4byte	.LFB9
 1191 06d4 58000000 		.4byte	.LFE9
 1192 06d8 4A000000 		.4byte	.LLST2
 1193 06dc 48070000 		.4byte	0x748
 1194 06e0 1A       		.uleb128 0x1a
 1195 06e1 22000000 		.4byte	.LBB3
 1196 06e5 58000000 		.4byte	.LBE3
 1197 06e9 1B       		.uleb128 0x1b
 1198 06ea 76747000 		.ascii	"vtp\000"
 1199 06ee 01       		.byte	0x1
 1200 06ef 8F       		.byte	0x8f
 1201 06f0 CA030000 		.4byte	0x3ca
 1202 06f4 6A000000 		.4byte	.LLST3
 1203 06f8 1A       		.uleb128 0x1a
 1204 06f9 2A000000 		.4byte	.LBB4
 1205 06fd 44000000 		.4byte	.LBE4
 1206 0701 1B       		.uleb128 0x1b
 1207 0702 666E00   		.ascii	"fn\000"
 1208 0705 01       		.byte	0x1
 1209 0706 8F       		.byte	0x8f
 1210 0707 4F030000 		.4byte	0x34f
 1211 070b 95000000 		.4byte	.LLST4
 1212 070f 1C       		.uleb128 0x1c
 1213 0710 34000000 		.4byte	.LBB5
 1214 0714 3A000000 		.4byte	.LBE5
 1215 0718 2C070000 		.4byte	0x72c
 1216 071c 1B       		.uleb128 0x1b
 1217 071d 746D7000 		.ascii	"tmp\000"
 1218 0721 01       		.byte	0x1
 1219 0722 8F       		.byte	0x8f
 1220 0723 7B000000 		.4byte	0x7b
 1221 0727 A9000000 		.4byte	.LLST5
 1222 072b 00       		.byte	0
 1223 072c 1A       		.uleb128 0x1a
 1224 072d 3E000000 		.4byte	.LBB6
 1225 0731 44000000 		.4byte	.LBE6
 1226 0735 1B       		.uleb128 0x1b
 1227 0736 746D7000 		.ascii	"tmp\000"
 1228 073a 01       		.byte	0x1
 1229 073b 8F       		.byte	0x8f
 1230 073c 7B000000 		.4byte	0x7b
 1231 0740 BC000000 		.4byte	.LLST6
 1232 0744 00       		.byte	0
 1233 0745 00       		.byte	0
 1234 0746 00       		.byte	0
 1235 0747 00       		.byte	0
 1236 0748 1D       		.uleb128 0x1d
 1237 0749 2B000000 		.4byte	.LASF97
 1238 074d 07       		.byte	0x7
 1239 074e D1       		.byte	0xd1
 1240 074f 16040000 		.4byte	0x416
ARM GAS  /var/folders/5n/p_75w94d66l9ssrldxqdhh700000gn/T//ccQuQaC2.s 			page 23


 1241 0753 01       		.byte	0x1
 1242 0754 01       		.byte	0x1
 1243 0755 1D       		.uleb128 0x1d
 1244 0756 B8030000 		.4byte	.LASF98
 1245 075a 08       		.byte	0x8
 1246 075b 68       		.byte	0x68
 1247 075c 7E040000 		.4byte	0x47e
 1248 0760 01       		.byte	0x1
 1249 0761 01       		.byte	0x1
 1250 0762 1D       		.uleb128 0x1d
 1251 0763 6A010000 		.4byte	.LASF99
 1252 0767 0A       		.byte	0xa
 1253 0768 77       		.byte	0x77
 1254 0769 6F070000 		.4byte	0x76f
 1255 076d 01       		.byte	0x1
 1256 076e 01       		.byte	0x1
 1257 076f 12       		.uleb128 0x12
 1258 0770 54060000 		.4byte	0x654
 1259 0774 14       		.uleb128 0x14
 1260 0775 93020000 		.4byte	0x293
 1261 0779 84070000 		.4byte	0x784
 1262 077d 15       		.uleb128 0x15
 1263 077e 30000000 		.4byte	0x30
 1264 0782 17       		.byte	0x17
 1265 0783 00       		.byte	0
 1266 0784 1D       		.uleb128 0x1d
 1267 0785 10010000 		.4byte	.LASF100
 1268 0789 0B       		.byte	0xb
 1269 078a 82       		.byte	0x82
 1270 078b 74070000 		.4byte	0x774
 1271 078f 01       		.byte	0x1
 1272 0790 01       		.byte	0x1
 1273 0791 1D       		.uleb128 0x1d
 1274 0792 2B000000 		.4byte	.LASF97
 1275 0796 07       		.byte	0x7
 1276 0797 D1       		.byte	0xd1
 1277 0798 16040000 		.4byte	0x416
 1278 079c 01       		.byte	0x1
 1279 079d 01       		.byte	0x1
 1280 079e 1D       		.uleb128 0x1d
 1281 079f B8030000 		.4byte	.LASF98
 1282 07a3 08       		.byte	0x8
 1283 07a4 68       		.byte	0x68
 1284 07a5 7E040000 		.4byte	0x47e
 1285 07a9 01       		.byte	0x1
 1286 07aa 01       		.byte	0x1
 1287 07ab 1D       		.uleb128 0x1d
 1288 07ac 6A010000 		.4byte	.LASF99
 1289 07b0 0A       		.byte	0xa
 1290 07b1 77       		.byte	0x77
 1291 07b2 6F070000 		.4byte	0x76f
 1292 07b6 01       		.byte	0x1
 1293 07b7 01       		.byte	0x1
 1294 07b8 1E       		.uleb128 0x1e
 1295 07b9 10010000 		.4byte	.LASF100
 1296 07bd 01       		.byte	0x1
 1297 07be 2A       		.byte	0x2a
ARM GAS  /var/folders/5n/p_75w94d66l9ssrldxqdhh700000gn/T//ccQuQaC2.s 			page 24


 1298 07bf 74070000 		.4byte	0x774
 1299 07c3 01       		.byte	0x1
 1300 07c4 05       		.byte	0x5
 1301 07c5 03       		.byte	0x3
 1302 07c6 00000000 		.4byte	_idle_thread_wa
 1303 07ca 00       		.byte	0
 1304              		.section	.debug_abbrev,"",%progbits
 1305              	.Ldebug_abbrev0:
 1306 0000 01       		.uleb128 0x1
 1307 0001 11       		.uleb128 0x11
 1308 0002 01       		.byte	0x1
 1309 0003 25       		.uleb128 0x25
 1310 0004 0E       		.uleb128 0xe
 1311 0005 13       		.uleb128 0x13
 1312 0006 0B       		.uleb128 0xb
 1313 0007 03       		.uleb128 0x3
 1314 0008 0E       		.uleb128 0xe
 1315 0009 1B       		.uleb128 0x1b
 1316 000a 0E       		.uleb128 0xe
 1317 000b 11       		.uleb128 0x11
 1318 000c 01       		.uleb128 0x1
 1319 000d 52       		.uleb128 0x52
 1320 000e 01       		.uleb128 0x1
 1321 000f 55       		.uleb128 0x55
 1322 0010 06       		.uleb128 0x6
 1323 0011 10       		.uleb128 0x10
 1324 0012 06       		.uleb128 0x6
 1325 0013 00       		.byte	0
 1326 0014 00       		.byte	0
 1327 0015 02       		.uleb128 0x2
 1328 0016 24       		.uleb128 0x24
 1329 0017 00       		.byte	0
 1330 0018 0B       		.uleb128 0xb
 1331 0019 0B       		.uleb128 0xb
 1332 001a 3E       		.uleb128 0x3e
 1333 001b 0B       		.uleb128 0xb
 1334 001c 03       		.uleb128 0x3
 1335 001d 08       		.uleb128 0x8
 1336 001e 00       		.byte	0
 1337 001f 00       		.byte	0
 1338 0020 03       		.uleb128 0x3
 1339 0021 24       		.uleb128 0x24
 1340 0022 00       		.byte	0
 1341 0023 0B       		.uleb128 0xb
 1342 0024 0B       		.uleb128 0xb
 1343 0025 3E       		.uleb128 0x3e
 1344 0026 0B       		.uleb128 0xb
 1345 0027 03       		.uleb128 0x3
 1346 0028 0E       		.uleb128 0xe
 1347 0029 00       		.byte	0
 1348 002a 00       		.byte	0
 1349 002b 04       		.uleb128 0x4
 1350 002c 16       		.uleb128 0x16
 1351 002d 00       		.byte	0
 1352 002e 03       		.uleb128 0x3
 1353 002f 0E       		.uleb128 0xe
 1354 0030 3A       		.uleb128 0x3a
ARM GAS  /var/folders/5n/p_75w94d66l9ssrldxqdhh700000gn/T//ccQuQaC2.s 			page 25


 1355 0031 0B       		.uleb128 0xb
 1356 0032 3B       		.uleb128 0x3b
 1357 0033 0B       		.uleb128 0xb
 1358 0034 49       		.uleb128 0x49
 1359 0035 13       		.uleb128 0x13
 1360 0036 00       		.byte	0
 1361 0037 00       		.byte	0
 1362 0038 05       		.uleb128 0x5
 1363 0039 13       		.uleb128 0x13
 1364 003a 01       		.byte	0x1
 1365 003b 03       		.uleb128 0x3
 1366 003c 0E       		.uleb128 0xe
 1367 003d 0B       		.uleb128 0xb
 1368 003e 0B       		.uleb128 0xb
 1369 003f 3A       		.uleb128 0x3a
 1370 0040 0B       		.uleb128 0xb
 1371 0041 3B       		.uleb128 0x3b
 1372 0042 0B       		.uleb128 0xb
 1373 0043 01       		.uleb128 0x1
 1374 0044 13       		.uleb128 0x13
 1375 0045 00       		.byte	0
 1376 0046 00       		.byte	0
 1377 0047 06       		.uleb128 0x6
 1378 0048 0D       		.uleb128 0xd
 1379 0049 00       		.byte	0
 1380 004a 03       		.uleb128 0x3
 1381 004b 0E       		.uleb128 0xe
 1382 004c 3A       		.uleb128 0x3a
 1383 004d 0B       		.uleb128 0xb
 1384 004e 3B       		.uleb128 0x3b
 1385 004f 0B       		.uleb128 0xb
 1386 0050 49       		.uleb128 0x49
 1387 0051 13       		.uleb128 0x13
 1388 0052 38       		.uleb128 0x38
 1389 0053 0A       		.uleb128 0xa
 1390 0054 00       		.byte	0
 1391 0055 00       		.byte	0
 1392 0056 07       		.uleb128 0x7
 1393 0057 0D       		.uleb128 0xd
 1394 0058 00       		.byte	0
 1395 0059 03       		.uleb128 0x3
 1396 005a 08       		.uleb128 0x8
 1397 005b 3A       		.uleb128 0x3a
 1398 005c 0B       		.uleb128 0xb
 1399 005d 3B       		.uleb128 0x3b
 1400 005e 0B       		.uleb128 0xb
 1401 005f 49       		.uleb128 0x49
 1402 0060 13       		.uleb128 0x13
 1403 0061 38       		.uleb128 0x38
 1404 0062 0A       		.uleb128 0xa
 1405 0063 00       		.byte	0
 1406 0064 00       		.byte	0
 1407 0065 08       		.uleb128 0x8
 1408 0066 13       		.uleb128 0x13
 1409 0067 01       		.byte	0x1
 1410 0068 0B       		.uleb128 0xb
 1411 0069 0B       		.uleb128 0xb
ARM GAS  /var/folders/5n/p_75w94d66l9ssrldxqdhh700000gn/T//ccQuQaC2.s 			page 26


 1412 006a 3A       		.uleb128 0x3a
 1413 006b 0B       		.uleb128 0xb
 1414 006c 3B       		.uleb128 0x3b
 1415 006d 0B       		.uleb128 0xb
 1416 006e 01       		.uleb128 0x1
 1417 006f 13       		.uleb128 0x13
 1418 0070 00       		.byte	0
 1419 0071 00       		.byte	0
 1420 0072 09       		.uleb128 0x9
 1421 0073 0F       		.uleb128 0xf
 1422 0074 00       		.byte	0
 1423 0075 0B       		.uleb128 0xb
 1424 0076 0B       		.uleb128 0xb
 1425 0077 49       		.uleb128 0x49
 1426 0078 13       		.uleb128 0x13
 1427 0079 00       		.byte	0
 1428 007a 00       		.byte	0
 1429 007b 0A       		.uleb128 0xa
 1430 007c 0F       		.uleb128 0xf
 1431 007d 00       		.byte	0
 1432 007e 0B       		.uleb128 0xb
 1433 007f 0B       		.uleb128 0xb
 1434 0080 00       		.byte	0
 1435 0081 00       		.byte	0
 1436 0082 0B       		.uleb128 0xb
 1437 0083 13       		.uleb128 0x13
 1438 0084 01       		.byte	0x1
 1439 0085 03       		.uleb128 0x3
 1440 0086 0E       		.uleb128 0xe
 1441 0087 0B       		.uleb128 0xb
 1442 0088 0B       		.uleb128 0xb
 1443 0089 3A       		.uleb128 0x3a
 1444 008a 0B       		.uleb128 0xb
 1445 008b 3B       		.uleb128 0x3b
 1446 008c 05       		.uleb128 0x5
 1447 008d 01       		.uleb128 0x1
 1448 008e 13       		.uleb128 0x13
 1449 008f 00       		.byte	0
 1450 0090 00       		.byte	0
 1451 0091 0C       		.uleb128 0xc
 1452 0092 0D       		.uleb128 0xd
 1453 0093 00       		.byte	0
 1454 0094 03       		.uleb128 0x3
 1455 0095 08       		.uleb128 0x8
 1456 0096 3A       		.uleb128 0x3a
 1457 0097 0B       		.uleb128 0xb
 1458 0098 3B       		.uleb128 0x3b
 1459 0099 05       		.uleb128 0x5
 1460 009a 49       		.uleb128 0x49
 1461 009b 13       		.uleb128 0x13
 1462 009c 38       		.uleb128 0x38
 1463 009d 0A       		.uleb128 0xa
 1464 009e 00       		.byte	0
 1465 009f 00       		.byte	0
 1466 00a0 0D       		.uleb128 0xd
 1467 00a1 15       		.uleb128 0x15
 1468 00a2 01       		.byte	0x1
ARM GAS  /var/folders/5n/p_75w94d66l9ssrldxqdhh700000gn/T//ccQuQaC2.s 			page 27


 1469 00a3 27       		.uleb128 0x27
 1470 00a4 0C       		.uleb128 0xc
 1471 00a5 01       		.uleb128 0x1
 1472 00a6 13       		.uleb128 0x13
 1473 00a7 00       		.byte	0
 1474 00a8 00       		.byte	0
 1475 00a9 0E       		.uleb128 0xe
 1476 00aa 05       		.uleb128 0x5
 1477 00ab 00       		.byte	0
 1478 00ac 49       		.uleb128 0x49
 1479 00ad 13       		.uleb128 0x13
 1480 00ae 00       		.byte	0
 1481 00af 00       		.byte	0
 1482 00b0 0F       		.uleb128 0xf
 1483 00b1 35       		.uleb128 0x35
 1484 00b2 00       		.byte	0
 1485 00b3 49       		.uleb128 0x49
 1486 00b4 13       		.uleb128 0x13
 1487 00b5 00       		.byte	0
 1488 00b6 00       		.byte	0
 1489 00b7 10       		.uleb128 0x10
 1490 00b8 17       		.uleb128 0x17
 1491 00b9 01       		.byte	0x1
 1492 00ba 0B       		.uleb128 0xb
 1493 00bb 0B       		.uleb128 0xb
 1494 00bc 3A       		.uleb128 0x3a
 1495 00bd 0B       		.uleb128 0xb
 1496 00be 3B       		.uleb128 0x3b
 1497 00bf 0B       		.uleb128 0xb
 1498 00c0 01       		.uleb128 0x1
 1499 00c1 13       		.uleb128 0x13
 1500 00c2 00       		.byte	0
 1501 00c3 00       		.byte	0
 1502 00c4 11       		.uleb128 0x11
 1503 00c5 0D       		.uleb128 0xd
 1504 00c6 00       		.byte	0
 1505 00c7 03       		.uleb128 0x3
 1506 00c8 0E       		.uleb128 0xe
 1507 00c9 3A       		.uleb128 0x3a
 1508 00ca 0B       		.uleb128 0xb
 1509 00cb 3B       		.uleb128 0x3b
 1510 00cc 0B       		.uleb128 0xb
 1511 00cd 49       		.uleb128 0x49
 1512 00ce 13       		.uleb128 0x13
 1513 00cf 00       		.byte	0
 1514 00d0 00       		.byte	0
 1515 00d1 12       		.uleb128 0x12
 1516 00d2 26       		.uleb128 0x26
 1517 00d3 00       		.byte	0
 1518 00d4 49       		.uleb128 0x49
 1519 00d5 13       		.uleb128 0x13
 1520 00d6 00       		.byte	0
 1521 00d7 00       		.byte	0
 1522 00d8 13       		.uleb128 0x13
 1523 00d9 15       		.uleb128 0x15
 1524 00da 01       		.byte	0x1
 1525 00db 27       		.uleb128 0x27
ARM GAS  /var/folders/5n/p_75w94d66l9ssrldxqdhh700000gn/T//ccQuQaC2.s 			page 28


 1526 00dc 0C       		.uleb128 0xc
 1527 00dd 49       		.uleb128 0x49
 1528 00de 13       		.uleb128 0x13
 1529 00df 01       		.uleb128 0x1
 1530 00e0 13       		.uleb128 0x13
 1531 00e1 00       		.byte	0
 1532 00e2 00       		.byte	0
 1533 00e3 14       		.uleb128 0x14
 1534 00e4 01       		.uleb128 0x1
 1535 00e5 01       		.byte	0x1
 1536 00e6 49       		.uleb128 0x49
 1537 00e7 13       		.uleb128 0x13
 1538 00e8 01       		.uleb128 0x1
 1539 00e9 13       		.uleb128 0x13
 1540 00ea 00       		.byte	0
 1541 00eb 00       		.byte	0
 1542 00ec 15       		.uleb128 0x15
 1543 00ed 21       		.uleb128 0x21
 1544 00ee 00       		.byte	0
 1545 00ef 49       		.uleb128 0x49
 1546 00f0 13       		.uleb128 0x13
 1547 00f1 2F       		.uleb128 0x2f
 1548 00f2 0B       		.uleb128 0xb
 1549 00f3 00       		.byte	0
 1550 00f4 00       		.byte	0
 1551 00f5 16       		.uleb128 0x16
 1552 00f6 2E       		.uleb128 0x2e
 1553 00f7 01       		.byte	0x1
 1554 00f8 3F       		.uleb128 0x3f
 1555 00f9 0C       		.uleb128 0xc
 1556 00fa 03       		.uleb128 0x3
 1557 00fb 0E       		.uleb128 0xe
 1558 00fc 3A       		.uleb128 0x3a
 1559 00fd 0B       		.uleb128 0xb
 1560 00fe 3B       		.uleb128 0x3b
 1561 00ff 0B       		.uleb128 0xb
 1562 0100 27       		.uleb128 0x27
 1563 0101 0C       		.uleb128 0xc
 1564 0102 11       		.uleb128 0x11
 1565 0103 01       		.uleb128 0x1
 1566 0104 12       		.uleb128 0x12
 1567 0105 01       		.uleb128 0x1
 1568 0106 40       		.uleb128 0x40
 1569 0107 0A       		.uleb128 0xa
 1570 0108 01       		.uleb128 0x1
 1571 0109 13       		.uleb128 0x13
 1572 010a 00       		.byte	0
 1573 010b 00       		.byte	0
 1574 010c 17       		.uleb128 0x17
 1575 010d 05       		.uleb128 0x5
 1576 010e 00       		.byte	0
 1577 010f 03       		.uleb128 0x3
 1578 0110 08       		.uleb128 0x8
 1579 0111 3A       		.uleb128 0x3a
 1580 0112 0B       		.uleb128 0xb
 1581 0113 3B       		.uleb128 0x3b
 1582 0114 0B       		.uleb128 0xb
ARM GAS  /var/folders/5n/p_75w94d66l9ssrldxqdhh700000gn/T//ccQuQaC2.s 			page 29


 1583 0115 49       		.uleb128 0x49
 1584 0116 13       		.uleb128 0x13
 1585 0117 02       		.uleb128 0x2
 1586 0118 0A       		.uleb128 0xa
 1587 0119 00       		.byte	0
 1588 011a 00       		.byte	0
 1589 011b 18       		.uleb128 0x18
 1590 011c 2E       		.uleb128 0x2e
 1591 011d 01       		.byte	0x1
 1592 011e 3F       		.uleb128 0x3f
 1593 011f 0C       		.uleb128 0xc
 1594 0120 03       		.uleb128 0x3
 1595 0121 0E       		.uleb128 0xe
 1596 0122 3A       		.uleb128 0x3a
 1597 0123 0B       		.uleb128 0xb
 1598 0124 3B       		.uleb128 0x3b
 1599 0125 0B       		.uleb128 0xb
 1600 0126 27       		.uleb128 0x27
 1601 0127 0C       		.uleb128 0xc
 1602 0128 11       		.uleb128 0x11
 1603 0129 01       		.uleb128 0x1
 1604 012a 12       		.uleb128 0x12
 1605 012b 01       		.uleb128 0x1
 1606 012c 40       		.uleb128 0x40
 1607 012d 06       		.uleb128 0x6
 1608 012e 01       		.uleb128 0x1
 1609 012f 13       		.uleb128 0x13
 1610 0130 00       		.byte	0
 1611 0131 00       		.byte	0
 1612 0132 19       		.uleb128 0x19
 1613 0133 34       		.uleb128 0x34
 1614 0134 00       		.byte	0
 1615 0135 03       		.uleb128 0x3
 1616 0136 0E       		.uleb128 0xe
 1617 0137 3A       		.uleb128 0x3a
 1618 0138 0B       		.uleb128 0xb
 1619 0139 3B       		.uleb128 0x3b
 1620 013a 0B       		.uleb128 0xb
 1621 013b 49       		.uleb128 0x49
 1622 013c 13       		.uleb128 0x13
 1623 013d 02       		.uleb128 0x2
 1624 013e 0A       		.uleb128 0xa
 1625 013f 00       		.byte	0
 1626 0140 00       		.byte	0
 1627 0141 1A       		.uleb128 0x1a
 1628 0142 0B       		.uleb128 0xb
 1629 0143 01       		.byte	0x1
 1630 0144 11       		.uleb128 0x11
 1631 0145 01       		.uleb128 0x1
 1632 0146 12       		.uleb128 0x12
 1633 0147 01       		.uleb128 0x1
 1634 0148 00       		.byte	0
 1635 0149 00       		.byte	0
 1636 014a 1B       		.uleb128 0x1b
 1637 014b 34       		.uleb128 0x34
 1638 014c 00       		.byte	0
 1639 014d 03       		.uleb128 0x3
ARM GAS  /var/folders/5n/p_75w94d66l9ssrldxqdhh700000gn/T//ccQuQaC2.s 			page 30


 1640 014e 08       		.uleb128 0x8
 1641 014f 3A       		.uleb128 0x3a
 1642 0150 0B       		.uleb128 0xb
 1643 0151 3B       		.uleb128 0x3b
 1644 0152 0B       		.uleb128 0xb
 1645 0153 49       		.uleb128 0x49
 1646 0154 13       		.uleb128 0x13
 1647 0155 02       		.uleb128 0x2
 1648 0156 06       		.uleb128 0x6
 1649 0157 00       		.byte	0
 1650 0158 00       		.byte	0
 1651 0159 1C       		.uleb128 0x1c
 1652 015a 0B       		.uleb128 0xb
 1653 015b 01       		.byte	0x1
 1654 015c 11       		.uleb128 0x11
 1655 015d 01       		.uleb128 0x1
 1656 015e 12       		.uleb128 0x12
 1657 015f 01       		.uleb128 0x1
 1658 0160 01       		.uleb128 0x1
 1659 0161 13       		.uleb128 0x13
 1660 0162 00       		.byte	0
 1661 0163 00       		.byte	0
 1662 0164 1D       		.uleb128 0x1d
 1663 0165 34       		.uleb128 0x34
 1664 0166 00       		.byte	0
 1665 0167 03       		.uleb128 0x3
 1666 0168 0E       		.uleb128 0xe
 1667 0169 3A       		.uleb128 0x3a
 1668 016a 0B       		.uleb128 0xb
 1669 016b 3B       		.uleb128 0x3b
 1670 016c 0B       		.uleb128 0xb
 1671 016d 49       		.uleb128 0x49
 1672 016e 13       		.uleb128 0x13
 1673 016f 3F       		.uleb128 0x3f
 1674 0170 0C       		.uleb128 0xc
 1675 0171 3C       		.uleb128 0x3c
 1676 0172 0C       		.uleb128 0xc
 1677 0173 00       		.byte	0
 1678 0174 00       		.byte	0
 1679 0175 1E       		.uleb128 0x1e
 1680 0176 34       		.uleb128 0x34
 1681 0177 00       		.byte	0
 1682 0178 03       		.uleb128 0x3
 1683 0179 0E       		.uleb128 0xe
 1684 017a 3A       		.uleb128 0x3a
 1685 017b 0B       		.uleb128 0xb
 1686 017c 3B       		.uleb128 0x3b
 1687 017d 0B       		.uleb128 0xb
 1688 017e 49       		.uleb128 0x49
 1689 017f 13       		.uleb128 0x13
 1690 0180 3F       		.uleb128 0x3f
 1691 0181 0C       		.uleb128 0xc
 1692 0182 02       		.uleb128 0x2
 1693 0183 0A       		.uleb128 0xa
 1694 0184 00       		.byte	0
 1695 0185 00       		.byte	0
 1696 0186 00       		.byte	0
ARM GAS  /var/folders/5n/p_75w94d66l9ssrldxqdhh700000gn/T//ccQuQaC2.s 			page 31


 1697              		.section	.debug_loc,"",%progbits
 1698              	.Ldebug_loc0:
 1699              	.LLST0:
 1700 0000 00000000 		.4byte	.LFB8
 1701 0004 02000000 		.4byte	.LCFI0
 1702 0008 0200     		.2byte	0x2
 1703 000a 7D       		.byte	0x7d
 1704 000b 00       		.sleb128 0
 1705 000c 02000000 		.4byte	.LCFI0
 1706 0010 04000000 		.4byte	.LCFI1
 1707 0014 0200     		.2byte	0x2
 1708 0016 7D       		.byte	0x7d
 1709 0017 08       		.sleb128 8
 1710 0018 04000000 		.4byte	.LCFI1
 1711 001c 66000000 		.4byte	.LFE8
 1712 0020 0200     		.2byte	0x2
 1713 0022 7D       		.byte	0x7d
 1714 0023 10       		.sleb128 16
 1715 0024 00000000 		.4byte	0
 1716 0028 00000000 		.4byte	0
 1717              	.LLST1:
 1718 002c 3C000000 		.4byte	.LVL2
 1719 0030 44000000 		.4byte	.LVL3
 1720 0034 0100     		.2byte	0x1
 1721 0036 53       		.byte	0x53
 1722 0037 5E000000 		.4byte	.LVL4
 1723 003b 66000000 		.4byte	.LFE8
 1724 003f 0100     		.2byte	0x1
 1725 0041 54       		.byte	0x54
 1726 0042 00000000 		.4byte	0
 1727 0046 00000000 		.4byte	0
 1728              	.LLST2:
 1729 004a 00000000 		.4byte	.LFB9
 1730 004e 02000000 		.4byte	.LCFI2
 1731 0052 0200     		.2byte	0x2
 1732 0054 7D       		.byte	0x7d
 1733 0055 00       		.sleb128 0
 1734 0056 02000000 		.4byte	.LCFI2
 1735 005a 58000000 		.4byte	.LFE9
 1736 005e 0200     		.2byte	0x2
 1737 0060 7D       		.byte	0x7d
 1738 0061 10       		.sleb128 16
 1739 0062 00000000 		.4byte	0
 1740 0066 00000000 		.4byte	0
 1741              	.LLST3:
 1742 006a 28000000 		.4byte	.LVL5
 1743 006e 2A000000 		.4byte	.LVL6
 1744 0072 0200     		.2byte	0x2
 1745 0074 74       		.byte	0x74
 1746 0075 00       		.sleb128 0
 1747 0076 2A000000 		.4byte	.LVL6
 1748 007a 3D000000 		.4byte	.LVL10-1
 1749 007e 0100     		.2byte	0x1
 1750 0080 51       		.byte	0x51
 1751 0081 46000000 		.4byte	.LVL13
 1752 0085 4C000000 		.4byte	.LVL15
 1753 0089 0200     		.2byte	0x2
ARM GAS  /var/folders/5n/p_75w94d66l9ssrldxqdhh700000gn/T//ccQuQaC2.s 			page 32


 1754 008b 74       		.byte	0x74
 1755 008c 00       		.sleb128 0
 1756 008d 00000000 		.4byte	0
 1757 0091 00000000 		.4byte	0
 1758              	.LLST4:
 1759 0095 2E000000 		.4byte	.LVL7
 1760 0099 3D000000 		.4byte	.LVL10-1
 1761 009d 0200     		.2byte	0x2
 1762 009f 71       		.byte	0x71
 1763 00a0 0C       		.sleb128 12
 1764 00a1 00000000 		.4byte	0
 1765 00a5 00000000 		.4byte	0
 1766              	.LLST5:
 1767 00a9 3A000000 		.4byte	.LVL9
 1768 00ad 3D000000 		.4byte	.LVL10-1
 1769 00b1 0100     		.2byte	0x1
 1770 00b3 53       		.byte	0x53
 1771 00b4 00000000 		.4byte	0
 1772 00b8 00000000 		.4byte	0
 1773              	.LLST6:
 1774 00bc 44000000 		.4byte	.LVL12
 1775 00c0 48000000 		.4byte	.LVL14
 1776 00c4 0100     		.2byte	0x1
 1777 00c6 53       		.byte	0x53
 1778 00c7 00000000 		.4byte	0
 1779 00cb 00000000 		.4byte	0
 1780              		.section	.debug_aranges,"",%progbits
 1781 0000 2C000000 		.4byte	0x2c
 1782 0004 0200     		.2byte	0x2
 1783 0006 00000000 		.4byte	.Ldebug_info0
 1784 000a 04       		.byte	0x4
 1785 000b 00       		.byte	0
 1786 000c 0000     		.2byte	0
 1787 000e 0000     		.2byte	0
 1788 0010 00000000 		.4byte	.LFB7
 1789 0014 14000000 		.4byte	.LFE7-.LFB7
 1790 0018 00000000 		.4byte	.LFB8
 1791 001c 66000000 		.4byte	.LFE8-.LFB8
 1792 0020 00000000 		.4byte	.LFB9
 1793 0024 58000000 		.4byte	.LFE9-.LFB9
 1794 0028 00000000 		.4byte	0
 1795 002c 00000000 		.4byte	0
 1796              		.section	.debug_ranges,"",%progbits
 1797              	.Ldebug_ranges0:
 1798 0000 00000000 		.4byte	.LFB7
 1799 0004 14000000 		.4byte	.LFE7
 1800 0008 00000000 		.4byte	.LFB8
 1801 000c 66000000 		.4byte	.LFE8
 1802 0010 00000000 		.4byte	.LFB9
 1803 0014 58000000 		.4byte	.LFE9
 1804 0018 00000000 		.4byte	0
 1805 001c 00000000 		.4byte	0
 1806              		.section	.debug_line,"",%progbits
 1807              	.Ldebug_line0:
 1808 0000 8A010000 		.section	.debug_str,"MS",%progbits,1
 1808      02003201 
 1808      00000201 
ARM GAS  /var/folders/5n/p_75w94d66l9ssrldxqdhh700000gn/T//ccQuQaC2.s 			page 33


 1808      FB0E0D00 
 1808      01010101 
 1809              	.LASF73:
 1810 0000 7466756E 		.ascii	"tfunc_t\000"
 1810      635F7400 
 1811              	.LASF84:
 1812 0008 63665F6F 		.ascii	"cf_off_older\000"
 1812      66665F6F 
 1812      6C646572 
 1812      00
 1813              	.LASF37:
 1814 0015 705F6D73 		.ascii	"p_msg\000"
 1814      6700
 1815              	.LASF68:
 1816 001b 7264796D 		.ascii	"rdymsg\000"
 1816      736700
 1817              	.LASF12:
 1818 0022 75696E74 		.ascii	"uint64_t\000"
 1818      36345F74 
 1818      00
 1819              	.LASF97:
 1820 002b 76746C69 		.ascii	"vtlist\000"
 1820      737400
 1821              	.LASF96:
 1822 0032 63685379 		.ascii	"chSysTimerHandlerI\000"
 1822      7354696D 
 1822      65724861 
 1822      6E646C65 
 1822      724900
 1823              	.LASF13:
 1824 0045 6C6F6E67 		.ascii	"long long unsigned int\000"
 1824      206C6F6E 
 1824      6720756E 
 1824      7369676E 
 1824      65642069 
 1825              	.LASF80:
 1826 005c 63685F74 		.ascii	"ch_threadsize\000"
 1826      68726561 
 1826      6473697A 
 1826      6500
 1827              	.LASF69:
 1828 006a 65786974 		.ascii	"exitcode\000"
 1828      636F6465 
 1828      00
 1829              	.LASF95:
 1830 0073 6D61696E 		.ascii	"mainthread\000"
 1830      74687265 
 1830      616400
 1831              	.LASF25:
 1832 007e 705F7072 		.ascii	"p_prio\000"
 1832      696F00
 1833              	.LASF87:
 1834 0085 63665F6F 		.ascii	"cf_off_state\000"
 1834      66665F73 
 1834      74617465 
 1834      00
 1835              	.LASF11:
ARM GAS  /var/folders/5n/p_75w94d66l9ssrldxqdhh700000gn/T//ccQuQaC2.s 			page 34


 1836 0092 6C6F6E67 		.ascii	"long long int\000"
 1836      206C6F6E 
 1836      6720696E 
 1836      7400
 1837              	.LASF1:
 1838 00a0 7369676E 		.ascii	"signed char\000"
 1838      65642063 
 1838      68617200 
 1839              	.LASF86:
 1840 00ac 63665F6F 		.ascii	"cf_off_stklimit\000"
 1840      66665F73 
 1840      746B6C69 
 1840      6D697400 
 1841              	.LASF88:
 1842 00bc 63665F6F 		.ascii	"cf_off_flags\000"
 1842      66665F66 
 1842      6C616773 
 1842      00
 1843              	.LASF41:
 1844 00c9 705F6D70 		.ascii	"p_mpool\000"
 1844      6F6F6C00 
 1845              	.LASF65:
 1846 00d1 6D5F7175 		.ascii	"m_queue\000"
 1846      65756500 
 1847              	.LASF17:
 1848 00d9 74736C69 		.ascii	"tslices_t\000"
 1848      6365735F 
 1848      7400
 1849              	.LASF8:
 1850 00e3 6C6F6E67 		.ascii	"long int\000"
 1850      20696E74 
 1850      00
 1851              	.LASF15:
 1852 00ec 74737461 		.ascii	"tstate_t\000"
 1852      74655F74 
 1852      00
 1853              	.LASF5:
 1854 00f5 75696E74 		.ascii	"uint16_t\000"
 1854      31365F74 
 1854      00
 1855              	.LASF92:
 1856 00fe 63686465 		.ascii	"chdebug_t\000"
 1856      6275675F 
 1856      7400
 1857              	.LASF27:
 1858 0108 705F6E65 		.ascii	"p_newer\000"
 1858      77657200 
 1859              	.LASF100:
 1860 0110 5F69646C 		.ascii	"_idle_thread_wa\000"
 1860      655F7468 
 1860      72656164 
 1860      5F776100 
 1861              	.LASF60:
 1862 0120 725F6E65 		.ascii	"r_newer\000"
 1862      77657200 
 1863              	.LASF44:
 1864 0128 72656761 		.ascii	"regarm_t\000"
ARM GAS  /var/folders/5n/p_75w94d66l9ssrldxqdhh700000gn/T//ccQuQaC2.s 			page 35


 1864      726D5F74 
 1864      00
 1865              	.LASF51:
 1866 0131 76745F70 		.ascii	"vt_prev\000"
 1866      72657600 
 1867              	.LASF94:
 1868 0139 63685379 		.ascii	"chSysInit\000"
 1868      73496E69 
 1868      7400
 1869              	.LASF0:
 1870 0143 756E7369 		.ascii	"unsigned int\000"
 1870      676E6564 
 1870      20696E74 
 1870      00
 1871              	.LASF50:
 1872 0150 76745F6E 		.ascii	"vt_next\000"
 1872      65787400 
 1873              	.LASF10:
 1874 0158 6C6F6E67 		.ascii	"long unsigned int\000"
 1874      20756E73 
 1874      69676E65 
 1874      6420696E 
 1874      7400
 1875              	.LASF99:
 1876 016a 63685F64 		.ascii	"ch_debug\000"
 1876      65627567 
 1876      00
 1877              	.LASF74:
 1878 0173 63685F69 		.ascii	"ch_identifier\000"
 1878      64656E74 
 1878      69666965 
 1878      7200
 1879              	.LASF47:
 1880 0181 636F6E74 		.ascii	"context\000"
 1880      65787400 
 1881              	.LASF6:
 1882 0189 73686F72 		.ascii	"short unsigned int\000"
 1882      7420756E 
 1882      7369676E 
 1882      65642069 
 1882      6E7400
 1883              	.LASF19:
 1884 019c 6D73675F 		.ascii	"msg_t\000"
 1884      7400
 1885              	.LASF14:
 1886 01a2 746D6F64 		.ascii	"tmode_t\000"
 1886      655F7400 
 1887              	.LASF43:
 1888 01aa 54687265 		.ascii	"ThreadsList\000"
 1888      6164734C 
 1888      69737400 
 1889              	.LASF20:
 1890 01b6 6576656E 		.ascii	"eventmask_t\000"
 1890      746D6173 
 1890      6B5F7400 
 1891              	.LASF64:
 1892 01c2 4D757465 		.ascii	"Mutex\000"
ARM GAS  /var/folders/5n/p_75w94d66l9ssrldxqdhh700000gn/T//ccQuQaC2.s 			page 36


 1892      7800
 1893              	.LASF45:
 1894 01c8 73746B61 		.ascii	"stkalign_t\000"
 1894      6C69676E 
 1894      5F7400
 1895              	.LASF75:
 1896 01d3 63685F7A 		.ascii	"ch_zero\000"
 1896      65726F00 
 1897              	.LASF89:
 1898 01db 63665F6F 		.ascii	"cf_off_refs\000"
 1898      66665F72 
 1898      65667300 
 1899              	.LASF52:
 1900 01e7 76745F74 		.ascii	"vt_time\000"
 1900      696D6500 
 1901              	.LASF53:
 1902 01ef 76745F66 		.ascii	"vt_func\000"
 1902      756E6300 
 1903              	.LASF79:
 1904 01f7 63685F74 		.ascii	"ch_timesize\000"
 1904      696D6573 
 1904      697A6500 
 1905              	.LASF85:
 1906 0203 63665F6F 		.ascii	"cf_off_name\000"
 1906      66665F6E 
 1906      616D6500 
 1907              	.LASF28:
 1908 020f 705F6F6C 		.ascii	"p_older\000"
 1908      64657200 
 1909              	.LASF59:
 1910 0217 725F6374 		.ascii	"r_ctx\000"
 1910      7800
 1911              	.LASF42:
 1912 021d 54687265 		.ascii	"ThreadsQueue\000"
 1912      61647351 
 1912      75657565 
 1912      00
 1913              	.LASF76:
 1914 022a 63685F73 		.ascii	"ch_size\000"
 1914      697A6500 
 1915              	.LASF62:
 1916 0232 725F6375 		.ascii	"r_current\000"
 1916      7272656E 
 1916      7400
 1917              	.LASF61:
 1918 023c 725F6F6C 		.ascii	"r_older\000"
 1918      64657200 
 1919              	.LASF93:
 1920 0244 5F69646C 		.ascii	"_idle_thread\000"
 1920      655F7468 
 1920      72656164 
 1920      00
 1921              	.LASF16:
 1922 0251 74726566 		.ascii	"trefs_t\000"
 1922      735F7400 
 1923              	.LASF78:
 1924 0259 63685F70 		.ascii	"ch_ptrsize\000"
ARM GAS  /var/folders/5n/p_75w94d66l9ssrldxqdhh700000gn/T//ccQuQaC2.s 			page 37


 1924      74727369 
 1924      7A6500
 1925              	.LASF24:
 1926 0264 705F7072 		.ascii	"p_prev\000"
 1926      657600
 1927              	.LASF18:
 1928 026b 74707269 		.ascii	"tprio_t\000"
 1928      6F5F7400 
 1929              	.LASF7:
 1930 0273 696E7433 		.ascii	"int32_t\000"
 1930      325F7400 
 1931              	.LASF2:
 1932 027b 756E7369 		.ascii	"unsigned char\000"
 1932      676E6564 
 1932      20636861 
 1932      7200
 1933              	.LASF39:
 1934 0289 705F6D74 		.ascii	"p_mtxlist\000"
 1934      786C6973 
 1934      7400
 1935              	.LASF3:
 1936 0293 73686F72 		.ascii	"short int\000"
 1936      7420696E 
 1936      7400
 1937              	.LASF30:
 1938 029d 705F7374 		.ascii	"p_state\000"
 1938      61746500 
 1939              	.LASF33:
 1940 02a5 705F7072 		.ascii	"p_preempt\000"
 1940      65656D70 
 1940      7400
 1941              	.LASF91:
 1942 02af 63665F6F 		.ascii	"cf_off_time\000"
 1942      66665F74 
 1942      696D6500 
 1943              	.LASF58:
 1944 02bb 725F7072 		.ascii	"r_prio\000"
 1944      696F00
 1945              	.LASF71:
 1946 02c2 65776D61 		.ascii	"ewmask\000"
 1946      736B00
 1947              	.LASF23:
 1948 02c9 705F6E65 		.ascii	"p_next\000"
 1948      787400
 1949              	.LASF90:
 1950 02d0 63665F6F 		.ascii	"cf_off_preempt\000"
 1950      66665F70 
 1950      7265656D 
 1950      707400
 1951              	.LASF31:
 1952 02df 705F666C 		.ascii	"p_flags\000"
 1952      61677300 
 1953              	.LASF22:
 1954 02e7 54687265 		.ascii	"Thread\000"
 1954      616400
 1955              	.LASF83:
 1956 02ee 63665F6F 		.ascii	"cf_off_newer\000"
ARM GAS  /var/folders/5n/p_75w94d66l9ssrldxqdhh700000gn/T//ccQuQaC2.s 			page 38


 1956      66665F6E 
 1956      65776572 
 1956      00
 1957              	.LASF38:
 1958 02fb 705F6570 		.ascii	"p_epending\000"
 1958      656E6469 
 1958      6E6700
 1959              	.LASF9:
 1960 0306 75696E74 		.ascii	"uint32_t\000"
 1960      33325F74 
 1960      00
 1961              	.LASF81:
 1962 030f 63665F6F 		.ascii	"cf_off_prio\000"
 1962      66665F70 
 1962      72696F00 
 1963              	.LASF57:
 1964 031b 725F7175 		.ascii	"r_queue\000"
 1964      65756500 
 1965              	.LASF49:
 1966 0323 56697274 		.ascii	"VirtualTimer\000"
 1966      75616C54 
 1966      696D6572 
 1966      00
 1967              	.LASF72:
 1968 0330 63686172 		.ascii	"char\000"
 1968      00
 1969              	.LASF67:
 1970 0335 6D5F6E65 		.ascii	"m_next\000"
 1970      787400
 1971              	.LASF21:
 1972 033c 73797374 		.ascii	"systime_t\000"
 1972      696D655F 
 1972      7400
 1973              	.LASF40:
 1974 0346 705F7265 		.ascii	"p_realprio\000"
 1974      616C7072 
 1974      696F00
 1975              	.LASF48:
 1976 0351 76746675 		.ascii	"vtfunc_t\000"
 1976      6E635F74 
 1976      00
 1977              	.LASF34:
 1978 035a 705F7469 		.ascii	"p_time\000"
 1978      6D6500
 1979              	.LASF101:
 1980 0361 474E5520 		.ascii	"GNU C 4.6.2 20111004 (prerelease)\000"
 1980      4320342E 
 1980      362E3220 
 1980      32303131 
 1980      31303034 
 1981              	.LASF46:
 1982 0383 696E7463 		.ascii	"intctx\000"
 1982      747800
 1983              	.LASF36:
 1984 038a 705F6D73 		.ascii	"p_msgqueue\000"
 1984      67717565 
 1984      756500
ARM GAS  /var/folders/5n/p_75w94d66l9ssrldxqdhh700000gn/T//ccQuQaC2.s 			page 39


 1985              	.LASF54:
 1986 0395 76745F70 		.ascii	"vt_par\000"
 1986      617200
 1987              	.LASF82:
 1988 039c 63665F6F 		.ascii	"cf_off_ctx\000"
 1988      66665F63 
 1988      747800
 1989              	.LASF32:
 1990 03a7 705F7265 		.ascii	"p_refs\000"
 1990      667300
 1991              	.LASF63:
 1992 03ae 52656164 		.ascii	"ReadyList\000"
 1992      794C6973 
 1992      7400
 1993              	.LASF98:
 1994 03b8 726C6973 		.ascii	"rlist\000"
 1994      7400
 1995              	.LASF102:
 1996 03be 2E2E2F2E 		.ascii	"../../os/kernel/src/chsys.c\000"
 1996      2E2F6F73 
 1996      2F6B6572 
 1996      6E656C2F 
 1996      7372632F 
 1997              	.LASF4:
 1998 03da 75696E74 		.ascii	"uint8_t\000"
 1998      385F7400 
 1999              	.LASF70:
 2000 03e2 77746F62 		.ascii	"wtobjp\000"
 2000      6A7000
 2001              	.LASF29:
 2002 03e9 705F6E61 		.ascii	"p_name\000"
 2002      6D6500
 2003              	.LASF103:
 2004 03f0 2F557365 		.ascii	"/Users/sin/Documents/Eclipse/Workspace/mabl-ChibiOS"
 2004      72732F73 
 2004      696E2F44 
 2004      6F63756D 
 2004      656E7473 
 2005 0423 2D322E35 		.ascii	"-2.5.1/demos/ARMCM4-STM32F407-LWIP\000"
 2005      2E312F64 
 2005      656D6F73 
 2005      2F41524D 
 2005      434D342D 
 2006              	.LASF55:
 2007 0446 76745F73 		.ascii	"vt_systime\000"
 2007      79737469 
 2007      6D6500
 2008              	.LASF77:
 2009 0451 63685F76 		.ascii	"ch_version\000"
 2009      65727369 
 2009      6F6E00
 2010              	.LASF56:
 2011 045c 56544C69 		.ascii	"VTList\000"
 2011      737400
 2012              	.LASF66:
 2013 0463 6D5F6F77 		.ascii	"m_owner\000"
 2013      6E657200 
ARM GAS  /var/folders/5n/p_75w94d66l9ssrldxqdhh700000gn/T//ccQuQaC2.s 			page 40


 2014              	.LASF26:
 2015 046b 705F6374 		.ascii	"p_ctx\000"
 2015      7800
 2016              	.LASF35:
 2017 0471 705F7761 		.ascii	"p_waiting\000"
 2017      6974696E 
 2017      6700
 2018              		.ident	"GCC: (Linaro GCC 4.6-2011.10) 4.6.2 20111004 (prerelease)"
ARM GAS  /var/folders/5n/p_75w94d66l9ssrldxqdhh700000gn/T//ccQuQaC2.s 			page 41


DEFINED SYMBOLS
                            *ABS*:0000000000000000 chsys.c
/var/folders/5n/p_75w94d66l9ssrldxqdhh700000gn/T//ccQuQaC2.s:18     .text._idle_thread:0000000000000000 $t
/var/folders/5n/p_75w94d66l9ssrldxqdhh700000gn/T//ccQuQaC2.s:24     .text._idle_thread:0000000000000000 _idle_thread
/var/folders/5n/p_75w94d66l9ssrldxqdhh700000gn/T//ccQuQaC2.s:43     .text._idle_thread:000000000000000c $d
/var/folders/5n/p_75w94d66l9ssrldxqdhh700000gn/T//ccQuQaC2.s:49     .text.chSysInit:0000000000000000 $t
/var/folders/5n/p_75w94d66l9ssrldxqdhh700000gn/T//ccQuQaC2.s:55     .text.chSysInit:0000000000000000 chSysInit
/var/folders/5n/p_75w94d66l9ssrldxqdhh700000gn/T//ccQuQaC2.s:230    .bss.mainthread.1983:0000000000000000 .LANCHOR0
/var/folders/5n/p_75w94d66l9ssrldxqdhh700000gn/T//ccQuQaC2.s:241    .bss._idle_thread_wa:0000000000000000 .LANCHOR1
/var/folders/5n/p_75w94d66l9ssrldxqdhh700000gn/T//ccQuQaC2.s:128    .text.chSysTimerHandlerI:0000000000000000 $t
/var/folders/5n/p_75w94d66l9ssrldxqdhh700000gn/T//ccQuQaC2.s:134    .text.chSysTimerHandlerI:0000000000000000 chSysTimerHandlerI
/var/folders/5n/p_75w94d66l9ssrldxqdhh700000gn/T//ccQuQaC2.s:221    .text.chSysTimerHandlerI:0000000000000050 $d
/var/folders/5n/p_75w94d66l9ssrldxqdhh700000gn/T//ccQuQaC2.s:244    .bss._idle_thread_wa:0000000000000000 _idle_thread_wa
/var/folders/5n/p_75w94d66l9ssrldxqdhh700000gn/T//ccQuQaC2.s:229    .bss.mainthread.1983:0000000000000000 $d
/var/folders/5n/p_75w94d66l9ssrldxqdhh700000gn/T//ccQuQaC2.s:233    .bss.mainthread.1983:0000000000000000 mainthread.1983
/var/folders/5n/p_75w94d66l9ssrldxqdhh700000gn/T//ccQuQaC2.s:236    .rodata.str1.4:0000000000000000 $d
/var/folders/5n/p_75w94d66l9ssrldxqdhh700000gn/T//ccQuQaC2.s:240    .bss._idle_thread_wa:0000000000000000 $d
                     .debug_frame:0000000000000010 $d
/var/folders/5n/p_75w94d66l9ssrldxqdhh700000gn/T//ccQuQaC2.s:48     .text._idle_thread:0000000000000014 $t
/var/folders/5n/p_75w94d66l9ssrldxqdhh700000gn/T//ccQuQaC2.s:228    .text.chSysTimerHandlerI:0000000000000058 $t

UNDEFINED SYMBOLS
rlist
_port_init
_scheduler_init
_vt_init
_core_init
_heap_init
_thread_init
ch_debug
chThdCreateStatic
vtlist
