ARM GAS  /var/folders/5n/p_75w94d66l9ssrldxqdhh700000gn/T//ccpJZGqX.s 			page 1


   1              		.syntax unified
   2              		.cpu cortex-m4
   3              		.fpu softvfp
   4              		.eabi_attribute 20, 1
   5              		.eabi_attribute 21, 1
   6              		.eabi_attribute 23, 3
   7              		.eabi_attribute 24, 1
   8              		.eabi_attribute 25, 1
   9              		.eabi_attribute 26, 1
  10              		.eabi_attribute 30, 2
  11              		.eabi_attribute 18, 4
  12              		.thumb
  13              		.file	"crt0.c"
  14              		.text
  15              	.Ltext0:
  16              		.cfi_sections	.debug_frame
  17              		.section	.text.__early_init,"ax",%progbits
  18              		.align	2
  19              		.p2align 4,,15
  20              		.weak	__early_init
  21              		.thumb
  22              		.thumb_func
  23              		.type	__early_init, %function
  24              	__early_init:
  25              	.LFB7:
  26              		.file 1 "../../os/ports/GCC/ARMCMx/crt0.c"
  27              		.loc 1 213 0
  28              		.cfi_startproc
  29              		@ args = 0, pretend = 0, frame = 0
  30              		@ frame_needed = 0, uses_anonymous_args = 0
  31              		@ link register save eliminated.
  32              		.loc 1 213 0
  33 0000 7047     		bx	lr
  34              		.cfi_endproc
  35              	.LFE7:
  36              		.size	__early_init, .-__early_init
  37 0002 00BFAFF3 		.section	.text.__late_init,"ax",%progbits
  37      0080AFF3 
  37      0080AFF3 
  37      0080
  38              		.align	2
  39              		.p2align 4,,15
  40              		.weak	__late_init
  41              		.thumb
  42              		.thumb_func
  43              		.type	__late_init, %function
  44              	__late_init:
  45              	.LFB8:
  46              		.loc 1 225 0
  47              		.cfi_startproc
  48              		@ args = 0, pretend = 0, frame = 0
  49              		@ frame_needed = 0, uses_anonymous_args = 0
  50              		@ link register save eliminated.
  51              		.loc 1 225 0
  52 0000 7047     		bx	lr
  53              		.cfi_endproc
  54              	.LFE8:
ARM GAS  /var/folders/5n/p_75w94d66l9ssrldxqdhh700000gn/T//ccpJZGqX.s 			page 2


  55              		.size	__late_init, .-__late_init
  56 0002 00BFAFF3 		.section	.text._default_exit,"ax",%progbits
  56      0080AFF3 
  56      0080AFF3 
  56      0080
  57              		.align	2
  58              		.p2align 4,,15
  59              		.weak	_default_exit
  60              		.thumb
  61              		.thumb_func
  62              		.type	_default_exit, %function
  63              	_default_exit:
  64              	.LFB9:
  65              		.loc 1 236 0
  66              		.cfi_startproc
  67              		@ Naked Function: prologue and epilogue provided by programmer.
  68              		@ args = 0, pretend = 0, frame = 0
  69              		@ frame_needed = 0, uses_anonymous_args = 0
  70              	.L4:
  71 0000 FEE7     		b	.L4
  72              		.cfi_endproc
  73              	.LFE9:
  74              		.size	_default_exit, .-_default_exit
  75 0002 00BFAFF3 		.section	.text.ResetHandler,"ax",%progbits
  75      0080AFF3 
  75      0080AFF3 
  75      0080
  76              		.align	2
  77              		.p2align 4,,15
  78              		.global	ResetHandler
  79              		.thumb
  80              		.thumb_func
  81              		.type	ResetHandler, %function
  82              	ResetHandler:
  83              	.LFB10:
  84              		.loc 1 247 0
  85              		.cfi_startproc
  86              		@ Naked Function: prologue and epilogue provided by programmer.
  87              		@ args = 0, pretend = 0, frame = 0
  88              		@ frame_needed = 0, uses_anonymous_args = 0
  89              		.loc 1 253 0
  90              	@ 253 "../../os/ports/GCC/ARMCMx/crt0.c" 1
  91 0000 72B6     		cpsid   i
  92              	@ 0 "" 2
  93              	.LVL0:
  94              		.loc 1 255 0
  95              		.thumb
  96 0002 244A     		ldr	r2, .L25
  97              	@ 255 "../../os/ports/GCC/ARMCMx/crt0.c" 1
  98 0004 82F30988 		msr     PSP, r2
  99              	@ 0 "" 2
 100              	.LVL1:
 101              		.loc 1 275 0
 102              		.thumb
 103 0008 0223     		movs	r3, #2
 104              	@ 275 "../../os/ports/GCC/ARMCMx/crt0.c" 1
 105 000a 83F31488 		msr     CONTROL, r3
ARM GAS  /var/folders/5n/p_75w94d66l9ssrldxqdhh700000gn/T//ccpJZGqX.s 			page 3


 106              	@ 0 "" 2
 107              		.loc 1 276 0
 108              	@ 276 "../../os/ports/GCC/ARMCMx/crt0.c" 1
 109 000e BFF36F8F 		isb
 110              	@ 0 "" 2
 111              	.LVL2:
 112              		.thumb
 113              	.LBB2:
 114              		.loc 1 280 0
 115 0012 214B     		ldr	r3, .L25+4
 116 0014 2149     		ldr	r1, .L25+8
 117 0016 8B42     		cmp	r3, r1
 118 0018 05D2     		bcs	.L6
 119 001a 4FF05530 		mov	r0, #1431655765
 120              	.LVL3:
 121              	.L7:
 122              		.loc 1 280 0 is_stmt 0 discriminator 2
 123 001e 43F8040B 		str	r0, [r3], #4
 124              	.LVL4:
 125 0022 8B42     		cmp	r3, r1
 126 0024 FBD3     		bcc	.L7
 127              	.LVL5:
 128              	.L6:
 129              	.LBE2:
 130              	.LBB3:
 131              		.loc 1 283 0 is_stmt 1 discriminator 1
 132 0026 1E4B     		ldr	r3, .L25+12
 133 0028 9342     		cmp	r3, r2
 134 002a 05D2     		bcs	.L8
 135              		.loc 1 283 0 is_stmt 0
 136 002c 4FF05531 		mov	r1, #1431655765
 137              	.LVL6:
 138              	.L9:
 139              		.loc 1 283 0 discriminator 2
 140 0030 43F8041B 		str	r1, [r3], #4
 141              	.LVL7:
 142 0034 9342     		cmp	r3, r2
 143 0036 FBD3     		bcc	.L9
 144              	.LVL8:
 145              	.L8:
 146              	.LBE3:
 147              		.loc 1 289 0 is_stmt 1
 148 0038 FFF7FEFF 		bl	__early_init
 149              	.LVL9:
 150              	.LBB4:
 151              		.loc 1 298 0
 152 003c 194B     		ldr	r3, .L25+16
 153 003e 1A48     		ldr	r0, .L25+20
 154 0040 8342     		cmp	r3, r0
 155 0042 06D2     		bcs	.L10
 156 0044 194A     		ldr	r2, .L25+24
 157              	.LVL10:
 158              	.L11:
 159              		.loc 1 299 0
 160 0046 52F8041F 		ldr	r1, [r2, #4]!
 161 004a 43F8041B 		str	r1, [r3], #4
 162              	.LVL11:
ARM GAS  /var/folders/5n/p_75w94d66l9ssrldxqdhh700000gn/T//ccpJZGqX.s 			page 4


 163              		.loc 1 298 0
 164 004e 8342     		cmp	r3, r0
 165 0050 F9D3     		bcc	.L11
 166              	.LVL12:
 167              	.L10:
 168              	.LBE4:
 169              	.LBB5:
 170              		.loc 1 305 0 discriminator 1
 171 0052 174B     		ldr	r3, .L25+28
 172 0054 174A     		ldr	r2, .L25+32
 173 0056 9342     		cmp	r3, r2
 174 0058 04D2     		bcs	.L12
 175              		.loc 1 305 0 is_stmt 0
 176 005a 0021     		movs	r1, #0
 177              	.LVL13:
 178              	.L13:
 179              		.loc 1 305 0 discriminator 2
 180 005c 43F8041B 		str	r1, [r3], #4
 181              	.LVL14:
 182 0060 9342     		cmp	r3, r2
 183 0062 FBD3     		bcc	.L13
 184              	.LVL15:
 185              	.L12:
 186              	.LBE5:
 187              	.LBB6:
 188              		.loc 1 315 0 is_stmt 1
 189 0064 144D     		ldr	r5, .L25+36
 190 0066 154C     		ldr	r4, .L25+40
 191              	.LBE6:
 192              		.loc 1 309 0
 193 0068 FFF7FEFF 		bl	__late_init
 194              	.LVL16:
 195              	.LBB7:
 196              		.loc 1 315 0
 197 006c AC42     		cmp	r4, r5
 198 006e 04D2     		bcs	.L14
 199              	.LVL17:
 200              	.L15:
 201              		.loc 1 316 0
 202 0070 54F8043B 		ldr	r3, [r4], #4
 203 0074 9847     		blx	r3
 204              	.LVL18:
 205              		.loc 1 315 0
 206 0076 AC42     		cmp	r4, r5
 207 0078 FAD3     		bcc	.L15
 208              	.LVL19:
 209              	.L14:
 210              	.LBE7:
 211              	.LBB8:
 212              		.loc 1 329 0
 213 007a 114D     		ldr	r5, .L25+44
 214 007c 114C     		ldr	r4, .L25+48
 215              	.LBE8:
 216              		.loc 1 323 0
 217 007e FFF7FEFF 		bl	main
 218              	.LVL20:
 219              	.LBB9:
ARM GAS  /var/folders/5n/p_75w94d66l9ssrldxqdhh700000gn/T//ccpJZGqX.s 			page 5


 220              		.loc 1 329 0
 221 0082 AC42     		cmp	r4, r5
 222 0084 04D2     		bcs	.L16
 223              	.LVL21:
 224              	.L17:
 225              		.loc 1 330 0
 226 0086 54F8043B 		ldr	r3, [r4], #4
 227 008a 9847     		blx	r3
 228              	.LVL22:
 229              		.loc 1 329 0
 230 008c AC42     		cmp	r4, r5
 231 008e FAD3     		bcc	.L17
 232              	.LVL23:
 233              	.L16:
 234              	.LBE9:
 235              		.loc 1 338 0
 236              		.loc 1 337 0
 237 0090 FFF7FEBF 		b	_default_exit
 238              	.L26:
 239              		.align	2
 240              	.L25:
 241 0094 00000000 		.word	__process_stack_end__
 242 0098 00000000 		.word	__main_stack_base__
 243 009c 00000000 		.word	__main_stack_end__
 244 00a0 00000000 		.word	__process_stack_base__
 245 00a4 00000000 		.word	_data
 246 00a8 00000000 		.word	_edata
 247 00ac FCFFFFFF 		.word	_textdata-4
 248 00b0 00000000 		.word	_bss_start
 249 00b4 00000000 		.word	_bss_end
 250 00b8 00000000 		.word	__init_array_end
 251 00bc 00000000 		.word	__init_array_start
 252 00c0 00000000 		.word	__fini_array_end
 253 00c4 00000000 		.word	__fini_array_start
 254              		.cfi_endproc
 255              	.LFE10:
 256              		.size	ResetHandler, .-ResetHandler
 257 00c8 AFF30080 		.text
 257      AFF30080 
 258              	.Letext0:
 259              		.file 2 "/usr/local/summon/lib/gcc/arm-none-eabi/4.6.2/../../../../arm-none-eabi/include/stdint.h"
 260              		.section	.debug_info,"",%progbits
 261              	.Ldebug_info0:
 262 0000 41030000 		.4byte	0x341
 263 0004 0200     		.2byte	0x2
 264 0006 00000000 		.4byte	.Ldebug_abbrev0
 265 000a 04       		.byte	0x4
 266 000b 01       		.uleb128 0x1
 267 000c 23000000 		.4byte	.LASF30
 268 0010 01       		.byte	0x1
 269 0011 8D000000 		.4byte	.LASF31
 270 0015 04010000 		.4byte	.LASF32
 271 0019 00000000 		.4byte	0
 272 001d 00000000 		.4byte	0
 273 0021 30000000 		.4byte	.Ldebug_ranges0+0x30
 274 0025 00000000 		.4byte	.Ldebug_line0
 275 0029 02       		.uleb128 0x2
ARM GAS  /var/folders/5n/p_75w94d66l9ssrldxqdhh700000gn/T//ccpJZGqX.s 			page 6


 276 002a 04       		.byte	0x4
 277 002b 05       		.byte	0x5
 278 002c 696E7400 		.ascii	"int\000"
 279 0030 03       		.uleb128 0x3
 280 0031 04       		.byte	0x4
 281 0032 07       		.byte	0x7
 282 0033 5A010000 		.4byte	.LASF0
 283 0037 03       		.uleb128 0x3
 284 0038 01       		.byte	0x1
 285 0039 06       		.byte	0x6
 286 003a F7010000 		.4byte	.LASF1
 287 003e 04       		.uleb128 0x4
 288 003f 9E010000 		.4byte	.LASF6
 289 0043 02       		.byte	0x2
 290 0044 2A       		.byte	0x2a
 291 0045 49000000 		.4byte	0x49
 292 0049 03       		.uleb128 0x3
 293 004a 01       		.byte	0x1
 294 004b 08       		.byte	0x8
 295 004c 73000000 		.4byte	.LASF2
 296 0050 03       		.uleb128 0x3
 297 0051 02       		.byte	0x2
 298 0052 05       		.byte	0x5
 299 0053 CD010000 		.4byte	.LASF3
 300 0057 03       		.uleb128 0x3
 301 0058 02       		.byte	0x2
 302 0059 07       		.byte	0x7
 303 005a BB000000 		.4byte	.LASF4
 304 005e 03       		.uleb128 0x3
 305 005f 04       		.byte	0x4
 306 0060 05       		.byte	0x5
 307 0061 E8010000 		.4byte	.LASF5
 308 0065 04       		.uleb128 0x4
 309 0066 DF010000 		.4byte	.LASF7
 310 006a 02       		.byte	0x2
 311 006b 50       		.byte	0x50
 312 006c 70000000 		.4byte	0x70
 313 0070 03       		.uleb128 0x3
 314 0071 04       		.byte	0x4
 315 0072 07       		.byte	0x7
 316 0073 F2000000 		.4byte	.LASF8
 317 0077 03       		.uleb128 0x3
 318 0078 08       		.byte	0x8
 319 0079 05       		.byte	0x5
 320 007a A6010000 		.4byte	.LASF9
 321 007e 03       		.uleb128 0x3
 322 007f 08       		.byte	0x8
 323 0080 07       		.byte	0x7
 324 0081 67010000 		.4byte	.LASF10
 325 0085 03       		.uleb128 0x3
 326 0086 01       		.byte	0x1
 327 0087 08       		.byte	0x8
 328 0088 B4010000 		.4byte	.LASF11
 329 008c 04       		.uleb128 0x4
 330 008d D7010000 		.4byte	.LASF12
 331 0091 01       		.byte	0x1
 332 0092 1F       		.byte	0x1f
ARM GAS  /var/folders/5n/p_75w94d66l9ssrldxqdhh700000gn/T//ccpJZGqX.s 			page 7


 333 0093 97000000 		.4byte	0x97
 334 0097 05       		.uleb128 0x5
 335 0098 04       		.byte	0x4
 336 0099 9D000000 		.4byte	0x9d
 337 009d 06       		.uleb128 0x6
 338 009e 01       		.byte	0x1
 339 009f 04       		.uleb128 0x4
 340 00a0 5C000000 		.4byte	.LASF13
 341 00a4 01       		.byte	0x1
 342 00a5 20       		.byte	0x20
 343 00a6 AA000000 		.4byte	0xaa
 344 00aa 05       		.uleb128 0x5
 345 00ab 04       		.byte	0x4
 346 00ac 8C000000 		.4byte	0x8c
 347 00b0 07       		.uleb128 0x7
 348 00b1 01       		.byte	0x1
 349 00b2 91010000 		.4byte	.LASF14
 350 00b6 01       		.byte	0x1
 351 00b7 D5       		.byte	0xd5
 352 00b8 01       		.byte	0x1
 353 00b9 00000000 		.4byte	.LFB7
 354 00bd 02000000 		.4byte	.LFE7
 355 00c1 02       		.byte	0x2
 356 00c2 7D       		.byte	0x7d
 357 00c3 00       		.sleb128 0
 358 00c4 07       		.uleb128 0x7
 359 00c5 01       		.byte	0x1
 360 00c6 81000000 		.4byte	.LASF15
 361 00ca 01       		.byte	0x1
 362 00cb E1       		.byte	0xe1
 363 00cc 01       		.byte	0x1
 364 00cd 00000000 		.4byte	.LFB8
 365 00d1 02000000 		.4byte	.LFE8
 366 00d5 02       		.byte	0x2
 367 00d6 7D       		.byte	0x7d
 368 00d7 00       		.sleb128 0
 369 00d8 07       		.uleb128 0x7
 370 00d9 01       		.byte	0x1
 371 00da 65000000 		.4byte	.LASF16
 372 00de 01       		.byte	0x1
 373 00df EC       		.byte	0xec
 374 00e0 01       		.byte	0x1
 375 00e1 00000000 		.4byte	.LFB9
 376 00e5 02000000 		.4byte	.LFE9
 377 00e9 02       		.byte	0x2
 378 00ea 7D       		.byte	0x7d
 379 00eb 00       		.sleb128 0
 380 00ec 08       		.uleb128 0x8
 381 00ed 01       		.byte	0x1
 382 00ee AE000000 		.4byte	.LASF33
 383 00f2 01       		.byte	0x1
 384 00f3 F7       		.byte	0xf7
 385 00f4 01       		.byte	0x1
 386 00f5 00000000 		.4byte	.LFB10
 387 00f9 C8000000 		.4byte	.LFE10
 388 00fd 02       		.byte	0x2
 389 00fe 7D       		.byte	0x7d
ARM GAS  /var/folders/5n/p_75w94d66l9ssrldxqdhh700000gn/T//ccpJZGqX.s 			page 8


 390 00ff 00       		.sleb128 0
 391 0100 EC010000 		.4byte	0x1ec
 392 0104 09       		.uleb128 0x9
 393 0105 70737000 		.ascii	"psp\000"
 394 0109 01       		.byte	0x1
 395 010a F8       		.byte	0xf8
 396 010b 65000000 		.4byte	0x65
 397 010f 0A       		.uleb128 0xa
 398 0110 72656700 		.ascii	"reg\000"
 399 0114 01       		.byte	0x1
 400 0115 F8       		.byte	0xf8
 401 0116 65000000 		.4byte	0x65
 402 011a 02       		.byte	0x2
 403 011b 0B       		.uleb128 0xb
 404 011c 12000000 		.4byte	.LBB2
 405 0120 26000000 		.4byte	.LBE2
 406 0124 43010000 		.4byte	0x143
 407 0128 0C       		.uleb128 0xc
 408 0129 703100   		.ascii	"p1\000"
 409 012c 01       		.byte	0x1
 410 012d 1801     		.2byte	0x118
 411 012f EC010000 		.4byte	0x1ec
 412 0133 00000000 		.4byte	.LLST0
 413 0137 0D       		.uleb128 0xd
 414 0138 703200   		.ascii	"p2\000"
 415 013b 01       		.byte	0x1
 416 013c 1801     		.2byte	0x118
 417 013e EC010000 		.4byte	0x1ec
 418 0142 00       		.byte	0
 419 0143 0B       		.uleb128 0xb
 420 0144 26000000 		.4byte	.LBB3
 421 0148 38000000 		.4byte	.LBE3
 422 014c 6B010000 		.4byte	0x16b
 423 0150 0C       		.uleb128 0xc
 424 0151 703100   		.ascii	"p1\000"
 425 0154 01       		.byte	0x1
 426 0155 1B01     		.2byte	0x11b
 427 0157 EC010000 		.4byte	0x1ec
 428 015b 13000000 		.4byte	.LLST1
 429 015f 0D       		.uleb128 0xd
 430 0160 703200   		.ascii	"p2\000"
 431 0163 01       		.byte	0x1
 432 0164 1B01     		.2byte	0x11b
 433 0166 EC010000 		.4byte	0x1ec
 434 016a 00       		.byte	0
 435 016b 0B       		.uleb128 0xb
 436 016c 3C000000 		.4byte	.LBB4
 437 0170 52000000 		.4byte	.LBE4
 438 0174 93010000 		.4byte	0x193
 439 0178 0D       		.uleb128 0xd
 440 0179 747000   		.ascii	"tp\000"
 441 017c 01       		.byte	0x1
 442 017d 2601     		.2byte	0x126
 443 017f EC010000 		.4byte	0x1ec
 444 0183 0C       		.uleb128 0xc
 445 0184 647000   		.ascii	"dp\000"
 446 0187 01       		.byte	0x1
ARM GAS  /var/folders/5n/p_75w94d66l9ssrldxqdhh700000gn/T//ccpJZGqX.s 			page 9


 447 0188 2601     		.2byte	0x126
 448 018a EC010000 		.4byte	0x1ec
 449 018e 26000000 		.4byte	.LLST2
 450 0192 00       		.byte	0
 451 0193 0B       		.uleb128 0xb
 452 0194 52000000 		.4byte	.LBB5
 453 0198 64000000 		.4byte	.LBE5
 454 019c BB010000 		.4byte	0x1bb
 455 01a0 0C       		.uleb128 0xc
 456 01a1 703100   		.ascii	"p1\000"
 457 01a4 01       		.byte	0x1
 458 01a5 3101     		.2byte	0x131
 459 01a7 EC010000 		.4byte	0x1ec
 460 01ab 39000000 		.4byte	.LLST3
 461 01af 0D       		.uleb128 0xd
 462 01b0 703200   		.ascii	"p2\000"
 463 01b3 01       		.byte	0x1
 464 01b4 3101     		.2byte	0x131
 465 01b6 EC010000 		.4byte	0x1ec
 466 01ba 00       		.byte	0
 467 01bb 0E       		.uleb128 0xe
 468 01bc 00000000 		.4byte	.Ldebug_ranges0+0
 469 01c0 D5010000 		.4byte	0x1d5
 470 01c4 0C       		.uleb128 0xc
 471 01c5 66707000 		.ascii	"fpp\000"
 472 01c9 01       		.byte	0x1
 473 01ca 3A01     		.2byte	0x13a
 474 01cc 9F000000 		.4byte	0x9f
 475 01d0 4C000000 		.4byte	.LLST4
 476 01d4 00       		.byte	0
 477 01d5 0F       		.uleb128 0xf
 478 01d6 18000000 		.4byte	.Ldebug_ranges0+0x18
 479 01da 0C       		.uleb128 0xc
 480 01db 66707000 		.ascii	"fpp\000"
 481 01df 01       		.byte	0x1
 482 01e0 4801     		.2byte	0x148
 483 01e2 9F000000 		.4byte	0x9f
 484 01e6 5F000000 		.4byte	.LLST5
 485 01ea 00       		.byte	0
 486 01eb 00       		.byte	0
 487 01ec 05       		.uleb128 0x5
 488 01ed 04       		.byte	0x4
 489 01ee 65000000 		.4byte	0x65
 490 01f2 10       		.uleb128 0x10
 491 01f3 B9010000 		.4byte	.LASF17
 492 01f7 01       		.byte	0x1
 493 01f8 76       		.byte	0x76
 494 01f9 65000000 		.4byte	0x65
 495 01fd 01       		.byte	0x1
 496 01fe 01       		.byte	0x1
 497 01ff 10       		.uleb128 0x10
 498 0200 2C020000 		.4byte	.LASF18
 499 0204 01       		.byte	0x1
 500 0205 7E       		.byte	0x7e
 501 0206 65000000 		.4byte	0x65
 502 020a 01       		.byte	0x1
 503 020b 01       		.byte	0x1
ARM GAS  /var/folders/5n/p_75w94d66l9ssrldxqdhh700000gn/T//ccpJZGqX.s 			page 10


 504 020c 10       		.uleb128 0x10
 505 020d 45000000 		.4byte	.LASF19
 506 0211 01       		.byte	0x1
 507 0212 85       		.byte	0x85
 508 0213 65000000 		.4byte	0x65
 509 0217 01       		.byte	0x1
 510 0218 01       		.byte	0x1
 511 0219 10       		.uleb128 0x10
 512 021a 03020000 		.4byte	.LASF20
 513 021e 01       		.byte	0x1
 514 021f 8C       		.byte	0x8c
 515 0220 65000000 		.4byte	0x65
 516 0224 01       		.byte	0x1
 517 0225 01       		.byte	0x1
 518 0226 10       		.uleb128 0x10
 519 0227 87010000 		.4byte	.LASF21
 520 022b 01       		.byte	0x1
 521 022c 92       		.byte	0x92
 522 022d 65000000 		.4byte	0x65
 523 0231 01       		.byte	0x1
 524 0232 01       		.byte	0x1
 525 0233 10       		.uleb128 0x10
 526 0234 F1010000 		.4byte	.LASF22
 527 0238 01       		.byte	0x1
 528 0239 98       		.byte	0x98
 529 023a 65000000 		.4byte	0x65
 530 023e 01       		.byte	0x1
 531 023f 01       		.byte	0x1
 532 0240 10       		.uleb128 0x10
 533 0241 0B000000 		.4byte	.LASF23
 534 0245 01       		.byte	0x1
 535 0246 9E       		.byte	0x9e
 536 0247 65000000 		.4byte	0x65
 537 024b 01       		.byte	0x1
 538 024c 01       		.byte	0x1
 539 024d 10       		.uleb128 0x10
 540 024e 00000000 		.4byte	.LASF24
 541 0252 01       		.byte	0x1
 542 0253 A4       		.byte	0xa4
 543 0254 65000000 		.4byte	0x65
 544 0258 01       		.byte	0x1
 545 0259 01       		.byte	0x1
 546 025a 10       		.uleb128 0x10
 547 025b 7E010000 		.4byte	.LASF25
 548 025f 01       		.byte	0x1
 549 0260 AA       		.byte	0xaa
 550 0261 65000000 		.4byte	0x65
 551 0265 01       		.byte	0x1
 552 0266 01       		.byte	0x1
 553 0267 10       		.uleb128 0x10
 554 0268 19020000 		.4byte	.LASF26
 555 026c 01       		.byte	0x1
 556 026d B0       		.byte	0xb0
 557 026e 8C000000 		.4byte	0x8c
 558 0272 01       		.byte	0x1
 559 0273 01       		.byte	0x1
 560 0274 10       		.uleb128 0x10
ARM GAS  /var/folders/5n/p_75w94d66l9ssrldxqdhh700000gn/T//ccpJZGqX.s 			page 11


 561 0275 E1000000 		.4byte	.LASF27
 562 0279 01       		.byte	0x1
 563 027a B6       		.byte	0xb6
 564 027b 8C000000 		.4byte	0x8c
 565 027f 01       		.byte	0x1
 566 0280 01       		.byte	0x1
 567 0281 10       		.uleb128 0x10
 568 0282 CE000000 		.4byte	.LASF28
 569 0286 01       		.byte	0x1
 570 0287 BC       		.byte	0xbc
 571 0288 8C000000 		.4byte	0x8c
 572 028c 01       		.byte	0x1
 573 028d 01       		.byte	0x1
 574 028e 10       		.uleb128 0x10
 575 028f 12000000 		.4byte	.LASF29
 576 0293 01       		.byte	0x1
 577 0294 C2       		.byte	0xc2
 578 0295 8C000000 		.4byte	0x8c
 579 0299 01       		.byte	0x1
 580 029a 01       		.byte	0x1
 581 029b 10       		.uleb128 0x10
 582 029c B9010000 		.4byte	.LASF17
 583 02a0 01       		.byte	0x1
 584 02a1 76       		.byte	0x76
 585 02a2 65000000 		.4byte	0x65
 586 02a6 01       		.byte	0x1
 587 02a7 01       		.byte	0x1
 588 02a8 10       		.uleb128 0x10
 589 02a9 2C020000 		.4byte	.LASF18
 590 02ad 01       		.byte	0x1
 591 02ae 7E       		.byte	0x7e
 592 02af 65000000 		.4byte	0x65
 593 02b3 01       		.byte	0x1
 594 02b4 01       		.byte	0x1
 595 02b5 10       		.uleb128 0x10
 596 02b6 45000000 		.4byte	.LASF19
 597 02ba 01       		.byte	0x1
 598 02bb 85       		.byte	0x85
 599 02bc 65000000 		.4byte	0x65
 600 02c0 01       		.byte	0x1
 601 02c1 01       		.byte	0x1
 602 02c2 10       		.uleb128 0x10
 603 02c3 03020000 		.4byte	.LASF20
 604 02c7 01       		.byte	0x1
 605 02c8 8C       		.byte	0x8c
 606 02c9 65000000 		.4byte	0x65
 607 02cd 01       		.byte	0x1
 608 02ce 01       		.byte	0x1
 609 02cf 10       		.uleb128 0x10
 610 02d0 87010000 		.4byte	.LASF21
 611 02d4 01       		.byte	0x1
 612 02d5 92       		.byte	0x92
 613 02d6 65000000 		.4byte	0x65
 614 02da 01       		.byte	0x1
 615 02db 01       		.byte	0x1
 616 02dc 10       		.uleb128 0x10
 617 02dd F1010000 		.4byte	.LASF22
ARM GAS  /var/folders/5n/p_75w94d66l9ssrldxqdhh700000gn/T//ccpJZGqX.s 			page 12


 618 02e1 01       		.byte	0x1
 619 02e2 98       		.byte	0x98
 620 02e3 65000000 		.4byte	0x65
 621 02e7 01       		.byte	0x1
 622 02e8 01       		.byte	0x1
 623 02e9 10       		.uleb128 0x10
 624 02ea 0B000000 		.4byte	.LASF23
 625 02ee 01       		.byte	0x1
 626 02ef 9E       		.byte	0x9e
 627 02f0 65000000 		.4byte	0x65
 628 02f4 01       		.byte	0x1
 629 02f5 01       		.byte	0x1
 630 02f6 10       		.uleb128 0x10
 631 02f7 00000000 		.4byte	.LASF24
 632 02fb 01       		.byte	0x1
 633 02fc A4       		.byte	0xa4
 634 02fd 65000000 		.4byte	0x65
 635 0301 01       		.byte	0x1
 636 0302 01       		.byte	0x1
 637 0303 10       		.uleb128 0x10
 638 0304 7E010000 		.4byte	.LASF25
 639 0308 01       		.byte	0x1
 640 0309 AA       		.byte	0xaa
 641 030a 65000000 		.4byte	0x65
 642 030e 01       		.byte	0x1
 643 030f 01       		.byte	0x1
 644 0310 10       		.uleb128 0x10
 645 0311 19020000 		.4byte	.LASF26
 646 0315 01       		.byte	0x1
 647 0316 B0       		.byte	0xb0
 648 0317 8C000000 		.4byte	0x8c
 649 031b 01       		.byte	0x1
 650 031c 01       		.byte	0x1
 651 031d 10       		.uleb128 0x10
 652 031e E1000000 		.4byte	.LASF27
 653 0322 01       		.byte	0x1
 654 0323 B6       		.byte	0xb6
 655 0324 8C000000 		.4byte	0x8c
 656 0328 01       		.byte	0x1
 657 0329 01       		.byte	0x1
 658 032a 10       		.uleb128 0x10
 659 032b CE000000 		.4byte	.LASF28
 660 032f 01       		.byte	0x1
 661 0330 BC       		.byte	0xbc
 662 0331 8C000000 		.4byte	0x8c
 663 0335 01       		.byte	0x1
 664 0336 01       		.byte	0x1
 665 0337 10       		.uleb128 0x10
 666 0338 12000000 		.4byte	.LASF29
 667 033c 01       		.byte	0x1
 668 033d C2       		.byte	0xc2
 669 033e 8C000000 		.4byte	0x8c
 670 0342 01       		.byte	0x1
 671 0343 01       		.byte	0x1
 672 0344 00       		.byte	0
 673              		.section	.debug_abbrev,"",%progbits
 674              	.Ldebug_abbrev0:
ARM GAS  /var/folders/5n/p_75w94d66l9ssrldxqdhh700000gn/T//ccpJZGqX.s 			page 13


 675 0000 01       		.uleb128 0x1
 676 0001 11       		.uleb128 0x11
 677 0002 01       		.byte	0x1
 678 0003 25       		.uleb128 0x25
 679 0004 0E       		.uleb128 0xe
 680 0005 13       		.uleb128 0x13
 681 0006 0B       		.uleb128 0xb
 682 0007 03       		.uleb128 0x3
 683 0008 0E       		.uleb128 0xe
 684 0009 1B       		.uleb128 0x1b
 685 000a 0E       		.uleb128 0xe
 686 000b 11       		.uleb128 0x11
 687 000c 01       		.uleb128 0x1
 688 000d 52       		.uleb128 0x52
 689 000e 01       		.uleb128 0x1
 690 000f 55       		.uleb128 0x55
 691 0010 06       		.uleb128 0x6
 692 0011 10       		.uleb128 0x10
 693 0012 06       		.uleb128 0x6
 694 0013 00       		.byte	0
 695 0014 00       		.byte	0
 696 0015 02       		.uleb128 0x2
 697 0016 24       		.uleb128 0x24
 698 0017 00       		.byte	0
 699 0018 0B       		.uleb128 0xb
 700 0019 0B       		.uleb128 0xb
 701 001a 3E       		.uleb128 0x3e
 702 001b 0B       		.uleb128 0xb
 703 001c 03       		.uleb128 0x3
 704 001d 08       		.uleb128 0x8
 705 001e 00       		.byte	0
 706 001f 00       		.byte	0
 707 0020 03       		.uleb128 0x3
 708 0021 24       		.uleb128 0x24
 709 0022 00       		.byte	0
 710 0023 0B       		.uleb128 0xb
 711 0024 0B       		.uleb128 0xb
 712 0025 3E       		.uleb128 0x3e
 713 0026 0B       		.uleb128 0xb
 714 0027 03       		.uleb128 0x3
 715 0028 0E       		.uleb128 0xe
 716 0029 00       		.byte	0
 717 002a 00       		.byte	0
 718 002b 04       		.uleb128 0x4
 719 002c 16       		.uleb128 0x16
 720 002d 00       		.byte	0
 721 002e 03       		.uleb128 0x3
 722 002f 0E       		.uleb128 0xe
 723 0030 3A       		.uleb128 0x3a
 724 0031 0B       		.uleb128 0xb
 725 0032 3B       		.uleb128 0x3b
 726 0033 0B       		.uleb128 0xb
 727 0034 49       		.uleb128 0x49
 728 0035 13       		.uleb128 0x13
 729 0036 00       		.byte	0
 730 0037 00       		.byte	0
 731 0038 05       		.uleb128 0x5
ARM GAS  /var/folders/5n/p_75w94d66l9ssrldxqdhh700000gn/T//ccpJZGqX.s 			page 14


 732 0039 0F       		.uleb128 0xf
 733 003a 00       		.byte	0
 734 003b 0B       		.uleb128 0xb
 735 003c 0B       		.uleb128 0xb
 736 003d 49       		.uleb128 0x49
 737 003e 13       		.uleb128 0x13
 738 003f 00       		.byte	0
 739 0040 00       		.byte	0
 740 0041 06       		.uleb128 0x6
 741 0042 15       		.uleb128 0x15
 742 0043 00       		.byte	0
 743 0044 27       		.uleb128 0x27
 744 0045 0C       		.uleb128 0xc
 745 0046 00       		.byte	0
 746 0047 00       		.byte	0
 747 0048 07       		.uleb128 0x7
 748 0049 2E       		.uleb128 0x2e
 749 004a 00       		.byte	0
 750 004b 3F       		.uleb128 0x3f
 751 004c 0C       		.uleb128 0xc
 752 004d 03       		.uleb128 0x3
 753 004e 0E       		.uleb128 0xe
 754 004f 3A       		.uleb128 0x3a
 755 0050 0B       		.uleb128 0xb
 756 0051 3B       		.uleb128 0x3b
 757 0052 0B       		.uleb128 0xb
 758 0053 27       		.uleb128 0x27
 759 0054 0C       		.uleb128 0xc
 760 0055 11       		.uleb128 0x11
 761 0056 01       		.uleb128 0x1
 762 0057 12       		.uleb128 0x12
 763 0058 01       		.uleb128 0x1
 764 0059 40       		.uleb128 0x40
 765 005a 0A       		.uleb128 0xa
 766 005b 00       		.byte	0
 767 005c 00       		.byte	0
 768 005d 08       		.uleb128 0x8
 769 005e 2E       		.uleb128 0x2e
 770 005f 01       		.byte	0x1
 771 0060 3F       		.uleb128 0x3f
 772 0061 0C       		.uleb128 0xc
 773 0062 03       		.uleb128 0x3
 774 0063 0E       		.uleb128 0xe
 775 0064 3A       		.uleb128 0x3a
 776 0065 0B       		.uleb128 0xb
 777 0066 3B       		.uleb128 0x3b
 778 0067 0B       		.uleb128 0xb
 779 0068 27       		.uleb128 0x27
 780 0069 0C       		.uleb128 0xc
 781 006a 11       		.uleb128 0x11
 782 006b 01       		.uleb128 0x1
 783 006c 12       		.uleb128 0x12
 784 006d 01       		.uleb128 0x1
 785 006e 40       		.uleb128 0x40
 786 006f 0A       		.uleb128 0xa
 787 0070 01       		.uleb128 0x1
 788 0071 13       		.uleb128 0x13
ARM GAS  /var/folders/5n/p_75w94d66l9ssrldxqdhh700000gn/T//ccpJZGqX.s 			page 15


 789 0072 00       		.byte	0
 790 0073 00       		.byte	0
 791 0074 09       		.uleb128 0x9
 792 0075 34       		.uleb128 0x34
 793 0076 00       		.byte	0
 794 0077 03       		.uleb128 0x3
 795 0078 08       		.uleb128 0x8
 796 0079 3A       		.uleb128 0x3a
 797 007a 0B       		.uleb128 0xb
 798 007b 3B       		.uleb128 0x3b
 799 007c 0B       		.uleb128 0xb
 800 007d 49       		.uleb128 0x49
 801 007e 13       		.uleb128 0x13
 802 007f 00       		.byte	0
 803 0080 00       		.byte	0
 804 0081 0A       		.uleb128 0xa
 805 0082 34       		.uleb128 0x34
 806 0083 00       		.byte	0
 807 0084 03       		.uleb128 0x3
 808 0085 08       		.uleb128 0x8
 809 0086 3A       		.uleb128 0x3a
 810 0087 0B       		.uleb128 0xb
 811 0088 3B       		.uleb128 0x3b
 812 0089 0B       		.uleb128 0xb
 813 008a 49       		.uleb128 0x49
 814 008b 13       		.uleb128 0x13
 815 008c 1C       		.uleb128 0x1c
 816 008d 0B       		.uleb128 0xb
 817 008e 00       		.byte	0
 818 008f 00       		.byte	0
 819 0090 0B       		.uleb128 0xb
 820 0091 0B       		.uleb128 0xb
 821 0092 01       		.byte	0x1
 822 0093 11       		.uleb128 0x11
 823 0094 01       		.uleb128 0x1
 824 0095 12       		.uleb128 0x12
 825 0096 01       		.uleb128 0x1
 826 0097 01       		.uleb128 0x1
 827 0098 13       		.uleb128 0x13
 828 0099 00       		.byte	0
 829 009a 00       		.byte	0
 830 009b 0C       		.uleb128 0xc
 831 009c 34       		.uleb128 0x34
 832 009d 00       		.byte	0
 833 009e 03       		.uleb128 0x3
 834 009f 08       		.uleb128 0x8
 835 00a0 3A       		.uleb128 0x3a
 836 00a1 0B       		.uleb128 0xb
 837 00a2 3B       		.uleb128 0x3b
 838 00a3 05       		.uleb128 0x5
 839 00a4 49       		.uleb128 0x49
 840 00a5 13       		.uleb128 0x13
 841 00a6 02       		.uleb128 0x2
 842 00a7 06       		.uleb128 0x6
 843 00a8 00       		.byte	0
 844 00a9 00       		.byte	0
 845 00aa 0D       		.uleb128 0xd
ARM GAS  /var/folders/5n/p_75w94d66l9ssrldxqdhh700000gn/T//ccpJZGqX.s 			page 16


 846 00ab 34       		.uleb128 0x34
 847 00ac 00       		.byte	0
 848 00ad 03       		.uleb128 0x3
 849 00ae 08       		.uleb128 0x8
 850 00af 3A       		.uleb128 0x3a
 851 00b0 0B       		.uleb128 0xb
 852 00b1 3B       		.uleb128 0x3b
 853 00b2 05       		.uleb128 0x5
 854 00b3 49       		.uleb128 0x49
 855 00b4 13       		.uleb128 0x13
 856 00b5 00       		.byte	0
 857 00b6 00       		.byte	0
 858 00b7 0E       		.uleb128 0xe
 859 00b8 0B       		.uleb128 0xb
 860 00b9 01       		.byte	0x1
 861 00ba 55       		.uleb128 0x55
 862 00bb 06       		.uleb128 0x6
 863 00bc 01       		.uleb128 0x1
 864 00bd 13       		.uleb128 0x13
 865 00be 00       		.byte	0
 866 00bf 00       		.byte	0
 867 00c0 0F       		.uleb128 0xf
 868 00c1 0B       		.uleb128 0xb
 869 00c2 01       		.byte	0x1
 870 00c3 55       		.uleb128 0x55
 871 00c4 06       		.uleb128 0x6
 872 00c5 00       		.byte	0
 873 00c6 00       		.byte	0
 874 00c7 10       		.uleb128 0x10
 875 00c8 34       		.uleb128 0x34
 876 00c9 00       		.byte	0
 877 00ca 03       		.uleb128 0x3
 878 00cb 0E       		.uleb128 0xe
 879 00cc 3A       		.uleb128 0x3a
 880 00cd 0B       		.uleb128 0xb
 881 00ce 3B       		.uleb128 0x3b
 882 00cf 0B       		.uleb128 0xb
 883 00d0 49       		.uleb128 0x49
 884 00d1 13       		.uleb128 0x13
 885 00d2 3F       		.uleb128 0x3f
 886 00d3 0C       		.uleb128 0xc
 887 00d4 3C       		.uleb128 0x3c
 888 00d5 0C       		.uleb128 0xc
 889 00d6 00       		.byte	0
 890 00d7 00       		.byte	0
 891 00d8 00       		.byte	0
 892              		.section	.debug_loc,"",%progbits
 893              	.Ldebug_loc0:
 894              	.LLST0:
 895 0000 22000000 		.4byte	.LVL4
 896 0004 26000000 		.4byte	.LVL5
 897 0008 0100     		.2byte	0x1
 898 000a 53       		.byte	0x53
 899 000b 00000000 		.4byte	0
 900 000f 00000000 		.4byte	0
 901              	.LLST1:
 902 0013 34000000 		.4byte	.LVL7
ARM GAS  /var/folders/5n/p_75w94d66l9ssrldxqdhh700000gn/T//ccpJZGqX.s 			page 17


 903 0017 38000000 		.4byte	.LVL8
 904 001b 0100     		.2byte	0x1
 905 001d 53       		.byte	0x53
 906 001e 00000000 		.4byte	0
 907 0022 00000000 		.4byte	0
 908              	.LLST2:
 909 0026 4E000000 		.4byte	.LVL11
 910 002a 52000000 		.4byte	.LVL12
 911 002e 0100     		.2byte	0x1
 912 0030 53       		.byte	0x53
 913 0031 00000000 		.4byte	0
 914 0035 00000000 		.4byte	0
 915              	.LLST3:
 916 0039 60000000 		.4byte	.LVL14
 917 003d 64000000 		.4byte	.LVL15
 918 0041 0100     		.2byte	0x1
 919 0043 53       		.byte	0x53
 920 0044 00000000 		.4byte	0
 921 0048 00000000 		.4byte	0
 922              	.LLST4:
 923 004c 76000000 		.4byte	.LVL18
 924 0050 7A000000 		.4byte	.LVL19
 925 0054 0100     		.2byte	0x1
 926 0056 54       		.byte	0x54
 927 0057 00000000 		.4byte	0
 928 005b 00000000 		.4byte	0
 929              	.LLST5:
 930 005f 8C000000 		.4byte	.LVL22
 931 0063 90000000 		.4byte	.LVL23
 932 0067 0100     		.2byte	0x1
 933 0069 54       		.byte	0x54
 934 006a 00000000 		.4byte	0
 935 006e 00000000 		.4byte	0
 936              		.section	.debug_aranges,"",%progbits
 937 0000 34000000 		.4byte	0x34
 938 0004 0200     		.2byte	0x2
 939 0006 00000000 		.4byte	.Ldebug_info0
 940 000a 04       		.byte	0x4
 941 000b 00       		.byte	0
 942 000c 0000     		.2byte	0
 943 000e 0000     		.2byte	0
 944 0010 00000000 		.4byte	.LFB7
 945 0014 02000000 		.4byte	.LFE7-.LFB7
 946 0018 00000000 		.4byte	.LFB8
 947 001c 02000000 		.4byte	.LFE8-.LFB8
 948 0020 00000000 		.4byte	.LFB9
 949 0024 02000000 		.4byte	.LFE9-.LFB9
 950 0028 00000000 		.4byte	.LFB10
 951 002c C8000000 		.4byte	.LFE10-.LFB10
 952 0030 00000000 		.4byte	0
 953 0034 00000000 		.4byte	0
 954              		.section	.debug_ranges,"",%progbits
 955              	.Ldebug_ranges0:
 956 0000 64000000 		.4byte	.LBB6
 957 0004 68000000 		.4byte	.LBE6
 958 0008 6C000000 		.4byte	.LBB7
 959 000c 7A000000 		.4byte	.LBE7
ARM GAS  /var/folders/5n/p_75w94d66l9ssrldxqdhh700000gn/T//ccpJZGqX.s 			page 18


 960 0010 00000000 		.4byte	0
 961 0014 00000000 		.4byte	0
 962 0018 7A000000 		.4byte	.LBB8
 963 001c 7E000000 		.4byte	.LBE8
 964 0020 82000000 		.4byte	.LBB9
 965 0024 90000000 		.4byte	.LBE9
 966 0028 00000000 		.4byte	0
 967 002c 00000000 		.4byte	0
 968 0030 00000000 		.4byte	.LFB7
 969 0034 02000000 		.4byte	.LFE7
 970 0038 00000000 		.4byte	.LFB8
 971 003c 02000000 		.4byte	.LFE8
 972 0040 00000000 		.4byte	.LFB9
 973 0044 02000000 		.4byte	.LFE9
 974 0048 00000000 		.4byte	.LFB10
 975 004c C8000000 		.4byte	.LFE10
 976 0050 00000000 		.4byte	0
 977 0054 00000000 		.4byte	0
 978              		.section	.debug_line,"",%progbits
 979              	.Ldebug_line0:
 980 0000 1F010000 		.section	.debug_str,"MS",%progbits,1
 980      02009300 
 980      00000201 
 980      FB0E0D00 
 980      01010101 
 981              	.LASF24:
 982 0000 5F627373 		.ascii	"_bss_start\000"
 982      5F737461 
 982      727400
 983              	.LASF23:
 984 000b 5F656461 		.ascii	"_edata\000"
 984      746100
 985              	.LASF29:
 986 0012 5F5F6669 		.ascii	"__fini_array_end\000"
 986      6E695F61 
 986      72726179 
 986      5F656E64 
 986      00
 987              	.LASF30:
 988 0023 474E5520 		.ascii	"GNU C 4.6.2 20111004 (prerelease)\000"
 988      4320342E 
 988      362E3220 
 988      32303131 
 988      31303034 
 989              	.LASF19:
 990 0045 5F5F7072 		.ascii	"__process_stack_base__\000"
 990      6F636573 
 990      735F7374 
 990      61636B5F 
 990      62617365 
 991              	.LASF13:
 992 005c 66756E63 		.ascii	"funcpp_t\000"
 992      70705F74 
 992      00
 993              	.LASF16:
 994 0065 5F646566 		.ascii	"_default_exit\000"
 994      61756C74 
ARM GAS  /var/folders/5n/p_75w94d66l9ssrldxqdhh700000gn/T//ccpJZGqX.s 			page 19


 994      5F657869 
 994      7400
 995              	.LASF2:
 996 0073 756E7369 		.ascii	"unsigned char\000"
 996      676E6564 
 996      20636861 
 996      7200
 997              	.LASF15:
 998 0081 5F5F6C61 		.ascii	"__late_init\000"
 998      74655F69 
 998      6E697400 
 999              	.LASF31:
 1000 008d 2E2E2F2E 		.ascii	"../../os/ports/GCC/ARMCMx/crt0.c\000"
 1000      2E2F6F73 
 1000      2F706F72 
 1000      74732F47 
 1000      43432F41 
 1001              	.LASF33:
 1002 00ae 52657365 		.ascii	"ResetHandler\000"
 1002      7448616E 
 1002      646C6572 
 1002      00
 1003              	.LASF4:
 1004 00bb 73686F72 		.ascii	"short unsigned int\000"
 1004      7420756E 
 1004      7369676E 
 1004      65642069 
 1004      6E7400
 1005              	.LASF28:
 1006 00ce 5F5F6669 		.ascii	"__fini_array_start\000"
 1006      6E695F61 
 1006      72726179 
 1006      5F737461 
 1006      727400
 1007              	.LASF27:
 1008 00e1 5F5F696E 		.ascii	"__init_array_end\000"
 1008      69745F61 
 1008      72726179 
 1008      5F656E64 
 1008      00
 1009              	.LASF8:
 1010 00f2 6C6F6E67 		.ascii	"long unsigned int\000"
 1010      20756E73 
 1010      69676E65 
 1010      6420696E 
 1010      7400
 1011              	.LASF32:
 1012 0104 2F557365 		.ascii	"/Users/sin/Documents/Eclipse/Workspace/mabl-ChibiOS"
 1012      72732F73 
 1012      696E2F44 
 1012      6F63756D 
 1012      656E7473 
 1013 0137 2D322E35 		.ascii	"-2.5.1/demos/ARMCM4-STM32F407-LWIP\000"
 1013      2E312F64 
 1013      656D6F73 
 1013      2F41524D 
 1013      434D342D 
ARM GAS  /var/folders/5n/p_75w94d66l9ssrldxqdhh700000gn/T//ccpJZGqX.s 			page 20


 1014              	.LASF0:
 1015 015a 756E7369 		.ascii	"unsigned int\000"
 1015      676E6564 
 1015      20696E74 
 1015      00
 1016              	.LASF10:
 1017 0167 6C6F6E67 		.ascii	"long long unsigned int\000"
 1017      206C6F6E 
 1017      6720756E 
 1017      7369676E 
 1017      65642069 
 1018              	.LASF25:
 1019 017e 5F627373 		.ascii	"_bss_end\000"
 1019      5F656E64 
 1019      00
 1020              	.LASF21:
 1021 0187 5F746578 		.ascii	"_textdata\000"
 1021      74646174 
 1021      6100
 1022              	.LASF14:
 1023 0191 5F5F6561 		.ascii	"__early_init\000"
 1023      726C795F 
 1023      696E6974 
 1023      00
 1024              	.LASF6:
 1025 019e 75696E74 		.ascii	"uint8_t\000"
 1025      385F7400 
 1026              	.LASF9:
 1027 01a6 6C6F6E67 		.ascii	"long long int\000"
 1027      206C6F6E 
 1027      6720696E 
 1027      7400
 1028              	.LASF11:
 1029 01b4 63686172 		.ascii	"char\000"
 1029      00
 1030              	.LASF17:
 1031 01b9 5F5F6D61 		.ascii	"__main_stack_base__\000"
 1031      696E5F73 
 1031      7461636B 
 1031      5F626173 
 1031      655F5F00 
 1032              	.LASF3:
 1033 01cd 73686F72 		.ascii	"short int\000"
 1033      7420696E 
 1033      7400
 1034              	.LASF12:
 1035 01d7 66756E63 		.ascii	"funcp_t\000"
 1035      705F7400 
 1036              	.LASF7:
 1037 01df 75696E74 		.ascii	"uint32_t\000"
 1037      33325F74 
 1037      00
 1038              	.LASF5:
 1039 01e8 6C6F6E67 		.ascii	"long int\000"
 1039      20696E74 
 1039      00
 1040              	.LASF22:
ARM GAS  /var/folders/5n/p_75w94d66l9ssrldxqdhh700000gn/T//ccpJZGqX.s 			page 21


 1041 01f1 5F646174 		.ascii	"_data\000"
 1041      6100
 1042              	.LASF1:
 1043 01f7 7369676E 		.ascii	"signed char\000"
 1043      65642063 
 1043      68617200 
 1044              	.LASF20:
 1045 0203 5F5F7072 		.ascii	"__process_stack_end__\000"
 1045      6F636573 
 1045      735F7374 
 1045      61636B5F 
 1045      656E645F 
 1046              	.LASF26:
 1047 0219 5F5F696E 		.ascii	"__init_array_start\000"
 1047      69745F61 
 1047      72726179 
 1047      5F737461 
 1047      727400
 1048              	.LASF18:
 1049 022c 5F5F6D61 		.ascii	"__main_stack_end__\000"
 1049      696E5F73 
 1049      7461636B 
 1049      5F656E64 
 1049      5F5F00
 1050              		.ident	"GCC: (Linaro GCC 4.6-2011.10) 4.6.2 20111004 (prerelease)"
ARM GAS  /var/folders/5n/p_75w94d66l9ssrldxqdhh700000gn/T//ccpJZGqX.s 			page 22


DEFINED SYMBOLS
                            *ABS*:0000000000000000 crt0.c
/var/folders/5n/p_75w94d66l9ssrldxqdhh700000gn/T//ccpJZGqX.s:18     .text.__early_init:0000000000000000 $t
/var/folders/5n/p_75w94d66l9ssrldxqdhh700000gn/T//ccpJZGqX.s:24     .text.__early_init:0000000000000000 __early_init
/var/folders/5n/p_75w94d66l9ssrldxqdhh700000gn/T//ccpJZGqX.s:38     .text.__late_init:0000000000000000 $t
/var/folders/5n/p_75w94d66l9ssrldxqdhh700000gn/T//ccpJZGqX.s:44     .text.__late_init:0000000000000000 __late_init
/var/folders/5n/p_75w94d66l9ssrldxqdhh700000gn/T//ccpJZGqX.s:57     .text._default_exit:0000000000000000 $t
/var/folders/5n/p_75w94d66l9ssrldxqdhh700000gn/T//ccpJZGqX.s:63     .text._default_exit:0000000000000000 _default_exit
/var/folders/5n/p_75w94d66l9ssrldxqdhh700000gn/T//ccpJZGqX.s:76     .text.ResetHandler:0000000000000000 $t
/var/folders/5n/p_75w94d66l9ssrldxqdhh700000gn/T//ccpJZGqX.s:82     .text.ResetHandler:0000000000000000 ResetHandler
/var/folders/5n/p_75w94d66l9ssrldxqdhh700000gn/T//ccpJZGqX.s:241    .text.ResetHandler:0000000000000094 $d
                     .debug_frame:0000000000000010 $d
/var/folders/5n/p_75w94d66l9ssrldxqdhh700000gn/T//ccpJZGqX.s:257    .text.ResetHandler:00000000000000c8 $t

UNDEFINED SYMBOLS
main
__process_stack_end__
__main_stack_base__
__main_stack_end__
__process_stack_base__
_data
_edata
_textdata
_bss_start
_bss_end
__init_array_end
__init_array_start
__fini_array_end
__fini_array_start
