ARM GAS  /var/folders/5n/p_75w94d66l9ssrldxqdhh700000gn/T//cczl67VS.s 			page 1


   1              		.syntax unified
   2              		.cpu cortex-m4
   3              		.fpu softvfp
   4              		.eabi_attribute 20, 1
   5              		.eabi_attribute 21, 1
   6              		.eabi_attribute 23, 3
   7              		.eabi_attribute 24, 1
   8              		.eabi_attribute 25, 1
   9              		.eabi_attribute 26, 1
  10              		.eabi_attribute 30, 2
  11              		.eabi_attribute 18, 4
  12              		.thumb
  13              		.file	"def.c"
  14              		.text
  15              	.Ltext0:
  16              		.cfi_sections	.debug_frame
  17              		.section	.text.lwip_htons,"ax",%progbits
  18              		.align	2
  19              		.p2align 4,,15
  20              		.global	lwip_htons
  21              		.thumb
  22              		.thumb_func
  23              		.type	lwip_htons, %function
  24              	lwip_htons:
  25              	.LFB7:
  26              		.file 1 "../../ext/lwip/src/core/def.c"
  27              		.loc 1 65 0
  28              		.cfi_startproc
  29              		@ args = 0, pretend = 0, frame = 0
  30              		@ frame_needed = 0, uses_anonymous_args = 0
  31              		@ link register save eliminated.
  32              	.LVL0:
  33              		.loc 1 66 0
  34 0000 030A     		lsrs	r3, r0, #8
  35 0002 43EA0020 		orr	r0, r3, r0, lsl #8
  36              	.LVL1:
  37              		.loc 1 67 0
  38 0006 80B2     		uxth	r0, r0
  39 0008 7047     		bx	lr
  40              		.cfi_endproc
  41              	.LFE7:
  42              		.size	lwip_htons, .-lwip_htons
  43              		.section	.text.lwip_ntohs,"ax",%progbits
  44              		.align	2
  45              		.p2align 4,,15
  46              		.global	lwip_ntohs
  47              		.thumb
  48              		.thumb_func
  49              		.type	lwip_ntohs, %function
  50              	lwip_ntohs:
  51              	.LFB8:
  52              		.loc 1 77 0
  53              		.cfi_startproc
  54              		@ args = 0, pretend = 0, frame = 0
  55              		@ frame_needed = 0, uses_anonymous_args = 0
  56              		@ link register save eliminated.
  57              	.LVL2:
ARM GAS  /var/folders/5n/p_75w94d66l9ssrldxqdhh700000gn/T//cczl67VS.s 			page 2


  58              	.LBB6:
  59              	.LBB7:
  60              		.loc 1 66 0
  61 0000 030A     		lsrs	r3, r0, #8
  62 0002 43EA0020 		orr	r0, r3, r0, lsl #8
  63              	.LVL3:
  64              	.LBE7:
  65              	.LBE6:
  66              		.loc 1 79 0
  67 0006 80B2     		uxth	r0, r0
  68 0008 7047     		bx	lr
  69              		.cfi_endproc
  70              	.LFE8:
  71              		.size	lwip_ntohs, .-lwip_ntohs
  72 000a 00BFAFF3 		.section	.text.lwip_htonl,"ax",%progbits
  72      0080
  73              		.align	2
  74              		.p2align 4,,15
  75              		.global	lwip_htonl
  76              		.thumb
  77              		.thumb_func
  78              		.type	lwip_htonl, %function
  79              	lwip_htonl:
  80              	.LFB9:
  81              		.loc 1 89 0
  82              		.cfi_startproc
  83              		@ args = 0, pretend = 0, frame = 0
  84              		@ frame_needed = 0, uses_anonymous_args = 0
  85              		@ link register save eliminated.
  86              	.LVL4:
  87              		.loc 1 94 0
  88 0000 00BA     		rev	r0, r0
  89              	.LVL5:
  90 0002 7047     		bx	lr
  91              		.cfi_endproc
  92              	.LFE9:
  93              		.size	lwip_htonl, .-lwip_htonl
  94 0004 AFF30080 		.section	.text.lwip_ntohl,"ax",%progbits
  94      AFF30080 
  94      AFF30080 
  95              		.align	2
  96              		.p2align 4,,15
  97              		.global	lwip_ntohl
  98              		.thumb
  99              		.thumb_func
 100              		.type	lwip_ntohl, %function
 101              	lwip_ntohl:
 102              	.LFB10:
 103              		.loc 1 104 0
 104              		.cfi_startproc
 105              		@ args = 0, pretend = 0, frame = 0
 106              		@ frame_needed = 0, uses_anonymous_args = 0
 107              		@ link register save eliminated.
 108              	.LVL6:
 109              		.loc 1 106 0
 110 0000 00BA     		rev	r0, r0
 111              	.LVL7:
ARM GAS  /var/folders/5n/p_75w94d66l9ssrldxqdhh700000gn/T//cczl67VS.s 			page 3


 112 0002 7047     		bx	lr
 113              		.cfi_endproc
 114              	.LFE10:
 115              		.size	lwip_ntohl, .-lwip_ntohl
 116 0004 AFF30080 		.text
 116      AFF30080 
 116      AFF30080 
 117              	.Letext0:
 118              		.file 2 "/usr/local/summon/lib/gcc/arm-none-eabi/4.6.2/../../../../arm-none-eabi/include/stdint.h"
 119              		.file 3 "../../os/various/lwip_bindings/arch/cc.h"
 120              		.section	.debug_info,"",%progbits
 121              	.Ldebug_info0:
 122 0000 7C010000 		.4byte	0x17c
 123 0004 0200     		.2byte	0x2
 124 0006 00000000 		.4byte	.Ldebug_abbrev0
 125 000a 04       		.byte	0x4
 126 000b 01       		.uleb128 0x1
 127 000c 7F000000 		.4byte	.LASF16
 128 0010 01       		.byte	0x1
 129 0011 D5000000 		.4byte	.LASF17
 130 0015 29000000 		.4byte	.LASF18
 131 0019 00000000 		.4byte	0
 132 001d 00000000 		.4byte	0
 133 0021 00000000 		.4byte	.Ldebug_ranges0+0
 134 0025 00000000 		.4byte	.Ldebug_line0
 135 0029 02       		.uleb128 0x2
 136 002a 04       		.byte	0x4
 137 002b 05       		.byte	0x5
 138 002c 696E7400 		.ascii	"int\000"
 139 0030 03       		.uleb128 0x3
 140 0031 04       		.byte	0x4
 141 0032 07       		.byte	0x7
 142 0033 0E000000 		.4byte	.LASF0
 143 0037 03       		.uleb128 0x3
 144 0038 01       		.byte	0x1
 145 0039 06       		.byte	0x6
 146 003a 2E010000 		.4byte	.LASF1
 147 003e 03       		.uleb128 0x3
 148 003f 01       		.byte	0x1
 149 0040 08       		.byte	0x8
 150 0041 1B000000 		.4byte	.LASF2
 151 0045 03       		.uleb128 0x3
 152 0046 02       		.byte	0x2
 153 0047 05       		.byte	0x5
 154 0048 54010000 		.4byte	.LASF3
 155 004c 04       		.uleb128 0x4
 156 004d 3A010000 		.4byte	.LASF6
 157 0051 02       		.byte	0x2
 158 0052 36       		.byte	0x36
 159 0053 57000000 		.4byte	0x57
 160 0057 03       		.uleb128 0x3
 161 0058 02       		.byte	0x2
 162 0059 07       		.byte	0x7
 163 005a 1B010000 		.4byte	.LASF4
 164 005e 03       		.uleb128 0x3
 165 005f 04       		.byte	0x4
 166 0060 05       		.byte	0x5
ARM GAS  /var/folders/5n/p_75w94d66l9ssrldxqdhh700000gn/T//cczl67VS.s 			page 4


 167 0061 07010000 		.4byte	.LASF5
 168 0065 04       		.uleb128 0x4
 169 0066 FE000000 		.4byte	.LASF7
 170 006a 02       		.byte	0x2
 171 006b 50       		.byte	0x50
 172 006c 70000000 		.4byte	0x70
 173 0070 03       		.uleb128 0x3
 174 0071 04       		.byte	0x4
 175 0072 07       		.byte	0x7
 176 0073 A1000000 		.4byte	.LASF8
 177 0077 03       		.uleb128 0x3
 178 0078 08       		.byte	0x8
 179 0079 05       		.byte	0x5
 180 007a 00000000 		.4byte	.LASF9
 181 007e 03       		.uleb128 0x3
 182 007f 08       		.byte	0x8
 183 0080 07       		.byte	0x7
 184 0081 B3000000 		.4byte	.LASF10
 185 0085 03       		.uleb128 0x3
 186 0086 01       		.byte	0x1
 187 0087 08       		.byte	0x8
 188 0088 F9000000 		.4byte	.LASF11
 189 008c 04       		.uleb128 0x4
 190 008d 43010000 		.4byte	.LASF12
 191 0091 03       		.byte	0x3
 192 0092 3E       		.byte	0x3e
 193 0093 4C000000 		.4byte	0x4c
 194 0097 04       		.uleb128 0x4
 195 0098 F3000000 		.4byte	.LASF13
 196 009c 03       		.byte	0x3
 197 009d 40       		.byte	0x40
 198 009e 65000000 		.4byte	0x65
 199 00a2 05       		.uleb128 0x5
 200 00a3 01       		.byte	0x1
 201 00a4 5E010000 		.4byte	.LASF14
 202 00a8 01       		.byte	0x1
 203 00a9 40       		.byte	0x40
 204 00aa 01       		.byte	0x1
 205 00ab 8C000000 		.4byte	0x8c
 206 00af 01       		.byte	0x1
 207 00b0 BE000000 		.4byte	0xbe
 208 00b4 06       		.uleb128 0x6
 209 00b5 6E00     		.ascii	"n\000"
 210 00b7 01       		.byte	0x1
 211 00b8 40       		.byte	0x40
 212 00b9 8C000000 		.4byte	0x8c
 213 00bd 00       		.byte	0
 214 00be 05       		.uleb128 0x5
 215 00bf 01       		.byte	0x1
 216 00c0 10010000 		.4byte	.LASF15
 217 00c4 01       		.byte	0x1
 218 00c5 58       		.byte	0x58
 219 00c6 01       		.byte	0x1
 220 00c7 97000000 		.4byte	0x97
 221 00cb 01       		.byte	0x1
 222 00cc DA000000 		.4byte	0xda
 223 00d0 06       		.uleb128 0x6
ARM GAS  /var/folders/5n/p_75w94d66l9ssrldxqdhh700000gn/T//cczl67VS.s 			page 5


 224 00d1 6E00     		.ascii	"n\000"
 225 00d3 01       		.byte	0x1
 226 00d4 58       		.byte	0x58
 227 00d5 97000000 		.4byte	0x97
 228 00d9 00       		.byte	0
 229 00da 07       		.uleb128 0x7
 230 00db A2000000 		.4byte	0xa2
 231 00df 00000000 		.4byte	.LFB7
 232 00e3 0A000000 		.4byte	.LFE7
 233 00e7 02       		.byte	0x2
 234 00e8 7D       		.byte	0x7d
 235 00e9 00       		.sleb128 0
 236 00ea F8000000 		.4byte	0xf8
 237 00ee 08       		.uleb128 0x8
 238 00ef B4000000 		.4byte	0xb4
 239 00f3 00000000 		.4byte	.LLST0
 240 00f7 00       		.byte	0
 241 00f8 09       		.uleb128 0x9
 242 00f9 01       		.byte	0x1
 243 00fa 49010000 		.4byte	.LASF19
 244 00fe 01       		.byte	0x1
 245 00ff 4C       		.byte	0x4c
 246 0100 01       		.byte	0x1
 247 0101 8C000000 		.4byte	0x8c
 248 0105 00000000 		.4byte	.LFB8
 249 0109 0A000000 		.4byte	.LFE8
 250 010d 02       		.byte	0x2
 251 010e 7D       		.byte	0x7d
 252 010f 00       		.sleb128 0
 253 0110 3B010000 		.4byte	0x13b
 254 0114 0A       		.uleb128 0xa
 255 0115 6E00     		.ascii	"n\000"
 256 0117 01       		.byte	0x1
 257 0118 4C       		.byte	0x4c
 258 0119 8C000000 		.4byte	0x8c
 259 011d 13000000 		.4byte	.LLST1
 260 0121 0B       		.uleb128 0xb
 261 0122 A2000000 		.4byte	0xa2
 262 0126 00000000 		.4byte	.LBB6
 263 012a 06000000 		.4byte	.LBE6
 264 012e 01       		.byte	0x1
 265 012f 4E       		.byte	0x4e
 266 0130 08       		.uleb128 0x8
 267 0131 B4000000 		.4byte	0xb4
 268 0135 13000000 		.4byte	.LLST1
 269 0139 00       		.byte	0
 270 013a 00       		.byte	0
 271 013b 07       		.uleb128 0x7
 272 013c BE000000 		.4byte	0xbe
 273 0140 00000000 		.4byte	.LFB9
 274 0144 04000000 		.4byte	.LFE9
 275 0148 02       		.byte	0x2
 276 0149 7D       		.byte	0x7d
 277 014a 00       		.sleb128 0
 278 014b 59010000 		.4byte	0x159
 279 014f 08       		.uleb128 0x8
 280 0150 D0000000 		.4byte	0xd0
ARM GAS  /var/folders/5n/p_75w94d66l9ssrldxqdhh700000gn/T//cczl67VS.s 			page 6


 281 0154 26000000 		.4byte	.LLST3
 282 0158 00       		.byte	0
 283 0159 0C       		.uleb128 0xc
 284 015a 01       		.byte	0x1
 285 015b CA000000 		.4byte	.LASF20
 286 015f 01       		.byte	0x1
 287 0160 67       		.byte	0x67
 288 0161 01       		.byte	0x1
 289 0162 97000000 		.4byte	0x97
 290 0166 00000000 		.4byte	.LFB10
 291 016a 04000000 		.4byte	.LFE10
 292 016e 02       		.byte	0x2
 293 016f 7D       		.byte	0x7d
 294 0170 00       		.sleb128 0
 295 0171 0A       		.uleb128 0xa
 296 0172 6E00     		.ascii	"n\000"
 297 0174 01       		.byte	0x1
 298 0175 67       		.byte	0x67
 299 0176 97000000 		.4byte	0x97
 300 017a 39000000 		.4byte	.LLST4
 301 017e 00       		.byte	0
 302 017f 00       		.byte	0
 303              		.section	.debug_abbrev,"",%progbits
 304              	.Ldebug_abbrev0:
 305 0000 01       		.uleb128 0x1
 306 0001 11       		.uleb128 0x11
 307 0002 01       		.byte	0x1
 308 0003 25       		.uleb128 0x25
 309 0004 0E       		.uleb128 0xe
 310 0005 13       		.uleb128 0x13
 311 0006 0B       		.uleb128 0xb
 312 0007 03       		.uleb128 0x3
 313 0008 0E       		.uleb128 0xe
 314 0009 1B       		.uleb128 0x1b
 315 000a 0E       		.uleb128 0xe
 316 000b 11       		.uleb128 0x11
 317 000c 01       		.uleb128 0x1
 318 000d 52       		.uleb128 0x52
 319 000e 01       		.uleb128 0x1
 320 000f 55       		.uleb128 0x55
 321 0010 06       		.uleb128 0x6
 322 0011 10       		.uleb128 0x10
 323 0012 06       		.uleb128 0x6
 324 0013 00       		.byte	0
 325 0014 00       		.byte	0
 326 0015 02       		.uleb128 0x2
 327 0016 24       		.uleb128 0x24
 328 0017 00       		.byte	0
 329 0018 0B       		.uleb128 0xb
 330 0019 0B       		.uleb128 0xb
 331 001a 3E       		.uleb128 0x3e
 332 001b 0B       		.uleb128 0xb
 333 001c 03       		.uleb128 0x3
 334 001d 08       		.uleb128 0x8
 335 001e 00       		.byte	0
 336 001f 00       		.byte	0
 337 0020 03       		.uleb128 0x3
ARM GAS  /var/folders/5n/p_75w94d66l9ssrldxqdhh700000gn/T//cczl67VS.s 			page 7


 338 0021 24       		.uleb128 0x24
 339 0022 00       		.byte	0
 340 0023 0B       		.uleb128 0xb
 341 0024 0B       		.uleb128 0xb
 342 0025 3E       		.uleb128 0x3e
 343 0026 0B       		.uleb128 0xb
 344 0027 03       		.uleb128 0x3
 345 0028 0E       		.uleb128 0xe
 346 0029 00       		.byte	0
 347 002a 00       		.byte	0
 348 002b 04       		.uleb128 0x4
 349 002c 16       		.uleb128 0x16
 350 002d 00       		.byte	0
 351 002e 03       		.uleb128 0x3
 352 002f 0E       		.uleb128 0xe
 353 0030 3A       		.uleb128 0x3a
 354 0031 0B       		.uleb128 0xb
 355 0032 3B       		.uleb128 0x3b
 356 0033 0B       		.uleb128 0xb
 357 0034 49       		.uleb128 0x49
 358 0035 13       		.uleb128 0x13
 359 0036 00       		.byte	0
 360 0037 00       		.byte	0
 361 0038 05       		.uleb128 0x5
 362 0039 2E       		.uleb128 0x2e
 363 003a 01       		.byte	0x1
 364 003b 3F       		.uleb128 0x3f
 365 003c 0C       		.uleb128 0xc
 366 003d 03       		.uleb128 0x3
 367 003e 0E       		.uleb128 0xe
 368 003f 3A       		.uleb128 0x3a
 369 0040 0B       		.uleb128 0xb
 370 0041 3B       		.uleb128 0x3b
 371 0042 0B       		.uleb128 0xb
 372 0043 27       		.uleb128 0x27
 373 0044 0C       		.uleb128 0xc
 374 0045 49       		.uleb128 0x49
 375 0046 13       		.uleb128 0x13
 376 0047 20       		.uleb128 0x20
 377 0048 0B       		.uleb128 0xb
 378 0049 01       		.uleb128 0x1
 379 004a 13       		.uleb128 0x13
 380 004b 00       		.byte	0
 381 004c 00       		.byte	0
 382 004d 06       		.uleb128 0x6
 383 004e 05       		.uleb128 0x5
 384 004f 00       		.byte	0
 385 0050 03       		.uleb128 0x3
 386 0051 08       		.uleb128 0x8
 387 0052 3A       		.uleb128 0x3a
 388 0053 0B       		.uleb128 0xb
 389 0054 3B       		.uleb128 0x3b
 390 0055 0B       		.uleb128 0xb
 391 0056 49       		.uleb128 0x49
 392 0057 13       		.uleb128 0x13
 393 0058 00       		.byte	0
 394 0059 00       		.byte	0
ARM GAS  /var/folders/5n/p_75w94d66l9ssrldxqdhh700000gn/T//cczl67VS.s 			page 8


 395 005a 07       		.uleb128 0x7
 396 005b 2E       		.uleb128 0x2e
 397 005c 01       		.byte	0x1
 398 005d 31       		.uleb128 0x31
 399 005e 13       		.uleb128 0x13
 400 005f 11       		.uleb128 0x11
 401 0060 01       		.uleb128 0x1
 402 0061 12       		.uleb128 0x12
 403 0062 01       		.uleb128 0x1
 404 0063 40       		.uleb128 0x40
 405 0064 0A       		.uleb128 0xa
 406 0065 01       		.uleb128 0x1
 407 0066 13       		.uleb128 0x13
 408 0067 00       		.byte	0
 409 0068 00       		.byte	0
 410 0069 08       		.uleb128 0x8
 411 006a 05       		.uleb128 0x5
 412 006b 00       		.byte	0
 413 006c 31       		.uleb128 0x31
 414 006d 13       		.uleb128 0x13
 415 006e 02       		.uleb128 0x2
 416 006f 06       		.uleb128 0x6
 417 0070 00       		.byte	0
 418 0071 00       		.byte	0
 419 0072 09       		.uleb128 0x9
 420 0073 2E       		.uleb128 0x2e
 421 0074 01       		.byte	0x1
 422 0075 3F       		.uleb128 0x3f
 423 0076 0C       		.uleb128 0xc
 424 0077 03       		.uleb128 0x3
 425 0078 0E       		.uleb128 0xe
 426 0079 3A       		.uleb128 0x3a
 427 007a 0B       		.uleb128 0xb
 428 007b 3B       		.uleb128 0x3b
 429 007c 0B       		.uleb128 0xb
 430 007d 27       		.uleb128 0x27
 431 007e 0C       		.uleb128 0xc
 432 007f 49       		.uleb128 0x49
 433 0080 13       		.uleb128 0x13
 434 0081 11       		.uleb128 0x11
 435 0082 01       		.uleb128 0x1
 436 0083 12       		.uleb128 0x12
 437 0084 01       		.uleb128 0x1
 438 0085 40       		.uleb128 0x40
 439 0086 0A       		.uleb128 0xa
 440 0087 01       		.uleb128 0x1
 441 0088 13       		.uleb128 0x13
 442 0089 00       		.byte	0
 443 008a 00       		.byte	0
 444 008b 0A       		.uleb128 0xa
 445 008c 05       		.uleb128 0x5
 446 008d 00       		.byte	0
 447 008e 03       		.uleb128 0x3
 448 008f 08       		.uleb128 0x8
 449 0090 3A       		.uleb128 0x3a
 450 0091 0B       		.uleb128 0xb
 451 0092 3B       		.uleb128 0x3b
ARM GAS  /var/folders/5n/p_75w94d66l9ssrldxqdhh700000gn/T//cczl67VS.s 			page 9


 452 0093 0B       		.uleb128 0xb
 453 0094 49       		.uleb128 0x49
 454 0095 13       		.uleb128 0x13
 455 0096 02       		.uleb128 0x2
 456 0097 06       		.uleb128 0x6
 457 0098 00       		.byte	0
 458 0099 00       		.byte	0
 459 009a 0B       		.uleb128 0xb
 460 009b 1D       		.uleb128 0x1d
 461 009c 01       		.byte	0x1
 462 009d 31       		.uleb128 0x31
 463 009e 13       		.uleb128 0x13
 464 009f 11       		.uleb128 0x11
 465 00a0 01       		.uleb128 0x1
 466 00a1 12       		.uleb128 0x12
 467 00a2 01       		.uleb128 0x1
 468 00a3 58       		.uleb128 0x58
 469 00a4 0B       		.uleb128 0xb
 470 00a5 59       		.uleb128 0x59
 471 00a6 0B       		.uleb128 0xb
 472 00a7 00       		.byte	0
 473 00a8 00       		.byte	0
 474 00a9 0C       		.uleb128 0xc
 475 00aa 2E       		.uleb128 0x2e
 476 00ab 01       		.byte	0x1
 477 00ac 3F       		.uleb128 0x3f
 478 00ad 0C       		.uleb128 0xc
 479 00ae 03       		.uleb128 0x3
 480 00af 0E       		.uleb128 0xe
 481 00b0 3A       		.uleb128 0x3a
 482 00b1 0B       		.uleb128 0xb
 483 00b2 3B       		.uleb128 0x3b
 484 00b3 0B       		.uleb128 0xb
 485 00b4 27       		.uleb128 0x27
 486 00b5 0C       		.uleb128 0xc
 487 00b6 49       		.uleb128 0x49
 488 00b7 13       		.uleb128 0x13
 489 00b8 11       		.uleb128 0x11
 490 00b9 01       		.uleb128 0x1
 491 00ba 12       		.uleb128 0x12
 492 00bb 01       		.uleb128 0x1
 493 00bc 40       		.uleb128 0x40
 494 00bd 0A       		.uleb128 0xa
 495 00be 00       		.byte	0
 496 00bf 00       		.byte	0
 497 00c0 00       		.byte	0
 498              		.section	.debug_loc,"",%progbits
 499              	.Ldebug_loc0:
 500              	.LLST0:
 501 0000 00000000 		.4byte	.LVL0
 502 0004 06000000 		.4byte	.LVL1
 503 0008 0100     		.2byte	0x1
 504 000a 50       		.byte	0x50
 505 000b 00000000 		.4byte	0
 506 000f 00000000 		.4byte	0
 507              	.LLST1:
 508 0013 00000000 		.4byte	.LVL2
ARM GAS  /var/folders/5n/p_75w94d66l9ssrldxqdhh700000gn/T//cczl67VS.s 			page 10


 509 0017 06000000 		.4byte	.LVL3
 510 001b 0100     		.2byte	0x1
 511 001d 50       		.byte	0x50
 512 001e 00000000 		.4byte	0
 513 0022 00000000 		.4byte	0
 514              	.LLST3:
 515 0026 00000000 		.4byte	.LVL4
 516 002a 02000000 		.4byte	.LVL5
 517 002e 0100     		.2byte	0x1
 518 0030 50       		.byte	0x50
 519 0031 00000000 		.4byte	0
 520 0035 00000000 		.4byte	0
 521              	.LLST4:
 522 0039 00000000 		.4byte	.LVL6
 523 003d 02000000 		.4byte	.LVL7
 524 0041 0100     		.2byte	0x1
 525 0043 50       		.byte	0x50
 526 0044 00000000 		.4byte	0
 527 0048 00000000 		.4byte	0
 528              		.section	.debug_aranges,"",%progbits
 529 0000 34000000 		.4byte	0x34
 530 0004 0200     		.2byte	0x2
 531 0006 00000000 		.4byte	.Ldebug_info0
 532 000a 04       		.byte	0x4
 533 000b 00       		.byte	0
 534 000c 0000     		.2byte	0
 535 000e 0000     		.2byte	0
 536 0010 00000000 		.4byte	.LFB7
 537 0014 0A000000 		.4byte	.LFE7-.LFB7
 538 0018 00000000 		.4byte	.LFB8
 539 001c 0A000000 		.4byte	.LFE8-.LFB8
 540 0020 00000000 		.4byte	.LFB9
 541 0024 04000000 		.4byte	.LFE9-.LFB9
 542 0028 00000000 		.4byte	.LFB10
 543 002c 04000000 		.4byte	.LFE10-.LFB10
 544 0030 00000000 		.4byte	0
 545 0034 00000000 		.4byte	0
 546              		.section	.debug_ranges,"",%progbits
 547              	.Ldebug_ranges0:
 548 0000 00000000 		.4byte	.LFB7
 549 0004 0A000000 		.4byte	.LFE7
 550 0008 00000000 		.4byte	.LFB8
 551 000c 0A000000 		.4byte	.LFE8
 552 0010 00000000 		.4byte	.LFB9
 553 0014 04000000 		.4byte	.LFE9
 554 0018 00000000 		.4byte	.LFB10
 555 001c 04000000 		.4byte	.LFE10
 556 0020 00000000 		.4byte	0
 557 0024 00000000 		.4byte	0
 558              		.section	.debug_line,"",%progbits
 559              	.Ldebug_line0:
 560 0000 0C010000 		.section	.debug_str,"MS",%progbits,1
 560      0200BC00 
 560      00000201 
 560      FB0E0D00 
 560      01010101 
 561              	.LASF9:
ARM GAS  /var/folders/5n/p_75w94d66l9ssrldxqdhh700000gn/T//cczl67VS.s 			page 11


 562 0000 6C6F6E67 		.ascii	"long long int\000"
 562      206C6F6E 
 562      6720696E 
 562      7400
 563              	.LASF0:
 564 000e 756E7369 		.ascii	"unsigned int\000"
 564      676E6564 
 564      20696E74 
 564      00
 565              	.LASF2:
 566 001b 756E7369 		.ascii	"unsigned char\000"
 566      676E6564 
 566      20636861 
 566      7200
 567              	.LASF18:
 568 0029 2F557365 		.ascii	"/Users/sin/Documents/Eclipse/Workspace/mabl-ChibiOS"
 568      72732F73 
 568      696E2F44 
 568      6F63756D 
 568      656E7473 
 569 005c 2D322E35 		.ascii	"-2.5.1/demos/ARMCM4-STM32F407-LWIP\000"
 569      2E312F64 
 569      656D6F73 
 569      2F41524D 
 569      434D342D 
 570              	.LASF16:
 571 007f 474E5520 		.ascii	"GNU C 4.6.2 20111004 (prerelease)\000"
 571      4320342E 
 571      362E3220 
 571      32303131 
 571      31303034 
 572              	.LASF8:
 573 00a1 6C6F6E67 		.ascii	"long unsigned int\000"
 573      20756E73 
 573      69676E65 
 573      6420696E 
 573      7400
 574              	.LASF10:
 575 00b3 6C6F6E67 		.ascii	"long long unsigned int\000"
 575      206C6F6E 
 575      6720756E 
 575      7369676E 
 575      65642069 
 576              	.LASF20:
 577 00ca 6C776970 		.ascii	"lwip_ntohl\000"
 577      5F6E746F 
 577      686C00
 578              	.LASF17:
 579 00d5 2E2E2F2E 		.ascii	"../../ext/lwip/src/core/def.c\000"
 579      2E2F6578 
 579      742F6C77 
 579      69702F73 
 579      72632F63 
 580              	.LASF13:
 581 00f3 7533325F 		.ascii	"u32_t\000"
 581      7400
 582              	.LASF11:
ARM GAS  /var/folders/5n/p_75w94d66l9ssrldxqdhh700000gn/T//cczl67VS.s 			page 12


 583 00f9 63686172 		.ascii	"char\000"
 583      00
 584              	.LASF7:
 585 00fe 75696E74 		.ascii	"uint32_t\000"
 585      33325F74 
 585      00
 586              	.LASF5:
 587 0107 6C6F6E67 		.ascii	"long int\000"
 587      20696E74 
 587      00
 588              	.LASF15:
 589 0110 6C776970 		.ascii	"lwip_htonl\000"
 589      5F68746F 
 589      6E6C00
 590              	.LASF4:
 591 011b 73686F72 		.ascii	"short unsigned int\000"
 591      7420756E 
 591      7369676E 
 591      65642069 
 591      6E7400
 592              	.LASF1:
 593 012e 7369676E 		.ascii	"signed char\000"
 593      65642063 
 593      68617200 
 594              	.LASF6:
 595 013a 75696E74 		.ascii	"uint16_t\000"
 595      31365F74 
 595      00
 596              	.LASF12:
 597 0143 7531365F 		.ascii	"u16_t\000"
 597      7400
 598              	.LASF19:
 599 0149 6C776970 		.ascii	"lwip_ntohs\000"
 599      5F6E746F 
 599      687300
 600              	.LASF3:
 601 0154 73686F72 		.ascii	"short int\000"
 601      7420696E 
 601      7400
 602              	.LASF14:
 603 015e 6C776970 		.ascii	"lwip_htons\000"
 603      5F68746F 
 603      6E7300
 604              		.ident	"GCC: (Linaro GCC 4.6-2011.10) 4.6.2 20111004 (prerelease)"
ARM GAS  /var/folders/5n/p_75w94d66l9ssrldxqdhh700000gn/T//cczl67VS.s 			page 13


DEFINED SYMBOLS
                            *ABS*:0000000000000000 def.c
/var/folders/5n/p_75w94d66l9ssrldxqdhh700000gn/T//cczl67VS.s:18     .text.lwip_htons:0000000000000000 $t
/var/folders/5n/p_75w94d66l9ssrldxqdhh700000gn/T//cczl67VS.s:24     .text.lwip_htons:0000000000000000 lwip_htons
/var/folders/5n/p_75w94d66l9ssrldxqdhh700000gn/T//cczl67VS.s:44     .text.lwip_ntohs:0000000000000000 $t
/var/folders/5n/p_75w94d66l9ssrldxqdhh700000gn/T//cczl67VS.s:50     .text.lwip_ntohs:0000000000000000 lwip_ntohs
/var/folders/5n/p_75w94d66l9ssrldxqdhh700000gn/T//cczl67VS.s:73     .text.lwip_htonl:0000000000000000 $t
/var/folders/5n/p_75w94d66l9ssrldxqdhh700000gn/T//cczl67VS.s:79     .text.lwip_htonl:0000000000000000 lwip_htonl
/var/folders/5n/p_75w94d66l9ssrldxqdhh700000gn/T//cczl67VS.s:95     .text.lwip_ntohl:0000000000000000 $t
/var/folders/5n/p_75w94d66l9ssrldxqdhh700000gn/T//cczl67VS.s:101    .text.lwip_ntohl:0000000000000000 lwip_ntohl
                     .debug_frame:0000000000000010 $d

NO UNDEFINED SYMBOLS
