ARM GAS  /var/folders/5n/p_75w94d66l9ssrldxqdhh700000gn/T//cct0EQuK.s 			page 1


   1              		.syntax unified
   2              		.cpu cortex-m4
   3              		.fpu softvfp
   4              		.eabi_attribute 20, 1
   5              		.eabi_attribute 21, 1
   6              		.eabi_attribute 23, 3
   7              		.eabi_attribute 24, 1
   8              		.eabi_attribute 25, 1
   9              		.eabi_attribute 26, 1
  10              		.eabi_attribute 30, 2
  11              		.eabi_attribute 18, 4
  12              		.thumb
  13              		.file	"err.c"
  14              		.text
  15              	.Ltext0:
  16              		.cfi_sections	.debug_frame
  17              	.Letext0:
  18              		.section	.debug_info,"",%progbits
  19              	.Ldebug_info0:
  20 0000 6F000000 		.4byte	0x6f
  21 0004 0200     		.2byte	0x2
  22 0006 00000000 		.4byte	.Ldebug_abbrev0
  23 000a 04       		.byte	0x4
  24 000b 01       		.uleb128 0x1
  25 000c E9000000 		.4byte	.LASF10
  26 0010 01       		.byte	0x1
  27 0011 75000000 		.4byte	.LASF11
  28 0015 00000000 		.4byte	.LASF12
  29 0019 00000000 		.4byte	.Ltext0
  30 001d 00000000 		.4byte	.Letext0
  31 0021 00000000 		.4byte	.Ldebug_line0
  32 0025 02       		.uleb128 0x2
  33 0026 04       		.byte	0x4
  34 0027 05       		.byte	0x5
  35 0028 696E7400 		.ascii	"int\000"
  36 002c 03       		.uleb128 0x3
  37 002d 04       		.byte	0x4
  38 002e 07       		.byte	0x7
  39 002f 56000000 		.4byte	.LASF0
  40 0033 03       		.uleb128 0x3
  41 0034 01       		.byte	0x1
  42 0035 06       		.byte	0x6
  43 0036 92000000 		.4byte	.LASF1
  44 003a 03       		.uleb128 0x3
  45 003b 01       		.byte	0x1
  46 003c 08       		.byte	0x8
  47 003d D2000000 		.4byte	.LASF2
  48 0041 03       		.uleb128 0x3
  49 0042 02       		.byte	0x2
  50 0043 05       		.byte	0x5
  51 0044 B1000000 		.4byte	.LASF3
  52 0048 03       		.uleb128 0x3
  53 0049 02       		.byte	0x2
  54 004a 07       		.byte	0x7
  55 004b 9E000000 		.4byte	.LASF4
  56 004f 03       		.uleb128 0x3
  57 0050 04       		.byte	0x4
ARM GAS  /var/folders/5n/p_75w94d66l9ssrldxqdhh700000gn/T//cct0EQuK.s 			page 2


  58 0051 05       		.byte	0x5
  59 0052 E0000000 		.4byte	.LASF5
  60 0056 03       		.uleb128 0x3
  61 0057 04       		.byte	0x4
  62 0058 07       		.byte	0x7
  63 0059 63000000 		.4byte	.LASF6
  64 005d 03       		.uleb128 0x3
  65 005e 08       		.byte	0x8
  66 005f 05       		.byte	0x5
  67 0060 10010000 		.4byte	.LASF7
  68 0064 03       		.uleb128 0x3
  69 0065 08       		.byte	0x8
  70 0066 07       		.byte	0x7
  71 0067 BB000000 		.4byte	.LASF8
  72 006b 03       		.uleb128 0x3
  73 006c 01       		.byte	0x1
  74 006d 08       		.byte	0x8
  75 006e 0B010000 		.4byte	.LASF9
  76 0072 00       		.byte	0
  77              		.section	.debug_abbrev,"",%progbits
  78              	.Ldebug_abbrev0:
  79 0000 01       		.uleb128 0x1
  80 0001 11       		.uleb128 0x11
  81 0002 01       		.byte	0x1
  82 0003 25       		.uleb128 0x25
  83 0004 0E       		.uleb128 0xe
  84 0005 13       		.uleb128 0x13
  85 0006 0B       		.uleb128 0xb
  86 0007 03       		.uleb128 0x3
  87 0008 0E       		.uleb128 0xe
  88 0009 1B       		.uleb128 0x1b
  89 000a 0E       		.uleb128 0xe
  90 000b 11       		.uleb128 0x11
  91 000c 01       		.uleb128 0x1
  92 000d 12       		.uleb128 0x12
  93 000e 01       		.uleb128 0x1
  94 000f 10       		.uleb128 0x10
  95 0010 06       		.uleb128 0x6
  96 0011 00       		.byte	0
  97 0012 00       		.byte	0
  98 0013 02       		.uleb128 0x2
  99 0014 24       		.uleb128 0x24
 100 0015 00       		.byte	0
 101 0016 0B       		.uleb128 0xb
 102 0017 0B       		.uleb128 0xb
 103 0018 3E       		.uleb128 0x3e
 104 0019 0B       		.uleb128 0xb
 105 001a 03       		.uleb128 0x3
 106 001b 08       		.uleb128 0x8
 107 001c 00       		.byte	0
 108 001d 00       		.byte	0
 109 001e 03       		.uleb128 0x3
 110 001f 24       		.uleb128 0x24
 111 0020 00       		.byte	0
 112 0021 0B       		.uleb128 0xb
 113 0022 0B       		.uleb128 0xb
 114 0023 3E       		.uleb128 0x3e
ARM GAS  /var/folders/5n/p_75w94d66l9ssrldxqdhh700000gn/T//cct0EQuK.s 			page 3


 115 0024 0B       		.uleb128 0xb
 116 0025 03       		.uleb128 0x3
 117 0026 0E       		.uleb128 0xe
 118 0027 00       		.byte	0
 119 0028 00       		.byte	0
 120 0029 00       		.byte	0
 121              		.section	.debug_line,"",%progbits
 122              	.Ldebug_line0:
 123 0000 19000000 		.section	.debug_str,"MS",%progbits,1
 123      02001300 
 123      00000201 
 123      FB0E0D00 
 123      01010101 
 124              	.LASF12:
 125 0000 2F557365 		.ascii	"/Users/sin/Documents/Eclipse/Workspace/mabl-ChibiOS"
 125      72732F73 
 125      696E2F44 
 125      6F63756D 
 125      656E7473 
 126 0033 2D322E35 		.ascii	"-2.5.1/demos/ARMCM4-STM32F407-LWIP\000"
 126      2E312F64 
 126      656D6F73 
 126      2F41524D 
 126      434D342D 
 127              	.LASF0:
 128 0056 756E7369 		.ascii	"unsigned int\000"
 128      676E6564 
 128      20696E74 
 128      00
 129              	.LASF6:
 130 0063 6C6F6E67 		.ascii	"long unsigned int\000"
 130      20756E73 
 130      69676E65 
 130      6420696E 
 130      7400
 131              	.LASF11:
 132 0075 2E2E2F2E 		.ascii	"../../ext/lwip/src/api/err.c\000"
 132      2E2F6578 
 132      742F6C77 
 132      69702F73 
 132      72632F61 
 133              	.LASF1:
 134 0092 7369676E 		.ascii	"signed char\000"
 134      65642063 
 134      68617200 
 135              	.LASF4:
 136 009e 73686F72 		.ascii	"short unsigned int\000"
 136      7420756E 
 136      7369676E 
 136      65642069 
 136      6E7400
 137              	.LASF3:
 138 00b1 73686F72 		.ascii	"short int\000"
 138      7420696E 
 138      7400
 139              	.LASF8:
 140 00bb 6C6F6E67 		.ascii	"long long unsigned int\000"
ARM GAS  /var/folders/5n/p_75w94d66l9ssrldxqdhh700000gn/T//cct0EQuK.s 			page 4


 140      206C6F6E 
 140      6720756E 
 140      7369676E 
 140      65642069 
 141              	.LASF2:
 142 00d2 756E7369 		.ascii	"unsigned char\000"
 142      676E6564 
 142      20636861 
 142      7200
 143              	.LASF5:
 144 00e0 6C6F6E67 		.ascii	"long int\000"
 144      20696E74 
 144      00
 145              	.LASF10:
 146 00e9 474E5520 		.ascii	"GNU C 4.6.2 20111004 (prerelease)\000"
 146      4320342E 
 146      362E3220 
 146      32303131 
 146      31303034 
 147              	.LASF9:
 148 010b 63686172 		.ascii	"char\000"
 148      00
 149              	.LASF7:
 150 0110 6C6F6E67 		.ascii	"long long int\000"
 150      206C6F6E 
 150      6720696E 
 150      7400
 151              		.ident	"GCC: (Linaro GCC 4.6-2011.10) 4.6.2 20111004 (prerelease)"
ARM GAS  /var/folders/5n/p_75w94d66l9ssrldxqdhh700000gn/T//cct0EQuK.s 			page 5


DEFINED SYMBOLS
                            *ABS*:0000000000000000 err.c

NO UNDEFINED SYMBOLS
