ARM GAS  /var/folders/5n/p_75w94d66l9ssrldxqdhh700000gn/T//ccXhxvXH.s 			page 1


   1              		.syntax unified
   2              		.cpu cortex-m4
   3              		.fpu softvfp
   4              		.eabi_attribute 20, 1
   5              		.eabi_attribute 21, 1
   6              		.eabi_attribute 23, 3
   7              		.eabi_attribute 24, 1
   8              		.eabi_attribute 25, 1
   9              		.eabi_attribute 26, 1
  10              		.eabi_attribute 30, 2
  11              		.eabi_attribute 18, 4
  12              		.thumb
  13              		.file	"evtimer.c"
  14              		.text
  15              	.Ltext0:
  16              		.cfi_sections	.debug_frame
  17              		.section	.text.tmrcb,"ax",%progbits
  18              		.align	2
  19              		.p2align 4,,15
  20              		.thumb
  21              		.thumb_func
  22              		.type	tmrcb, %function
  23              	tmrcb:
  24              	.LFB7:
  25              		.file 1 "../../os/various/evtimer.c"
  26              		.loc 1 32 0
  27              		.cfi_startproc
  28              		@ args = 0, pretend = 0, frame = 0
  29              		@ frame_needed = 0, uses_anonymous_args = 0
  30              	.LVL0:
  31 0000 10B5     		push	{r4, lr}
  32              	.LCFI0:
  33              		.cfi_def_cfa_offset 8
  34              		.cfi_offset 14, -4
  35              		.cfi_offset 4, -8
  36              	.LBB2:
  37              		.loc 1 35 0
  38 0002 2023     		movs	r3, #32
  39              	.LVL1:
  40              	.LBE2:
  41              		.loc 1 32 0
  42 0004 0446     		mov	r4, r0
  43              	.LVL2:
  44              	.LBB3:
  45              		.loc 1 35 0
  46              	@ 35 "../../os/various/evtimer.c" 1
  47 0006 83F31188 		msr     BASEPRI, r3
  48              	@ 0 "" 2
  49              	.LVL3:
  50              		.thumb
  51              	.LBE3:
  52              		.loc 1 36 0
  53 000a 0021     		movs	r1, #0
  54 000c 00F11400 		add	r0, r0, #20
  55              	.LVL4:
  56 0010 FFF7FEFF 		bl	chEvtBroadcastFlagsI
  57              	.LVL5:
ARM GAS  /var/folders/5n/p_75w94d66l9ssrldxqdhh700000gn/T//ccXhxvXH.s 			page 2


  58              		.loc 1 37 0
  59 0014 40F20002 		movw	r2, #:lower16:tmrcb
  60 0018 2346     		mov	r3, r4
  61 001a 2046     		mov	r0, r4
  62 001c A169     		ldr	r1, [r4, #24]
  63 001e C0F20002 		movt	r2, #:upper16:tmrcb
  64 0022 FFF7FEFF 		bl	chVTSetI
  65              	.LBB4:
  66              		.loc 1 38 0
  67 0026 0023     		movs	r3, #0
  68              	.LVL6:
  69              	@ 38 "../../os/various/evtimer.c" 1
  70 0028 83F31188 		msr     BASEPRI, r3
  71              	@ 0 "" 2
  72              	.LVL7:
  73              		.thumb
  74              	.LBE4:
  75              		.loc 1 39 0
  76 002c 10BD     		pop	{r4, pc}
  77              		.cfi_endproc
  78              	.LFE7:
  79              		.size	tmrcb, .-tmrcb
  80 002e 00BF     		.section	.text.evtStart,"ax",%progbits
  81              		.align	2
  82              		.p2align 4,,15
  83              		.global	evtStart
  84              		.thumb
  85              		.thumb_func
  86              		.type	evtStart, %function
  87              	evtStart:
  88              	.LFB8:
  89              		.loc 1 47 0
  90              		.cfi_startproc
  91              		@ args = 0, pretend = 0, frame = 0
  92              		@ frame_needed = 0, uses_anonymous_args = 0
  93              	.LVL8:
  94 0000 10B5     		push	{r4, lr}
  95              	.LCFI1:
  96              		.cfi_def_cfa_offset 8
  97              		.cfi_offset 14, -4
  98              		.cfi_offset 4, -8
  99              	.LBB5:
 100              		.loc 1 49 0
 101 0002 2023     		movs	r3, #32
 102              	.LVL9:
 103              	.LBE5:
 104              		.loc 1 47 0
 105 0004 0446     		mov	r4, r0
 106              	.LBB6:
 107              		.loc 1 49 0
 108              	@ 49 "../../os/various/evtimer.c" 1
 109 0006 83F31188 		msr     BASEPRI, r3
 110              	@ 0 "" 2
 111              	.LVL10:
 112              		.thumb
 113              	.LBE6:
 114              		.loc 1 51 0
ARM GAS  /var/folders/5n/p_75w94d66l9ssrldxqdhh700000gn/T//ccXhxvXH.s 			page 3


 115 000a C368     		ldr	r3, [r0, #12]
 116              	.LVL11:
 117 000c 1BB1     		cbz	r3, .L5
 118              	.LVL12:
 119              	.L3:
 120              	.LBB7:
 121              		.loc 1 54 0
 122 000e 0023     		movs	r3, #0
 123              	.LVL13:
 124              	@ 54 "../../os/various/evtimer.c" 1
 125 0010 83F31188 		msr     BASEPRI, r3
 126              	@ 0 "" 2
 127              	.LVL14:
 128              		.thumb
 129              	.LBE7:
 130              		.loc 1 55 0
 131 0014 10BD     		pop	{r4, pc}
 132              	.LVL15:
 133              	.L5:
 134              		.loc 1 52 0
 135 0016 8169     		ldr	r1, [r0, #24]
 136 0018 024A     		ldr	r2, .L6
 137 001a 0346     		mov	r3, r0
 138 001c FFF7FEFF 		bl	chVTSetI
 139 0020 F5E7     		b	.L3
 140              	.L7:
 141 0022 00BF     		.align	2
 142              	.L6:
 143 0024 00000000 		.word	tmrcb
 144              		.cfi_endproc
 145              	.LFE8:
 146              		.size	evtStart, .-evtStart
 147 0028 AFF30080 		.section	.text.evtStop,"ax",%progbits
 147      AFF30080 
 148              		.align	2
 149              		.p2align 4,,15
 150              		.global	evtStop
 151              		.thumb
 152              		.thumb_func
 153              		.type	evtStop, %function
 154              	evtStop:
 155              	.LFB9:
 156              		.loc 1 63 0
 157              		.cfi_startproc
 158              		@ args = 0, pretend = 0, frame = 0
 159              		@ frame_needed = 0, uses_anonymous_args = 0
 160              	.LVL16:
 161 0000 08B5     		push	{r3, lr}
 162              	.LCFI2:
 163              		.cfi_def_cfa_offset 8
 164              		.cfi_offset 14, -4
 165              		.cfi_offset 3, -8
 166              	.LBB8:
 167              		.loc 1 65 0
 168 0002 2023     		movs	r3, #32
 169              	.LVL17:
 170              	@ 65 "../../os/various/evtimer.c" 1
ARM GAS  /var/folders/5n/p_75w94d66l9ssrldxqdhh700000gn/T//ccXhxvXH.s 			page 4


 171 0004 83F31188 		msr     BASEPRI, r3
 172              	@ 0 "" 2
 173              	.LVL18:
 174              		.thumb
 175              	.LBE8:
 176 0008 C368     		ldr	r3, [r0, #12]
 177              	.LVL19:
 178 000a 0BB1     		cbz	r3, .L9
 179              		.loc 1 65 0 is_stmt 0 discriminator 1
 180 000c FFF7FEFF 		bl	chVTResetI
 181              	.LVL20:
 182              	.L9:
 183              	.LBB9:
 184              		.loc 1 65 0 discriminator 2
 185 0010 0023     		movs	r3, #0
 186              	.LVL21:
 187              	@ 65 "../../os/various/evtimer.c" 1
 188 0012 83F31188 		msr     BASEPRI, r3
 189              	@ 0 "" 2
 190              	.LVL22:
 191              		.thumb
 192              	.LBE9:
 193              		.loc 1 66 0 is_stmt 1 discriminator 2
 194 0016 08BD     		pop	{r3, pc}
 195              		.cfi_endproc
 196              	.LFE9:
 197              		.size	evtStop, .-evtStop
 198 0018 AFF30080 		.text
 198      AFF30080 
 199              	.Letext0:
 200              		.file 2 "/usr/local/summon/lib/gcc/arm-none-eabi/4.6.2/../../../../arm-none-eabi/include/stdint.h"
 201              		.file 3 "../../os/ports/GCC/ARMCMx/chtypes.h"
 202              		.file 4 "../../os/kernel/include/chlists.h"
 203              		.file 5 "../../os/kernel/include/chthreads.h"
 204              		.file 6 "../../os/ports/GCC/ARMCMx/chcore_v7m.h"
 205              		.file 7 "../../os/kernel/include/chvt.h"
 206              		.file 8 "../../os/kernel/include/chmtx.h"
 207              		.file 9 "../../os/kernel/include/chevents.h"
 208              		.file 10 "../../os/various/evtimer.h"
 209              		.section	.debug_info,"",%progbits
 210              	.Ldebug_info0:
 211 0000 2E060000 		.4byte	0x62e
 212 0004 0200     		.2byte	0x2
 213 0006 00000000 		.4byte	.Ldebug_abbrev0
 214 000a 04       		.byte	0x4
 215 000b 01       		.uleb128 0x1
 216 000c 4A020000 		.4byte	.LASF73
 217 0010 01       		.byte	0x1
 218 0011 38030000 		.4byte	.LASF74
 219 0015 BC020000 		.4byte	.LASF75
 220 0019 00000000 		.4byte	0
 221 001d 00000000 		.4byte	0
 222 0021 30000000 		.4byte	.Ldebug_ranges0+0x30
 223 0025 00000000 		.4byte	.Ldebug_line0
 224 0029 02       		.uleb128 0x2
 225 002a 04       		.byte	0x4
 226 002b 05       		.byte	0x5
ARM GAS  /var/folders/5n/p_75w94d66l9ssrldxqdhh700000gn/T//ccXhxvXH.s 			page 5


 227 002c 696E7400 		.ascii	"int\000"
 228 0030 03       		.uleb128 0x3
 229 0031 04       		.byte	0x4
 230 0032 07       		.byte	0x7
 231 0033 BC000000 		.4byte	.LASF0
 232 0037 03       		.uleb128 0x3
 233 0038 01       		.byte	0x1
 234 0039 06       		.byte	0x6
 235 003a 57000000 		.4byte	.LASF1
 236 003e 04       		.uleb128 0x4
 237 003f 98020000 		.4byte	.LASF5
 238 0043 02       		.byte	0x2
 239 0044 2A       		.byte	0x2a
 240 0045 49000000 		.4byte	0x49
 241 0049 03       		.uleb128 0x3
 242 004a 01       		.byte	0x1
 243 004b 08       		.byte	0x8
 244 004c 84010000 		.4byte	.LASF2
 245 0050 03       		.uleb128 0x3
 246 0051 02       		.byte	0x2
 247 0052 05       		.byte	0x5
 248 0053 B1010000 		.4byte	.LASF3
 249 0057 03       		.uleb128 0x3
 250 0058 02       		.byte	0x2
 251 0059 07       		.byte	0x7
 252 005a EB000000 		.4byte	.LASF4
 253 005e 04       		.uleb128 0x4
 254 005f 7C010000 		.4byte	.LASF6
 255 0063 02       		.byte	0x2
 256 0064 4F       		.byte	0x4f
 257 0065 69000000 		.4byte	0x69
 258 0069 03       		.uleb128 0x3
 259 006a 04       		.byte	0x4
 260 006b 05       		.byte	0x5
 261 006c 85000000 		.4byte	.LASF7
 262 0070 04       		.uleb128 0x4
 263 0071 F5010000 		.4byte	.LASF8
 264 0075 02       		.byte	0x2
 265 0076 50       		.byte	0x50
 266 0077 7B000000 		.4byte	0x7b
 267 007b 03       		.uleb128 0x3
 268 007c 04       		.byte	0x4
 269 007d 07       		.byte	0x7
 270 007e D1000000 		.4byte	.LASF9
 271 0082 03       		.uleb128 0x3
 272 0083 08       		.byte	0x8
 273 0084 05       		.byte	0x5
 274 0085 49000000 		.4byte	.LASF10
 275 0089 03       		.uleb128 0x3
 276 008a 08       		.byte	0x8
 277 008b 07       		.byte	0x7
 278 008c 19000000 		.4byte	.LASF11
 279 0090 04       		.uleb128 0x4
 280 0091 0C010000 		.4byte	.LASF12
 281 0095 03       		.byte	0x3
 282 0096 28       		.byte	0x28
 283 0097 3E000000 		.4byte	0x3e
ARM GAS  /var/folders/5n/p_75w94d66l9ssrldxqdhh700000gn/T//ccXhxvXH.s 			page 6


 284 009b 04       		.uleb128 0x4
 285 009c 8E000000 		.4byte	.LASF13
 286 00a0 03       		.byte	0x3
 287 00a1 29       		.byte	0x29
 288 00a2 3E000000 		.4byte	0x3e
 289 00a6 04       		.uleb128 0x4
 290 00a7 65010000 		.4byte	.LASF14
 291 00ab 03       		.byte	0x3
 292 00ac 2A       		.byte	0x2a
 293 00ad 3E000000 		.4byte	0x3e
 294 00b1 04       		.uleb128 0x4
 295 00b2 7B000000 		.4byte	.LASF15
 296 00b6 03       		.byte	0x3
 297 00b7 2B       		.byte	0x2b
 298 00b8 3E000000 		.4byte	0x3e
 299 00bc 04       		.uleb128 0x4
 300 00bd 74010000 		.4byte	.LASF16
 301 00c1 03       		.byte	0x3
 302 00c2 2C       		.byte	0x2c
 303 00c3 70000000 		.4byte	0x70
 304 00c7 04       		.uleb128 0x4
 305 00c8 FE000000 		.4byte	.LASF17
 306 00cc 03       		.byte	0x3
 307 00cd 2D       		.byte	0x2d
 308 00ce 5E000000 		.4byte	0x5e
 309 00d2 04       		.uleb128 0x4
 310 00d3 20010000 		.4byte	.LASF18
 311 00d7 03       		.byte	0x3
 312 00d8 2F       		.byte	0x2f
 313 00d9 70000000 		.4byte	0x70
 314 00dd 04       		.uleb128 0x4
 315 00de 85020000 		.4byte	.LASF19
 316 00e2 03       		.byte	0x3
 317 00e3 30       		.byte	0x30
 318 00e4 70000000 		.4byte	0x70
 319 00e8 04       		.uleb128 0x4
 320 00e9 1D020000 		.4byte	.LASF20
 321 00ed 03       		.byte	0x3
 322 00ee 31       		.byte	0x31
 323 00ef 70000000 		.4byte	0x70
 324 00f3 04       		.uleb128 0x4
 325 00f4 E3010000 		.4byte	.LASF21
 326 00f8 04       		.byte	0x4
 327 00f9 23       		.byte	0x23
 328 00fa FE000000 		.4byte	0xfe
 329 00fe 05       		.uleb128 0x5
 330 00ff E3010000 		.4byte	.LASF21
 331 0103 48       		.byte	0x48
 332 0104 05       		.byte	0x5
 333 0105 57       		.byte	0x57
 334 0106 23020000 		.4byte	0x223
 335 010a 06       		.uleb128 0x6
 336 010b D4010000 		.4byte	.LASF22
 337 010f 05       		.byte	0x5
 338 0110 58       		.byte	0x58
 339 0111 48020000 		.4byte	0x248
 340 0115 02       		.byte	0x2
ARM GAS  /var/folders/5n/p_75w94d66l9ssrldxqdhh700000gn/T//ccXhxvXH.s 			page 7


 341 0116 23       		.byte	0x23
 342 0117 00       		.uleb128 0
 343 0118 06       		.uleb128 0x6
 344 0119 6D010000 		.4byte	.LASF23
 345 011d 05       		.byte	0x5
 346 011e 5A       		.byte	0x5a
 347 011f 48020000 		.4byte	0x248
 348 0123 02       		.byte	0x2
 349 0124 23       		.byte	0x23
 350 0125 04       		.uleb128 0x4
 351 0126 06       		.uleb128 0x6
 352 0127 42000000 		.4byte	.LASF24
 353 012b 05       		.byte	0x5
 354 012c 5C       		.byte	0x5c
 355 012d BC000000 		.4byte	0xbc
 356 0131 02       		.byte	0x2
 357 0132 23       		.byte	0x23
 358 0133 08       		.uleb128 0x8
 359 0134 06       		.uleb128 0x6
 360 0135 28030000 		.4byte	.LASF25
 361 0139 05       		.byte	0x5
 362 013a 5D       		.byte	0x5d
 363 013b 16030000 		.4byte	0x316
 364 013f 02       		.byte	0x2
 365 0140 23       		.byte	0x23
 366 0141 0C       		.uleb128 0xc
 367 0142 06       		.uleb128 0x6
 368 0143 97000000 		.4byte	.LASF26
 369 0147 05       		.byte	0x5
 370 0148 5F       		.byte	0x5f
 371 0149 48020000 		.4byte	0x248
 372 014d 02       		.byte	0x2
 373 014e 23       		.byte	0x23
 374 014f 10       		.uleb128 0x10
 375 0150 06       		.uleb128 0x6
 376 0151 48010000 		.4byte	.LASF27
 377 0155 05       		.byte	0x5
 378 0156 60       		.byte	0x60
 379 0157 48020000 		.4byte	0x248
 380 015b 02       		.byte	0x2
 381 015c 23       		.byte	0x23
 382 015d 14       		.uleb128 0x14
 383 015e 06       		.uleb128 0x6
 384 015f B5020000 		.4byte	.LASF28
 385 0163 05       		.byte	0x5
 386 0164 67       		.byte	0x67
 387 0165 B8040000 		.4byte	0x4b8
 388 0169 02       		.byte	0x2
 389 016a 23       		.byte	0x23
 390 016b 18       		.uleb128 0x18
 391 016c 06       		.uleb128 0x6
 392 016d BB010000 		.4byte	.LASF29
 393 0171 05       		.byte	0x5
 394 0172 72       		.byte	0x72
 395 0173 9B000000 		.4byte	0x9b
 396 0177 02       		.byte	0x2
 397 0178 23       		.byte	0x23
ARM GAS  /var/folders/5n/p_75w94d66l9ssrldxqdhh700000gn/T//ccXhxvXH.s 			page 8


 398 0179 1C       		.uleb128 0x1c
 399 017a 06       		.uleb128 0x6
 400 017b DB010000 		.4byte	.LASF30
 401 017f 05       		.byte	0x5
 402 0180 76       		.byte	0x76
 403 0181 90000000 		.4byte	0x90
 404 0185 02       		.byte	0x2
 405 0186 23       		.byte	0x23
 406 0187 1D       		.uleb128 0x1d
 407 0188 06       		.uleb128 0x6
 408 0189 91020000 		.4byte	.LASF31
 409 018d 05       		.byte	0x5
 410 018e 7B       		.byte	0x7b
 411 018f A6000000 		.4byte	0xa6
 412 0193 02       		.byte	0x2
 413 0194 23       		.byte	0x23
 414 0195 1E       		.uleb128 0x1e
 415 0196 06       		.uleb128 0x6
 416 0197 C3010000 		.4byte	.LASF32
 417 019b 05       		.byte	0x5
 418 019c 81       		.byte	0x81
 419 019d B1000000 		.4byte	0xb1
 420 01a1 02       		.byte	0x2
 421 01a2 23       		.byte	0x23
 422 01a3 1F       		.uleb128 0x1f
 423 01a4 06       		.uleb128 0x6
 424 01a5 43020000 		.4byte	.LASF33
 425 01a9 05       		.byte	0x5
 426 01aa 88       		.byte	0x88
 427 01ab BA030000 		.4byte	0x3ba
 428 01af 02       		.byte	0x2
 429 01b0 23       		.byte	0x23
 430 01b1 20       		.uleb128 0x20
 431 01b2 07       		.uleb128 0x7
 432 01b3 705F7500 		.ascii	"p_u\000"
 433 01b7 05       		.byte	0x5
 434 01b8 AD       		.byte	0xad
 435 01b9 83040000 		.4byte	0x483
 436 01bd 02       		.byte	0x2
 437 01be 23       		.byte	0x23
 438 01bf 24       		.uleb128 0x24
 439 01c0 06       		.uleb128 0x6
 440 01c1 2E030000 		.4byte	.LASF34
 441 01c5 05       		.byte	0x5
 442 01c6 B2       		.byte	0xb2
 443 01c7 70020000 		.4byte	0x270
 444 01cb 02       		.byte	0x2
 445 01cc 23       		.byte	0x23
 446 01cd 28       		.uleb128 0x28
 447 01ce 06       		.uleb128 0x6
 448 01cf 73020000 		.4byte	.LASF35
 449 01d3 05       		.byte	0x5
 450 01d4 B8       		.byte	0xb8
 451 01d5 4E020000 		.4byte	0x24e
 452 01d9 02       		.byte	0x2
 453 01da 23       		.byte	0x23
 454 01db 2C       		.uleb128 0x2c
ARM GAS  /var/folders/5n/p_75w94d66l9ssrldxqdhh700000gn/T//ccXhxvXH.s 			page 9


 455 01dc 06       		.uleb128 0x6
 456 01dd 0C000000 		.4byte	.LASF36
 457 01e1 05       		.byte	0x5
 458 01e2 BC       		.byte	0xbc
 459 01e3 C7000000 		.4byte	0xc7
 460 01e7 02       		.byte	0x2
 461 01e8 23       		.byte	0x23
 462 01e9 34       		.uleb128 0x34
 463 01ea 06       		.uleb128 0x6
 464 01eb EA010000 		.4byte	.LASF37
 465 01ef 05       		.byte	0x5
 466 01f0 C2       		.byte	0xc2
 467 01f1 D2000000 		.4byte	0xd2
 468 01f5 02       		.byte	0x2
 469 01f6 23       		.byte	0x23
 470 01f7 38       		.uleb128 0x38
 471 01f8 06       		.uleb128 0x6
 472 01f9 A7010000 		.4byte	.LASF38
 473 01fd 05       		.byte	0x5
 474 01fe C9       		.byte	0xc9
 475 01ff CA040000 		.4byte	0x4ca
 476 0203 02       		.byte	0x2
 477 0204 23       		.byte	0x23
 478 0205 3C       		.uleb128 0x3c
 479 0206 06       		.uleb128 0x6
 480 0207 27020000 		.4byte	.LASF39
 481 020b 05       		.byte	0x5
 482 020c CD       		.byte	0xcd
 483 020d BC000000 		.4byte	0xbc
 484 0211 02       		.byte	0x2
 485 0212 23       		.byte	0x23
 486 0213 40       		.uleb128 0x40
 487 0214 06       		.uleb128 0x6
 488 0215 6B000000 		.4byte	.LASF40
 489 0219 05       		.byte	0x5
 490 021a D3       		.byte	0xd3
 491 021b 86020000 		.4byte	0x286
 492 021f 02       		.byte	0x2
 493 0220 23       		.byte	0x23
 494 0221 44       		.uleb128 0x44
 495 0222 00       		.byte	0
 496 0223 08       		.uleb128 0x8
 497 0224 08       		.byte	0x8
 498 0225 04       		.byte	0x4
 499 0226 5A       		.byte	0x5a
 500 0227 48020000 		.4byte	0x248
 501 022b 06       		.uleb128 0x6
 502 022c D4010000 		.4byte	.LASF22
 503 0230 04       		.byte	0x4
 504 0231 5B       		.byte	0x5b
 505 0232 48020000 		.4byte	0x248
 506 0236 02       		.byte	0x2
 507 0237 23       		.byte	0x23
 508 0238 00       		.uleb128 0
 509 0239 06       		.uleb128 0x6
 510 023a 6D010000 		.4byte	.LASF23
 511 023e 04       		.byte	0x4
ARM GAS  /var/folders/5n/p_75w94d66l9ssrldxqdhh700000gn/T//ccXhxvXH.s 			page 10


 512 023f 5D       		.byte	0x5d
 513 0240 48020000 		.4byte	0x248
 514 0244 02       		.byte	0x2
 515 0245 23       		.byte	0x23
 516 0246 04       		.uleb128 0x4
 517 0247 00       		.byte	0
 518 0248 09       		.uleb128 0x9
 519 0249 04       		.byte	0x4
 520 024a F3000000 		.4byte	0xf3
 521 024e 04       		.uleb128 0x4
 522 024f 50010000 		.4byte	.LASF41
 523 0253 04       		.byte	0x4
 524 0254 5F       		.byte	0x5f
 525 0255 23020000 		.4byte	0x223
 526 0259 08       		.uleb128 0x8
 527 025a 04       		.byte	0x4
 528 025b 04       		.byte	0x4
 529 025c 64       		.byte	0x64
 530 025d 70020000 		.4byte	0x270
 531 0261 06       		.uleb128 0x6
 532 0262 D4010000 		.4byte	.LASF22
 533 0266 04       		.byte	0x4
 534 0267 66       		.byte	0x66
 535 0268 48020000 		.4byte	0x248
 536 026c 02       		.byte	0x2
 537 026d 23       		.byte	0x23
 538 026e 00       		.uleb128 0
 539 026f 00       		.byte	0
 540 0270 04       		.uleb128 0x4
 541 0271 14010000 		.4byte	.LASF42
 542 0275 04       		.byte	0x4
 543 0276 69       		.byte	0x69
 544 0277 59020000 		.4byte	0x259
 545 027b 04       		.uleb128 0x4
 546 027c 9F000000 		.4byte	.LASF43
 547 0280 06       		.byte	0x6
 548 0281 DE       		.byte	0xde
 549 0282 86020000 		.4byte	0x286
 550 0286 0A       		.uleb128 0xa
 551 0287 04       		.byte	0x4
 552 0288 0B       		.uleb128 0xb
 553 0289 6C020000 		.4byte	.LASF44
 554 028d 24       		.byte	0x24
 555 028e 06       		.byte	0x6
 556 028f 0501     		.2byte	0x105
 557 0291 16030000 		.4byte	0x316
 558 0295 0C       		.uleb128 0xc
 559 0296 723400   		.ascii	"r4\000"
 560 0299 06       		.byte	0x6
 561 029a 1801     		.2byte	0x118
 562 029c 7B020000 		.4byte	0x27b
 563 02a0 02       		.byte	0x2
 564 02a1 23       		.byte	0x23
 565 02a2 00       		.uleb128 0
 566 02a3 0C       		.uleb128 0xc
 567 02a4 723500   		.ascii	"r5\000"
 568 02a7 06       		.byte	0x6
ARM GAS  /var/folders/5n/p_75w94d66l9ssrldxqdhh700000gn/T//ccXhxvXH.s 			page 11


 569 02a8 1901     		.2byte	0x119
 570 02aa 7B020000 		.4byte	0x27b
 571 02ae 02       		.byte	0x2
 572 02af 23       		.byte	0x23
 573 02b0 04       		.uleb128 0x4
 574 02b1 0C       		.uleb128 0xc
 575 02b2 723600   		.ascii	"r6\000"
 576 02b5 06       		.byte	0x6
 577 02b6 1A01     		.2byte	0x11a
 578 02b8 7B020000 		.4byte	0x27b
 579 02bc 02       		.byte	0x2
 580 02bd 23       		.byte	0x23
 581 02be 08       		.uleb128 0x8
 582 02bf 0C       		.uleb128 0xc
 583 02c0 723700   		.ascii	"r7\000"
 584 02c3 06       		.byte	0x6
 585 02c4 1B01     		.2byte	0x11b
 586 02c6 7B020000 		.4byte	0x27b
 587 02ca 02       		.byte	0x2
 588 02cb 23       		.byte	0x23
 589 02cc 0C       		.uleb128 0xc
 590 02cd 0C       		.uleb128 0xc
 591 02ce 723800   		.ascii	"r8\000"
 592 02d1 06       		.byte	0x6
 593 02d2 1C01     		.2byte	0x11c
 594 02d4 7B020000 		.4byte	0x27b
 595 02d8 02       		.byte	0x2
 596 02d9 23       		.byte	0x23
 597 02da 10       		.uleb128 0x10
 598 02db 0C       		.uleb128 0xc
 599 02dc 723900   		.ascii	"r9\000"
 600 02df 06       		.byte	0x6
 601 02e0 1D01     		.2byte	0x11d
 602 02e2 7B020000 		.4byte	0x27b
 603 02e6 02       		.byte	0x2
 604 02e7 23       		.byte	0x23
 605 02e8 14       		.uleb128 0x14
 606 02e9 0C       		.uleb128 0xc
 607 02ea 72313000 		.ascii	"r10\000"
 608 02ee 06       		.byte	0x6
 609 02ef 1E01     		.2byte	0x11e
 610 02f1 7B020000 		.4byte	0x27b
 611 02f5 02       		.byte	0x2
 612 02f6 23       		.byte	0x23
 613 02f7 18       		.uleb128 0x18
 614 02f8 0C       		.uleb128 0xc
 615 02f9 72313100 		.ascii	"r11\000"
 616 02fd 06       		.byte	0x6
 617 02fe 1F01     		.2byte	0x11f
 618 0300 7B020000 		.4byte	0x27b
 619 0304 02       		.byte	0x2
 620 0305 23       		.byte	0x23
 621 0306 1C       		.uleb128 0x1c
 622 0307 0C       		.uleb128 0xc
 623 0308 6C7200   		.ascii	"lr\000"
 624 030b 06       		.byte	0x6
 625 030c 2001     		.2byte	0x120
ARM GAS  /var/folders/5n/p_75w94d66l9ssrldxqdhh700000gn/T//ccXhxvXH.s 			page 12


 626 030e 7B020000 		.4byte	0x27b
 627 0312 02       		.byte	0x2
 628 0313 23       		.byte	0x23
 629 0314 20       		.uleb128 0x20
 630 0315 00       		.byte	0
 631 0316 0B       		.uleb128 0xb
 632 0317 E3000000 		.4byte	.LASF45
 633 031b 04       		.byte	0x4
 634 031c 06       		.byte	0x6
 635 031d 2A01     		.2byte	0x12a
 636 031f 33030000 		.4byte	0x333
 637 0323 0C       		.uleb128 0xc
 638 0324 72313300 		.ascii	"r13\000"
 639 0328 06       		.byte	0x6
 640 0329 2B01     		.2byte	0x12b
 641 032b 33030000 		.4byte	0x333
 642 032f 02       		.byte	0x2
 643 0330 23       		.byte	0x23
 644 0331 00       		.uleb128 0
 645 0332 00       		.byte	0
 646 0333 09       		.uleb128 0x9
 647 0334 04       		.byte	0x4
 648 0335 88020000 		.4byte	0x288
 649 0339 04       		.uleb128 0x4
 650 033a 32020000 		.4byte	.LASF46
 651 033e 07       		.byte	0x7
 652 033f 4E       		.byte	0x4e
 653 0340 44030000 		.4byte	0x344
 654 0344 09       		.uleb128 0x9
 655 0345 04       		.byte	0x4
 656 0346 4A030000 		.4byte	0x34a
 657 034a 0D       		.uleb128 0xd
 658 034b 01       		.byte	0x1
 659 034c 56030000 		.4byte	0x356
 660 0350 0E       		.uleb128 0xe
 661 0351 86020000 		.4byte	0x286
 662 0355 00       		.byte	0
 663 0356 04       		.uleb128 0x4
 664 0357 FE010000 		.4byte	.LASF47
 665 035b 07       		.byte	0x7
 666 035c 53       		.byte	0x53
 667 035d 61030000 		.4byte	0x361
 668 0361 05       		.uleb128 0x5
 669 0362 FE010000 		.4byte	.LASF47
 670 0366 14       		.byte	0x14
 671 0367 07       		.byte	0x7
 672 0368 5A       		.byte	0x5a
 673 0369 B4030000 		.4byte	0x3b4
 674 036d 06       		.uleb128 0x6
 675 036e C9000000 		.4byte	.LASF48
 676 0372 07       		.byte	0x7
 677 0373 5B       		.byte	0x5b
 678 0374 B4030000 		.4byte	0x3b4
 679 0378 02       		.byte	0x2
 680 0379 23       		.byte	0x23
 681 037a 00       		.uleb128 0
 682 037b 06       		.uleb128 0x6
ARM GAS  /var/folders/5n/p_75w94d66l9ssrldxqdhh700000gn/T//ccXhxvXH.s 			page 13


 683 037c A8000000 		.4byte	.LASF49
 684 0380 07       		.byte	0x7
 685 0381 5D       		.byte	0x5d
 686 0382 B4030000 		.4byte	0x3b4
 687 0386 02       		.byte	0x2
 688 0387 23       		.byte	0x23
 689 0388 04       		.uleb128 0x4
 690 0389 06       		.uleb128 0x6
 691 038a 32010000 		.4byte	.LASF50
 692 038e 07       		.byte	0x7
 693 038f 5F       		.byte	0x5f
 694 0390 E8000000 		.4byte	0xe8
 695 0394 02       		.byte	0x2
 696 0395 23       		.byte	0x23
 697 0396 08       		.uleb128 0x8
 698 0397 06       		.uleb128 0x6
 699 0398 40010000 		.4byte	.LASF51
 700 039c 07       		.byte	0x7
 701 039d 60       		.byte	0x60
 702 039e 39030000 		.4byte	0x339
 703 03a2 02       		.byte	0x2
 704 03a3 23       		.byte	0x23
 705 03a4 0C       		.uleb128 0xc
 706 03a5 06       		.uleb128 0x6
 707 03a6 7E020000 		.4byte	.LASF52
 708 03aa 07       		.byte	0x7
 709 03ab 62       		.byte	0x62
 710 03ac 86020000 		.4byte	0x286
 711 03b0 02       		.byte	0x2
 712 03b1 23       		.byte	0x23
 713 03b2 10       		.uleb128 0x10
 714 03b3 00       		.byte	0
 715 03b4 09       		.uleb128 0x9
 716 03b5 04       		.byte	0x4
 717 03b6 56030000 		.4byte	0x356
 718 03ba 0F       		.uleb128 0xf
 719 03bb E8000000 		.4byte	0xe8
 720 03bf 05       		.uleb128 0x5
 721 03c0 2C010000 		.4byte	.LASF53
 722 03c4 10       		.byte	0x10
 723 03c5 08       		.byte	0x8
 724 03c6 25       		.byte	0x25
 725 03c7 F6030000 		.4byte	0x3f6
 726 03cb 06       		.uleb128 0x6
 727 03cc 73000000 		.4byte	.LASF54
 728 03d0 08       		.byte	0x8
 729 03d1 26       		.byte	0x26
 730 03d2 4E020000 		.4byte	0x24e
 731 03d6 02       		.byte	0x2
 732 03d7 23       		.byte	0x23
 733 03d8 00       		.uleb128 0
 734 03d9 06       		.uleb128 0x6
 735 03da 20030000 		.4byte	.LASF55
 736 03de 08       		.byte	0x8
 737 03df 28       		.byte	0x28
 738 03e0 48020000 		.4byte	0x248
 739 03e4 02       		.byte	0x2
ARM GAS  /var/folders/5n/p_75w94d66l9ssrldxqdhh700000gn/T//ccXhxvXH.s 			page 14


 740 03e5 23       		.byte	0x23
 741 03e6 08       		.uleb128 0x8
 742 03e7 06       		.uleb128 0x6
 743 03e8 16020000 		.4byte	.LASF56
 744 03ec 08       		.byte	0x8
 745 03ed 2A       		.byte	0x2a
 746 03ee F6030000 		.4byte	0x3f6
 747 03f2 02       		.byte	0x2
 748 03f3 23       		.byte	0x23
 749 03f4 0C       		.uleb128 0xc
 750 03f5 00       		.byte	0
 751 03f6 09       		.uleb128 0x9
 752 03f7 04       		.byte	0x4
 753 03f8 BF030000 		.4byte	0x3bf
 754 03fc 04       		.uleb128 0x4
 755 03fd 2C010000 		.4byte	.LASF53
 756 0401 08       		.byte	0x8
 757 0402 2C       		.byte	0x2c
 758 0403 BF030000 		.4byte	0x3bf
 759 0407 04       		.uleb128 0x4
 760 0408 A0020000 		.4byte	.LASF57
 761 040c 09       		.byte	0x9
 762 040d 25       		.byte	0x25
 763 040e 12040000 		.4byte	0x412
 764 0412 05       		.uleb128 0x5
 765 0413 A0020000 		.4byte	.LASF57
 766 0417 10       		.byte	0x10
 767 0418 09       		.byte	0x9
 768 0419 2A       		.byte	0x2a
 769 041a 57040000 		.4byte	0x457
 770 041e 06       		.uleb128 0x6
 771 041f 04010000 		.4byte	.LASF58
 772 0423 09       		.byte	0x9
 773 0424 2B       		.byte	0x2b
 774 0425 57040000 		.4byte	0x457
 775 0429 02       		.byte	0x2
 776 042a 23       		.byte	0x23
 777 042b 00       		.uleb128 0
 778 042c 06       		.uleb128 0x6
 779 042d 92010000 		.4byte	.LASF59
 780 0431 09       		.byte	0x9
 781 0432 2E       		.byte	0x2e
 782 0433 48020000 		.4byte	0x248
 783 0437 02       		.byte	0x2
 784 0438 23       		.byte	0x23
 785 0439 04       		.uleb128 0x4
 786 043a 06       		.uleb128 0x6
 787 043b 5D010000 		.4byte	.LASF60
 788 043f 09       		.byte	0x9
 789 0440 30       		.byte	0x30
 790 0441 D2000000 		.4byte	0xd2
 791 0445 02       		.byte	0x2
 792 0446 23       		.byte	0x23
 793 0447 08       		.uleb128 0x8
 794 0448 06       		.uleb128 0x6
 795 0449 9E010000 		.4byte	.LASF61
 796 044d 09       		.byte	0x9
ARM GAS  /var/folders/5n/p_75w94d66l9ssrldxqdhh700000gn/T//ccXhxvXH.s 			page 15


 797 044e 33       		.byte	0x33
 798 044f DD000000 		.4byte	0xdd
 799 0453 02       		.byte	0x2
 800 0454 23       		.byte	0x23
 801 0455 0C       		.uleb128 0xc
 802 0456 00       		.byte	0
 803 0457 09       		.uleb128 0x9
 804 0458 04       		.byte	0x4
 805 0459 07040000 		.4byte	0x407
 806 045d 05       		.uleb128 0x5
 807 045e B0000000 		.4byte	.LASF62
 808 0462 04       		.byte	0x4
 809 0463 09       		.byte	0x9
 810 0464 3A       		.byte	0x3a
 811 0465 78040000 		.4byte	0x478
 812 0469 06       		.uleb128 0x6
 813 046a 12030000 		.4byte	.LASF63
 814 046e 09       		.byte	0x9
 815 046f 3B       		.byte	0x3b
 816 0470 57040000 		.4byte	0x457
 817 0474 02       		.byte	0x2
 818 0475 23       		.byte	0x23
 819 0476 00       		.uleb128 0
 820 0477 00       		.byte	0
 821 0478 04       		.uleb128 0x4
 822 0479 B0000000 		.4byte	.LASF62
 823 047d 09       		.byte	0x9
 824 047e 3E       		.byte	0x3e
 825 047f 5D040000 		.4byte	0x45d
 826 0483 10       		.uleb128 0x10
 827 0484 04       		.byte	0x4
 828 0485 05       		.byte	0x5
 829 0486 8F       		.byte	0x8f
 830 0487 B8040000 		.4byte	0x4b8
 831 048b 11       		.uleb128 0x11
 832 048c 12000000 		.4byte	.LASF64
 833 0490 05       		.byte	0x5
 834 0491 96       		.byte	0x96
 835 0492 C7000000 		.4byte	0xc7
 836 0496 11       		.uleb128 0x11
 837 0497 30000000 		.4byte	.LASF65
 838 049b 05       		.byte	0x5
 839 049c 9D       		.byte	0x9d
 840 049d C7000000 		.4byte	0xc7
 841 04a1 11       		.uleb128 0x11
 842 04a2 AE020000 		.4byte	.LASF66
 843 04a6 05       		.byte	0x5
 844 04a7 A4       		.byte	0xa4
 845 04a8 86020000 		.4byte	0x286
 846 04ac 11       		.uleb128 0x11
 847 04ad CD010000 		.4byte	.LASF67
 848 04b1 05       		.byte	0x5
 849 04b2 AB       		.byte	0xab
 850 04b3 D2000000 		.4byte	0xd2
 851 04b7 00       		.byte	0
 852 04b8 09       		.uleb128 0x9
 853 04b9 04       		.byte	0x4
ARM GAS  /var/folders/5n/p_75w94d66l9ssrldxqdhh700000gn/T//ccXhxvXH.s 			page 16


 854 04ba BE040000 		.4byte	0x4be
 855 04be 12       		.uleb128 0x12
 856 04bf C3040000 		.4byte	0x4c3
 857 04c3 03       		.uleb128 0x3
 858 04c4 01       		.byte	0x1
 859 04c5 08       		.byte	0x8
 860 04c6 0B020000 		.4byte	.LASF68
 861 04ca 09       		.uleb128 0x9
 862 04cb 04       		.byte	0x4
 863 04cc FC030000 		.4byte	0x3fc
 864 04d0 08       		.uleb128 0x8
 865 04d1 1C       		.byte	0x1c
 866 04d2 0A       		.byte	0xa
 867 04d3 2B       		.byte	0x2b
 868 04d4 03050000 		.4byte	0x503
 869 04d8 06       		.uleb128 0x6
 870 04d9 1A030000 		.4byte	.LASF69
 871 04dd 0A       		.byte	0xa
 872 04de 2C       		.byte	0x2c
 873 04df 56030000 		.4byte	0x356
 874 04e3 02       		.byte	0x2
 875 04e4 23       		.byte	0x23
 876 04e5 00       		.uleb128 0
 877 04e6 06       		.uleb128 0x6
 878 04e7 3A010000 		.4byte	.LASF70
 879 04eb 0A       		.byte	0xa
 880 04ec 2D       		.byte	0x2d
 881 04ed 78040000 		.4byte	0x478
 882 04f1 02       		.byte	0x2
 883 04f2 23       		.byte	0x23
 884 04f3 14       		.uleb128 0x14
 885 04f4 06       		.uleb128 0x6
 886 04f5 00000000 		.4byte	.LASF71
 887 04f9 0A       		.byte	0xa
 888 04fa 2E       		.byte	0x2e
 889 04fb E8000000 		.4byte	0xe8
 890 04ff 02       		.byte	0x2
 891 0500 23       		.byte	0x23
 892 0501 18       		.uleb128 0x18
 893 0502 00       		.byte	0
 894 0503 04       		.uleb128 0x4
 895 0504 63000000 		.4byte	.LASF72
 896 0508 0A       		.byte	0xa
 897 0509 2F       		.byte	0x2f
 898 050a D0040000 		.4byte	0x4d0
 899 050e 13       		.uleb128 0x13
 900 050f 10020000 		.4byte	.LASF76
 901 0513 01       		.byte	0x1
 902 0514 20       		.byte	0x20
 903 0515 01       		.byte	0x1
 904 0516 00000000 		.4byte	.LFB7
 905 051a 2E000000 		.4byte	.LFE7
 906 051e 00000000 		.4byte	.LLST0
 907 0522 75050000 		.4byte	0x575
 908 0526 14       		.uleb128 0x14
 909 0527 7000     		.ascii	"p\000"
 910 0529 01       		.byte	0x1
ARM GAS  /var/folders/5n/p_75w94d66l9ssrldxqdhh700000gn/T//ccXhxvXH.s 			page 17


 911 052a 20       		.byte	0x20
 912 052b 86020000 		.4byte	0x286
 913 052f 20000000 		.4byte	.LLST1
 914 0533 15       		.uleb128 0x15
 915 0534 65747000 		.ascii	"etp\000"
 916 0538 01       		.byte	0x1
 917 0539 21       		.byte	0x21
 918 053a 75050000 		.4byte	0x575
 919 053e 3E000000 		.4byte	.LLST2
 920 0542 16       		.uleb128 0x16
 921 0543 00000000 		.4byte	.Ldebug_ranges0+0
 922 0547 5B050000 		.4byte	0x55b
 923 054b 15       		.uleb128 0x15
 924 054c 746D7000 		.ascii	"tmp\000"
 925 0550 01       		.byte	0x1
 926 0551 23       		.byte	0x23
 927 0552 70000000 		.4byte	0x70
 928 0556 5C000000 		.4byte	.LLST3
 929 055a 00       		.byte	0
 930 055b 17       		.uleb128 0x17
 931 055c 26000000 		.4byte	.LBB4
 932 0560 2C000000 		.4byte	.LBE4
 933 0564 15       		.uleb128 0x15
 934 0565 746D7000 		.ascii	"tmp\000"
 935 0569 01       		.byte	0x1
 936 056a 26       		.byte	0x26
 937 056b 70000000 		.4byte	0x70
 938 056f 6F000000 		.4byte	.LLST4
 939 0573 00       		.byte	0
 940 0574 00       		.byte	0
 941 0575 09       		.uleb128 0x9
 942 0576 04       		.byte	0x4
 943 0577 03050000 		.4byte	0x503
 944 057b 18       		.uleb128 0x18
 945 057c 01       		.byte	0x1
 946 057d 39000000 		.4byte	.LASF77
 947 0581 01       		.byte	0x1
 948 0582 2F       		.byte	0x2f
 949 0583 01       		.byte	0x1
 950 0584 00000000 		.4byte	.LFB8
 951 0588 28000000 		.4byte	.LFE8
 952 058c 82000000 		.4byte	.LLST5
 953 0590 D6050000 		.4byte	0x5d6
 954 0594 14       		.uleb128 0x14
 955 0595 65747000 		.ascii	"etp\000"
 956 0599 01       		.byte	0x1
 957 059a 2F       		.byte	0x2f
 958 059b 75050000 		.4byte	0x575
 959 059f A2000000 		.4byte	.LLST6
 960 05a3 16       		.uleb128 0x16
 961 05a4 18000000 		.4byte	.Ldebug_ranges0+0x18
 962 05a8 BC050000 		.4byte	0x5bc
 963 05ac 15       		.uleb128 0x15
 964 05ad 746D7000 		.ascii	"tmp\000"
 965 05b1 01       		.byte	0x1
 966 05b2 31       		.byte	0x31
 967 05b3 70000000 		.4byte	0x70
ARM GAS  /var/folders/5n/p_75w94d66l9ssrldxqdhh700000gn/T//ccXhxvXH.s 			page 18


 968 05b7 C0000000 		.4byte	.LLST7
 969 05bb 00       		.byte	0
 970 05bc 17       		.uleb128 0x17
 971 05bd 0E000000 		.4byte	.LBB7
 972 05c1 14000000 		.4byte	.LBE7
 973 05c5 15       		.uleb128 0x15
 974 05c6 746D7000 		.ascii	"tmp\000"
 975 05ca 01       		.byte	0x1
 976 05cb 36       		.byte	0x36
 977 05cc 70000000 		.4byte	0x70
 978 05d0 D3000000 		.4byte	.LLST8
 979 05d4 00       		.byte	0
 980 05d5 00       		.byte	0
 981 05d6 19       		.uleb128 0x19
 982 05d7 01       		.byte	0x1
 983 05d8 3B020000 		.4byte	.LASF78
 984 05dc 01       		.byte	0x1
 985 05dd 3F       		.byte	0x3f
 986 05de 01       		.byte	0x1
 987 05df 00000000 		.4byte	.LFB9
 988 05e3 18000000 		.4byte	.LFE9
 989 05e7 E6000000 		.4byte	.LLST9
 990 05eb 14       		.uleb128 0x14
 991 05ec 65747000 		.ascii	"etp\000"
 992 05f0 01       		.byte	0x1
 993 05f1 3F       		.byte	0x3f
 994 05f2 75050000 		.4byte	0x575
 995 05f6 06010000 		.4byte	.LLST10
 996 05fa 1A       		.uleb128 0x1a
 997 05fb 02000000 		.4byte	.LBB8
 998 05ff 08000000 		.4byte	.LBE8
 999 0603 17060000 		.4byte	0x617
 1000 0607 15       		.uleb128 0x15
 1001 0608 746D7000 		.ascii	"tmp\000"
 1002 060c 01       		.byte	0x1
 1003 060d 41       		.byte	0x41
 1004 060e 70000000 		.4byte	0x70
 1005 0612 19010000 		.4byte	.LLST11
 1006 0616 00       		.byte	0
 1007 0617 17       		.uleb128 0x17
 1008 0618 10000000 		.4byte	.LBB9
 1009 061c 16000000 		.4byte	.LBE9
 1010 0620 15       		.uleb128 0x15
 1011 0621 746D7000 		.ascii	"tmp\000"
 1012 0625 01       		.byte	0x1
 1013 0626 41       		.byte	0x41
 1014 0627 70000000 		.4byte	0x70
 1015 062b 2C010000 		.4byte	.LLST12
 1016 062f 00       		.byte	0
 1017 0630 00       		.byte	0
 1018 0631 00       		.byte	0
 1019              		.section	.debug_abbrev,"",%progbits
 1020              	.Ldebug_abbrev0:
 1021 0000 01       		.uleb128 0x1
 1022 0001 11       		.uleb128 0x11
 1023 0002 01       		.byte	0x1
 1024 0003 25       		.uleb128 0x25
ARM GAS  /var/folders/5n/p_75w94d66l9ssrldxqdhh700000gn/T//ccXhxvXH.s 			page 19


 1025 0004 0E       		.uleb128 0xe
 1026 0005 13       		.uleb128 0x13
 1027 0006 0B       		.uleb128 0xb
 1028 0007 03       		.uleb128 0x3
 1029 0008 0E       		.uleb128 0xe
 1030 0009 1B       		.uleb128 0x1b
 1031 000a 0E       		.uleb128 0xe
 1032 000b 11       		.uleb128 0x11
 1033 000c 01       		.uleb128 0x1
 1034 000d 52       		.uleb128 0x52
 1035 000e 01       		.uleb128 0x1
 1036 000f 55       		.uleb128 0x55
 1037 0010 06       		.uleb128 0x6
 1038 0011 10       		.uleb128 0x10
 1039 0012 06       		.uleb128 0x6
 1040 0013 00       		.byte	0
 1041 0014 00       		.byte	0
 1042 0015 02       		.uleb128 0x2
 1043 0016 24       		.uleb128 0x24
 1044 0017 00       		.byte	0
 1045 0018 0B       		.uleb128 0xb
 1046 0019 0B       		.uleb128 0xb
 1047 001a 3E       		.uleb128 0x3e
 1048 001b 0B       		.uleb128 0xb
 1049 001c 03       		.uleb128 0x3
 1050 001d 08       		.uleb128 0x8
 1051 001e 00       		.byte	0
 1052 001f 00       		.byte	0
 1053 0020 03       		.uleb128 0x3
 1054 0021 24       		.uleb128 0x24
 1055 0022 00       		.byte	0
 1056 0023 0B       		.uleb128 0xb
 1057 0024 0B       		.uleb128 0xb
 1058 0025 3E       		.uleb128 0x3e
 1059 0026 0B       		.uleb128 0xb
 1060 0027 03       		.uleb128 0x3
 1061 0028 0E       		.uleb128 0xe
 1062 0029 00       		.byte	0
 1063 002a 00       		.byte	0
 1064 002b 04       		.uleb128 0x4
 1065 002c 16       		.uleb128 0x16
 1066 002d 00       		.byte	0
 1067 002e 03       		.uleb128 0x3
 1068 002f 0E       		.uleb128 0xe
 1069 0030 3A       		.uleb128 0x3a
 1070 0031 0B       		.uleb128 0xb
 1071 0032 3B       		.uleb128 0x3b
 1072 0033 0B       		.uleb128 0xb
 1073 0034 49       		.uleb128 0x49
 1074 0035 13       		.uleb128 0x13
 1075 0036 00       		.byte	0
 1076 0037 00       		.byte	0
 1077 0038 05       		.uleb128 0x5
 1078 0039 13       		.uleb128 0x13
 1079 003a 01       		.byte	0x1
 1080 003b 03       		.uleb128 0x3
 1081 003c 0E       		.uleb128 0xe
ARM GAS  /var/folders/5n/p_75w94d66l9ssrldxqdhh700000gn/T//ccXhxvXH.s 			page 20


 1082 003d 0B       		.uleb128 0xb
 1083 003e 0B       		.uleb128 0xb
 1084 003f 3A       		.uleb128 0x3a
 1085 0040 0B       		.uleb128 0xb
 1086 0041 3B       		.uleb128 0x3b
 1087 0042 0B       		.uleb128 0xb
 1088 0043 01       		.uleb128 0x1
 1089 0044 13       		.uleb128 0x13
 1090 0045 00       		.byte	0
 1091 0046 00       		.byte	0
 1092 0047 06       		.uleb128 0x6
 1093 0048 0D       		.uleb128 0xd
 1094 0049 00       		.byte	0
 1095 004a 03       		.uleb128 0x3
 1096 004b 0E       		.uleb128 0xe
 1097 004c 3A       		.uleb128 0x3a
 1098 004d 0B       		.uleb128 0xb
 1099 004e 3B       		.uleb128 0x3b
 1100 004f 0B       		.uleb128 0xb
 1101 0050 49       		.uleb128 0x49
 1102 0051 13       		.uleb128 0x13
 1103 0052 38       		.uleb128 0x38
 1104 0053 0A       		.uleb128 0xa
 1105 0054 00       		.byte	0
 1106 0055 00       		.byte	0
 1107 0056 07       		.uleb128 0x7
 1108 0057 0D       		.uleb128 0xd
 1109 0058 00       		.byte	0
 1110 0059 03       		.uleb128 0x3
 1111 005a 08       		.uleb128 0x8
 1112 005b 3A       		.uleb128 0x3a
 1113 005c 0B       		.uleb128 0xb
 1114 005d 3B       		.uleb128 0x3b
 1115 005e 0B       		.uleb128 0xb
 1116 005f 49       		.uleb128 0x49
 1117 0060 13       		.uleb128 0x13
 1118 0061 38       		.uleb128 0x38
 1119 0062 0A       		.uleb128 0xa
 1120 0063 00       		.byte	0
 1121 0064 00       		.byte	0
 1122 0065 08       		.uleb128 0x8
 1123 0066 13       		.uleb128 0x13
 1124 0067 01       		.byte	0x1
 1125 0068 0B       		.uleb128 0xb
 1126 0069 0B       		.uleb128 0xb
 1127 006a 3A       		.uleb128 0x3a
 1128 006b 0B       		.uleb128 0xb
 1129 006c 3B       		.uleb128 0x3b
 1130 006d 0B       		.uleb128 0xb
 1131 006e 01       		.uleb128 0x1
 1132 006f 13       		.uleb128 0x13
 1133 0070 00       		.byte	0
 1134 0071 00       		.byte	0
 1135 0072 09       		.uleb128 0x9
 1136 0073 0F       		.uleb128 0xf
 1137 0074 00       		.byte	0
 1138 0075 0B       		.uleb128 0xb
ARM GAS  /var/folders/5n/p_75w94d66l9ssrldxqdhh700000gn/T//ccXhxvXH.s 			page 21


 1139 0076 0B       		.uleb128 0xb
 1140 0077 49       		.uleb128 0x49
 1141 0078 13       		.uleb128 0x13
 1142 0079 00       		.byte	0
 1143 007a 00       		.byte	0
 1144 007b 0A       		.uleb128 0xa
 1145 007c 0F       		.uleb128 0xf
 1146 007d 00       		.byte	0
 1147 007e 0B       		.uleb128 0xb
 1148 007f 0B       		.uleb128 0xb
 1149 0080 00       		.byte	0
 1150 0081 00       		.byte	0
 1151 0082 0B       		.uleb128 0xb
 1152 0083 13       		.uleb128 0x13
 1153 0084 01       		.byte	0x1
 1154 0085 03       		.uleb128 0x3
 1155 0086 0E       		.uleb128 0xe
 1156 0087 0B       		.uleb128 0xb
 1157 0088 0B       		.uleb128 0xb
 1158 0089 3A       		.uleb128 0x3a
 1159 008a 0B       		.uleb128 0xb
 1160 008b 3B       		.uleb128 0x3b
 1161 008c 05       		.uleb128 0x5
 1162 008d 01       		.uleb128 0x1
 1163 008e 13       		.uleb128 0x13
 1164 008f 00       		.byte	0
 1165 0090 00       		.byte	0
 1166 0091 0C       		.uleb128 0xc
 1167 0092 0D       		.uleb128 0xd
 1168 0093 00       		.byte	0
 1169 0094 03       		.uleb128 0x3
 1170 0095 08       		.uleb128 0x8
 1171 0096 3A       		.uleb128 0x3a
 1172 0097 0B       		.uleb128 0xb
 1173 0098 3B       		.uleb128 0x3b
 1174 0099 05       		.uleb128 0x5
 1175 009a 49       		.uleb128 0x49
 1176 009b 13       		.uleb128 0x13
 1177 009c 38       		.uleb128 0x38
 1178 009d 0A       		.uleb128 0xa
 1179 009e 00       		.byte	0
 1180 009f 00       		.byte	0
 1181 00a0 0D       		.uleb128 0xd
 1182 00a1 15       		.uleb128 0x15
 1183 00a2 01       		.byte	0x1
 1184 00a3 27       		.uleb128 0x27
 1185 00a4 0C       		.uleb128 0xc
 1186 00a5 01       		.uleb128 0x1
 1187 00a6 13       		.uleb128 0x13
 1188 00a7 00       		.byte	0
 1189 00a8 00       		.byte	0
 1190 00a9 0E       		.uleb128 0xe
 1191 00aa 05       		.uleb128 0x5
 1192 00ab 00       		.byte	0
 1193 00ac 49       		.uleb128 0x49
 1194 00ad 13       		.uleb128 0x13
 1195 00ae 00       		.byte	0
ARM GAS  /var/folders/5n/p_75w94d66l9ssrldxqdhh700000gn/T//ccXhxvXH.s 			page 22


 1196 00af 00       		.byte	0
 1197 00b0 0F       		.uleb128 0xf
 1198 00b1 35       		.uleb128 0x35
 1199 00b2 00       		.byte	0
 1200 00b3 49       		.uleb128 0x49
 1201 00b4 13       		.uleb128 0x13
 1202 00b5 00       		.byte	0
 1203 00b6 00       		.byte	0
 1204 00b7 10       		.uleb128 0x10
 1205 00b8 17       		.uleb128 0x17
 1206 00b9 01       		.byte	0x1
 1207 00ba 0B       		.uleb128 0xb
 1208 00bb 0B       		.uleb128 0xb
 1209 00bc 3A       		.uleb128 0x3a
 1210 00bd 0B       		.uleb128 0xb
 1211 00be 3B       		.uleb128 0x3b
 1212 00bf 0B       		.uleb128 0xb
 1213 00c0 01       		.uleb128 0x1
 1214 00c1 13       		.uleb128 0x13
 1215 00c2 00       		.byte	0
 1216 00c3 00       		.byte	0
 1217 00c4 11       		.uleb128 0x11
 1218 00c5 0D       		.uleb128 0xd
 1219 00c6 00       		.byte	0
 1220 00c7 03       		.uleb128 0x3
 1221 00c8 0E       		.uleb128 0xe
 1222 00c9 3A       		.uleb128 0x3a
 1223 00ca 0B       		.uleb128 0xb
 1224 00cb 3B       		.uleb128 0x3b
 1225 00cc 0B       		.uleb128 0xb
 1226 00cd 49       		.uleb128 0x49
 1227 00ce 13       		.uleb128 0x13
 1228 00cf 00       		.byte	0
 1229 00d0 00       		.byte	0
 1230 00d1 12       		.uleb128 0x12
 1231 00d2 26       		.uleb128 0x26
 1232 00d3 00       		.byte	0
 1233 00d4 49       		.uleb128 0x49
 1234 00d5 13       		.uleb128 0x13
 1235 00d6 00       		.byte	0
 1236 00d7 00       		.byte	0
 1237 00d8 13       		.uleb128 0x13
 1238 00d9 2E       		.uleb128 0x2e
 1239 00da 01       		.byte	0x1
 1240 00db 03       		.uleb128 0x3
 1241 00dc 0E       		.uleb128 0xe
 1242 00dd 3A       		.uleb128 0x3a
 1243 00de 0B       		.uleb128 0xb
 1244 00df 3B       		.uleb128 0x3b
 1245 00e0 0B       		.uleb128 0xb
 1246 00e1 27       		.uleb128 0x27
 1247 00e2 0C       		.uleb128 0xc
 1248 00e3 11       		.uleb128 0x11
 1249 00e4 01       		.uleb128 0x1
 1250 00e5 12       		.uleb128 0x12
 1251 00e6 01       		.uleb128 0x1
 1252 00e7 40       		.uleb128 0x40
ARM GAS  /var/folders/5n/p_75w94d66l9ssrldxqdhh700000gn/T//ccXhxvXH.s 			page 23


 1253 00e8 06       		.uleb128 0x6
 1254 00e9 01       		.uleb128 0x1
 1255 00ea 13       		.uleb128 0x13
 1256 00eb 00       		.byte	0
 1257 00ec 00       		.byte	0
 1258 00ed 14       		.uleb128 0x14
 1259 00ee 05       		.uleb128 0x5
 1260 00ef 00       		.byte	0
 1261 00f0 03       		.uleb128 0x3
 1262 00f1 08       		.uleb128 0x8
 1263 00f2 3A       		.uleb128 0x3a
 1264 00f3 0B       		.uleb128 0xb
 1265 00f4 3B       		.uleb128 0x3b
 1266 00f5 0B       		.uleb128 0xb
 1267 00f6 49       		.uleb128 0x49
 1268 00f7 13       		.uleb128 0x13
 1269 00f8 02       		.uleb128 0x2
 1270 00f9 06       		.uleb128 0x6
 1271 00fa 00       		.byte	0
 1272 00fb 00       		.byte	0
 1273 00fc 15       		.uleb128 0x15
 1274 00fd 34       		.uleb128 0x34
 1275 00fe 00       		.byte	0
 1276 00ff 03       		.uleb128 0x3
 1277 0100 08       		.uleb128 0x8
 1278 0101 3A       		.uleb128 0x3a
 1279 0102 0B       		.uleb128 0xb
 1280 0103 3B       		.uleb128 0x3b
 1281 0104 0B       		.uleb128 0xb
 1282 0105 49       		.uleb128 0x49
 1283 0106 13       		.uleb128 0x13
 1284 0107 02       		.uleb128 0x2
 1285 0108 06       		.uleb128 0x6
 1286 0109 00       		.byte	0
 1287 010a 00       		.byte	0
 1288 010b 16       		.uleb128 0x16
 1289 010c 0B       		.uleb128 0xb
 1290 010d 01       		.byte	0x1
 1291 010e 55       		.uleb128 0x55
 1292 010f 06       		.uleb128 0x6
 1293 0110 01       		.uleb128 0x1
 1294 0111 13       		.uleb128 0x13
 1295 0112 00       		.byte	0
 1296 0113 00       		.byte	0
 1297 0114 17       		.uleb128 0x17
 1298 0115 0B       		.uleb128 0xb
 1299 0116 01       		.byte	0x1
 1300 0117 11       		.uleb128 0x11
 1301 0118 01       		.uleb128 0x1
 1302 0119 12       		.uleb128 0x12
 1303 011a 01       		.uleb128 0x1
 1304 011b 00       		.byte	0
 1305 011c 00       		.byte	0
 1306 011d 18       		.uleb128 0x18
 1307 011e 2E       		.uleb128 0x2e
 1308 011f 01       		.byte	0x1
 1309 0120 3F       		.uleb128 0x3f
ARM GAS  /var/folders/5n/p_75w94d66l9ssrldxqdhh700000gn/T//ccXhxvXH.s 			page 24


 1310 0121 0C       		.uleb128 0xc
 1311 0122 03       		.uleb128 0x3
 1312 0123 0E       		.uleb128 0xe
 1313 0124 3A       		.uleb128 0x3a
 1314 0125 0B       		.uleb128 0xb
 1315 0126 3B       		.uleb128 0x3b
 1316 0127 0B       		.uleb128 0xb
 1317 0128 27       		.uleb128 0x27
 1318 0129 0C       		.uleb128 0xc
 1319 012a 11       		.uleb128 0x11
 1320 012b 01       		.uleb128 0x1
 1321 012c 12       		.uleb128 0x12
 1322 012d 01       		.uleb128 0x1
 1323 012e 40       		.uleb128 0x40
 1324 012f 06       		.uleb128 0x6
 1325 0130 01       		.uleb128 0x1
 1326 0131 13       		.uleb128 0x13
 1327 0132 00       		.byte	0
 1328 0133 00       		.byte	0
 1329 0134 19       		.uleb128 0x19
 1330 0135 2E       		.uleb128 0x2e
 1331 0136 01       		.byte	0x1
 1332 0137 3F       		.uleb128 0x3f
 1333 0138 0C       		.uleb128 0xc
 1334 0139 03       		.uleb128 0x3
 1335 013a 0E       		.uleb128 0xe
 1336 013b 3A       		.uleb128 0x3a
 1337 013c 0B       		.uleb128 0xb
 1338 013d 3B       		.uleb128 0x3b
 1339 013e 0B       		.uleb128 0xb
 1340 013f 27       		.uleb128 0x27
 1341 0140 0C       		.uleb128 0xc
 1342 0141 11       		.uleb128 0x11
 1343 0142 01       		.uleb128 0x1
 1344 0143 12       		.uleb128 0x12
 1345 0144 01       		.uleb128 0x1
 1346 0145 40       		.uleb128 0x40
 1347 0146 06       		.uleb128 0x6
 1348 0147 00       		.byte	0
 1349 0148 00       		.byte	0
 1350 0149 1A       		.uleb128 0x1a
 1351 014a 0B       		.uleb128 0xb
 1352 014b 01       		.byte	0x1
 1353 014c 11       		.uleb128 0x11
 1354 014d 01       		.uleb128 0x1
 1355 014e 12       		.uleb128 0x12
 1356 014f 01       		.uleb128 0x1
 1357 0150 01       		.uleb128 0x1
 1358 0151 13       		.uleb128 0x13
 1359 0152 00       		.byte	0
 1360 0153 00       		.byte	0
 1361 0154 00       		.byte	0
 1362              		.section	.debug_loc,"",%progbits
 1363              	.Ldebug_loc0:
 1364              	.LLST0:
 1365 0000 00000000 		.4byte	.LFB7
 1366 0004 02000000 		.4byte	.LCFI0
ARM GAS  /var/folders/5n/p_75w94d66l9ssrldxqdhh700000gn/T//ccXhxvXH.s 			page 25


 1367 0008 0200     		.2byte	0x2
 1368 000a 7D       		.byte	0x7d
 1369 000b 00       		.sleb128 0
 1370 000c 02000000 		.4byte	.LCFI0
 1371 0010 2E000000 		.4byte	.LFE7
 1372 0014 0200     		.2byte	0x2
 1373 0016 7D       		.byte	0x7d
 1374 0017 08       		.sleb128 8
 1375 0018 00000000 		.4byte	0
 1376 001c 00000000 		.4byte	0
 1377              	.LLST1:
 1378 0020 00000000 		.4byte	.LVL0
 1379 0024 10000000 		.4byte	.LVL4
 1380 0028 0100     		.2byte	0x1
 1381 002a 50       		.byte	0x50
 1382 002b 10000000 		.4byte	.LVL4
 1383 002f 2E000000 		.4byte	.LFE7
 1384 0033 0100     		.2byte	0x1
 1385 0035 54       		.byte	0x54
 1386 0036 00000000 		.4byte	0
 1387 003a 00000000 		.4byte	0
 1388              	.LLST2:
 1389 003e 06000000 		.4byte	.LVL2
 1390 0042 10000000 		.4byte	.LVL4
 1391 0046 0100     		.2byte	0x1
 1392 0048 50       		.byte	0x50
 1393 0049 10000000 		.4byte	.LVL4
 1394 004d 2E000000 		.4byte	.LFE7
 1395 0051 0100     		.2byte	0x1
 1396 0053 54       		.byte	0x54
 1397 0054 00000000 		.4byte	0
 1398 0058 00000000 		.4byte	0
 1399              	.LLST3:
 1400 005c 0A000000 		.4byte	.LVL3
 1401 0060 13000000 		.4byte	.LVL5-1
 1402 0064 0100     		.2byte	0x1
 1403 0066 53       		.byte	0x53
 1404 0067 00000000 		.4byte	0
 1405 006b 00000000 		.4byte	0
 1406              	.LLST4:
 1407 006f 2C000000 		.4byte	.LVL7
 1408 0073 2E000000 		.4byte	.LFE7
 1409 0077 0100     		.2byte	0x1
 1410 0079 53       		.byte	0x53
 1411 007a 00000000 		.4byte	0
 1412 007e 00000000 		.4byte	0
 1413              	.LLST5:
 1414 0082 00000000 		.4byte	.LFB8
 1415 0086 02000000 		.4byte	.LCFI1
 1416 008a 0200     		.2byte	0x2
 1417 008c 7D       		.byte	0x7d
 1418 008d 00       		.sleb128 0
 1419 008e 02000000 		.4byte	.LCFI1
 1420 0092 28000000 		.4byte	.LFE8
 1421 0096 0200     		.2byte	0x2
 1422 0098 7D       		.byte	0x7d
 1423 0099 08       		.sleb128 8
ARM GAS  /var/folders/5n/p_75w94d66l9ssrldxqdhh700000gn/T//ccXhxvXH.s 			page 26


 1424 009a 00000000 		.4byte	0
 1425 009e 00000000 		.4byte	0
 1426              	.LLST6:
 1427 00a2 00000000 		.4byte	.LVL8
 1428 00a6 0E000000 		.4byte	.LVL12
 1429 00aa 0100     		.2byte	0x1
 1430 00ac 50       		.byte	0x50
 1431 00ad 0E000000 		.4byte	.LVL12
 1432 00b1 28000000 		.4byte	.LFE8
 1433 00b5 0100     		.2byte	0x1
 1434 00b7 54       		.byte	0x54
 1435 00b8 00000000 		.4byte	0
 1436 00bc 00000000 		.4byte	0
 1437              	.LLST7:
 1438 00c0 0A000000 		.4byte	.LVL10
 1439 00c4 0C000000 		.4byte	.LVL11
 1440 00c8 0100     		.2byte	0x1
 1441 00ca 53       		.byte	0x53
 1442 00cb 00000000 		.4byte	0
 1443 00cf 00000000 		.4byte	0
 1444              	.LLST8:
 1445 00d3 14000000 		.4byte	.LVL14
 1446 00d7 16000000 		.4byte	.LVL15
 1447 00db 0100     		.2byte	0x1
 1448 00dd 53       		.byte	0x53
 1449 00de 00000000 		.4byte	0
 1450 00e2 00000000 		.4byte	0
 1451              	.LLST9:
 1452 00e6 00000000 		.4byte	.LFB9
 1453 00ea 02000000 		.4byte	.LCFI2
 1454 00ee 0200     		.2byte	0x2
 1455 00f0 7D       		.byte	0x7d
 1456 00f1 00       		.sleb128 0
 1457 00f2 02000000 		.4byte	.LCFI2
 1458 00f6 18000000 		.4byte	.LFE9
 1459 00fa 0200     		.2byte	0x2
 1460 00fc 7D       		.byte	0x7d
 1461 00fd 08       		.sleb128 8
 1462 00fe 00000000 		.4byte	0
 1463 0102 00000000 		.4byte	0
 1464              	.LLST10:
 1465 0106 00000000 		.4byte	.LVL16
 1466 010a 0F000000 		.4byte	.LVL20-1
 1467 010e 0100     		.2byte	0x1
 1468 0110 50       		.byte	0x50
 1469 0111 00000000 		.4byte	0
 1470 0115 00000000 		.4byte	0
 1471              	.LLST11:
 1472 0119 08000000 		.4byte	.LVL18
 1473 011d 0A000000 		.4byte	.LVL19
 1474 0121 0100     		.2byte	0x1
 1475 0123 53       		.byte	0x53
 1476 0124 00000000 		.4byte	0
 1477 0128 00000000 		.4byte	0
 1478              	.LLST12:
 1479 012c 16000000 		.4byte	.LVL22
 1480 0130 18000000 		.4byte	.LFE9
ARM GAS  /var/folders/5n/p_75w94d66l9ssrldxqdhh700000gn/T//ccXhxvXH.s 			page 27


 1481 0134 0100     		.2byte	0x1
 1482 0136 53       		.byte	0x53
 1483 0137 00000000 		.4byte	0
 1484 013b 00000000 		.4byte	0
 1485              		.section	.debug_aranges,"",%progbits
 1486 0000 2C000000 		.4byte	0x2c
 1487 0004 0200     		.2byte	0x2
 1488 0006 00000000 		.4byte	.Ldebug_info0
 1489 000a 04       		.byte	0x4
 1490 000b 00       		.byte	0
 1491 000c 0000     		.2byte	0
 1492 000e 0000     		.2byte	0
 1493 0010 00000000 		.4byte	.LFB7
 1494 0014 2E000000 		.4byte	.LFE7-.LFB7
 1495 0018 00000000 		.4byte	.LFB8
 1496 001c 28000000 		.4byte	.LFE8-.LFB8
 1497 0020 00000000 		.4byte	.LFB9
 1498 0024 18000000 		.4byte	.LFE9-.LFB9
 1499 0028 00000000 		.4byte	0
 1500 002c 00000000 		.4byte	0
 1501              		.section	.debug_ranges,"",%progbits
 1502              	.Ldebug_ranges0:
 1503 0000 02000000 		.4byte	.LBB2
 1504 0004 04000000 		.4byte	.LBE2
 1505 0008 06000000 		.4byte	.LBB3
 1506 000c 0A000000 		.4byte	.LBE3
 1507 0010 00000000 		.4byte	0
 1508 0014 00000000 		.4byte	0
 1509 0018 02000000 		.4byte	.LBB5
 1510 001c 04000000 		.4byte	.LBE5
 1511 0020 06000000 		.4byte	.LBB6
 1512 0024 0A000000 		.4byte	.LBE6
 1513 0028 00000000 		.4byte	0
 1514 002c 00000000 		.4byte	0
 1515 0030 00000000 		.4byte	.LFB7
 1516 0034 2E000000 		.4byte	.LFE7
 1517 0038 00000000 		.4byte	.LFB8
 1518 003c 28000000 		.4byte	.LFE8
 1519 0040 00000000 		.4byte	.LFB9
 1520 0044 18000000 		.4byte	.LFE9
 1521 0048 00000000 		.4byte	0
 1522 004c 00000000 		.4byte	0
 1523              		.section	.debug_line,"",%progbits
 1524              	.Ldebug_line0:
 1525 0000 7B010000 		.section	.debug_str,"MS",%progbits,1
 1525      02002801 
 1525      00000201 
 1525      FB0E0D00 
 1525      01010101 
 1526              	.LASF71:
 1527 0000 65745F69 		.ascii	"et_interval\000"
 1527      6E746572 
 1527      76616C00 
 1528              	.LASF36:
 1529 000c 705F6D73 		.ascii	"p_msg\000"
 1529      6700
 1530              	.LASF64:
ARM GAS  /var/folders/5n/p_75w94d66l9ssrldxqdhh700000gn/T//ccXhxvXH.s 			page 28


 1531 0012 7264796D 		.ascii	"rdymsg\000"
 1531      736700
 1532              	.LASF11:
 1533 0019 6C6F6E67 		.ascii	"long long unsigned int\000"
 1533      206C6F6E 
 1533      6720756E 
 1533      7369676E 
 1533      65642069 
 1534              	.LASF65:
 1535 0030 65786974 		.ascii	"exitcode\000"
 1535      636F6465 
 1535      00
 1536              	.LASF77:
 1537 0039 65767453 		.ascii	"evtStart\000"
 1537      74617274 
 1537      00
 1538              	.LASF24:
 1539 0042 705F7072 		.ascii	"p_prio\000"
 1539      696F00
 1540              	.LASF10:
 1541 0049 6C6F6E67 		.ascii	"long long int\000"
 1541      206C6F6E 
 1541      6720696E 
 1541      7400
 1542              	.LASF1:
 1543 0057 7369676E 		.ascii	"signed char\000"
 1543      65642063 
 1543      68617200 
 1544              	.LASF72:
 1545 0063 45765469 		.ascii	"EvTimer\000"
 1545      6D657200 
 1546              	.LASF40:
 1547 006b 705F6D70 		.ascii	"p_mpool\000"
 1547      6F6F6C00 
 1548              	.LASF54:
 1549 0073 6D5F7175 		.ascii	"m_queue\000"
 1549      65756500 
 1550              	.LASF15:
 1551 007b 74736C69 		.ascii	"tslices_t\000"
 1551      6365735F 
 1551      7400
 1552              	.LASF7:
 1553 0085 6C6F6E67 		.ascii	"long int\000"
 1553      20696E74 
 1553      00
 1554              	.LASF13:
 1555 008e 74737461 		.ascii	"tstate_t\000"
 1555      74655F74 
 1555      00
 1556              	.LASF26:
 1557 0097 705F6E65 		.ascii	"p_newer\000"
 1557      77657200 
 1558              	.LASF43:
 1559 009f 72656761 		.ascii	"regarm_t\000"
 1559      726D5F74 
 1559      00
 1560              	.LASF49:
ARM GAS  /var/folders/5n/p_75w94d66l9ssrldxqdhh700000gn/T//ccXhxvXH.s 			page 29


 1561 00a8 76745F70 		.ascii	"vt_prev\000"
 1561      72657600 
 1562              	.LASF62:
 1563 00b0 4576656E 		.ascii	"EventSource\000"
 1563      74536F75 
 1563      72636500 
 1564              	.LASF0:
 1565 00bc 756E7369 		.ascii	"unsigned int\000"
 1565      676E6564 
 1565      20696E74 
 1565      00
 1566              	.LASF48:
 1567 00c9 76745F6E 		.ascii	"vt_next\000"
 1567      65787400 
 1568              	.LASF9:
 1569 00d1 6C6F6E67 		.ascii	"long unsigned int\000"
 1569      20756E73 
 1569      69676E65 
 1569      6420696E 
 1569      7400
 1570              	.LASF45:
 1571 00e3 636F6E74 		.ascii	"context\000"
 1571      65787400 
 1572              	.LASF4:
 1573 00eb 73686F72 		.ascii	"short unsigned int\000"
 1573      7420756E 
 1573      7369676E 
 1573      65642069 
 1573      6E7400
 1574              	.LASF17:
 1575 00fe 6D73675F 		.ascii	"msg_t\000"
 1575      7400
 1576              	.LASF58:
 1577 0104 656C5F6E 		.ascii	"el_next\000"
 1577      65787400 
 1578              	.LASF12:
 1579 010c 746D6F64 		.ascii	"tmode_t\000"
 1579      655F7400 
 1580              	.LASF42:
 1581 0114 54687265 		.ascii	"ThreadsList\000"
 1581      6164734C 
 1581      69737400 
 1582              	.LASF18:
 1583 0120 6576656E 		.ascii	"eventmask_t\000"
 1583      746D6173 
 1583      6B5F7400 
 1584              	.LASF53:
 1585 012c 4D757465 		.ascii	"Mutex\000"
 1585      7800
 1586              	.LASF50:
 1587 0132 76745F74 		.ascii	"vt_time\000"
 1587      696D6500 
 1588              	.LASF70:
 1589 013a 65745F65 		.ascii	"et_es\000"
 1589      7300
 1590              	.LASF51:
 1591 0140 76745F66 		.ascii	"vt_func\000"
ARM GAS  /var/folders/5n/p_75w94d66l9ssrldxqdhh700000gn/T//ccXhxvXH.s 			page 30


 1591      756E6300 
 1592              	.LASF27:
 1593 0148 705F6F6C 		.ascii	"p_older\000"
 1593      64657200 
 1594              	.LASF41:
 1595 0150 54687265 		.ascii	"ThreadsQueue\000"
 1595      61647351 
 1595      75657565 
 1595      00
 1596              	.LASF60:
 1597 015d 656C5F6D 		.ascii	"el_mask\000"
 1597      61736B00 
 1598              	.LASF14:
 1599 0165 74726566 		.ascii	"trefs_t\000"
 1599      735F7400 
 1600              	.LASF23:
 1601 016d 705F7072 		.ascii	"p_prev\000"
 1601      657600
 1602              	.LASF16:
 1603 0174 74707269 		.ascii	"tprio_t\000"
 1603      6F5F7400 
 1604              	.LASF6:
 1605 017c 696E7433 		.ascii	"int32_t\000"
 1605      325F7400 
 1606              	.LASF2:
 1607 0184 756E7369 		.ascii	"unsigned char\000"
 1607      676E6564 
 1607      20636861 
 1607      7200
 1608              	.LASF59:
 1609 0192 656C5F6C 		.ascii	"el_listener\000"
 1609      69737465 
 1609      6E657200 
 1610              	.LASF61:
 1611 019e 656C5F66 		.ascii	"el_flags\000"
 1611      6C616773 
 1611      00
 1612              	.LASF38:
 1613 01a7 705F6D74 		.ascii	"p_mtxlist\000"
 1613      786C6973 
 1613      7400
 1614              	.LASF3:
 1615 01b1 73686F72 		.ascii	"short int\000"
 1615      7420696E 
 1615      7400
 1616              	.LASF29:
 1617 01bb 705F7374 		.ascii	"p_state\000"
 1617      61746500 
 1618              	.LASF32:
 1619 01c3 705F7072 		.ascii	"p_preempt\000"
 1619      65656D70 
 1619      7400
 1620              	.LASF67:
 1621 01cd 65776D61 		.ascii	"ewmask\000"
 1621      736B00
 1622              	.LASF22:
 1623 01d4 705F6E65 		.ascii	"p_next\000"
ARM GAS  /var/folders/5n/p_75w94d66l9ssrldxqdhh700000gn/T//ccXhxvXH.s 			page 31


 1623      787400
 1624              	.LASF30:
 1625 01db 705F666C 		.ascii	"p_flags\000"
 1625      61677300 
 1626              	.LASF21:
 1627 01e3 54687265 		.ascii	"Thread\000"
 1627      616400
 1628              	.LASF37:
 1629 01ea 705F6570 		.ascii	"p_epending\000"
 1629      656E6469 
 1629      6E6700
 1630              	.LASF8:
 1631 01f5 75696E74 		.ascii	"uint32_t\000"
 1631      33325F74 
 1631      00
 1632              	.LASF47:
 1633 01fe 56697274 		.ascii	"VirtualTimer\000"
 1633      75616C54 
 1633      696D6572 
 1633      00
 1634              	.LASF68:
 1635 020b 63686172 		.ascii	"char\000"
 1635      00
 1636              	.LASF76:
 1637 0210 746D7263 		.ascii	"tmrcb\000"
 1637      6200
 1638              	.LASF56:
 1639 0216 6D5F6E65 		.ascii	"m_next\000"
 1639      787400
 1640              	.LASF20:
 1641 021d 73797374 		.ascii	"systime_t\000"
 1641      696D655F 
 1641      7400
 1642              	.LASF39:
 1643 0227 705F7265 		.ascii	"p_realprio\000"
 1643      616C7072 
 1643      696F00
 1644              	.LASF46:
 1645 0232 76746675 		.ascii	"vtfunc_t\000"
 1645      6E635F74 
 1645      00
 1646              	.LASF78:
 1647 023b 65767453 		.ascii	"evtStop\000"
 1647      746F7000 
 1648              	.LASF33:
 1649 0243 705F7469 		.ascii	"p_time\000"
 1649      6D6500
 1650              	.LASF73:
 1651 024a 474E5520 		.ascii	"GNU C 4.6.2 20111004 (prerelease)\000"
 1651      4320342E 
 1651      362E3220 
 1651      32303131 
 1651      31303034 
 1652              	.LASF44:
 1653 026c 696E7463 		.ascii	"intctx\000"
 1653      747800
 1654              	.LASF35:
ARM GAS  /var/folders/5n/p_75w94d66l9ssrldxqdhh700000gn/T//ccXhxvXH.s 			page 32


 1655 0273 705F6D73 		.ascii	"p_msgqueue\000"
 1655      67717565 
 1655      756500
 1656              	.LASF52:
 1657 027e 76745F70 		.ascii	"vt_par\000"
 1657      617200
 1658              	.LASF19:
 1659 0285 666C6167 		.ascii	"flagsmask_t\000"
 1659      736D6173 
 1659      6B5F7400 
 1660              	.LASF31:
 1661 0291 705F7265 		.ascii	"p_refs\000"
 1661      667300
 1662              	.LASF5:
 1663 0298 75696E74 		.ascii	"uint8_t\000"
 1663      385F7400 
 1664              	.LASF57:
 1665 02a0 4576656E 		.ascii	"EventListener\000"
 1665      744C6973 
 1665      74656E65 
 1665      7200
 1666              	.LASF66:
 1667 02ae 77746F62 		.ascii	"wtobjp\000"
 1667      6A7000
 1668              	.LASF28:
 1669 02b5 705F6E61 		.ascii	"p_name\000"
 1669      6D6500
 1670              	.LASF75:
 1671 02bc 2F557365 		.ascii	"/Users/sin/Documents/Eclipse/Workspace/mabl-ChibiOS"
 1671      72732F73 
 1671      696E2F44 
 1671      6F63756D 
 1671      656E7473 
 1672 02ef 2D322E35 		.ascii	"-2.5.1/demos/ARMCM4-STM32F407-LWIP\000"
 1672      2E312F64 
 1672      656D6F73 
 1672      2F41524D 
 1672      434D342D 
 1673              	.LASF63:
 1674 0312 65735F6E 		.ascii	"es_next\000"
 1674      65787400 
 1675              	.LASF69:
 1676 031a 65745F76 		.ascii	"et_vt\000"
 1676      7400
 1677              	.LASF55:
 1678 0320 6D5F6F77 		.ascii	"m_owner\000"
 1678      6E657200 
 1679              	.LASF25:
 1680 0328 705F6374 		.ascii	"p_ctx\000"
 1680      7800
 1681              	.LASF34:
 1682 032e 705F7761 		.ascii	"p_waiting\000"
 1682      6974696E 
 1682      6700
 1683              	.LASF74:
 1684 0338 2E2E2F2E 		.ascii	"../../os/various/evtimer.c\000"
 1684      2E2F6F73 
ARM GAS  /var/folders/5n/p_75w94d66l9ssrldxqdhh700000gn/T//ccXhxvXH.s 			page 33


 1684      2F766172 
 1684      696F7573 
 1684      2F657674 
 1685              		.ident	"GCC: (Linaro GCC 4.6-2011.10) 4.6.2 20111004 (prerelease)"
ARM GAS  /var/folders/5n/p_75w94d66l9ssrldxqdhh700000gn/T//ccXhxvXH.s 			page 34


DEFINED SYMBOLS
                            *ABS*:0000000000000000 evtimer.c
/var/folders/5n/p_75w94d66l9ssrldxqdhh700000gn/T//ccXhxvXH.s:18     .text.tmrcb:0000000000000000 $t
/var/folders/5n/p_75w94d66l9ssrldxqdhh700000gn/T//ccXhxvXH.s:23     .text.tmrcb:0000000000000000 tmrcb
/var/folders/5n/p_75w94d66l9ssrldxqdhh700000gn/T//ccXhxvXH.s:81     .text.evtStart:0000000000000000 $t
/var/folders/5n/p_75w94d66l9ssrldxqdhh700000gn/T//ccXhxvXH.s:87     .text.evtStart:0000000000000000 evtStart
/var/folders/5n/p_75w94d66l9ssrldxqdhh700000gn/T//ccXhxvXH.s:143    .text.evtStart:0000000000000024 $d
/var/folders/5n/p_75w94d66l9ssrldxqdhh700000gn/T//ccXhxvXH.s:148    .text.evtStop:0000000000000000 $t
/var/folders/5n/p_75w94d66l9ssrldxqdhh700000gn/T//ccXhxvXH.s:154    .text.evtStop:0000000000000000 evtStop
                     .debug_frame:0000000000000010 $d
/var/folders/5n/p_75w94d66l9ssrldxqdhh700000gn/T//ccXhxvXH.s:147    .text.evtStart:0000000000000028 $t

UNDEFINED SYMBOLS
chEvtBroadcastFlagsI
chVTSetI
chVTResetI
