ARM GAS  /var/folders/5n/p_75w94d66l9ssrldxqdhh700000gn/T//ccFtIrKJ.s 			page 1


   1              		.syntax unified
   2              		.cpu cortex-m4
   3              		.fpu softvfp
   4              		.eabi_attribute 20, 1
   5              		.eabi_attribute 21, 1
   6              		.eabi_attribute 23, 3
   7              		.eabi_attribute 24, 1
   8              		.eabi_attribute 25, 1
   9              		.eabi_attribute 26, 1
  10              		.eabi_attribute 30, 2
  11              		.eabi_attribute 18, 4
  12              		.thumb
  13              		.file	"hal.c"
  14              		.text
  15              	.Ltext0:
  16              		.cfi_sections	.debug_frame
  17              		.section	.text.halInit,"ax",%progbits
  18              		.align	2
  19              		.p2align 4,,15
  20              		.global	halInit
  21              		.thumb
  22              		.thumb_func
  23              		.type	halInit, %function
  24              	halInit:
  25              	.LFB118:
  26              		.file 1 "../../os/hal/src/hal.c"
  27              		.loc 1 61 0
  28              		.cfi_startproc
  29              		@ args = 0, pretend = 0, frame = 0
  30              		@ frame_needed = 0, uses_anonymous_args = 0
  31 0000 08B5     		push	{r3, lr}
  32              	.LCFI0:
  33              		.cfi_def_cfa_offset 8
  34              		.cfi_offset 14, -4
  35              		.cfi_offset 3, -8
  36              		.loc 1 63 0
  37 0002 FFF7FEFF 		bl	hal_lld_init
  38              		.loc 1 66 0
  39 0006 FFF7FEFF 		bl	tmInit
  40              		.loc 1 69 0
  41 000a 40F20000 		movw	r0, #:lower16:pal_default_config
  42 000e C0F20000 		movt	r0, #:upper16:pal_default_config
  43 0012 FFF7FEFF 		bl	_pal_lld_init
  44              		.loc 1 90 0
  45 0016 FFF7FEFF 		bl	macInit
  46              		.loc 1 96 0
  47 001a FFF7FEFF 		bl	sdInit
  48              		.loc 1 121 0
  49 001e BDE80840 		pop	{r3, lr}
  50              		.loc 1 120 0
  51 0022 FFF7FEBF 		b	boardInit
  52              		.cfi_endproc
  53              	.LFE118:
  54              		.size	halInit, .-halInit
  55 0026 00BFAFF3 		.section	.text.halIsCounterWithin,"ax",%progbits
  55      0080AFF3 
  55      0080
ARM GAS  /var/folders/5n/p_75w94d66l9ssrldxqdhh700000gn/T//ccFtIrKJ.s 			page 2


  56              		.align	2
  57              		.p2align 4,,15
  58              		.global	halIsCounterWithin
  59              		.thumb
  60              		.thumb_func
  61              		.type	halIsCounterWithin, %function
  62              	halIsCounterWithin:
  63              	.LFB119:
  64              		.loc 1 167 0
  65              		.cfi_startproc
  66              		@ args = 0, pretend = 0, frame = 0
  67              		@ frame_needed = 0, uses_anonymous_args = 0
  68              		@ link register save eliminated.
  69              	.LVL0:
  70              		.loc 1 168 0
  71 0000 4FF48053 		mov	r3, #4096
  72 0004 CEF20003 		movt	r3, 57344
  73              		.loc 1 170 0
  74 0008 8142     		cmp	r1, r0
  75              		.loc 1 167 0
  76 000a 0246     		mov	r2, r0
  77              		.loc 1 168 0
  78 000c 5B68     		ldr	r3, [r3, #4]
  79              	.LVL1:
  80              		.loc 1 170 0
  81 000e 09D8     		bhi	.L6
  82              		.loc 1 171 0 discriminator 2
  83 0010 8342     		cmp	r3, r0
  84 0012 34BF     		ite	cc
  85 0014 0022     		movcc	r2, #0
  86 0016 0122     		movcs	r2, #1
  87              		.loc 1 170 0 discriminator 2
  88 0018 8B42     		cmp	r3, r1
  89 001a 2CBF     		ite	cs
  90 001c 1046     		movcs	r0, r2
  91 001e 42F00100 		orrcc	r0, r2, #1
  92              	.LVL2:
  93              		.loc 1 172 0 discriminator 2
  94 0022 7047     		bx	lr
  95              	.LVL3:
  96              	.L6:
  97              		.loc 1 170 0 discriminator 1
  98 0024 8B42     		cmp	r3, r1
  99 0026 2CBF     		ite	cs
 100 0028 0020     		movcs	r0, #0
 101              	.LVL4:
 102 002a 0120     		movcc	r0, #1
 103 002c 9342     		cmp	r3, r2
 104 002e 38BF     		it	cc
 105 0030 0020     		movcc	r0, #0
 106 0032 7047     		bx	lr
 107              		.cfi_endproc
 108              	.LFE119:
 109              		.size	halIsCounterWithin, .-halIsCounterWithin
 110 0034 AFF30080 		.section	.text.halPolledDelay,"ax",%progbits
 110      AFF30080 
 110      AFF30080 
ARM GAS  /var/folders/5n/p_75w94d66l9ssrldxqdhh700000gn/T//ccFtIrKJ.s 			page 3


 111              		.align	2
 112              		.p2align 4,,15
 113              		.global	halPolledDelay
 114              		.thumb
 115              		.thumb_func
 116              		.type	halPolledDelay, %function
 117              	halPolledDelay:
 118              	.LFB120:
 119              		.loc 1 186 0
 120              		.cfi_startproc
 121              		@ args = 0, pretend = 0, frame = 0
 122              		@ frame_needed = 0, uses_anonymous_args = 0
 123              		@ link register save eliminated.
 124              	.LVL5:
 125              		.loc 1 187 0
 126 0000 4FF48053 		mov	r3, #4096
 127 0004 CEF20003 		movt	r3, 57344
 128              		.loc 1 186 0
 129 0008 10B4     		push	{r4}
 130              	.LCFI1:
 131              		.cfi_def_cfa_offset 4
 132              		.cfi_offset 4, -4
 133              	.LBB4:
 134              	.LBB5:
 135              		.loc 1 168 0
 136 000a 1A46     		mov	r2, r3
 137              	.LBE5:
 138              	.LBE4:
 139              		.loc 1 187 0
 140 000c 5B68     		ldr	r3, [r3, #4]
 141              	.LVL6:
 142              		.loc 1 188 0
 143 000e C018     		adds	r0, r0, r3
 144              	.LVL7:
 145              	.L10:
 146              	.LBB8:
 147              	.LBB6:
 148              		.loc 1 170 0 discriminator 1
 149 0010 8342     		cmp	r3, r0
 150              		.loc 1 168 0 discriminator 1
 151 0012 5168     		ldr	r1, [r2, #4]
 152              	.LVL8:
 153              		.loc 1 170 0 discriminator 1
 154 0014 0AD2     		bcs	.L8
 155              		.loc 1 170 0 is_stmt 0
 156 0016 8842     		cmp	r0, r1
 157 0018 94BF     		ite	ls
 158 001a 0024     		movls	r4, #0
 159 001c 0124     		movhi	r4, #1
 160 001e 8B42     		cmp	r3, r1
 161 0020 88BF     		it	hi
 162 0022 0024     		movhi	r4, #0
 163              	.LBE6:
 164              	.LBE8:
 165              		.loc 1 189 0 is_stmt 1
 166 0024 002C     		cmp	r4, #0
 167 0026 F3D1     		bne	.L10
ARM GAS  /var/folders/5n/p_75w94d66l9ssrldxqdhh700000gn/T//ccFtIrKJ.s 			page 4


 168              	.L12:
 169              		.loc 1 191 0
 170 0028 10BC     		pop	{r4}
 171 002a 7047     		bx	lr
 172              	.L8:
 173              	.LBB9:
 174              	.LBB7:
 175              		.loc 1 171 0
 176 002c 8B42     		cmp	r3, r1
 177 002e 8CBF     		ite	hi
 178 0030 0024     		movhi	r4, #0
 179 0032 0124     		movls	r4, #1
 180              		.loc 1 170 0
 181 0034 8842     		cmp	r0, r1
 182 0036 88BF     		it	hi
 183 0038 44F00104 		orrhi	r4, r4, #1
 184              	.LBE7:
 185              	.LBE9:
 186              		.loc 1 189 0
 187 003c 002C     		cmp	r4, #0
 188 003e E7D1     		bne	.L10
 189 0040 F2E7     		b	.L12
 190              		.cfi_endproc
 191              	.LFE120:
 192              		.size	halPolledDelay, .-halPolledDelay
 193 0042 00BFAFF3 		.text
 193      0080AFF3 
 193      0080AFF3 
 193      0080
 194              	.Letext0:
 195              		.file 2 "/usr/local/summon/lib/gcc/arm-none-eabi/4.6.2/../../../../arm-none-eabi/include/stdint.h"
 196              		.file 3 "../../os/ports/GCC/ARMCMx/chtypes.h"
 197              		.file 4 "../../os/ports/common/ARMCMx/nvic.h"
 198              		.file 5 "../../os/hal/platforms/STM32F4xx/hal_lld.h"
 199              		.file 6 "../../os/hal/platforms/STM32/GPIOv2/pal_lld.h"
 200              		.file 7 "../../os/ports/common/ARMCMx/CMSIS/include/core_cm4.h"
 201              		.section	.debug_info,"",%progbits
 202              	.Ldebug_info0:
 203 0000 63030000 		.4byte	0x363
 204 0004 0200     		.2byte	0x2
 205 0006 00000000 		.4byte	.Ldebug_abbrev0
 206 000a 04       		.byte	0x4
 207 000b 01       		.uleb128 0x1
 208 000c 1B000000 		.4byte	.LASF44
 209 0010 01       		.byte	0x1
 210 0011 4B010000 		.4byte	.LASF45
 211 0015 EC010000 		.4byte	.LASF46
 212 0019 00000000 		.4byte	0
 213 001d 00000000 		.4byte	0
 214 0021 40000000 		.4byte	.Ldebug_ranges0+0x40
 215 0025 00000000 		.4byte	.Ldebug_line0
 216 0029 02       		.uleb128 0x2
 217 002a 04       		.byte	0x4
 218 002b 05       		.byte	0x5
 219 002c 696E7400 		.ascii	"int\000"
 220 0030 03       		.uleb128 0x3
 221 0031 04       		.byte	0x4
ARM GAS  /var/folders/5n/p_75w94d66l9ssrldxqdhh700000gn/T//ccFtIrKJ.s 			page 5


 222 0032 07       		.byte	0x7
 223 0033 63000000 		.4byte	.LASF0
 224 0037 03       		.uleb128 0x3
 225 0038 01       		.byte	0x1
 226 0039 06       		.byte	0x6
 227 003a E0010000 		.4byte	.LASF1
 228 003e 03       		.uleb128 0x3
 229 003f 01       		.byte	0x1
 230 0040 08       		.byte	0x8
 231 0041 9C000000 		.4byte	.LASF2
 232 0045 03       		.uleb128 0x3
 233 0046 02       		.byte	0x2
 234 0047 05       		.byte	0x5
 235 0048 AF010000 		.4byte	.LASF3
 236 004c 03       		.uleb128 0x3
 237 004d 02       		.byte	0x2
 238 004e 07       		.byte	0x7
 239 004f 48000000 		.4byte	.LASF4
 240 0053 04       		.uleb128 0x4
 241 0054 81010000 		.4byte	.LASF6
 242 0058 02       		.byte	0x2
 243 0059 4F       		.byte	0x4f
 244 005a 5E000000 		.4byte	0x5e
 245 005e 03       		.uleb128 0x3
 246 005f 04       		.byte	0x4
 247 0060 05       		.byte	0x5
 248 0061 D1010000 		.4byte	.LASF5
 249 0065 04       		.uleb128 0x4
 250 0066 C8010000 		.4byte	.LASF7
 251 006a 02       		.byte	0x2
 252 006b 50       		.byte	0x50
 253 006c 70000000 		.4byte	0x70
 254 0070 03       		.uleb128 0x3
 255 0071 04       		.byte	0x4
 256 0072 07       		.byte	0x7
 257 0073 C4000000 		.4byte	.LASF8
 258 0077 03       		.uleb128 0x3
 259 0078 08       		.byte	0x8
 260 0079 05       		.byte	0x5
 261 007a 00000000 		.4byte	.LASF9
 262 007e 03       		.uleb128 0x3
 263 007f 08       		.byte	0x8
 264 0080 07       		.byte	0x7
 265 0081 42020000 		.4byte	.LASF10
 266 0085 04       		.uleb128 0x4
 267 0086 77000000 		.4byte	.LASF11
 268 008a 03       		.byte	0x3
 269 008b 27       		.byte	0x27
 270 008c 53000000 		.4byte	0x53
 271 0090 05       		.uleb128 0x5
 272 0091 70000000 		.4byte	0x70
 273 0095 06       		.uleb128 0x6
 274 0096 20       		.byte	0x20
 275 0097 04       		.byte	0x4
 276 0098 FF       		.byte	0xff
 277 0099 16010000 		.4byte	0x116
 278 009d 07       		.uleb128 0x7
ARM GAS  /var/folders/5n/p_75w94d66l9ssrldxqdhh700000gn/T//ccFtIrKJ.s 			page 6


 279 009e 62010000 		.4byte	.LASF12
 280 00a2 04       		.byte	0x4
 281 00a3 0001     		.2byte	0x100
 282 00a5 90000000 		.4byte	0x90
 283 00a9 02       		.byte	0x2
 284 00aa 23       		.byte	0x23
 285 00ab 00       		.uleb128 0
 286 00ac 07       		.uleb128 0x7
 287 00ad 1B010000 		.4byte	.LASF13
 288 00b1 04       		.byte	0x4
 289 00b2 0101     		.2byte	0x101
 290 00b4 90000000 		.4byte	0x90
 291 00b8 02       		.byte	0x2
 292 00b9 23       		.byte	0x23
 293 00ba 04       		.uleb128 0x4
 294 00bb 07       		.uleb128 0x7
 295 00bc DB000000 		.4byte	.LASF14
 296 00c0 04       		.byte	0x4
 297 00c1 0201     		.2byte	0x102
 298 00c3 90000000 		.4byte	0x90
 299 00c7 02       		.byte	0x2
 300 00c8 23       		.byte	0x23
 301 00c9 08       		.uleb128 0x8
 302 00ca 07       		.uleb128 0x7
 303 00cb 7E000000 		.4byte	.LASF15
 304 00cf 04       		.byte	0x4
 305 00d0 0301     		.2byte	0x103
 306 00d2 90000000 		.4byte	0x90
 307 00d6 02       		.byte	0x2
 308 00d7 23       		.byte	0x23
 309 00d8 0C       		.uleb128 0xc
 310 00d9 07       		.uleb128 0x7
 311 00da 85000000 		.4byte	.LASF16
 312 00de 04       		.byte	0x4
 313 00df 0401     		.2byte	0x104
 314 00e1 90000000 		.4byte	0x90
 315 00e5 02       		.byte	0x2
 316 00e6 23       		.byte	0x23
 317 00e7 10       		.uleb128 0x10
 318 00e8 07       		.uleb128 0x7
 319 00e9 14010000 		.4byte	.LASF17
 320 00ed 04       		.byte	0x4
 321 00ee 0501     		.2byte	0x105
 322 00f0 90000000 		.4byte	0x90
 323 00f4 02       		.byte	0x2
 324 00f5 23       		.byte	0x23
 325 00f6 14       		.uleb128 0x14
 326 00f7 07       		.uleb128 0x7
 327 00f8 EF000000 		.4byte	.LASF18
 328 00fc 04       		.byte	0x4
 329 00fd 0601     		.2byte	0x106
 330 00ff 90000000 		.4byte	0x90
 331 0103 02       		.byte	0x2
 332 0104 23       		.byte	0x23
 333 0105 18       		.uleb128 0x18
 334 0106 07       		.uleb128 0x7
 335 0107 3D000000 		.4byte	.LASF19
ARM GAS  /var/folders/5n/p_75w94d66l9ssrldxqdhh700000gn/T//ccFtIrKJ.s 			page 7


 336 010b 04       		.byte	0x4
 337 010c 0701     		.2byte	0x107
 338 010e 90000000 		.4byte	0x90
 339 0112 02       		.byte	0x2
 340 0113 23       		.byte	0x23
 341 0114 1C       		.uleb128 0x1c
 342 0115 00       		.byte	0
 343 0116 08       		.uleb128 0x8
 344 0117 C0010000 		.4byte	.LASF20
 345 011b 04       		.byte	0x4
 346 011c 0801     		.2byte	0x108
 347 011e 95000000 		.4byte	0x95
 348 0122 03       		.uleb128 0x3
 349 0123 01       		.byte	0x1
 350 0124 08       		.byte	0x8
 351 0125 46010000 		.4byte	.LASF21
 352 0129 05       		.uleb128 0x5
 353 012a 53000000 		.4byte	0x53
 354 012e 08       		.uleb128 0x8
 355 012f 3B010000 		.4byte	.LASF22
 356 0133 05       		.byte	0x5
 357 0134 EB05     		.2byte	0x5eb
 358 0136 65000000 		.4byte	0x65
 359 013a 06       		.uleb128 0x6
 360 013b 1C       		.byte	0x1c
 361 013c 06       		.byte	0x6
 362 013d A4       		.byte	0xa4
 363 013e A5010000 		.4byte	0x1a5
 364 0142 09       		.uleb128 0x9
 365 0143 DA010000 		.4byte	.LASF23
 366 0147 06       		.byte	0x6
 367 0148 A6       		.byte	0xa6
 368 0149 65000000 		.4byte	0x65
 369 014d 02       		.byte	0x2
 370 014e 23       		.byte	0x23
 371 014f 00       		.uleb128 0
 372 0150 09       		.uleb128 0x9
 373 0151 70000000 		.4byte	.LASF24
 374 0155 06       		.byte	0x6
 375 0156 A8       		.byte	0xa8
 376 0157 65000000 		.4byte	0x65
 377 015b 02       		.byte	0x2
 378 015c 23       		.byte	0x23
 379 015d 04       		.uleb128 0x4
 380 015e 09       		.uleb128 0x9
 381 015f 89010000 		.4byte	.LASF25
 382 0163 06       		.byte	0x6
 383 0164 AA       		.byte	0xaa
 384 0165 65000000 		.4byte	0x65
 385 0169 02       		.byte	0x2
 386 016a 23       		.byte	0x23
 387 016b 08       		.uleb128 0x8
 388 016c 09       		.uleb128 0x9
 389 016d 22010000 		.4byte	.LASF26
 390 0171 06       		.byte	0x6
 391 0172 AC       		.byte	0xac
 392 0173 65000000 		.4byte	0x65
ARM GAS  /var/folders/5n/p_75w94d66l9ssrldxqdhh700000gn/T//ccFtIrKJ.s 			page 8


 393 0177 02       		.byte	0x2
 394 0178 23       		.byte	0x23
 395 0179 0C       		.uleb128 0xc
 396 017a 0A       		.uleb128 0xa
 397 017b 6F647200 		.ascii	"odr\000"
 398 017f 06       		.byte	0x6
 399 0180 AE       		.byte	0xae
 400 0181 65000000 		.4byte	0x65
 401 0185 02       		.byte	0x2
 402 0186 23       		.byte	0x23
 403 0187 10       		.uleb128 0x10
 404 0188 09       		.uleb128 0x9
 405 0189 36010000 		.4byte	.LASF27
 406 018d 06       		.byte	0x6
 407 018e B0       		.byte	0xb0
 408 018f 65000000 		.4byte	0x65
 409 0193 02       		.byte	0x2
 410 0194 23       		.byte	0x23
 411 0195 14       		.uleb128 0x14
 412 0196 09       		.uleb128 0x9
 413 0197 D6000000 		.4byte	.LASF28
 414 019b 06       		.byte	0x6
 415 019c B2       		.byte	0xb2
 416 019d 65000000 		.4byte	0x65
 417 01a1 02       		.byte	0x2
 418 01a2 23       		.byte	0x23
 419 01a3 18       		.uleb128 0x18
 420 01a4 00       		.byte	0
 421 01a5 04       		.uleb128 0x4
 422 01a6 AA000000 		.4byte	.LASF29
 423 01aa 06       		.byte	0x6
 424 01ab B3       		.byte	0xb3
 425 01ac 3A010000 		.4byte	0x13a
 426 01b0 06       		.uleb128 0x6
 427 01b1 FC       		.byte	0xfc
 428 01b2 06       		.byte	0x6
 429 01b3 BC       		.byte	0xbc
 430 01b4 3B020000 		.4byte	0x23b
 431 01b8 09       		.uleb128 0x9
 432 01b9 BD000000 		.4byte	.LASF30
 433 01bd 06       		.byte	0x6
 434 01be BE       		.byte	0xbe
 435 01bf A5010000 		.4byte	0x1a5
 436 01c3 02       		.byte	0x2
 437 01c4 23       		.byte	0x23
 438 01c5 00       		.uleb128 0
 439 01c6 09       		.uleb128 0x9
 440 01c7 2F010000 		.4byte	.LASF31
 441 01cb 06       		.byte	0x6
 442 01cc C0       		.byte	0xc0
 443 01cd A5010000 		.4byte	0x1a5
 444 01d1 02       		.byte	0x2
 445 01d2 23       		.byte	0x23
 446 01d3 1C       		.uleb128 0x1c
 447 01d4 09       		.uleb128 0x9
 448 01d5 B9010000 		.4byte	.LASF32
 449 01d9 06       		.byte	0x6
ARM GAS  /var/folders/5n/p_75w94d66l9ssrldxqdhh700000gn/T//ccFtIrKJ.s 			page 9


 450 01da C2       		.byte	0xc2
 451 01db A5010000 		.4byte	0x1a5
 452 01df 02       		.byte	0x2
 453 01e0 23       		.byte	0x23
 454 01e1 38       		.uleb128 0x38
 455 01e2 09       		.uleb128 0x9
 456 01e3 14000000 		.4byte	.LASF33
 457 01e7 06       		.byte	0x6
 458 01e8 C4       		.byte	0xc4
 459 01e9 A5010000 		.4byte	0x1a5
 460 01ed 02       		.byte	0x2
 461 01ee 23       		.byte	0x23
 462 01ef 54       		.uleb128 0x54
 463 01f0 09       		.uleb128 0x9
 464 01f1 95000000 		.4byte	.LASF34
 465 01f5 06       		.byte	0x6
 466 01f6 C7       		.byte	0xc7
 467 01f7 A5010000 		.4byte	0x1a5
 468 01fb 02       		.byte	0x2
 469 01fc 23       		.byte	0x23
 470 01fd 70       		.uleb128 0x70
 471 01fe 09       		.uleb128 0x9
 472 01ff 28010000 		.4byte	.LASF35
 473 0203 06       		.byte	0x6
 474 0204 CB       		.byte	0xcb
 475 0205 A5010000 		.4byte	0x1a5
 476 0209 03       		.byte	0x3
 477 020a 23       		.byte	0x23
 478 020b 8C01     		.uleb128 0x8c
 479 020d 09       		.uleb128 0x9
 480 020e 99010000 		.4byte	.LASF36
 481 0212 06       		.byte	0x6
 482 0213 CF       		.byte	0xcf
 483 0214 A5010000 		.4byte	0x1a5
 484 0218 03       		.byte	0x3
 485 0219 23       		.byte	0x23
 486 021a A801     		.uleb128 0xa8
 487 021c 09       		.uleb128 0x9
 488 021d 7A010000 		.4byte	.LASF37
 489 0221 06       		.byte	0x6
 490 0222 D3       		.byte	0xd3
 491 0223 A5010000 		.4byte	0x1a5
 492 0227 03       		.byte	0x3
 493 0228 23       		.byte	0x23
 494 0229 C401     		.uleb128 0xc4
 495 022b 09       		.uleb128 0x9
 496 022c 8E000000 		.4byte	.LASF38
 497 0230 06       		.byte	0x6
 498 0231 D7       		.byte	0xd7
 499 0232 A5010000 		.4byte	0x1a5
 500 0236 03       		.byte	0x3
 501 0237 23       		.byte	0x23
 502 0238 E001     		.uleb128 0xe0
 503 023a 00       		.byte	0
 504 023b 04       		.uleb128 0x4
 505 023c F7000000 		.4byte	.LASF39
 506 0240 06       		.byte	0x6
ARM GAS  /var/folders/5n/p_75w94d66l9ssrldxqdhh700000gn/T//ccFtIrKJ.s 			page 10


 507 0241 D9       		.byte	0xd9
 508 0242 B0010000 		.4byte	0x1b0
 509 0246 0B       		.uleb128 0xb
 510 0247 01       		.byte	0x1
 511 0248 67010000 		.4byte	.LASF47
 512 024c 01       		.byte	0x1
 513 024d A7       		.byte	0xa7
 514 024e 01       		.byte	0x1
 515 024f 85000000 		.4byte	0x85
 516 0253 01       		.byte	0x1
 517 0254 7A020000 		.4byte	0x27a
 518 0258 0C       		.uleb128 0xc
 519 0259 42000000 		.4byte	.LASF40
 520 025d 01       		.byte	0x1
 521 025e A7       		.byte	0xa7
 522 025f 2E010000 		.4byte	0x12e
 523 0263 0D       		.uleb128 0xd
 524 0264 656E6400 		.ascii	"end\000"
 525 0268 01       		.byte	0x1
 526 0269 A7       		.byte	0xa7
 527 026a 2E010000 		.4byte	0x12e
 528 026e 0E       		.uleb128 0xe
 529 026f 6E6F7700 		.ascii	"now\000"
 530 0273 01       		.byte	0x1
 531 0274 A8       		.byte	0xa8
 532 0275 2E010000 		.4byte	0x12e
 533 0279 00       		.byte	0
 534 027a 0F       		.uleb128 0xf
 535 027b 01       		.byte	0x1
 536 027c 5B000000 		.4byte	.LASF48
 537 0280 01       		.byte	0x1
 538 0281 3D       		.byte	0x3d
 539 0282 01       		.byte	0x1
 540 0283 00000000 		.4byte	.LFB118
 541 0287 26000000 		.4byte	.LFE118
 542 028b 00000000 		.4byte	.LLST0
 543 028f 10       		.uleb128 0x10
 544 0290 46020000 		.4byte	0x246
 545 0294 00000000 		.4byte	.LFB119
 546 0298 34000000 		.4byte	.LFE119
 547 029c 02       		.byte	0x2
 548 029d 7D       		.byte	0x7d
 549 029e 00       		.sleb128 0
 550 029f BB020000 		.4byte	0x2bb
 551 02a3 11       		.uleb128 0x11
 552 02a4 58020000 		.4byte	0x258
 553 02a8 20000000 		.4byte	.LLST1
 554 02ac 12       		.uleb128 0x12
 555 02ad 63020000 		.4byte	0x263
 556 02b1 01       		.byte	0x1
 557 02b2 51       		.byte	0x51
 558 02b3 13       		.uleb128 0x13
 559 02b4 6E020000 		.4byte	0x26e
 560 02b8 01       		.byte	0x1
 561 02b9 53       		.byte	0x53
 562 02ba 00       		.byte	0
 563 02bb 14       		.uleb128 0x14
ARM GAS  /var/folders/5n/p_75w94d66l9ssrldxqdhh700000gn/T//ccFtIrKJ.s 			page 11


 564 02bc 01       		.byte	0x1
 565 02bd A0010000 		.4byte	.LASF49
 566 02c1 01       		.byte	0x1
 567 02c2 BA       		.byte	0xba
 568 02c3 01       		.byte	0x1
 569 02c4 00000000 		.4byte	.LFB120
 570 02c8 42000000 		.4byte	.LFE120
 571 02cc 49000000 		.4byte	.LLST2
 572 02d0 29030000 		.4byte	0x329
 573 02d4 15       		.uleb128 0x15
 574 02d5 0E000000 		.4byte	.LASF50
 575 02d9 01       		.byte	0x1
 576 02da BA       		.byte	0xba
 577 02db 2E010000 		.4byte	0x12e
 578 02df 69000000 		.4byte	.LLST3
 579 02e3 16       		.uleb128 0x16
 580 02e4 42000000 		.4byte	.LASF40
 581 02e8 01       		.byte	0x1
 582 02e9 BB       		.byte	0xbb
 583 02ea 2E010000 		.4byte	0x12e
 584 02ee 01       		.byte	0x1
 585 02ef 53       		.byte	0x53
 586 02f0 16       		.uleb128 0x16
 587 02f1 91010000 		.4byte	.LASF41
 588 02f5 01       		.byte	0x1
 589 02f6 BC       		.byte	0xbc
 590 02f7 2E010000 		.4byte	0x12e
 591 02fb 01       		.byte	0x1
 592 02fc 50       		.byte	0x50
 593 02fd 17       		.uleb128 0x17
 594 02fe 46020000 		.4byte	0x246
 595 0302 0A000000 		.4byte	.LBB4
 596 0306 00000000 		.4byte	.Ldebug_ranges0+0
 597 030a 01       		.byte	0x1
 598 030b BD       		.byte	0xbd
 599 030c 12       		.uleb128 0x12
 600 030d 63020000 		.4byte	0x263
 601 0311 01       		.byte	0x1
 602 0312 50       		.byte	0x50
 603 0313 12       		.uleb128 0x12
 604 0314 58020000 		.4byte	0x258
 605 0318 01       		.byte	0x1
 606 0319 53       		.byte	0x53
 607 031a 18       		.uleb128 0x18
 608 031b 20000000 		.4byte	.Ldebug_ranges0+0x20
 609 031f 13       		.uleb128 0x13
 610 0320 6E020000 		.4byte	0x26e
 611 0324 01       		.byte	0x1
 612 0325 51       		.byte	0x51
 613 0326 00       		.byte	0
 614 0327 00       		.byte	0
 615 0328 00       		.byte	0
 616 0329 19       		.uleb128 0x19
 617 032a E2000000 		.4byte	.LASF42
 618 032e 07       		.byte	0x7
 619 032f 9806     		.2byte	0x698
 620 0331 29010000 		.4byte	0x129
ARM GAS  /var/folders/5n/p_75w94d66l9ssrldxqdhh700000gn/T//ccFtIrKJ.s 			page 12


 621 0335 01       		.byte	0x1
 622 0336 01       		.byte	0x1
 623 0337 19       		.uleb128 0x19
 624 0338 01010000 		.4byte	.LASF43
 625 033c 06       		.byte	0x6
 626 033d B501     		.2byte	0x1b5
 627 033f 45030000 		.4byte	0x345
 628 0343 01       		.byte	0x1
 629 0344 01       		.byte	0x1
 630 0345 1A       		.uleb128 0x1a
 631 0346 3B020000 		.4byte	0x23b
 632 034a 19       		.uleb128 0x19
 633 034b E2000000 		.4byte	.LASF42
 634 034f 07       		.byte	0x7
 635 0350 9806     		.2byte	0x698
 636 0352 29010000 		.4byte	0x129
 637 0356 01       		.byte	0x1
 638 0357 01       		.byte	0x1
 639 0358 19       		.uleb128 0x19
 640 0359 01010000 		.4byte	.LASF43
 641 035d 06       		.byte	0x6
 642 035e B501     		.2byte	0x1b5
 643 0360 45030000 		.4byte	0x345
 644 0364 01       		.byte	0x1
 645 0365 01       		.byte	0x1
 646 0366 00       		.byte	0
 647              		.section	.debug_abbrev,"",%progbits
 648              	.Ldebug_abbrev0:
 649 0000 01       		.uleb128 0x1
 650 0001 11       		.uleb128 0x11
 651 0002 01       		.byte	0x1
 652 0003 25       		.uleb128 0x25
 653 0004 0E       		.uleb128 0xe
 654 0005 13       		.uleb128 0x13
 655 0006 0B       		.uleb128 0xb
 656 0007 03       		.uleb128 0x3
 657 0008 0E       		.uleb128 0xe
 658 0009 1B       		.uleb128 0x1b
 659 000a 0E       		.uleb128 0xe
 660 000b 11       		.uleb128 0x11
 661 000c 01       		.uleb128 0x1
 662 000d 52       		.uleb128 0x52
 663 000e 01       		.uleb128 0x1
 664 000f 55       		.uleb128 0x55
 665 0010 06       		.uleb128 0x6
 666 0011 10       		.uleb128 0x10
 667 0012 06       		.uleb128 0x6
 668 0013 00       		.byte	0
 669 0014 00       		.byte	0
 670 0015 02       		.uleb128 0x2
 671 0016 24       		.uleb128 0x24
 672 0017 00       		.byte	0
 673 0018 0B       		.uleb128 0xb
 674 0019 0B       		.uleb128 0xb
 675 001a 3E       		.uleb128 0x3e
 676 001b 0B       		.uleb128 0xb
 677 001c 03       		.uleb128 0x3
ARM GAS  /var/folders/5n/p_75w94d66l9ssrldxqdhh700000gn/T//ccFtIrKJ.s 			page 13


 678 001d 08       		.uleb128 0x8
 679 001e 00       		.byte	0
 680 001f 00       		.byte	0
 681 0020 03       		.uleb128 0x3
 682 0021 24       		.uleb128 0x24
 683 0022 00       		.byte	0
 684 0023 0B       		.uleb128 0xb
 685 0024 0B       		.uleb128 0xb
 686 0025 3E       		.uleb128 0x3e
 687 0026 0B       		.uleb128 0xb
 688 0027 03       		.uleb128 0x3
 689 0028 0E       		.uleb128 0xe
 690 0029 00       		.byte	0
 691 002a 00       		.byte	0
 692 002b 04       		.uleb128 0x4
 693 002c 16       		.uleb128 0x16
 694 002d 00       		.byte	0
 695 002e 03       		.uleb128 0x3
 696 002f 0E       		.uleb128 0xe
 697 0030 3A       		.uleb128 0x3a
 698 0031 0B       		.uleb128 0xb
 699 0032 3B       		.uleb128 0x3b
 700 0033 0B       		.uleb128 0xb
 701 0034 49       		.uleb128 0x49
 702 0035 13       		.uleb128 0x13
 703 0036 00       		.byte	0
 704 0037 00       		.byte	0
 705 0038 05       		.uleb128 0x5
 706 0039 35       		.uleb128 0x35
 707 003a 00       		.byte	0
 708 003b 49       		.uleb128 0x49
 709 003c 13       		.uleb128 0x13
 710 003d 00       		.byte	0
 711 003e 00       		.byte	0
 712 003f 06       		.uleb128 0x6
 713 0040 13       		.uleb128 0x13
 714 0041 01       		.byte	0x1
 715 0042 0B       		.uleb128 0xb
 716 0043 0B       		.uleb128 0xb
 717 0044 3A       		.uleb128 0x3a
 718 0045 0B       		.uleb128 0xb
 719 0046 3B       		.uleb128 0x3b
 720 0047 0B       		.uleb128 0xb
 721 0048 01       		.uleb128 0x1
 722 0049 13       		.uleb128 0x13
 723 004a 00       		.byte	0
 724 004b 00       		.byte	0
 725 004c 07       		.uleb128 0x7
 726 004d 0D       		.uleb128 0xd
 727 004e 00       		.byte	0
 728 004f 03       		.uleb128 0x3
 729 0050 0E       		.uleb128 0xe
 730 0051 3A       		.uleb128 0x3a
 731 0052 0B       		.uleb128 0xb
 732 0053 3B       		.uleb128 0x3b
 733 0054 05       		.uleb128 0x5
 734 0055 49       		.uleb128 0x49
ARM GAS  /var/folders/5n/p_75w94d66l9ssrldxqdhh700000gn/T//ccFtIrKJ.s 			page 14


 735 0056 13       		.uleb128 0x13
 736 0057 38       		.uleb128 0x38
 737 0058 0A       		.uleb128 0xa
 738 0059 00       		.byte	0
 739 005a 00       		.byte	0
 740 005b 08       		.uleb128 0x8
 741 005c 16       		.uleb128 0x16
 742 005d 00       		.byte	0
 743 005e 03       		.uleb128 0x3
 744 005f 0E       		.uleb128 0xe
 745 0060 3A       		.uleb128 0x3a
 746 0061 0B       		.uleb128 0xb
 747 0062 3B       		.uleb128 0x3b
 748 0063 05       		.uleb128 0x5
 749 0064 49       		.uleb128 0x49
 750 0065 13       		.uleb128 0x13
 751 0066 00       		.byte	0
 752 0067 00       		.byte	0
 753 0068 09       		.uleb128 0x9
 754 0069 0D       		.uleb128 0xd
 755 006a 00       		.byte	0
 756 006b 03       		.uleb128 0x3
 757 006c 0E       		.uleb128 0xe
 758 006d 3A       		.uleb128 0x3a
 759 006e 0B       		.uleb128 0xb
 760 006f 3B       		.uleb128 0x3b
 761 0070 0B       		.uleb128 0xb
 762 0071 49       		.uleb128 0x49
 763 0072 13       		.uleb128 0x13
 764 0073 38       		.uleb128 0x38
 765 0074 0A       		.uleb128 0xa
 766 0075 00       		.byte	0
 767 0076 00       		.byte	0
 768 0077 0A       		.uleb128 0xa
 769 0078 0D       		.uleb128 0xd
 770 0079 00       		.byte	0
 771 007a 03       		.uleb128 0x3
 772 007b 08       		.uleb128 0x8
 773 007c 3A       		.uleb128 0x3a
 774 007d 0B       		.uleb128 0xb
 775 007e 3B       		.uleb128 0x3b
 776 007f 0B       		.uleb128 0xb
 777 0080 49       		.uleb128 0x49
 778 0081 13       		.uleb128 0x13
 779 0082 38       		.uleb128 0x38
 780 0083 0A       		.uleb128 0xa
 781 0084 00       		.byte	0
 782 0085 00       		.byte	0
 783 0086 0B       		.uleb128 0xb
 784 0087 2E       		.uleb128 0x2e
 785 0088 01       		.byte	0x1
 786 0089 3F       		.uleb128 0x3f
 787 008a 0C       		.uleb128 0xc
 788 008b 03       		.uleb128 0x3
 789 008c 0E       		.uleb128 0xe
 790 008d 3A       		.uleb128 0x3a
 791 008e 0B       		.uleb128 0xb
ARM GAS  /var/folders/5n/p_75w94d66l9ssrldxqdhh700000gn/T//ccFtIrKJ.s 			page 15


 792 008f 3B       		.uleb128 0x3b
 793 0090 0B       		.uleb128 0xb
 794 0091 27       		.uleb128 0x27
 795 0092 0C       		.uleb128 0xc
 796 0093 49       		.uleb128 0x49
 797 0094 13       		.uleb128 0x13
 798 0095 20       		.uleb128 0x20
 799 0096 0B       		.uleb128 0xb
 800 0097 01       		.uleb128 0x1
 801 0098 13       		.uleb128 0x13
 802 0099 00       		.byte	0
 803 009a 00       		.byte	0
 804 009b 0C       		.uleb128 0xc
 805 009c 05       		.uleb128 0x5
 806 009d 00       		.byte	0
 807 009e 03       		.uleb128 0x3
 808 009f 0E       		.uleb128 0xe
 809 00a0 3A       		.uleb128 0x3a
 810 00a1 0B       		.uleb128 0xb
 811 00a2 3B       		.uleb128 0x3b
 812 00a3 0B       		.uleb128 0xb
 813 00a4 49       		.uleb128 0x49
 814 00a5 13       		.uleb128 0x13
 815 00a6 00       		.byte	0
 816 00a7 00       		.byte	0
 817 00a8 0D       		.uleb128 0xd
 818 00a9 05       		.uleb128 0x5
 819 00aa 00       		.byte	0
 820 00ab 03       		.uleb128 0x3
 821 00ac 08       		.uleb128 0x8
 822 00ad 3A       		.uleb128 0x3a
 823 00ae 0B       		.uleb128 0xb
 824 00af 3B       		.uleb128 0x3b
 825 00b0 0B       		.uleb128 0xb
 826 00b1 49       		.uleb128 0x49
 827 00b2 13       		.uleb128 0x13
 828 00b3 00       		.byte	0
 829 00b4 00       		.byte	0
 830 00b5 0E       		.uleb128 0xe
 831 00b6 34       		.uleb128 0x34
 832 00b7 00       		.byte	0
 833 00b8 03       		.uleb128 0x3
 834 00b9 08       		.uleb128 0x8
 835 00ba 3A       		.uleb128 0x3a
 836 00bb 0B       		.uleb128 0xb
 837 00bc 3B       		.uleb128 0x3b
 838 00bd 0B       		.uleb128 0xb
 839 00be 49       		.uleb128 0x49
 840 00bf 13       		.uleb128 0x13
 841 00c0 00       		.byte	0
 842 00c1 00       		.byte	0
 843 00c2 0F       		.uleb128 0xf
 844 00c3 2E       		.uleb128 0x2e
 845 00c4 00       		.byte	0
 846 00c5 3F       		.uleb128 0x3f
 847 00c6 0C       		.uleb128 0xc
 848 00c7 03       		.uleb128 0x3
ARM GAS  /var/folders/5n/p_75w94d66l9ssrldxqdhh700000gn/T//ccFtIrKJ.s 			page 16


 849 00c8 0E       		.uleb128 0xe
 850 00c9 3A       		.uleb128 0x3a
 851 00ca 0B       		.uleb128 0xb
 852 00cb 3B       		.uleb128 0x3b
 853 00cc 0B       		.uleb128 0xb
 854 00cd 27       		.uleb128 0x27
 855 00ce 0C       		.uleb128 0xc
 856 00cf 11       		.uleb128 0x11
 857 00d0 01       		.uleb128 0x1
 858 00d1 12       		.uleb128 0x12
 859 00d2 01       		.uleb128 0x1
 860 00d3 40       		.uleb128 0x40
 861 00d4 06       		.uleb128 0x6
 862 00d5 00       		.byte	0
 863 00d6 00       		.byte	0
 864 00d7 10       		.uleb128 0x10
 865 00d8 2E       		.uleb128 0x2e
 866 00d9 01       		.byte	0x1
 867 00da 31       		.uleb128 0x31
 868 00db 13       		.uleb128 0x13
 869 00dc 11       		.uleb128 0x11
 870 00dd 01       		.uleb128 0x1
 871 00de 12       		.uleb128 0x12
 872 00df 01       		.uleb128 0x1
 873 00e0 40       		.uleb128 0x40
 874 00e1 0A       		.uleb128 0xa
 875 00e2 01       		.uleb128 0x1
 876 00e3 13       		.uleb128 0x13
 877 00e4 00       		.byte	0
 878 00e5 00       		.byte	0
 879 00e6 11       		.uleb128 0x11
 880 00e7 05       		.uleb128 0x5
 881 00e8 00       		.byte	0
 882 00e9 31       		.uleb128 0x31
 883 00ea 13       		.uleb128 0x13
 884 00eb 02       		.uleb128 0x2
 885 00ec 06       		.uleb128 0x6
 886 00ed 00       		.byte	0
 887 00ee 00       		.byte	0
 888 00ef 12       		.uleb128 0x12
 889 00f0 05       		.uleb128 0x5
 890 00f1 00       		.byte	0
 891 00f2 31       		.uleb128 0x31
 892 00f3 13       		.uleb128 0x13
 893 00f4 02       		.uleb128 0x2
 894 00f5 0A       		.uleb128 0xa
 895 00f6 00       		.byte	0
 896 00f7 00       		.byte	0
 897 00f8 13       		.uleb128 0x13
 898 00f9 34       		.uleb128 0x34
 899 00fa 00       		.byte	0
 900 00fb 31       		.uleb128 0x31
 901 00fc 13       		.uleb128 0x13
 902 00fd 02       		.uleb128 0x2
 903 00fe 0A       		.uleb128 0xa
 904 00ff 00       		.byte	0
 905 0100 00       		.byte	0
ARM GAS  /var/folders/5n/p_75w94d66l9ssrldxqdhh700000gn/T//ccFtIrKJ.s 			page 17


 906 0101 14       		.uleb128 0x14
 907 0102 2E       		.uleb128 0x2e
 908 0103 01       		.byte	0x1
 909 0104 3F       		.uleb128 0x3f
 910 0105 0C       		.uleb128 0xc
 911 0106 03       		.uleb128 0x3
 912 0107 0E       		.uleb128 0xe
 913 0108 3A       		.uleb128 0x3a
 914 0109 0B       		.uleb128 0xb
 915 010a 3B       		.uleb128 0x3b
 916 010b 0B       		.uleb128 0xb
 917 010c 27       		.uleb128 0x27
 918 010d 0C       		.uleb128 0xc
 919 010e 11       		.uleb128 0x11
 920 010f 01       		.uleb128 0x1
 921 0110 12       		.uleb128 0x12
 922 0111 01       		.uleb128 0x1
 923 0112 40       		.uleb128 0x40
 924 0113 06       		.uleb128 0x6
 925 0114 01       		.uleb128 0x1
 926 0115 13       		.uleb128 0x13
 927 0116 00       		.byte	0
 928 0117 00       		.byte	0
 929 0118 15       		.uleb128 0x15
 930 0119 05       		.uleb128 0x5
 931 011a 00       		.byte	0
 932 011b 03       		.uleb128 0x3
 933 011c 0E       		.uleb128 0xe
 934 011d 3A       		.uleb128 0x3a
 935 011e 0B       		.uleb128 0xb
 936 011f 3B       		.uleb128 0x3b
 937 0120 0B       		.uleb128 0xb
 938 0121 49       		.uleb128 0x49
 939 0122 13       		.uleb128 0x13
 940 0123 02       		.uleb128 0x2
 941 0124 06       		.uleb128 0x6
 942 0125 00       		.byte	0
 943 0126 00       		.byte	0
 944 0127 16       		.uleb128 0x16
 945 0128 34       		.uleb128 0x34
 946 0129 00       		.byte	0
 947 012a 03       		.uleb128 0x3
 948 012b 0E       		.uleb128 0xe
 949 012c 3A       		.uleb128 0x3a
 950 012d 0B       		.uleb128 0xb
 951 012e 3B       		.uleb128 0x3b
 952 012f 0B       		.uleb128 0xb
 953 0130 49       		.uleb128 0x49
 954 0131 13       		.uleb128 0x13
 955 0132 02       		.uleb128 0x2
 956 0133 0A       		.uleb128 0xa
 957 0134 00       		.byte	0
 958 0135 00       		.byte	0
 959 0136 17       		.uleb128 0x17
 960 0137 1D       		.uleb128 0x1d
 961 0138 01       		.byte	0x1
 962 0139 31       		.uleb128 0x31
ARM GAS  /var/folders/5n/p_75w94d66l9ssrldxqdhh700000gn/T//ccFtIrKJ.s 			page 18


 963 013a 13       		.uleb128 0x13
 964 013b 52       		.uleb128 0x52
 965 013c 01       		.uleb128 0x1
 966 013d 55       		.uleb128 0x55
 967 013e 06       		.uleb128 0x6
 968 013f 58       		.uleb128 0x58
 969 0140 0B       		.uleb128 0xb
 970 0141 59       		.uleb128 0x59
 971 0142 0B       		.uleb128 0xb
 972 0143 00       		.byte	0
 973 0144 00       		.byte	0
 974 0145 18       		.uleb128 0x18
 975 0146 0B       		.uleb128 0xb
 976 0147 01       		.byte	0x1
 977 0148 55       		.uleb128 0x55
 978 0149 06       		.uleb128 0x6
 979 014a 00       		.byte	0
 980 014b 00       		.byte	0
 981 014c 19       		.uleb128 0x19
 982 014d 34       		.uleb128 0x34
 983 014e 00       		.byte	0
 984 014f 03       		.uleb128 0x3
 985 0150 0E       		.uleb128 0xe
 986 0151 3A       		.uleb128 0x3a
 987 0152 0B       		.uleb128 0xb
 988 0153 3B       		.uleb128 0x3b
 989 0154 05       		.uleb128 0x5
 990 0155 49       		.uleb128 0x49
 991 0156 13       		.uleb128 0x13
 992 0157 3F       		.uleb128 0x3f
 993 0158 0C       		.uleb128 0xc
 994 0159 3C       		.uleb128 0x3c
 995 015a 0C       		.uleb128 0xc
 996 015b 00       		.byte	0
 997 015c 00       		.byte	0
 998 015d 1A       		.uleb128 0x1a
 999 015e 26       		.uleb128 0x26
 1000 015f 00       		.byte	0
 1001 0160 49       		.uleb128 0x49
 1002 0161 13       		.uleb128 0x13
 1003 0162 00       		.byte	0
 1004 0163 00       		.byte	0
 1005 0164 00       		.byte	0
 1006              		.section	.debug_loc,"",%progbits
 1007              	.Ldebug_loc0:
 1008              	.LLST0:
 1009 0000 00000000 		.4byte	.LFB118
 1010 0004 02000000 		.4byte	.LCFI0
 1011 0008 0200     		.2byte	0x2
 1012 000a 7D       		.byte	0x7d
 1013 000b 00       		.sleb128 0
 1014 000c 02000000 		.4byte	.LCFI0
 1015 0010 26000000 		.4byte	.LFE118
 1016 0014 0200     		.2byte	0x2
 1017 0016 7D       		.byte	0x7d
 1018 0017 08       		.sleb128 8
 1019 0018 00000000 		.4byte	0
ARM GAS  /var/folders/5n/p_75w94d66l9ssrldxqdhh700000gn/T//ccFtIrKJ.s 			page 19


 1020 001c 00000000 		.4byte	0
 1021              	.LLST1:
 1022 0020 00000000 		.4byte	.LVL0
 1023 0024 22000000 		.4byte	.LVL2
 1024 0028 0100     		.2byte	0x1
 1025 002a 50       		.byte	0x50
 1026 002b 24000000 		.4byte	.LVL3
 1027 002f 2A000000 		.4byte	.LVL4
 1028 0033 0100     		.2byte	0x1
 1029 0035 50       		.byte	0x50
 1030 0036 2A000000 		.4byte	.LVL4
 1031 003a 34000000 		.4byte	.LFE119
 1032 003e 0100     		.2byte	0x1
 1033 0040 52       		.byte	0x52
 1034 0041 00000000 		.4byte	0
 1035 0045 00000000 		.4byte	0
 1036              	.LLST2:
 1037 0049 00000000 		.4byte	.LFB120
 1038 004d 0A000000 		.4byte	.LCFI1
 1039 0051 0200     		.2byte	0x2
 1040 0053 7D       		.byte	0x7d
 1041 0054 00       		.sleb128 0
 1042 0055 0A000000 		.4byte	.LCFI1
 1043 0059 42000000 		.4byte	.LFE120
 1044 005d 0200     		.2byte	0x2
 1045 005f 7D       		.byte	0x7d
 1046 0060 04       		.sleb128 4
 1047 0061 00000000 		.4byte	0
 1048 0065 00000000 		.4byte	0
 1049              	.LLST3:
 1050 0069 00000000 		.4byte	.LVL5
 1051 006d 10000000 		.4byte	.LVL7
 1052 0071 0100     		.2byte	0x1
 1053 0073 50       		.byte	0x50
 1054 0074 00000000 		.4byte	0
 1055 0078 00000000 		.4byte	0
 1056              		.section	.debug_aranges,"",%progbits
 1057 0000 2C000000 		.4byte	0x2c
 1058 0004 0200     		.2byte	0x2
 1059 0006 00000000 		.4byte	.Ldebug_info0
 1060 000a 04       		.byte	0x4
 1061 000b 00       		.byte	0
 1062 000c 0000     		.2byte	0
 1063 000e 0000     		.2byte	0
 1064 0010 00000000 		.4byte	.LFB118
 1065 0014 26000000 		.4byte	.LFE118-.LFB118
 1066 0018 00000000 		.4byte	.LFB119
 1067 001c 34000000 		.4byte	.LFE119-.LFB119
 1068 0020 00000000 		.4byte	.LFB120
 1069 0024 42000000 		.4byte	.LFE120-.LFB120
 1070 0028 00000000 		.4byte	0
 1071 002c 00000000 		.4byte	0
 1072              		.section	.debug_ranges,"",%progbits
 1073              	.Ldebug_ranges0:
 1074 0000 0A000000 		.4byte	.LBB4
 1075 0004 0C000000 		.4byte	.LBE4
 1076 0008 10000000 		.4byte	.LBB8
ARM GAS  /var/folders/5n/p_75w94d66l9ssrldxqdhh700000gn/T//ccFtIrKJ.s 			page 20


 1077 000c 24000000 		.4byte	.LBE8
 1078 0010 2C000000 		.4byte	.LBB9
 1079 0014 3C000000 		.4byte	.LBE9
 1080 0018 00000000 		.4byte	0
 1081 001c 00000000 		.4byte	0
 1082 0020 0A000000 		.4byte	.LBB5
 1083 0024 0C000000 		.4byte	.LBE5
 1084 0028 10000000 		.4byte	.LBB6
 1085 002c 24000000 		.4byte	.LBE6
 1086 0030 2C000000 		.4byte	.LBB7
 1087 0034 3C000000 		.4byte	.LBE7
 1088 0038 00000000 		.4byte	0
 1089 003c 00000000 		.4byte	0
 1090 0040 00000000 		.4byte	.LFB118
 1091 0044 26000000 		.4byte	.LFE118
 1092 0048 00000000 		.4byte	.LFB119
 1093 004c 34000000 		.4byte	.LFE119
 1094 0050 00000000 		.4byte	.LFB120
 1095 0054 42000000 		.4byte	.LFE120
 1096 0058 00000000 		.4byte	0
 1097 005c 00000000 		.4byte	0
 1098              		.section	.debug_line,"",%progbits
 1099              	.Ldebug_line0:
 1100 0000 F0010000 		.section	.debug_str,"MS",%progbits,1
 1100      02006F01 
 1100      00000201 
 1100      FB0E0D00 
 1100      01010101 
 1101              	.LASF9:
 1102 0000 6C6F6E67 		.ascii	"long long int\000"
 1102      206C6F6E 
 1102      6720696E 
 1102      7400
 1103              	.LASF50:
 1104 000e 7469636B 		.ascii	"ticks\000"
 1104      7300
 1105              	.LASF33:
 1106 0014 50444461 		.ascii	"PDData\000"
 1106      746100
 1107              	.LASF44:
 1108 001b 474E5520 		.ascii	"GNU C 4.6.2 20111004 (prerelease)\000"
 1108      4320342E 
 1108      362E3220 
 1108      32303131 
 1108      31303034 
 1109              	.LASF19:
 1110 003d 50435352 		.ascii	"PCSR\000"
 1110      00
 1111              	.LASF40:
 1112 0042 73746172 		.ascii	"start\000"
 1112      7400
 1113              	.LASF4:
 1114 0048 73686F72 		.ascii	"short unsigned int\000"
 1114      7420756E 
 1114      7369676E 
 1114      65642069 
 1114      6E7400
ARM GAS  /var/folders/5n/p_75w94d66l9ssrldxqdhh700000gn/T//ccFtIrKJ.s 			page 21


 1115              	.LASF48:
 1116 005b 68616C49 		.ascii	"halInit\000"
 1116      6E697400 
 1117              	.LASF0:
 1118 0063 756E7369 		.ascii	"unsigned int\000"
 1118      676E6564 
 1118      20696E74 
 1118      00
 1119              	.LASF24:
 1120 0070 6F747970 		.ascii	"otyper\000"
 1120      657200
 1121              	.LASF11:
 1122 0077 626F6F6C 		.ascii	"bool_t\000"
 1122      5F7400
 1123              	.LASF15:
 1124 007e 45584343 		.ascii	"EXCCNT\000"
 1124      4E5400
 1125              	.LASF16:
 1126 0085 534C4545 		.ascii	"SLEEPCNT\000"
 1126      50434E54 
 1126      00
 1127              	.LASF38:
 1128 008e 50494461 		.ascii	"PIData\000"
 1128      746100
 1129              	.LASF34:
 1130 0095 50454461 		.ascii	"PEData\000"
 1130      746100
 1131              	.LASF2:
 1132 009c 756E7369 		.ascii	"unsigned char\000"
 1132      676E6564 
 1132      20636861 
 1132      7200
 1133              	.LASF29:
 1134 00aa 73746D33 		.ascii	"stm32_gpio_setup_t\000"
 1134      325F6770 
 1134      696F5F73 
 1134      65747570 
 1134      5F7400
 1135              	.LASF30:
 1136 00bd 50414461 		.ascii	"PAData\000"
 1136      746100
 1137              	.LASF8:
 1138 00c4 6C6F6E67 		.ascii	"long unsigned int\000"
 1138      20756E73 
 1138      69676E65 
 1138      6420696E 
 1138      7400
 1139              	.LASF28:
 1140 00d6 61667268 		.ascii	"afrh\000"
 1140      00
 1141              	.LASF14:
 1142 00db 43504943 		.ascii	"CPICNT\000"
 1142      4E5400
 1143              	.LASF42:
 1144 00e2 49544D5F 		.ascii	"ITM_RxBuffer\000"
 1144      52784275 
 1144      66666572 
ARM GAS  /var/folders/5n/p_75w94d66l9ssrldxqdhh700000gn/T//ccFtIrKJ.s 			page 22


 1144      00
 1145              	.LASF18:
 1146 00ef 464F4C44 		.ascii	"FOLDCNT\000"
 1146      434E5400 
 1147              	.LASF39:
 1148 00f7 50414C43 		.ascii	"PALConfig\000"
 1148      6F6E6669 
 1148      6700
 1149              	.LASF43:
 1150 0101 70616C5F 		.ascii	"pal_default_config\000"
 1150      64656661 
 1150      756C745F 
 1150      636F6E66 
 1150      696700
 1151              	.LASF17:
 1152 0114 4C535543 		.ascii	"LSUCNT\000"
 1152      4E5400
 1153              	.LASF13:
 1154 011b 43594343 		.ascii	"CYCCNT\000"
 1154      4E5400
 1155              	.LASF26:
 1156 0122 70757064 		.ascii	"pupdr\000"
 1156      7200
 1157              	.LASF35:
 1158 0128 50464461 		.ascii	"PFData\000"
 1158      746100
 1159              	.LASF31:
 1160 012f 50424461 		.ascii	"PBData\000"
 1160      746100
 1161              	.LASF27:
 1162 0136 6166726C 		.ascii	"afrl\000"
 1162      00
 1163              	.LASF22:
 1164 013b 68616C72 		.ascii	"halrtcnt_t\000"
 1164      74636E74 
 1164      5F7400
 1165              	.LASF21:
 1166 0146 63686172 		.ascii	"char\000"
 1166      00
 1167              	.LASF45:
 1168 014b 2E2E2F2E 		.ascii	"../../os/hal/src/hal.c\000"
 1168      2E2F6F73 
 1168      2F68616C 
 1168      2F737263 
 1168      2F68616C 
 1169              	.LASF12:
 1170 0162 4354524C 		.ascii	"CTRL\000"
 1170      00
 1171              	.LASF47:
 1172 0167 68616C49 		.ascii	"halIsCounterWithin\000"
 1172      73436F75 
 1172      6E746572 
 1172      57697468 
 1172      696E00
 1173              	.LASF37:
 1174 017a 50484461 		.ascii	"PHData\000"
 1174      746100
ARM GAS  /var/folders/5n/p_75w94d66l9ssrldxqdhh700000gn/T//ccFtIrKJ.s 			page 23


 1175              	.LASF6:
 1176 0181 696E7433 		.ascii	"int32_t\000"
 1176      325F7400 
 1177              	.LASF25:
 1178 0189 6F737065 		.ascii	"ospeedr\000"
 1178      65647200 
 1179              	.LASF41:
 1180 0191 74696D65 		.ascii	"timeout\000"
 1180      6F757400 
 1181              	.LASF36:
 1182 0199 50474461 		.ascii	"PGData\000"
 1182      746100
 1183              	.LASF49:
 1184 01a0 68616C50 		.ascii	"halPolledDelay\000"
 1184      6F6C6C65 
 1184      6444656C 
 1184      617900
 1185              	.LASF3:
 1186 01af 73686F72 		.ascii	"short int\000"
 1186      7420696E 
 1186      7400
 1187              	.LASF32:
 1188 01b9 50434461 		.ascii	"PCData\000"
 1188      746100
 1189              	.LASF20:
 1190 01c0 434D785F 		.ascii	"CMx_DWT\000"
 1190      44575400 
 1191              	.LASF7:
 1192 01c8 75696E74 		.ascii	"uint32_t\000"
 1192      33325F74 
 1192      00
 1193              	.LASF5:
 1194 01d1 6C6F6E67 		.ascii	"long int\000"
 1194      20696E74 
 1194      00
 1195              	.LASF23:
 1196 01da 6D6F6465 		.ascii	"moder\000"
 1196      7200
 1197              	.LASF1:
 1198 01e0 7369676E 		.ascii	"signed char\000"
 1198      65642063 
 1198      68617200 
 1199              	.LASF46:
 1200 01ec 2F557365 		.ascii	"/Users/sin/Documents/Eclipse/Workspace/mabl-ChibiOS"
 1200      72732F73 
 1200      696E2F44 
 1200      6F63756D 
 1200      656E7473 
 1201 021f 2D322E35 		.ascii	"-2.5.1/demos/ARMCM4-STM32F407-LWIP\000"
 1201      2E312F64 
 1201      656D6F73 
 1201      2F41524D 
 1201      434D342D 
 1202              	.LASF10:
 1203 0242 6C6F6E67 		.ascii	"long long unsigned int\000"
 1203      206C6F6E 
 1203      6720756E 
ARM GAS  /var/folders/5n/p_75w94d66l9ssrldxqdhh700000gn/T//ccFtIrKJ.s 			page 24


 1203      7369676E 
 1203      65642069 
 1204              		.ident	"GCC: (Linaro GCC 4.6-2011.10) 4.6.2 20111004 (prerelease)"
ARM GAS  /var/folders/5n/p_75w94d66l9ssrldxqdhh700000gn/T//ccFtIrKJ.s 			page 25


DEFINED SYMBOLS
                            *ABS*:0000000000000000 hal.c
/var/folders/5n/p_75w94d66l9ssrldxqdhh700000gn/T//ccFtIrKJ.s:18     .text.halInit:0000000000000000 $t
/var/folders/5n/p_75w94d66l9ssrldxqdhh700000gn/T//ccFtIrKJ.s:24     .text.halInit:0000000000000000 halInit
/var/folders/5n/p_75w94d66l9ssrldxqdhh700000gn/T//ccFtIrKJ.s:56     .text.halIsCounterWithin:0000000000000000 $t
/var/folders/5n/p_75w94d66l9ssrldxqdhh700000gn/T//ccFtIrKJ.s:62     .text.halIsCounterWithin:0000000000000000 halIsCounterWithin
/var/folders/5n/p_75w94d66l9ssrldxqdhh700000gn/T//ccFtIrKJ.s:111    .text.halPolledDelay:0000000000000000 $t
/var/folders/5n/p_75w94d66l9ssrldxqdhh700000gn/T//ccFtIrKJ.s:117    .text.halPolledDelay:0000000000000000 halPolledDelay
                     .debug_frame:0000000000000010 $d

UNDEFINED SYMBOLS
hal_lld_init
tmInit
pal_default_config
_pal_lld_init
macInit
sdInit
boardInit
