ARM GAS  /var/folders/5n/p_75w94d66l9ssrldxqdhh700000gn/T//ccileMYK.s 			page 1


   1              		.syntax unified
   2              		.cpu cortex-m4
   3              		.fpu softvfp
   4              		.eabi_attribute 20, 1
   5              		.eabi_attribute 21, 1
   6              		.eabi_attribute 23, 3
   7              		.eabi_attribute 24, 1
   8              		.eabi_attribute 25, 1
   9              		.eabi_attribute 26, 1
  10              		.eabi_attribute 30, 2
  11              		.eabi_attribute 18, 4
  12              		.thumb
  13              		.file	"hal_lld.c"
  14              		.text
  15              	.Ltext0:
  16              		.cfi_sections	.debug_frame
  17              		.section	.text.hal_lld_init,"ax",%progbits
  18              		.align	2
  19              		.p2align 4,,15
  20              		.global	hal_lld_init
  21              		.thumb
  22              		.thumb_func
  23              		.type	hal_lld_init, %function
  24              	hal_lld_init:
  25              	.LFB119:
  26              		.file 1 "../../os/hal/platforms/STM32F4xx/hal_lld.c"
  27              		.loc 1 94 0
  28              		.cfi_startproc
  29              		@ args = 0, pretend = 0, frame = 0
  30              		@ frame_needed = 0, uses_anonymous_args = 0
  31              		@ link register save eliminated.
  32              		.loc 1 98 0
  33 0000 4FF46053 		mov	r3, #14336
  34 0004 C4F20203 		movt	r3, 16386
  35 0008 0022     		movs	r2, #0
  36 000a 1969     		ldr	r1, [r3, #16]
  37 000c 41F00101 		orr	r1, r1, #1
  38              		.loc 1 94 0
  39 0010 30B4     		push	{r4, r5}
  40              	.LCFI0:
  41              		.cfi_def_cfa_offset 8
  42              		.cfi_offset 5, -4
  43              		.cfi_offset 4, -8
  44              		.loc 1 98 0
  45 0012 1961     		str	r1, [r3, #16]
  46 0014 1A61     		str	r2, [r3, #16]
  47              		.loc 1 99 0
  48 0016 5969     		ldr	r1, [r3, #20]
  49 0018 41F00101 		orr	r1, r1, #1
  50 001c 5961     		str	r1, [r3, #20]
  51 001e 5A61     		str	r2, [r3, #20]
  52              		.loc 1 100 0
  53 0020 9969     		ldr	r1, [r3, #24]
  54 0022 41F00101 		orr	r1, r1, #1
  55 0026 9961     		str	r1, [r3, #24]
  56 0028 9A61     		str	r2, [r3, #24]
  57              		.loc 1 101 0
ARM GAS  /var/folders/5n/p_75w94d66l9ssrldxqdhh700000gn/T//ccileMYK.s 			page 2


  58 002a 196A     		ldr	r1, [r3, #32]
  59 002c 1962     		str	r1, [r3, #32]
  60 002e 1A62     		str	r2, [r3, #32]
  61              		.loc 1 102 0
  62 0030 5D6A     		ldr	r5, [r3, #36]
  63              		.loc 1 105 0
  64 0032 4EF21001 		movw	r1, #57360
  65 0036 CEF20001 		movt	r1, 57344
  66 003a 49F23F04 		movw	r4, #36927
  67 003e C0F20204 		movt	r4, 2
  68              		.loc 1 112 0
  69 0042 4EF6F050 		movw	r0, #60912
  70              		.loc 1 102 0
  71 0046 45F00105 		orr	r5, r5, #1
  72 004a 5D62     		str	r5, [r3, #36]
  73              		.loc 1 112 0
  74 004c CEF20000 		movt	r0, 57344
  75              		.loc 1 102 0
  76 0050 5A62     		str	r2, [r3, #36]
  77              		.loc 1 105 0
  78 0052 4C60     		str	r4, [r1, #4]
  79              		.loc 1 107 0
  80 0054 0724     		movs	r4, #7
  81              		.loc 1 106 0
  82 0056 8A60     		str	r2, [r1, #8]
  83              		.loc 1 107 0
  84 0058 0C60     		str	r4, [r1, #0]
  85              		.loc 1 112 0
  86 005a C468     		ldr	r4, [r0, #12]
  87              		.loc 1 113 0
  88 005c 4FF48051 		mov	r1, #4096
  89 0060 CEF20001 		movt	r1, 57344
  90              		.loc 1 112 0
  91 0064 44F08074 		orr	r4, r4, #16777216
  92 0068 C460     		str	r4, [r0, #12]
  93              		.loc 1 113 0
  94 006a 0868     		ldr	r0, [r1, #0]
  95 006c 40F00100 		orr	r0, r0, #1
  96 0070 0860     		str	r0, [r1, #0]
  97              		.loc 1 116 0
  98 0072 186C     		ldr	r0, [r3, #64]
  99              	.LBB4:
 100              	.LBB5:
 101              		.loc 1 52 0
 102 0074 4FF4E041 		mov	r1, #28672
 103 0078 C4F20001 		movt	r1, 16384
 104              	.LBE5:
 105              	.LBE4:
 106              		.loc 1 116 0
 107 007c 40F08050 		orr	r0, r0, #268435456
 108 0080 1864     		str	r0, [r3, #64]
 109              	.LBB7:
 110              	.LBB6:
 111              		.loc 1 52 0
 112 0082 0868     		ldr	r0, [r1, #0]
 113 0084 40F48070 		orr	r0, r0, #256
 114 0088 0860     		str	r0, [r1, #0]
ARM GAS  /var/folders/5n/p_75w94d66l9ssrldxqdhh700000gn/T//ccileMYK.s 			page 3


 115              		.loc 1 55 0
 116 008a 196F     		ldr	r1, [r3, #112]
 117 008c 01F44071 		and	r1, r1, #768
 118 0090 B1F5007F 		cmp	r1, #512
 119              		.loc 1 57 0
 120 0094 1EBF     		ittt	ne
 121 0096 4FF48031 		movne	r1, #65536
 122 009a 1967     		strne	r1, [r3, #112]
 123              		.loc 1 58 0
 124 009c 1A67     		strne	r2, [r3, #112]
 125              		.loc 1 71 0
 126 009e 4FF46053 		mov	r3, #14336
 127 00a2 C4F20203 		movt	r3, 16386
 128 00a6 1A6F     		ldr	r2, [r3, #112]
 129 00a8 1204     		lsls	r2, r2, #16
 130 00aa 07D4     		bmi	.L1
 131              		.loc 1 73 0
 132 00ac 1A6F     		ldr	r2, [r3, #112]
 133 00ae 42F40072 		orr	r2, r2, #512
 134 00b2 1A67     		str	r2, [r3, #112]
 135              		.loc 1 76 0
 136 00b4 1A6F     		ldr	r2, [r3, #112]
 137 00b6 42F40042 		orr	r2, r2, #32768
 138 00ba 1A67     		str	r2, [r3, #112]
 139              	.L1:
 140              	.LBE6:
 141              	.LBE7:
 142              		.loc 1 129 0
 143 00bc 30BC     		pop	{r4, r5}
 144 00be 7047     		bx	lr
 145              		.cfi_endproc
 146              	.LFE119:
 147              		.size	hal_lld_init, .-hal_lld_init
 148              		.section	.text.stm32_clock_init,"ax",%progbits
 149              		.align	2
 150              		.p2align 4,,15
 151              		.global	stm32_clock_init
 152              		.thumb
 153              		.thumb_func
 154              		.type	stm32_clock_init, %function
 155              	stm32_clock_init:
 156              	.LFB120:
 157              		.loc 1 138 0
 158              		.cfi_startproc
 159              		@ args = 0, pretend = 0, frame = 0
 160              		@ frame_needed = 0, uses_anonymous_args = 0
 161              		@ link register save eliminated.
 162              		.loc 1 142 0
 163 0000 4FF46052 		mov	r2, #14336
 164 0004 C4F20202 		movt	r2, 16386
 165              		.loc 1 146 0
 166 0008 4FF4E043 		mov	r3, #28672
 167 000c C4F20003 		movt	r3, 16384
 168              		.loc 1 142 0
 169 0010 4FF08051 		mov	r1, #268435456
 170 0014 1164     		str	r1, [r2, #64]
 171              		.loc 1 146 0
ARM GAS  /var/folders/5n/p_75w94d66l9ssrldxqdhh700000gn/T//ccileMYK.s 			page 4


 172 0016 4FF48041 		mov	r1, #16384
 173              		.loc 1 147 0
 174 001a 1A46     		mov	r2, r3
 175              		.loc 1 146 0
 176 001c 1960     		str	r1, [r3, #0]
 177              	.L6:
 178              		.loc 1 147 0 discriminator 1
 179 001e 5368     		ldr	r3, [r2, #4]
 180 0020 5904     		lsls	r1, r3, #17
 181 0022 FCD5     		bpl	.L6
 182              		.loc 1 155 0
 183 0024 4FF46053 		mov	r3, #14336
 184 0028 C4F20203 		movt	r3, 16386
 185              		.loc 1 156 0
 186 002c 1946     		mov	r1, r3
 187              		.loc 1 155 0
 188 002e 1A68     		ldr	r2, [r3, #0]
 189 0030 42F00102 		orr	r2, r2, #1
 190 0034 1A60     		str	r2, [r3, #0]
 191              	.L7:
 192              		.loc 1 156 0 discriminator 1
 193 0036 0A68     		ldr	r2, [r1, #0]
 194 0038 4FF46053 		mov	r3, #14336
 195 003c 9207     		lsls	r2, r2, #30
 196 003e C4F20203 		movt	r3, 16386
 197 0042 F8D5     		bpl	.L7
 198              		.loc 1 166 0
 199 0044 1A68     		ldr	r2, [r3, #0]
 200 0046 42F48032 		orr	r2, r2, #65536
 201 004a 1A60     		str	r2, [r3, #0]
 202              		.loc 1 168 0
 203 004c 1946     		mov	r1, r3
 204              	.L8:
 205              		.loc 1 168 0 is_stmt 0 discriminator 1
 206 004e 0A68     		ldr	r2, [r1, #0]
 207 0050 4FF46053 		mov	r3, #14336
 208 0054 9003     		lsls	r0, r2, #14
 209 0056 C4F20203 		movt	r3, 16386
 210 005a F8D5     		bpl	.L8
 211              		.loc 1 174 0 is_stmt 1
 212 005c 5A6F     		ldr	r2, [r3, #116]
 213 005e 42F00102 		orr	r2, r2, #1
 214 0062 5A67     		str	r2, [r3, #116]
 215              		.loc 1 175 0
 216 0064 1946     		mov	r1, r3
 217              	.L9:
 218              		.loc 1 175 0 is_stmt 0 discriminator 1
 219 0066 4A6F     		ldr	r2, [r1, #116]
 220 0068 4FF46053 		mov	r3, #14336
 221 006c 9207     		lsls	r2, r2, #30
 222 006e C4F20203 		movt	r3, 16386
 223 0072 F8D5     		bpl	.L9
 224              		.loc 1 192 0 is_stmt 1
 225 0074 45F21942 		movw	r2, #21529
 226 0078 C0F24072 		movt	r2, 1856
 227 007c 5A60     		str	r2, [r3, #4]
 228              		.loc 1 194 0
ARM GAS  /var/folders/5n/p_75w94d66l9ssrldxqdhh700000gn/T//ccileMYK.s 			page 5


 229 007e 1A68     		ldr	r2, [r3, #0]
 230 0080 42F08072 		orr	r2, r2, #16777216
 231 0084 1A60     		str	r2, [r3, #0]
 232              		.loc 1 195 0
 233 0086 1946     		mov	r1, r3
 234              	.L10:
 235              		.loc 1 195 0 is_stmt 0 discriminator 1
 236 0088 0A68     		ldr	r2, [r1, #0]
 237 008a 4FF46053 		mov	r3, #14336
 238 008e 9001     		lsls	r0, r2, #6
 239 0090 C4F20203 		movt	r3, 16386
 240 0094 F8D5     		bpl	.L10
 241              		.loc 1 208 0 is_stmt 1
 242 0096 9868     		ldr	r0, [r3, #8]
 243 0098 4FF41442 		mov	r2, #37888
 244              		.loc 1 212 0
 245 009c 4FF47051 		mov	r1, #15360
 246              		.loc 1 208 0
 247 00a0 C3F60802 		movt	r2, 14344
 248 00a4 0243     		orrs	r2, r2, r0
 249              		.loc 1 212 0
 250 00a6 C4F20201 		movt	r1, 16386
 251              		.loc 1 208 0
 252 00aa 9A60     		str	r2, [r3, #8]
 253              		.loc 1 212 0
 254 00ac 40F20572 		movw	r2, #1797
 255 00b0 0A60     		str	r2, [r1, #0]
 256              		.loc 1 217 0
 257 00b2 9A68     		ldr	r2, [r3, #8]
 258 00b4 42F00202 		orr	r2, r2, #2
 259 00b8 9A60     		str	r2, [r3, #8]
 260              	.L11:
 261              		.loc 1 218 0 discriminator 1
 262 00ba 9968     		ldr	r1, [r3, #8]
 263 00bc 01F00C01 		and	r1, r1, #12
 264 00c0 4FF46052 		mov	r2, #14336
 265 00c4 0829     		cmp	r1, #8
 266 00c6 C4F20202 		movt	r2, 16386
 267 00ca F6D1     		bne	.L11
 268              		.loc 1 225 0
 269 00cc 536C     		ldr	r3, [r2, #68]
 270 00ce 43F48043 		orr	r3, r3, #16384
 271 00d2 5364     		str	r3, [r2, #68]
 272 00d4 536E     		ldr	r3, [r2, #100]
 273 00d6 43F48043 		orr	r3, r3, #16384
 274 00da 5366     		str	r3, [r2, #100]
 275              		.loc 1 226 0
 276 00dc 7047     		bx	lr
 277              		.cfi_endproc
 278              	.LFE120:
 279              		.size	stm32_clock_init, .-stm32_clock_init
 280 00de 00BF     		.text
 281              	.Letext0:
 282              		.file 2 "/usr/local/summon/lib/gcc/arm-none-eabi/4.6.2/../../../../arm-none-eabi/include/stdint.h"
 283              		.file 3 "../../os/ports/common/ARMCMx/nvic.h"
 284              		.file 4 "../../os/ports/common/ARMCMx/CMSIS/include/core_cm4.h"
 285              		.file 5 "../../os/hal/platforms/STM32F4xx/stm32f4xx.h"
ARM GAS  /var/folders/5n/p_75w94d66l9ssrldxqdhh700000gn/T//ccileMYK.s 			page 6


 286              		.section	.debug_info,"",%progbits
 287              	.Ldebug_info0:
 288 0000 BF040000 		.4byte	0x4bf
 289 0004 0200     		.2byte	0x2
 290 0006 00000000 		.4byte	.Ldebug_abbrev0
 291 000a 04       		.byte	0x4
 292 000b 01       		.uleb128 0x1
 293 000c 47020000 		.4byte	.LASF64
 294 0010 01       		.byte	0x1
 295 0011 B8020000 		.4byte	.LASF65
 296 0015 7D000000 		.4byte	.LASF66
 297 0019 00000000 		.4byte	0
 298 001d 00000000 		.4byte	0
 299 0021 18000000 		.4byte	.Ldebug_ranges0+0x18
 300 0025 00000000 		.4byte	.Ldebug_line0
 301 0029 02       		.uleb128 0x2
 302 002a 04       		.byte	0x4
 303 002b 05       		.byte	0x5
 304 002c 696E7400 		.ascii	"int\000"
 305 0030 03       		.uleb128 0x3
 306 0031 04       		.byte	0x4
 307 0032 07       		.byte	0x7
 308 0033 B0010000 		.4byte	.LASF0
 309 0037 03       		.uleb128 0x3
 310 0038 01       		.byte	0x1
 311 0039 06       		.byte	0x6
 312 003a 84010000 		.4byte	.LASF1
 313 003e 03       		.uleb128 0x3
 314 003f 01       		.byte	0x1
 315 0040 08       		.byte	0x8
 316 0041 6E010000 		.4byte	.LASF2
 317 0045 03       		.uleb128 0x3
 318 0046 02       		.byte	0x2
 319 0047 05       		.byte	0x5
 320 0048 21000000 		.4byte	.LASF3
 321 004c 04       		.uleb128 0x4
 322 004d C6010000 		.4byte	.LASF5
 323 0051 02       		.byte	0x2
 324 0052 36       		.byte	0x36
 325 0053 57000000 		.4byte	0x57
 326 0057 03       		.uleb128 0x3
 327 0058 02       		.byte	0x2
 328 0059 07       		.byte	0x7
 329 005a 03020000 		.4byte	.LASF4
 330 005e 04       		.uleb128 0x4
 331 005f 2D020000 		.4byte	.LASF6
 332 0063 02       		.byte	0x2
 333 0064 4F       		.byte	0x4f
 334 0065 69000000 		.4byte	0x69
 335 0069 03       		.uleb128 0x3
 336 006a 04       		.byte	0x4
 337 006b 05       		.byte	0x5
 338 006c 33010000 		.4byte	.LASF7
 339 0070 04       		.uleb128 0x4
 340 0071 A7010000 		.4byte	.LASF8
 341 0075 02       		.byte	0x2
 342 0076 50       		.byte	0x50
ARM GAS  /var/folders/5n/p_75w94d66l9ssrldxqdhh700000gn/T//ccileMYK.s 			page 7


 343 0077 7B000000 		.4byte	0x7b
 344 007b 03       		.uleb128 0x3
 345 007c 04       		.byte	0x4
 346 007d 07       		.byte	0x7
 347 007e CF010000 		.4byte	.LASF9
 348 0082 03       		.uleb128 0x3
 349 0083 08       		.byte	0x8
 350 0084 05       		.byte	0x5
 351 0085 12010000 		.4byte	.LASF10
 352 0089 03       		.uleb128 0x3
 353 008a 08       		.byte	0x8
 354 008b 07       		.byte	0x7
 355 008c 90010000 		.4byte	.LASF11
 356 0090 05       		.uleb128 0x5
 357 0091 70000000 		.4byte	0x70
 358 0095 05       		.uleb128 0x5
 359 0096 7B000000 		.4byte	0x7b
 360 009a 06       		.uleb128 0x6
 361 009b 10       		.byte	0x10
 362 009c 03       		.byte	0x3
 363 009d EA       		.byte	0xea
 364 009e DB000000 		.4byte	0xdb
 365 00a2 07       		.uleb128 0x7
 366 00a3 2D010000 		.4byte	.LASF12
 367 00a7 03       		.byte	0x3
 368 00a8 EB       		.byte	0xeb
 369 00a9 95000000 		.4byte	0x95
 370 00ad 02       		.byte	0x2
 371 00ae 23       		.byte	0x23
 372 00af 00       		.uleb128 0
 373 00b0 07       		.uleb128 0x7
 374 00b1 DB000000 		.4byte	.LASF13
 375 00b5 03       		.byte	0x3
 376 00b6 EC       		.byte	0xec
 377 00b7 95000000 		.4byte	0x95
 378 00bb 02       		.byte	0x2
 379 00bc 23       		.byte	0x23
 380 00bd 04       		.uleb128 0x4
 381 00be 07       		.uleb128 0x7
 382 00bf FC000000 		.4byte	.LASF14
 383 00c3 03       		.byte	0x3
 384 00c4 ED       		.byte	0xed
 385 00c5 95000000 		.4byte	0x95
 386 00c9 02       		.byte	0x2
 387 00ca 23       		.byte	0x23
 388 00cb 08       		.uleb128 0x8
 389 00cc 07       		.uleb128 0x7
 390 00cd 1B000000 		.4byte	.LASF15
 391 00d1 03       		.byte	0x3
 392 00d2 EE       		.byte	0xee
 393 00d3 95000000 		.4byte	0x95
 394 00d7 02       		.byte	0x2
 395 00d8 23       		.byte	0x23
 396 00d9 0C       		.uleb128 0xc
 397 00da 00       		.byte	0
 398 00db 04       		.uleb128 0x4
 399 00dc 25020000 		.4byte	.LASF16
ARM GAS  /var/folders/5n/p_75w94d66l9ssrldxqdhh700000gn/T//ccileMYK.s 			page 8


 400 00e0 03       		.byte	0x3
 401 00e1 EF       		.byte	0xef
 402 00e2 9A000000 		.4byte	0x9a
 403 00e6 06       		.uleb128 0x6
 404 00e7 20       		.byte	0x20
 405 00e8 03       		.byte	0x3
 406 00e9 FF       		.byte	0xff
 407 00ea 67010000 		.4byte	0x167
 408 00ee 08       		.uleb128 0x8
 409 00ef 62000000 		.4byte	.LASF17
 410 00f3 03       		.byte	0x3
 411 00f4 0001     		.2byte	0x100
 412 00f6 95000000 		.4byte	0x95
 413 00fa 02       		.byte	0x2
 414 00fb 23       		.byte	0x23
 415 00fc 00       		.uleb128 0
 416 00fd 08       		.uleb128 0x8
 417 00fe 20010000 		.4byte	.LASF18
 418 0102 03       		.byte	0x3
 419 0103 0101     		.2byte	0x101
 420 0105 95000000 		.4byte	0x95
 421 0109 02       		.byte	0x2
 422 010a 23       		.byte	0x23
 423 010b 04       		.uleb128 0x4
 424 010c 08       		.uleb128 0x8
 425 010d 76000000 		.4byte	.LASF19
 426 0111 03       		.byte	0x3
 427 0112 0201     		.2byte	0x102
 428 0114 95000000 		.4byte	0x95
 429 0118 02       		.byte	0x2
 430 0119 23       		.byte	0x23
 431 011a 08       		.uleb128 0x8
 432 011b 08       		.uleb128 0x8
 433 011c 67010000 		.4byte	.LASF20
 434 0120 03       		.byte	0x3
 435 0121 0301     		.2byte	0x103
 436 0123 95000000 		.4byte	0x95
 437 0127 02       		.byte	0x2
 438 0128 23       		.byte	0x23
 439 0129 0C       		.uleb128 0xc
 440 012a 08       		.uleb128 0x8
 441 012b AF020000 		.4byte	.LASF21
 442 012f 03       		.byte	0x3
 443 0130 0401     		.2byte	0x104
 444 0132 95000000 		.4byte	0x95
 445 0136 02       		.byte	0x2
 446 0137 23       		.byte	0x23
 447 0138 10       		.uleb128 0x10
 448 0139 08       		.uleb128 0x8
 449 013a E3020000 		.4byte	.LASF22
 450 013e 03       		.byte	0x3
 451 013f 0501     		.2byte	0x105
 452 0141 95000000 		.4byte	0x95
 453 0145 02       		.byte	0x2
 454 0146 23       		.byte	0x23
 455 0147 14       		.uleb128 0x14
 456 0148 08       		.uleb128 0x8
ARM GAS  /var/folders/5n/p_75w94d66l9ssrldxqdhh700000gn/T//ccileMYK.s 			page 9


 457 0149 35000000 		.4byte	.LASF23
 458 014d 03       		.byte	0x3
 459 014e 0601     		.2byte	0x106
 460 0150 95000000 		.4byte	0x95
 461 0154 02       		.byte	0x2
 462 0155 23       		.byte	0x23
 463 0156 18       		.uleb128 0x18
 464 0157 08       		.uleb128 0x8
 465 0158 30000000 		.4byte	.LASF24
 466 015c 03       		.byte	0x3
 467 015d 0701     		.2byte	0x107
 468 015f 95000000 		.4byte	0x95
 469 0163 02       		.byte	0x2
 470 0164 23       		.byte	0x23
 471 0165 1C       		.uleb128 0x1c
 472 0166 00       		.byte	0
 473 0167 09       		.uleb128 0x9
 474 0168 3F020000 		.4byte	.LASF25
 475 016c 03       		.byte	0x3
 476 016d 0801     		.2byte	0x108
 477 016f E6000000 		.4byte	0xe6
 478 0173 03       		.uleb128 0x3
 479 0174 01       		.byte	0x1
 480 0175 08       		.byte	0x8
 481 0176 20020000 		.4byte	.LASF26
 482 017a 0A       		.uleb128 0xa
 483 017b 90000000 		.4byte	0x90
 484 017f 0B       		.uleb128 0xb
 485 0180 70000000 		.4byte	0x70
 486 0184 8F010000 		.4byte	0x18f
 487 0188 0C       		.uleb128 0xc
 488 0189 30000000 		.4byte	0x30
 489 018d 01       		.byte	0x1
 490 018e 00       		.byte	0
 491 018f 0D       		.uleb128 0xd
 492 0190 10       		.byte	0x10
 493 0191 04       		.byte	0x4
 494 0192 6002     		.2byte	0x260
 495 0194 D5010000 		.4byte	0x1d5
 496 0198 08       		.uleb128 0x8
 497 0199 62000000 		.4byte	.LASF17
 498 019d 04       		.byte	0x4
 499 019e 6202     		.2byte	0x262
 500 01a0 90000000 		.4byte	0x90
 501 01a4 02       		.byte	0x2
 502 01a5 23       		.byte	0x23
 503 01a6 00       		.uleb128 0
 504 01a7 08       		.uleb128 0x8
 505 01a8 EA020000 		.4byte	.LASF27
 506 01ac 04       		.byte	0x4
 507 01ad 6302     		.2byte	0x263
 508 01af 90000000 		.4byte	0x90
 509 01b3 02       		.byte	0x2
 510 01b4 23       		.byte	0x23
 511 01b5 04       		.uleb128 0x4
 512 01b6 0E       		.uleb128 0xe
 513 01b7 56414C00 		.ascii	"VAL\000"
ARM GAS  /var/folders/5n/p_75w94d66l9ssrldxqdhh700000gn/T//ccileMYK.s 			page 10


 514 01bb 04       		.byte	0x4
 515 01bc 6402     		.2byte	0x264
 516 01be 90000000 		.4byte	0x90
 517 01c2 02       		.byte	0x2
 518 01c3 23       		.byte	0x23
 519 01c4 08       		.uleb128 0x8
 520 01c5 08       		.uleb128 0x8
 521 01c6 27010000 		.4byte	.LASF28
 522 01ca 04       		.byte	0x4
 523 01cb 6502     		.2byte	0x265
 524 01cd 7A010000 		.4byte	0x17a
 525 01d1 02       		.byte	0x2
 526 01d2 23       		.byte	0x23
 527 01d3 0C       		.uleb128 0xc
 528 01d4 00       		.byte	0
 529 01d5 09       		.uleb128 0x9
 530 01d6 F6010000 		.4byte	.LASF29
 531 01da 04       		.byte	0x4
 532 01db 6602     		.2byte	0x266
 533 01dd 8F010000 		.4byte	0x18f
 534 01e1 05       		.uleb128 0x5
 535 01e2 5E000000 		.4byte	0x5e
 536 01e6 0D       		.uleb128 0xd
 537 01e7 18       		.byte	0x18
 538 01e8 05       		.byte	0x5
 539 01e9 4102     		.2byte	0x241
 540 01eb 48020000 		.4byte	0x248
 541 01ef 0E       		.uleb128 0xe
 542 01f0 41435200 		.ascii	"ACR\000"
 543 01f4 05       		.byte	0x5
 544 01f5 4302     		.2byte	0x243
 545 01f7 90000000 		.4byte	0x90
 546 01fb 02       		.byte	0x2
 547 01fc 23       		.byte	0x23
 548 01fd 00       		.uleb128 0
 549 01fe 08       		.uleb128 0x8
 550 01ff 62010000 		.4byte	.LASF30
 551 0203 05       		.byte	0x5
 552 0204 4402     		.2byte	0x244
 553 0206 90000000 		.4byte	0x90
 554 020a 02       		.byte	0x2
 555 020b 23       		.byte	0x23
 556 020c 04       		.uleb128 0x4
 557 020d 08       		.uleb128 0x8
 558 020e 0A010000 		.4byte	.LASF31
 559 0212 05       		.byte	0x5
 560 0213 4502     		.2byte	0x245
 561 0215 90000000 		.4byte	0x90
 562 0219 02       		.byte	0x2
 563 021a 23       		.byte	0x23
 564 021b 08       		.uleb128 0x8
 565 021c 0E       		.uleb128 0xe
 566 021d 535200   		.ascii	"SR\000"
 567 0220 05       		.byte	0x5
 568 0221 4602     		.2byte	0x246
 569 0223 90000000 		.4byte	0x90
 570 0227 02       		.byte	0x2
ARM GAS  /var/folders/5n/p_75w94d66l9ssrldxqdhh700000gn/T//ccileMYK.s 			page 11


 571 0228 23       		.byte	0x23
 572 0229 0C       		.uleb128 0xc
 573 022a 0E       		.uleb128 0xe
 574 022b 435200   		.ascii	"CR\000"
 575 022e 05       		.byte	0x5
 576 022f 4702     		.2byte	0x247
 577 0231 90000000 		.4byte	0x90
 578 0235 02       		.byte	0x2
 579 0236 23       		.byte	0x23
 580 0237 10       		.uleb128 0x10
 581 0238 08       		.uleb128 0x8
 582 0239 26030000 		.4byte	.LASF32
 583 023d 05       		.byte	0x5
 584 023e 4802     		.2byte	0x248
 585 0240 90000000 		.4byte	0x90
 586 0244 02       		.byte	0x2
 587 0245 23       		.byte	0x23
 588 0246 14       		.uleb128 0x14
 589 0247 00       		.byte	0
 590 0248 09       		.uleb128 0x9
 591 0249 01030000 		.4byte	.LASF33
 592 024d 05       		.byte	0x5
 593 024e 4902     		.2byte	0x249
 594 0250 E6010000 		.4byte	0x1e6
 595 0254 0D       		.uleb128 0xd
 596 0255 08       		.byte	0x8
 597 0256 05       		.byte	0x5
 598 0257 D102     		.2byte	0x2d1
 599 0259 7B020000 		.4byte	0x27b
 600 025d 0E       		.uleb128 0xe
 601 025e 435200   		.ascii	"CR\000"
 602 0261 05       		.byte	0x5
 603 0262 D302     		.2byte	0x2d3
 604 0264 90000000 		.4byte	0x90
 605 0268 02       		.byte	0x2
 606 0269 23       		.byte	0x23
 607 026a 00       		.uleb128 0
 608 026b 0E       		.uleb128 0xe
 609 026c 43535200 		.ascii	"CSR\000"
 610 0270 05       		.byte	0x5
 611 0271 D402     		.2byte	0x2d4
 612 0273 90000000 		.4byte	0x90
 613 0277 02       		.byte	0x2
 614 0278 23       		.byte	0x23
 615 0279 04       		.uleb128 0x4
 616 027a 00       		.byte	0
 617 027b 09       		.uleb128 0x9
 618 027c 48000000 		.4byte	.LASF34
 619 0280 05       		.byte	0x5
 620 0281 D502     		.2byte	0x2d5
 621 0283 54020000 		.4byte	0x254
 622 0287 0D       		.uleb128 0xd
 623 0288 88       		.byte	0x88
 624 0289 05       		.byte	0x5
 625 028a DB02     		.2byte	0x2db
 626 028c 54040000 		.4byte	0x454
 627 0290 0E       		.uleb128 0xe
ARM GAS  /var/folders/5n/p_75w94d66l9ssrldxqdhh700000gn/T//ccileMYK.s 			page 12


 628 0291 435200   		.ascii	"CR\000"
 629 0294 05       		.byte	0x5
 630 0295 DD02     		.2byte	0x2dd
 631 0297 90000000 		.4byte	0x90
 632 029b 02       		.byte	0x2
 633 029c 23       		.byte	0x23
 634 029d 00       		.uleb128 0
 635 029e 08       		.uleb128 0x8
 636 029f EE010000 		.4byte	.LASF35
 637 02a3 05       		.byte	0x5
 638 02a4 DE02     		.2byte	0x2de
 639 02a6 90000000 		.4byte	0x90
 640 02aa 02       		.byte	0x2
 641 02ab 23       		.byte	0x23
 642 02ac 04       		.uleb128 0x4
 643 02ad 08       		.uleb128 0x8
 644 02ae 71000000 		.4byte	.LASF36
 645 02b2 05       		.byte	0x5
 646 02b3 DF02     		.2byte	0x2df
 647 02b5 90000000 		.4byte	0x90
 648 02b9 02       		.byte	0x2
 649 02ba 23       		.byte	0x23
 650 02bb 08       		.uleb128 0x8
 651 02bc 0E       		.uleb128 0xe
 652 02bd 43495200 		.ascii	"CIR\000"
 653 02c1 05       		.byte	0x5
 654 02c2 E002     		.2byte	0x2e0
 655 02c4 90000000 		.4byte	0x90
 656 02c8 02       		.byte	0x2
 657 02c9 23       		.byte	0x23
 658 02ca 0C       		.uleb128 0xc
 659 02cb 08       		.uleb128 0x8
 660 02cc EF020000 		.4byte	.LASF37
 661 02d0 05       		.byte	0x5
 662 02d1 E102     		.2byte	0x2e1
 663 02d3 90000000 		.4byte	0x90
 664 02d7 02       		.byte	0x2
 665 02d8 23       		.byte	0x23
 666 02d9 10       		.uleb128 0x10
 667 02da 08       		.uleb128 0x8
 668 02db BD010000 		.4byte	.LASF38
 669 02df 05       		.byte	0x5
 670 02e0 E202     		.2byte	0x2e2
 671 02e2 90000000 		.4byte	0x90
 672 02e6 02       		.byte	0x2
 673 02e7 23       		.byte	0x23
 674 02e8 14       		.uleb128 0x14
 675 02e9 08       		.uleb128 0x8
 676 02ea F8020000 		.4byte	.LASF39
 677 02ee 05       		.byte	0x5
 678 02ef E302     		.2byte	0x2e3
 679 02f1 90000000 		.4byte	0x90
 680 02f5 02       		.byte	0x2
 681 02f6 23       		.byte	0x23
 682 02f7 18       		.uleb128 0x18
 683 02f8 08       		.uleb128 0x8
 684 02f9 69020000 		.4byte	.LASF40
ARM GAS  /var/folders/5n/p_75w94d66l9ssrldxqdhh700000gn/T//ccileMYK.s 			page 13


 685 02fd 05       		.byte	0x5
 686 02fe E402     		.2byte	0x2e4
 687 0300 70000000 		.4byte	0x70
 688 0304 02       		.byte	0x2
 689 0305 23       		.byte	0x23
 690 0306 1C       		.uleb128 0x1c
 691 0307 08       		.uleb128 0x8
 692 0308 0A000000 		.4byte	.LASF41
 693 030c 05       		.byte	0x5
 694 030d E502     		.2byte	0x2e5
 695 030f 90000000 		.4byte	0x90
 696 0313 02       		.byte	0x2
 697 0314 23       		.byte	0x23
 698 0315 20       		.uleb128 0x20
 699 0316 08       		.uleb128 0x8
 700 0317 48010000 		.4byte	.LASF42
 701 031b 05       		.byte	0x5
 702 031c E602     		.2byte	0x2e6
 703 031e 90000000 		.4byte	0x90
 704 0322 02       		.byte	0x2
 705 0323 23       		.byte	0x23
 706 0324 24       		.uleb128 0x24
 707 0325 08       		.uleb128 0x8
 708 0326 73020000 		.4byte	.LASF43
 709 032a 05       		.byte	0x5
 710 032b E702     		.2byte	0x2e7
 711 032d 7F010000 		.4byte	0x17f
 712 0331 02       		.byte	0x2
 713 0332 23       		.byte	0x23
 714 0333 28       		.uleb128 0x28
 715 0334 08       		.uleb128 0x8
 716 0335 54000000 		.4byte	.LASF44
 717 0339 05       		.byte	0x5
 718 033a E802     		.2byte	0x2e8
 719 033c 90000000 		.4byte	0x90
 720 0340 02       		.byte	0x2
 721 0341 23       		.byte	0x23
 722 0342 30       		.uleb128 0x30
 723 0343 08       		.uleb128 0x8
 724 0344 13000000 		.4byte	.LASF45
 725 0348 05       		.byte	0x5
 726 0349 E902     		.2byte	0x2e9
 727 034b 90000000 		.4byte	0x90
 728 034f 02       		.byte	0x2
 729 0350 23       		.byte	0x23
 730 0351 34       		.uleb128 0x34
 731 0352 08       		.uleb128 0x8
 732 0353 02010000 		.4byte	.LASF46
 733 0357 05       		.byte	0x5
 734 0358 EA02     		.2byte	0x2ea
 735 035a 90000000 		.4byte	0x90
 736 035e 02       		.byte	0x2
 737 035f 23       		.byte	0x23
 738 0360 38       		.uleb128 0x38
 739 0361 08       		.uleb128 0x8
 740 0362 7D020000 		.4byte	.LASF47
 741 0366 05       		.byte	0x5
ARM GAS  /var/folders/5n/p_75w94d66l9ssrldxqdhh700000gn/T//ccileMYK.s 			page 14


 742 0367 EB02     		.2byte	0x2eb
 743 0369 70000000 		.4byte	0x70
 744 036d 02       		.byte	0x2
 745 036e 23       		.byte	0x23
 746 036f 3C       		.uleb128 0x3c
 747 0370 08       		.uleb128 0x8
 748 0371 D3000000 		.4byte	.LASF48
 749 0375 05       		.byte	0x5
 750 0376 EC02     		.2byte	0x2ec
 751 0378 90000000 		.4byte	0x90
 752 037c 02       		.byte	0x2
 753 037d 23       		.byte	0x23
 754 037e 40       		.uleb128 0x40
 755 037f 08       		.uleb128 0x8
 756 0380 7C010000 		.4byte	.LASF49
 757 0384 05       		.byte	0x5
 758 0385 ED02     		.2byte	0x2ed
 759 0387 90000000 		.4byte	0x90
 760 038b 02       		.byte	0x2
 761 038c 23       		.byte	0x23
 762 038d 44       		.uleb128 0x44
 763 038e 08       		.uleb128 0x8
 764 038f 87020000 		.4byte	.LASF50
 765 0393 05       		.byte	0x5
 766 0394 EE02     		.2byte	0x2ee
 767 0396 7F010000 		.4byte	0x17f
 768 039a 02       		.byte	0x2
 769 039b 23       		.byte	0x23
 770 039c 48       		.uleb128 0x48
 771 039d 08       		.uleb128 0x8
 772 039e 00000000 		.4byte	.LASF51
 773 03a2 05       		.byte	0x5
 774 03a3 EF02     		.2byte	0x2ef
 775 03a5 90000000 		.4byte	0x90
 776 03a9 02       		.byte	0x2
 777 03aa 23       		.byte	0x23
 778 03ab 50       		.uleb128 0x50
 779 03ac 08       		.uleb128 0x8
 780 03ad 35020000 		.4byte	.LASF52
 781 03b1 05       		.byte	0x5
 782 03b2 F002     		.2byte	0x2f0
 783 03b4 90000000 		.4byte	0x90
 784 03b8 02       		.byte	0x2
 785 03b9 23       		.byte	0x23
 786 03ba 54       		.uleb128 0x54
 787 03bb 08       		.uleb128 0x8
 788 03bc 67000000 		.4byte	.LASF53
 789 03c0 05       		.byte	0x5
 790 03c1 F102     		.2byte	0x2f1
 791 03c3 90000000 		.4byte	0x90
 792 03c7 02       		.byte	0x2
 793 03c8 23       		.byte	0x23
 794 03c9 58       		.uleb128 0x58
 795 03ca 08       		.uleb128 0x8
 796 03cb 91020000 		.4byte	.LASF54
 797 03cf 05       		.byte	0x5
 798 03d0 F202     		.2byte	0x2f2
ARM GAS  /var/folders/5n/p_75w94d66l9ssrldxqdhh700000gn/T//ccileMYK.s 			page 15


 799 03d2 70000000 		.4byte	0x70
 800 03d6 02       		.byte	0x2
 801 03d7 23       		.byte	0x23
 802 03d8 5C       		.uleb128 0x5c
 803 03d9 08       		.uleb128 0x8
 804 03da 16020000 		.4byte	.LASF55
 805 03de 05       		.byte	0x5
 806 03df F302     		.2byte	0x2f3
 807 03e1 90000000 		.4byte	0x90
 808 03e5 02       		.byte	0x2
 809 03e6 23       		.byte	0x23
 810 03e7 60       		.uleb128 0x60
 811 03e8 08       		.uleb128 0x8
 812 03e9 1C030000 		.4byte	.LASF56
 813 03ed 05       		.byte	0x5
 814 03ee F402     		.2byte	0x2f4
 815 03f0 90000000 		.4byte	0x90
 816 03f4 02       		.byte	0x2
 817 03f5 23       		.byte	0x23
 818 03f6 64       		.uleb128 0x64
 819 03f7 08       		.uleb128 0x8
 820 03f8 9B020000 		.4byte	.LASF57
 821 03fc 05       		.byte	0x5
 822 03fd F502     		.2byte	0x2f5
 823 03ff 7F010000 		.4byte	0x17f
 824 0403 02       		.byte	0x2
 825 0404 23       		.byte	0x23
 826 0405 68       		.uleb128 0x68
 827 0406 08       		.uleb128 0x8
 828 0407 2B000000 		.4byte	.LASF58
 829 040b 05       		.byte	0x5
 830 040c F602     		.2byte	0x2f6
 831 040e 90000000 		.4byte	0x90
 832 0412 02       		.byte	0x2
 833 0413 23       		.byte	0x23
 834 0414 70       		.uleb128 0x70
 835 0415 0E       		.uleb128 0xe
 836 0416 43535200 		.ascii	"CSR\000"
 837 041a 05       		.byte	0x5
 838 041b F702     		.2byte	0x2f7
 839 041d 90000000 		.4byte	0x90
 840 0421 02       		.byte	0x2
 841 0422 23       		.byte	0x23
 842 0423 74       		.uleb128 0x74
 843 0424 08       		.uleb128 0x8
 844 0425 A5020000 		.4byte	.LASF59
 845 0429 05       		.byte	0x5
 846 042a F802     		.2byte	0x2f8
 847 042c 7F010000 		.4byte	0x17f
 848 0430 02       		.byte	0x2
 849 0431 23       		.byte	0x23
 850 0432 78       		.uleb128 0x78
 851 0433 08       		.uleb128 0x8
 852 0434 5C000000 		.4byte	.LASF60
 853 0438 05       		.byte	0x5
 854 0439 F902     		.2byte	0x2f9
 855 043b 90000000 		.4byte	0x90
ARM GAS  /var/folders/5n/p_75w94d66l9ssrldxqdhh700000gn/T//ccileMYK.s 			page 16


 856 043f 03       		.byte	0x3
 857 0440 23       		.byte	0x23
 858 0441 8001     		.uleb128 0x80
 859 0443 08       		.uleb128 0x8
 860 0444 3D000000 		.4byte	.LASF61
 861 0448 05       		.byte	0x5
 862 0449 FA02     		.2byte	0x2fa
 863 044b 90000000 		.4byte	0x90
 864 044f 03       		.byte	0x3
 865 0450 23       		.byte	0x23
 866 0451 8401     		.uleb128 0x84
 867 0453 00       		.byte	0
 868 0454 09       		.uleb128 0x9
 869 0455 3C010000 		.4byte	.LASF62
 870 0459 05       		.byte	0x5
 871 045a FB02     		.2byte	0x2fb
 872 045c 87020000 		.4byte	0x287
 873 0460 0F       		.uleb128 0xf
 874 0461 E1000000 		.4byte	.LASF67
 875 0465 01       		.byte	0x1
 876 0466 31       		.byte	0x31
 877 0467 01       		.byte	0x1
 878 0468 01       		.byte	0x1
 879 0469 10       		.uleb128 0x10
 880 046a 01       		.byte	0x1
 881 046b E1010000 		.4byte	.LASF68
 882 046f 01       		.byte	0x1
 883 0470 5E       		.byte	0x5e
 884 0471 01       		.byte	0x1
 885 0472 00000000 		.4byte	.LFB119
 886 0476 C0000000 		.4byte	.LFE119
 887 047a 00000000 		.4byte	.LLST0
 888 047e 92040000 		.4byte	0x492
 889 0482 11       		.uleb128 0x11
 890 0483 60040000 		.4byte	0x460
 891 0487 74000000 		.4byte	.LBB4
 892 048b 00000000 		.4byte	.Ldebug_ranges0+0
 893 048f 01       		.byte	0x1
 894 0490 77       		.byte	0x77
 895 0491 00       		.byte	0
 896 0492 12       		.uleb128 0x12
 897 0493 01       		.byte	0x1
 898 0494 51010000 		.4byte	.LASF69
 899 0498 01       		.byte	0x1
 900 0499 8A       		.byte	0x8a
 901 049a 01       		.byte	0x1
 902 049b 00000000 		.4byte	.LFB120
 903 049f DE000000 		.4byte	.LFE120
 904 04a3 02       		.byte	0x2
 905 04a4 7D       		.byte	0x7d
 906 04a5 00       		.sleb128 0
 907 04a6 13       		.uleb128 0x13
 908 04a7 0F030000 		.4byte	.LASF63
 909 04ab 04       		.byte	0x4
 910 04ac 9806     		.2byte	0x698
 911 04ae E1010000 		.4byte	0x1e1
 912 04b2 01       		.byte	0x1
ARM GAS  /var/folders/5n/p_75w94d66l9ssrldxqdhh700000gn/T//ccileMYK.s 			page 17


 913 04b3 01       		.byte	0x1
 914 04b4 13       		.uleb128 0x13
 915 04b5 0F030000 		.4byte	.LASF63
 916 04b9 04       		.byte	0x4
 917 04ba 9806     		.2byte	0x698
 918 04bc E1010000 		.4byte	0x1e1
 919 04c0 01       		.byte	0x1
 920 04c1 01       		.byte	0x1
 921 04c2 00       		.byte	0
 922              		.section	.debug_abbrev,"",%progbits
 923              	.Ldebug_abbrev0:
 924 0000 01       		.uleb128 0x1
 925 0001 11       		.uleb128 0x11
 926 0002 01       		.byte	0x1
 927 0003 25       		.uleb128 0x25
 928 0004 0E       		.uleb128 0xe
 929 0005 13       		.uleb128 0x13
 930 0006 0B       		.uleb128 0xb
 931 0007 03       		.uleb128 0x3
 932 0008 0E       		.uleb128 0xe
 933 0009 1B       		.uleb128 0x1b
 934 000a 0E       		.uleb128 0xe
 935 000b 11       		.uleb128 0x11
 936 000c 01       		.uleb128 0x1
 937 000d 52       		.uleb128 0x52
 938 000e 01       		.uleb128 0x1
 939 000f 55       		.uleb128 0x55
 940 0010 06       		.uleb128 0x6
 941 0011 10       		.uleb128 0x10
 942 0012 06       		.uleb128 0x6
 943 0013 00       		.byte	0
 944 0014 00       		.byte	0
 945 0015 02       		.uleb128 0x2
 946 0016 24       		.uleb128 0x24
 947 0017 00       		.byte	0
 948 0018 0B       		.uleb128 0xb
 949 0019 0B       		.uleb128 0xb
 950 001a 3E       		.uleb128 0x3e
 951 001b 0B       		.uleb128 0xb
 952 001c 03       		.uleb128 0x3
 953 001d 08       		.uleb128 0x8
 954 001e 00       		.byte	0
 955 001f 00       		.byte	0
 956 0020 03       		.uleb128 0x3
 957 0021 24       		.uleb128 0x24
 958 0022 00       		.byte	0
 959 0023 0B       		.uleb128 0xb
 960 0024 0B       		.uleb128 0xb
 961 0025 3E       		.uleb128 0x3e
 962 0026 0B       		.uleb128 0xb
 963 0027 03       		.uleb128 0x3
 964 0028 0E       		.uleb128 0xe
 965 0029 00       		.byte	0
 966 002a 00       		.byte	0
 967 002b 04       		.uleb128 0x4
 968 002c 16       		.uleb128 0x16
 969 002d 00       		.byte	0
ARM GAS  /var/folders/5n/p_75w94d66l9ssrldxqdhh700000gn/T//ccileMYK.s 			page 18


 970 002e 03       		.uleb128 0x3
 971 002f 0E       		.uleb128 0xe
 972 0030 3A       		.uleb128 0x3a
 973 0031 0B       		.uleb128 0xb
 974 0032 3B       		.uleb128 0x3b
 975 0033 0B       		.uleb128 0xb
 976 0034 49       		.uleb128 0x49
 977 0035 13       		.uleb128 0x13
 978 0036 00       		.byte	0
 979 0037 00       		.byte	0
 980 0038 05       		.uleb128 0x5
 981 0039 35       		.uleb128 0x35
 982 003a 00       		.byte	0
 983 003b 49       		.uleb128 0x49
 984 003c 13       		.uleb128 0x13
 985 003d 00       		.byte	0
 986 003e 00       		.byte	0
 987 003f 06       		.uleb128 0x6
 988 0040 13       		.uleb128 0x13
 989 0041 01       		.byte	0x1
 990 0042 0B       		.uleb128 0xb
 991 0043 0B       		.uleb128 0xb
 992 0044 3A       		.uleb128 0x3a
 993 0045 0B       		.uleb128 0xb
 994 0046 3B       		.uleb128 0x3b
 995 0047 0B       		.uleb128 0xb
 996 0048 01       		.uleb128 0x1
 997 0049 13       		.uleb128 0x13
 998 004a 00       		.byte	0
 999 004b 00       		.byte	0
 1000 004c 07       		.uleb128 0x7
 1001 004d 0D       		.uleb128 0xd
 1002 004e 00       		.byte	0
 1003 004f 03       		.uleb128 0x3
 1004 0050 0E       		.uleb128 0xe
 1005 0051 3A       		.uleb128 0x3a
 1006 0052 0B       		.uleb128 0xb
 1007 0053 3B       		.uleb128 0x3b
 1008 0054 0B       		.uleb128 0xb
 1009 0055 49       		.uleb128 0x49
 1010 0056 13       		.uleb128 0x13
 1011 0057 38       		.uleb128 0x38
 1012 0058 0A       		.uleb128 0xa
 1013 0059 00       		.byte	0
 1014 005a 00       		.byte	0
 1015 005b 08       		.uleb128 0x8
 1016 005c 0D       		.uleb128 0xd
 1017 005d 00       		.byte	0
 1018 005e 03       		.uleb128 0x3
 1019 005f 0E       		.uleb128 0xe
 1020 0060 3A       		.uleb128 0x3a
 1021 0061 0B       		.uleb128 0xb
 1022 0062 3B       		.uleb128 0x3b
 1023 0063 05       		.uleb128 0x5
 1024 0064 49       		.uleb128 0x49
 1025 0065 13       		.uleb128 0x13
 1026 0066 38       		.uleb128 0x38
ARM GAS  /var/folders/5n/p_75w94d66l9ssrldxqdhh700000gn/T//ccileMYK.s 			page 19


 1027 0067 0A       		.uleb128 0xa
 1028 0068 00       		.byte	0
 1029 0069 00       		.byte	0
 1030 006a 09       		.uleb128 0x9
 1031 006b 16       		.uleb128 0x16
 1032 006c 00       		.byte	0
 1033 006d 03       		.uleb128 0x3
 1034 006e 0E       		.uleb128 0xe
 1035 006f 3A       		.uleb128 0x3a
 1036 0070 0B       		.uleb128 0xb
 1037 0071 3B       		.uleb128 0x3b
 1038 0072 05       		.uleb128 0x5
 1039 0073 49       		.uleb128 0x49
 1040 0074 13       		.uleb128 0x13
 1041 0075 00       		.byte	0
 1042 0076 00       		.byte	0
 1043 0077 0A       		.uleb128 0xa
 1044 0078 26       		.uleb128 0x26
 1045 0079 00       		.byte	0
 1046 007a 49       		.uleb128 0x49
 1047 007b 13       		.uleb128 0x13
 1048 007c 00       		.byte	0
 1049 007d 00       		.byte	0
 1050 007e 0B       		.uleb128 0xb
 1051 007f 01       		.uleb128 0x1
 1052 0080 01       		.byte	0x1
 1053 0081 49       		.uleb128 0x49
 1054 0082 13       		.uleb128 0x13
 1055 0083 01       		.uleb128 0x1
 1056 0084 13       		.uleb128 0x13
 1057 0085 00       		.byte	0
 1058 0086 00       		.byte	0
 1059 0087 0C       		.uleb128 0xc
 1060 0088 21       		.uleb128 0x21
 1061 0089 00       		.byte	0
 1062 008a 49       		.uleb128 0x49
 1063 008b 13       		.uleb128 0x13
 1064 008c 2F       		.uleb128 0x2f
 1065 008d 0B       		.uleb128 0xb
 1066 008e 00       		.byte	0
 1067 008f 00       		.byte	0
 1068 0090 0D       		.uleb128 0xd
 1069 0091 13       		.uleb128 0x13
 1070 0092 01       		.byte	0x1
 1071 0093 0B       		.uleb128 0xb
 1072 0094 0B       		.uleb128 0xb
 1073 0095 3A       		.uleb128 0x3a
 1074 0096 0B       		.uleb128 0xb
 1075 0097 3B       		.uleb128 0x3b
 1076 0098 05       		.uleb128 0x5
 1077 0099 01       		.uleb128 0x1
 1078 009a 13       		.uleb128 0x13
 1079 009b 00       		.byte	0
 1080 009c 00       		.byte	0
 1081 009d 0E       		.uleb128 0xe
 1082 009e 0D       		.uleb128 0xd
 1083 009f 00       		.byte	0
ARM GAS  /var/folders/5n/p_75w94d66l9ssrldxqdhh700000gn/T//ccileMYK.s 			page 20


 1084 00a0 03       		.uleb128 0x3
 1085 00a1 08       		.uleb128 0x8
 1086 00a2 3A       		.uleb128 0x3a
 1087 00a3 0B       		.uleb128 0xb
 1088 00a4 3B       		.uleb128 0x3b
 1089 00a5 05       		.uleb128 0x5
 1090 00a6 49       		.uleb128 0x49
 1091 00a7 13       		.uleb128 0x13
 1092 00a8 38       		.uleb128 0x38
 1093 00a9 0A       		.uleb128 0xa
 1094 00aa 00       		.byte	0
 1095 00ab 00       		.byte	0
 1096 00ac 0F       		.uleb128 0xf
 1097 00ad 2E       		.uleb128 0x2e
 1098 00ae 00       		.byte	0
 1099 00af 03       		.uleb128 0x3
 1100 00b0 0E       		.uleb128 0xe
 1101 00b1 3A       		.uleb128 0x3a
 1102 00b2 0B       		.uleb128 0xb
 1103 00b3 3B       		.uleb128 0x3b
 1104 00b4 0B       		.uleb128 0xb
 1105 00b5 27       		.uleb128 0x27
 1106 00b6 0C       		.uleb128 0xc
 1107 00b7 20       		.uleb128 0x20
 1108 00b8 0B       		.uleb128 0xb
 1109 00b9 00       		.byte	0
 1110 00ba 00       		.byte	0
 1111 00bb 10       		.uleb128 0x10
 1112 00bc 2E       		.uleb128 0x2e
 1113 00bd 01       		.byte	0x1
 1114 00be 3F       		.uleb128 0x3f
 1115 00bf 0C       		.uleb128 0xc
 1116 00c0 03       		.uleb128 0x3
 1117 00c1 0E       		.uleb128 0xe
 1118 00c2 3A       		.uleb128 0x3a
 1119 00c3 0B       		.uleb128 0xb
 1120 00c4 3B       		.uleb128 0x3b
 1121 00c5 0B       		.uleb128 0xb
 1122 00c6 27       		.uleb128 0x27
 1123 00c7 0C       		.uleb128 0xc
 1124 00c8 11       		.uleb128 0x11
 1125 00c9 01       		.uleb128 0x1
 1126 00ca 12       		.uleb128 0x12
 1127 00cb 01       		.uleb128 0x1
 1128 00cc 40       		.uleb128 0x40
 1129 00cd 06       		.uleb128 0x6
 1130 00ce 01       		.uleb128 0x1
 1131 00cf 13       		.uleb128 0x13
 1132 00d0 00       		.byte	0
 1133 00d1 00       		.byte	0
 1134 00d2 11       		.uleb128 0x11
 1135 00d3 1D       		.uleb128 0x1d
 1136 00d4 00       		.byte	0
 1137 00d5 31       		.uleb128 0x31
 1138 00d6 13       		.uleb128 0x13
 1139 00d7 52       		.uleb128 0x52
 1140 00d8 01       		.uleb128 0x1
ARM GAS  /var/folders/5n/p_75w94d66l9ssrldxqdhh700000gn/T//ccileMYK.s 			page 21


 1141 00d9 55       		.uleb128 0x55
 1142 00da 06       		.uleb128 0x6
 1143 00db 58       		.uleb128 0x58
 1144 00dc 0B       		.uleb128 0xb
 1145 00dd 59       		.uleb128 0x59
 1146 00de 0B       		.uleb128 0xb
 1147 00df 00       		.byte	0
 1148 00e0 00       		.byte	0
 1149 00e1 12       		.uleb128 0x12
 1150 00e2 2E       		.uleb128 0x2e
 1151 00e3 00       		.byte	0
 1152 00e4 3F       		.uleb128 0x3f
 1153 00e5 0C       		.uleb128 0xc
 1154 00e6 03       		.uleb128 0x3
 1155 00e7 0E       		.uleb128 0xe
 1156 00e8 3A       		.uleb128 0x3a
 1157 00e9 0B       		.uleb128 0xb
 1158 00ea 3B       		.uleb128 0x3b
 1159 00eb 0B       		.uleb128 0xb
 1160 00ec 27       		.uleb128 0x27
 1161 00ed 0C       		.uleb128 0xc
 1162 00ee 11       		.uleb128 0x11
 1163 00ef 01       		.uleb128 0x1
 1164 00f0 12       		.uleb128 0x12
 1165 00f1 01       		.uleb128 0x1
 1166 00f2 40       		.uleb128 0x40
 1167 00f3 0A       		.uleb128 0xa
 1168 00f4 00       		.byte	0
 1169 00f5 00       		.byte	0
 1170 00f6 13       		.uleb128 0x13
 1171 00f7 34       		.uleb128 0x34
 1172 00f8 00       		.byte	0
 1173 00f9 03       		.uleb128 0x3
 1174 00fa 0E       		.uleb128 0xe
 1175 00fb 3A       		.uleb128 0x3a
 1176 00fc 0B       		.uleb128 0xb
 1177 00fd 3B       		.uleb128 0x3b
 1178 00fe 05       		.uleb128 0x5
 1179 00ff 49       		.uleb128 0x49
 1180 0100 13       		.uleb128 0x13
 1181 0101 3F       		.uleb128 0x3f
 1182 0102 0C       		.uleb128 0xc
 1183 0103 3C       		.uleb128 0x3c
 1184 0104 0C       		.uleb128 0xc
 1185 0105 00       		.byte	0
 1186 0106 00       		.byte	0
 1187 0107 00       		.byte	0
 1188              		.section	.debug_loc,"",%progbits
 1189              	.Ldebug_loc0:
 1190              	.LLST0:
 1191 0000 00000000 		.4byte	.LFB119
 1192 0004 12000000 		.4byte	.LCFI0
 1193 0008 0200     		.2byte	0x2
 1194 000a 7D       		.byte	0x7d
 1195 000b 00       		.sleb128 0
 1196 000c 12000000 		.4byte	.LCFI0
 1197 0010 C0000000 		.4byte	.LFE119
ARM GAS  /var/folders/5n/p_75w94d66l9ssrldxqdhh700000gn/T//ccileMYK.s 			page 22


 1198 0014 0200     		.2byte	0x2
 1199 0016 7D       		.byte	0x7d
 1200 0017 08       		.sleb128 8
 1201 0018 00000000 		.4byte	0
 1202 001c 00000000 		.4byte	0
 1203              		.section	.debug_aranges,"",%progbits
 1204 0000 24000000 		.4byte	0x24
 1205 0004 0200     		.2byte	0x2
 1206 0006 00000000 		.4byte	.Ldebug_info0
 1207 000a 04       		.byte	0x4
 1208 000b 00       		.byte	0
 1209 000c 0000     		.2byte	0
 1210 000e 0000     		.2byte	0
 1211 0010 00000000 		.4byte	.LFB119
 1212 0014 C0000000 		.4byte	.LFE119-.LFB119
 1213 0018 00000000 		.4byte	.LFB120
 1214 001c DE000000 		.4byte	.LFE120-.LFB120
 1215 0020 00000000 		.4byte	0
 1216 0024 00000000 		.4byte	0
 1217              		.section	.debug_ranges,"",%progbits
 1218              	.Ldebug_ranges0:
 1219 0000 74000000 		.4byte	.LBB4
 1220 0004 7C000000 		.4byte	.LBE4
 1221 0008 82000000 		.4byte	.LBB7
 1222 000c BC000000 		.4byte	.LBE7
 1223 0010 00000000 		.4byte	0
 1224 0014 00000000 		.4byte	0
 1225 0018 00000000 		.4byte	.LFB119
 1226 001c C0000000 		.4byte	.LFE119
 1227 0020 00000000 		.4byte	.LFB120
 1228 0024 DE000000 		.4byte	.LFE120
 1229 0028 00000000 		.4byte	0
 1230 002c 00000000 		.4byte	0
 1231              		.section	.debug_line,"",%progbits
 1232              	.Ldebug_line0:
 1233 0000 A5010000 		.section	.debug_str,"MS",%progbits,1
 1233      02000C01 
 1233      00000201 
 1233      FB0E0D00 
 1233      01010101 
 1234              	.LASF51:
 1235 0000 41484231 		.ascii	"AHB1LPENR\000"
 1235      4C50454E 
 1235      5200
 1236              	.LASF41:
 1237 000a 41504231 		.ascii	"APB1RSTR\000"
 1237      52535452 
 1237      00
 1238              	.LASF45:
 1239 0013 41484232 		.ascii	"AHB2ENR\000"
 1239      454E5200 
 1240              	.LASF15:
 1241 001b 44454D43 		.ascii	"DEMCR\000"
 1241      5200
 1242              	.LASF3:
 1243 0021 73686F72 		.ascii	"short int\000"
 1243      7420696E 
ARM GAS  /var/folders/5n/p_75w94d66l9ssrldxqdhh700000gn/T//ccileMYK.s 			page 23


 1243      7400
 1244              	.LASF58:
 1245 002b 42444352 		.ascii	"BDCR\000"
 1245      00
 1246              	.LASF24:
 1247 0030 50435352 		.ascii	"PCSR\000"
 1247      00
 1248              	.LASF23:
 1249 0035 464F4C44 		.ascii	"FOLDCNT\000"
 1249      434E5400 
 1250              	.LASF61:
 1251 003d 504C4C49 		.ascii	"PLLI2SCFGR\000"
 1251      32534346 
 1251      475200
 1252              	.LASF34:
 1253 0048 5057525F 		.ascii	"PWR_TypeDef\000"
 1253      54797065 
 1253      44656600 
 1254              	.LASF44:
 1255 0054 41484231 		.ascii	"AHB1ENR\000"
 1255      454E5200 
 1256              	.LASF60:
 1257 005c 53534347 		.ascii	"SSCGR\000"
 1257      5200
 1258              	.LASF17:
 1259 0062 4354524C 		.ascii	"CTRL\000"
 1259      00
 1260              	.LASF53:
 1261 0067 41484233 		.ascii	"AHB3LPENR\000"
 1261      4C50454E 
 1261      5200
 1262              	.LASF36:
 1263 0071 43464752 		.ascii	"CFGR\000"
 1263      00
 1264              	.LASF19:
 1265 0076 43504943 		.ascii	"CPICNT\000"
 1265      4E5400
 1266              	.LASF66:
 1267 007d 2F557365 		.ascii	"/Users/sin/Documents/Eclipse/Workspace/mabl-ChibiOS"
 1267      72732F73 
 1267      696E2F44 
 1267      6F63756D 
 1267      656E7473 
 1268 00b0 2D322E35 		.ascii	"-2.5.1/demos/ARMCM4-STM32F407-LWIP\000"
 1268      2E312F64 
 1268      656D6F73 
 1268      2F41524D 
 1268      434D342D 
 1269              	.LASF48:
 1270 00d3 41504231 		.ascii	"APB1ENR\000"
 1270      454E5200 
 1271              	.LASF13:
 1272 00db 44435253 		.ascii	"DCRSR\000"
 1272      5200
 1273              	.LASF67:
 1274 00e1 68616C5F 		.ascii	"hal_lld_backup_domain_init\000"
 1274      6C6C645F 
ARM GAS  /var/folders/5n/p_75w94d66l9ssrldxqdhh700000gn/T//ccileMYK.s 			page 24


 1274      6261636B 
 1274      75705F64 
 1274      6F6D6169 
 1275              	.LASF14:
 1276 00fc 44435244 		.ascii	"DCRDR\000"
 1276      5200
 1277              	.LASF46:
 1278 0102 41484233 		.ascii	"AHB3ENR\000"
 1278      454E5200 
 1279              	.LASF31:
 1280 010a 4F50544B 		.ascii	"OPTKEYR\000"
 1280      45595200 
 1281              	.LASF10:
 1282 0112 6C6F6E67 		.ascii	"long long int\000"
 1282      206C6F6E 
 1282      6720696E 
 1282      7400
 1283              	.LASF18:
 1284 0120 43594343 		.ascii	"CYCCNT\000"
 1284      4E5400
 1285              	.LASF28:
 1286 0127 43414C49 		.ascii	"CALIB\000"
 1286      4200
 1287              	.LASF12:
 1288 012d 44484353 		.ascii	"DHCSR\000"
 1288      5200
 1289              	.LASF7:
 1290 0133 6C6F6E67 		.ascii	"long int\000"
 1290      20696E74 
 1290      00
 1291              	.LASF62:
 1292 013c 5243435F 		.ascii	"RCC_TypeDef\000"
 1292      54797065 
 1292      44656600 
 1293              	.LASF42:
 1294 0148 41504232 		.ascii	"APB2RSTR\000"
 1294      52535452 
 1294      00
 1295              	.LASF69:
 1296 0151 73746D33 		.ascii	"stm32_clock_init\000"
 1296      325F636C 
 1296      6F636B5F 
 1296      696E6974 
 1296      00
 1297              	.LASF30:
 1298 0162 4B455952 		.ascii	"KEYR\000"
 1298      00
 1299              	.LASF20:
 1300 0167 45584343 		.ascii	"EXCCNT\000"
 1300      4E5400
 1301              	.LASF2:
 1302 016e 756E7369 		.ascii	"unsigned char\000"
 1302      676E6564 
 1302      20636861 
 1302      7200
 1303              	.LASF49:
 1304 017c 41504232 		.ascii	"APB2ENR\000"
ARM GAS  /var/folders/5n/p_75w94d66l9ssrldxqdhh700000gn/T//ccileMYK.s 			page 25


 1304      454E5200 
 1305              	.LASF1:
 1306 0184 7369676E 		.ascii	"signed char\000"
 1306      65642063 
 1306      68617200 
 1307              	.LASF11:
 1308 0190 6C6F6E67 		.ascii	"long long unsigned int\000"
 1308      206C6F6E 
 1308      6720756E 
 1308      7369676E 
 1308      65642069 
 1309              	.LASF8:
 1310 01a7 75696E74 		.ascii	"uint32_t\000"
 1310      33325F74 
 1310      00
 1311              	.LASF0:
 1312 01b0 756E7369 		.ascii	"unsigned int\000"
 1312      676E6564 
 1312      20696E74 
 1312      00
 1313              	.LASF38:
 1314 01bd 41484232 		.ascii	"AHB2RSTR\000"
 1314      52535452 
 1314      00
 1315              	.LASF5:
 1316 01c6 75696E74 		.ascii	"uint16_t\000"
 1316      31365F74 
 1316      00
 1317              	.LASF9:
 1318 01cf 6C6F6E67 		.ascii	"long unsigned int\000"
 1318      20756E73 
 1318      69676E65 
 1318      6420696E 
 1318      7400
 1319              	.LASF68:
 1320 01e1 68616C5F 		.ascii	"hal_lld_init\000"
 1320      6C6C645F 
 1320      696E6974 
 1320      00
 1321              	.LASF35:
 1322 01ee 504C4C43 		.ascii	"PLLCFGR\000"
 1322      46475200 
 1323              	.LASF29:
 1324 01f6 53797354 		.ascii	"SysTick_Type\000"
 1324      69636B5F 
 1324      54797065 
 1324      00
 1325              	.LASF4:
 1326 0203 73686F72 		.ascii	"short unsigned int\000"
 1326      7420756E 
 1326      7369676E 
 1326      65642069 
 1326      6E7400
 1327              	.LASF55:
 1328 0216 41504231 		.ascii	"APB1LPENR\000"
 1328      4C50454E 
 1328      5200
ARM GAS  /var/folders/5n/p_75w94d66l9ssrldxqdhh700000gn/T//ccileMYK.s 			page 26


 1329              	.LASF26:
 1330 0220 63686172 		.ascii	"char\000"
 1330      00
 1331              	.LASF16:
 1332 0225 434D785F 		.ascii	"CMx_SCS\000"
 1332      53435300 
 1333              	.LASF6:
 1334 022d 696E7433 		.ascii	"int32_t\000"
 1334      325F7400 
 1335              	.LASF52:
 1336 0235 41484232 		.ascii	"AHB2LPENR\000"
 1336      4C50454E 
 1336      5200
 1337              	.LASF25:
 1338 023f 434D785F 		.ascii	"CMx_DWT\000"
 1338      44575400 
 1339              	.LASF64:
 1340 0247 474E5520 		.ascii	"GNU C 4.6.2 20111004 (prerelease)\000"
 1340      4320342E 
 1340      362E3220 
 1340      32303131 
 1340      31303034 
 1341              	.LASF40:
 1342 0269 52455345 		.ascii	"RESERVED0\000"
 1342      52564544 
 1342      3000
 1343              	.LASF43:
 1344 0273 52455345 		.ascii	"RESERVED1\000"
 1344      52564544 
 1344      3100
 1345              	.LASF47:
 1346 027d 52455345 		.ascii	"RESERVED2\000"
 1346      52564544 
 1346      3200
 1347              	.LASF50:
 1348 0287 52455345 		.ascii	"RESERVED3\000"
 1348      52564544 
 1348      3300
 1349              	.LASF54:
 1350 0291 52455345 		.ascii	"RESERVED4\000"
 1350      52564544 
 1350      3400
 1351              	.LASF57:
 1352 029b 52455345 		.ascii	"RESERVED5\000"
 1352      52564544 
 1352      3500
 1353              	.LASF59:
 1354 02a5 52455345 		.ascii	"RESERVED6\000"
 1354      52564544 
 1354      3600
 1355              	.LASF21:
 1356 02af 534C4545 		.ascii	"SLEEPCNT\000"
 1356      50434E54 
 1356      00
 1357              	.LASF65:
 1358 02b8 2E2E2F2E 		.ascii	"../../os/hal/platforms/STM32F4xx/hal_lld.c\000"
 1358      2E2F6F73 
ARM GAS  /var/folders/5n/p_75w94d66l9ssrldxqdhh700000gn/T//ccileMYK.s 			page 27


 1358      2F68616C 
 1358      2F706C61 
 1358      74666F72 
 1359              	.LASF22:
 1360 02e3 4C535543 		.ascii	"LSUCNT\000"
 1360      4E5400
 1361              	.LASF27:
 1362 02ea 4C4F4144 		.ascii	"LOAD\000"
 1362      00
 1363              	.LASF37:
 1364 02ef 41484231 		.ascii	"AHB1RSTR\000"
 1364      52535452 
 1364      00
 1365              	.LASF39:
 1366 02f8 41484233 		.ascii	"AHB3RSTR\000"
 1366      52535452 
 1366      00
 1367              	.LASF33:
 1368 0301 464C4153 		.ascii	"FLASH_TypeDef\000"
 1368      485F5479 
 1368      70654465 
 1368      6600
 1369              	.LASF63:
 1370 030f 49544D5F 		.ascii	"ITM_RxBuffer\000"
 1370      52784275 
 1370      66666572 
 1370      00
 1371              	.LASF56:
 1372 031c 41504232 		.ascii	"APB2LPENR\000"
 1372      4C50454E 
 1372      5200
 1373              	.LASF32:
 1374 0326 4F505443 		.ascii	"OPTCR\000"
 1374      5200
 1375              		.ident	"GCC: (Linaro GCC 4.6-2011.10) 4.6.2 20111004 (prerelease)"
ARM GAS  /var/folders/5n/p_75w94d66l9ssrldxqdhh700000gn/T//ccileMYK.s 			page 28


DEFINED SYMBOLS
                            *ABS*:0000000000000000 hal_lld.c
/var/folders/5n/p_75w94d66l9ssrldxqdhh700000gn/T//ccileMYK.s:18     .text.hal_lld_init:0000000000000000 $t
/var/folders/5n/p_75w94d66l9ssrldxqdhh700000gn/T//ccileMYK.s:24     .text.hal_lld_init:0000000000000000 hal_lld_init
/var/folders/5n/p_75w94d66l9ssrldxqdhh700000gn/T//ccileMYK.s:149    .text.stm32_clock_init:0000000000000000 $t
/var/folders/5n/p_75w94d66l9ssrldxqdhh700000gn/T//ccileMYK.s:155    .text.stm32_clock_init:0000000000000000 stm32_clock_init
                     .debug_frame:0000000000000010 $d

NO UNDEFINED SYMBOLS
