ARM GAS  /var/folders/5n/p_75w94d66l9ssrldxqdhh700000gn/T//cc7YPUSW.s 			page 1


   1              		.syntax unified
   2              		.cpu cortex-m4
   3              		.fpu softvfp
   4              		.eabi_attribute 20, 1
   5              		.eabi_attribute 21, 1
   6              		.eabi_attribute 23, 3
   7              		.eabi_attribute 24, 1
   8              		.eabi_attribute 25, 1
   9              		.eabi_attribute 26, 1
  10              		.eabi_attribute 30, 2
  11              		.eabi_attribute 18, 4
  12              		.thumb
  13              		.file	"ip_addr.c"
  14              		.text
  15              	.Ltext0:
  16              		.cfi_sections	.debug_frame
  17              		.section	.text.ip4_addr_isbroadcast,"ax",%progbits
  18              		.align	2
  19              		.p2align 4,,15
  20              		.global	ip4_addr_isbroadcast
  21              		.thumb
  22              		.thumb_func
  23              		.type	ip4_addr_isbroadcast, %function
  24              	ip4_addr_isbroadcast:
  25              	.LFB7:
  26              		.file 1 "../../ext/lwip/src/core/ipv4/ip_addr.c"
  27              		.loc 1 56 0
  28              		.cfi_startproc
  29              		@ args = 0, pretend = 0, frame = 0
  30              		@ frame_needed = 0, uses_anonymous_args = 0
  31              		@ link register save eliminated.
  32              	.LVL0:
  33              		.loc 1 61 0
  34 0000 431E     		subs	r3, r0, #1
  35 0002 0333     		adds	r3, r3, #3
  36 0004 14D8     		bhi	.L3
  37              		.loc 1 65 0
  38 0006 91F82930 		ldrb	r3, [r1, #41]	@ zero_extendqisi2
  39 000a 13F00203 		ands	r3, r3, #2
  40 000e 0DD0     		beq	.L4
  41              		.loc 1 70 0
  42 0010 4B68     		ldr	r3, [r1, #4]
  43 0012 8342     		cmp	r3, r0
  44 0014 10D0     		beq	.L5
  45              		.loc 1 73 0
  46 0016 8A68     		ldr	r2, [r1, #8]
  47 0018 4340     		eors	r3, r3, r0
  48 001a 1342     		tst	r3, r2
  49 001c 0AD1     		bne	.L6
  50              		.loc 1 75 0
  51 001e D243     		mvns	r2, r2
  52 0020 1040     		ands	r0, r0, r2
  53              	.LVL1:
  54              		.loc 1 63 0
  55 0022 131A     		subs	r3, r2, r0
  56 0024 5842     		rsbs	r0, r3, #0
  57 0026 40EB0300 		adc	r0, r0, r3
ARM GAS  /var/folders/5n/p_75w94d66l9ssrldxqdhh700000gn/T//cc7YPUSW.s 			page 2


  58 002a 7047     		bx	lr
  59              	.LVL2:
  60              	.L4:
  61              		.loc 1 68 0
  62 002c 1846     		mov	r0, r3
  63              	.LVL3:
  64 002e 7047     		bx	lr
  65              	.LVL4:
  66              	.L3:
  67              		.loc 1 63 0
  68 0030 0120     		movs	r0, #1
  69              	.LVL5:
  70 0032 7047     		bx	lr
  71              	.LVL6:
  72              	.L6:
  73              		.loc 1 80 0
  74 0034 0020     		movs	r0, #0
  75              	.LVL7:
  76              		.loc 1 82 0
  77 0036 7047     		bx	lr
  78              	.LVL8:
  79              	.L5:
  80              		.loc 1 71 0
  81 0038 0020     		movs	r0, #0
  82              	.LVL9:
  83 003a 7047     		bx	lr
  84              		.cfi_endproc
  85              	.LFE7:
  86              		.size	ip4_addr_isbroadcast, .-ip4_addr_isbroadcast
  87 003c AFF30080 		.section	.text.ip4_addr_netmask_valid,"ax",%progbits
  88              		.align	2
  89              		.p2align 4,,15
  90              		.global	ip4_addr_netmask_valid
  91              		.thumb
  92              		.thumb_func
  93              		.type	ip4_addr_netmask_valid, %function
  94              	ip4_addr_netmask_valid:
  95              	.LFB8:
  96              		.loc 1 91 0
  97              		.cfi_startproc
  98              		@ args = 0, pretend = 0, frame = 0
  99              		@ frame_needed = 0, uses_anonymous_args = 0
 100              	.LVL10:
 101 0000 08B5     		push	{r3, lr}
 102              	.LCFI0:
 103              		.cfi_def_cfa_offset 8
 104              		.cfi_offset 14, -4
 105              		.cfi_offset 3, -8
 106              		.loc 1 93 0
 107 0002 FFF7FEFF 		bl	lwip_htonl
 108              	.LVL11:
 109 0006 2022     		movs	r2, #32
 110              		.loc 1 96 0
 111 0008 4FF00043 		mov	r3, #-2147483648
 112 000c 02E0     		b	.L12
 113              	.LVL12:
 114              	.L9:
ARM GAS  /var/folders/5n/p_75w94d66l9ssrldxqdhh700000gn/T//cc7YPUSW.s 			page 3


 115 000e 5B08     		lsrs	r3, r3, #1
 116              	.LVL13:
 117 0010 013A     		subs	r2, r2, #1
 118 0012 07D0     		beq	.L18
 119              	.LVL14:
 120              	.L12:
 121              		.loc 1 97 0
 122 0014 0342     		tst	r3, r0
 123 0016 FAD1     		bne	.L9
 124              	.LVL15:
 125              		.loc 1 102 0
 126 0018 13B9     		cbnz	r3, .L17
 127 001a 03E0     		b	.L18
 128              	.L14:
 129              		.loc 1 103 0
 130 001c 0342     		tst	r3, r0
 131 001e 03D1     		bne	.L15
 132              	.L17:
 133              	.LVL16:
 134              		.loc 1 102 0
 135 0020 5B08     		lsrs	r3, r3, #1
 136              	.LVL17:
 137 0022 FBD1     		bne	.L14
 138              	.L18:
 139              		.loc 1 109 0
 140 0024 0120     		movs	r0, #1
 141              	.LVL18:
 142 0026 08BD     		pop	{r3, pc}
 143              	.LVL19:
 144              	.L15:
 145              		.loc 1 105 0
 146 0028 0020     		movs	r0, #0
 147              	.LVL20:
 148              		.loc 1 110 0
 149 002a 08BD     		pop	{r3, pc}
 150              		.cfi_endproc
 151              	.LFE8:
 152              		.size	ip4_addr_netmask_valid, .-ip4_addr_netmask_valid
 153 002c AFF30080 		.section	.text.ipaddr_aton,"ax",%progbits
 154              		.align	2
 155              		.p2align 4,,15
 156              		.global	ipaddr_aton
 157              		.thumb
 158              		.thumb_func
 159              		.type	ipaddr_aton, %function
 160              	ipaddr_aton:
 161              	.LFB10:
 162              		.loc 1 153 0
 163              		.cfi_startproc
 164              		@ args = 0, pretend = 0, frame = 24
 165              		@ frame_needed = 0, uses_anonymous_args = 0
 166              	.LVL21:
 167 0000 2DE9F041 		push	{r4, r5, r6, r7, r8, lr}
 168              	.LCFI1:
 169              		.cfi_def_cfa_offset 24
 170              		.cfi_offset 14, -4
 171              		.cfi_offset 8, -8
ARM GAS  /var/folders/5n/p_75w94d66l9ssrldxqdhh700000gn/T//cc7YPUSW.s 			page 4


 172              		.cfi_offset 7, -12
 173              		.cfi_offset 6, -16
 174              		.cfi_offset 5, -20
 175              		.cfi_offset 4, -24
 176              		.loc 1 160 0
 177 0004 0378     		ldrb	r3, [r0, #0]	@ zero_extendqisi2
 178              		.loc 1 167 0
 179 0006 A3F13002 		sub	r2, r3, #48
 180 000a D4B2     		uxtb	r4, r2
 181 000c 092C     		cmp	r4, #9
 182              		.loc 1 153 0
 183 000e 86B0     		sub	sp, sp, #24
 184              	.LCFI2:
 185              		.cfi_def_cfa_offset 48
 186              	.LVL22:
 187              		.loc 1 167 0
 188 0010 43D8     		bhi	.L50
 189              		.loc 1 152 0
 190 0012 0DF1080C 		add	ip, sp, #8
 191 0016 05AF     		add	r7, sp, #20
 192              		.loc 1 158 0
 193 0018 6646     		mov	r6, ip
 194              	.LVL23:
 195              	.L30:
 196              		.loc 1 170 0
 197 001a 0A25     		movs	r5, #10
 198              		.loc 1 171 0
 199 001c 302B     		cmp	r3, #48
 200 001e 20D0     		beq	.L53
 201              	.LVL24:
 202              	.L21:
 203              		.loc 1 174 0
 204 0020 0024     		movs	r4, #0
 205 0022 06E0     		b	.L23
 206              	.LVL25:
 207              	.L54:
 208              		.loc 1 181 0
 209 0024 05FB0434 		mla	r4, r5, r4, r3
 210              	.LVL26:
 211              		.loc 1 182 0
 212 0028 4378     		ldrb	r3, [r0, #1]	@ zero_extendqisi2
 213              	.LVL27:
 214              		.loc 1 181 0
 215 002a 303C     		subs	r4, r4, #48
 216              	.LVL28:
 217              	.L25:
 218              		.loc 1 175 0
 219 002c 0130     		adds	r0, r0, #1
 220 002e A3F13002 		sub	r2, r3, #48
 221              	.LVL29:
 222              	.L23:
 223              		.loc 1 180 0
 224 0032 D2B2     		uxtb	r2, r2
 225 0034 092A     		cmp	r2, #9
 226 0036 F5D9     		bls	.L54
 227              		.loc 1 183 0
 228 0038 102D     		cmp	r5, #16
ARM GAS  /var/folders/5n/p_75w94d66l9ssrldxqdhh700000gn/T//cc7YPUSW.s 			page 5


 229 003a 21D1     		bne	.L26
 230              		.loc 1 183 0 is_stmt 0 discriminator 1
 231 003c A3F16102 		sub	r2, r3, #97
 232 0040 D2B2     		uxtb	r2, r2
 233 0042 052A     		cmp	r2, #5
 234 0044 18D9     		bls	.L27
 235 0046 A3F14108 		sub	r8, r3, #65
 236 004a B8F1050F 		cmp	r8, #5
 237 004e 17D8     		bhi	.L26
 238              		.loc 1 184 0 is_stmt 1
 239 0050 2401     		lsls	r4, r4, #4
 240              	.LVL30:
 241 0052 0A33     		adds	r3, r3, #10
 242              	.LVL31:
 243 0054 192A     		cmp	r2, #25
 244 0056 11D9     		bls	.L38
 245 0058 4122     		movs	r2, #65
 246              	.LVL32:
 247              	.L28:
 248              		.loc 1 184 0 is_stmt 0 discriminator 3
 249 005a 9B1A     		subs	r3, r3, r2
 250 005c 1C43     		orrs	r4, r4, r3
 251              	.LVL33:
 252              		.loc 1 185 0 is_stmt 1 discriminator 3
 253 005e 4378     		ldrb	r3, [r0, #1]	@ zero_extendqisi2
 254              	.LVL34:
 255 0060 E4E7     		b	.L25
 256              	.LVL35:
 257              	.L53:
 258              		.loc 1 172 0
 259 0062 4378     		ldrb	r3, [r0, #1]	@ zero_extendqisi2
 260              	.LVL36:
 261              		.loc 1 173 0
 262 0064 782B     		cmp	r3, #120
 263 0066 18BF     		it	ne
 264 0068 582B     		cmpne	r3, #88
 265 006a 1BD1     		bne	.L55
 266              	.LVL37:
 267              		.loc 1 175 0
 268 006c 8378     		ldrb	r3, [r0, #2]	@ zero_extendqisi2
 269              	.LVL38:
 270              		.loc 1 174 0
 271 006e 1025     		movs	r5, #16
 272              		.loc 1 175 0
 273 0070 0230     		adds	r0, r0, #2
 274              	.LVL39:
 275 0072 A3F13002 		sub	r2, r3, #48
 276 0076 D3E7     		b	.L21
 277              	.LVL40:
 278              	.L27:
 279              		.loc 1 184 0
 280 0078 2401     		lsls	r4, r4, #4
 281              	.LVL41:
 282 007a 0A33     		adds	r3, r3, #10
 283              	.LVL42:
 284              	.L38:
 285 007c 6122     		movs	r2, #97
ARM GAS  /var/folders/5n/p_75w94d66l9ssrldxqdhh700000gn/T//cc7YPUSW.s 			page 6


 286 007e ECE7     		b	.L28
 287              	.LVL43:
 288              	.L26:
 289              		.loc 1 189 0
 290 0080 2E2B     		cmp	r3, #46
 291 0082 14D1     		bne	.L29
 292              		.loc 1 196 0
 293 0084 BE42     		cmp	r6, r7
 294 0086 08D0     		beq	.L50
 295              		.loc 1 200 0
 296 0088 4378     		ldrb	r3, [r0, #1]	@ zero_extendqisi2
 297              	.LVL44:
 298              		.loc 1 199 0
 299 008a 46F8044B 		str	r4, [r6], #4
 300              	.LVL45:
 301              		.loc 1 167 0
 302 008e A3F13002 		sub	r2, r3, #48
 303 0092 D4B2     		uxtb	r4, r2
 304              	.LVL46:
 305              		.loc 1 200 0
 306 0094 0130     		adds	r0, r0, #1
 307              	.LVL47:
 308              		.loc 1 167 0
 309 0096 092C     		cmp	r4, #9
 310 0098 BFD9     		bls	.L30
 311              	.LVL48:
 312              	.L50:
 313              		.loc 1 238 0
 314 009a 0023     		movs	r3, #0
 315              	.LVL49:
 316              	.L20:
 317              		.loc 1 250 0
 318 009c 1846     		mov	r0, r3
 319 009e 06B0     		add	sp, sp, #24
 320 00a0 BDE8F081 		pop	{r4, r5, r6, r7, r8, pc}
 321              	.LVL50:
 322              	.L55:
 323              		.loc 1 172 0
 324 00a4 0130     		adds	r0, r0, #1
 325              	.LVL51:
 326              		.loc 1 177 0
 327 00a6 0825     		movs	r5, #8
 328 00a8 A3F13002 		sub	r2, r3, #48
 329 00ac B8E7     		b	.L21
 330              	.LVL52:
 331              	.L29:
 332              		.loc 1 207 0
 333 00ae 5BB1     		cbz	r3, .L31
 334              		.loc 1 207 0 is_stmt 0 discriminator 1
 335 00b0 0C2B     		cmp	r3, #12
 336 00b2 18BF     		it	ne
 337 00b4 202B     		cmpne	r3, #32
 338 00b6 07D0     		beq	.L31
 339 00b8 0D2B     		cmp	r3, #13
 340 00ba 18BF     		it	ne
 341 00bc 0A2B     		cmpne	r3, #10
 342 00be 03D0     		beq	.L31
ARM GAS  /var/folders/5n/p_75w94d66l9ssrldxqdhh700000gn/T//cc7YPUSW.s 			page 7


 343 00c0 0B2B     		cmp	r3, #11
 344 00c2 18BF     		it	ne
 345 00c4 092B     		cmpne	r3, #9
 346 00c6 E8D1     		bne	.L50
 347              	.L31:
 348              		.loc 1 214 0 is_stmt 1
 349 00c8 CCEB0603 		rsb	r3, ip, r6
 350              	.LVL53:
 351 00cc 9B10     		asrs	r3, r3, #2
 352 00ce 0133     		adds	r3, r3, #1
 353 00d0 042B     		cmp	r3, #4
 354 00d2 34D8     		bhi	.L32
 355 00d4 01A2     		adr	r2, .L37
 356 00d6 52F823F0 		ldr	pc, [r2, r3, lsl #2]
 357 00da 00BF     		.align	2
 358              	.L37:
 359 00dc 9B000000 		.word	.L50+1
 360 00e0 FD000000 		.word	.L33+1
 361 00e4 F1000000 		.word	.L34+1
 362 00e8 2B010000 		.word	.L35+1
 363 00ec 13010000 		.word	.L36+1
 364              	.L34:
 365              		.loc 1 223 0
 366 00f0 B4F1807F 		cmp	r4, #16777216
 367 00f4 D1D2     		bcs	.L50
 368              		.loc 1 226 0
 369 00f6 029B     		ldr	r3, [sp, #8]
 370 00f8 44EA0364 		orr	r4, r4, r3, lsl #24
 371              	.LVL54:
 372              	.L33:
 373              		.loc 1 249 0
 374 00fc 0123     		movs	r3, #1
 375              		.loc 1 246 0
 376 00fe 0029     		cmp	r1, #0
 377 0100 CCD0     		beq	.L20
 378              		.loc 1 247 0
 379 0102 2046     		mov	r0, r4
 380 0104 0191     		str	r1, [sp, #4]
 381 0106 FFF7FEFF 		bl	lwip_htonl
 382 010a 0199     		ldr	r1, [sp, #4]
 383              		.loc 1 249 0
 384 010c 0123     		movs	r3, #1
 385              		.loc 1 247 0
 386 010e 0860     		str	r0, [r1, #0]
 387 0110 C4E7     		b	.L20
 388              	.LVL55:
 389              	.L36:
 390              		.loc 1 237 0
 391 0112 FF2C     		cmp	r4, #255
 392 0114 C1D8     		bhi	.L50
 393              		.loc 1 240 0
 394 0116 029B     		ldr	r3, [sp, #8]
 395 0118 039A     		ldr	r2, [sp, #12]
 396 011a 1B06     		lsls	r3, r3, #24
 397 011c 43EA0243 		orr	r3, r3, r2, lsl #16
 398 0120 049A     		ldr	r2, [sp, #16]
 399 0122 43EA0223 		orr	r3, r3, r2, lsl #8
ARM GAS  /var/folders/5n/p_75w94d66l9ssrldxqdhh700000gn/T//cc7YPUSW.s 			page 8


 400 0126 1C43     		orrs	r4, r4, r3
 401              	.LVL56:
 402              		.loc 1 241 0
 403 0128 E8E7     		b	.L33
 404              	.L35:
 405              		.loc 1 230 0
 406 012a B4F5803F 		cmp	r4, #65536
 407 012e B4D2     		bcs	.L50
 408              		.loc 1 233 0
 409 0130 029B     		ldr	r3, [sp, #8]
 410 0132 039A     		ldr	r2, [sp, #12]
 411 0134 1B06     		lsls	r3, r3, #24
 412 0136 43EA0243 		orr	r3, r3, r2, lsl #16
 413 013a 1C43     		orrs	r4, r4, r3
 414              	.LVL57:
 415              		.loc 1 234 0
 416 013c DEE7     		b	.L33
 417              	.L32:
 418              		.loc 1 243 0 discriminator 1
 419 013e 0191     		str	r1, [sp, #4]
 420 0140 FFF7FEFF 		bl	port_halt
 421              	.LVL58:
 422 0144 0199     		ldr	r1, [sp, #4]
 423              		.loc 1 244 0 discriminator 1
 424 0146 D9E7     		b	.L33
 425              		.cfi_endproc
 426              	.LFE10:
 427              		.size	ipaddr_aton, .-ipaddr_aton
 428 0148 AFF30080 		.section	.text.ipaddr_addr,"ax",%progbits
 428      AFF30080 
 429              		.align	2
 430              		.p2align 4,,15
 431              		.global	ipaddr_addr
 432              		.thumb
 433              		.thumb_func
 434              		.type	ipaddr_addr, %function
 435              	ipaddr_addr:
 436              	.LFB9:
 437              		.loc 1 131 0
 438              		.cfi_startproc
 439              		@ args = 0, pretend = 0, frame = 8
 440              		@ frame_needed = 0, uses_anonymous_args = 0
 441              	.LVL59:
 442 0000 00B5     		push	{lr}
 443              	.LCFI3:
 444              		.cfi_def_cfa_offset 4
 445              		.cfi_offset 14, -4
 446 0002 83B0     		sub	sp, sp, #12
 447              	.LCFI4:
 448              		.cfi_def_cfa_offset 16
 449              		.loc 1 134 0
 450 0004 01A9     		add	r1, sp, #4
 451 0006 FFF7FEFF 		bl	ipaddr_aton
 452              	.LVL60:
 453 000a 18B9     		cbnz	r0, .L59
 454              		.loc 1 137 0
 455 000c 4FF0FF30 		mov	r0, #-1
ARM GAS  /var/folders/5n/p_75w94d66l9ssrldxqdhh700000gn/T//cc7YPUSW.s 			page 9


 456              	.L57:
 457              		.loc 1 138 0
 458 0010 03B0     		add	sp, sp, #12
 459 0012 00BD     		pop	{pc}
 460              	.L59:
 461              		.loc 1 135 0
 462 0014 0198     		ldr	r0, [sp, #4]
 463 0016 FBE7     		b	.L57
 464              		.cfi_endproc
 465              	.LFE9:
 466              		.size	ipaddr_addr, .-ipaddr_addr
 467 0018 AFF30080 		.section	.text.ipaddr_ntoa_r,"ax",%progbits
 467      AFF30080 
 468              		.align	2
 469              		.p2align 4,,15
 470              		.global	ipaddr_ntoa_r
 471              		.thumb
 472              		.thumb_func
 473              		.type	ipaddr_ntoa_r, %function
 474              	ipaddr_ntoa_r:
 475              	.LFB12:
 476              		.loc 1 277 0
 477              		.cfi_startproc
 478              		@ args = 0, pretend = 0, frame = 8
 479              		@ frame_needed = 0, uses_anonymous_args = 0
 480              		@ link register save eliminated.
 481              	.LVL61:
 482 0000 2DE9F00F 		push	{r4, r5, r6, r7, r8, r9, sl, fp}
 483              	.LCFI5:
 484              		.cfi_def_cfa_offset 32
 485              		.cfi_offset 11, -4
 486              		.cfi_offset 10, -8
 487              		.cfi_offset 9, -12
 488              		.cfi_offset 8, -16
 489              		.cfi_offset 7, -20
 490              		.cfi_offset 6, -24
 491              		.cfi_offset 5, -28
 492              		.cfi_offset 4, -32
 493 0004 82B0     		sub	sp, sp, #8
 494              	.LCFI6:
 495              		.cfi_def_cfa_offset 40
 496              		.loc 1 287 0
 497 0006 0068     		ldr	r0, [r0, #0]
 498              	.LVL62:
 499 0008 02AB     		add	r3, sp, #8
 500              		.loc 1 294 0
 501 000a 4CF6CD44 		movw	r4, #52429
 502              		.loc 1 287 0
 503 000e 43F8080D 		str	r0, [r3, #-8]!
 504              	.LVL63:
 505              		.loc 1 276 0
 506 0012 0DF1040B 		add	fp, sp, #4
 507              		.loc 1 289 0
 508 0016 8946     		mov	r9, r1
 509              		.loc 1 285 0
 510 0018 4FF0000A 		mov	sl, #0
 511              		.loc 1 294 0
ARM GAS  /var/folders/5n/p_75w94d66l9ssrldxqdhh700000gn/T//cc7YPUSW.s 			page 10


 512 001c CCF6CC44 		movt	r4, 52428
 513              	.LVL64:
 514              	.L66:
 515              		.loc 1 276 0 discriminator 1
 516 0020 13F8016B 		ldrb	r6, [r3], #1	@ zero_extendqisi2
 517 0024 0020     		movs	r0, #0
 518 0026 00E0     		b	.L61
 519              	.LVL65:
 520              	.L67:
 521              		.loc 1 296 0
 522 0028 3846     		mov	r0, r7
 523              	.LVL66:
 524              	.L61:
 525              		.loc 1 294 0 discriminator 1
 526 002a A4FB0657 		umull	r5, r7, r4, r6
 527 002e FF08     		lsrs	r7, r7, #3
 528 0030 07EB8705 		add	r5, r7, r7, lsl #2
 529 0034 A6EB4505 		sub	r5, r6, r5, lsl #1
 530              	.LVL67:
 531              		.loc 1 296 0 discriminator 1
 532 0038 02AE     		add	r6, sp, #8
 533 003a 06EB000C 		add	ip, r6, r0
 534 003e 3035     		adds	r5, r5, #48
 535              	.LVL68:
 536 0040 00F10108 		add	r8, r0, #1
 537 0044 05F0FF05 		and	r5, r5, #255
 538              	.LVL69:
 539              		.loc 1 295 0 discriminator 1
 540 0048 FEB2     		uxtb	r6, r7
 541              		.loc 1 296 0 discriminator 1
 542 004a 0CF8045C 		strb	r5, [ip, #-4]
 543 004e 5FFA88F7 		uxtb	r7, r8
 544              	.LVL70:
 545              		.loc 1 297 0 discriminator 1
 546 0052 002E     		cmp	r6, #0
 547 0054 E8D1     		bne	.L67
 548              		.loc 1 297 0 is_stmt 0
 549 0056 03F8016C 		strb	r6, [r3, #-1]
 550              	.LVL71:
 551              		.loc 1 298 0 is_stmt 1
 552 005a 002F     		cmp	r7, #0
 553 005c 2AD0     		beq	.L68
 554              	.LVL72:
 555              		.loc 1 299 0
 556 005e 5245     		cmp	r2, sl
 557 0060 2ADD     		ble	.L69
 558 0062 0AF10107 		add	r7, sl, #1
 559 0066 4E46     		mov	r6, r9
 560 0068 0AE0     		b	.L64
 561              	.LVL73:
 562              	.L65:
 563              		.loc 1 298 0
 564 006a 5FFA8CF0 		uxtb	r0, ip
 565              	.LVL74:
 566              		.loc 1 299 0
 567 006e 9742     		cmp	r7, r2
 568              		.loc 1 298 0
ARM GAS  /var/folders/5n/p_75w94d66l9ssrldxqdhh700000gn/T//cc7YPUSW.s 			page 11


 569 0070 0DF1080C 		add	ip, sp, #8
 570              	.LVL75:
 571 0074 0CEB0005 		add	r5, ip, r0
 572              		.loc 1 299 0
 573 0078 16D0     		beq	.L71
 574              		.loc 1 298 0
 575 007a 15F8045C 		ldrb	r5, [r5, #-4]	@ zero_extendqisi2
 576              		.loc 1 299 0
 577 007e 0137     		adds	r7, r7, #1
 578              	.LVL76:
 579              	.L64:
 580              		.loc 1 302 0
 581 0080 06F8015B 		strb	r5, [r6], #1
 582              	.LVL77:
 583              		.loc 1 298 0
 584 0084 00F1FF3C 		add	ip, r0, #-1
 585              		.loc 1 302 0
 586 0088 B146     		mov	r9, r6
 587              	.LVL78:
 588              		.loc 1 298 0
 589 008a 0028     		cmp	r0, #0
 590 008c EDD1     		bne	.L65
 591              	.LVL79:
 592              	.L62:
 593              		.loc 1 304 0
 594 008e BA42     		cmp	r2, r7
 595 0090 07F1010A 		add	sl, r7, #1
 596              	.LVL80:
 597 0094 08DD     		ble	.L71
 598              		.loc 1 307 0
 599 0096 2E20     		movs	r0, #46
 600              		.loc 1 291 0
 601 0098 5B45     		cmp	r3, fp
 602              		.loc 1 307 0
 603 009a 09F8010B 		strb	r0, [r9], #1
 604              	.LVL81:
 605              		.loc 1 291 0
 606 009e BFD1     		bne	.L66
 607              	.LVL82:
 608              		.loc 1 310 0
 609 00a0 0023     		movs	r3, #0
 610 00a2 09F8013C 		strb	r3, [r9, #-1]
 611              		.loc 1 311 0
 612 00a6 00E0     		b	.L63
 613              	.LVL83:
 614              	.L71:
 615              		.loc 1 305 0
 616 00a8 0021     		movs	r1, #0
 617              	.LVL84:
 618              	.L63:
 619              		.loc 1 312 0
 620 00aa 0846     		mov	r0, r1
 621 00ac 02B0     		add	sp, sp, #8
 622 00ae BDE8F00F 		pop	{r4, r5, r6, r7, r8, r9, sl, fp}
 623 00b2 7047     		bx	lr
 624              	.LVL85:
 625              	.L68:
ARM GAS  /var/folders/5n/p_75w94d66l9ssrldxqdhh700000gn/T//cc7YPUSW.s 			page 12


 626              		.loc 1 298 0
 627 00b4 5746     		mov	r7, sl
 628 00b6 EAE7     		b	.L62
 629              	.LVL86:
 630              	.L69:
 631              		.loc 1 300 0
 632 00b8 3146     		mov	r1, r6
 633              	.LVL87:
 634 00ba F6E7     		b	.L63
 635              		.cfi_endproc
 636              	.LFE12:
 637              		.size	ipaddr_ntoa_r, .-ipaddr_ntoa_r
 638 00bc AFF30080 		.section	.text.ipaddr_ntoa,"ax",%progbits
 639              		.align	2
 640              		.p2align 4,,15
 641              		.global	ipaddr_ntoa
 642              		.thumb
 643              		.thumb_func
 644              		.type	ipaddr_ntoa, %function
 645              	ipaddr_ntoa:
 646              	.LFB11:
 647              		.loc 1 262 0
 648              		.cfi_startproc
 649              		@ args = 0, pretend = 0, frame = 0
 650              		@ frame_needed = 0, uses_anonymous_args = 0
 651              		@ link register save eliminated.
 652              	.LVL88:
 653              		.loc 1 264 0
 654 0000 40F20001 		movw	r1, #:lower16:.LANCHOR0
 655 0004 C0F20001 		movt	r1, #:upper16:.LANCHOR0
 656 0008 1022     		movs	r2, #16
 657              		.loc 1 265 0
 658              		.loc 1 264 0
 659 000a FFF7FEBF 		b	ipaddr_ntoa_r
 660              	.LVL89:
 661              		.cfi_endproc
 662              	.LFE11:
 663              		.size	ipaddr_ntoa, .-ipaddr_ntoa
 664              		.global	ip_addr_broadcast
 665              		.global	ip_addr_any
 666 000e 00BF     		.section	.rodata.ip_addr_broadcast,"a",%progbits
 667              		.align	2
 668              		.type	ip_addr_broadcast, %object
 669              		.size	ip_addr_broadcast, 4
 670              	ip_addr_broadcast:
 671 0000 FFFFFFFF 		.word	-1
 672              		.section	.bss.str.2223,"aw",%nobits
 673              		.align	2
 674              		.set	.LANCHOR0,. + 0
 675              		.type	str.2223, %object
 676              		.size	str.2223, 16
 677              	str.2223:
 678 0000 00000000 		.space	16
 678      00000000 
 678      00000000 
 678      00000000 
 679              		.section	.rodata.ip_addr_any,"a",%progbits
ARM GAS  /var/folders/5n/p_75w94d66l9ssrldxqdhh700000gn/T//cc7YPUSW.s 			page 13


 680              		.align	2
 681              		.type	ip_addr_any, %object
 682              		.size	ip_addr_any, 4
 683              	ip_addr_any:
 684 0000 00000000 		.space	4
 685              		.text
 686              	.Letext0:
 687              		.file 2 "/usr/local/summon/lib/gcc/arm-none-eabi/4.6.2/../../../../arm-none-eabi/include/stdint.h"
 688              		.file 3 "../../os/various/lwip_bindings/arch/cc.h"
 689              		.file 4 "../../ext/lwip/src/include/ipv4/lwip/ip_addr.h"
 690              		.file 5 "../../ext/lwip/src/include/lwip/err.h"
 691              		.file 6 "../../ext/lwip/src/include/lwip/pbuf.h"
 692              		.file 7 "../../ext/lwip/src/include/lwip/netif.h"
 693              		.section	.debug_info,"",%progbits
 694              	.Ldebug_info0:
 695 0000 C1050000 		.4byte	0x5c1
 696 0004 0200     		.2byte	0x2
 697 0006 00000000 		.4byte	.Ldebug_abbrev0
 698 000a 04       		.byte	0x4
 699 000b 01       		.uleb128 0x1
 700 000c FD010000 		.4byte	.LASF55
 701 0010 01       		.byte	0x1
 702 0011 FB000000 		.4byte	.LASF56
 703 0015 41020000 		.4byte	.LASF57
 704 0019 00000000 		.4byte	0
 705 001d 00000000 		.4byte	0
 706 0021 00000000 		.4byte	.Ldebug_ranges0+0
 707 0025 00000000 		.4byte	.Ldebug_line0
 708 0029 02       		.uleb128 0x2
 709 002a 04       		.byte	0x4
 710 002b 05       		.byte	0x5
 711 002c 696E7400 		.ascii	"int\000"
 712 0030 03       		.uleb128 0x3
 713 0031 04       		.byte	0x4
 714 0032 07       		.byte	0x7
 715 0033 AB000000 		.4byte	.LASF0
 716 0037 04       		.uleb128 0x4
 717 0038 1F020000 		.4byte	.LASF2
 718 003c 02       		.byte	0x2
 719 003d 29       		.byte	0x29
 720 003e 42000000 		.4byte	0x42
 721 0042 03       		.uleb128 0x3
 722 0043 01       		.byte	0x1
 723 0044 06       		.byte	0x6
 724 0045 4B000000 		.4byte	.LASF1
 725 0049 04       		.uleb128 0x4
 726 004a 33020000 		.4byte	.LASF3
 727 004e 02       		.byte	0x2
 728 004f 2A       		.byte	0x2a
 729 0050 54000000 		.4byte	0x54
 730 0054 03       		.uleb128 0x3
 731 0055 01       		.byte	0x1
 732 0056 08       		.byte	0x8
 733 0057 B5010000 		.4byte	.LASF4
 734 005b 03       		.uleb128 0x3
 735 005c 02       		.byte	0x2
 736 005d 05       		.byte	0x5
ARM GAS  /var/folders/5n/p_75w94d66l9ssrldxqdhh700000gn/T//cc7YPUSW.s 			page 14


 737 005e C3010000 		.4byte	.LASF5
 738 0062 04       		.uleb128 0x4
 739 0063 8A000000 		.4byte	.LASF6
 740 0067 02       		.byte	0x2
 741 0068 36       		.byte	0x36
 742 0069 6D000000 		.4byte	0x6d
 743 006d 03       		.uleb128 0x3
 744 006e 02       		.byte	0x2
 745 006f 07       		.byte	0x7
 746 0070 E8000000 		.4byte	.LASF7
 747 0074 03       		.uleb128 0x3
 748 0075 04       		.byte	0x4
 749 0076 05       		.byte	0x5
 750 0077 81000000 		.4byte	.LASF8
 751 007b 04       		.uleb128 0x4
 752 007c EF010000 		.4byte	.LASF9
 753 0080 02       		.byte	0x2
 754 0081 50       		.byte	0x50
 755 0082 86000000 		.4byte	0x86
 756 0086 03       		.uleb128 0x3
 757 0087 04       		.byte	0x4
 758 0088 07       		.byte	0x7
 759 0089 BF000000 		.4byte	.LASF10
 760 008d 03       		.uleb128 0x3
 761 008e 08       		.byte	0x8
 762 008f 05       		.byte	0x5
 763 0090 3D000000 		.4byte	.LASF11
 764 0094 03       		.uleb128 0x3
 765 0095 08       		.byte	0x8
 766 0096 07       		.byte	0x7
 767 0097 1C000000 		.4byte	.LASF12
 768 009b 05       		.uleb128 0x5
 769 009c 04       		.byte	0x4
 770 009d 06       		.uleb128 0x6
 771 009e 04       		.byte	0x4
 772 009f A3000000 		.4byte	0xa3
 773 00a3 07       		.uleb128 0x7
 774 00a4 A8000000 		.4byte	0xa8
 775 00a8 03       		.uleb128 0x3
 776 00a9 01       		.byte	0x1
 777 00aa 08       		.byte	0x8
 778 00ab F8010000 		.4byte	.LASF13
 779 00af 04       		.uleb128 0x4
 780 00b0 54010000 		.4byte	.LASF14
 781 00b4 03       		.byte	0x3
 782 00b5 3C       		.byte	0x3c
 783 00b6 49000000 		.4byte	0x49
 784 00ba 04       		.uleb128 0x4
 785 00bb EA010000 		.4byte	.LASF15
 786 00bf 03       		.byte	0x3
 787 00c0 3D       		.byte	0x3d
 788 00c1 37000000 		.4byte	0x37
 789 00c5 04       		.uleb128 0x4
 790 00c6 26020000 		.4byte	.LASF16
 791 00ca 03       		.byte	0x3
 792 00cb 3E       		.byte	0x3e
 793 00cc 62000000 		.4byte	0x62
ARM GAS  /var/folders/5n/p_75w94d66l9ssrldxqdhh700000gn/T//cc7YPUSW.s 			page 15


 794 00d0 04       		.uleb128 0x4
 795 00d1 D1000000 		.4byte	.LASF17
 796 00d5 03       		.byte	0x3
 797 00d6 40       		.byte	0x40
 798 00d7 7B000000 		.4byte	0x7b
 799 00db 08       		.uleb128 0x8
 800 00dc 87010000 		.4byte	.LASF20
 801 00e0 04       		.byte	0x4
 802 00e1 04       		.byte	0x4
 803 00e2 2C       		.byte	0x2c
 804 00e3 F6000000 		.4byte	0xf6
 805 00e7 09       		.uleb128 0x9
 806 00e8 33000000 		.4byte	.LASF22
 807 00ec 04       		.byte	0x4
 808 00ed 2D       		.byte	0x2d
 809 00ee D0000000 		.4byte	0xd0
 810 00f2 02       		.byte	0x2
 811 00f3 23       		.byte	0x23
 812 00f4 00       		.uleb128 0
 813 00f5 00       		.byte	0
 814 00f6 04       		.uleb128 0x4
 815 00f7 4A010000 		.4byte	.LASF18
 816 00fb 04       		.byte	0x4
 817 00fc 40       		.byte	0x40
 818 00fd DB000000 		.4byte	0xdb
 819 0101 04       		.uleb128 0x4
 820 0102 3D010000 		.4byte	.LASF19
 821 0106 05       		.byte	0x5
 822 0107 2F       		.byte	0x2f
 823 0108 BA000000 		.4byte	0xba
 824 010c 08       		.uleb128 0x8
 825 010d 00000000 		.4byte	.LASF21
 826 0111 10       		.byte	0x10
 827 0112 06       		.byte	0x6
 828 0113 49       		.byte	0x49
 829 0114 7B010000 		.4byte	0x17b
 830 0118 09       		.uleb128 0x9
 831 0119 38000000 		.4byte	.LASF23
 832 011d 06       		.byte	0x6
 833 011e 4B       		.byte	0x4b
 834 011f 7B010000 		.4byte	0x17b
 835 0123 02       		.byte	0x2
 836 0124 23       		.byte	0x23
 837 0125 00       		.uleb128 0
 838 0126 09       		.uleb128 0x9
 839 0127 7F010000 		.4byte	.LASF24
 840 012b 06       		.byte	0x6
 841 012c 4E       		.byte	0x4e
 842 012d 9B000000 		.4byte	0x9b
 843 0131 02       		.byte	0x2
 844 0132 23       		.byte	0x23
 845 0133 04       		.uleb128 0x4
 846 0134 09       		.uleb128 0x9
 847 0135 73000000 		.4byte	.LASF25
 848 0139 06       		.byte	0x6
 849 013a 57       		.byte	0x57
 850 013b C5000000 		.4byte	0xc5
ARM GAS  /var/folders/5n/p_75w94d66l9ssrldxqdhh700000gn/T//cc7YPUSW.s 			page 16


 851 013f 02       		.byte	0x2
 852 0140 23       		.byte	0x23
 853 0141 08       		.uleb128 0x8
 854 0142 0A       		.uleb128 0xa
 855 0143 6C656E00 		.ascii	"len\000"
 856 0147 06       		.byte	0x6
 857 0148 5A       		.byte	0x5a
 858 0149 C5000000 		.4byte	0xc5
 859 014d 02       		.byte	0x2
 860 014e 23       		.byte	0x23
 861 014f 0A       		.uleb128 0xa
 862 0150 09       		.uleb128 0x9
 863 0151 17000000 		.4byte	.LASF26
 864 0155 06       		.byte	0x6
 865 0156 5D       		.byte	0x5d
 866 0157 AF000000 		.4byte	0xaf
 867 015b 02       		.byte	0x2
 868 015c 23       		.byte	0x23
 869 015d 0C       		.uleb128 0xc
 870 015e 09       		.uleb128 0x9
 871 015f 3B020000 		.4byte	.LASF27
 872 0163 06       		.byte	0x6
 873 0164 60       		.byte	0x60
 874 0165 AF000000 		.4byte	0xaf
 875 0169 02       		.byte	0x2
 876 016a 23       		.byte	0x23
 877 016b 0D       		.uleb128 0xd
 878 016c 0A       		.uleb128 0xa
 879 016d 72656600 		.ascii	"ref\000"
 880 0171 06       		.byte	0x6
 881 0172 67       		.byte	0x67
 882 0173 C5000000 		.4byte	0xc5
 883 0177 02       		.byte	0x2
 884 0178 23       		.byte	0x23
 885 0179 0E       		.uleb128 0xe
 886 017a 00       		.byte	0
 887 017b 06       		.uleb128 0x6
 888 017c 04       		.byte	0x4
 889 017d 0C010000 		.4byte	0x10c
 890 0181 06       		.uleb128 0x6
 891 0182 04       		.byte	0x4
 892 0183 87010000 		.4byte	0x187
 893 0187 08       		.uleb128 0x8
 894 0188 79010000 		.4byte	.LASF28
 895 018c 30       		.byte	0x30
 896 018d 07       		.byte	0x7
 897 018e 88       		.byte	0x88
 898 018f 57020000 		.4byte	0x257
 899 0193 09       		.uleb128 0x9
 900 0194 38000000 		.4byte	.LASF23
 901 0198 07       		.byte	0x7
 902 0199 8A       		.byte	0x8a
 903 019a 81010000 		.4byte	0x181
 904 019e 02       		.byte	0x2
 905 019f 23       		.byte	0x23
 906 01a0 00       		.uleb128 0
 907 01a1 09       		.uleb128 0x9
ARM GAS  /var/folders/5n/p_75w94d66l9ssrldxqdhh700000gn/T//cc7YPUSW.s 			page 17


 908 01a2 87010000 		.4byte	.LASF20
 909 01a6 07       		.byte	0x7
 910 01a7 8D       		.byte	0x8d
 911 01a8 F6000000 		.4byte	0xf6
 912 01ac 02       		.byte	0x2
 913 01ad 23       		.byte	0x23
 914 01ae 04       		.uleb128 0x4
 915 01af 09       		.uleb128 0x9
 916 01b0 9E000000 		.4byte	.LASF29
 917 01b4 07       		.byte	0x7
 918 01b5 8E       		.byte	0x8e
 919 01b6 F6000000 		.4byte	0xf6
 920 01ba 02       		.byte	0x2
 921 01bb 23       		.byte	0x23
 922 01bc 08       		.uleb128 0x8
 923 01bd 0A       		.uleb128 0xa
 924 01be 677700   		.ascii	"gw\000"
 925 01c1 07       		.byte	0x7
 926 01c2 8F       		.byte	0x8f
 927 01c3 F6000000 		.4byte	0xf6
 928 01c7 02       		.byte	0x2
 929 01c8 23       		.byte	0x23
 930 01c9 0C       		.uleb128 0xc
 931 01ca 09       		.uleb128 0x9
 932 01cb E4010000 		.4byte	.LASF30
 933 01cf 07       		.byte	0x7
 934 01d0 93       		.byte	0x93
 935 01d1 57020000 		.4byte	0x257
 936 01d5 02       		.byte	0x2
 937 01d6 23       		.byte	0x23
 938 01d7 10       		.uleb128 0x10
 939 01d8 09       		.uleb128 0x9
 940 01d9 43010000 		.4byte	.LASF31
 941 01dd 07       		.byte	0x7
 942 01de 97       		.byte	0x97
 943 01df 7D020000 		.4byte	0x27d
 944 01e3 02       		.byte	0x2
 945 01e4 23       		.byte	0x23
 946 01e5 14       		.uleb128 0x14
 947 01e6 09       		.uleb128 0x9
 948 01e7 97020000 		.4byte	.LASF32
 949 01eb 07       		.byte	0x7
 950 01ec 9B       		.byte	0x9b
 951 01ed AE020000 		.4byte	0x2ae
 952 01f1 02       		.byte	0x2
 953 01f2 23       		.byte	0x23
 954 01f3 18       		.uleb128 0x18
 955 01f4 09       		.uleb128 0x9
 956 01f5 7B000000 		.4byte	.LASF33
 957 01f9 07       		.byte	0x7
 958 01fa A8       		.byte	0xa8
 959 01fb 9B000000 		.4byte	0x9b
 960 01ff 02       		.byte	0x2
 961 0200 23       		.byte	0x23
 962 0201 1C       		.uleb128 0x1c
 963 0202 0A       		.uleb128 0xa
 964 0203 6D747500 		.ascii	"mtu\000"
ARM GAS  /var/folders/5n/p_75w94d66l9ssrldxqdhh700000gn/T//cc7YPUSW.s 			page 18


 965 0207 07       		.byte	0x7
 966 0208 B6       		.byte	0xb6
 967 0209 C5000000 		.4byte	0xc5
 968 020d 02       		.byte	0x2
 969 020e 23       		.byte	0x23
 970 020f 20       		.uleb128 0x20
 971 0210 09       		.uleb128 0x9
 972 0211 93000000 		.4byte	.LASF34
 973 0215 07       		.byte	0x7
 974 0216 B8       		.byte	0xb8
 975 0217 AF000000 		.4byte	0xaf
 976 021b 02       		.byte	0x2
 977 021c 23       		.byte	0x23
 978 021d 22       		.uleb128 0x22
 979 021e 09       		.uleb128 0x9
 980 021f 57000000 		.4byte	.LASF35
 981 0223 07       		.byte	0x7
 982 0224 BA       		.byte	0xba
 983 0225 D4020000 		.4byte	0x2d4
 984 0229 02       		.byte	0x2
 985 022a 23       		.byte	0x23
 986 022b 23       		.uleb128 0x23
 987 022c 09       		.uleb128 0x9
 988 022d 3B020000 		.4byte	.LASF27
 989 0231 07       		.byte	0x7
 990 0232 BC       		.byte	0xbc
 991 0233 AF000000 		.4byte	0xaf
 992 0237 02       		.byte	0x2
 993 0238 23       		.byte	0x23
 994 0239 29       		.uleb128 0x29
 995 023a 09       		.uleb128 0x9
 996 023b D7000000 		.4byte	.LASF36
 997 023f 07       		.byte	0x7
 998 0240 BE       		.byte	0xbe
 999 0241 E4020000 		.4byte	0x2e4
 1000 0245 02       		.byte	0x2
 1001 0246 23       		.byte	0x23
 1002 0247 2A       		.uleb128 0x2a
 1003 0248 0A       		.uleb128 0xa
 1004 0249 6E756D00 		.ascii	"num\000"
 1005 024d 07       		.byte	0x7
 1006 024e C0       		.byte	0xc0
 1007 024f AF000000 		.4byte	0xaf
 1008 0253 02       		.byte	0x2
 1009 0254 23       		.byte	0x23
 1010 0255 2C       		.uleb128 0x2c
 1011 0256 00       		.byte	0
 1012 0257 04       		.uleb128 0x4
 1013 0258 A1010000 		.4byte	.LASF37
 1014 025c 07       		.byte	0x7
 1015 025d 6D       		.byte	0x6d
 1016 025e 62020000 		.4byte	0x262
 1017 0262 06       		.uleb128 0x6
 1018 0263 04       		.byte	0x4
 1019 0264 68020000 		.4byte	0x268
 1020 0268 0B       		.uleb128 0xb
 1021 0269 01       		.byte	0x1
ARM GAS  /var/folders/5n/p_75w94d66l9ssrldxqdhh700000gn/T//cc7YPUSW.s 			page 19


 1022 026a 01010000 		.4byte	0x101
 1023 026e 7D020000 		.4byte	0x27d
 1024 0272 0C       		.uleb128 0xc
 1025 0273 7B010000 		.4byte	0x17b
 1026 0277 0C       		.uleb128 0xc
 1027 0278 81010000 		.4byte	0x181
 1028 027c 00       		.byte	0
 1029 027d 04       		.uleb128 0x4
 1030 027e CD010000 		.4byte	.LASF38
 1031 0282 07       		.byte	0x7
 1032 0283 76       		.byte	0x76
 1033 0284 88020000 		.4byte	0x288
 1034 0288 06       		.uleb128 0x6
 1035 0289 04       		.byte	0x4
 1036 028a 8E020000 		.4byte	0x28e
 1037 028e 0B       		.uleb128 0xb
 1038 028f 01       		.byte	0x1
 1039 0290 01010000 		.4byte	0x101
 1040 0294 A8020000 		.4byte	0x2a8
 1041 0298 0C       		.uleb128 0xc
 1042 0299 81010000 		.4byte	0x181
 1043 029d 0C       		.uleb128 0xc
 1044 029e 7B010000 		.4byte	0x17b
 1045 02a2 0C       		.uleb128 0xc
 1046 02a3 A8020000 		.4byte	0x2a8
 1047 02a7 00       		.byte	0
 1048 02a8 06       		.uleb128 0x6
 1049 02a9 04       		.byte	0x4
 1050 02aa F6000000 		.4byte	0xf6
 1051 02ae 04       		.uleb128 0x4
 1052 02af 59010000 		.4byte	.LASF39
 1053 02b3 07       		.byte	0x7
 1054 02b4 7E       		.byte	0x7e
 1055 02b5 B9020000 		.4byte	0x2b9
 1056 02b9 06       		.uleb128 0x6
 1057 02ba 04       		.byte	0x4
 1058 02bb BF020000 		.4byte	0x2bf
 1059 02bf 0B       		.uleb128 0xb
 1060 02c0 01       		.byte	0x1
 1061 02c1 01010000 		.4byte	0x101
 1062 02c5 D4020000 		.4byte	0x2d4
 1063 02c9 0C       		.uleb128 0xc
 1064 02ca 81010000 		.4byte	0x181
 1065 02ce 0C       		.uleb128 0xc
 1066 02cf 7B010000 		.4byte	0x17b
 1067 02d3 00       		.byte	0
 1068 02d4 0D       		.uleb128 0xd
 1069 02d5 AF000000 		.4byte	0xaf
 1070 02d9 E4020000 		.4byte	0x2e4
 1071 02dd 0E       		.uleb128 0xe
 1072 02de 30000000 		.4byte	0x30
 1073 02e2 05       		.byte	0x5
 1074 02e3 00       		.byte	0
 1075 02e4 0D       		.uleb128 0xd
 1076 02e5 A8000000 		.4byte	0xa8
 1077 02e9 F4020000 		.4byte	0x2f4
 1078 02ed 0E       		.uleb128 0xe
ARM GAS  /var/folders/5n/p_75w94d66l9ssrldxqdhh700000gn/T//cc7YPUSW.s 			page 20


 1079 02ee 30000000 		.4byte	0x30
 1080 02f2 01       		.byte	0x1
 1081 02f3 00       		.byte	0
 1082 02f4 0F       		.uleb128 0xf
 1083 02f5 01       		.byte	0x1
 1084 02f6 5E000000 		.4byte	.LASF40
 1085 02fa 01       		.byte	0x1
 1086 02fb 37       		.byte	0x37
 1087 02fc 01       		.byte	0x1
 1088 02fd AF000000 		.4byte	0xaf
 1089 0301 00000000 		.4byte	.LFB7
 1090 0305 3C000000 		.4byte	.LFE7
 1091 0309 02       		.byte	0x2
 1092 030a 7D       		.byte	0x7d
 1093 030b 00       		.sleb128 0
 1094 030c 3C030000 		.4byte	0x33c
 1095 0310 10       		.uleb128 0x10
 1096 0311 33000000 		.4byte	.LASF22
 1097 0315 01       		.byte	0x1
 1098 0316 37       		.byte	0x37
 1099 0317 D0000000 		.4byte	0xd0
 1100 031b 00000000 		.4byte	.LLST0
 1101 031f 11       		.uleb128 0x11
 1102 0320 79010000 		.4byte	.LASF28
 1103 0324 01       		.byte	0x1
 1104 0325 37       		.byte	0x37
 1105 0326 3C030000 		.4byte	0x33c
 1106 032a 01       		.byte	0x1
 1107 032b 51       		.byte	0x51
 1108 032c 12       		.uleb128 0x12
 1109 032d 2C020000 		.4byte	.LASF42
 1110 0331 01       		.byte	0x1
 1111 0332 39       		.byte	0x39
 1112 0333 F6000000 		.4byte	0xf6
 1113 0337 3F000000 		.4byte	.LLST1
 1114 033b 00       		.byte	0
 1115 033c 06       		.uleb128 0x6
 1116 033d 04       		.byte	0x4
 1117 033e 42030000 		.4byte	0x342
 1118 0342 07       		.uleb128 0x7
 1119 0343 87010000 		.4byte	0x187
 1120 0347 13       		.uleb128 0x13
 1121 0348 01       		.byte	0x1
 1122 0349 AE020000 		.4byte	.LASF41
 1123 034d 01       		.byte	0x1
 1124 034e 5A       		.byte	0x5a
 1125 034f 01       		.byte	0x1
 1126 0350 AF000000 		.4byte	0xaf
 1127 0354 00000000 		.4byte	.LFB8
 1128 0358 2C000000 		.4byte	.LFE8
 1129 035c 97000000 		.4byte	.LLST2
 1130 0360 92030000 		.4byte	0x392
 1131 0364 10       		.uleb128 0x10
 1132 0365 9E000000 		.4byte	.LASF29
 1133 0369 01       		.byte	0x1
 1134 036a 5A       		.byte	0x5a
 1135 036b D0000000 		.4byte	0xd0
ARM GAS  /var/folders/5n/p_75w94d66l9ssrldxqdhh700000gn/T//cc7YPUSW.s 			page 21


 1136 036f B7000000 		.4byte	.LLST3
 1137 0373 12       		.uleb128 0x12
 1138 0374 A6000000 		.4byte	.LASF43
 1139 0378 01       		.byte	0x1
 1140 0379 5C       		.byte	0x5c
 1141 037a D0000000 		.4byte	0xd0
 1142 037e CA000000 		.4byte	.LLST4
 1143 0382 12       		.uleb128 0x12
 1144 0383 22010000 		.4byte	.LASF44
 1145 0387 01       		.byte	0x1
 1146 0388 5D       		.byte	0x5d
 1147 0389 D0000000 		.4byte	0xd0
 1148 038d 12010000 		.4byte	.LLST5
 1149 0391 00       		.byte	0
 1150 0392 13       		.uleb128 0x13
 1151 0393 01       		.byte	0x1
 1152 0394 6D010000 		.4byte	.LASF45
 1153 0398 01       		.byte	0x1
 1154 0399 98       		.byte	0x98
 1155 039a 01       		.byte	0x1
 1156 039b 29000000 		.4byte	0x29
 1157 039f 00000000 		.4byte	.LFB10
 1158 03a3 48010000 		.4byte	.LFE10
 1159 03a7 30010000 		.4byte	.LLST6
 1160 03ab 14040000 		.4byte	0x414
 1161 03af 14       		.uleb128 0x14
 1162 03b0 637000   		.ascii	"cp\000"
 1163 03b3 01       		.byte	0x1
 1164 03b4 98       		.byte	0x98
 1165 03b5 9D000000 		.4byte	0x9d
 1166 03b9 5C010000 		.4byte	.LLST7
 1167 03bd 10       		.uleb128 0x10
 1168 03be 33000000 		.4byte	.LASF22
 1169 03c2 01       		.byte	0x1
 1170 03c3 98       		.byte	0x98
 1171 03c4 A8020000 		.4byte	0x2a8
 1172 03c8 CD010000 		.4byte	.LLST8
 1173 03cc 15       		.uleb128 0x15
 1174 03cd 76616C00 		.ascii	"val\000"
 1175 03d1 01       		.byte	0x1
 1176 03d2 9A       		.byte	0x9a
 1177 03d3 D0000000 		.4byte	0xd0
 1178 03d7 F6010000 		.4byte	.LLST9
 1179 03db 12       		.uleb128 0x12
 1180 03dc B0010000 		.4byte	.LASF46
 1181 03e0 01       		.byte	0x1
 1182 03e1 9B       		.byte	0x9b
 1183 03e2 AF000000 		.4byte	0xaf
 1184 03e6 70020000 		.4byte	.LLST10
 1185 03ea 15       		.uleb128 0x15
 1186 03eb 6300     		.ascii	"c\000"
 1187 03ed 01       		.byte	0x1
 1188 03ee 9C       		.byte	0x9c
 1189 03ef A8000000 		.4byte	0xa8
 1190 03f3 A8020000 		.4byte	.LLST11
 1191 03f7 16       		.uleb128 0x16
 1192 03f8 05000000 		.4byte	.LASF47
ARM GAS  /var/folders/5n/p_75w94d66l9ssrldxqdhh700000gn/T//cc7YPUSW.s 			page 22


 1193 03fc 01       		.byte	0x1
 1194 03fd 9D       		.byte	0x9d
 1195 03fe 14040000 		.4byte	0x414
 1196 0402 02       		.byte	0x2
 1197 0403 91       		.byte	0x91
 1198 0404 58       		.sleb128 -40
 1199 0405 15       		.uleb128 0x15
 1200 0406 707000   		.ascii	"pp\000"
 1201 0409 01       		.byte	0x1
 1202 040a 9E       		.byte	0x9e
 1203 040b 24040000 		.4byte	0x424
 1204 040f 08030000 		.4byte	.LLST12
 1205 0413 00       		.byte	0
 1206 0414 0D       		.uleb128 0xd
 1207 0415 D0000000 		.4byte	0xd0
 1208 0419 24040000 		.4byte	0x424
 1209 041d 0E       		.uleb128 0xe
 1210 041e 30000000 		.4byte	0x30
 1211 0422 03       		.byte	0x3
 1212 0423 00       		.byte	0
 1213 0424 06       		.uleb128 0x6
 1214 0425 04       		.byte	0x4
 1215 0426 D0000000 		.4byte	0xd0
 1216 042a 13       		.uleb128 0x13
 1217 042b 01       		.byte	0x1
 1218 042c A2020000 		.4byte	.LASF48
 1219 0430 01       		.byte	0x1
 1220 0431 82       		.byte	0x82
 1221 0432 01       		.byte	0x1
 1222 0433 D0000000 		.4byte	0xd0
 1223 0437 00000000 		.4byte	.LFB9
 1224 043b 18000000 		.4byte	.LFE9
 1225 043f 33030000 		.4byte	.LLST13
 1226 0443 64040000 		.4byte	0x464
 1227 0447 14       		.uleb128 0x14
 1228 0448 637000   		.ascii	"cp\000"
 1229 044b 01       		.byte	0x1
 1230 044c 82       		.byte	0x82
 1231 044d 9D000000 		.4byte	0x9d
 1232 0451 5F030000 		.4byte	.LLST14
 1233 0455 17       		.uleb128 0x17
 1234 0456 76616C00 		.ascii	"val\000"
 1235 045a 01       		.byte	0x1
 1236 045b 84       		.byte	0x84
 1237 045c F6000000 		.4byte	0xf6
 1238 0460 02       		.byte	0x2
 1239 0461 91       		.byte	0x91
 1240 0462 74       		.sleb128 -12
 1241 0463 00       		.byte	0
 1242 0464 18       		.uleb128 0x18
 1243 0465 01       		.byte	0x1
 1244 0466 2F010000 		.4byte	.LASF49
 1245 046a 01       		.byte	0x1
 1246 046b 1401     		.2byte	0x114
 1247 046d 01       		.byte	0x1
 1248 046e 29050000 		.4byte	0x529
 1249 0472 00000000 		.4byte	.LFB12
ARM GAS  /var/folders/5n/p_75w94d66l9ssrldxqdhh700000gn/T//cc7YPUSW.s 			page 23


 1250 0476 BC000000 		.4byte	.LFE12
 1251 047a 72030000 		.4byte	.LLST15
 1252 047e 29050000 		.4byte	0x529
 1253 0482 19       		.uleb128 0x19
 1254 0483 33000000 		.4byte	.LASF22
 1255 0487 01       		.byte	0x1
 1256 0488 1401     		.2byte	0x114
 1257 048a 2F050000 		.4byte	0x52f
 1258 048e 9E030000 		.4byte	.LLST16
 1259 0492 1A       		.uleb128 0x1a
 1260 0493 62756600 		.ascii	"buf\000"
 1261 0497 01       		.byte	0x1
 1262 0498 1401     		.2byte	0x114
 1263 049a 29050000 		.4byte	0x529
 1264 049e B1030000 		.4byte	.LLST17
 1265 04a2 1B       		.uleb128 0x1b
 1266 04a3 DD010000 		.4byte	.LASF50
 1267 04a7 01       		.byte	0x1
 1268 04a8 1401     		.2byte	0x114
 1269 04aa 29000000 		.4byte	0x29
 1270 04ae 01       		.byte	0x1
 1271 04af 52       		.byte	0x52
 1272 04b0 1C       		.uleb128 0x1c
 1273 04b1 B8000000 		.4byte	.LASF51
 1274 04b5 01       		.byte	0x1
 1275 04b6 1601     		.2byte	0x116
 1276 04b8 D0000000 		.4byte	0xd0
 1277 04bc 02       		.byte	0x2
 1278 04bd 73       		.byte	0x73
 1279 04be 78       		.sleb128 -8
 1280 04bf 1D       		.uleb128 0x1d
 1281 04c0 696E7600 		.ascii	"inv\000"
 1282 04c4 01       		.byte	0x1
 1283 04c5 1701     		.2byte	0x117
 1284 04c7 3A050000 		.4byte	0x53a
 1285 04cb 02       		.byte	0x2
 1286 04cc 91       		.byte	0x91
 1287 04cd 5C       		.sleb128 -36
 1288 04ce 1E       		.uleb128 0x1e
 1289 04cf 727000   		.ascii	"rp\000"
 1290 04d2 01       		.byte	0x1
 1291 04d3 1801     		.2byte	0x118
 1292 04d5 29050000 		.4byte	0x529
 1293 04d9 CF030000 		.4byte	.LLST18
 1294 04dd 1E       		.uleb128 0x1e
 1295 04de 617000   		.ascii	"ap\000"
 1296 04e1 01       		.byte	0x1
 1297 04e2 1901     		.2byte	0x119
 1298 04e4 4A050000 		.4byte	0x54a
 1299 04e8 3C040000 		.4byte	.LLST19
 1300 04ec 1E       		.uleb128 0x1e
 1301 04ed 72656D00 		.ascii	"rem\000"
 1302 04f1 01       		.byte	0x1
 1303 04f2 1A01     		.2byte	0x11a
 1304 04f4 AF000000 		.4byte	0xaf
 1305 04f8 4F040000 		.4byte	.LLST20
 1306 04fc 1E       		.uleb128 0x1e
ARM GAS  /var/folders/5n/p_75w94d66l9ssrldxqdhh700000gn/T//cc7YPUSW.s 			page 24


 1307 04fd 6E00     		.ascii	"n\000"
 1308 04ff 01       		.byte	0x1
 1309 0500 1B01     		.2byte	0x11b
 1310 0502 AF000000 		.4byte	0xaf
 1311 0506 62040000 		.4byte	.LLST21
 1312 050a 1E       		.uleb128 0x1e
 1313 050b 6900     		.ascii	"i\000"
 1314 050d 01       		.byte	0x1
 1315 050e 1C01     		.2byte	0x11c
 1316 0510 AF000000 		.4byte	0xaf
 1317 0514 76040000 		.4byte	.LLST22
 1318 0518 1E       		.uleb128 0x1e
 1319 0519 6C656E00 		.ascii	"len\000"
 1320 051d 01       		.byte	0x1
 1321 051e 1D01     		.2byte	0x11d
 1322 0520 29000000 		.4byte	0x29
 1323 0524 D1040000 		.4byte	.LLST23
 1324 0528 00       		.byte	0
 1325 0529 06       		.uleb128 0x6
 1326 052a 04       		.byte	0x4
 1327 052b A8000000 		.4byte	0xa8
 1328 052f 06       		.uleb128 0x6
 1329 0530 04       		.byte	0x4
 1330 0531 35050000 		.4byte	0x535
 1331 0535 07       		.uleb128 0x7
 1332 0536 F6000000 		.4byte	0xf6
 1333 053a 0D       		.uleb128 0xd
 1334 053b A8000000 		.4byte	0xa8
 1335 053f 4A050000 		.4byte	0x54a
 1336 0543 0E       		.uleb128 0xe
 1337 0544 30000000 		.4byte	0x30
 1338 0548 02       		.byte	0x2
 1339 0549 00       		.byte	0
 1340 054a 06       		.uleb128 0x6
 1341 054b 04       		.byte	0x4
 1342 054c AF000000 		.4byte	0xaf
 1343 0550 1F       		.uleb128 0x1f
 1344 0551 01       		.byte	0x1
 1345 0552 0B000000 		.4byte	.LASF52
 1346 0556 01       		.byte	0x1
 1347 0557 0501     		.2byte	0x105
 1348 0559 01       		.byte	0x1
 1349 055a 29050000 		.4byte	0x529
 1350 055e 00000000 		.4byte	.LFB11
 1351 0562 0E000000 		.4byte	.LFE11
 1352 0566 02       		.byte	0x2
 1353 0567 7D       		.byte	0x7d
 1354 0568 00       		.sleb128 0
 1355 0569 90050000 		.4byte	0x590
 1356 056d 19       		.uleb128 0x19
 1357 056e 33000000 		.4byte	.LASF22
 1358 0572 01       		.byte	0x1
 1359 0573 0501     		.2byte	0x105
 1360 0575 2F050000 		.4byte	0x52f
 1361 0579 38050000 		.4byte	.LLST24
 1362 057d 1D       		.uleb128 0x1d
 1363 057e 73747200 		.ascii	"str\000"
ARM GAS  /var/folders/5n/p_75w94d66l9ssrldxqdhh700000gn/T//cc7YPUSW.s 			page 25


 1364 0582 01       		.byte	0x1
 1365 0583 0701     		.2byte	0x107
 1366 0585 90050000 		.4byte	0x590
 1367 0589 05       		.byte	0x5
 1368 058a 03       		.byte	0x3
 1369 058b 00000000 		.4byte	str.2223
 1370 058f 00       		.byte	0
 1371 0590 0D       		.uleb128 0xd
 1372 0591 A8000000 		.4byte	0xa8
 1373 0595 A0050000 		.4byte	0x5a0
 1374 0599 0E       		.uleb128 0xe
 1375 059a 30000000 		.4byte	0x30
 1376 059e 0F       		.byte	0xf
 1377 059f 00       		.byte	0
 1378 05a0 20       		.uleb128 0x20
 1379 05a1 DC000000 		.4byte	.LASF53
 1380 05a5 01       		.byte	0x1
 1381 05a6 2C       		.byte	0x2c
 1382 05a7 35050000 		.4byte	0x535
 1383 05ab 01       		.byte	0x1
 1384 05ac 05       		.byte	0x5
 1385 05ad 03       		.byte	0x3
 1386 05ae 00000000 		.4byte	ip_addr_any
 1387 05b2 20       		.uleb128 0x20
 1388 05b3 8F010000 		.4byte	.LASF54
 1389 05b7 01       		.byte	0x1
 1390 05b8 2D       		.byte	0x2d
 1391 05b9 35050000 		.4byte	0x535
 1392 05bd 01       		.byte	0x1
 1393 05be 05       		.byte	0x5
 1394 05bf 03       		.byte	0x3
 1395 05c0 00000000 		.4byte	ip_addr_broadcast
 1396 05c4 00       		.byte	0
 1397              		.section	.debug_abbrev,"",%progbits
 1398              	.Ldebug_abbrev0:
 1399 0000 01       		.uleb128 0x1
 1400 0001 11       		.uleb128 0x11
 1401 0002 01       		.byte	0x1
 1402 0003 25       		.uleb128 0x25
 1403 0004 0E       		.uleb128 0xe
 1404 0005 13       		.uleb128 0x13
 1405 0006 0B       		.uleb128 0xb
 1406 0007 03       		.uleb128 0x3
 1407 0008 0E       		.uleb128 0xe
 1408 0009 1B       		.uleb128 0x1b
 1409 000a 0E       		.uleb128 0xe
 1410 000b 11       		.uleb128 0x11
 1411 000c 01       		.uleb128 0x1
 1412 000d 52       		.uleb128 0x52
 1413 000e 01       		.uleb128 0x1
 1414 000f 55       		.uleb128 0x55
 1415 0010 06       		.uleb128 0x6
 1416 0011 10       		.uleb128 0x10
 1417 0012 06       		.uleb128 0x6
 1418 0013 00       		.byte	0
 1419 0014 00       		.byte	0
 1420 0015 02       		.uleb128 0x2
ARM GAS  /var/folders/5n/p_75w94d66l9ssrldxqdhh700000gn/T//cc7YPUSW.s 			page 26


 1421 0016 24       		.uleb128 0x24
 1422 0017 00       		.byte	0
 1423 0018 0B       		.uleb128 0xb
 1424 0019 0B       		.uleb128 0xb
 1425 001a 3E       		.uleb128 0x3e
 1426 001b 0B       		.uleb128 0xb
 1427 001c 03       		.uleb128 0x3
 1428 001d 08       		.uleb128 0x8
 1429 001e 00       		.byte	0
 1430 001f 00       		.byte	0
 1431 0020 03       		.uleb128 0x3
 1432 0021 24       		.uleb128 0x24
 1433 0022 00       		.byte	0
 1434 0023 0B       		.uleb128 0xb
 1435 0024 0B       		.uleb128 0xb
 1436 0025 3E       		.uleb128 0x3e
 1437 0026 0B       		.uleb128 0xb
 1438 0027 03       		.uleb128 0x3
 1439 0028 0E       		.uleb128 0xe
 1440 0029 00       		.byte	0
 1441 002a 00       		.byte	0
 1442 002b 04       		.uleb128 0x4
 1443 002c 16       		.uleb128 0x16
 1444 002d 00       		.byte	0
 1445 002e 03       		.uleb128 0x3
 1446 002f 0E       		.uleb128 0xe
 1447 0030 3A       		.uleb128 0x3a
 1448 0031 0B       		.uleb128 0xb
 1449 0032 3B       		.uleb128 0x3b
 1450 0033 0B       		.uleb128 0xb
 1451 0034 49       		.uleb128 0x49
 1452 0035 13       		.uleb128 0x13
 1453 0036 00       		.byte	0
 1454 0037 00       		.byte	0
 1455 0038 05       		.uleb128 0x5
 1456 0039 0F       		.uleb128 0xf
 1457 003a 00       		.byte	0
 1458 003b 0B       		.uleb128 0xb
 1459 003c 0B       		.uleb128 0xb
 1460 003d 00       		.byte	0
 1461 003e 00       		.byte	0
 1462 003f 06       		.uleb128 0x6
 1463 0040 0F       		.uleb128 0xf
 1464 0041 00       		.byte	0
 1465 0042 0B       		.uleb128 0xb
 1466 0043 0B       		.uleb128 0xb
 1467 0044 49       		.uleb128 0x49
 1468 0045 13       		.uleb128 0x13
 1469 0046 00       		.byte	0
 1470 0047 00       		.byte	0
 1471 0048 07       		.uleb128 0x7
 1472 0049 26       		.uleb128 0x26
 1473 004a 00       		.byte	0
 1474 004b 49       		.uleb128 0x49
 1475 004c 13       		.uleb128 0x13
 1476 004d 00       		.byte	0
 1477 004e 00       		.byte	0
ARM GAS  /var/folders/5n/p_75w94d66l9ssrldxqdhh700000gn/T//cc7YPUSW.s 			page 27


 1478 004f 08       		.uleb128 0x8
 1479 0050 13       		.uleb128 0x13
 1480 0051 01       		.byte	0x1
 1481 0052 03       		.uleb128 0x3
 1482 0053 0E       		.uleb128 0xe
 1483 0054 0B       		.uleb128 0xb
 1484 0055 0B       		.uleb128 0xb
 1485 0056 3A       		.uleb128 0x3a
 1486 0057 0B       		.uleb128 0xb
 1487 0058 3B       		.uleb128 0x3b
 1488 0059 0B       		.uleb128 0xb
 1489 005a 01       		.uleb128 0x1
 1490 005b 13       		.uleb128 0x13
 1491 005c 00       		.byte	0
 1492 005d 00       		.byte	0
 1493 005e 09       		.uleb128 0x9
 1494 005f 0D       		.uleb128 0xd
 1495 0060 00       		.byte	0
 1496 0061 03       		.uleb128 0x3
 1497 0062 0E       		.uleb128 0xe
 1498 0063 3A       		.uleb128 0x3a
 1499 0064 0B       		.uleb128 0xb
 1500 0065 3B       		.uleb128 0x3b
 1501 0066 0B       		.uleb128 0xb
 1502 0067 49       		.uleb128 0x49
 1503 0068 13       		.uleb128 0x13
 1504 0069 38       		.uleb128 0x38
 1505 006a 0A       		.uleb128 0xa
 1506 006b 00       		.byte	0
 1507 006c 00       		.byte	0
 1508 006d 0A       		.uleb128 0xa
 1509 006e 0D       		.uleb128 0xd
 1510 006f 00       		.byte	0
 1511 0070 03       		.uleb128 0x3
 1512 0071 08       		.uleb128 0x8
 1513 0072 3A       		.uleb128 0x3a
 1514 0073 0B       		.uleb128 0xb
 1515 0074 3B       		.uleb128 0x3b
 1516 0075 0B       		.uleb128 0xb
 1517 0076 49       		.uleb128 0x49
 1518 0077 13       		.uleb128 0x13
 1519 0078 38       		.uleb128 0x38
 1520 0079 0A       		.uleb128 0xa
 1521 007a 00       		.byte	0
 1522 007b 00       		.byte	0
 1523 007c 0B       		.uleb128 0xb
 1524 007d 15       		.uleb128 0x15
 1525 007e 01       		.byte	0x1
 1526 007f 27       		.uleb128 0x27
 1527 0080 0C       		.uleb128 0xc
 1528 0081 49       		.uleb128 0x49
 1529 0082 13       		.uleb128 0x13
 1530 0083 01       		.uleb128 0x1
 1531 0084 13       		.uleb128 0x13
 1532 0085 00       		.byte	0
 1533 0086 00       		.byte	0
 1534 0087 0C       		.uleb128 0xc
ARM GAS  /var/folders/5n/p_75w94d66l9ssrldxqdhh700000gn/T//cc7YPUSW.s 			page 28


 1535 0088 05       		.uleb128 0x5
 1536 0089 00       		.byte	0
 1537 008a 49       		.uleb128 0x49
 1538 008b 13       		.uleb128 0x13
 1539 008c 00       		.byte	0
 1540 008d 00       		.byte	0
 1541 008e 0D       		.uleb128 0xd
 1542 008f 01       		.uleb128 0x1
 1543 0090 01       		.byte	0x1
 1544 0091 49       		.uleb128 0x49
 1545 0092 13       		.uleb128 0x13
 1546 0093 01       		.uleb128 0x1
 1547 0094 13       		.uleb128 0x13
 1548 0095 00       		.byte	0
 1549 0096 00       		.byte	0
 1550 0097 0E       		.uleb128 0xe
 1551 0098 21       		.uleb128 0x21
 1552 0099 00       		.byte	0
 1553 009a 49       		.uleb128 0x49
 1554 009b 13       		.uleb128 0x13
 1555 009c 2F       		.uleb128 0x2f
 1556 009d 0B       		.uleb128 0xb
 1557 009e 00       		.byte	0
 1558 009f 00       		.byte	0
 1559 00a0 0F       		.uleb128 0xf
 1560 00a1 2E       		.uleb128 0x2e
 1561 00a2 01       		.byte	0x1
 1562 00a3 3F       		.uleb128 0x3f
 1563 00a4 0C       		.uleb128 0xc
 1564 00a5 03       		.uleb128 0x3
 1565 00a6 0E       		.uleb128 0xe
 1566 00a7 3A       		.uleb128 0x3a
 1567 00a8 0B       		.uleb128 0xb
 1568 00a9 3B       		.uleb128 0x3b
 1569 00aa 0B       		.uleb128 0xb
 1570 00ab 27       		.uleb128 0x27
 1571 00ac 0C       		.uleb128 0xc
 1572 00ad 49       		.uleb128 0x49
 1573 00ae 13       		.uleb128 0x13
 1574 00af 11       		.uleb128 0x11
 1575 00b0 01       		.uleb128 0x1
 1576 00b1 12       		.uleb128 0x12
 1577 00b2 01       		.uleb128 0x1
 1578 00b3 40       		.uleb128 0x40
 1579 00b4 0A       		.uleb128 0xa
 1580 00b5 01       		.uleb128 0x1
 1581 00b6 13       		.uleb128 0x13
 1582 00b7 00       		.byte	0
 1583 00b8 00       		.byte	0
 1584 00b9 10       		.uleb128 0x10
 1585 00ba 05       		.uleb128 0x5
 1586 00bb 00       		.byte	0
 1587 00bc 03       		.uleb128 0x3
 1588 00bd 0E       		.uleb128 0xe
 1589 00be 3A       		.uleb128 0x3a
 1590 00bf 0B       		.uleb128 0xb
 1591 00c0 3B       		.uleb128 0x3b
ARM GAS  /var/folders/5n/p_75w94d66l9ssrldxqdhh700000gn/T//cc7YPUSW.s 			page 29


 1592 00c1 0B       		.uleb128 0xb
 1593 00c2 49       		.uleb128 0x49
 1594 00c3 13       		.uleb128 0x13
 1595 00c4 02       		.uleb128 0x2
 1596 00c5 06       		.uleb128 0x6
 1597 00c6 00       		.byte	0
 1598 00c7 00       		.byte	0
 1599 00c8 11       		.uleb128 0x11
 1600 00c9 05       		.uleb128 0x5
 1601 00ca 00       		.byte	0
 1602 00cb 03       		.uleb128 0x3
 1603 00cc 0E       		.uleb128 0xe
 1604 00cd 3A       		.uleb128 0x3a
 1605 00ce 0B       		.uleb128 0xb
 1606 00cf 3B       		.uleb128 0x3b
 1607 00d0 0B       		.uleb128 0xb
 1608 00d1 49       		.uleb128 0x49
 1609 00d2 13       		.uleb128 0x13
 1610 00d3 02       		.uleb128 0x2
 1611 00d4 0A       		.uleb128 0xa
 1612 00d5 00       		.byte	0
 1613 00d6 00       		.byte	0
 1614 00d7 12       		.uleb128 0x12
 1615 00d8 34       		.uleb128 0x34
 1616 00d9 00       		.byte	0
 1617 00da 03       		.uleb128 0x3
 1618 00db 0E       		.uleb128 0xe
 1619 00dc 3A       		.uleb128 0x3a
 1620 00dd 0B       		.uleb128 0xb
 1621 00de 3B       		.uleb128 0x3b
 1622 00df 0B       		.uleb128 0xb
 1623 00e0 49       		.uleb128 0x49
 1624 00e1 13       		.uleb128 0x13
 1625 00e2 02       		.uleb128 0x2
 1626 00e3 06       		.uleb128 0x6
 1627 00e4 00       		.byte	0
 1628 00e5 00       		.byte	0
 1629 00e6 13       		.uleb128 0x13
 1630 00e7 2E       		.uleb128 0x2e
 1631 00e8 01       		.byte	0x1
 1632 00e9 3F       		.uleb128 0x3f
 1633 00ea 0C       		.uleb128 0xc
 1634 00eb 03       		.uleb128 0x3
 1635 00ec 0E       		.uleb128 0xe
 1636 00ed 3A       		.uleb128 0x3a
 1637 00ee 0B       		.uleb128 0xb
 1638 00ef 3B       		.uleb128 0x3b
 1639 00f0 0B       		.uleb128 0xb
 1640 00f1 27       		.uleb128 0x27
 1641 00f2 0C       		.uleb128 0xc
 1642 00f3 49       		.uleb128 0x49
 1643 00f4 13       		.uleb128 0x13
 1644 00f5 11       		.uleb128 0x11
 1645 00f6 01       		.uleb128 0x1
 1646 00f7 12       		.uleb128 0x12
 1647 00f8 01       		.uleb128 0x1
 1648 00f9 40       		.uleb128 0x40
ARM GAS  /var/folders/5n/p_75w94d66l9ssrldxqdhh700000gn/T//cc7YPUSW.s 			page 30


 1649 00fa 06       		.uleb128 0x6
 1650 00fb 01       		.uleb128 0x1
 1651 00fc 13       		.uleb128 0x13
 1652 00fd 00       		.byte	0
 1653 00fe 00       		.byte	0
 1654 00ff 14       		.uleb128 0x14
 1655 0100 05       		.uleb128 0x5
 1656 0101 00       		.byte	0
 1657 0102 03       		.uleb128 0x3
 1658 0103 08       		.uleb128 0x8
 1659 0104 3A       		.uleb128 0x3a
 1660 0105 0B       		.uleb128 0xb
 1661 0106 3B       		.uleb128 0x3b
 1662 0107 0B       		.uleb128 0xb
 1663 0108 49       		.uleb128 0x49
 1664 0109 13       		.uleb128 0x13
 1665 010a 02       		.uleb128 0x2
 1666 010b 06       		.uleb128 0x6
 1667 010c 00       		.byte	0
 1668 010d 00       		.byte	0
 1669 010e 15       		.uleb128 0x15
 1670 010f 34       		.uleb128 0x34
 1671 0110 00       		.byte	0
 1672 0111 03       		.uleb128 0x3
 1673 0112 08       		.uleb128 0x8
 1674 0113 3A       		.uleb128 0x3a
 1675 0114 0B       		.uleb128 0xb
 1676 0115 3B       		.uleb128 0x3b
 1677 0116 0B       		.uleb128 0xb
 1678 0117 49       		.uleb128 0x49
 1679 0118 13       		.uleb128 0x13
 1680 0119 02       		.uleb128 0x2
 1681 011a 06       		.uleb128 0x6
 1682 011b 00       		.byte	0
 1683 011c 00       		.byte	0
 1684 011d 16       		.uleb128 0x16
 1685 011e 34       		.uleb128 0x34
 1686 011f 00       		.byte	0
 1687 0120 03       		.uleb128 0x3
 1688 0121 0E       		.uleb128 0xe
 1689 0122 3A       		.uleb128 0x3a
 1690 0123 0B       		.uleb128 0xb
 1691 0124 3B       		.uleb128 0x3b
 1692 0125 0B       		.uleb128 0xb
 1693 0126 49       		.uleb128 0x49
 1694 0127 13       		.uleb128 0x13
 1695 0128 02       		.uleb128 0x2
 1696 0129 0A       		.uleb128 0xa
 1697 012a 00       		.byte	0
 1698 012b 00       		.byte	0
 1699 012c 17       		.uleb128 0x17
 1700 012d 34       		.uleb128 0x34
 1701 012e 00       		.byte	0
 1702 012f 03       		.uleb128 0x3
 1703 0130 08       		.uleb128 0x8
 1704 0131 3A       		.uleb128 0x3a
 1705 0132 0B       		.uleb128 0xb
ARM GAS  /var/folders/5n/p_75w94d66l9ssrldxqdhh700000gn/T//cc7YPUSW.s 			page 31


 1706 0133 3B       		.uleb128 0x3b
 1707 0134 0B       		.uleb128 0xb
 1708 0135 49       		.uleb128 0x49
 1709 0136 13       		.uleb128 0x13
 1710 0137 02       		.uleb128 0x2
 1711 0138 0A       		.uleb128 0xa
 1712 0139 00       		.byte	0
 1713 013a 00       		.byte	0
 1714 013b 18       		.uleb128 0x18
 1715 013c 2E       		.uleb128 0x2e
 1716 013d 01       		.byte	0x1
 1717 013e 3F       		.uleb128 0x3f
 1718 013f 0C       		.uleb128 0xc
 1719 0140 03       		.uleb128 0x3
 1720 0141 0E       		.uleb128 0xe
 1721 0142 3A       		.uleb128 0x3a
 1722 0143 0B       		.uleb128 0xb
 1723 0144 3B       		.uleb128 0x3b
 1724 0145 05       		.uleb128 0x5
 1725 0146 27       		.uleb128 0x27
 1726 0147 0C       		.uleb128 0xc
 1727 0148 49       		.uleb128 0x49
 1728 0149 13       		.uleb128 0x13
 1729 014a 11       		.uleb128 0x11
 1730 014b 01       		.uleb128 0x1
 1731 014c 12       		.uleb128 0x12
 1732 014d 01       		.uleb128 0x1
 1733 014e 40       		.uleb128 0x40
 1734 014f 06       		.uleb128 0x6
 1735 0150 01       		.uleb128 0x1
 1736 0151 13       		.uleb128 0x13
 1737 0152 00       		.byte	0
 1738 0153 00       		.byte	0
 1739 0154 19       		.uleb128 0x19
 1740 0155 05       		.uleb128 0x5
 1741 0156 00       		.byte	0
 1742 0157 03       		.uleb128 0x3
 1743 0158 0E       		.uleb128 0xe
 1744 0159 3A       		.uleb128 0x3a
 1745 015a 0B       		.uleb128 0xb
 1746 015b 3B       		.uleb128 0x3b
 1747 015c 05       		.uleb128 0x5
 1748 015d 49       		.uleb128 0x49
 1749 015e 13       		.uleb128 0x13
 1750 015f 02       		.uleb128 0x2
 1751 0160 06       		.uleb128 0x6
 1752 0161 00       		.byte	0
 1753 0162 00       		.byte	0
 1754 0163 1A       		.uleb128 0x1a
 1755 0164 05       		.uleb128 0x5
 1756 0165 00       		.byte	0
 1757 0166 03       		.uleb128 0x3
 1758 0167 08       		.uleb128 0x8
 1759 0168 3A       		.uleb128 0x3a
 1760 0169 0B       		.uleb128 0xb
 1761 016a 3B       		.uleb128 0x3b
 1762 016b 05       		.uleb128 0x5
ARM GAS  /var/folders/5n/p_75w94d66l9ssrldxqdhh700000gn/T//cc7YPUSW.s 			page 32


 1763 016c 49       		.uleb128 0x49
 1764 016d 13       		.uleb128 0x13
 1765 016e 02       		.uleb128 0x2
 1766 016f 06       		.uleb128 0x6
 1767 0170 00       		.byte	0
 1768 0171 00       		.byte	0
 1769 0172 1B       		.uleb128 0x1b
 1770 0173 05       		.uleb128 0x5
 1771 0174 00       		.byte	0
 1772 0175 03       		.uleb128 0x3
 1773 0176 0E       		.uleb128 0xe
 1774 0177 3A       		.uleb128 0x3a
 1775 0178 0B       		.uleb128 0xb
 1776 0179 3B       		.uleb128 0x3b
 1777 017a 05       		.uleb128 0x5
 1778 017b 49       		.uleb128 0x49
 1779 017c 13       		.uleb128 0x13
 1780 017d 02       		.uleb128 0x2
 1781 017e 0A       		.uleb128 0xa
 1782 017f 00       		.byte	0
 1783 0180 00       		.byte	0
 1784 0181 1C       		.uleb128 0x1c
 1785 0182 34       		.uleb128 0x34
 1786 0183 00       		.byte	0
 1787 0184 03       		.uleb128 0x3
 1788 0185 0E       		.uleb128 0xe
 1789 0186 3A       		.uleb128 0x3a
 1790 0187 0B       		.uleb128 0xb
 1791 0188 3B       		.uleb128 0x3b
 1792 0189 05       		.uleb128 0x5
 1793 018a 49       		.uleb128 0x49
 1794 018b 13       		.uleb128 0x13
 1795 018c 02       		.uleb128 0x2
 1796 018d 0A       		.uleb128 0xa
 1797 018e 00       		.byte	0
 1798 018f 00       		.byte	0
 1799 0190 1D       		.uleb128 0x1d
 1800 0191 34       		.uleb128 0x34
 1801 0192 00       		.byte	0
 1802 0193 03       		.uleb128 0x3
 1803 0194 08       		.uleb128 0x8
 1804 0195 3A       		.uleb128 0x3a
 1805 0196 0B       		.uleb128 0xb
 1806 0197 3B       		.uleb128 0x3b
 1807 0198 05       		.uleb128 0x5
 1808 0199 49       		.uleb128 0x49
 1809 019a 13       		.uleb128 0x13
 1810 019b 02       		.uleb128 0x2
 1811 019c 0A       		.uleb128 0xa
 1812 019d 00       		.byte	0
 1813 019e 00       		.byte	0
 1814 019f 1E       		.uleb128 0x1e
 1815 01a0 34       		.uleb128 0x34
 1816 01a1 00       		.byte	0
 1817 01a2 03       		.uleb128 0x3
 1818 01a3 08       		.uleb128 0x8
 1819 01a4 3A       		.uleb128 0x3a
ARM GAS  /var/folders/5n/p_75w94d66l9ssrldxqdhh700000gn/T//cc7YPUSW.s 			page 33


 1820 01a5 0B       		.uleb128 0xb
 1821 01a6 3B       		.uleb128 0x3b
 1822 01a7 05       		.uleb128 0x5
 1823 01a8 49       		.uleb128 0x49
 1824 01a9 13       		.uleb128 0x13
 1825 01aa 02       		.uleb128 0x2
 1826 01ab 06       		.uleb128 0x6
 1827 01ac 00       		.byte	0
 1828 01ad 00       		.byte	0
 1829 01ae 1F       		.uleb128 0x1f
 1830 01af 2E       		.uleb128 0x2e
 1831 01b0 01       		.byte	0x1
 1832 01b1 3F       		.uleb128 0x3f
 1833 01b2 0C       		.uleb128 0xc
 1834 01b3 03       		.uleb128 0x3
 1835 01b4 0E       		.uleb128 0xe
 1836 01b5 3A       		.uleb128 0x3a
 1837 01b6 0B       		.uleb128 0xb
 1838 01b7 3B       		.uleb128 0x3b
 1839 01b8 05       		.uleb128 0x5
 1840 01b9 27       		.uleb128 0x27
 1841 01ba 0C       		.uleb128 0xc
 1842 01bb 49       		.uleb128 0x49
 1843 01bc 13       		.uleb128 0x13
 1844 01bd 11       		.uleb128 0x11
 1845 01be 01       		.uleb128 0x1
 1846 01bf 12       		.uleb128 0x12
 1847 01c0 01       		.uleb128 0x1
 1848 01c1 40       		.uleb128 0x40
 1849 01c2 0A       		.uleb128 0xa
 1850 01c3 01       		.uleb128 0x1
 1851 01c4 13       		.uleb128 0x13
 1852 01c5 00       		.byte	0
 1853 01c6 00       		.byte	0
 1854 01c7 20       		.uleb128 0x20
 1855 01c8 34       		.uleb128 0x34
 1856 01c9 00       		.byte	0
 1857 01ca 03       		.uleb128 0x3
 1858 01cb 0E       		.uleb128 0xe
 1859 01cc 3A       		.uleb128 0x3a
 1860 01cd 0B       		.uleb128 0xb
 1861 01ce 3B       		.uleb128 0x3b
 1862 01cf 0B       		.uleb128 0xb
 1863 01d0 49       		.uleb128 0x49
 1864 01d1 13       		.uleb128 0x13
 1865 01d2 3F       		.uleb128 0x3f
 1866 01d3 0C       		.uleb128 0xc
 1867 01d4 02       		.uleb128 0x2
 1868 01d5 0A       		.uleb128 0xa
 1869 01d6 00       		.byte	0
 1870 01d7 00       		.byte	0
 1871 01d8 00       		.byte	0
 1872              		.section	.debug_loc,"",%progbits
 1873              	.Ldebug_loc0:
 1874              	.LLST0:
 1875 0000 00000000 		.4byte	.LVL0
 1876 0004 22000000 		.4byte	.LVL1
ARM GAS  /var/folders/5n/p_75w94d66l9ssrldxqdhh700000gn/T//cc7YPUSW.s 			page 34


 1877 0008 0100     		.2byte	0x1
 1878 000a 50       		.byte	0x50
 1879 000b 2C000000 		.4byte	.LVL2
 1880 000f 2E000000 		.4byte	.LVL3
 1881 0013 0100     		.2byte	0x1
 1882 0015 50       		.byte	0x50
 1883 0016 30000000 		.4byte	.LVL4
 1884 001a 32000000 		.4byte	.LVL5
 1885 001e 0100     		.2byte	0x1
 1886 0020 50       		.byte	0x50
 1887 0021 34000000 		.4byte	.LVL6
 1888 0025 36000000 		.4byte	.LVL7
 1889 0029 0100     		.2byte	0x1
 1890 002b 50       		.byte	0x50
 1891 002c 38000000 		.4byte	.LVL8
 1892 0030 3A000000 		.4byte	.LVL9
 1893 0034 0100     		.2byte	0x1
 1894 0036 50       		.byte	0x50
 1895 0037 00000000 		.4byte	0
 1896 003b 00000000 		.4byte	0
 1897              	.LLST1:
 1898 003f 00000000 		.4byte	.LVL0
 1899 0043 22000000 		.4byte	.LVL1
 1900 0047 0300     		.2byte	0x3
 1901 0049 50       		.byte	0x50
 1902 004a 93       		.byte	0x93
 1903 004b 04       		.uleb128 0x4
 1904 004c 2C000000 		.4byte	.LVL2
 1905 0050 2E000000 		.4byte	.LVL3
 1906 0054 0300     		.2byte	0x3
 1907 0056 50       		.byte	0x50
 1908 0057 93       		.byte	0x93
 1909 0058 04       		.uleb128 0x4
 1910 0059 30000000 		.4byte	.LVL4
 1911 005d 32000000 		.4byte	.LVL5
 1912 0061 0300     		.2byte	0x3
 1913 0063 50       		.byte	0x50
 1914 0064 93       		.byte	0x93
 1915 0065 04       		.uleb128 0x4
 1916 0066 32000000 		.4byte	.LVL5
 1917 006a 34000000 		.4byte	.LVL6
 1918 006e 0500     		.2byte	0x5
 1919 0070 73       		.byte	0x73
 1920 0071 7E       		.sleb128 -2
 1921 0072 9F       		.byte	0x9f
 1922 0073 93       		.byte	0x93
 1923 0074 04       		.uleb128 0x4
 1924 0075 34000000 		.4byte	.LVL6
 1925 0079 36000000 		.4byte	.LVL7
 1926 007d 0300     		.2byte	0x3
 1927 007f 50       		.byte	0x50
 1928 0080 93       		.byte	0x93
 1929 0081 04       		.uleb128 0x4
 1930 0082 38000000 		.4byte	.LVL8
 1931 0086 3A000000 		.4byte	.LVL9
 1932 008a 0300     		.2byte	0x3
 1933 008c 50       		.byte	0x50
ARM GAS  /var/folders/5n/p_75w94d66l9ssrldxqdhh700000gn/T//cc7YPUSW.s 			page 35


 1934 008d 93       		.byte	0x93
 1935 008e 04       		.uleb128 0x4
 1936 008f 00000000 		.4byte	0
 1937 0093 00000000 		.4byte	0
 1938              	.LLST2:
 1939 0097 00000000 		.4byte	.LFB8
 1940 009b 02000000 		.4byte	.LCFI0
 1941 009f 0200     		.2byte	0x2
 1942 00a1 7D       		.byte	0x7d
 1943 00a2 00       		.sleb128 0
 1944 00a3 02000000 		.4byte	.LCFI0
 1945 00a7 2C000000 		.4byte	.LFE8
 1946 00ab 0200     		.2byte	0x2
 1947 00ad 7D       		.byte	0x7d
 1948 00ae 08       		.sleb128 8
 1949 00af 00000000 		.4byte	0
 1950 00b3 00000000 		.4byte	0
 1951              	.LLST3:
 1952 00b7 00000000 		.4byte	.LVL10
 1953 00bb 05000000 		.4byte	.LVL11-1
 1954 00bf 0100     		.2byte	0x1
 1955 00c1 50       		.byte	0x50
 1956 00c2 00000000 		.4byte	0
 1957 00c6 00000000 		.4byte	0
 1958              	.LLST4:
 1959 00ca 06000000 		.4byte	.LVL11
 1960 00ce 0E000000 		.4byte	.LVL12
 1961 00d2 0600     		.2byte	0x6
 1962 00d4 9E       		.byte	0x9e
 1963 00d5 04       		.uleb128 0x4
 1964 00d6 00000080 		.4byte	0x80000000
 1965 00da 10000000 		.4byte	.LVL13
 1966 00de 14000000 		.4byte	.LVL14
 1967 00e2 0100     		.2byte	0x1
 1968 00e4 53       		.byte	0x53
 1969 00e5 18000000 		.4byte	.LVL15
 1970 00e9 20000000 		.4byte	.LVL16
 1971 00ed 0100     		.2byte	0x1
 1972 00ef 53       		.byte	0x53
 1973 00f0 20000000 		.4byte	.LVL16
 1974 00f4 22000000 		.4byte	.LVL17
 1975 00f8 0500     		.2byte	0x5
 1976 00fa 73       		.byte	0x73
 1977 00fb 00       		.sleb128 0
 1978 00fc 31       		.byte	0x31
 1979 00fd 25       		.byte	0x25
 1980 00fe 9F       		.byte	0x9f
 1981 00ff 22000000 		.4byte	.LVL17
 1982 0103 2C000000 		.4byte	.LFE8
 1983 0107 0100     		.2byte	0x1
 1984 0109 53       		.byte	0x53
 1985 010a 00000000 		.4byte	0
 1986 010e 00000000 		.4byte	0
 1987              	.LLST5:
 1988 0112 06000000 		.4byte	.LVL11
 1989 0116 26000000 		.4byte	.LVL18
 1990 011a 0100     		.2byte	0x1
ARM GAS  /var/folders/5n/p_75w94d66l9ssrldxqdhh700000gn/T//cc7YPUSW.s 			page 36


 1991 011c 50       		.byte	0x50
 1992 011d 28000000 		.4byte	.LVL19
 1993 0121 2A000000 		.4byte	.LVL20
 1994 0125 0100     		.2byte	0x1
 1995 0127 50       		.byte	0x50
 1996 0128 00000000 		.4byte	0
 1997 012c 00000000 		.4byte	0
 1998              	.LLST6:
 1999 0130 00000000 		.4byte	.LFB10
 2000 0134 04000000 		.4byte	.LCFI1
 2001 0138 0200     		.2byte	0x2
 2002 013a 7D       		.byte	0x7d
 2003 013b 00       		.sleb128 0
 2004 013c 04000000 		.4byte	.LCFI1
 2005 0140 10000000 		.4byte	.LCFI2
 2006 0144 0200     		.2byte	0x2
 2007 0146 7D       		.byte	0x7d
 2008 0147 18       		.sleb128 24
 2009 0148 10000000 		.4byte	.LCFI2
 2010 014c 48010000 		.4byte	.LFE10
 2011 0150 0200     		.2byte	0x2
 2012 0152 7D       		.byte	0x7d
 2013 0153 30       		.sleb128 48
 2014 0154 00000000 		.4byte	0
 2015 0158 00000000 		.4byte	0
 2016              	.LLST7:
 2017 015c 00000000 		.4byte	.LVL21
 2018 0160 20000000 		.4byte	.LVL24
 2019 0164 0100     		.2byte	0x1
 2020 0166 50       		.byte	0x50
 2021 0167 24000000 		.4byte	.LVL25
 2022 016b 2C000000 		.4byte	.LVL28
 2023 016f 0100     		.2byte	0x1
 2024 0171 50       		.byte	0x50
 2025 0172 32000000 		.4byte	.LVL29
 2026 0176 5E000000 		.4byte	.LVL33
 2027 017a 0100     		.2byte	0x1
 2028 017c 50       		.byte	0x50
 2029 017d 62000000 		.4byte	.LVL35
 2030 0181 6C000000 		.4byte	.LVL37
 2031 0185 0300     		.2byte	0x3
 2032 0187 70       		.byte	0x70
 2033 0188 01       		.sleb128 1
 2034 0189 9F       		.byte	0x9f
 2035 018a 6C000000 		.4byte	.LVL37
 2036 018e 72000000 		.4byte	.LVL39
 2037 0192 0300     		.2byte	0x3
 2038 0194 70       		.byte	0x70
 2039 0195 02       		.sleb128 2
 2040 0196 9F       		.byte	0x9f
 2041 0197 72000000 		.4byte	.LVL39
 2042 019b 9C000000 		.4byte	.LVL49
 2043 019f 0100     		.2byte	0x1
 2044 01a1 50       		.byte	0x50
 2045 01a2 A4000000 		.4byte	.LVL50
 2046 01a6 A6000000 		.4byte	.LVL51
 2047 01aa 0300     		.2byte	0x3
ARM GAS  /var/folders/5n/p_75w94d66l9ssrldxqdhh700000gn/T//cc7YPUSW.s 			page 37


 2048 01ac 70       		.byte	0x70
 2049 01ad 01       		.sleb128 1
 2050 01ae 9F       		.byte	0x9f
 2051 01af A6000000 		.4byte	.LVL51
 2052 01b3 FC000000 		.4byte	.LVL54
 2053 01b7 0100     		.2byte	0x1
 2054 01b9 50       		.byte	0x50
 2055 01ba 12010000 		.4byte	.LVL55
 2056 01be 43010000 		.4byte	.LVL58-1
 2057 01c2 0100     		.2byte	0x1
 2058 01c4 50       		.byte	0x50
 2059 01c5 00000000 		.4byte	0
 2060 01c9 00000000 		.4byte	0
 2061              	.LLST8:
 2062 01cd 00000000 		.4byte	.LVL21
 2063 01d1 9C000000 		.4byte	.LVL49
 2064 01d5 0100     		.2byte	0x1
 2065 01d7 51       		.byte	0x51
 2066 01d8 A4000000 		.4byte	.LVL50
 2067 01dc FC000000 		.4byte	.LVL54
 2068 01e0 0100     		.2byte	0x1
 2069 01e2 51       		.byte	0x51
 2070 01e3 12010000 		.4byte	.LVL55
 2071 01e7 43010000 		.4byte	.LVL58-1
 2072 01eb 0100     		.2byte	0x1
 2073 01ed 51       		.byte	0x51
 2074 01ee 00000000 		.4byte	0
 2075 01f2 00000000 		.4byte	0
 2076              	.LLST9:
 2077 01f6 1A000000 		.4byte	.LVL23
 2078 01fa 24000000 		.4byte	.LVL25
 2079 01fe 0200     		.2byte	0x2
 2080 0200 30       		.byte	0x30
 2081 0201 9F       		.byte	0x9f
 2082 0202 24000000 		.4byte	.LVL25
 2083 0206 28000000 		.4byte	.LVL26
 2084 020a 0100     		.2byte	0x1
 2085 020c 54       		.byte	0x54
 2086 020d 2C000000 		.4byte	.LVL28
 2087 0211 52000000 		.4byte	.LVL30
 2088 0215 0100     		.2byte	0x1
 2089 0217 54       		.byte	0x54
 2090 0218 5E000000 		.4byte	.LVL33
 2091 021c 62000000 		.4byte	.LVL35
 2092 0220 0100     		.2byte	0x1
 2093 0222 54       		.byte	0x54
 2094 0223 62000000 		.4byte	.LVL35
 2095 0227 78000000 		.4byte	.LVL40
 2096 022b 0200     		.2byte	0x2
 2097 022d 30       		.byte	0x30
 2098 022e 9F       		.byte	0x9f
 2099 022f 78000000 		.4byte	.LVL40
 2100 0233 7A000000 		.4byte	.LVL41
 2101 0237 0100     		.2byte	0x1
 2102 0239 54       		.byte	0x54
 2103 023a 80000000 		.4byte	.LVL43
 2104 023e 94000000 		.4byte	.LVL46
ARM GAS  /var/folders/5n/p_75w94d66l9ssrldxqdhh700000gn/T//cc7YPUSW.s 			page 38


 2105 0242 0100     		.2byte	0x1
 2106 0244 54       		.byte	0x54
 2107 0245 94000000 		.4byte	.LVL46
 2108 0249 9A000000 		.4byte	.LVL48
 2109 024d 0200     		.2byte	0x2
 2110 024f 76       		.byte	0x76
 2111 0250 7C       		.sleb128 -4
 2112 0251 A4000000 		.4byte	.LVL50
 2113 0255 AE000000 		.4byte	.LVL52
 2114 0259 0200     		.2byte	0x2
 2115 025b 30       		.byte	0x30
 2116 025c 9F       		.byte	0x9f
 2117 025d AE000000 		.4byte	.LVL52
 2118 0261 48010000 		.4byte	.LFE10
 2119 0265 0100     		.2byte	0x1
 2120 0267 54       		.byte	0x54
 2121 0268 00000000 		.4byte	0
 2122 026c 00000000 		.4byte	0
 2123              	.LLST10:
 2124 0270 1A000000 		.4byte	.LVL23
 2125 0274 20000000 		.4byte	.LVL24
 2126 0278 0200     		.2byte	0x2
 2127 027a 3A       		.byte	0x3a
 2128 027b 9F       		.byte	0x9f
 2129 027c 62000000 		.4byte	.LVL35
 2130 0280 6C000000 		.4byte	.LVL37
 2131 0284 0200     		.2byte	0x2
 2132 0286 3A       		.byte	0x3a
 2133 0287 9F       		.byte	0x9f
 2134 0288 6C000000 		.4byte	.LVL37
 2135 028c 78000000 		.4byte	.LVL40
 2136 0290 0200     		.2byte	0x2
 2137 0292 40       		.byte	0x40
 2138 0293 9F       		.byte	0x9f
 2139 0294 A4000000 		.4byte	.LVL50
 2140 0298 AE000000 		.4byte	.LVL52
 2141 029c 0200     		.2byte	0x2
 2142 029e 3A       		.byte	0x3a
 2143 029f 9F       		.byte	0x9f
 2144 02a0 00000000 		.4byte	0
 2145 02a4 00000000 		.4byte	0
 2146              	.LLST11:
 2147 02a8 10000000 		.4byte	.LVL22
 2148 02ac 1A000000 		.4byte	.LVL23
 2149 02b0 0100     		.2byte	0x1
 2150 02b2 53       		.byte	0x53
 2151 02b3 24000000 		.4byte	.LVL25
 2152 02b7 2A000000 		.4byte	.LVL27
 2153 02bb 0100     		.2byte	0x1
 2154 02bd 53       		.byte	0x53
 2155 02be 32000000 		.4byte	.LVL29
 2156 02c2 54000000 		.4byte	.LVL31
 2157 02c6 0100     		.2byte	0x1
 2158 02c8 53       		.byte	0x53
 2159 02c9 60000000 		.4byte	.LVL34
 2160 02cd 62000000 		.4byte	.LVL35
 2161 02d1 0100     		.2byte	0x1
ARM GAS  /var/folders/5n/p_75w94d66l9ssrldxqdhh700000gn/T//cc7YPUSW.s 			page 39


 2162 02d3 53       		.byte	0x53
 2163 02d4 64000000 		.4byte	.LVL36
 2164 02d8 7C000000 		.4byte	.LVL42
 2165 02dc 0100     		.2byte	0x1
 2166 02de 53       		.byte	0x53
 2167 02df 80000000 		.4byte	.LVL43
 2168 02e3 8A000000 		.4byte	.LVL44
 2169 02e7 0100     		.2byte	0x1
 2170 02e9 53       		.byte	0x53
 2171 02ea 96000000 		.4byte	.LVL47
 2172 02ee 9A000000 		.4byte	.LVL48
 2173 02f2 0100     		.2byte	0x1
 2174 02f4 53       		.byte	0x53
 2175 02f5 A4000000 		.4byte	.LVL50
 2176 02f9 CC000000 		.4byte	.LVL53
 2177 02fd 0100     		.2byte	0x1
 2178 02ff 53       		.byte	0x53
 2179 0300 00000000 		.4byte	0
 2180 0304 00000000 		.4byte	0
 2181              	.LLST12:
 2182 0308 10000000 		.4byte	.LVL22
 2183 030c 1A000000 		.4byte	.LVL23
 2184 0310 0300     		.2byte	0x3
 2185 0312 91       		.byte	0x91
 2186 0313 58       		.sleb128 -40
 2187 0314 9F       		.byte	0x9f
 2188 0315 1A000000 		.4byte	.LVL23
 2189 0319 9A000000 		.4byte	.LVL48
 2190 031d 0100     		.2byte	0x1
 2191 031f 56       		.byte	0x56
 2192 0320 A4000000 		.4byte	.LVL50
 2193 0324 48010000 		.4byte	.LFE10
 2194 0328 0100     		.2byte	0x1
 2195 032a 56       		.byte	0x56
 2196 032b 00000000 		.4byte	0
 2197 032f 00000000 		.4byte	0
 2198              	.LLST13:
 2199 0333 00000000 		.4byte	.LFB9
 2200 0337 02000000 		.4byte	.LCFI3
 2201 033b 0200     		.2byte	0x2
 2202 033d 7D       		.byte	0x7d
 2203 033e 00       		.sleb128 0
 2204 033f 02000000 		.4byte	.LCFI3
 2205 0343 04000000 		.4byte	.LCFI4
 2206 0347 0200     		.2byte	0x2
 2207 0349 7D       		.byte	0x7d
 2208 034a 04       		.sleb128 4
 2209 034b 04000000 		.4byte	.LCFI4
 2210 034f 18000000 		.4byte	.LFE9
 2211 0353 0200     		.2byte	0x2
 2212 0355 7D       		.byte	0x7d
 2213 0356 10       		.sleb128 16
 2214 0357 00000000 		.4byte	0
 2215 035b 00000000 		.4byte	0
 2216              	.LLST14:
 2217 035f 00000000 		.4byte	.LVL59
 2218 0363 09000000 		.4byte	.LVL60-1
ARM GAS  /var/folders/5n/p_75w94d66l9ssrldxqdhh700000gn/T//cc7YPUSW.s 			page 40


 2219 0367 0100     		.2byte	0x1
 2220 0369 50       		.byte	0x50
 2221 036a 00000000 		.4byte	0
 2222 036e 00000000 		.4byte	0
 2223              	.LLST15:
 2224 0372 00000000 		.4byte	.LFB12
 2225 0376 04000000 		.4byte	.LCFI5
 2226 037a 0200     		.2byte	0x2
 2227 037c 7D       		.byte	0x7d
 2228 037d 00       		.sleb128 0
 2229 037e 04000000 		.4byte	.LCFI5
 2230 0382 06000000 		.4byte	.LCFI6
 2231 0386 0200     		.2byte	0x2
 2232 0388 7D       		.byte	0x7d
 2233 0389 20       		.sleb128 32
 2234 038a 06000000 		.4byte	.LCFI6
 2235 038e BC000000 		.4byte	.LFE12
 2236 0392 0200     		.2byte	0x2
 2237 0394 7D       		.byte	0x7d
 2238 0395 28       		.sleb128 40
 2239 0396 00000000 		.4byte	0
 2240 039a 00000000 		.4byte	0
 2241              	.LLST16:
 2242 039e 00000000 		.4byte	.LVL61
 2243 03a2 08000000 		.4byte	.LVL62
 2244 03a6 0100     		.2byte	0x1
 2245 03a8 50       		.byte	0x50
 2246 03a9 00000000 		.4byte	0
 2247 03ad 00000000 		.4byte	0
 2248              	.LLST17:
 2249 03b1 00000000 		.4byte	.LVL61
 2250 03b5 AA000000 		.4byte	.LVL84
 2251 03b9 0100     		.2byte	0x1
 2252 03bb 51       		.byte	0x51
 2253 03bc B4000000 		.4byte	.LVL85
 2254 03c0 BA000000 		.4byte	.LVL87
 2255 03c4 0100     		.2byte	0x1
 2256 03c6 51       		.byte	0x51
 2257 03c7 00000000 		.4byte	0
 2258 03cb 00000000 		.4byte	0
 2259              	.LLST18:
 2260 03cf 12000000 		.4byte	.LVL63
 2261 03d3 20000000 		.4byte	.LVL64
 2262 03d7 0100     		.2byte	0x1
 2263 03d9 51       		.byte	0x51
 2264 03da 20000000 		.4byte	.LVL64
 2265 03de 6A000000 		.4byte	.LVL73
 2266 03e2 0100     		.2byte	0x1
 2267 03e4 59       		.byte	0x59
 2268 03e5 6A000000 		.4byte	.LVL73
 2269 03e9 84000000 		.4byte	.LVL77
 2270 03ed 0100     		.2byte	0x1
 2271 03ef 56       		.byte	0x56
 2272 03f0 84000000 		.4byte	.LVL77
 2273 03f4 8A000000 		.4byte	.LVL78
 2274 03f8 0100     		.2byte	0x1
 2275 03fa 59       		.byte	0x59
ARM GAS  /var/folders/5n/p_75w94d66l9ssrldxqdhh700000gn/T//cc7YPUSW.s 			page 41


 2276 03fb 8A000000 		.4byte	.LVL78
 2277 03ff 8E000000 		.4byte	.LVL79
 2278 0403 0100     		.2byte	0x1
 2279 0405 56       		.byte	0x56
 2280 0406 8E000000 		.4byte	.LVL79
 2281 040a A0000000 		.4byte	.LVL82
 2282 040e 0100     		.2byte	0x1
 2283 0410 59       		.byte	0x59
 2284 0411 A0000000 		.4byte	.LVL82
 2285 0415 A8000000 		.4byte	.LVL83
 2286 0419 0300     		.2byte	0x3
 2287 041b 79       		.byte	0x79
 2288 041c 7F       		.sleb128 -1
 2289 041d 9F       		.byte	0x9f
 2290 041e A8000000 		.4byte	.LVL83
 2291 0422 AA000000 		.4byte	.LVL84
 2292 0426 0100     		.2byte	0x1
 2293 0428 59       		.byte	0x59
 2294 0429 B4000000 		.4byte	.LVL85
 2295 042d BC000000 		.4byte	.LFE12
 2296 0431 0100     		.2byte	0x1
 2297 0433 59       		.byte	0x59
 2298 0434 00000000 		.4byte	0
 2299 0438 00000000 		.4byte	0
 2300              	.LLST19:
 2301 043c 12000000 		.4byte	.LVL63
 2302 0440 20000000 		.4byte	.LVL64
 2303 0444 0100     		.2byte	0x1
 2304 0446 5D       		.byte	0x5d
 2305 0447 00000000 		.4byte	0
 2306 044b 00000000 		.4byte	0
 2307              	.LLST20:
 2308 044f 38000000 		.4byte	.LVL67
 2309 0453 40000000 		.4byte	.LVL68
 2310 0457 0100     		.2byte	0x1
 2311 0459 55       		.byte	0x55
 2312 045a 00000000 		.4byte	0
 2313 045e 00000000 		.4byte	0
 2314              	.LLST21:
 2315 0462 12000000 		.4byte	.LVL63
 2316 0466 20000000 		.4byte	.LVL64
 2317 046a 0200     		.2byte	0x2
 2318 046c 30       		.byte	0x30
 2319 046d 9F       		.byte	0x9f
 2320 046e 00000000 		.4byte	0
 2321 0472 00000000 		.4byte	0
 2322              	.LLST22:
 2323 0476 28000000 		.4byte	.LVL65
 2324 047a 2A000000 		.4byte	.LVL66
 2325 047e 0100     		.2byte	0x1
 2326 0480 57       		.byte	0x57
 2327 0481 2A000000 		.4byte	.LVL66
 2328 0485 52000000 		.4byte	.LVL70
 2329 0489 0100     		.2byte	0x1
 2330 048b 50       		.byte	0x50
 2331 048c 52000000 		.4byte	.LVL70
 2332 0490 5A000000 		.4byte	.LVL71
ARM GAS  /var/folders/5n/p_75w94d66l9ssrldxqdhh700000gn/T//cc7YPUSW.s 			page 42


 2333 0494 0100     		.2byte	0x1
 2334 0496 57       		.byte	0x57
 2335 0497 5A000000 		.4byte	.LVL71
 2336 049b 6A000000 		.4byte	.LVL73
 2337 049f 0100     		.2byte	0x1
 2338 04a1 50       		.byte	0x50
 2339 04a2 6A000000 		.4byte	.LVL73
 2340 04a6 6E000000 		.4byte	.LVL74
 2341 04aa 0300     		.2byte	0x3
 2342 04ac 70       		.byte	0x70
 2343 04ad 7F       		.sleb128 -1
 2344 04ae 9F       		.byte	0x9f
 2345 04af 6E000000 		.4byte	.LVL74
 2346 04b3 74000000 		.4byte	.LVL75
 2347 04b7 0300     		.2byte	0x3
 2348 04b9 7C       		.byte	0x7c
 2349 04ba 00       		.sleb128 0
 2350 04bb 9F       		.byte	0x9f
 2351 04bc 8A000000 		.4byte	.LVL78
 2352 04c0 8E000000 		.4byte	.LVL79
 2353 04c4 0300     		.2byte	0x3
 2354 04c6 70       		.byte	0x70
 2355 04c7 7F       		.sleb128 -1
 2356 04c8 9F       		.byte	0x9f
 2357 04c9 00000000 		.4byte	0
 2358 04cd 00000000 		.4byte	0
 2359              	.LLST23:
 2360 04d1 00000000 		.4byte	.LVL61
 2361 04d5 20000000 		.4byte	.LVL64
 2362 04d9 0200     		.2byte	0x2
 2363 04db 30       		.byte	0x30
 2364 04dc 9F       		.byte	0x9f
 2365 04dd 5A000000 		.4byte	.LVL71
 2366 04e1 5E000000 		.4byte	.LVL72
 2367 04e5 0100     		.2byte	0x1
 2368 04e7 5A       		.byte	0x5a
 2369 04e8 5E000000 		.4byte	.LVL72
 2370 04ec 6A000000 		.4byte	.LVL73
 2371 04f0 0300     		.2byte	0x3
 2372 04f2 7A       		.byte	0x7a
 2373 04f3 01       		.sleb128 1
 2374 04f4 9F       		.byte	0x9f
 2375 04f5 6A000000 		.4byte	.LVL73
 2376 04f9 80000000 		.4byte	.LVL76
 2377 04fd 0300     		.2byte	0x3
 2378 04ff 77       		.byte	0x77
 2379 0500 01       		.sleb128 1
 2380 0501 9F       		.byte	0x9f
 2381 0502 80000000 		.4byte	.LVL76
 2382 0506 94000000 		.4byte	.LVL80
 2383 050a 0100     		.2byte	0x1
 2384 050c 57       		.byte	0x57
 2385 050d 94000000 		.4byte	.LVL80
 2386 0511 A8000000 		.4byte	.LVL83
 2387 0515 0100     		.2byte	0x1
 2388 0517 5A       		.byte	0x5a
 2389 0518 B4000000 		.4byte	.LVL85
ARM GAS  /var/folders/5n/p_75w94d66l9ssrldxqdhh700000gn/T//cc7YPUSW.s 			page 43


 2390 051c B8000000 		.4byte	.LVL86
 2391 0520 0100     		.2byte	0x1
 2392 0522 5A       		.byte	0x5a
 2393 0523 B8000000 		.4byte	.LVL86
 2394 0527 BC000000 		.4byte	.LFE12
 2395 052b 0300     		.2byte	0x3
 2396 052d 7A       		.byte	0x7a
 2397 052e 01       		.sleb128 1
 2398 052f 9F       		.byte	0x9f
 2399 0530 00000000 		.4byte	0
 2400 0534 00000000 		.4byte	0
 2401              	.LLST24:
 2402 0538 00000000 		.4byte	.LVL88
 2403 053c 0D000000 		.4byte	.LVL89-1
 2404 0540 0100     		.2byte	0x1
 2405 0542 50       		.byte	0x50
 2406 0543 00000000 		.4byte	0
 2407 0547 00000000 		.4byte	0
 2408              		.section	.debug_aranges,"",%progbits
 2409 0000 44000000 		.4byte	0x44
 2410 0004 0200     		.2byte	0x2
 2411 0006 00000000 		.4byte	.Ldebug_info0
 2412 000a 04       		.byte	0x4
 2413 000b 00       		.byte	0
 2414 000c 0000     		.2byte	0
 2415 000e 0000     		.2byte	0
 2416 0010 00000000 		.4byte	.LFB7
 2417 0014 3C000000 		.4byte	.LFE7-.LFB7
 2418 0018 00000000 		.4byte	.LFB8
 2419 001c 2C000000 		.4byte	.LFE8-.LFB8
 2420 0020 00000000 		.4byte	.LFB10
 2421 0024 48010000 		.4byte	.LFE10-.LFB10
 2422 0028 00000000 		.4byte	.LFB9
 2423 002c 18000000 		.4byte	.LFE9-.LFB9
 2424 0030 00000000 		.4byte	.LFB12
 2425 0034 BC000000 		.4byte	.LFE12-.LFB12
 2426 0038 00000000 		.4byte	.LFB11
 2427 003c 0E000000 		.4byte	.LFE11-.LFB11
 2428 0040 00000000 		.4byte	0
 2429 0044 00000000 		.4byte	0
 2430              		.section	.debug_ranges,"",%progbits
 2431              	.Ldebug_ranges0:
 2432 0000 00000000 		.4byte	.LFB7
 2433 0004 3C000000 		.4byte	.LFE7
 2434 0008 00000000 		.4byte	.LFB8
 2435 000c 2C000000 		.4byte	.LFE8
 2436 0010 00000000 		.4byte	.LFB10
 2437 0014 48010000 		.4byte	.LFE10
 2438 0018 00000000 		.4byte	.LFB9
 2439 001c 18000000 		.4byte	.LFE9
 2440 0020 00000000 		.4byte	.LFB12
 2441 0024 BC000000 		.4byte	.LFE12
 2442 0028 00000000 		.4byte	.LFB11
 2443 002c 0E000000 		.4byte	.LFE11
 2444 0030 00000000 		.4byte	0
 2445 0034 00000000 		.4byte	0
 2446              		.section	.debug_line,"",%progbits
ARM GAS  /var/folders/5n/p_75w94d66l9ssrldxqdhh700000gn/T//cc7YPUSW.s 			page 44


 2447              	.Ldebug_line0:
 2448 0000 92020000 		.section	.debug_str,"MS",%progbits,1
 2448      02003501 
 2448      00000201 
 2448      FB0E0D00 
 2448      01010101 
 2449              	.LASF21:
 2450 0000 70627566 		.ascii	"pbuf\000"
 2450      00
 2451              	.LASF47:
 2452 0005 70617274 		.ascii	"parts\000"
 2452      7300
 2453              	.LASF52:
 2454 000b 69706164 		.ascii	"ipaddr_ntoa\000"
 2454      64725F6E 
 2454      746F6100 
 2455              	.LASF26:
 2456 0017 74797065 		.ascii	"type\000"
 2456      00
 2457              	.LASF12:
 2458 001c 6C6F6E67 		.ascii	"long long unsigned int\000"
 2458      206C6F6E 
 2458      6720756E 
 2458      7369676E 
 2458      65642069 
 2459              	.LASF22:
 2460 0033 61646472 		.ascii	"addr\000"
 2460      00
 2461              	.LASF23:
 2462 0038 6E657874 		.ascii	"next\000"
 2462      00
 2463              	.LASF11:
 2464 003d 6C6F6E67 		.ascii	"long long int\000"
 2464      206C6F6E 
 2464      6720696E 
 2464      7400
 2465              	.LASF1:
 2466 004b 7369676E 		.ascii	"signed char\000"
 2466      65642063 
 2466      68617200 
 2467              	.LASF35:
 2468 0057 68776164 		.ascii	"hwaddr\000"
 2468      647200
 2469              	.LASF40:
 2470 005e 6970345F 		.ascii	"ip4_addr_isbroadcast\000"
 2470      61646472 
 2470      5F697362 
 2470      726F6164 
 2470      63617374 
 2471              	.LASF25:
 2472 0073 746F745F 		.ascii	"tot_len\000"
 2472      6C656E00 
 2473              	.LASF33:
 2474 007b 73746174 		.ascii	"state\000"
 2474      6500
 2475              	.LASF8:
 2476 0081 6C6F6E67 		.ascii	"long int\000"
ARM GAS  /var/folders/5n/p_75w94d66l9ssrldxqdhh700000gn/T//cc7YPUSW.s 			page 45


 2476      20696E74 
 2476      00
 2477              	.LASF6:
 2478 008a 75696E74 		.ascii	"uint16_t\000"
 2478      31365F74 
 2478      00
 2479              	.LASF34:
 2480 0093 68776164 		.ascii	"hwaddr_len\000"
 2480      64725F6C 
 2480      656E00
 2481              	.LASF29:
 2482 009e 6E65746D 		.ascii	"netmask\000"
 2482      61736B00 
 2483              	.LASF43:
 2484 00a6 6D61736B 		.ascii	"mask\000"
 2484      00
 2485              	.LASF0:
 2486 00ab 756E7369 		.ascii	"unsigned int\000"
 2486      676E6564 
 2486      20696E74 
 2486      00
 2487              	.LASF51:
 2488 00b8 735F6164 		.ascii	"s_addr\000"
 2488      647200
 2489              	.LASF10:
 2490 00bf 6C6F6E67 		.ascii	"long unsigned int\000"
 2490      20756E73 
 2490      69676E65 
 2490      6420696E 
 2490      7400
 2491              	.LASF17:
 2492 00d1 7533325F 		.ascii	"u32_t\000"
 2492      7400
 2493              	.LASF36:
 2494 00d7 6E616D65 		.ascii	"name\000"
 2494      00
 2495              	.LASF53:
 2496 00dc 69705F61 		.ascii	"ip_addr_any\000"
 2496      6464725F 
 2496      616E7900 
 2497              	.LASF7:
 2498 00e8 73686F72 		.ascii	"short unsigned int\000"
 2498      7420756E 
 2498      7369676E 
 2498      65642069 
 2498      6E7400
 2499              	.LASF56:
 2500 00fb 2E2E2F2E 		.ascii	"../../ext/lwip/src/core/ipv4/ip_addr.c\000"
 2500      2E2F6578 
 2500      742F6C77 
 2500      69702F73 
 2500      72632F63 
 2501              	.LASF44:
 2502 0122 6E6D5F68 		.ascii	"nm_hostorder\000"
 2502      6F73746F 
 2502      72646572 
 2502      00
ARM GAS  /var/folders/5n/p_75w94d66l9ssrldxqdhh700000gn/T//cc7YPUSW.s 			page 46


 2503              	.LASF49:
 2504 012f 69706164 		.ascii	"ipaddr_ntoa_r\000"
 2504      64725F6E 
 2504      746F615F 
 2504      7200
 2505              	.LASF19:
 2506 013d 6572725F 		.ascii	"err_t\000"
 2506      7400
 2507              	.LASF31:
 2508 0143 6F757470 		.ascii	"output\000"
 2508      757400
 2509              	.LASF18:
 2510 014a 69705F61 		.ascii	"ip_addr_t\000"
 2510      6464725F 
 2510      7400
 2511              	.LASF14:
 2512 0154 75385F74 		.ascii	"u8_t\000"
 2512      00
 2513              	.LASF39:
 2514 0159 6E657469 		.ascii	"netif_linkoutput_fn\000"
 2514      665F6C69 
 2514      6E6B6F75 
 2514      74707574 
 2514      5F666E00 
 2515              	.LASF45:
 2516 016d 69706164 		.ascii	"ipaddr_aton\000"
 2516      64725F61 
 2516      746F6E00 
 2517              	.LASF28:
 2518 0179 6E657469 		.ascii	"netif\000"
 2518      6600
 2519              	.LASF24:
 2520 017f 7061796C 		.ascii	"payload\000"
 2520      6F616400 
 2521              	.LASF20:
 2522 0187 69705F61 		.ascii	"ip_addr\000"
 2522      64647200 
 2523              	.LASF54:
 2524 018f 69705F61 		.ascii	"ip_addr_broadcast\000"
 2524      6464725F 
 2524      62726F61 
 2524      64636173 
 2524      7400
 2525              	.LASF37:
 2526 01a1 6E657469 		.ascii	"netif_input_fn\000"
 2526      665F696E 
 2526      7075745F 
 2526      666E00
 2527              	.LASF46:
 2528 01b0 62617365 		.ascii	"base\000"
 2528      00
 2529              	.LASF4:
 2530 01b5 756E7369 		.ascii	"unsigned char\000"
 2530      676E6564 
 2530      20636861 
 2530      7200
 2531              	.LASF5:
ARM GAS  /var/folders/5n/p_75w94d66l9ssrldxqdhh700000gn/T//cc7YPUSW.s 			page 47


 2532 01c3 73686F72 		.ascii	"short int\000"
 2532      7420696E 
 2532      7400
 2533              	.LASF38:
 2534 01cd 6E657469 		.ascii	"netif_output_fn\000"
 2534      665F6F75 
 2534      74707574 
 2534      5F666E00 
 2535              	.LASF50:
 2536 01dd 6275666C 		.ascii	"buflen\000"
 2536      656E00
 2537              	.LASF30:
 2538 01e4 696E7075 		.ascii	"input\000"
 2538      7400
 2539              	.LASF15:
 2540 01ea 73385F74 		.ascii	"s8_t\000"
 2540      00
 2541              	.LASF9:
 2542 01ef 75696E74 		.ascii	"uint32_t\000"
 2542      33325F74 
 2542      00
 2543              	.LASF13:
 2544 01f8 63686172 		.ascii	"char\000"
 2544      00
 2545              	.LASF55:
 2546 01fd 474E5520 		.ascii	"GNU C 4.6.2 20111004 (prerelease)\000"
 2546      4320342E 
 2546      362E3220 
 2546      32303131 
 2546      31303034 
 2547              	.LASF2:
 2548 021f 696E7438 		.ascii	"int8_t\000"
 2548      5F7400
 2549              	.LASF16:
 2550 0226 7531365F 		.ascii	"u16_t\000"
 2550      7400
 2551              	.LASF42:
 2552 022c 69706164 		.ascii	"ipaddr\000"
 2552      647200
 2553              	.LASF3:
 2554 0233 75696E74 		.ascii	"uint8_t\000"
 2554      385F7400 
 2555              	.LASF27:
 2556 023b 666C6167 		.ascii	"flags\000"
 2556      7300
 2557              	.LASF57:
 2558 0241 2F557365 		.ascii	"/Users/sin/Documents/Eclipse/Workspace/mabl-ChibiOS"
 2558      72732F73 
 2558      696E2F44 
 2558      6F63756D 
 2558      656E7473 
 2559 0274 2D322E35 		.ascii	"-2.5.1/demos/ARMCM4-STM32F407-LWIP\000"
 2559      2E312F64 
 2559      656D6F73 
 2559      2F41524D 
 2559      434D342D 
 2560              	.LASF32:
ARM GAS  /var/folders/5n/p_75w94d66l9ssrldxqdhh700000gn/T//cc7YPUSW.s 			page 48


 2561 0297 6C696E6B 		.ascii	"linkoutput\000"
 2561      6F757470 
 2561      757400
 2562              	.LASF48:
 2563 02a2 69706164 		.ascii	"ipaddr_addr\000"
 2563      64725F61 
 2563      64647200 
 2564              	.LASF41:
 2565 02ae 6970345F 		.ascii	"ip4_addr_netmask_valid\000"
 2565      61646472 
 2565      5F6E6574 
 2565      6D61736B 
 2565      5F76616C 
 2566              		.ident	"GCC: (Linaro GCC 4.6-2011.10) 4.6.2 20111004 (prerelease)"
ARM GAS  /var/folders/5n/p_75w94d66l9ssrldxqdhh700000gn/T//cc7YPUSW.s 			page 49


DEFINED SYMBOLS
                            *ABS*:0000000000000000 ip_addr.c
/var/folders/5n/p_75w94d66l9ssrldxqdhh700000gn/T//cc7YPUSW.s:18     .text.ip4_addr_isbroadcast:0000000000000000 $t
/var/folders/5n/p_75w94d66l9ssrldxqdhh700000gn/T//cc7YPUSW.s:24     .text.ip4_addr_isbroadcast:0000000000000000 ip4_addr_isbroadcast
/var/folders/5n/p_75w94d66l9ssrldxqdhh700000gn/T//cc7YPUSW.s:88     .text.ip4_addr_netmask_valid:0000000000000000 $t
/var/folders/5n/p_75w94d66l9ssrldxqdhh700000gn/T//cc7YPUSW.s:94     .text.ip4_addr_netmask_valid:0000000000000000 ip4_addr_netmask_valid
/var/folders/5n/p_75w94d66l9ssrldxqdhh700000gn/T//cc7YPUSW.s:154    .text.ipaddr_aton:0000000000000000 $t
/var/folders/5n/p_75w94d66l9ssrldxqdhh700000gn/T//cc7YPUSW.s:160    .text.ipaddr_aton:0000000000000000 ipaddr_aton
/var/folders/5n/p_75w94d66l9ssrldxqdhh700000gn/T//cc7YPUSW.s:359    .text.ipaddr_aton:00000000000000dc $d
/var/folders/5n/p_75w94d66l9ssrldxqdhh700000gn/T//cc7YPUSW.s:366    .text.ipaddr_aton:00000000000000f0 $t
/var/folders/5n/p_75w94d66l9ssrldxqdhh700000gn/T//cc7YPUSW.s:429    .text.ipaddr_addr:0000000000000000 $t
/var/folders/5n/p_75w94d66l9ssrldxqdhh700000gn/T//cc7YPUSW.s:435    .text.ipaddr_addr:0000000000000000 ipaddr_addr
/var/folders/5n/p_75w94d66l9ssrldxqdhh700000gn/T//cc7YPUSW.s:468    .text.ipaddr_ntoa_r:0000000000000000 $t
/var/folders/5n/p_75w94d66l9ssrldxqdhh700000gn/T//cc7YPUSW.s:474    .text.ipaddr_ntoa_r:0000000000000000 ipaddr_ntoa_r
/var/folders/5n/p_75w94d66l9ssrldxqdhh700000gn/T//cc7YPUSW.s:639    .text.ipaddr_ntoa:0000000000000000 $t
/var/folders/5n/p_75w94d66l9ssrldxqdhh700000gn/T//cc7YPUSW.s:645    .text.ipaddr_ntoa:0000000000000000 ipaddr_ntoa
/var/folders/5n/p_75w94d66l9ssrldxqdhh700000gn/T//cc7YPUSW.s:674    .bss.str.2223:0000000000000000 .LANCHOR0
/var/folders/5n/p_75w94d66l9ssrldxqdhh700000gn/T//cc7YPUSW.s:670    .rodata.ip_addr_broadcast:0000000000000000 ip_addr_broadcast
/var/folders/5n/p_75w94d66l9ssrldxqdhh700000gn/T//cc7YPUSW.s:683    .rodata.ip_addr_any:0000000000000000 ip_addr_any
/var/folders/5n/p_75w94d66l9ssrldxqdhh700000gn/T//cc7YPUSW.s:667    .rodata.ip_addr_broadcast:0000000000000000 $d
/var/folders/5n/p_75w94d66l9ssrldxqdhh700000gn/T//cc7YPUSW.s:673    .bss.str.2223:0000000000000000 $d
/var/folders/5n/p_75w94d66l9ssrldxqdhh700000gn/T//cc7YPUSW.s:677    .bss.str.2223:0000000000000000 str.2223
/var/folders/5n/p_75w94d66l9ssrldxqdhh700000gn/T//cc7YPUSW.s:680    .rodata.ip_addr_any:0000000000000000 $d
                     .debug_frame:0000000000000010 $d

UNDEFINED SYMBOLS
lwip_htonl
port_halt
