ARM GAS  /var/folders/5n/p_75w94d66l9ssrldxqdhh700000gn/T//cceJyRHG.s 			page 1


   1              		.syntax unified
   2              		.cpu cortex-m4
   3              		.fpu softvfp
   4              		.eabi_attribute 20, 1
   5              		.eabi_attribute 21, 1
   6              		.eabi_attribute 23, 3
   7              		.eabi_attribute 24, 1
   8              		.eabi_attribute 25, 1
   9              		.eabi_attribute 26, 1
  10              		.eabi_attribute 30, 2
  11              		.eabi_attribute 18, 4
  12              		.thumb
  13              		.file	"pal.c"
  14              		.text
  15              	.Ltext0:
  16              		.cfi_sections	.debug_frame
  17              		.section	.text.palReadBus,"ax",%progbits
  18              		.align	2
  19              		.p2align 4,,15
  20              		.global	palReadBus
  21              		.thumb
  22              		.thumb_func
  23              		.type	palReadBus, %function
  24              	palReadBus:
  25              	.LFB118:
  26              		.file 1 "../../os/hal/src/pal.c"
  27              		.loc 1 69 0
  28              		.cfi_startproc
  29              		@ args = 0, pretend = 0, frame = 0
  30              		@ frame_needed = 0, uses_anonymous_args = 0
  31              		@ link register save eliminated.
  32              	.LVL0:
  33              		.loc 1 74 0
  34 0000 0368     		ldr	r3, [r0, #0]
  35 0002 8268     		ldr	r2, [r0, #8]
  36 0004 1969     		ldr	r1, [r3, #16]
  37 0006 4368     		ldr	r3, [r0, #4]
  38 0008 31FA02F0 		lsrs	r0, r1, r2
  39              	.LVL1:
  40              		.loc 1 75 0
  41 000c 1840     		ands	r0, r0, r3
  42 000e 7047     		bx	lr
  43              		.cfi_endproc
  44              	.LFE118:
  45              		.size	palReadBus, .-palReadBus
  46              		.section	.text.palWriteBus,"ax",%progbits
  47              		.align	2
  48              		.p2align 4,,15
  49              		.global	palWriteBus
  50              		.thumb
  51              		.thumb_func
  52              		.type	palWriteBus, %function
  53              	palWriteBus:
  54              	.LFB119:
  55              		.loc 1 94 0
  56              		.cfi_startproc
  57              		@ args = 0, pretend = 0, frame = 0
ARM GAS  /var/folders/5n/p_75w94d66l9ssrldxqdhh700000gn/T//cceJyRHG.s 			page 2


  58              		@ frame_needed = 0, uses_anonymous_args = 0
  59              		@ link register save eliminated.
  60              	.LVL2:
  61              		.loc 1 99 0
  62 0000 0DC8     		ldmia	r0, {r0, r2, r3}
  63              	.LVL3:
  64              		.loc 1 94 0
  65 0002 30B4     		push	{r4, r5}
  66              	.LCFI0:
  67              		.cfi_def_cfa_offset 8
  68              		.cfi_offset 5, -4
  69              		.cfi_offset 4, -8
  70              		.loc 1 99 0
  71 0004 22EA0105 		bic	r5, r2, r1
  72 0008 03F11004 		add	r4, r3, #16
  73 000c 0A40     		ands	r2, r2, r1
  74 000e 15FA04F4 		lsls	r4, r5, r4
  75 0012 12FA03F3 		lsls	r3, r2, r3
  76 0016 2343     		orrs	r3, r3, r4
  77 0018 8361     		str	r3, [r0, #24]
  78              		.loc 1 100 0
  79 001a 30BC     		pop	{r4, r5}
  80 001c 7047     		bx	lr
  81              		.cfi_endproc
  82              	.LFE119:
  83              		.size	palWriteBus, .-palWriteBus
  84 001e 00BF     		.section	.text.palSetBusMode,"ax",%progbits
  85              		.align	2
  86              		.p2align 4,,15
  87              		.global	palSetBusMode
  88              		.thumb
  89              		.thumb_func
  90              		.type	palSetBusMode, %function
  91              	palSetBusMode:
  92              	.LFB120:
  93              		.loc 1 117 0
  94              		.cfi_startproc
  95              		@ args = 0, pretend = 0, frame = 0
  96              		@ frame_needed = 0, uses_anonymous_args = 0
  97              		@ link register save eliminated.
  98              	.LVL4:
  99              		.loc 1 117 0
 100 0000 0A46     		mov	r2, r1
 101              		.loc 1 122 0
 102 0002 0BC8     		ldmia	r0, {r0, r1, r3}
 103              	.LVL5:
 104 0004 9940     		lsls	r1, r1, r3
 105              		.loc 1 123 0
 106              		.loc 1 122 0
 107 0006 FFF7FEBF 		b	_pal_lld_setgroupmode
 108              	.LVL6:
 109              		.cfi_endproc
 110              	.LFE120:
 111              		.size	palSetBusMode, .-palSetBusMode
 112 000a 00BFAFF3 		.text
 112      0080
 113              	.Letext0:
ARM GAS  /var/folders/5n/p_75w94d66l9ssrldxqdhh700000gn/T//cceJyRHG.s 			page 3


 114              		.file 2 "/usr/local/summon/lib/gcc/arm-none-eabi/4.6.2/../../../../arm-none-eabi/include/stdint.h"
 115              		.file 3 "../../os/hal/platforms/STM32/GPIOv2/pal_lld.h"
 116              		.file 4 "../../os/hal/include/pal.h"
 117              		.file 5 "../../os/ports/common/ARMCMx/CMSIS/include/core_cm4.h"
 118              		.section	.debug_info,"",%progbits
 119              	.Ldebug_info0:
 120 0000 AE020000 		.4byte	0x2ae
 121 0004 0200     		.2byte	0x2
 122 0006 00000000 		.4byte	.Ldebug_abbrev0
 123 000a 04       		.byte	0x4
 124 000b 01       		.uleb128 0x1
 125 000c 1C000000 		.4byte	.LASF36
 126 0010 01       		.byte	0x1
 127 0011 9C000000 		.4byte	.LASF37
 128 0015 84010000 		.4byte	.LASF38
 129 0019 00000000 		.4byte	0
 130 001d 00000000 		.4byte	0
 131 0021 00000000 		.4byte	.Ldebug_ranges0+0
 132 0025 00000000 		.4byte	.Ldebug_line0
 133 0029 02       		.uleb128 0x2
 134 002a 04       		.byte	0x4
 135 002b 05       		.byte	0x5
 136 002c 696E7400 		.ascii	"int\000"
 137 0030 03       		.uleb128 0x3
 138 0031 04       		.byte	0x4
 139 0032 07       		.byte	0x7
 140 0033 FC000000 		.4byte	.LASF0
 141 0037 03       		.uleb128 0x3
 142 0038 01       		.byte	0x1
 143 0039 06       		.byte	0x6
 144 003a 78010000 		.4byte	.LASF1
 145 003e 03       		.uleb128 0x3
 146 003f 01       		.byte	0x1
 147 0040 08       		.byte	0x8
 148 0041 8E000000 		.4byte	.LASF2
 149 0045 03       		.uleb128 0x3
 150 0046 02       		.byte	0x2
 151 0047 05       		.byte	0x5
 152 0048 EA000000 		.4byte	.LASF3
 153 004c 04       		.uleb128 0x4
 154 004d 5D010000 		.4byte	.LASF5
 155 0051 02       		.byte	0x2
 156 0052 36       		.byte	0x36
 157 0053 57000000 		.4byte	0x57
 158 0057 03       		.uleb128 0x3
 159 0058 02       		.byte	0x2
 160 0059 07       		.byte	0x7
 161 005a C5000000 		.4byte	.LASF4
 162 005e 04       		.uleb128 0x4
 163 005f 20010000 		.4byte	.LASF6
 164 0063 02       		.byte	0x2
 165 0064 4F       		.byte	0x4f
 166 0065 69000000 		.4byte	0x69
 167 0069 03       		.uleb128 0x3
 168 006a 04       		.byte	0x4
 169 006b 05       		.byte	0x5
 170 006c 6F010000 		.4byte	.LASF7
ARM GAS  /var/folders/5n/p_75w94d66l9ssrldxqdhh700000gn/T//cceJyRHG.s 			page 4


 171 0070 04       		.uleb128 0x4
 172 0071 66010000 		.4byte	.LASF8
 173 0075 02       		.byte	0x2
 174 0076 50       		.byte	0x50
 175 0077 7B000000 		.4byte	0x7b
 176 007b 03       		.uleb128 0x3
 177 007c 04       		.byte	0x4
 178 007d 07       		.byte	0x7
 179 007e B3000000 		.4byte	.LASF9
 180 0082 03       		.uleb128 0x3
 181 0083 08       		.byte	0x8
 182 0084 05       		.byte	0x5
 183 0085 2E010000 		.4byte	.LASF10
 184 0089 03       		.uleb128 0x3
 185 008a 08       		.byte	0x8
 186 008b 07       		.byte	0x7
 187 008c DA010000 		.4byte	.LASF11
 188 0090 04       		.uleb128 0x4
 189 0091 3E000000 		.4byte	.LASF12
 190 0095 02       		.byte	0x2
 191 0096 A0       		.byte	0xa0
 192 0097 30000000 		.4byte	0x30
 193 009b 05       		.uleb128 0x5
 194 009c 70000000 		.4byte	0x70
 195 00a0 03       		.uleb128 0x3
 196 00a1 01       		.byte	0x1
 197 00a2 08       		.byte	0x8
 198 00a3 16010000 		.4byte	.LASF13
 199 00a7 05       		.uleb128 0x5
 200 00a8 5E000000 		.4byte	0x5e
 201 00ac 06       		.uleb128 0x6
 202 00ad 04       		.byte	0x4
 203 00ae 03       		.byte	0x3
 204 00af 97       		.byte	0x97
 205 00b0 D1000000 		.4byte	0xd1
 206 00b4 07       		.uleb128 0x7
 207 00b5 73657400 		.ascii	"set\000"
 208 00b9 03       		.byte	0x3
 209 00ba 98       		.byte	0x98
 210 00bb 4C000000 		.4byte	0x4c
 211 00bf 02       		.byte	0x2
 212 00c0 23       		.byte	0x23
 213 00c1 00       		.uleb128 0
 214 00c2 08       		.uleb128 0x8
 215 00c3 05000000 		.4byte	.LASF14
 216 00c7 03       		.byte	0x3
 217 00c8 99       		.byte	0x99
 218 00c9 4C000000 		.4byte	0x4c
 219 00cd 02       		.byte	0x2
 220 00ce 23       		.byte	0x23
 221 00cf 02       		.uleb128 0x2
 222 00d0 00       		.byte	0
 223 00d1 09       		.uleb128 0x9
 224 00d2 04       		.byte	0x4
 225 00d3 03       		.byte	0x3
 226 00d4 95       		.byte	0x95
 227 00d5 EC000000 		.4byte	0xec
ARM GAS  /var/folders/5n/p_75w94d66l9ssrldxqdhh700000gn/T//cceJyRHG.s 			page 5


 228 00d9 0A       		.uleb128 0xa
 229 00da 5700     		.ascii	"W\000"
 230 00dc 03       		.byte	0x3
 231 00dd 96       		.byte	0x96
 232 00de 70000000 		.4byte	0x70
 233 00e2 0A       		.uleb128 0xa
 234 00e3 4800     		.ascii	"H\000"
 235 00e5 03       		.byte	0x3
 236 00e6 9A       		.byte	0x9a
 237 00e7 AC000000 		.4byte	0xac
 238 00eb 00       		.byte	0
 239 00ec 06       		.uleb128 0x6
 240 00ed 28       		.byte	0x28
 241 00ee 03       		.byte	0x3
 242 00ef 8D       		.byte	0x8d
 243 00f0 81010000 		.4byte	0x181
 244 00f4 08       		.uleb128 0x8
 245 00f5 0B000000 		.4byte	.LASF15
 246 00f9 03       		.byte	0x3
 247 00fa 8F       		.byte	0x8f
 248 00fb 9B000000 		.4byte	0x9b
 249 00ff 02       		.byte	0x2
 250 0100 23       		.byte	0x23
 251 0101 00       		.uleb128 0
 252 0102 08       		.uleb128 0x8
 253 0103 7E000000 		.4byte	.LASF16
 254 0107 03       		.byte	0x3
 255 0108 90       		.byte	0x90
 256 0109 9B000000 		.4byte	0x9b
 257 010d 02       		.byte	0x2
 258 010e 23       		.byte	0x23
 259 010f 04       		.uleb128 0x4
 260 0110 08       		.uleb128 0x8
 261 0111 F4000000 		.4byte	.LASF17
 262 0115 03       		.byte	0x3
 263 0116 91       		.byte	0x91
 264 0117 9B000000 		.4byte	0x9b
 265 011b 02       		.byte	0x2
 266 011c 23       		.byte	0x23
 267 011d 08       		.uleb128 0x8
 268 011e 08       		.uleb128 0x8
 269 011f 28010000 		.4byte	.LASF18
 270 0123 03       		.byte	0x3
 271 0124 92       		.byte	0x92
 272 0125 9B000000 		.4byte	0x9b
 273 0129 02       		.byte	0x2
 274 012a 23       		.byte	0x23
 275 012b 0C       		.uleb128 0xc
 276 012c 07       		.uleb128 0x7
 277 012d 49445200 		.ascii	"IDR\000"
 278 0131 03       		.byte	0x3
 279 0132 93       		.byte	0x93
 280 0133 9B000000 		.4byte	0x9b
 281 0137 02       		.byte	0x2
 282 0138 23       		.byte	0x23
 283 0139 10       		.uleb128 0x10
 284 013a 07       		.uleb128 0x7
ARM GAS  /var/folders/5n/p_75w94d66l9ssrldxqdhh700000gn/T//cceJyRHG.s 			page 6


 285 013b 4F445200 		.ascii	"ODR\000"
 286 013f 03       		.byte	0x3
 287 0140 94       		.byte	0x94
 288 0141 9B000000 		.4byte	0x9b
 289 0145 02       		.byte	0x2
 290 0146 23       		.byte	0x23
 291 0147 14       		.uleb128 0x14
 292 0148 08       		.uleb128 0x8
 293 0149 4B000000 		.4byte	.LASF19
 294 014d 03       		.byte	0x3
 295 014e 9B       		.byte	0x9b
 296 014f 81010000 		.4byte	0x181
 297 0153 02       		.byte	0x2
 298 0154 23       		.byte	0x23
 299 0155 18       		.uleb128 0x18
 300 0156 08       		.uleb128 0x8
 301 0157 00000000 		.4byte	.LASF20
 302 015b 03       		.byte	0x3
 303 015c 9C       		.byte	0x9c
 304 015d 9B000000 		.4byte	0x9b
 305 0161 02       		.byte	0x2
 306 0162 23       		.byte	0x23
 307 0163 1C       		.uleb128 0x1c
 308 0164 08       		.uleb128 0x8
 309 0165 D8000000 		.4byte	.LASF21
 310 0169 03       		.byte	0x3
 311 016a 9D       		.byte	0x9d
 312 016b 9B000000 		.4byte	0x9b
 313 016f 02       		.byte	0x2
 314 0170 23       		.byte	0x23
 315 0171 20       		.uleb128 0x20
 316 0172 08       		.uleb128 0x8
 317 0173 4D010000 		.4byte	.LASF22
 318 0177 03       		.byte	0x3
 319 0178 9E       		.byte	0x9e
 320 0179 9B000000 		.4byte	0x9b
 321 017d 02       		.byte	0x2
 322 017e 23       		.byte	0x23
 323 017f 24       		.uleb128 0x24
 324 0180 00       		.byte	0
 325 0181 05       		.uleb128 0x5
 326 0182 D1000000 		.4byte	0xd1
 327 0186 04       		.uleb128 0x4
 328 0187 09010000 		.4byte	.LASF23
 329 018b 03       		.byte	0x3
 330 018c 9F       		.byte	0x9f
 331 018d EC000000 		.4byte	0xec
 332 0191 04       		.uleb128 0x4
 333 0192 71000000 		.4byte	.LASF24
 334 0196 03       		.byte	0x3
 335 0197 E9       		.byte	0xe9
 336 0198 70000000 		.4byte	0x70
 337 019c 04       		.uleb128 0x4
 338 019d 85000000 		.4byte	.LASF25
 339 01a1 03       		.byte	0x3
 340 01a2 EE       		.byte	0xee
 341 01a3 70000000 		.4byte	0x70
ARM GAS  /var/folders/5n/p_75w94d66l9ssrldxqdhh700000gn/T//cceJyRHG.s 			page 7


 342 01a7 04       		.uleb128 0x4
 343 01a8 52010000 		.4byte	.LASF26
 344 01ac 03       		.byte	0x3
 345 01ad F6       		.byte	0xf6
 346 01ae B2010000 		.4byte	0x1b2
 347 01b2 0B       		.uleb128 0xb
 348 01b3 04       		.byte	0x4
 349 01b4 86010000 		.4byte	0x186
 350 01b8 06       		.uleb128 0x6
 351 01b9 0C       		.byte	0xc
 352 01ba 04       		.byte	0x4
 353 01bb 7E       		.byte	0x7e
 354 01bc EB010000 		.4byte	0x1eb
 355 01c0 08       		.uleb128 0x8
 356 01c1 6A000000 		.4byte	.LASF27
 357 01c5 04       		.byte	0x4
 358 01c6 82       		.byte	0x82
 359 01c7 A7010000 		.4byte	0x1a7
 360 01cb 02       		.byte	0x2
 361 01cc 23       		.byte	0x23
 362 01cd 00       		.uleb128 0
 363 01ce 08       		.uleb128 0x8
 364 01cf 3C010000 		.4byte	.LASF28
 365 01d3 04       		.byte	0x4
 366 01d4 88       		.byte	0x88
 367 01d5 91010000 		.4byte	0x191
 368 01d9 02       		.byte	0x2
 369 01da 23       		.byte	0x23
 370 01db 04       		.uleb128 0x4
 371 01dc 08       		.uleb128 0x8
 372 01dd 46010000 		.4byte	.LASF29
 373 01e1 04       		.byte	0x4
 374 01e2 8C       		.byte	0x8c
 375 01e3 90000000 		.4byte	0x90
 376 01e7 02       		.byte	0x2
 377 01e8 23       		.byte	0x23
 378 01e9 08       		.uleb128 0x8
 379 01ea 00       		.byte	0
 380 01eb 04       		.uleb128 0x4
 381 01ec F1010000 		.4byte	.LASF30
 382 01f0 04       		.byte	0x4
 383 01f1 8D       		.byte	0x8d
 384 01f2 B8010000 		.4byte	0x1b8
 385 01f6 0C       		.uleb128 0xc
 386 01f7 01       		.byte	0x1
 387 01f8 11000000 		.4byte	.LASF39
 388 01fc 01       		.byte	0x1
 389 01fd 45       		.byte	0x45
 390 01fe 01       		.byte	0x1
 391 01ff 91010000 		.4byte	0x191
 392 0203 00000000 		.4byte	.LFB118
 393 0207 10000000 		.4byte	.LFE118
 394 020b 02       		.byte	0x2
 395 020c 7D       		.byte	0x7d
 396 020d 00       		.sleb128 0
 397 020e 22020000 		.4byte	0x222
 398 0212 0D       		.uleb128 0xd
ARM GAS  /var/folders/5n/p_75w94d66l9ssrldxqdhh700000gn/T//cceJyRHG.s 			page 8


 399 0213 62757300 		.ascii	"bus\000"
 400 0217 01       		.byte	0x1
 401 0218 45       		.byte	0x45
 402 0219 22020000 		.4byte	0x222
 403 021d 00000000 		.4byte	.LLST0
 404 0221 00       		.byte	0
 405 0222 0B       		.uleb128 0xb
 406 0223 04       		.byte	0x4
 407 0224 EB010000 		.4byte	0x1eb
 408 0228 0E       		.uleb128 0xe
 409 0229 01       		.byte	0x1
 410 022a 50000000 		.4byte	.LASF32
 411 022e 01       		.byte	0x1
 412 022f 5E       		.byte	0x5e
 413 0230 01       		.byte	0x1
 414 0231 00000000 		.4byte	.LFB119
 415 0235 1E000000 		.4byte	.LFE119
 416 0239 13000000 		.4byte	.LLST1
 417 023d 5E020000 		.4byte	0x25e
 418 0241 0D       		.uleb128 0xd
 419 0242 62757300 		.ascii	"bus\000"
 420 0246 01       		.byte	0x1
 421 0247 5E       		.byte	0x5e
 422 0248 22020000 		.4byte	0x222
 423 024c 33000000 		.4byte	.LLST2
 424 0250 0F       		.uleb128 0xf
 425 0251 41010000 		.4byte	.LASF31
 426 0255 01       		.byte	0x1
 427 0256 5E       		.byte	0x5e
 428 0257 91010000 		.4byte	0x191
 429 025b 01       		.byte	0x1
 430 025c 51       		.byte	0x51
 431 025d 00       		.byte	0
 432 025e 10       		.uleb128 0x10
 433 025f 01       		.byte	0x1
 434 0260 5C000000 		.4byte	.LASF33
 435 0264 01       		.byte	0x1
 436 0265 75       		.byte	0x75
 437 0266 01       		.byte	0x1
 438 0267 00000000 		.4byte	.LFB120
 439 026b 0A000000 		.4byte	.LFE120
 440 026f 02       		.byte	0x2
 441 0270 7D       		.byte	0x7d
 442 0271 00       		.sleb128 0
 443 0272 95020000 		.4byte	0x295
 444 0276 0D       		.uleb128 0xd
 445 0277 62757300 		.ascii	"bus\000"
 446 027b 01       		.byte	0x1
 447 027c 75       		.byte	0x75
 448 027d 22020000 		.4byte	0x222
 449 0281 46000000 		.4byte	.LLST3
 450 0285 11       		.uleb128 0x11
 451 0286 1B010000 		.4byte	.LASF34
 452 028a 01       		.byte	0x1
 453 028b 75       		.byte	0x75
 454 028c 9C010000 		.4byte	0x19c
 455 0290 59000000 		.4byte	.LLST4
ARM GAS  /var/folders/5n/p_75w94d66l9ssrldxqdhh700000gn/T//cceJyRHG.s 			page 9


 456 0294 00       		.byte	0
 457 0295 12       		.uleb128 0x12
 458 0296 DD000000 		.4byte	.LASF35
 459 029a 05       		.byte	0x5
 460 029b 9806     		.2byte	0x698
 461 029d A7000000 		.4byte	0xa7
 462 02a1 01       		.byte	0x1
 463 02a2 01       		.byte	0x1
 464 02a3 12       		.uleb128 0x12
 465 02a4 DD000000 		.4byte	.LASF35
 466 02a8 05       		.byte	0x5
 467 02a9 9806     		.2byte	0x698
 468 02ab A7000000 		.4byte	0xa7
 469 02af 01       		.byte	0x1
 470 02b0 01       		.byte	0x1
 471 02b1 00       		.byte	0
 472              		.section	.debug_abbrev,"",%progbits
 473              	.Ldebug_abbrev0:
 474 0000 01       		.uleb128 0x1
 475 0001 11       		.uleb128 0x11
 476 0002 01       		.byte	0x1
 477 0003 25       		.uleb128 0x25
 478 0004 0E       		.uleb128 0xe
 479 0005 13       		.uleb128 0x13
 480 0006 0B       		.uleb128 0xb
 481 0007 03       		.uleb128 0x3
 482 0008 0E       		.uleb128 0xe
 483 0009 1B       		.uleb128 0x1b
 484 000a 0E       		.uleb128 0xe
 485 000b 11       		.uleb128 0x11
 486 000c 01       		.uleb128 0x1
 487 000d 52       		.uleb128 0x52
 488 000e 01       		.uleb128 0x1
 489 000f 55       		.uleb128 0x55
 490 0010 06       		.uleb128 0x6
 491 0011 10       		.uleb128 0x10
 492 0012 06       		.uleb128 0x6
 493 0013 00       		.byte	0
 494 0014 00       		.byte	0
 495 0015 02       		.uleb128 0x2
 496 0016 24       		.uleb128 0x24
 497 0017 00       		.byte	0
 498 0018 0B       		.uleb128 0xb
 499 0019 0B       		.uleb128 0xb
 500 001a 3E       		.uleb128 0x3e
 501 001b 0B       		.uleb128 0xb
 502 001c 03       		.uleb128 0x3
 503 001d 08       		.uleb128 0x8
 504 001e 00       		.byte	0
 505 001f 00       		.byte	0
 506 0020 03       		.uleb128 0x3
 507 0021 24       		.uleb128 0x24
 508 0022 00       		.byte	0
 509 0023 0B       		.uleb128 0xb
 510 0024 0B       		.uleb128 0xb
 511 0025 3E       		.uleb128 0x3e
 512 0026 0B       		.uleb128 0xb
ARM GAS  /var/folders/5n/p_75w94d66l9ssrldxqdhh700000gn/T//cceJyRHG.s 			page 10


 513 0027 03       		.uleb128 0x3
 514 0028 0E       		.uleb128 0xe
 515 0029 00       		.byte	0
 516 002a 00       		.byte	0
 517 002b 04       		.uleb128 0x4
 518 002c 16       		.uleb128 0x16
 519 002d 00       		.byte	0
 520 002e 03       		.uleb128 0x3
 521 002f 0E       		.uleb128 0xe
 522 0030 3A       		.uleb128 0x3a
 523 0031 0B       		.uleb128 0xb
 524 0032 3B       		.uleb128 0x3b
 525 0033 0B       		.uleb128 0xb
 526 0034 49       		.uleb128 0x49
 527 0035 13       		.uleb128 0x13
 528 0036 00       		.byte	0
 529 0037 00       		.byte	0
 530 0038 05       		.uleb128 0x5
 531 0039 35       		.uleb128 0x35
 532 003a 00       		.byte	0
 533 003b 49       		.uleb128 0x49
 534 003c 13       		.uleb128 0x13
 535 003d 00       		.byte	0
 536 003e 00       		.byte	0
 537 003f 06       		.uleb128 0x6
 538 0040 13       		.uleb128 0x13
 539 0041 01       		.byte	0x1
 540 0042 0B       		.uleb128 0xb
 541 0043 0B       		.uleb128 0xb
 542 0044 3A       		.uleb128 0x3a
 543 0045 0B       		.uleb128 0xb
 544 0046 3B       		.uleb128 0x3b
 545 0047 0B       		.uleb128 0xb
 546 0048 01       		.uleb128 0x1
 547 0049 13       		.uleb128 0x13
 548 004a 00       		.byte	0
 549 004b 00       		.byte	0
 550 004c 07       		.uleb128 0x7
 551 004d 0D       		.uleb128 0xd
 552 004e 00       		.byte	0
 553 004f 03       		.uleb128 0x3
 554 0050 08       		.uleb128 0x8
 555 0051 3A       		.uleb128 0x3a
 556 0052 0B       		.uleb128 0xb
 557 0053 3B       		.uleb128 0x3b
 558 0054 0B       		.uleb128 0xb
 559 0055 49       		.uleb128 0x49
 560 0056 13       		.uleb128 0x13
 561 0057 38       		.uleb128 0x38
 562 0058 0A       		.uleb128 0xa
 563 0059 00       		.byte	0
 564 005a 00       		.byte	0
 565 005b 08       		.uleb128 0x8
 566 005c 0D       		.uleb128 0xd
 567 005d 00       		.byte	0
 568 005e 03       		.uleb128 0x3
 569 005f 0E       		.uleb128 0xe
ARM GAS  /var/folders/5n/p_75w94d66l9ssrldxqdhh700000gn/T//cceJyRHG.s 			page 11


 570 0060 3A       		.uleb128 0x3a
 571 0061 0B       		.uleb128 0xb
 572 0062 3B       		.uleb128 0x3b
 573 0063 0B       		.uleb128 0xb
 574 0064 49       		.uleb128 0x49
 575 0065 13       		.uleb128 0x13
 576 0066 38       		.uleb128 0x38
 577 0067 0A       		.uleb128 0xa
 578 0068 00       		.byte	0
 579 0069 00       		.byte	0
 580 006a 09       		.uleb128 0x9
 581 006b 17       		.uleb128 0x17
 582 006c 01       		.byte	0x1
 583 006d 0B       		.uleb128 0xb
 584 006e 0B       		.uleb128 0xb
 585 006f 3A       		.uleb128 0x3a
 586 0070 0B       		.uleb128 0xb
 587 0071 3B       		.uleb128 0x3b
 588 0072 0B       		.uleb128 0xb
 589 0073 01       		.uleb128 0x1
 590 0074 13       		.uleb128 0x13
 591 0075 00       		.byte	0
 592 0076 00       		.byte	0
 593 0077 0A       		.uleb128 0xa
 594 0078 0D       		.uleb128 0xd
 595 0079 00       		.byte	0
 596 007a 03       		.uleb128 0x3
 597 007b 08       		.uleb128 0x8
 598 007c 3A       		.uleb128 0x3a
 599 007d 0B       		.uleb128 0xb
 600 007e 3B       		.uleb128 0x3b
 601 007f 0B       		.uleb128 0xb
 602 0080 49       		.uleb128 0x49
 603 0081 13       		.uleb128 0x13
 604 0082 00       		.byte	0
 605 0083 00       		.byte	0
 606 0084 0B       		.uleb128 0xb
 607 0085 0F       		.uleb128 0xf
 608 0086 00       		.byte	0
 609 0087 0B       		.uleb128 0xb
 610 0088 0B       		.uleb128 0xb
 611 0089 49       		.uleb128 0x49
 612 008a 13       		.uleb128 0x13
 613 008b 00       		.byte	0
 614 008c 00       		.byte	0
 615 008d 0C       		.uleb128 0xc
 616 008e 2E       		.uleb128 0x2e
 617 008f 01       		.byte	0x1
 618 0090 3F       		.uleb128 0x3f
 619 0091 0C       		.uleb128 0xc
 620 0092 03       		.uleb128 0x3
 621 0093 0E       		.uleb128 0xe
 622 0094 3A       		.uleb128 0x3a
 623 0095 0B       		.uleb128 0xb
 624 0096 3B       		.uleb128 0x3b
 625 0097 0B       		.uleb128 0xb
 626 0098 27       		.uleb128 0x27
ARM GAS  /var/folders/5n/p_75w94d66l9ssrldxqdhh700000gn/T//cceJyRHG.s 			page 12


 627 0099 0C       		.uleb128 0xc
 628 009a 49       		.uleb128 0x49
 629 009b 13       		.uleb128 0x13
 630 009c 11       		.uleb128 0x11
 631 009d 01       		.uleb128 0x1
 632 009e 12       		.uleb128 0x12
 633 009f 01       		.uleb128 0x1
 634 00a0 40       		.uleb128 0x40
 635 00a1 0A       		.uleb128 0xa
 636 00a2 01       		.uleb128 0x1
 637 00a3 13       		.uleb128 0x13
 638 00a4 00       		.byte	0
 639 00a5 00       		.byte	0
 640 00a6 0D       		.uleb128 0xd
 641 00a7 05       		.uleb128 0x5
 642 00a8 00       		.byte	0
 643 00a9 03       		.uleb128 0x3
 644 00aa 08       		.uleb128 0x8
 645 00ab 3A       		.uleb128 0x3a
 646 00ac 0B       		.uleb128 0xb
 647 00ad 3B       		.uleb128 0x3b
 648 00ae 0B       		.uleb128 0xb
 649 00af 49       		.uleb128 0x49
 650 00b0 13       		.uleb128 0x13
 651 00b1 02       		.uleb128 0x2
 652 00b2 06       		.uleb128 0x6
 653 00b3 00       		.byte	0
 654 00b4 00       		.byte	0
 655 00b5 0E       		.uleb128 0xe
 656 00b6 2E       		.uleb128 0x2e
 657 00b7 01       		.byte	0x1
 658 00b8 3F       		.uleb128 0x3f
 659 00b9 0C       		.uleb128 0xc
 660 00ba 03       		.uleb128 0x3
 661 00bb 0E       		.uleb128 0xe
 662 00bc 3A       		.uleb128 0x3a
 663 00bd 0B       		.uleb128 0xb
 664 00be 3B       		.uleb128 0x3b
 665 00bf 0B       		.uleb128 0xb
 666 00c0 27       		.uleb128 0x27
 667 00c1 0C       		.uleb128 0xc
 668 00c2 11       		.uleb128 0x11
 669 00c3 01       		.uleb128 0x1
 670 00c4 12       		.uleb128 0x12
 671 00c5 01       		.uleb128 0x1
 672 00c6 40       		.uleb128 0x40
 673 00c7 06       		.uleb128 0x6
 674 00c8 01       		.uleb128 0x1
 675 00c9 13       		.uleb128 0x13
 676 00ca 00       		.byte	0
 677 00cb 00       		.byte	0
 678 00cc 0F       		.uleb128 0xf
 679 00cd 05       		.uleb128 0x5
 680 00ce 00       		.byte	0
 681 00cf 03       		.uleb128 0x3
 682 00d0 0E       		.uleb128 0xe
 683 00d1 3A       		.uleb128 0x3a
ARM GAS  /var/folders/5n/p_75w94d66l9ssrldxqdhh700000gn/T//cceJyRHG.s 			page 13


 684 00d2 0B       		.uleb128 0xb
 685 00d3 3B       		.uleb128 0x3b
 686 00d4 0B       		.uleb128 0xb
 687 00d5 49       		.uleb128 0x49
 688 00d6 13       		.uleb128 0x13
 689 00d7 02       		.uleb128 0x2
 690 00d8 0A       		.uleb128 0xa
 691 00d9 00       		.byte	0
 692 00da 00       		.byte	0
 693 00db 10       		.uleb128 0x10
 694 00dc 2E       		.uleb128 0x2e
 695 00dd 01       		.byte	0x1
 696 00de 3F       		.uleb128 0x3f
 697 00df 0C       		.uleb128 0xc
 698 00e0 03       		.uleb128 0x3
 699 00e1 0E       		.uleb128 0xe
 700 00e2 3A       		.uleb128 0x3a
 701 00e3 0B       		.uleb128 0xb
 702 00e4 3B       		.uleb128 0x3b
 703 00e5 0B       		.uleb128 0xb
 704 00e6 27       		.uleb128 0x27
 705 00e7 0C       		.uleb128 0xc
 706 00e8 11       		.uleb128 0x11
 707 00e9 01       		.uleb128 0x1
 708 00ea 12       		.uleb128 0x12
 709 00eb 01       		.uleb128 0x1
 710 00ec 40       		.uleb128 0x40
 711 00ed 0A       		.uleb128 0xa
 712 00ee 01       		.uleb128 0x1
 713 00ef 13       		.uleb128 0x13
 714 00f0 00       		.byte	0
 715 00f1 00       		.byte	0
 716 00f2 11       		.uleb128 0x11
 717 00f3 05       		.uleb128 0x5
 718 00f4 00       		.byte	0
 719 00f5 03       		.uleb128 0x3
 720 00f6 0E       		.uleb128 0xe
 721 00f7 3A       		.uleb128 0x3a
 722 00f8 0B       		.uleb128 0xb
 723 00f9 3B       		.uleb128 0x3b
 724 00fa 0B       		.uleb128 0xb
 725 00fb 49       		.uleb128 0x49
 726 00fc 13       		.uleb128 0x13
 727 00fd 02       		.uleb128 0x2
 728 00fe 06       		.uleb128 0x6
 729 00ff 00       		.byte	0
 730 0100 00       		.byte	0
 731 0101 12       		.uleb128 0x12
 732 0102 34       		.uleb128 0x34
 733 0103 00       		.byte	0
 734 0104 03       		.uleb128 0x3
 735 0105 0E       		.uleb128 0xe
 736 0106 3A       		.uleb128 0x3a
 737 0107 0B       		.uleb128 0xb
 738 0108 3B       		.uleb128 0x3b
 739 0109 05       		.uleb128 0x5
 740 010a 49       		.uleb128 0x49
ARM GAS  /var/folders/5n/p_75w94d66l9ssrldxqdhh700000gn/T//cceJyRHG.s 			page 14


 741 010b 13       		.uleb128 0x13
 742 010c 3F       		.uleb128 0x3f
 743 010d 0C       		.uleb128 0xc
 744 010e 3C       		.uleb128 0x3c
 745 010f 0C       		.uleb128 0xc
 746 0110 00       		.byte	0
 747 0111 00       		.byte	0
 748 0112 00       		.byte	0
 749              		.section	.debug_loc,"",%progbits
 750              	.Ldebug_loc0:
 751              	.LLST0:
 752 0000 00000000 		.4byte	.LVL0
 753 0004 0C000000 		.4byte	.LVL1
 754 0008 0100     		.2byte	0x1
 755 000a 50       		.byte	0x50
 756 000b 00000000 		.4byte	0
 757 000f 00000000 		.4byte	0
 758              	.LLST1:
 759 0013 00000000 		.4byte	.LFB119
 760 0017 04000000 		.4byte	.LCFI0
 761 001b 0200     		.2byte	0x2
 762 001d 7D       		.byte	0x7d
 763 001e 00       		.sleb128 0
 764 001f 04000000 		.4byte	.LCFI0
 765 0023 1E000000 		.4byte	.LFE119
 766 0027 0200     		.2byte	0x2
 767 0029 7D       		.byte	0x7d
 768 002a 08       		.sleb128 8
 769 002b 00000000 		.4byte	0
 770 002f 00000000 		.4byte	0
 771              	.LLST2:
 772 0033 00000000 		.4byte	.LVL2
 773 0037 02000000 		.4byte	.LVL3
 774 003b 0100     		.2byte	0x1
 775 003d 50       		.byte	0x50
 776 003e 00000000 		.4byte	0
 777 0042 00000000 		.4byte	0
 778              	.LLST3:
 779 0046 00000000 		.4byte	.LVL4
 780 004a 04000000 		.4byte	.LVL5
 781 004e 0100     		.2byte	0x1
 782 0050 50       		.byte	0x50
 783 0051 00000000 		.4byte	0
 784 0055 00000000 		.4byte	0
 785              	.LLST4:
 786 0059 00000000 		.4byte	.LVL4
 787 005d 04000000 		.4byte	.LVL5
 788 0061 0100     		.2byte	0x1
 789 0063 51       		.byte	0x51
 790 0064 04000000 		.4byte	.LVL5
 791 0068 09000000 		.4byte	.LVL6-1
 792 006c 0100     		.2byte	0x1
 793 006e 52       		.byte	0x52
 794 006f 00000000 		.4byte	0
 795 0073 00000000 		.4byte	0
 796              		.section	.debug_aranges,"",%progbits
 797 0000 2C000000 		.4byte	0x2c
ARM GAS  /var/folders/5n/p_75w94d66l9ssrldxqdhh700000gn/T//cceJyRHG.s 			page 15


 798 0004 0200     		.2byte	0x2
 799 0006 00000000 		.4byte	.Ldebug_info0
 800 000a 04       		.byte	0x4
 801 000b 00       		.byte	0
 802 000c 0000     		.2byte	0
 803 000e 0000     		.2byte	0
 804 0010 00000000 		.4byte	.LFB118
 805 0014 10000000 		.4byte	.LFE118-.LFB118
 806 0018 00000000 		.4byte	.LFB119
 807 001c 1E000000 		.4byte	.LFE119-.LFB119
 808 0020 00000000 		.4byte	.LFB120
 809 0024 0A000000 		.4byte	.LFE120-.LFB120
 810 0028 00000000 		.4byte	0
 811 002c 00000000 		.4byte	0
 812              		.section	.debug_ranges,"",%progbits
 813              	.Ldebug_ranges0:
 814 0000 00000000 		.4byte	.LFB118
 815 0004 10000000 		.4byte	.LFE118
 816 0008 00000000 		.4byte	.LFB119
 817 000c 1E000000 		.4byte	.LFE119
 818 0010 00000000 		.4byte	.LFB120
 819 0014 0A000000 		.4byte	.LFE120
 820 0018 00000000 		.4byte	0
 821 001c 00000000 		.4byte	0
 822              		.section	.debug_line,"",%progbits
 823              	.Ldebug_line0:
 824 0000 51010000 		.section	.debug_str,"MS",%progbits,1
 824      02001101 
 824      00000201 
 824      FB0E0D00 
 824      01010101 
 825              	.LASF20:
 826 0000 4C434B52 		.ascii	"LCKR\000"
 826      00
 827              	.LASF14:
 828 0005 636C6561 		.ascii	"clear\000"
 828      7200
 829              	.LASF15:
 830 000b 4D4F4445 		.ascii	"MODER\000"
 830      5200
 831              	.LASF39:
 832 0011 70616C52 		.ascii	"palReadBus\000"
 832      65616442 
 832      757300
 833              	.LASF36:
 834 001c 474E5520 		.ascii	"GNU C 4.6.2 20111004 (prerelease)\000"
 834      4320342E 
 834      362E3220 
 834      32303131 
 834      31303034 
 835              	.LASF12:
 836 003e 75696E74 		.ascii	"uint_fast8_t\000"
 836      5F666173 
 836      74385F74 
 836      00
 837              	.LASF19:
 838 004b 42535252 		.ascii	"BSRR\000"
ARM GAS  /var/folders/5n/p_75w94d66l9ssrldxqdhh700000gn/T//cceJyRHG.s 			page 16


 838      00
 839              	.LASF32:
 840 0050 70616C57 		.ascii	"palWriteBus\000"
 840      72697465 
 840      42757300 
 841              	.LASF33:
 842 005c 70616C53 		.ascii	"palSetBusMode\000"
 842      65744275 
 842      734D6F64 
 842      6500
 843              	.LASF27:
 844 006a 706F7274 		.ascii	"portid\000"
 844      696400
 845              	.LASF24:
 846 0071 696F706F 		.ascii	"ioportmask_t\000"
 846      72746D61 
 846      736B5F74 
 846      00
 847              	.LASF16:
 848 007e 4F545950 		.ascii	"OTYPER\000"
 848      455200
 849              	.LASF25:
 850 0085 696F6D6F 		.ascii	"iomode_t\000"
 850      64655F74 
 850      00
 851              	.LASF2:
 852 008e 756E7369 		.ascii	"unsigned char\000"
 852      676E6564 
 852      20636861 
 852      7200
 853              	.LASF37:
 854 009c 2E2E2F2E 		.ascii	"../../os/hal/src/pal.c\000"
 854      2E2F6F73 
 854      2F68616C 
 854      2F737263 
 854      2F70616C 
 855              	.LASF9:
 856 00b3 6C6F6E67 		.ascii	"long unsigned int\000"
 856      20756E73 
 856      69676E65 
 856      6420696E 
 856      7400
 857              	.LASF4:
 858 00c5 73686F72 		.ascii	"short unsigned int\000"
 858      7420756E 
 858      7369676E 
 858      65642069 
 858      6E7400
 859              	.LASF21:
 860 00d8 4146524C 		.ascii	"AFRL\000"
 860      00
 861              	.LASF35:
 862 00dd 49544D5F 		.ascii	"ITM_RxBuffer\000"
 862      52784275 
 862      66666572 
 862      00
 863              	.LASF3:
ARM GAS  /var/folders/5n/p_75w94d66l9ssrldxqdhh700000gn/T//cceJyRHG.s 			page 17


 864 00ea 73686F72 		.ascii	"short int\000"
 864      7420696E 
 864      7400
 865              	.LASF17:
 866 00f4 4F535045 		.ascii	"OSPEEDR\000"
 866      45445200 
 867              	.LASF0:
 868 00fc 756E7369 		.ascii	"unsigned int\000"
 868      676E6564 
 868      20696E74 
 868      00
 869              	.LASF23:
 870 0109 4750494F 		.ascii	"GPIO_TypeDef\000"
 870      5F547970 
 870      65446566 
 870      00
 871              	.LASF13:
 872 0116 63686172 		.ascii	"char\000"
 872      00
 873              	.LASF34:
 874 011b 6D6F6465 		.ascii	"mode\000"
 874      00
 875              	.LASF6:
 876 0120 696E7433 		.ascii	"int32_t\000"
 876      325F7400 
 877              	.LASF18:
 878 0128 50555044 		.ascii	"PUPDR\000"
 878      5200
 879              	.LASF10:
 880 012e 6C6F6E67 		.ascii	"long long int\000"
 880      206C6F6E 
 880      6720696E 
 880      7400
 881              	.LASF28:
 882 013c 6D61736B 		.ascii	"mask\000"
 882      00
 883              	.LASF31:
 884 0141 62697473 		.ascii	"bits\000"
 884      00
 885              	.LASF29:
 886 0146 6F666673 		.ascii	"offset\000"
 886      657400
 887              	.LASF22:
 888 014d 41465248 		.ascii	"AFRH\000"
 888      00
 889              	.LASF26:
 890 0152 696F706F 		.ascii	"ioportid_t\000"
 890      72746964 
 890      5F7400
 891              	.LASF5:
 892 015d 75696E74 		.ascii	"uint16_t\000"
 892      31365F74 
 892      00
 893              	.LASF8:
 894 0166 75696E74 		.ascii	"uint32_t\000"
 894      33325F74 
 894      00
ARM GAS  /var/folders/5n/p_75w94d66l9ssrldxqdhh700000gn/T//cceJyRHG.s 			page 18


 895              	.LASF7:
 896 016f 6C6F6E67 		.ascii	"long int\000"
 896      20696E74 
 896      00
 897              	.LASF1:
 898 0178 7369676E 		.ascii	"signed char\000"
 898      65642063 
 898      68617200 
 899              	.LASF38:
 900 0184 2F557365 		.ascii	"/Users/sin/Documents/Eclipse/Workspace/mabl-ChibiOS"
 900      72732F73 
 900      696E2F44 
 900      6F63756D 
 900      656E7473 
 901 01b7 2D322E35 		.ascii	"-2.5.1/demos/ARMCM4-STM32F407-LWIP\000"
 901      2E312F64 
 901      656D6F73 
 901      2F41524D 
 901      434D342D 
 902              	.LASF11:
 903 01da 6C6F6E67 		.ascii	"long long unsigned int\000"
 903      206C6F6E 
 903      6720756E 
 903      7369676E 
 903      65642069 
 904              	.LASF30:
 905 01f1 494F4275 		.ascii	"IOBus\000"
 905      7300
 906              		.ident	"GCC: (Linaro GCC 4.6-2011.10) 4.6.2 20111004 (prerelease)"
ARM GAS  /var/folders/5n/p_75w94d66l9ssrldxqdhh700000gn/T//cceJyRHG.s 			page 19


DEFINED SYMBOLS
                            *ABS*:0000000000000000 pal.c
/var/folders/5n/p_75w94d66l9ssrldxqdhh700000gn/T//cceJyRHG.s:18     .text.palReadBus:0000000000000000 $t
/var/folders/5n/p_75w94d66l9ssrldxqdhh700000gn/T//cceJyRHG.s:24     .text.palReadBus:0000000000000000 palReadBus
/var/folders/5n/p_75w94d66l9ssrldxqdhh700000gn/T//cceJyRHG.s:47     .text.palWriteBus:0000000000000000 $t
/var/folders/5n/p_75w94d66l9ssrldxqdhh700000gn/T//cceJyRHG.s:53     .text.palWriteBus:0000000000000000 palWriteBus
/var/folders/5n/p_75w94d66l9ssrldxqdhh700000gn/T//cceJyRHG.s:85     .text.palSetBusMode:0000000000000000 $t
/var/folders/5n/p_75w94d66l9ssrldxqdhh700000gn/T//cceJyRHG.s:91     .text.palSetBusMode:0000000000000000 palSetBusMode
                     .debug_frame:0000000000000010 $d

UNDEFINED SYMBOLS
_pal_lld_setgroupmode
