ARM GAS  /var/folders/5n/p_75w94d66l9ssrldxqdhh700000gn/T//cc7o45G1.s 			page 1


   1              		.syntax unified
   2              		.cpu cortex-m4
   3              		.fpu softvfp
   4              		.eabi_attribute 20, 1
   5              		.eabi_attribute 21, 1
   6              		.eabi_attribute 23, 3
   7              		.eabi_attribute 24, 1
   8              		.eabi_attribute 25, 1
   9              		.eabi_attribute 26, 1
  10              		.eabi_attribute 30, 2
  11              		.eabi_attribute 18, 4
  12              		.thumb
  13              		.file	"pal_lld.c"
  14              		.text
  15              	.Ltext0:
  16              		.cfi_sections	.debug_frame
  17              		.section	.text._pal_lld_init,"ax",%progbits
  18              		.align	2
  19              		.p2align 4,,15
  20              		.global	_pal_lld_init
  21              		.thumb
  22              		.thumb_func
  23              		.type	_pal_lld_init, %function
  24              	_pal_lld_init:
  25              	.LFB119:
  26              		.file 1 "../../os/hal/platforms/STM32/GPIOv2/pal_lld.c"
  27              		.loc 1 104 0
  28              		.cfi_startproc
  29              		@ args = 0, pretend = 0, frame = 0
  30              		@ frame_needed = 0, uses_anonymous_args = 0
  31              		@ link register save eliminated.
  32              	.LVL0:
  33              		.loc 1 115 0
  34 0000 4FF46053 		mov	r3, #14336
  35 0004 C4F20203 		movt	r3, 16386
  36 0008 1A6B     		ldr	r2, [r3, #48]
  37 000a 6FEA5222 		mvn	r2, r2, lsr #9
  38 000e 6FEA4222 		mvn	r2, r2, lsl #9
  39 0012 1A63     		str	r2, [r3, #48]
  40              		.loc 1 116 0
  41 0014 1A6D     		ldr	r2, [r3, #80]
  42 0016 6FEA5222 		mvn	r2, r2, lsr #9
  43 001a 6FEA4222 		mvn	r2, r2, lsl #9
  44 001e 1A65     		str	r2, [r3, #80]
  45              	.LVL1:
  46              	.LBB20:
  47              	.LBB21:
  48              		.loc 1 79 0
  49 0020 0023     		movs	r3, #0
  50 0022 4168     		ldr	r1, [r0, #4]
  51 0024 C4F20203 		movt	r3, 16386
  52              	.LBE21:
  53              	.LBE20:
  54              	.LBB23:
  55              	.LBB24:
  56 0028 4FF48062 		mov	r2, #1024
  57              	.LBE24:
ARM GAS  /var/folders/5n/p_75w94d66l9ssrldxqdhh700000gn/T//cc7o45G1.s 			page 2


  58              	.LBE23:
  59              	.LBB27:
  60              	.LBB22:
  61 002c 5960     		str	r1, [r3, #4]
  62              		.loc 1 80 0
  63 002e 8168     		ldr	r1, [r0, #8]
  64 0030 9960     		str	r1, [r3, #8]
  65              		.loc 1 81 0
  66 0032 C168     		ldr	r1, [r0, #12]
  67 0034 D960     		str	r1, [r3, #12]
  68              		.loc 1 82 0
  69 0036 0169     		ldr	r1, [r0, #16]
  70 0038 5961     		str	r1, [r3, #20]
  71              		.loc 1 83 0
  72 003a 4169     		ldr	r1, [r0, #20]
  73 003c 1962     		str	r1, [r3, #32]
  74              		.loc 1 84 0
  75 003e 8169     		ldr	r1, [r0, #24]
  76 0040 5962     		str	r1, [r3, #36]
  77              		.loc 1 85 0
  78 0042 0168     		ldr	r1, [r0, #0]
  79 0044 1960     		str	r1, [r3, #0]
  80              	.LVL2:
  81              	.LBE22:
  82              	.LBE27:
  83              	.LBB28:
  84              	.LBB25:
  85              		.loc 1 79 0
  86 0046 016A     		ldr	r1, [r0, #32]
  87 0048 C4F20202 		movt	r2, 16386
  88              	.LBE25:
  89              	.LBE28:
  90              	.LBB29:
  91              	.LBB30:
  92 004c 4FF40063 		mov	r3, #2048
  93              	.LBE30:
  94              	.LBE29:
  95              	.LBB33:
  96              	.LBB26:
  97 0050 5160     		str	r1, [r2, #4]
  98              		.loc 1 80 0
  99 0052 416A     		ldr	r1, [r0, #36]
 100 0054 9160     		str	r1, [r2, #8]
 101              		.loc 1 81 0
 102 0056 816A     		ldr	r1, [r0, #40]
 103 0058 D160     		str	r1, [r2, #12]
 104              		.loc 1 82 0
 105 005a C16A     		ldr	r1, [r0, #44]
 106 005c 5161     		str	r1, [r2, #20]
 107              		.loc 1 83 0
 108 005e 016B     		ldr	r1, [r0, #48]
 109 0060 1162     		str	r1, [r2, #32]
 110              		.loc 1 84 0
 111 0062 416B     		ldr	r1, [r0, #52]
 112 0064 5162     		str	r1, [r2, #36]
 113              		.loc 1 85 0
 114 0066 C169     		ldr	r1, [r0, #28]
ARM GAS  /var/folders/5n/p_75w94d66l9ssrldxqdhh700000gn/T//cc7o45G1.s 			page 3


 115 0068 1160     		str	r1, [r2, #0]
 116              	.LVL3:
 117              	.LBE26:
 118              	.LBE33:
 119              	.LBB34:
 120              	.LBB31:
 121              		.loc 1 79 0
 122 006a C4F20203 		movt	r3, 16386
 123 006e C26B     		ldr	r2, [r0, #60]
 124 0070 5A60     		str	r2, [r3, #4]
 125              		.loc 1 80 0
 126 0072 026C     		ldr	r2, [r0, #64]
 127 0074 9A60     		str	r2, [r3, #8]
 128              		.loc 1 81 0
 129 0076 426C     		ldr	r2, [r0, #68]
 130 0078 DA60     		str	r2, [r3, #12]
 131              		.loc 1 82 0
 132 007a 826C     		ldr	r2, [r0, #72]
 133 007c 5A61     		str	r2, [r3, #20]
 134              		.loc 1 83 0
 135 007e C26C     		ldr	r2, [r0, #76]
 136 0080 1A62     		str	r2, [r3, #32]
 137              		.loc 1 84 0
 138 0082 026D     		ldr	r2, [r0, #80]
 139 0084 5A62     		str	r2, [r3, #36]
 140              		.loc 1 85 0
 141 0086 816B     		ldr	r1, [r0, #56]
 142              	.LBE31:
 143              	.LBE34:
 144              	.LBB35:
 145              	.LBB36:
 146              		.loc 1 79 0
 147 0088 4FF44062 		mov	r2, #3072
 148              	.LBE36:
 149              	.LBE35:
 150              	.LBB39:
 151              	.LBB32:
 152              		.loc 1 85 0
 153 008c 1960     		str	r1, [r3, #0]
 154              	.LVL4:
 155              	.LBE32:
 156              	.LBE39:
 157              	.LBB40:
 158              	.LBB37:
 159              		.loc 1 79 0
 160 008e 816D     		ldr	r1, [r0, #88]
 161 0090 C4F20202 		movt	r2, 16386
 162              	.LBE37:
 163              	.LBE40:
 164              	.LBB41:
 165              	.LBB42:
 166 0094 4FF48053 		mov	r3, #4096
 167              	.LBE42:
 168              	.LBE41:
 169              	.LBB45:
 170              	.LBB38:
 171 0098 5160     		str	r1, [r2, #4]
ARM GAS  /var/folders/5n/p_75w94d66l9ssrldxqdhh700000gn/T//cc7o45G1.s 			page 4


 172              		.loc 1 80 0
 173 009a C16D     		ldr	r1, [r0, #92]
 174 009c 9160     		str	r1, [r2, #8]
 175              		.loc 1 81 0
 176 009e 016E     		ldr	r1, [r0, #96]
 177 00a0 D160     		str	r1, [r2, #12]
 178              		.loc 1 82 0
 179 00a2 416E     		ldr	r1, [r0, #100]
 180 00a4 5161     		str	r1, [r2, #20]
 181              		.loc 1 83 0
 182 00a6 816E     		ldr	r1, [r0, #104]
 183 00a8 1162     		str	r1, [r2, #32]
 184              		.loc 1 84 0
 185 00aa C16E     		ldr	r1, [r0, #108]
 186 00ac 5162     		str	r1, [r2, #36]
 187              		.loc 1 85 0
 188 00ae 416D     		ldr	r1, [r0, #84]
 189 00b0 1160     		str	r1, [r2, #0]
 190              	.LVL5:
 191              	.LBE38:
 192              	.LBE45:
 193              	.LBB46:
 194              	.LBB43:
 195              		.loc 1 79 0
 196 00b2 C4F20203 		movt	r3, 16386
 197 00b6 426F     		ldr	r2, [r0, #116]
 198 00b8 5A60     		str	r2, [r3, #4]
 199              		.loc 1 80 0
 200 00ba 826F     		ldr	r2, [r0, #120]
 201 00bc 9A60     		str	r2, [r3, #8]
 202              		.loc 1 81 0
 203 00be C26F     		ldr	r2, [r0, #124]
 204 00c0 DA60     		str	r2, [r3, #12]
 205              		.loc 1 82 0
 206 00c2 D0F88020 		ldr	r2, [r0, #128]
 207 00c6 5A61     		str	r2, [r3, #20]
 208              		.loc 1 83 0
 209 00c8 D0F88420 		ldr	r2, [r0, #132]
 210 00cc 1A62     		str	r2, [r3, #32]
 211              		.loc 1 84 0
 212 00ce D0F88820 		ldr	r2, [r0, #136]
 213 00d2 5A62     		str	r2, [r3, #36]
 214              		.loc 1 85 0
 215 00d4 016F     		ldr	r1, [r0, #112]
 216              	.LBE43:
 217              	.LBE46:
 218              	.LBB47:
 219              	.LBB48:
 220              		.loc 1 79 0
 221 00d6 4FF4A052 		mov	r2, #5120
 222              	.LBE48:
 223              	.LBE47:
 224              	.LBB51:
 225              	.LBB44:
 226              		.loc 1 85 0
 227 00da 1960     		str	r1, [r3, #0]
 228              	.LVL6:
ARM GAS  /var/folders/5n/p_75w94d66l9ssrldxqdhh700000gn/T//cc7o45G1.s 			page 5


 229              	.LBE44:
 230              	.LBE51:
 231              	.LBB52:
 232              	.LBB49:
 233              		.loc 1 79 0
 234 00dc D0F89010 		ldr	r1, [r0, #144]
 235 00e0 C4F20202 		movt	r2, 16386
 236              	.LBE49:
 237              	.LBE52:
 238              	.LBB53:
 239              	.LBB54:
 240 00e4 4FF4C053 		mov	r3, #6144
 241              	.LBE54:
 242              	.LBE53:
 243              	.LBB58:
 244              	.LBB50:
 245 00e8 5160     		str	r1, [r2, #4]
 246              		.loc 1 80 0
 247 00ea D0F89410 		ldr	r1, [r0, #148]
 248 00ee 9160     		str	r1, [r2, #8]
 249              		.loc 1 81 0
 250 00f0 D0F89810 		ldr	r1, [r0, #152]
 251 00f4 D160     		str	r1, [r2, #12]
 252              		.loc 1 82 0
 253 00f6 D0F89C10 		ldr	r1, [r0, #156]
 254 00fa 5161     		str	r1, [r2, #20]
 255              		.loc 1 83 0
 256 00fc D0F8A010 		ldr	r1, [r0, #160]
 257 0100 1162     		str	r1, [r2, #32]
 258              		.loc 1 84 0
 259 0102 D0F8A410 		ldr	r1, [r0, #164]
 260 0106 5162     		str	r1, [r2, #36]
 261              		.loc 1 85 0
 262 0108 D0F88C10 		ldr	r1, [r0, #140]
 263 010c 1160     		str	r1, [r2, #0]
 264              	.LVL7:
 265              	.LBE50:
 266              	.LBE58:
 267              	.LBB59:
 268              	.LBB55:
 269              		.loc 1 79 0
 270 010e D0F8AC10 		ldr	r1, [r0, #172]
 271 0112 C4F20203 		movt	r3, 16386
 272              	.LBE55:
 273              	.LBE59:
 274              	.LBB60:
 275              	.LBB61:
 276 0116 4FF4E052 		mov	r2, #7168
 277              	.LBE61:
 278              	.LBE60:
 279              	.LBB65:
 280              	.LBB56:
 281 011a 5960     		str	r1, [r3, #4]
 282              		.loc 1 80 0
 283 011c D0F8B010 		ldr	r1, [r0, #176]
 284 0120 9960     		str	r1, [r3, #8]
 285              		.loc 1 81 0
ARM GAS  /var/folders/5n/p_75w94d66l9ssrldxqdhh700000gn/T//cc7o45G1.s 			page 6


 286 0122 D0F8B410 		ldr	r1, [r0, #180]
 287 0126 D960     		str	r1, [r3, #12]
 288              		.loc 1 82 0
 289 0128 D0F8B810 		ldr	r1, [r0, #184]
 290 012c 5961     		str	r1, [r3, #20]
 291              		.loc 1 83 0
 292 012e D0F8BC10 		ldr	r1, [r0, #188]
 293 0132 1962     		str	r1, [r3, #32]
 294              		.loc 1 84 0
 295 0134 D0F8C010 		ldr	r1, [r0, #192]
 296 0138 5962     		str	r1, [r3, #36]
 297              		.loc 1 85 0
 298 013a D0F8A810 		ldr	r1, [r0, #168]
 299              	.LBE56:
 300              	.LBE65:
 301              	.LBB66:
 302              	.LBB62:
 303              		.loc 1 79 0
 304 013e C4F20202 		movt	r2, 16386
 305              	.LBE62:
 306              	.LBE66:
 307              	.LBB67:
 308              	.LBB57:
 309              		.loc 1 85 0
 310 0142 1960     		str	r1, [r3, #0]
 311              	.LVL8:
 312              	.LBE57:
 313              	.LBE67:
 314              	.LBB68:
 315              	.LBB63:
 316              		.loc 1 79 0
 317 0144 D0F8C830 		ldr	r3, [r0, #200]
 318 0148 5360     		str	r3, [r2, #4]
 319              		.loc 1 80 0
 320 014a D0F8CC30 		ldr	r3, [r0, #204]
 321 014e 9360     		str	r3, [r2, #8]
 322              		.loc 1 81 0
 323 0150 D0F8D030 		ldr	r3, [r0, #208]
 324 0154 D360     		str	r3, [r2, #12]
 325              		.loc 1 82 0
 326 0156 D0F8D430 		ldr	r3, [r0, #212]
 327 015a 5361     		str	r3, [r2, #20]
 328              		.loc 1 83 0
 329 015c D0F8D830 		ldr	r3, [r0, #216]
 330 0160 1362     		str	r3, [r2, #32]
 331              		.loc 1 84 0
 332 0162 D0F8DC30 		ldr	r3, [r0, #220]
 333 0166 5362     		str	r3, [r2, #36]
 334              		.loc 1 85 0
 335 0168 D0F8C410 		ldr	r1, [r0, #196]
 336              	.LBE63:
 337              	.LBE68:
 338              	.LBB69:
 339              	.LBB70:
 340              		.loc 1 79 0
 341 016c 4FF40053 		mov	r3, #8192
 342              	.LBE70:
ARM GAS  /var/folders/5n/p_75w94d66l9ssrldxqdhh700000gn/T//cc7o45G1.s 			page 7


 343              	.LBE69:
 344              	.LBB72:
 345              	.LBB64:
 346              		.loc 1 85 0
 347 0170 1160     		str	r1, [r2, #0]
 348              	.LVL9:
 349              	.LBE64:
 350              	.LBE72:
 351              	.LBB73:
 352              	.LBB71:
 353              		.loc 1 79 0
 354 0172 D0F8E420 		ldr	r2, [r0, #228]
 355 0176 C4F20203 		movt	r3, 16386
 356 017a 5A60     		str	r2, [r3, #4]
 357              		.loc 1 80 0
 358 017c D0F8E820 		ldr	r2, [r0, #232]
 359 0180 9A60     		str	r2, [r3, #8]
 360              		.loc 1 81 0
 361 0182 D0F8EC20 		ldr	r2, [r0, #236]
 362 0186 DA60     		str	r2, [r3, #12]
 363              		.loc 1 82 0
 364 0188 D0F8F020 		ldr	r2, [r0, #240]
 365 018c 5A61     		str	r2, [r3, #20]
 366              		.loc 1 83 0
 367 018e D0F8F420 		ldr	r2, [r0, #244]
 368 0192 1A62     		str	r2, [r3, #32]
 369              		.loc 1 84 0
 370 0194 D0F8F820 		ldr	r2, [r0, #248]
 371 0198 5A62     		str	r2, [r3, #36]
 372              		.loc 1 85 0
 373 019a D0F8E020 		ldr	r2, [r0, #224]
 374 019e 1A60     		str	r2, [r3, #0]
 375              	.LBE71:
 376              	.LBE73:
 377              		.loc 1 141 0
 378 01a0 7047     		bx	lr
 379              		.cfi_endproc
 380              	.LFE119:
 381              		.size	_pal_lld_init, .-_pal_lld_init
 382 01a2 00BFAFF3 		.section	.text._pal_lld_setgroupmode,"ax",%progbits
 382      0080AFF3 
 382      0080AFF3 
 382      0080
 383              		.align	2
 384              		.p2align 4,,15
 385              		.global	_pal_lld_setgroupmode
 386              		.thumb
 387              		.thumb_func
 388              		.type	_pal_lld_setgroupmode, %function
 389              	_pal_lld_setgroupmode:
 390              	.LFB120:
 391              		.loc 1 159 0
 392              		.cfi_startproc
 393              		@ args = 0, pretend = 0, frame = 0
 394              		@ frame_needed = 0, uses_anonymous_args = 0
 395              		@ link register save eliminated.
 396              	.LVL10:
ARM GAS  /var/folders/5n/p_75w94d66l9ssrldxqdhh700000gn/T//cc7o45G1.s 			page 8


 397 0000 2DE9F00F 		push	{r4, r5, r6, r7, r8, r9, sl, fp}
 398              	.LCFI0:
 399              		.cfi_def_cfa_offset 32
 400              		.cfi_offset 11, -4
 401              		.cfi_offset 10, -8
 402              		.cfi_offset 9, -12
 403              		.cfi_offset 8, -16
 404              		.cfi_offset 7, -20
 405              		.cfi_offset 6, -24
 406              		.cfi_offset 5, -28
 407              		.cfi_offset 4, -32
 408              		.loc 1 161 0
 409 0004 02F00307 		and	r7, r2, #3
 410              	.LVL11:
 411              		.loc 1 162 0
 412 0008 C2F38006 		ubfx	r6, r2, #2, #1
 413              	.LVL12:
 414              		.loc 1 163 0
 415 000c C2F3C105 		ubfx	r5, r2, #3, #2
 416              	.LVL13:
 417              		.loc 1 164 0
 418 0010 C2F34114 		ubfx	r4, r2, #5, #2
 419              	.LVL14:
 420              		.loc 1 165 0
 421 0014 C2F3C312 		ubfx	r2, r2, #7, #4
 422              	.LVL15:
 423              		.loc 1 166 0
 424 0018 0023     		movs	r3, #0
 425              	.LBB74:
 426              		.loc 1 172 0
 427 001a 4FF00F09 		mov	r9, #15
 428              		.loc 1 177 0
 429 001e 4FF0010B 		mov	fp, #1
 430              		.loc 1 179 0
 431 0022 9246     		mov	sl, r2
 432 0024 04E0     		b	.L7
 433              	.LVL16:
 434              	.L9:
 435              	.LBE74:
 436              		.loc 1 187 0
 437 0026 7600     		lsls	r6, r6, #1
 438              	.LVL17:
 439              		.loc 1 188 0
 440 0028 AD00     		lsls	r5, r5, #2
 441              	.LVL18:
 442              		.loc 1 189 0
 443 002a A400     		lsls	r4, r4, #2
 444              	.LVL19:
 445              		.loc 1 190 0
 446 002c BF00     		lsls	r7, r7, #2
 447              	.LVL20:
 448              		.loc 1 191 0
 449 002e 0133     		adds	r3, r3, #1
 450              	.LVL21:
 451              	.L7:
 452              	.LBB75:
 453              		.loc 1 171 0
ARM GAS  /var/folders/5n/p_75w94d66l9ssrldxqdhh700000gn/T//cc7o45G1.s 			page 9


 454 0030 03F0070C 		and	ip, r3, #7
 455 0034 4FEA8C0C 		lsl	ip, ip, #2
 456              	.LBE75:
 457              		.loc 1 168 0
 458 0038 11F0010F 		tst	r1, #1
 459              	.LBB76:
 460              		.loc 1 171 0
 461 003c 0AFA0CF2 		lsl	r2, sl, ip
 462              		.loc 1 172 0
 463 0040 09FA0CFC 		lsl	ip, r9, ip
 464              	.LBE76:
 465              		.loc 1 168 0
 466 0044 33D0     		beq	.L3
 467              	.LVL22:
 468              	.LBB77:
 469              		.loc 1 173 0
 470 0046 072B     		cmp	r3, #7
 471              		.loc 1 174 0
 472 0048 95BF     		itete	ls
 473 004a D0F82080 		ldrls	r8, [r0, #32]
 474              		.loc 1 176 0
 475 004e D0F82480 		ldrhi	r8, [r0, #36]
 476              		.loc 1 174 0
 477 0052 28EA0C0C 		bicls	ip, r8, ip
 478              	.LVL23:
 479              		.loc 1 176 0
 480 0056 28EA0C0C 		bichi	ip, r8, ip
 481              		.loc 1 174 0
 482 005a 95BF     		itete	ls
 483 005c 4CEA0202 		orrls	r2, ip, r2
 484              	.LVL24:
 485              		.loc 1 176 0
 486 0060 4CEA0202 		orrhi	r2, ip, r2
 487              		.loc 1 174 0
 488 0064 0262     		strls	r2, [r0, #32]
 489              		.loc 1 176 0
 490 0066 4262     		strhi	r2, [r0, #36]
 491              		.loc 1 178 0
 492 0068 4268     		ldr	r2, [r0, #4]
 493              		.loc 1 177 0
 494 006a 0BFA03FC 		lsl	ip, fp, r3
 495              		.loc 1 178 0
 496 006e 22EA0C02 		bic	r2, r2, ip
 497 0072 3243     		orrs	r2, r2, r6
 498 0074 4260     		str	r2, [r0, #4]
 499              	.LVL25:
 500              		.loc 1 179 0
 501 0076 4FF00308 		mov	r8, #3
 502              		.loc 1 157 0
 503 007a 5A00     		lsls	r2, r3, #1
 504              		.loc 1 180 0
 505 007c D0F808C0 		ldr	ip, [r0, #8]
 506              		.loc 1 179 0
 507 0080 08FA02F2 		lsl	r2, r8, r2
 508              		.loc 1 180 0
 509 0084 D243     		mvns	r2, r2
 510 0086 02EA0C0C 		and	ip, r2, ip
ARM GAS  /var/folders/5n/p_75w94d66l9ssrldxqdhh700000gn/T//cc7o45G1.s 			page 10


 511 008a 4CEA050C 		orr	ip, ip, r5
 512 008e C0F808C0 		str	ip, [r0, #8]
 513              		.loc 1 181 0
 514 0092 D0F80CC0 		ldr	ip, [r0, #12]
 515 0096 02EA0C0C 		and	ip, r2, ip
 516 009a 4CEA040C 		orr	ip, ip, r4
 517 009e C0F80CC0 		str	ip, [r0, #12]
 518              		.loc 1 182 0
 519 00a2 D0F800C0 		ldr	ip, [r0, #0]
 520 00a6 02EA0C02 		and	r2, r2, ip
 521 00aa 3A43     		orrs	r2, r2, r7
 522 00ac 0260     		str	r2, [r0, #0]
 523              	.LVL26:
 524              	.L3:
 525              	.LBE77:
 526              		.loc 1 185 0
 527 00ae 4908     		lsrs	r1, r1, #1
 528              	.LVL27:
 529 00b0 B9D1     		bne	.L9
 530              		.loc 1 193 0
 531 00b2 BDE8F00F 		pop	{r4, r5, r6, r7, r8, r9, sl, fp}
 532 00b6 7047     		bx	lr
 533              		.cfi_endproc
 534              	.LFE120:
 535              		.size	_pal_lld_setgroupmode, .-_pal_lld_setgroupmode
 536 00b8 AFF30080 		.text
 536      AFF30080 
 537              	.Letext0:
 538              		.file 2 "/usr/local/summon/lib/gcc/arm-none-eabi/4.6.2/../../../../arm-none-eabi/include/stdint.h"
 539              		.file 3 "../../os/hal/platforms/STM32F4xx/stm32f4xx.h"
 540              		.file 4 "../../os/hal/platforms/STM32/GPIOv2/pal_lld.h"
 541              		.file 5 "../../os/ports/common/ARMCMx/CMSIS/include/core_cm4.h"
 542              		.section	.debug_info,"",%progbits
 543              	.Ldebug_info0:
 544 0000 47070000 		.4byte	0x747
 545 0004 0200     		.2byte	0x2
 546 0006 00000000 		.4byte	.Ldebug_abbrev0
 547 000a 04       		.byte	0x4
 548 000b 01       		.uleb128 0x1
 549 000c E8020000 		.4byte	.LASF81
 550 0010 01       		.byte	0x1
 551 0011 40020000 		.4byte	.LASF82
 552 0015 B7000000 		.4byte	.LASF83
 553 0019 00000000 		.4byte	0
 554 001d 00000000 		.4byte	0
 555 0021 48010000 		.4byte	.Ldebug_ranges0+0x148
 556 0025 00000000 		.4byte	.Ldebug_line0
 557 0029 02       		.uleb128 0x2
 558 002a 04       		.byte	0x4
 559 002b 05       		.byte	0x5
 560 002c 696E7400 		.ascii	"int\000"
 561 0030 03       		.uleb128 0x3
 562 0031 04       		.byte	0x4
 563 0032 07       		.byte	0x7
 564 0033 67030000 		.4byte	.LASF0
 565 0037 03       		.uleb128 0x3
 566 0038 01       		.byte	0x1
ARM GAS  /var/folders/5n/p_75w94d66l9ssrldxqdhh700000gn/T//cc7o45G1.s 			page 11


 567 0039 06       		.byte	0x6
 568 003a B5010000 		.4byte	.LASF1
 569 003e 03       		.uleb128 0x3
 570 003f 01       		.byte	0x1
 571 0040 08       		.byte	0x8
 572 0041 9F010000 		.4byte	.LASF2
 573 0045 03       		.uleb128 0x3
 574 0046 02       		.byte	0x2
 575 0047 05       		.byte	0x5
 576 0048 60000000 		.4byte	.LASF3
 577 004c 04       		.uleb128 0x4
 578 004d F1010000 		.4byte	.LASF5
 579 0051 02       		.byte	0x2
 580 0052 36       		.byte	0x36
 581 0053 57000000 		.4byte	0x57
 582 0057 03       		.uleb128 0x3
 583 0058 02       		.byte	0x2
 584 0059 07       		.byte	0x7
 585 005a 1E020000 		.4byte	.LASF4
 586 005e 04       		.uleb128 0x4
 587 005f 6E020000 		.4byte	.LASF6
 588 0063 02       		.byte	0x2
 589 0064 4F       		.byte	0x4f
 590 0065 69000000 		.4byte	0x69
 591 0069 03       		.uleb128 0x3
 592 006a 04       		.byte	0x4
 593 006b 05       		.byte	0x5
 594 006c 55010000 		.4byte	.LASF7
 595 0070 04       		.uleb128 0x4
 596 0071 D8010000 		.4byte	.LASF8
 597 0075 02       		.byte	0x2
 598 0076 50       		.byte	0x50
 599 0077 7B000000 		.4byte	0x7b
 600 007b 03       		.uleb128 0x3
 601 007c 04       		.byte	0x4
 602 007d 07       		.byte	0x7
 603 007e FA010000 		.4byte	.LASF9
 604 0082 03       		.uleb128 0x3
 605 0083 08       		.byte	0x8
 606 0084 05       		.byte	0x5
 607 0085 39010000 		.4byte	.LASF10
 608 0089 03       		.uleb128 0x3
 609 008a 08       		.byte	0x8
 610 008b 07       		.byte	0x7
 611 008c C1010000 		.4byte	.LASF11
 612 0090 05       		.uleb128 0x5
 613 0091 70000000 		.4byte	0x70
 614 0095 03       		.uleb128 0x3
 615 0096 01       		.byte	0x1
 616 0097 08       		.byte	0x8
 617 0098 3B020000 		.4byte	.LASF12
 618 009c 06       		.uleb128 0x6
 619 009d 70000000 		.4byte	0x70
 620 00a1 AC000000 		.4byte	0xac
 621 00a5 07       		.uleb128 0x7
 622 00a6 30000000 		.4byte	0x30
 623 00aa 01       		.byte	0x1
ARM GAS  /var/folders/5n/p_75w94d66l9ssrldxqdhh700000gn/T//cc7o45G1.s 			page 12


 624 00ab 00       		.byte	0
 625 00ac 05       		.uleb128 0x5
 626 00ad 5E000000 		.4byte	0x5e
 627 00b1 08       		.uleb128 0x8
 628 00b2 88       		.byte	0x88
 629 00b3 03       		.byte	0x3
 630 00b4 DB02     		.2byte	0x2db
 631 00b6 7E020000 		.4byte	0x27e
 632 00ba 09       		.uleb128 0x9
 633 00bb 435200   		.ascii	"CR\000"
 634 00be 03       		.byte	0x3
 635 00bf DD02     		.2byte	0x2dd
 636 00c1 90000000 		.4byte	0x90
 637 00c5 02       		.byte	0x2
 638 00c6 23       		.byte	0x23
 639 00c7 00       		.uleb128 0
 640 00c8 0A       		.uleb128 0xa
 641 00c9 11020000 		.4byte	.LASF13
 642 00cd 03       		.byte	0x3
 643 00ce DE02     		.2byte	0x2de
 644 00d0 90000000 		.4byte	0x90
 645 00d4 02       		.byte	0x2
 646 00d5 23       		.byte	0x23
 647 00d6 04       		.uleb128 0x4
 648 00d7 0A       		.uleb128 0xa
 649 00d8 74030000 		.4byte	.LASF14
 650 00dc 03       		.byte	0x3
 651 00dd DF02     		.2byte	0x2df
 652 00df 90000000 		.4byte	0x90
 653 00e3 02       		.byte	0x2
 654 00e4 23       		.byte	0x23
 655 00e5 08       		.uleb128 0x8
 656 00e6 09       		.uleb128 0x9
 657 00e7 43495200 		.ascii	"CIR\000"
 658 00eb 03       		.byte	0x3
 659 00ec E002     		.2byte	0x2e0
 660 00ee 90000000 		.4byte	0x90
 661 00f2 02       		.byte	0x2
 662 00f3 23       		.byte	0x23
 663 00f4 0C       		.uleb128 0xc
 664 00f5 0A       		.uleb128 0xa
 665 00f6 2D030000 		.4byte	.LASF15
 666 00fa 03       		.byte	0x3
 667 00fb E102     		.2byte	0x2e1
 668 00fd 90000000 		.4byte	0x90
 669 0101 02       		.byte	0x2
 670 0102 23       		.byte	0x23
 671 0103 10       		.uleb128 0x10
 672 0104 0A       		.uleb128 0xa
 673 0105 E8010000 		.4byte	.LASF16
 674 0109 03       		.byte	0x3
 675 010a E202     		.2byte	0x2e2
 676 010c 90000000 		.4byte	0x90
 677 0110 02       		.byte	0x2
 678 0111 23       		.byte	0x23
 679 0112 14       		.uleb128 0x14
 680 0113 0A       		.uleb128 0xa
ARM GAS  /var/folders/5n/p_75w94d66l9ssrldxqdhh700000gn/T//cc7o45G1.s 			page 13


 681 0114 43030000 		.4byte	.LASF17
 682 0118 03       		.byte	0x3
 683 0119 E302     		.2byte	0x2e3
 684 011b 90000000 		.4byte	0x90
 685 011f 02       		.byte	0x2
 686 0120 23       		.byte	0x23
 687 0121 18       		.uleb128 0x18
 688 0122 0A       		.uleb128 0xa
 689 0123 9B020000 		.4byte	.LASF18
 690 0127 03       		.byte	0x3
 691 0128 E402     		.2byte	0x2e4
 692 012a 70000000 		.4byte	0x70
 693 012e 02       		.byte	0x2
 694 012f 23       		.byte	0x23
 695 0130 1C       		.uleb128 0x1c
 696 0131 0A       		.uleb128 0xa
 697 0132 27000000 		.4byte	.LASF19
 698 0136 03       		.byte	0x3
 699 0137 E502     		.2byte	0x2e5
 700 0139 90000000 		.4byte	0x90
 701 013d 02       		.byte	0x2
 702 013e 23       		.byte	0x23
 703 013f 20       		.uleb128 0x20
 704 0140 0A       		.uleb128 0xa
 705 0141 77010000 		.4byte	.LASF20
 706 0145 03       		.byte	0x3
 707 0146 E602     		.2byte	0x2e6
 708 0148 90000000 		.4byte	0x90
 709 014c 02       		.byte	0x2
 710 014d 23       		.byte	0x23
 711 014e 24       		.uleb128 0x24
 712 014f 0A       		.uleb128 0xa
 713 0150 A5020000 		.4byte	.LASF21
 714 0154 03       		.byte	0x3
 715 0155 E702     		.2byte	0x2e7
 716 0157 9C000000 		.4byte	0x9c
 717 015b 02       		.byte	0x2
 718 015c 23       		.byte	0x23
 719 015d 28       		.uleb128 0x28
 720 015e 0A       		.uleb128 0xa
 721 015f 0A030000 		.4byte	.LASF22
 722 0163 03       		.byte	0x3
 723 0164 E802     		.2byte	0x2e8
 724 0166 90000000 		.4byte	0x90
 725 016a 02       		.byte	0x2
 726 016b 23       		.byte	0x23
 727 016c 30       		.uleb128 0x30
 728 016d 0A       		.uleb128 0xa
 729 016e 30000000 		.4byte	.LASF23
 730 0172 03       		.byte	0x3
 731 0173 E902     		.2byte	0x2e9
 732 0175 90000000 		.4byte	0x90
 733 0179 02       		.byte	0x2
 734 017a 23       		.byte	0x23
 735 017b 34       		.uleb128 0x34
 736 017c 0A       		.uleb128 0xa
 737 017d 29010000 		.4byte	.LASF24
ARM GAS  /var/folders/5n/p_75w94d66l9ssrldxqdhh700000gn/T//cc7o45G1.s 			page 14


 738 0181 03       		.byte	0x3
 739 0182 EA02     		.2byte	0x2ea
 740 0184 90000000 		.4byte	0x90
 741 0188 02       		.byte	0x2
 742 0189 23       		.byte	0x23
 743 018a 38       		.uleb128 0x38
 744 018b 0A       		.uleb128 0xa
 745 018c AF020000 		.4byte	.LASF25
 746 0190 03       		.byte	0x3
 747 0191 EB02     		.2byte	0x2eb
 748 0193 70000000 		.4byte	0x70
 749 0197 02       		.byte	0x2
 750 0198 23       		.byte	0x23
 751 0199 3C       		.uleb128 0x3c
 752 019a 0A       		.uleb128 0xa
 753 019b 0D010000 		.4byte	.LASF26
 754 019f 03       		.byte	0x3
 755 01a0 EC02     		.2byte	0x2ec
 756 01a2 90000000 		.4byte	0x90
 757 01a6 02       		.byte	0x2
 758 01a7 23       		.byte	0x23
 759 01a8 40       		.uleb128 0x40
 760 01a9 0A       		.uleb128 0xa
 761 01aa AD010000 		.4byte	.LASF27
 762 01ae 03       		.byte	0x3
 763 01af ED02     		.2byte	0x2ed
 764 01b1 90000000 		.4byte	0x90
 765 01b5 02       		.byte	0x2
 766 01b6 23       		.byte	0x23
 767 01b7 44       		.uleb128 0x44
 768 01b8 0A       		.uleb128 0xa
 769 01b9 B9020000 		.4byte	.LASF28
 770 01bd 03       		.byte	0x3
 771 01be EE02     		.2byte	0x2ee
 772 01c0 9C000000 		.4byte	0x9c
 773 01c4 02       		.byte	0x2
 774 01c5 23       		.byte	0x23
 775 01c6 48       		.uleb128 0x48
 776 01c7 0A       		.uleb128 0xa
 777 01c8 00000000 		.4byte	.LASF29
 778 01cc 03       		.byte	0x3
 779 01cd EF02     		.2byte	0x2ef
 780 01cf 90000000 		.4byte	0x90
 781 01d3 02       		.byte	0x2
 782 01d4 23       		.byte	0x23
 783 01d5 50       		.uleb128 0x50
 784 01d6 0A       		.uleb128 0xa
 785 01d7 85020000 		.4byte	.LASF30
 786 01db 03       		.byte	0x3
 787 01dc F002     		.2byte	0x2f0
 788 01de 90000000 		.4byte	0x90
 789 01e2 02       		.byte	0x2
 790 01e3 23       		.byte	0x23
 791 01e4 54       		.uleb128 0x54
 792 01e5 0A       		.uleb128 0xa
 793 01e6 9D000000 		.4byte	.LASF31
 794 01ea 03       		.byte	0x3
ARM GAS  /var/folders/5n/p_75w94d66l9ssrldxqdhh700000gn/T//cc7o45G1.s 			page 15


 795 01eb F102     		.2byte	0x2f1
 796 01ed 90000000 		.4byte	0x90
 797 01f1 02       		.byte	0x2
 798 01f2 23       		.byte	0x23
 799 01f3 58       		.uleb128 0x58
 800 01f4 0A       		.uleb128 0xa
 801 01f5 C3020000 		.4byte	.LASF32
 802 01f9 03       		.byte	0x3
 803 01fa F202     		.2byte	0x2f2
 804 01fc 70000000 		.4byte	0x70
 805 0200 02       		.byte	0x2
 806 0201 23       		.byte	0x23
 807 0202 5C       		.uleb128 0x5c
 808 0203 0A       		.uleb128 0xa
 809 0204 31020000 		.4byte	.LASF33
 810 0208 03       		.byte	0x3
 811 0209 F302     		.2byte	0x2f3
 812 020b 90000000 		.4byte	0x90
 813 020f 02       		.byte	0x2
 814 0210 23       		.byte	0x23
 815 0211 60       		.uleb128 0x60
 816 0212 0A       		.uleb128 0xa
 817 0213 7E030000 		.4byte	.LASF34
 818 0217 03       		.byte	0x3
 819 0218 F402     		.2byte	0x2f4
 820 021a 90000000 		.4byte	0x90
 821 021e 02       		.byte	0x2
 822 021f 23       		.byte	0x23
 823 0220 64       		.uleb128 0x64
 824 0221 0A       		.uleb128 0xa
 825 0222 CD020000 		.4byte	.LASF35
 826 0226 03       		.byte	0x3
 827 0227 F502     		.2byte	0x2f5
 828 0229 9C000000 		.4byte	0x9c
 829 022d 02       		.byte	0x2
 830 022e 23       		.byte	0x23
 831 022f 68       		.uleb128 0x68
 832 0230 0A       		.uleb128 0xa
 833 0231 79000000 		.4byte	.LASF36
 834 0235 03       		.byte	0x3
 835 0236 F602     		.2byte	0x2f6
 836 0238 90000000 		.4byte	0x90
 837 023c 02       		.byte	0x2
 838 023d 23       		.byte	0x23
 839 023e 70       		.uleb128 0x70
 840 023f 09       		.uleb128 0x9
 841 0240 43535200 		.ascii	"CSR\000"
 842 0244 03       		.byte	0x3
 843 0245 F702     		.2byte	0x2f7
 844 0247 90000000 		.4byte	0x90
 845 024b 02       		.byte	0x2
 846 024c 23       		.byte	0x23
 847 024d 74       		.uleb128 0x74
 848 024e 0A       		.uleb128 0xa
 849 024f D7020000 		.4byte	.LASF37
 850 0253 03       		.byte	0x3
 851 0254 F802     		.2byte	0x2f8
ARM GAS  /var/folders/5n/p_75w94d66l9ssrldxqdhh700000gn/T//cc7o45G1.s 			page 16


 852 0256 9C000000 		.4byte	0x9c
 853 025a 02       		.byte	0x2
 854 025b 23       		.byte	0x23
 855 025c 78       		.uleb128 0x78
 856 025d 0A       		.uleb128 0xa
 857 025e 90000000 		.4byte	.LASF38
 858 0262 03       		.byte	0x3
 859 0263 F902     		.2byte	0x2f9
 860 0265 90000000 		.4byte	0x90
 861 0269 03       		.byte	0x3
 862 026a 23       		.byte	0x23
 863 026b 8001     		.uleb128 0x80
 864 026d 0A       		.uleb128 0xa
 865 026e 85000000 		.4byte	.LASF39
 866 0272 03       		.byte	0x3
 867 0273 FA02     		.2byte	0x2fa
 868 0275 90000000 		.4byte	0x90
 869 0279 03       		.byte	0x3
 870 027a 23       		.byte	0x23
 871 027b 8401     		.uleb128 0x84
 872 027d 00       		.byte	0
 873 027e 0B       		.uleb128 0xb
 874 027f 65010000 		.4byte	.LASF40
 875 0283 03       		.byte	0x3
 876 0284 FB02     		.2byte	0x2fb
 877 0286 B1000000 		.4byte	0xb1
 878 028a 0C       		.uleb128 0xc
 879 028b 04       		.byte	0x4
 880 028c 04       		.byte	0x4
 881 028d 97       		.byte	0x97
 882 028e AF020000 		.4byte	0x2af
 883 0292 0D       		.uleb128 0xd
 884 0293 73657400 		.ascii	"set\000"
 885 0297 04       		.byte	0x4
 886 0298 98       		.byte	0x98
 887 0299 4C000000 		.4byte	0x4c
 888 029d 02       		.byte	0x2
 889 029e 23       		.byte	0x23
 890 029f 00       		.uleb128 0
 891 02a0 0E       		.uleb128 0xe
 892 02a1 80010000 		.4byte	.LASF41
 893 02a5 04       		.byte	0x4
 894 02a6 99       		.byte	0x99
 895 02a7 4C000000 		.4byte	0x4c
 896 02ab 02       		.byte	0x2
 897 02ac 23       		.byte	0x23
 898 02ad 02       		.uleb128 0x2
 899 02ae 00       		.byte	0
 900 02af 0F       		.uleb128 0xf
 901 02b0 04       		.byte	0x4
 902 02b1 04       		.byte	0x4
 903 02b2 95       		.byte	0x95
 904 02b3 CA020000 		.4byte	0x2ca
 905 02b7 10       		.uleb128 0x10
 906 02b8 5700     		.ascii	"W\000"
 907 02ba 04       		.byte	0x4
 908 02bb 96       		.byte	0x96
ARM GAS  /var/folders/5n/p_75w94d66l9ssrldxqdhh700000gn/T//cc7o45G1.s 			page 17


 909 02bc 70000000 		.4byte	0x70
 910 02c0 10       		.uleb128 0x10
 911 02c1 4800     		.ascii	"H\000"
 912 02c3 04       		.byte	0x4
 913 02c4 9A       		.byte	0x9a
 914 02c5 8A020000 		.4byte	0x28a
 915 02c9 00       		.byte	0
 916 02ca 0C       		.uleb128 0xc
 917 02cb 28       		.byte	0x28
 918 02cc 04       		.byte	0x4
 919 02cd 8D       		.byte	0x8d
 920 02ce 5F030000 		.4byte	0x35f
 921 02d2 0E       		.uleb128 0xe
 922 02d3 71010000 		.4byte	.LASF42
 923 02d7 04       		.byte	0x4
 924 02d8 8F       		.byte	0x8f
 925 02d9 90000000 		.4byte	0x90
 926 02dd 02       		.byte	0x2
 927 02de 23       		.byte	0x23
 928 02df 00       		.uleb128 0
 929 02e0 0E       		.uleb128 0xe
 930 02e1 22010000 		.4byte	.LASF43
 931 02e5 04       		.byte	0x4
 932 02e6 90       		.byte	0x90
 933 02e7 90000000 		.4byte	0x90
 934 02eb 02       		.byte	0x2
 935 02ec 23       		.byte	0x23
 936 02ed 04       		.uleb128 0x4
 937 02ee 0E       		.uleb128 0xe
 938 02ef 31010000 		.4byte	.LASF44
 939 02f3 04       		.byte	0x4
 940 02f4 91       		.byte	0x91
 941 02f5 90000000 		.4byte	0x90
 942 02f9 02       		.byte	0x2
 943 02fa 23       		.byte	0x23
 944 02fb 08       		.uleb128 0x8
 945 02fc 0E       		.uleb128 0xe
 946 02fd 47010000 		.4byte	.LASF45
 947 0301 04       		.byte	0x4
 948 0302 92       		.byte	0x92
 949 0303 90000000 		.4byte	0x90
 950 0307 02       		.byte	0x2
 951 0308 23       		.byte	0x23
 952 0309 0C       		.uleb128 0xc
 953 030a 0D       		.uleb128 0xd
 954 030b 49445200 		.ascii	"IDR\000"
 955 030f 04       		.byte	0x4
 956 0310 93       		.byte	0x93
 957 0311 90000000 		.4byte	0x90
 958 0315 02       		.byte	0x2
 959 0316 23       		.byte	0x23
 960 0317 10       		.uleb128 0x10
 961 0318 0D       		.uleb128 0xd
 962 0319 4F445200 		.ascii	"ODR\000"
 963 031d 04       		.byte	0x4
 964 031e 94       		.byte	0x94
 965 031f 90000000 		.4byte	0x90
ARM GAS  /var/folders/5n/p_75w94d66l9ssrldxqdhh700000gn/T//cc7o45G1.s 			page 18


 966 0323 02       		.byte	0x2
 967 0324 23       		.byte	0x23
 968 0325 14       		.uleb128 0x14
 969 0326 0E       		.uleb128 0xe
 970 0327 88030000 		.4byte	.LASF46
 971 032b 04       		.byte	0x4
 972 032c 9B       		.byte	0x9b
 973 032d 5F030000 		.4byte	0x35f
 974 0331 02       		.byte	0x2
 975 0332 23       		.byte	0x23
 976 0333 18       		.uleb128 0x18
 977 0334 0E       		.uleb128 0xe
 978 0335 79030000 		.4byte	.LASF47
 979 0339 04       		.byte	0x4
 980 033a 9C       		.byte	0x9c
 981 033b 90000000 		.4byte	0x90
 982 033f 02       		.byte	0x2
 983 0340 23       		.byte	0x23
 984 0341 1C       		.uleb128 0x1c
 985 0342 0E       		.uleb128 0xe
 986 0343 19020000 		.4byte	.LASF48
 987 0347 04       		.byte	0x4
 988 0348 9D       		.byte	0x9d
 989 0349 90000000 		.4byte	0x90
 990 034d 02       		.byte	0x2
 991 034e 23       		.byte	0x23
 992 034f 20       		.uleb128 0x20
 993 0350 0E       		.uleb128 0xe
 994 0351 0C020000 		.4byte	.LASF49
 995 0355 04       		.byte	0x4
 996 0356 9E       		.byte	0x9e
 997 0357 90000000 		.4byte	0x90
 998 035b 02       		.byte	0x2
 999 035c 23       		.byte	0x23
 1000 035d 24       		.uleb128 0x24
 1001 035e 00       		.byte	0
 1002 035f 05       		.uleb128 0x5
 1003 0360 AF020000 		.4byte	0x2af
 1004 0364 04       		.uleb128 0x4
 1005 0365 36030000 		.4byte	.LASF50
 1006 0369 04       		.byte	0x4
 1007 036a 9F       		.byte	0x9f
 1008 036b CA020000 		.4byte	0x2ca
 1009 036f 0C       		.uleb128 0xc
 1010 0370 1C       		.byte	0x1c
 1011 0371 04       		.byte	0x4
 1012 0372 A4       		.byte	0xa4
 1013 0373 DA030000 		.4byte	0x3da
 1014 0377 0E       		.uleb128 0xe
 1015 0378 27030000 		.4byte	.LASF51
 1016 037c 04       		.byte	0x4
 1017 037d A6       		.byte	0xa6
 1018 037e 70000000 		.4byte	0x70
 1019 0382 02       		.byte	0x2
 1020 0383 23       		.byte	0x23
 1021 0384 00       		.uleb128 0
 1022 0385 0E       		.uleb128 0xe
ARM GAS  /var/folders/5n/p_75w94d66l9ssrldxqdhh700000gn/T//cc7o45G1.s 			page 19


 1023 0386 E1010000 		.4byte	.LASF52
 1024 038a 04       		.byte	0x4
 1025 038b A8       		.byte	0xa8
 1026 038c 70000000 		.4byte	0x70
 1027 0390 02       		.byte	0x2
 1028 0391 23       		.byte	0x23
 1029 0392 04       		.uleb128 0x4
 1030 0393 0E       		.uleb128 0xe
 1031 0394 4D010000 		.4byte	.LASF53
 1032 0398 04       		.byte	0x4
 1033 0399 AA       		.byte	0xaa
 1034 039a 70000000 		.4byte	0x70
 1035 039e 02       		.byte	0x2
 1036 039f 23       		.byte	0x23
 1037 03a0 08       		.uleb128 0x8
 1038 03a1 0E       		.uleb128 0xe
 1039 03a2 17030000 		.4byte	.LASF54
 1040 03a6 04       		.byte	0x4
 1041 03a7 AC       		.byte	0xac
 1042 03a8 70000000 		.4byte	0x70
 1043 03ac 02       		.byte	0x2
 1044 03ad 23       		.byte	0x23
 1045 03ae 0C       		.uleb128 0xc
 1046 03af 0D       		.uleb128 0xd
 1047 03b0 6F647200 		.ascii	"odr\000"
 1048 03b4 04       		.byte	0x4
 1049 03b5 AE       		.byte	0xae
 1050 03b6 70000000 		.4byte	0x70
 1051 03ba 02       		.byte	0x2
 1052 03bb 23       		.byte	0x23
 1053 03bc 10       		.uleb128 0x10
 1054 03bd 0E       		.uleb128 0xe
 1055 03be 22030000 		.4byte	.LASF55
 1056 03c2 04       		.byte	0x4
 1057 03c3 B0       		.byte	0xb0
 1058 03c4 70000000 		.4byte	0x70
 1059 03c8 02       		.byte	0x2
 1060 03c9 23       		.byte	0x23
 1061 03ca 14       		.uleb128 0x14
 1062 03cb 0E       		.uleb128 0xe
 1063 03cc 1D030000 		.4byte	.LASF56
 1064 03d0 04       		.byte	0x4
 1065 03d1 B2       		.byte	0xb2
 1066 03d2 70000000 		.4byte	0x70
 1067 03d6 02       		.byte	0x2
 1068 03d7 23       		.byte	0x23
 1069 03d8 18       		.uleb128 0x18
 1070 03d9 00       		.byte	0
 1071 03da 04       		.uleb128 0x4
 1072 03db 38000000 		.4byte	.LASF57
 1073 03df 04       		.byte	0x4
 1074 03e0 B3       		.byte	0xb3
 1075 03e1 6F030000 		.4byte	0x36f
 1076 03e5 0C       		.uleb128 0xc
 1077 03e6 FC       		.byte	0xfc
 1078 03e7 04       		.byte	0x4
 1079 03e8 BC       		.byte	0xbc
ARM GAS  /var/folders/5n/p_75w94d66l9ssrldxqdhh700000gn/T//cc7o45G1.s 			page 20


 1080 03e9 70040000 		.4byte	0x470
 1081 03ed 0E       		.uleb128 0xe
 1082 03ee 8D010000 		.4byte	.LASF58
 1083 03f2 04       		.byte	0x4
 1084 03f3 BE       		.byte	0xbe
 1085 03f4 DA030000 		.4byte	0x3da
 1086 03f8 02       		.byte	0x2
 1087 03f9 23       		.byte	0x23
 1088 03fa 00       		.uleb128 0
 1089 03fb 0E       		.uleb128 0xe
 1090 03fc 96000000 		.4byte	.LASF59
 1091 0400 04       		.byte	0x4
 1092 0401 C0       		.byte	0xc0
 1093 0402 DA030000 		.4byte	0x3da
 1094 0406 02       		.byte	0x2
 1095 0407 23       		.byte	0x23
 1096 0408 1C       		.uleb128 0x1c
 1097 0409 0E       		.uleb128 0xe
 1098 040a 0A000000 		.4byte	.LASF60
 1099 040e 04       		.byte	0x4
 1100 040f C2       		.byte	0xc2
 1101 0410 DA030000 		.4byte	0x3da
 1102 0414 02       		.byte	0x2
 1103 0415 23       		.byte	0x23
 1104 0416 38       		.uleb128 0x38
 1105 0417 0E       		.uleb128 0xe
 1106 0418 5E010000 		.4byte	.LASF61
 1107 041c 04       		.byte	0x4
 1108 041d C4       		.byte	0xc4
 1109 041e DA030000 		.4byte	0x3da
 1110 0422 02       		.byte	0x2
 1111 0423 23       		.byte	0x23
 1112 0424 54       		.uleb128 0x54
 1113 0425 0E       		.uleb128 0xe
 1114 0426 94020000 		.4byte	.LASF62
 1115 042a 04       		.byte	0x4
 1116 042b C7       		.byte	0xc7
 1117 042c DA030000 		.4byte	0x3da
 1118 0430 02       		.byte	0x2
 1119 0431 23       		.byte	0x23
 1120 0432 70       		.uleb128 0x70
 1121 0433 0E       		.uleb128 0xe
 1122 0434 4B000000 		.4byte	.LASF63
 1123 0438 04       		.byte	0x4
 1124 0439 CB       		.byte	0xcb
 1125 043a DA030000 		.4byte	0x3da
 1126 043e 03       		.byte	0x3
 1127 043f 23       		.byte	0x23
 1128 0440 8C01     		.uleb128 0x8c
 1129 0442 0E       		.uleb128 0xe
 1130 0443 86010000 		.4byte	.LASF64
 1131 0447 04       		.byte	0x4
 1132 0448 CF       		.byte	0xcf
 1133 0449 DA030000 		.4byte	0x3da
 1134 044d 03       		.byte	0x3
 1135 044e 23       		.byte	0x23
 1136 044f A801     		.uleb128 0xa8
ARM GAS  /var/folders/5n/p_75w94d66l9ssrldxqdhh700000gn/T//cc7o45G1.s 			page 21


 1137 0451 0E       		.uleb128 0xe
 1138 0452 E1020000 		.4byte	.LASF65
 1139 0456 04       		.byte	0x4
 1140 0457 D3       		.byte	0xd3
 1141 0458 DA030000 		.4byte	0x3da
 1142 045c 03       		.byte	0x3
 1143 045d 23       		.byte	0x23
 1144 045e C401     		.uleb128 0xc4
 1145 0460 0E       		.uleb128 0xe
 1146 0461 7E000000 		.4byte	.LASF66
 1147 0465 04       		.byte	0x4
 1148 0466 D7       		.byte	0xd7
 1149 0467 DA030000 		.4byte	0x3da
 1150 046b 03       		.byte	0x3
 1151 046c 23       		.byte	0x23
 1152 046d E001     		.uleb128 0xe0
 1153 046f 00       		.byte	0
 1154 0470 04       		.uleb128 0x4
 1155 0471 76020000 		.4byte	.LASF67
 1156 0475 04       		.byte	0x4
 1157 0476 D9       		.byte	0xd9
 1158 0477 E5030000 		.4byte	0x3e5
 1159 047b 04       		.uleb128 0x4
 1160 047c 15010000 		.4byte	.LASF68
 1161 0480 04       		.byte	0x4
 1162 0481 E9       		.byte	0xe9
 1163 0482 70000000 		.4byte	0x70
 1164 0486 04       		.uleb128 0x4
 1165 0487 AE000000 		.4byte	.LASF69
 1166 048b 04       		.byte	0x4
 1167 048c EE       		.byte	0xee
 1168 048d 70000000 		.4byte	0x70
 1169 0491 04       		.uleb128 0x4
 1170 0492 94010000 		.4byte	.LASF70
 1171 0496 04       		.byte	0x4
 1172 0497 F6       		.byte	0xf6
 1173 0498 9C040000 		.4byte	0x49c
 1174 049c 11       		.uleb128 0x11
 1175 049d 04       		.byte	0x4
 1176 049e 64030000 		.4byte	0x364
 1177 04a2 12       		.uleb128 0x12
 1178 04a3 6A000000 		.4byte	.LASF84
 1179 04a7 01       		.byte	0x1
 1180 04a8 4D       		.byte	0x4d
 1181 04a9 01       		.byte	0x1
 1182 04aa 01       		.byte	0x1
 1183 04ab C6040000 		.4byte	0x4c6
 1184 04af 13       		.uleb128 0x13
 1185 04b0 73000000 		.4byte	.LASF71
 1186 04b4 01       		.byte	0x1
 1187 04b5 4D       		.byte	0x4d
 1188 04b6 9C040000 		.4byte	0x49c
 1189 04ba 13       		.uleb128 0x13
 1190 04bb A7000000 		.4byte	.LASF72
 1191 04bf 01       		.byte	0x1
 1192 04c0 4D       		.byte	0x4d
 1193 04c1 C6040000 		.4byte	0x4c6
ARM GAS  /var/folders/5n/p_75w94d66l9ssrldxqdhh700000gn/T//cc7o45G1.s 			page 22


 1194 04c5 00       		.byte	0
 1195 04c6 11       		.uleb128 0x11
 1196 04c7 04       		.byte	0x4
 1197 04c8 CC040000 		.4byte	0x4cc
 1198 04cc 14       		.uleb128 0x14
 1199 04cd DA030000 		.4byte	0x3da
 1200 04d1 15       		.uleb128 0x15
 1201 04d2 01       		.byte	0x1
 1202 04d3 52000000 		.4byte	.LASF73
 1203 04d7 01       		.byte	0x1
 1204 04d8 68       		.byte	0x68
 1205 04d9 01       		.byte	0x1
 1206 04da 00000000 		.4byte	.LFB119
 1207 04de A2010000 		.4byte	.LFE119
 1208 04e2 02       		.byte	0x2
 1209 04e3 7D       		.byte	0x7d
 1210 04e4 00       		.sleb128 0
 1211 04e5 4D060000 		.4byte	0x64d
 1212 04e9 16       		.uleb128 0x16
 1213 04ea A7000000 		.4byte	.LASF72
 1214 04ee 01       		.byte	0x1
 1215 04ef 68       		.byte	0x68
 1216 04f0 4D060000 		.4byte	0x64d
 1217 04f4 01       		.byte	0x1
 1218 04f5 50       		.byte	0x50
 1219 04f6 17       		.uleb128 0x17
 1220 04f7 A2040000 		.4byte	0x4a2
 1221 04fb 20000000 		.4byte	.LBB20
 1222 04ff 00000000 		.4byte	.Ldebug_ranges0+0
 1223 0503 01       		.byte	0x1
 1224 0504 7A       		.byte	0x7a
 1225 0505 1A050000 		.4byte	0x51a
 1226 0509 18       		.uleb128 0x18
 1227 050a BA040000 		.4byte	0x4ba
 1228 050e 01       		.byte	0x1
 1229 050f 50       		.byte	0x50
 1230 0510 19       		.uleb128 0x19
 1231 0511 AF040000 		.4byte	0x4af
 1232 0515 00000240 		.4byte	0x40020000
 1233 0519 00       		.byte	0
 1234 051a 17       		.uleb128 0x17
 1235 051b A2040000 		.4byte	0x4a2
 1236 051f 28000000 		.4byte	.LBB23
 1237 0523 18000000 		.4byte	.Ldebug_ranges0+0x18
 1238 0527 01       		.byte	0x1
 1239 0528 7B       		.byte	0x7b
 1240 0529 40050000 		.4byte	0x540
 1241 052d 18       		.uleb128 0x18
 1242 052e BA040000 		.4byte	0x4ba
 1243 0532 03       		.byte	0x3
 1244 0533 70       		.byte	0x70
 1245 0534 1C       		.sleb128 28
 1246 0535 9F       		.byte	0x9f
 1247 0536 19       		.uleb128 0x19
 1248 0537 AF040000 		.4byte	0x4af
 1249 053b 00040240 		.4byte	0x40020400
 1250 053f 00       		.byte	0
ARM GAS  /var/folders/5n/p_75w94d66l9ssrldxqdhh700000gn/T//cc7o45G1.s 			page 23


 1251 0540 17       		.uleb128 0x17
 1252 0541 A2040000 		.4byte	0x4a2
 1253 0545 4C000000 		.4byte	.LBB29
 1254 0549 38000000 		.4byte	.Ldebug_ranges0+0x38
 1255 054d 01       		.byte	0x1
 1256 054e 7C       		.byte	0x7c
 1257 054f 66050000 		.4byte	0x566
 1258 0553 18       		.uleb128 0x18
 1259 0554 BA040000 		.4byte	0x4ba
 1260 0558 03       		.byte	0x3
 1261 0559 70       		.byte	0x70
 1262 055a 38       		.sleb128 56
 1263 055b 9F       		.byte	0x9f
 1264 055c 19       		.uleb128 0x19
 1265 055d AF040000 		.4byte	0x4af
 1266 0561 00080240 		.4byte	0x40020800
 1267 0565 00       		.byte	0
 1268 0566 17       		.uleb128 0x17
 1269 0567 A2040000 		.4byte	0x4a2
 1270 056b 88000000 		.4byte	.LBB35
 1271 056f 58000000 		.4byte	.Ldebug_ranges0+0x58
 1272 0573 01       		.byte	0x1
 1273 0574 7D       		.byte	0x7d
 1274 0575 8D050000 		.4byte	0x58d
 1275 0579 18       		.uleb128 0x18
 1276 057a BA040000 		.4byte	0x4ba
 1277 057e 04       		.byte	0x4
 1278 057f 70       		.byte	0x70
 1279 0580 D400     		.sleb128 84
 1280 0582 9F       		.byte	0x9f
 1281 0583 19       		.uleb128 0x19
 1282 0584 AF040000 		.4byte	0x4af
 1283 0588 000C0240 		.4byte	0x40020c00
 1284 058c 00       		.byte	0
 1285 058d 17       		.uleb128 0x17
 1286 058e A2040000 		.4byte	0x4a2
 1287 0592 94000000 		.4byte	.LBB41
 1288 0596 78000000 		.4byte	.Ldebug_ranges0+0x78
 1289 059a 01       		.byte	0x1
 1290 059b 7F       		.byte	0x7f
 1291 059c B4050000 		.4byte	0x5b4
 1292 05a0 18       		.uleb128 0x18
 1293 05a1 BA040000 		.4byte	0x4ba
 1294 05a5 04       		.byte	0x4
 1295 05a6 70       		.byte	0x70
 1296 05a7 F000     		.sleb128 112
 1297 05a9 9F       		.byte	0x9f
 1298 05aa 19       		.uleb128 0x19
 1299 05ab AF040000 		.4byte	0x4af
 1300 05af 00100240 		.4byte	0x40021000
 1301 05b3 00       		.byte	0
 1302 05b4 17       		.uleb128 0x17
 1303 05b5 A2040000 		.4byte	0x4a2
 1304 05b9 D6000000 		.4byte	.LBB47
 1305 05bd 98000000 		.4byte	.Ldebug_ranges0+0x98
 1306 05c1 01       		.byte	0x1
 1307 05c2 82       		.byte	0x82
ARM GAS  /var/folders/5n/p_75w94d66l9ssrldxqdhh700000gn/T//cc7o45G1.s 			page 24


 1308 05c3 DB050000 		.4byte	0x5db
 1309 05c7 18       		.uleb128 0x18
 1310 05c8 BA040000 		.4byte	0x4ba
 1311 05cc 04       		.byte	0x4
 1312 05cd 70       		.byte	0x70
 1313 05ce 8C01     		.sleb128 140
 1314 05d0 9F       		.byte	0x9f
 1315 05d1 19       		.uleb128 0x19
 1316 05d2 AF040000 		.4byte	0x4af
 1317 05d6 00140240 		.4byte	0x40021400
 1318 05da 00       		.byte	0
 1319 05db 17       		.uleb128 0x17
 1320 05dc A2040000 		.4byte	0x4a2
 1321 05e0 E4000000 		.4byte	.LBB53
 1322 05e4 B8000000 		.4byte	.Ldebug_ranges0+0xb8
 1323 05e8 01       		.byte	0x1
 1324 05e9 85       		.byte	0x85
 1325 05ea 02060000 		.4byte	0x602
 1326 05ee 18       		.uleb128 0x18
 1327 05ef BA040000 		.4byte	0x4ba
 1328 05f3 04       		.byte	0x4
 1329 05f4 70       		.byte	0x70
 1330 05f5 A801     		.sleb128 168
 1331 05f7 9F       		.byte	0x9f
 1332 05f8 19       		.uleb128 0x19
 1333 05f9 AF040000 		.4byte	0x4af
 1334 05fd 00180240 		.4byte	0x40021800
 1335 0601 00       		.byte	0
 1336 0602 17       		.uleb128 0x17
 1337 0603 A2040000 		.4byte	0x4a2
 1338 0607 16010000 		.4byte	.LBB60
 1339 060b E0000000 		.4byte	.Ldebug_ranges0+0xe0
 1340 060f 01       		.byte	0x1
 1341 0610 88       		.byte	0x88
 1342 0611 29060000 		.4byte	0x629
 1343 0615 18       		.uleb128 0x18
 1344 0616 BA040000 		.4byte	0x4ba
 1345 061a 04       		.byte	0x4
 1346 061b 70       		.byte	0x70
 1347 061c C401     		.sleb128 196
 1348 061e 9F       		.byte	0x9f
 1349 061f 19       		.uleb128 0x19
 1350 0620 AF040000 		.4byte	0x4af
 1351 0624 001C0240 		.4byte	0x40021c00
 1352 0628 00       		.byte	0
 1353 0629 1A       		.uleb128 0x1a
 1354 062a A2040000 		.4byte	0x4a2
 1355 062e 6C010000 		.4byte	.LBB69
 1356 0632 08010000 		.4byte	.Ldebug_ranges0+0x108
 1357 0636 01       		.byte	0x1
 1358 0637 8B       		.byte	0x8b
 1359 0638 18       		.uleb128 0x18
 1360 0639 BA040000 		.4byte	0x4ba
 1361 063d 04       		.byte	0x4
 1362 063e 70       		.byte	0x70
 1363 063f E001     		.sleb128 224
 1364 0641 9F       		.byte	0x9f
ARM GAS  /var/folders/5n/p_75w94d66l9ssrldxqdhh700000gn/T//cc7o45G1.s 			page 25


 1365 0642 19       		.uleb128 0x19
 1366 0643 AF040000 		.4byte	0x4af
 1367 0647 00200240 		.4byte	0x40022000
 1368 064b 00       		.byte	0
 1369 064c 00       		.byte	0
 1370 064d 11       		.uleb128 0x11
 1371 064e 04       		.byte	0x4
 1372 064f 53060000 		.4byte	0x653
 1373 0653 14       		.uleb128 0x14
 1374 0654 70040000 		.4byte	0x470
 1375 0658 1B       		.uleb128 0x1b
 1376 0659 01       		.byte	0x1
 1377 065a 11000000 		.4byte	.LASF74
 1378 065e 01       		.byte	0x1
 1379 065f 9D       		.byte	0x9d
 1380 0660 01       		.byte	0x1
 1381 0661 00000000 		.4byte	.LFB120
 1382 0665 B8000000 		.4byte	.LFE120
 1383 0669 00000000 		.4byte	.LLST0
 1384 066d 2E070000 		.4byte	0x72e
 1385 0671 16       		.uleb128 0x16
 1386 0672 8F020000 		.4byte	.LASF75
 1387 0676 01       		.byte	0x1
 1388 0677 9D       		.byte	0x9d
 1389 0678 91040000 		.4byte	0x491
 1390 067c 01       		.byte	0x1
 1391 067d 50       		.byte	0x50
 1392 067e 1C       		.uleb128 0x1c
 1393 067f 12030000 		.4byte	.LASF76
 1394 0683 01       		.byte	0x1
 1395 0684 9E       		.byte	0x9e
 1396 0685 7B040000 		.4byte	0x47b
 1397 0689 20000000 		.4byte	.LLST1
 1398 068d 1C       		.uleb128 0x1c
 1399 068e 80020000 		.4byte	.LASF77
 1400 0692 01       		.byte	0x1
 1401 0693 9F       		.byte	0x9f
 1402 0694 86040000 		.4byte	0x486
 1403 0698 4D000000 		.4byte	.LLST2
 1404 069c 1D       		.uleb128 0x1d
 1405 069d 27030000 		.4byte	.LASF51
 1406 06a1 01       		.byte	0x1
 1407 06a2 A1       		.byte	0xa1
 1408 06a3 70000000 		.4byte	0x70
 1409 06a7 01       		.byte	0x1
 1410 06a8 57       		.byte	0x57
 1411 06a9 1D       		.uleb128 0x1d
 1412 06aa E1010000 		.4byte	.LASF52
 1413 06ae 01       		.byte	0x1
 1414 06af A2       		.byte	0xa2
 1415 06b0 70000000 		.4byte	0x70
 1416 06b4 01       		.byte	0x1
 1417 06b5 56       		.byte	0x56
 1418 06b6 1D       		.uleb128 0x1d
 1419 06b7 4D010000 		.4byte	.LASF53
 1420 06bb 01       		.byte	0x1
 1421 06bc A3       		.byte	0xa3
ARM GAS  /var/folders/5n/p_75w94d66l9ssrldxqdhh700000gn/T//cc7o45G1.s 			page 26


 1422 06bd 70000000 		.4byte	0x70
 1423 06c1 01       		.byte	0x1
 1424 06c2 55       		.byte	0x55
 1425 06c3 1D       		.uleb128 0x1d
 1426 06c4 17030000 		.4byte	.LASF54
 1427 06c8 01       		.byte	0x1
 1428 06c9 A4       		.byte	0xa4
 1429 06ca 70000000 		.4byte	0x70
 1430 06ce 01       		.byte	0x1
 1431 06cf 54       		.byte	0x54
 1432 06d0 1E       		.uleb128 0x1e
 1433 06d1 4C030000 		.4byte	.LASF78
 1434 06d5 01       		.byte	0x1
 1435 06d6 A5       		.byte	0xa5
 1436 06d7 70000000 		.4byte	0x70
 1437 06db 60000000 		.4byte	.LLST3
 1438 06df 1F       		.uleb128 0x1f
 1439 06e0 62697400 		.ascii	"bit\000"
 1440 06e4 01       		.byte	0x1
 1441 06e5 A6       		.byte	0xa6
 1442 06e6 70000000 		.4byte	0x70
 1443 06ea 7E000000 		.4byte	.LLST4
 1444 06ee 20       		.uleb128 0x20
 1445 06ef 20010000 		.4byte	.Ldebug_ranges0+0x120
 1446 06f3 1E       		.uleb128 0x1e
 1447 06f4 5E030000 		.4byte	.LASF79
 1448 06f8 01       		.byte	0x1
 1449 06f9 A9       		.byte	0xa9
 1450 06fa 70000000 		.4byte	0x70
 1451 06fe 9D000000 		.4byte	.LLST5
 1452 0702 1F       		.uleb128 0x1f
 1453 0703 6D3100   		.ascii	"m1\000"
 1454 0706 01       		.byte	0x1
 1455 0707 A9       		.byte	0xa9
 1456 0708 70000000 		.4byte	0x70
 1457 070c B0000000 		.4byte	.LLST6
 1458 0710 1F       		.uleb128 0x1f
 1459 0711 6D3200   		.ascii	"m2\000"
 1460 0714 01       		.byte	0x1
 1461 0715 A9       		.byte	0xa9
 1462 0716 70000000 		.4byte	0x70
 1463 071a C7000000 		.4byte	.LLST7
 1464 071e 1F       		.uleb128 0x1f
 1465 071f 6D3400   		.ascii	"m4\000"
 1466 0722 01       		.byte	0x1
 1467 0723 A9       		.byte	0xa9
 1468 0724 70000000 		.4byte	0x70
 1469 0728 E0000000 		.4byte	.LLST8
 1470 072c 00       		.byte	0
 1471 072d 00       		.byte	0
 1472 072e 21       		.uleb128 0x21
 1473 072f 51030000 		.4byte	.LASF80
 1474 0733 05       		.byte	0x5
 1475 0734 9806     		.2byte	0x698
 1476 0736 AC000000 		.4byte	0xac
 1477 073a 01       		.byte	0x1
 1478 073b 01       		.byte	0x1
ARM GAS  /var/folders/5n/p_75w94d66l9ssrldxqdhh700000gn/T//cc7o45G1.s 			page 27


 1479 073c 21       		.uleb128 0x21
 1480 073d 51030000 		.4byte	.LASF80
 1481 0741 05       		.byte	0x5
 1482 0742 9806     		.2byte	0x698
 1483 0744 AC000000 		.4byte	0xac
 1484 0748 01       		.byte	0x1
 1485 0749 01       		.byte	0x1
 1486 074a 00       		.byte	0
 1487              		.section	.debug_abbrev,"",%progbits
 1488              	.Ldebug_abbrev0:
 1489 0000 01       		.uleb128 0x1
 1490 0001 11       		.uleb128 0x11
 1491 0002 01       		.byte	0x1
 1492 0003 25       		.uleb128 0x25
 1493 0004 0E       		.uleb128 0xe
 1494 0005 13       		.uleb128 0x13
 1495 0006 0B       		.uleb128 0xb
 1496 0007 03       		.uleb128 0x3
 1497 0008 0E       		.uleb128 0xe
 1498 0009 1B       		.uleb128 0x1b
 1499 000a 0E       		.uleb128 0xe
 1500 000b 11       		.uleb128 0x11
 1501 000c 01       		.uleb128 0x1
 1502 000d 52       		.uleb128 0x52
 1503 000e 01       		.uleb128 0x1
 1504 000f 55       		.uleb128 0x55
 1505 0010 06       		.uleb128 0x6
 1506 0011 10       		.uleb128 0x10
 1507 0012 06       		.uleb128 0x6
 1508 0013 00       		.byte	0
 1509 0014 00       		.byte	0
 1510 0015 02       		.uleb128 0x2
 1511 0016 24       		.uleb128 0x24
 1512 0017 00       		.byte	0
 1513 0018 0B       		.uleb128 0xb
 1514 0019 0B       		.uleb128 0xb
 1515 001a 3E       		.uleb128 0x3e
 1516 001b 0B       		.uleb128 0xb
 1517 001c 03       		.uleb128 0x3
 1518 001d 08       		.uleb128 0x8
 1519 001e 00       		.byte	0
 1520 001f 00       		.byte	0
 1521 0020 03       		.uleb128 0x3
 1522 0021 24       		.uleb128 0x24
 1523 0022 00       		.byte	0
 1524 0023 0B       		.uleb128 0xb
 1525 0024 0B       		.uleb128 0xb
 1526 0025 3E       		.uleb128 0x3e
 1527 0026 0B       		.uleb128 0xb
 1528 0027 03       		.uleb128 0x3
 1529 0028 0E       		.uleb128 0xe
 1530 0029 00       		.byte	0
 1531 002a 00       		.byte	0
 1532 002b 04       		.uleb128 0x4
 1533 002c 16       		.uleb128 0x16
 1534 002d 00       		.byte	0
 1535 002e 03       		.uleb128 0x3
ARM GAS  /var/folders/5n/p_75w94d66l9ssrldxqdhh700000gn/T//cc7o45G1.s 			page 28


 1536 002f 0E       		.uleb128 0xe
 1537 0030 3A       		.uleb128 0x3a
 1538 0031 0B       		.uleb128 0xb
 1539 0032 3B       		.uleb128 0x3b
 1540 0033 0B       		.uleb128 0xb
 1541 0034 49       		.uleb128 0x49
 1542 0035 13       		.uleb128 0x13
 1543 0036 00       		.byte	0
 1544 0037 00       		.byte	0
 1545 0038 05       		.uleb128 0x5
 1546 0039 35       		.uleb128 0x35
 1547 003a 00       		.byte	0
 1548 003b 49       		.uleb128 0x49
 1549 003c 13       		.uleb128 0x13
 1550 003d 00       		.byte	0
 1551 003e 00       		.byte	0
 1552 003f 06       		.uleb128 0x6
 1553 0040 01       		.uleb128 0x1
 1554 0041 01       		.byte	0x1
 1555 0042 49       		.uleb128 0x49
 1556 0043 13       		.uleb128 0x13
 1557 0044 01       		.uleb128 0x1
 1558 0045 13       		.uleb128 0x13
 1559 0046 00       		.byte	0
 1560 0047 00       		.byte	0
 1561 0048 07       		.uleb128 0x7
 1562 0049 21       		.uleb128 0x21
 1563 004a 00       		.byte	0
 1564 004b 49       		.uleb128 0x49
 1565 004c 13       		.uleb128 0x13
 1566 004d 2F       		.uleb128 0x2f
 1567 004e 0B       		.uleb128 0xb
 1568 004f 00       		.byte	0
 1569 0050 00       		.byte	0
 1570 0051 08       		.uleb128 0x8
 1571 0052 13       		.uleb128 0x13
 1572 0053 01       		.byte	0x1
 1573 0054 0B       		.uleb128 0xb
 1574 0055 0B       		.uleb128 0xb
 1575 0056 3A       		.uleb128 0x3a
 1576 0057 0B       		.uleb128 0xb
 1577 0058 3B       		.uleb128 0x3b
 1578 0059 05       		.uleb128 0x5
 1579 005a 01       		.uleb128 0x1
 1580 005b 13       		.uleb128 0x13
 1581 005c 00       		.byte	0
 1582 005d 00       		.byte	0
 1583 005e 09       		.uleb128 0x9
 1584 005f 0D       		.uleb128 0xd
 1585 0060 00       		.byte	0
 1586 0061 03       		.uleb128 0x3
 1587 0062 08       		.uleb128 0x8
 1588 0063 3A       		.uleb128 0x3a
 1589 0064 0B       		.uleb128 0xb
 1590 0065 3B       		.uleb128 0x3b
 1591 0066 05       		.uleb128 0x5
 1592 0067 49       		.uleb128 0x49
ARM GAS  /var/folders/5n/p_75w94d66l9ssrldxqdhh700000gn/T//cc7o45G1.s 			page 29


 1593 0068 13       		.uleb128 0x13
 1594 0069 38       		.uleb128 0x38
 1595 006a 0A       		.uleb128 0xa
 1596 006b 00       		.byte	0
 1597 006c 00       		.byte	0
 1598 006d 0A       		.uleb128 0xa
 1599 006e 0D       		.uleb128 0xd
 1600 006f 00       		.byte	0
 1601 0070 03       		.uleb128 0x3
 1602 0071 0E       		.uleb128 0xe
 1603 0072 3A       		.uleb128 0x3a
 1604 0073 0B       		.uleb128 0xb
 1605 0074 3B       		.uleb128 0x3b
 1606 0075 05       		.uleb128 0x5
 1607 0076 49       		.uleb128 0x49
 1608 0077 13       		.uleb128 0x13
 1609 0078 38       		.uleb128 0x38
 1610 0079 0A       		.uleb128 0xa
 1611 007a 00       		.byte	0
 1612 007b 00       		.byte	0
 1613 007c 0B       		.uleb128 0xb
 1614 007d 16       		.uleb128 0x16
 1615 007e 00       		.byte	0
 1616 007f 03       		.uleb128 0x3
 1617 0080 0E       		.uleb128 0xe
 1618 0081 3A       		.uleb128 0x3a
 1619 0082 0B       		.uleb128 0xb
 1620 0083 3B       		.uleb128 0x3b
 1621 0084 05       		.uleb128 0x5
 1622 0085 49       		.uleb128 0x49
 1623 0086 13       		.uleb128 0x13
 1624 0087 00       		.byte	0
 1625 0088 00       		.byte	0
 1626 0089 0C       		.uleb128 0xc
 1627 008a 13       		.uleb128 0x13
 1628 008b 01       		.byte	0x1
 1629 008c 0B       		.uleb128 0xb
 1630 008d 0B       		.uleb128 0xb
 1631 008e 3A       		.uleb128 0x3a
 1632 008f 0B       		.uleb128 0xb
 1633 0090 3B       		.uleb128 0x3b
 1634 0091 0B       		.uleb128 0xb
 1635 0092 01       		.uleb128 0x1
 1636 0093 13       		.uleb128 0x13
 1637 0094 00       		.byte	0
 1638 0095 00       		.byte	0
 1639 0096 0D       		.uleb128 0xd
 1640 0097 0D       		.uleb128 0xd
 1641 0098 00       		.byte	0
 1642 0099 03       		.uleb128 0x3
 1643 009a 08       		.uleb128 0x8
 1644 009b 3A       		.uleb128 0x3a
 1645 009c 0B       		.uleb128 0xb
 1646 009d 3B       		.uleb128 0x3b
 1647 009e 0B       		.uleb128 0xb
 1648 009f 49       		.uleb128 0x49
 1649 00a0 13       		.uleb128 0x13
ARM GAS  /var/folders/5n/p_75w94d66l9ssrldxqdhh700000gn/T//cc7o45G1.s 			page 30


 1650 00a1 38       		.uleb128 0x38
 1651 00a2 0A       		.uleb128 0xa
 1652 00a3 00       		.byte	0
 1653 00a4 00       		.byte	0
 1654 00a5 0E       		.uleb128 0xe
 1655 00a6 0D       		.uleb128 0xd
 1656 00a7 00       		.byte	0
 1657 00a8 03       		.uleb128 0x3
 1658 00a9 0E       		.uleb128 0xe
 1659 00aa 3A       		.uleb128 0x3a
 1660 00ab 0B       		.uleb128 0xb
 1661 00ac 3B       		.uleb128 0x3b
 1662 00ad 0B       		.uleb128 0xb
 1663 00ae 49       		.uleb128 0x49
 1664 00af 13       		.uleb128 0x13
 1665 00b0 38       		.uleb128 0x38
 1666 00b1 0A       		.uleb128 0xa
 1667 00b2 00       		.byte	0
 1668 00b3 00       		.byte	0
 1669 00b4 0F       		.uleb128 0xf
 1670 00b5 17       		.uleb128 0x17
 1671 00b6 01       		.byte	0x1
 1672 00b7 0B       		.uleb128 0xb
 1673 00b8 0B       		.uleb128 0xb
 1674 00b9 3A       		.uleb128 0x3a
 1675 00ba 0B       		.uleb128 0xb
 1676 00bb 3B       		.uleb128 0x3b
 1677 00bc 0B       		.uleb128 0xb
 1678 00bd 01       		.uleb128 0x1
 1679 00be 13       		.uleb128 0x13
 1680 00bf 00       		.byte	0
 1681 00c0 00       		.byte	0
 1682 00c1 10       		.uleb128 0x10
 1683 00c2 0D       		.uleb128 0xd
 1684 00c3 00       		.byte	0
 1685 00c4 03       		.uleb128 0x3
 1686 00c5 08       		.uleb128 0x8
 1687 00c6 3A       		.uleb128 0x3a
 1688 00c7 0B       		.uleb128 0xb
 1689 00c8 3B       		.uleb128 0x3b
 1690 00c9 0B       		.uleb128 0xb
 1691 00ca 49       		.uleb128 0x49
 1692 00cb 13       		.uleb128 0x13
 1693 00cc 00       		.byte	0
 1694 00cd 00       		.byte	0
 1695 00ce 11       		.uleb128 0x11
 1696 00cf 0F       		.uleb128 0xf
 1697 00d0 00       		.byte	0
 1698 00d1 0B       		.uleb128 0xb
 1699 00d2 0B       		.uleb128 0xb
 1700 00d3 49       		.uleb128 0x49
 1701 00d4 13       		.uleb128 0x13
 1702 00d5 00       		.byte	0
 1703 00d6 00       		.byte	0
 1704 00d7 12       		.uleb128 0x12
 1705 00d8 2E       		.uleb128 0x2e
 1706 00d9 01       		.byte	0x1
ARM GAS  /var/folders/5n/p_75w94d66l9ssrldxqdhh700000gn/T//cc7o45G1.s 			page 31


 1707 00da 03       		.uleb128 0x3
 1708 00db 0E       		.uleb128 0xe
 1709 00dc 3A       		.uleb128 0x3a
 1710 00dd 0B       		.uleb128 0xb
 1711 00de 3B       		.uleb128 0x3b
 1712 00df 0B       		.uleb128 0xb
 1713 00e0 27       		.uleb128 0x27
 1714 00e1 0C       		.uleb128 0xc
 1715 00e2 20       		.uleb128 0x20
 1716 00e3 0B       		.uleb128 0xb
 1717 00e4 01       		.uleb128 0x1
 1718 00e5 13       		.uleb128 0x13
 1719 00e6 00       		.byte	0
 1720 00e7 00       		.byte	0
 1721 00e8 13       		.uleb128 0x13
 1722 00e9 05       		.uleb128 0x5
 1723 00ea 00       		.byte	0
 1724 00eb 03       		.uleb128 0x3
 1725 00ec 0E       		.uleb128 0xe
 1726 00ed 3A       		.uleb128 0x3a
 1727 00ee 0B       		.uleb128 0xb
 1728 00ef 3B       		.uleb128 0x3b
 1729 00f0 0B       		.uleb128 0xb
 1730 00f1 49       		.uleb128 0x49
 1731 00f2 13       		.uleb128 0x13
 1732 00f3 00       		.byte	0
 1733 00f4 00       		.byte	0
 1734 00f5 14       		.uleb128 0x14
 1735 00f6 26       		.uleb128 0x26
 1736 00f7 00       		.byte	0
 1737 00f8 49       		.uleb128 0x49
 1738 00f9 13       		.uleb128 0x13
 1739 00fa 00       		.byte	0
 1740 00fb 00       		.byte	0
 1741 00fc 15       		.uleb128 0x15
 1742 00fd 2E       		.uleb128 0x2e
 1743 00fe 01       		.byte	0x1
 1744 00ff 3F       		.uleb128 0x3f
 1745 0100 0C       		.uleb128 0xc
 1746 0101 03       		.uleb128 0x3
 1747 0102 0E       		.uleb128 0xe
 1748 0103 3A       		.uleb128 0x3a
 1749 0104 0B       		.uleb128 0xb
 1750 0105 3B       		.uleb128 0x3b
 1751 0106 0B       		.uleb128 0xb
 1752 0107 27       		.uleb128 0x27
 1753 0108 0C       		.uleb128 0xc
 1754 0109 11       		.uleb128 0x11
 1755 010a 01       		.uleb128 0x1
 1756 010b 12       		.uleb128 0x12
 1757 010c 01       		.uleb128 0x1
 1758 010d 40       		.uleb128 0x40
 1759 010e 0A       		.uleb128 0xa
 1760 010f 01       		.uleb128 0x1
 1761 0110 13       		.uleb128 0x13
 1762 0111 00       		.byte	0
 1763 0112 00       		.byte	0
ARM GAS  /var/folders/5n/p_75w94d66l9ssrldxqdhh700000gn/T//cc7o45G1.s 			page 32


 1764 0113 16       		.uleb128 0x16
 1765 0114 05       		.uleb128 0x5
 1766 0115 00       		.byte	0
 1767 0116 03       		.uleb128 0x3
 1768 0117 0E       		.uleb128 0xe
 1769 0118 3A       		.uleb128 0x3a
 1770 0119 0B       		.uleb128 0xb
 1771 011a 3B       		.uleb128 0x3b
 1772 011b 0B       		.uleb128 0xb
 1773 011c 49       		.uleb128 0x49
 1774 011d 13       		.uleb128 0x13
 1775 011e 02       		.uleb128 0x2
 1776 011f 0A       		.uleb128 0xa
 1777 0120 00       		.byte	0
 1778 0121 00       		.byte	0
 1779 0122 17       		.uleb128 0x17
 1780 0123 1D       		.uleb128 0x1d
 1781 0124 01       		.byte	0x1
 1782 0125 31       		.uleb128 0x31
 1783 0126 13       		.uleb128 0x13
 1784 0127 52       		.uleb128 0x52
 1785 0128 01       		.uleb128 0x1
 1786 0129 55       		.uleb128 0x55
 1787 012a 06       		.uleb128 0x6
 1788 012b 58       		.uleb128 0x58
 1789 012c 0B       		.uleb128 0xb
 1790 012d 59       		.uleb128 0x59
 1791 012e 0B       		.uleb128 0xb
 1792 012f 01       		.uleb128 0x1
 1793 0130 13       		.uleb128 0x13
 1794 0131 00       		.byte	0
 1795 0132 00       		.byte	0
 1796 0133 18       		.uleb128 0x18
 1797 0134 05       		.uleb128 0x5
 1798 0135 00       		.byte	0
 1799 0136 31       		.uleb128 0x31
 1800 0137 13       		.uleb128 0x13
 1801 0138 02       		.uleb128 0x2
 1802 0139 0A       		.uleb128 0xa
 1803 013a 00       		.byte	0
 1804 013b 00       		.byte	0
 1805 013c 19       		.uleb128 0x19
 1806 013d 05       		.uleb128 0x5
 1807 013e 00       		.byte	0
 1808 013f 31       		.uleb128 0x31
 1809 0140 13       		.uleb128 0x13
 1810 0141 1C       		.uleb128 0x1c
 1811 0142 06       		.uleb128 0x6
 1812 0143 00       		.byte	0
 1813 0144 00       		.byte	0
 1814 0145 1A       		.uleb128 0x1a
 1815 0146 1D       		.uleb128 0x1d
 1816 0147 01       		.byte	0x1
 1817 0148 31       		.uleb128 0x31
 1818 0149 13       		.uleb128 0x13
 1819 014a 52       		.uleb128 0x52
 1820 014b 01       		.uleb128 0x1
ARM GAS  /var/folders/5n/p_75w94d66l9ssrldxqdhh700000gn/T//cc7o45G1.s 			page 33


 1821 014c 55       		.uleb128 0x55
 1822 014d 06       		.uleb128 0x6
 1823 014e 58       		.uleb128 0x58
 1824 014f 0B       		.uleb128 0xb
 1825 0150 59       		.uleb128 0x59
 1826 0151 0B       		.uleb128 0xb
 1827 0152 00       		.byte	0
 1828 0153 00       		.byte	0
 1829 0154 1B       		.uleb128 0x1b
 1830 0155 2E       		.uleb128 0x2e
 1831 0156 01       		.byte	0x1
 1832 0157 3F       		.uleb128 0x3f
 1833 0158 0C       		.uleb128 0xc
 1834 0159 03       		.uleb128 0x3
 1835 015a 0E       		.uleb128 0xe
 1836 015b 3A       		.uleb128 0x3a
 1837 015c 0B       		.uleb128 0xb
 1838 015d 3B       		.uleb128 0x3b
 1839 015e 0B       		.uleb128 0xb
 1840 015f 27       		.uleb128 0x27
 1841 0160 0C       		.uleb128 0xc
 1842 0161 11       		.uleb128 0x11
 1843 0162 01       		.uleb128 0x1
 1844 0163 12       		.uleb128 0x12
 1845 0164 01       		.uleb128 0x1
 1846 0165 40       		.uleb128 0x40
 1847 0166 06       		.uleb128 0x6
 1848 0167 01       		.uleb128 0x1
 1849 0168 13       		.uleb128 0x13
 1850 0169 00       		.byte	0
 1851 016a 00       		.byte	0
 1852 016b 1C       		.uleb128 0x1c
 1853 016c 05       		.uleb128 0x5
 1854 016d 00       		.byte	0
 1855 016e 03       		.uleb128 0x3
 1856 016f 0E       		.uleb128 0xe
 1857 0170 3A       		.uleb128 0x3a
 1858 0171 0B       		.uleb128 0xb
 1859 0172 3B       		.uleb128 0x3b
 1860 0173 0B       		.uleb128 0xb
 1861 0174 49       		.uleb128 0x49
 1862 0175 13       		.uleb128 0x13
 1863 0176 02       		.uleb128 0x2
 1864 0177 06       		.uleb128 0x6
 1865 0178 00       		.byte	0
 1866 0179 00       		.byte	0
 1867 017a 1D       		.uleb128 0x1d
 1868 017b 34       		.uleb128 0x34
 1869 017c 00       		.byte	0
 1870 017d 03       		.uleb128 0x3
 1871 017e 0E       		.uleb128 0xe
 1872 017f 3A       		.uleb128 0x3a
 1873 0180 0B       		.uleb128 0xb
 1874 0181 3B       		.uleb128 0x3b
 1875 0182 0B       		.uleb128 0xb
 1876 0183 49       		.uleb128 0x49
 1877 0184 13       		.uleb128 0x13
ARM GAS  /var/folders/5n/p_75w94d66l9ssrldxqdhh700000gn/T//cc7o45G1.s 			page 34


 1878 0185 02       		.uleb128 0x2
 1879 0186 0A       		.uleb128 0xa
 1880 0187 00       		.byte	0
 1881 0188 00       		.byte	0
 1882 0189 1E       		.uleb128 0x1e
 1883 018a 34       		.uleb128 0x34
 1884 018b 00       		.byte	0
 1885 018c 03       		.uleb128 0x3
 1886 018d 0E       		.uleb128 0xe
 1887 018e 3A       		.uleb128 0x3a
 1888 018f 0B       		.uleb128 0xb
 1889 0190 3B       		.uleb128 0x3b
 1890 0191 0B       		.uleb128 0xb
 1891 0192 49       		.uleb128 0x49
 1892 0193 13       		.uleb128 0x13
 1893 0194 02       		.uleb128 0x2
 1894 0195 06       		.uleb128 0x6
 1895 0196 00       		.byte	0
 1896 0197 00       		.byte	0
 1897 0198 1F       		.uleb128 0x1f
 1898 0199 34       		.uleb128 0x34
 1899 019a 00       		.byte	0
 1900 019b 03       		.uleb128 0x3
 1901 019c 08       		.uleb128 0x8
 1902 019d 3A       		.uleb128 0x3a
 1903 019e 0B       		.uleb128 0xb
 1904 019f 3B       		.uleb128 0x3b
 1905 01a0 0B       		.uleb128 0xb
 1906 01a1 49       		.uleb128 0x49
 1907 01a2 13       		.uleb128 0x13
 1908 01a3 02       		.uleb128 0x2
 1909 01a4 06       		.uleb128 0x6
 1910 01a5 00       		.byte	0
 1911 01a6 00       		.byte	0
 1912 01a7 20       		.uleb128 0x20
 1913 01a8 0B       		.uleb128 0xb
 1914 01a9 01       		.byte	0x1
 1915 01aa 55       		.uleb128 0x55
 1916 01ab 06       		.uleb128 0x6
 1917 01ac 00       		.byte	0
 1918 01ad 00       		.byte	0
 1919 01ae 21       		.uleb128 0x21
 1920 01af 34       		.uleb128 0x34
 1921 01b0 00       		.byte	0
 1922 01b1 03       		.uleb128 0x3
 1923 01b2 0E       		.uleb128 0xe
 1924 01b3 3A       		.uleb128 0x3a
 1925 01b4 0B       		.uleb128 0xb
 1926 01b5 3B       		.uleb128 0x3b
 1927 01b6 05       		.uleb128 0x5
 1928 01b7 49       		.uleb128 0x49
 1929 01b8 13       		.uleb128 0x13
 1930 01b9 3F       		.uleb128 0x3f
 1931 01ba 0C       		.uleb128 0xc
 1932 01bb 3C       		.uleb128 0x3c
 1933 01bc 0C       		.uleb128 0xc
 1934 01bd 00       		.byte	0
ARM GAS  /var/folders/5n/p_75w94d66l9ssrldxqdhh700000gn/T//cc7o45G1.s 			page 35


 1935 01be 00       		.byte	0
 1936 01bf 00       		.byte	0
 1937              		.section	.debug_loc,"",%progbits
 1938              	.Ldebug_loc0:
 1939              	.LLST0:
 1940 0000 00000000 		.4byte	.LFB120
 1941 0004 04000000 		.4byte	.LCFI0
 1942 0008 0200     		.2byte	0x2
 1943 000a 7D       		.byte	0x7d
 1944 000b 00       		.sleb128 0
 1945 000c 04000000 		.4byte	.LCFI0
 1946 0010 B8000000 		.4byte	.LFE120
 1947 0014 0200     		.2byte	0x2
 1948 0016 7D       		.byte	0x7d
 1949 0017 20       		.sleb128 32
 1950 0018 00000000 		.4byte	0
 1951 001c 00000000 		.4byte	0
 1952              	.LLST1:
 1953 0020 00000000 		.4byte	.LVL10
 1954 0024 AE000000 		.4byte	.LVL26
 1955 0028 0100     		.2byte	0x1
 1956 002a 51       		.byte	0x51
 1957 002b AE000000 		.4byte	.LVL26
 1958 002f B0000000 		.4byte	.LVL27
 1959 0033 0500     		.2byte	0x5
 1960 0035 71       		.byte	0x71
 1961 0036 00       		.sleb128 0
 1962 0037 31       		.byte	0x31
 1963 0038 25       		.byte	0x25
 1964 0039 9F       		.byte	0x9f
 1965 003a B0000000 		.4byte	.LVL27
 1966 003e B8000000 		.4byte	.LFE120
 1967 0042 0100     		.2byte	0x1
 1968 0044 51       		.byte	0x51
 1969 0045 00000000 		.4byte	0
 1970 0049 00000000 		.4byte	0
 1971              	.LLST2:
 1972 004d 00000000 		.4byte	.LVL10
 1973 0051 18000000 		.4byte	.LVL15
 1974 0055 0100     		.2byte	0x1
 1975 0057 52       		.byte	0x52
 1976 0058 00000000 		.4byte	0
 1977 005c 00000000 		.4byte	0
 1978              	.LLST3:
 1979 0060 18000000 		.4byte	.LVL15
 1980 0064 26000000 		.4byte	.LVL16
 1981 0068 0100     		.2byte	0x1
 1982 006a 52       		.byte	0x52
 1983 006b 26000000 		.4byte	.LVL16
 1984 006f B8000000 		.4byte	.LFE120
 1985 0073 0100     		.2byte	0x1
 1986 0075 5A       		.byte	0x5a
 1987 0076 00000000 		.4byte	0
 1988 007a 00000000 		.4byte	0
 1989              	.LLST4:
 1990 007e 18000000 		.4byte	.LVL15
 1991 0082 26000000 		.4byte	.LVL16
ARM GAS  /var/folders/5n/p_75w94d66l9ssrldxqdhh700000gn/T//cc7o45G1.s 			page 36


 1992 0086 0200     		.2byte	0x2
 1993 0088 30       		.byte	0x30
 1994 0089 9F       		.byte	0x9f
 1995 008a 26000000 		.4byte	.LVL16
 1996 008e B8000000 		.4byte	.LFE120
 1997 0092 0100     		.2byte	0x1
 1998 0094 53       		.byte	0x53
 1999 0095 00000000 		.4byte	0
 2000 0099 00000000 		.4byte	0
 2001              	.LLST5:
 2002 009d 46000000 		.4byte	.LVL22
 2003 00a1 60000000 		.4byte	.LVL24
 2004 00a5 0100     		.2byte	0x1
 2005 00a7 52       		.byte	0x52
 2006 00a8 00000000 		.4byte	0
 2007 00ac 00000000 		.4byte	0
 2008              	.LLST6:
 2009 00b0 46000000 		.4byte	.LVL22
 2010 00b4 AE000000 		.4byte	.LVL26
 2011 00b8 0500     		.2byte	0x5
 2012 00ba 31       		.byte	0x31
 2013 00bb 73       		.byte	0x73
 2014 00bc 00       		.sleb128 0
 2015 00bd 24       		.byte	0x24
 2016 00be 9F       		.byte	0x9f
 2017 00bf 00000000 		.4byte	0
 2018 00c3 00000000 		.4byte	0
 2019              	.LLST7:
 2020 00c7 76000000 		.4byte	.LVL25
 2021 00cb AE000000 		.4byte	.LVL26
 2022 00cf 0700     		.2byte	0x7
 2023 00d1 33       		.byte	0x33
 2024 00d2 73       		.byte	0x73
 2025 00d3 00       		.sleb128 0
 2026 00d4 31       		.byte	0x31
 2027 00d5 24       		.byte	0x24
 2028 00d6 24       		.byte	0x24
 2029 00d7 9F       		.byte	0x9f
 2030 00d8 00000000 		.4byte	0
 2031 00dc 00000000 		.4byte	0
 2032              	.LLST8:
 2033 00e0 46000000 		.4byte	.LVL22
 2034 00e4 56000000 		.4byte	.LVL23
 2035 00e8 0100     		.2byte	0x1
 2036 00ea 5C       		.byte	0x5c
 2037 00eb 00000000 		.4byte	0
 2038 00ef 00000000 		.4byte	0
 2039              		.section	.debug_aranges,"",%progbits
 2040 0000 24000000 		.4byte	0x24
 2041 0004 0200     		.2byte	0x2
 2042 0006 00000000 		.4byte	.Ldebug_info0
 2043 000a 04       		.byte	0x4
 2044 000b 00       		.byte	0
 2045 000c 0000     		.2byte	0
 2046 000e 0000     		.2byte	0
 2047 0010 00000000 		.4byte	.LFB119
 2048 0014 A2010000 		.4byte	.LFE119-.LFB119
ARM GAS  /var/folders/5n/p_75w94d66l9ssrldxqdhh700000gn/T//cc7o45G1.s 			page 37


 2049 0018 00000000 		.4byte	.LFB120
 2050 001c B8000000 		.4byte	.LFE120-.LFB120
 2051 0020 00000000 		.4byte	0
 2052 0024 00000000 		.4byte	0
 2053              		.section	.debug_ranges,"",%progbits
 2054              	.Ldebug_ranges0:
 2055 0000 20000000 		.4byte	.LBB20
 2056 0004 28000000 		.4byte	.LBE20
 2057 0008 2C000000 		.4byte	.LBB27
 2058 000c 46000000 		.4byte	.LBE27
 2059 0010 00000000 		.4byte	0
 2060 0014 00000000 		.4byte	0
 2061 0018 28000000 		.4byte	.LBB23
 2062 001c 2C000000 		.4byte	.LBE23
 2063 0020 46000000 		.4byte	.LBB28
 2064 0024 4C000000 		.4byte	.LBE28
 2065 0028 50000000 		.4byte	.LBB33
 2066 002c 6A000000 		.4byte	.LBE33
 2067 0030 00000000 		.4byte	0
 2068 0034 00000000 		.4byte	0
 2069 0038 4C000000 		.4byte	.LBB29
 2070 003c 50000000 		.4byte	.LBE29
 2071 0040 6A000000 		.4byte	.LBB34
 2072 0044 88000000 		.4byte	.LBE34
 2073 0048 8C000000 		.4byte	.LBB39
 2074 004c 8E000000 		.4byte	.LBE39
 2075 0050 00000000 		.4byte	0
 2076 0054 00000000 		.4byte	0
 2077 0058 88000000 		.4byte	.LBB35
 2078 005c 8C000000 		.4byte	.LBE35
 2079 0060 8E000000 		.4byte	.LBB40
 2080 0064 94000000 		.4byte	.LBE40
 2081 0068 98000000 		.4byte	.LBB45
 2082 006c B2000000 		.4byte	.LBE45
 2083 0070 00000000 		.4byte	0
 2084 0074 00000000 		.4byte	0
 2085 0078 94000000 		.4byte	.LBB41
 2086 007c 98000000 		.4byte	.LBE41
 2087 0080 B2000000 		.4byte	.LBB46
 2088 0084 D6000000 		.4byte	.LBE46
 2089 0088 DA000000 		.4byte	.LBB51
 2090 008c DC000000 		.4byte	.LBE51
 2091 0090 00000000 		.4byte	0
 2092 0094 00000000 		.4byte	0
 2093 0098 D6000000 		.4byte	.LBB47
 2094 009c DA000000 		.4byte	.LBE47
 2095 00a0 DC000000 		.4byte	.LBB52
 2096 00a4 E4000000 		.4byte	.LBE52
 2097 00a8 E8000000 		.4byte	.LBB58
 2098 00ac 0E010000 		.4byte	.LBE58
 2099 00b0 00000000 		.4byte	0
 2100 00b4 00000000 		.4byte	0
 2101 00b8 E4000000 		.4byte	.LBB53
 2102 00bc E8000000 		.4byte	.LBE53
 2103 00c0 0E010000 		.4byte	.LBB59
 2104 00c4 16010000 		.4byte	.LBE59
 2105 00c8 1A010000 		.4byte	.LBB65
ARM GAS  /var/folders/5n/p_75w94d66l9ssrldxqdhh700000gn/T//cc7o45G1.s 			page 38


 2106 00cc 3E010000 		.4byte	.LBE65
 2107 00d0 42010000 		.4byte	.LBB67
 2108 00d4 44010000 		.4byte	.LBE67
 2109 00d8 00000000 		.4byte	0
 2110 00dc 00000000 		.4byte	0
 2111 00e0 16010000 		.4byte	.LBB60
 2112 00e4 1A010000 		.4byte	.LBE60
 2113 00e8 3E010000 		.4byte	.LBB66
 2114 00ec 42010000 		.4byte	.LBE66
 2115 00f0 44010000 		.4byte	.LBB68
 2116 00f4 6C010000 		.4byte	.LBE68
 2117 00f8 70010000 		.4byte	.LBB72
 2118 00fc 72010000 		.4byte	.LBE72
 2119 0100 00000000 		.4byte	0
 2120 0104 00000000 		.4byte	0
 2121 0108 6C010000 		.4byte	.LBB69
 2122 010c 70010000 		.4byte	.LBE69
 2123 0110 72010000 		.4byte	.LBB73
 2124 0114 A0010000 		.4byte	.LBE73
 2125 0118 00000000 		.4byte	0
 2126 011c 00000000 		.4byte	0
 2127 0120 1A000000 		.4byte	.LBB74
 2128 0124 26000000 		.4byte	.LBE74
 2129 0128 30000000 		.4byte	.LBB75
 2130 012c 38000000 		.4byte	.LBE75
 2131 0130 3C000000 		.4byte	.LBB76
 2132 0134 44000000 		.4byte	.LBE76
 2133 0138 46000000 		.4byte	.LBB77
 2134 013c AE000000 		.4byte	.LBE77
 2135 0140 00000000 		.4byte	0
 2136 0144 00000000 		.4byte	0
 2137 0148 00000000 		.4byte	.LFB119
 2138 014c A2010000 		.4byte	.LFE119
 2139 0150 00000000 		.4byte	.LFB120
 2140 0154 B8000000 		.4byte	.LFE120
 2141 0158 00000000 		.4byte	0
 2142 015c 00000000 		.4byte	0
 2143              		.section	.debug_line,"",%progbits
 2144              	.Ldebug_line0:
 2145 0000 D2010000 		.section	.debug_str,"MS",%progbits,1
 2145      02001601 
 2145      00000201 
 2145      FB0E0D00 
 2145      01010101 
 2146              	.LASF29:
 2147 0000 41484231 		.ascii	"AHB1LPENR\000"
 2147      4C50454E 
 2147      5200
 2148              	.LASF60:
 2149 000a 50434461 		.ascii	"PCData\000"
 2149      746100
 2150              	.LASF74:
 2151 0011 5F70616C 		.ascii	"_pal_lld_setgroupmode\000"
 2151      5F6C6C64 
 2151      5F736574 
 2151      67726F75 
 2151      706D6F64 
ARM GAS  /var/folders/5n/p_75w94d66l9ssrldxqdhh700000gn/T//cc7o45G1.s 			page 39


 2152              	.LASF19:
 2153 0027 41504231 		.ascii	"APB1RSTR\000"
 2153      52535452 
 2153      00
 2154              	.LASF23:
 2155 0030 41484232 		.ascii	"AHB2ENR\000"
 2155      454E5200 
 2156              	.LASF57:
 2157 0038 73746D33 		.ascii	"stm32_gpio_setup_t\000"
 2157      325F6770 
 2157      696F5F73 
 2157      65747570 
 2157      5F7400
 2158              	.LASF63:
 2159 004b 50464461 		.ascii	"PFData\000"
 2159      746100
 2160              	.LASF73:
 2161 0052 5F70616C 		.ascii	"_pal_lld_init\000"
 2161      5F6C6C64 
 2161      5F696E69 
 2161      7400
 2162              	.LASF3:
 2163 0060 73686F72 		.ascii	"short int\000"
 2163      7420696E 
 2163      7400
 2164              	.LASF84:
 2165 006a 696E6974 		.ascii	"initgpio\000"
 2165      6770696F 
 2165      00
 2166              	.LASF71:
 2167 0073 6770696F 		.ascii	"gpiop\000"
 2167      7000
 2168              	.LASF36:
 2169 0079 42444352 		.ascii	"BDCR\000"
 2169      00
 2170              	.LASF66:
 2171 007e 50494461 		.ascii	"PIData\000"
 2171      746100
 2172              	.LASF39:
 2173 0085 504C4C49 		.ascii	"PLLI2SCFGR\000"
 2173      32534346 
 2173      475200
 2174              	.LASF38:
 2175 0090 53534347 		.ascii	"SSCGR\000"
 2175      5200
 2176              	.LASF59:
 2177 0096 50424461 		.ascii	"PBData\000"
 2177      746100
 2178              	.LASF31:
 2179 009d 41484233 		.ascii	"AHB3LPENR\000"
 2179      4C50454E 
 2179      5200
 2180              	.LASF72:
 2181 00a7 636F6E66 		.ascii	"config\000"
 2181      696700
 2182              	.LASF69:
 2183 00ae 696F6D6F 		.ascii	"iomode_t\000"
ARM GAS  /var/folders/5n/p_75w94d66l9ssrldxqdhh700000gn/T//cc7o45G1.s 			page 40


 2183      64655F74 
 2183      00
 2184              	.LASF83:
 2185 00b7 2F557365 		.ascii	"/Users/sin/Documents/Eclipse/Workspace/mabl-ChibiOS"
 2185      72732F73 
 2185      696E2F44 
 2185      6F63756D 
 2185      656E7473 
 2186 00ea 2D322E35 		.ascii	"-2.5.1/demos/ARMCM4-STM32F407-LWIP\000"
 2186      2E312F64 
 2186      656D6F73 
 2186      2F41524D 
 2186      434D342D 
 2187              	.LASF26:
 2188 010d 41504231 		.ascii	"APB1ENR\000"
 2188      454E5200 
 2189              	.LASF68:
 2190 0115 696F706F 		.ascii	"ioportmask_t\000"
 2190      72746D61 
 2190      736B5F74 
 2190      00
 2191              	.LASF43:
 2192 0122 4F545950 		.ascii	"OTYPER\000"
 2192      455200
 2193              	.LASF24:
 2194 0129 41484233 		.ascii	"AHB3ENR\000"
 2194      454E5200 
 2195              	.LASF44:
 2196 0131 4F535045 		.ascii	"OSPEEDR\000"
 2196      45445200 
 2197              	.LASF10:
 2198 0139 6C6F6E67 		.ascii	"long long int\000"
 2198      206C6F6E 
 2198      6720696E 
 2198      7400
 2199              	.LASF45:
 2200 0147 50555044 		.ascii	"PUPDR\000"
 2200      5200
 2201              	.LASF53:
 2202 014d 6F737065 		.ascii	"ospeedr\000"
 2202      65647200 
 2203              	.LASF7:
 2204 0155 6C6F6E67 		.ascii	"long int\000"
 2204      20696E74 
 2204      00
 2205              	.LASF61:
 2206 015e 50444461 		.ascii	"PDData\000"
 2206      746100
 2207              	.LASF40:
 2208 0165 5243435F 		.ascii	"RCC_TypeDef\000"
 2208      54797065 
 2208      44656600 
 2209              	.LASF42:
 2210 0171 4D4F4445 		.ascii	"MODER\000"
 2210      5200
 2211              	.LASF20:
 2212 0177 41504232 		.ascii	"APB2RSTR\000"
ARM GAS  /var/folders/5n/p_75w94d66l9ssrldxqdhh700000gn/T//cc7o45G1.s 			page 41


 2212      52535452 
 2212      00
 2213              	.LASF41:
 2214 0180 636C6561 		.ascii	"clear\000"
 2214      7200
 2215              	.LASF64:
 2216 0186 50474461 		.ascii	"PGData\000"
 2216      746100
 2217              	.LASF58:
 2218 018d 50414461 		.ascii	"PAData\000"
 2218      746100
 2219              	.LASF70:
 2220 0194 696F706F 		.ascii	"ioportid_t\000"
 2220      72746964 
 2220      5F7400
 2221              	.LASF2:
 2222 019f 756E7369 		.ascii	"unsigned char\000"
 2222      676E6564 
 2222      20636861 
 2222      7200
 2223              	.LASF27:
 2224 01ad 41504232 		.ascii	"APB2ENR\000"
 2224      454E5200 
 2225              	.LASF1:
 2226 01b5 7369676E 		.ascii	"signed char\000"
 2226      65642063 
 2226      68617200 
 2227              	.LASF11:
 2228 01c1 6C6F6E67 		.ascii	"long long unsigned int\000"
 2228      206C6F6E 
 2228      6720756E 
 2228      7369676E 
 2228      65642069 
 2229              	.LASF8:
 2230 01d8 75696E74 		.ascii	"uint32_t\000"
 2230      33325F74 
 2230      00
 2231              	.LASF52:
 2232 01e1 6F747970 		.ascii	"otyper\000"
 2232      657200
 2233              	.LASF16:
 2234 01e8 41484232 		.ascii	"AHB2RSTR\000"
 2234      52535452 
 2234      00
 2235              	.LASF5:
 2236 01f1 75696E74 		.ascii	"uint16_t\000"
 2236      31365F74 
 2236      00
 2237              	.LASF9:
 2238 01fa 6C6F6E67 		.ascii	"long unsigned int\000"
 2238      20756E73 
 2238      69676E65 
 2238      6420696E 
 2238      7400
 2239              	.LASF49:
 2240 020c 41465248 		.ascii	"AFRH\000"
 2240      00
ARM GAS  /var/folders/5n/p_75w94d66l9ssrldxqdhh700000gn/T//cc7o45G1.s 			page 42


 2241              	.LASF13:
 2242 0211 504C4C43 		.ascii	"PLLCFGR\000"
 2242      46475200 
 2243              	.LASF48:
 2244 0219 4146524C 		.ascii	"AFRL\000"
 2244      00
 2245              	.LASF4:
 2246 021e 73686F72 		.ascii	"short unsigned int\000"
 2246      7420756E 
 2246      7369676E 
 2246      65642069 
 2246      6E7400
 2247              	.LASF33:
 2248 0231 41504231 		.ascii	"APB1LPENR\000"
 2248      4C50454E 
 2248      5200
 2249              	.LASF12:
 2250 023b 63686172 		.ascii	"char\000"
 2250      00
 2251              	.LASF82:
 2252 0240 2E2E2F2E 		.ascii	"../../os/hal/platforms/STM32/GPIOv2/pal_lld.c\000"
 2252      2E2F6F73 
 2252      2F68616C 
 2252      2F706C61 
 2252      74666F72 
 2253              	.LASF6:
 2254 026e 696E7433 		.ascii	"int32_t\000"
 2254      325F7400 
 2255              	.LASF67:
 2256 0276 50414C43 		.ascii	"PALConfig\000"
 2256      6F6E6669 
 2256      6700
 2257              	.LASF77:
 2258 0280 6D6F6465 		.ascii	"mode\000"
 2258      00
 2259              	.LASF30:
 2260 0285 41484232 		.ascii	"AHB2LPENR\000"
 2260      4C50454E 
 2260      5200
 2261              	.LASF75:
 2262 028f 706F7274 		.ascii	"port\000"
 2262      00
 2263              	.LASF62:
 2264 0294 50454461 		.ascii	"PEData\000"
 2264      746100
 2265              	.LASF18:
 2266 029b 52455345 		.ascii	"RESERVED0\000"
 2266      52564544 
 2266      3000
 2267              	.LASF21:
 2268 02a5 52455345 		.ascii	"RESERVED1\000"
 2268      52564544 
 2268      3100
 2269              	.LASF25:
 2270 02af 52455345 		.ascii	"RESERVED2\000"
 2270      52564544 
 2270      3200
ARM GAS  /var/folders/5n/p_75w94d66l9ssrldxqdhh700000gn/T//cc7o45G1.s 			page 43


 2271              	.LASF28:
 2272 02b9 52455345 		.ascii	"RESERVED3\000"
 2272      52564544 
 2272      3300
 2273              	.LASF32:
 2274 02c3 52455345 		.ascii	"RESERVED4\000"
 2274      52564544 
 2274      3400
 2275              	.LASF35:
 2276 02cd 52455345 		.ascii	"RESERVED5\000"
 2276      52564544 
 2276      3500
 2277              	.LASF37:
 2278 02d7 52455345 		.ascii	"RESERVED6\000"
 2278      52564544 
 2278      3600
 2279              	.LASF65:
 2280 02e1 50484461 		.ascii	"PHData\000"
 2280      746100
 2281              	.LASF81:
 2282 02e8 474E5520 		.ascii	"GNU C 4.6.2 20111004 (prerelease)\000"
 2282      4320342E 
 2282      362E3220 
 2282      32303131 
 2282      31303034 
 2283              	.LASF22:
 2284 030a 41484231 		.ascii	"AHB1ENR\000"
 2284      454E5200 
 2285              	.LASF76:
 2286 0312 6D61736B 		.ascii	"mask\000"
 2286      00
 2287              	.LASF54:
 2288 0317 70757064 		.ascii	"pupdr\000"
 2288      7200
 2289              	.LASF56:
 2290 031d 61667268 		.ascii	"afrh\000"
 2290      00
 2291              	.LASF55:
 2292 0322 6166726C 		.ascii	"afrl\000"
 2292      00
 2293              	.LASF51:
 2294 0327 6D6F6465 		.ascii	"moder\000"
 2294      7200
 2295              	.LASF15:
 2296 032d 41484231 		.ascii	"AHB1RSTR\000"
 2296      52535452 
 2296      00
 2297              	.LASF50:
 2298 0336 4750494F 		.ascii	"GPIO_TypeDef\000"
 2298      5F547970 
 2298      65446566 
 2298      00
 2299              	.LASF17:
 2300 0343 41484233 		.ascii	"AHB3RSTR\000"
 2300      52535452 
 2300      00
 2301              	.LASF78:
ARM GAS  /var/folders/5n/p_75w94d66l9ssrldxqdhh700000gn/T//cc7o45G1.s 			page 44


 2302 034c 616C7472 		.ascii	"altr\000"
 2302      00
 2303              	.LASF80:
 2304 0351 49544D5F 		.ascii	"ITM_RxBuffer\000"
 2304      52784275 
 2304      66666572 
 2304      00
 2305              	.LASF79:
 2306 035e 616C7472 		.ascii	"altrmask\000"
 2306      6D61736B 
 2306      00
 2307              	.LASF0:
 2308 0367 756E7369 		.ascii	"unsigned int\000"
 2308      676E6564 
 2308      20696E74 
 2308      00
 2309              	.LASF14:
 2310 0374 43464752 		.ascii	"CFGR\000"
 2310      00
 2311              	.LASF47:
 2312 0379 4C434B52 		.ascii	"LCKR\000"
 2312      00
 2313              	.LASF34:
 2314 037e 41504232 		.ascii	"APB2LPENR\000"
 2314      4C50454E 
 2314      5200
 2315              	.LASF46:
 2316 0388 42535252 		.ascii	"BSRR\000"
 2316      00
 2317              		.ident	"GCC: (Linaro GCC 4.6-2011.10) 4.6.2 20111004 (prerelease)"
ARM GAS  /var/folders/5n/p_75w94d66l9ssrldxqdhh700000gn/T//cc7o45G1.s 			page 45


DEFINED SYMBOLS
                            *ABS*:0000000000000000 pal_lld.c
/var/folders/5n/p_75w94d66l9ssrldxqdhh700000gn/T//cc7o45G1.s:18     .text._pal_lld_init:0000000000000000 $t
/var/folders/5n/p_75w94d66l9ssrldxqdhh700000gn/T//cc7o45G1.s:24     .text._pal_lld_init:0000000000000000 _pal_lld_init
/var/folders/5n/p_75w94d66l9ssrldxqdhh700000gn/T//cc7o45G1.s:383    .text._pal_lld_setgroupmode:0000000000000000 $t
/var/folders/5n/p_75w94d66l9ssrldxqdhh700000gn/T//cc7o45G1.s:389    .text._pal_lld_setgroupmode:0000000000000000 _pal_lld_setgroupmode
                     .debug_frame:0000000000000010 $d

NO UNDEFINED SYMBOLS
