ARM GAS  /var/folders/5n/p_75w94d66l9ssrldxqdhh700000gn/T//ccWPWjEG.s 			page 1


   1              		.syntax unified
   2              		.cpu cortex-m4
   3              		.fpu softvfp
   4              		.eabi_attribute 20, 1
   5              		.eabi_attribute 21, 1
   6              		.eabi_attribute 23, 3
   7              		.eabi_attribute 24, 1
   8              		.eabi_attribute 25, 1
   9              		.eabi_attribute 26, 1
  10              		.eabi_attribute 30, 2
  11              		.eabi_attribute 18, 4
  12              		.thumb
  13              		.file	"stats.c"
  14              		.text
  15              	.Ltext0:
  16              		.cfi_sections	.debug_frame
  17              		.section	.text.stats_init,"ax",%progbits
  18              		.align	2
  19              		.p2align 4,,15
  20              		.global	stats_init
  21              		.thumb
  22              		.thumb_func
  23              		.type	stats_init, %function
  24              	stats_init:
  25              	.LFB7:
  26              		.file 1 "../../ext/lwip/src/core/stats.c"
  27              		.loc 1 52 0
  28              		.cfi_startproc
  29              		@ args = 0, pretend = 0, frame = 0
  30              		@ frame_needed = 0, uses_anonymous_args = 0
  31              		@ link register save eliminated.
  32              		.loc 1 68 0
  33 0000 7047     		bx	lr
  34              		.cfi_endproc
  35              	.LFE7:
  36              		.size	stats_init, .-stats_init
  37              		.global	lwip_stats
  38 0002 00BFAFF3 		.section	.bss.lwip_stats,"aw",%nobits
  38      0080AFF3 
  38      0080AFF3 
  38      0080
  39              		.align	2
  40              		.type	lwip_stats, %object
  41              		.size	lwip_stats, 336
  42              	lwip_stats:
  43 0000 00000000 		.space	336
  43      00000000 
  43      00000000 
  43      00000000 
  43      00000000 
  44              		.text
  45              	.Letext0:
  46              		.file 2 "/usr/local/summon/lib/gcc/arm-none-eabi/4.6.2/../../../../arm-none-eabi/include/stdint.h"
  47              		.file 3 "../../os/various/lwip_bindings/arch/cc.h"
  48              		.file 4 "../../ext/lwip/src/include/lwip/mem.h"
  49              		.file 5 "../../ext/lwip/src/include/lwip/stats.h"
  50              		.file 6 "../../ext/lwip/src/include/lwip/memp.h"
ARM GAS  /var/folders/5n/p_75w94d66l9ssrldxqdhh700000gn/T//ccWPWjEG.s 			page 2


  51              		.section	.debug_info,"",%progbits
  52              	.Ldebug_info0:
  53 0000 3F030000 		.4byte	0x33f
  54 0004 0200     		.2byte	0x2
  55 0006 00000000 		.4byte	.Ldebug_abbrev0
  56 000a 04       		.byte	0x4
  57 000b 01       		.uleb128 0x1
  58 000c ED010000 		.4byte	.LASF53
  59 0010 01       		.byte	0x1
  60 0011 B2020000 		.4byte	.LASF54
  61 0015 89000000 		.4byte	.LASF55
  62 0019 00000000 		.4byte	0
  63 001d 00000000 		.4byte	0
  64 0021 00000000 		.4byte	.Ldebug_ranges0+0
  65 0025 00000000 		.4byte	.Ldebug_line0
  66 0029 02       		.uleb128 0x2
  67 002a 04       		.byte	0x4
  68 002b 05       		.byte	0x5
  69 002c 696E7400 		.ascii	"int\000"
  70 0030 03       		.uleb128 0x3
  71 0031 04       		.byte	0x4
  72 0032 07       		.byte	0x7
  73 0033 A0020000 		.4byte	.LASF0
  74 0037 03       		.uleb128 0x3
  75 0038 01       		.byte	0x1
  76 0039 06       		.byte	0x6
  77 003a 07000000 		.4byte	.LASF1
  78 003e 03       		.uleb128 0x3
  79 003f 01       		.byte	0x1
  80 0040 08       		.byte	0x8
  81 0041 2F010000 		.4byte	.LASF2
  82 0045 03       		.uleb128 0x3
  83 0046 02       		.byte	0x2
  84 0047 05       		.byte	0x5
  85 0048 1B000000 		.4byte	.LASF3
  86 004c 04       		.uleb128 0x4
  87 004d 73010000 		.4byte	.LASF10
  88 0051 02       		.byte	0x2
  89 0052 36       		.byte	0x36
  90 0053 57000000 		.4byte	0x57
  91 0057 03       		.uleb128 0x3
  92 0058 02       		.byte	0x2
  93 0059 07       		.byte	0x7
  94 005a 89010000 		.4byte	.LASF4
  95 005e 03       		.uleb128 0x3
  96 005f 04       		.byte	0x4
  97 0060 05       		.byte	0x5
  98 0061 0F010000 		.4byte	.LASF5
  99 0065 03       		.uleb128 0x3
 100 0066 04       		.byte	0x4
 101 0067 07       		.byte	0x7
 102 0068 28020000 		.4byte	.LASF6
 103 006c 03       		.uleb128 0x3
 104 006d 08       		.byte	0x8
 105 006e 05       		.byte	0x5
 106 006f 01010000 		.4byte	.LASF7
 107 0073 03       		.uleb128 0x3
ARM GAS  /var/folders/5n/p_75w94d66l9ssrldxqdhh700000gn/T//ccWPWjEG.s 			page 3


 108 0074 08       		.byte	0x8
 109 0075 07       		.byte	0x7
 110 0076 55010000 		.4byte	.LASF8
 111 007a 03       		.uleb128 0x3
 112 007b 01       		.byte	0x1
 113 007c 08       		.byte	0x8
 114 007d AB010000 		.4byte	.LASF9
 115 0081 04       		.uleb128 0x4
 116 0082 52020000 		.4byte	.LASF11
 117 0086 03       		.byte	0x3
 118 0087 3E       		.byte	0x3e
 119 0088 4C000000 		.4byte	0x4c
 120 008c 04       		.uleb128 0x4
 121 008d 18010000 		.4byte	.LASF12
 122 0091 04       		.byte	0x4
 123 0092 4B       		.byte	0x4b
 124 0093 81000000 		.4byte	0x81
 125 0097 05       		.uleb128 0x5
 126 0098 01       		.byte	0x1
 127 0099 06       		.byte	0x6
 128 009a 2B       		.byte	0x2b
 129 009b FA000000 		.4byte	0xfa
 130 009f 06       		.uleb128 0x6
 131 00a0 3F020000 		.4byte	.LASF13
 132 00a4 00       		.sleb128 0
 133 00a5 06       		.uleb128 0x6
 134 00a6 93020000 		.4byte	.LASF14
 135 00aa 01       		.sleb128 1
 136 00ab 06       		.uleb128 0x6
 137 00ac 7F020000 		.4byte	.LASF15
 138 00b0 02       		.sleb128 2
 139 00b1 06       		.uleb128 0x6
 140 00b2 E8000000 		.4byte	.LASF16
 141 00b6 03       		.sleb128 3
 142 00b7 06       		.uleb128 0x6
 143 00b8 25000000 		.4byte	.LASF17
 144 00bc 04       		.sleb128 4
 145 00bd 06       		.uleb128 0x6
 146 00be 9C010000 		.4byte	.LASF18
 147 00c2 05       		.sleb128 5
 148 00c3 06       		.uleb128 0x6
 149 00c4 7A000000 		.4byte	.LASF19
 150 00c8 06       		.sleb128 6
 151 00c9 06       		.uleb128 0x6
 152 00ca D2020000 		.4byte	.LASF20
 153 00ce 07       		.sleb128 7
 154 00cf 06       		.uleb128 0x6
 155 00d0 72020000 		.4byte	.LASF21
 156 00d4 08       		.sleb128 8
 157 00d5 06       		.uleb128 0x6
 158 00d6 B0010000 		.4byte	.LASF22
 159 00da 09       		.sleb128 9
 160 00db 06       		.uleb128 0x6
 161 00dc 43000000 		.4byte	.LASF23
 162 00e0 0A       		.sleb128 10
 163 00e1 06       		.uleb128 0x6
 164 00e2 69000000 		.4byte	.LASF24
ARM GAS  /var/folders/5n/p_75w94d66l9ssrldxqdhh700000gn/T//ccWPWjEG.s 			page 4


 165 00e6 0B       		.sleb128 11
 166 00e7 06       		.uleb128 0x6
 167 00e8 E3010000 		.4byte	.LASF25
 168 00ec 0C       		.sleb128 12
 169 00ed 06       		.uleb128 0x6
 170 00ee 58020000 		.4byte	.LASF26
 171 00f2 0D       		.sleb128 13
 172 00f3 06       		.uleb128 0x6
 173 00f4 3D010000 		.4byte	.LASF27
 174 00f8 0E       		.sleb128 14
 175 00f9 00       		.byte	0
 176 00fa 07       		.uleb128 0x7
 177 00fb 32000000 		.4byte	.LASF38
 178 00ff 18       		.byte	0x18
 179 0100 05       		.byte	0x5
 180 0101 3A       		.byte	0x3a
 181 0102 AE010000 		.4byte	0x1ae
 182 0106 08       		.uleb128 0x8
 183 0107 3E000000 		.4byte	.LASF28
 184 010b 05       		.byte	0x5
 185 010c 3B       		.byte	0x3b
 186 010d 81000000 		.4byte	0x81
 187 0111 02       		.byte	0x2
 188 0112 23       		.byte	0x23
 189 0113 00       		.uleb128 0
 190 0114 08       		.uleb128 0x8
 191 0115 46010000 		.4byte	.LASF29
 192 0119 05       		.byte	0x5
 193 011a 3C       		.byte	0x3c
 194 011b 81000000 		.4byte	0x81
 195 011f 02       		.byte	0x2
 196 0120 23       		.byte	0x23
 197 0121 02       		.uleb128 0x2
 198 0122 09       		.uleb128 0x9
 199 0123 667700   		.ascii	"fw\000"
 200 0126 05       		.byte	0x5
 201 0127 3D       		.byte	0x3d
 202 0128 81000000 		.4byte	0x81
 203 012c 02       		.byte	0x2
 204 012d 23       		.byte	0x23
 205 012e 04       		.uleb128 0x4
 206 012f 08       		.uleb128 0x8
 207 0130 2A010000 		.4byte	.LASF30
 208 0134 05       		.byte	0x5
 209 0135 3E       		.byte	0x3e
 210 0136 81000000 		.4byte	0x81
 211 013a 02       		.byte	0x2
 212 013b 23       		.byte	0x23
 213 013c 06       		.uleb128 0x6
 214 013d 08       		.uleb128 0x8
 215 013e 6C010000 		.4byte	.LASF31
 216 0142 05       		.byte	0x5
 217 0143 3F       		.byte	0x3f
 218 0144 81000000 		.4byte	0x81
 219 0148 02       		.byte	0x2
 220 0149 23       		.byte	0x23
 221 014a 08       		.uleb128 0x8
ARM GAS  /var/folders/5n/p_75w94d66l9ssrldxqdhh700000gn/T//ccWPWjEG.s 			page 5


 222 014b 08       		.uleb128 0x8
 223 014c 62000000 		.4byte	.LASF32
 224 0150 05       		.byte	0x5
 225 0151 40       		.byte	0x40
 226 0152 81000000 		.4byte	0x81
 227 0156 02       		.byte	0x2
 228 0157 23       		.byte	0x23
 229 0158 0A       		.uleb128 0xa
 230 0159 08       		.uleb128 0x8
 231 015a 23010000 		.4byte	.LASF33
 232 015e 05       		.byte	0x5
 233 015f 41       		.byte	0x41
 234 0160 81000000 		.4byte	0x81
 235 0164 02       		.byte	0x2
 236 0165 23       		.byte	0x23
 237 0166 0C       		.uleb128 0xc
 238 0167 08       		.uleb128 0x8
 239 0168 4C020000 		.4byte	.LASF34
 240 016c 05       		.byte	0x5
 241 016d 42       		.byte	0x42
 242 016e 81000000 		.4byte	0x81
 243 0172 02       		.byte	0x2
 244 0173 23       		.byte	0x23
 245 0174 0E       		.uleb128 0xe
 246 0175 08       		.uleb128 0x8
 247 0176 CE010000 		.4byte	.LASF35
 248 017a 05       		.byte	0x5
 249 017b 43       		.byte	0x43
 250 017c 81000000 		.4byte	0x81
 251 0180 02       		.byte	0x2
 252 0181 23       		.byte	0x23
 253 0182 10       		.uleb128 0x10
 254 0183 08       		.uleb128 0x8
 255 0184 7C010000 		.4byte	.LASF36
 256 0188 05       		.byte	0x5
 257 0189 44       		.byte	0x44
 258 018a 81000000 		.4byte	0x81
 259 018e 02       		.byte	0x2
 260 018f 23       		.byte	0x23
 261 0190 12       		.uleb128 0x12
 262 0191 09       		.uleb128 0x9
 263 0192 65727200 		.ascii	"err\000"
 264 0196 05       		.byte	0x5
 265 0197 45       		.byte	0x45
 266 0198 81000000 		.4byte	0x81
 267 019c 02       		.byte	0x2
 268 019d 23       		.byte	0x23
 269 019e 14       		.uleb128 0x14
 270 019f 08       		.uleb128 0x8
 271 01a0 DF000000 		.4byte	.LASF37
 272 01a4 05       		.byte	0x5
 273 01a5 46       		.byte	0x46
 274 01a6 81000000 		.4byte	0x81
 275 01aa 02       		.byte	0x2
 276 01ab 23       		.byte	0x23
 277 01ac 16       		.uleb128 0x16
 278 01ad 00       		.byte	0
ARM GAS  /var/folders/5n/p_75w94d66l9ssrldxqdhh700000gn/T//ccWPWjEG.s 			page 6


 279 01ae 07       		.uleb128 0x7
 280 01af 58000000 		.4byte	.LASF39
 281 01b3 0A       		.byte	0xa
 282 01b4 05       		.byte	0x5
 283 01b5 5A       		.byte	0x5a
 284 01b6 01020000 		.4byte	0x201
 285 01ba 08       		.uleb128 0x8
 286 01bb 6C020000 		.4byte	.LASF40
 287 01bf 05       		.byte	0x5
 288 01c0 5E       		.byte	0x5e
 289 01c1 8C000000 		.4byte	0x8c
 290 01c5 02       		.byte	0x2
 291 01c6 23       		.byte	0x23
 292 01c7 00       		.uleb128 0
 293 01c8 08       		.uleb128 0x8
 294 01c9 67020000 		.4byte	.LASF41
 295 01cd 05       		.byte	0x5
 296 01ce 5F       		.byte	0x5f
 297 01cf 8C000000 		.4byte	0x8c
 298 01d3 02       		.byte	0x2
 299 01d4 23       		.byte	0x23
 300 01d5 02       		.uleb128 0x2
 301 01d6 09       		.uleb128 0x9
 302 01d7 6D617800 		.ascii	"max\000"
 303 01db 05       		.byte	0x5
 304 01dc 60       		.byte	0x60
 305 01dd 8C000000 		.4byte	0x8c
 306 01e1 02       		.byte	0x2
 307 01e2 23       		.byte	0x23
 308 01e3 04       		.uleb128 0x4
 309 01e4 09       		.uleb128 0x9
 310 01e5 65727200 		.ascii	"err\000"
 311 01e9 05       		.byte	0x5
 312 01ea 61       		.byte	0x61
 313 01eb 81000000 		.4byte	0x81
 314 01ef 02       		.byte	0x2
 315 01f0 23       		.byte	0x23
 316 01f1 06       		.uleb128 0x6
 317 01f2 08       		.uleb128 0x8
 318 01f3 DB010000 		.4byte	.LASF42
 319 01f7 05       		.byte	0x5
 320 01f8 62       		.byte	0x62
 321 01f9 81000000 		.4byte	0x81
 322 01fd 02       		.byte	0x2
 323 01fe 23       		.byte	0x23
 324 01ff 08       		.uleb128 0x8
 325 0200 00       		.byte	0
 326 0201 07       		.uleb128 0x7
 327 0202 1A020000 		.4byte	.LASF43
 328 0206 06       		.byte	0x6
 329 0207 05       		.byte	0x5
 330 0208 65       		.byte	0x65
 331 0209 38020000 		.4byte	0x238
 332 020d 08       		.uleb128 0x8
 333 020e 67020000 		.4byte	.LASF41
 334 0212 05       		.byte	0x5
 335 0213 66       		.byte	0x66
ARM GAS  /var/folders/5n/p_75w94d66l9ssrldxqdhh700000gn/T//ccWPWjEG.s 			page 7


 336 0214 81000000 		.4byte	0x81
 337 0218 02       		.byte	0x2
 338 0219 23       		.byte	0x23
 339 021a 00       		.uleb128 0
 340 021b 09       		.uleb128 0x9
 341 021c 6D617800 		.ascii	"max\000"
 342 0220 05       		.byte	0x5
 343 0221 67       		.byte	0x67
 344 0222 81000000 		.4byte	0x81
 345 0226 02       		.byte	0x2
 346 0227 23       		.byte	0x23
 347 0228 02       		.uleb128 0x2
 348 0229 09       		.uleb128 0x9
 349 022a 65727200 		.ascii	"err\000"
 350 022e 05       		.byte	0x5
 351 022f 68       		.byte	0x68
 352 0230 81000000 		.4byte	0x81
 353 0234 02       		.byte	0x2
 354 0235 23       		.byte	0x23
 355 0236 04       		.uleb128 0x4
 356 0237 00       		.byte	0
 357 0238 07       		.uleb128 0x7
 358 0239 4B010000 		.4byte	.LASF44
 359 023d 12       		.byte	0x12
 360 023e 05       		.byte	0x5
 361 023f 6B       		.byte	0x6b
 362 0240 6F020000 		.4byte	0x26f
 363 0244 09       		.uleb128 0x9
 364 0245 73656D00 		.ascii	"sem\000"
 365 0249 05       		.byte	0x5
 366 024a 6C       		.byte	0x6c
 367 024b 01020000 		.4byte	0x201
 368 024f 02       		.byte	0x2
 369 0250 23       		.byte	0x23
 370 0251 00       		.uleb128 0
 371 0252 08       		.uleb128 0x8
 372 0253 83010000 		.4byte	.LASF45
 373 0257 05       		.byte	0x5
 374 0258 6D       		.byte	0x6d
 375 0259 01020000 		.4byte	0x201
 376 025d 02       		.byte	0x2
 377 025e 23       		.byte	0x23
 378 025f 06       		.uleb128 0x6
 379 0260 08       		.uleb128 0x8
 380 0261 D6010000 		.4byte	.LASF46
 381 0265 05       		.byte	0x5
 382 0266 6E       		.byte	0x6e
 383 0267 01020000 		.4byte	0x201
 384 026b 02       		.byte	0x2
 385 026c 23       		.byte	0x23
 386 026d 0C       		.uleb128 0xc
 387 026e 00       		.byte	0
 388 026f 0A       		.uleb128 0xa
 389 0270 00000000 		.4byte	.LASF47
 390 0274 5001     		.2byte	0x150
 391 0276 05       		.byte	0x5
 392 0277 71       		.byte	0x71
ARM GAS  /var/folders/5n/p_75w94d66l9ssrldxqdhh700000gn/T//ccWPWjEG.s 			page 8


 393 0278 0C030000 		.4byte	0x30c
 394 027c 08       		.uleb128 0x8
 395 027d FC000000 		.4byte	.LASF48
 396 0281 05       		.byte	0x5
 397 0282 73       		.byte	0x73
 398 0283 FA000000 		.4byte	0xfa
 399 0287 02       		.byte	0x2
 400 0288 23       		.byte	0x23
 401 0289 00       		.uleb128 0
 402 028a 08       		.uleb128 0x8
 403 028b 8C020000 		.4byte	.LASF49
 404 028f 05       		.byte	0x5
 405 0290 76       		.byte	0x76
 406 0291 FA000000 		.4byte	0xfa
 407 0295 02       		.byte	0x2
 408 0296 23       		.byte	0x23
 409 0297 18       		.uleb128 0x18
 410 0298 08       		.uleb128 0x8
 411 0299 13000000 		.4byte	.LASF50
 412 029d 05       		.byte	0x5
 413 029e 79       		.byte	0x79
 414 029f FA000000 		.4byte	0xfa
 415 02a3 02       		.byte	0x2
 416 02a4 23       		.byte	0x23
 417 02a5 30       		.uleb128 0x30
 418 02a6 09       		.uleb128 0x9
 419 02a7 697000   		.ascii	"ip\000"
 420 02aa 05       		.byte	0x5
 421 02ab 7C       		.byte	0x7c
 422 02ac FA000000 		.4byte	0xfa
 423 02b0 02       		.byte	0x2
 424 02b1 23       		.byte	0x23
 425 02b2 48       		.uleb128 0x48
 426 02b3 08       		.uleb128 0x8
 427 02b4 AD020000 		.4byte	.LASF51
 428 02b8 05       		.byte	0x5
 429 02b9 7F       		.byte	0x7f
 430 02ba FA000000 		.4byte	0xfa
 431 02be 02       		.byte	0x2
 432 02bf 23       		.byte	0x23
 433 02c0 60       		.uleb128 0x60
 434 02c1 09       		.uleb128 0x9
 435 02c2 75647000 		.ascii	"udp\000"
 436 02c6 05       		.byte	0x5
 437 02c7 85       		.byte	0x85
 438 02c8 FA000000 		.4byte	0xfa
 439 02cc 02       		.byte	0x2
 440 02cd 23       		.byte	0x23
 441 02ce 78       		.uleb128 0x78
 442 02cf 09       		.uleb128 0x9
 443 02d0 74637000 		.ascii	"tcp\000"
 444 02d4 05       		.byte	0x5
 445 02d5 88       		.byte	0x88
 446 02d6 FA000000 		.4byte	0xfa
 447 02da 03       		.byte	0x3
 448 02db 23       		.byte	0x23
 449 02dc 9001     		.uleb128 0x90
ARM GAS  /var/folders/5n/p_75w94d66l9ssrldxqdhh700000gn/T//ccWPWjEG.s 			page 9


 450 02de 09       		.uleb128 0x9
 451 02df 6D656D00 		.ascii	"mem\000"
 452 02e3 05       		.byte	0x5
 453 02e4 8B       		.byte	0x8b
 454 02e5 AE010000 		.4byte	0x1ae
 455 02e9 03       		.byte	0x3
 456 02ea 23       		.byte	0x23
 457 02eb A801     		.uleb128 0xa8
 458 02ed 08       		.uleb128 0x8
 459 02ee 3A020000 		.4byte	.LASF52
 460 02f2 05       		.byte	0x5
 461 02f3 8E       		.byte	0x8e
 462 02f4 0C030000 		.4byte	0x30c
 463 02f8 03       		.byte	0x3
 464 02f9 23       		.byte	0x23
 465 02fa B201     		.uleb128 0xb2
 466 02fc 09       		.uleb128 0x9
 467 02fd 73797300 		.ascii	"sys\000"
 468 0301 05       		.byte	0x5
 469 0302 91       		.byte	0x91
 470 0303 38020000 		.4byte	0x238
 471 0307 03       		.byte	0x3
 472 0308 23       		.byte	0x23
 473 0309 BE02     		.uleb128 0x13e
 474 030b 00       		.byte	0
 475 030c 0B       		.uleb128 0xb
 476 030d AE010000 		.4byte	0x1ae
 477 0311 1C030000 		.4byte	0x31c
 478 0315 0C       		.uleb128 0xc
 479 0316 30000000 		.4byte	0x30
 480 031a 0D       		.byte	0xd
 481 031b 00       		.byte	0
 482 031c 0D       		.uleb128 0xd
 483 031d 01       		.byte	0x1
 484 031e 0F020000 		.4byte	.LASF56
 485 0322 01       		.byte	0x1
 486 0323 33       		.byte	0x33
 487 0324 01       		.byte	0x1
 488 0325 00000000 		.4byte	.LFB7
 489 0329 02000000 		.4byte	.LFE7
 490 032d 02       		.byte	0x2
 491 032e 7D       		.byte	0x7d
 492 032f 00       		.sleb128 0
 493 0330 0E       		.uleb128 0xe
 494 0331 C3010000 		.4byte	.LASF57
 495 0335 01       		.byte	0x1
 496 0336 31       		.byte	0x31
 497 0337 6F020000 		.4byte	0x26f
 498 033b 01       		.byte	0x1
 499 033c 05       		.byte	0x5
 500 033d 03       		.byte	0x3
 501 033e 00000000 		.4byte	lwip_stats
 502 0342 00       		.byte	0
 503              		.section	.debug_abbrev,"",%progbits
 504              	.Ldebug_abbrev0:
 505 0000 01       		.uleb128 0x1
 506 0001 11       		.uleb128 0x11
ARM GAS  /var/folders/5n/p_75w94d66l9ssrldxqdhh700000gn/T//ccWPWjEG.s 			page 10


 507 0002 01       		.byte	0x1
 508 0003 25       		.uleb128 0x25
 509 0004 0E       		.uleb128 0xe
 510 0005 13       		.uleb128 0x13
 511 0006 0B       		.uleb128 0xb
 512 0007 03       		.uleb128 0x3
 513 0008 0E       		.uleb128 0xe
 514 0009 1B       		.uleb128 0x1b
 515 000a 0E       		.uleb128 0xe
 516 000b 11       		.uleb128 0x11
 517 000c 01       		.uleb128 0x1
 518 000d 52       		.uleb128 0x52
 519 000e 01       		.uleb128 0x1
 520 000f 55       		.uleb128 0x55
 521 0010 06       		.uleb128 0x6
 522 0011 10       		.uleb128 0x10
 523 0012 06       		.uleb128 0x6
 524 0013 00       		.byte	0
 525 0014 00       		.byte	0
 526 0015 02       		.uleb128 0x2
 527 0016 24       		.uleb128 0x24
 528 0017 00       		.byte	0
 529 0018 0B       		.uleb128 0xb
 530 0019 0B       		.uleb128 0xb
 531 001a 3E       		.uleb128 0x3e
 532 001b 0B       		.uleb128 0xb
 533 001c 03       		.uleb128 0x3
 534 001d 08       		.uleb128 0x8
 535 001e 00       		.byte	0
 536 001f 00       		.byte	0
 537 0020 03       		.uleb128 0x3
 538 0021 24       		.uleb128 0x24
 539 0022 00       		.byte	0
 540 0023 0B       		.uleb128 0xb
 541 0024 0B       		.uleb128 0xb
 542 0025 3E       		.uleb128 0x3e
 543 0026 0B       		.uleb128 0xb
 544 0027 03       		.uleb128 0x3
 545 0028 0E       		.uleb128 0xe
 546 0029 00       		.byte	0
 547 002a 00       		.byte	0
 548 002b 04       		.uleb128 0x4
 549 002c 16       		.uleb128 0x16
 550 002d 00       		.byte	0
 551 002e 03       		.uleb128 0x3
 552 002f 0E       		.uleb128 0xe
 553 0030 3A       		.uleb128 0x3a
 554 0031 0B       		.uleb128 0xb
 555 0032 3B       		.uleb128 0x3b
 556 0033 0B       		.uleb128 0xb
 557 0034 49       		.uleb128 0x49
 558 0035 13       		.uleb128 0x13
 559 0036 00       		.byte	0
 560 0037 00       		.byte	0
 561 0038 05       		.uleb128 0x5
 562 0039 04       		.uleb128 0x4
 563 003a 01       		.byte	0x1
ARM GAS  /var/folders/5n/p_75w94d66l9ssrldxqdhh700000gn/T//ccWPWjEG.s 			page 11


 564 003b 0B       		.uleb128 0xb
 565 003c 0B       		.uleb128 0xb
 566 003d 3A       		.uleb128 0x3a
 567 003e 0B       		.uleb128 0xb
 568 003f 3B       		.uleb128 0x3b
 569 0040 0B       		.uleb128 0xb
 570 0041 01       		.uleb128 0x1
 571 0042 13       		.uleb128 0x13
 572 0043 00       		.byte	0
 573 0044 00       		.byte	0
 574 0045 06       		.uleb128 0x6
 575 0046 28       		.uleb128 0x28
 576 0047 00       		.byte	0
 577 0048 03       		.uleb128 0x3
 578 0049 0E       		.uleb128 0xe
 579 004a 1C       		.uleb128 0x1c
 580 004b 0D       		.uleb128 0xd
 581 004c 00       		.byte	0
 582 004d 00       		.byte	0
 583 004e 07       		.uleb128 0x7
 584 004f 13       		.uleb128 0x13
 585 0050 01       		.byte	0x1
 586 0051 03       		.uleb128 0x3
 587 0052 0E       		.uleb128 0xe
 588 0053 0B       		.uleb128 0xb
 589 0054 0B       		.uleb128 0xb
 590 0055 3A       		.uleb128 0x3a
 591 0056 0B       		.uleb128 0xb
 592 0057 3B       		.uleb128 0x3b
 593 0058 0B       		.uleb128 0xb
 594 0059 01       		.uleb128 0x1
 595 005a 13       		.uleb128 0x13
 596 005b 00       		.byte	0
 597 005c 00       		.byte	0
 598 005d 08       		.uleb128 0x8
 599 005e 0D       		.uleb128 0xd
 600 005f 00       		.byte	0
 601 0060 03       		.uleb128 0x3
 602 0061 0E       		.uleb128 0xe
 603 0062 3A       		.uleb128 0x3a
 604 0063 0B       		.uleb128 0xb
 605 0064 3B       		.uleb128 0x3b
 606 0065 0B       		.uleb128 0xb
 607 0066 49       		.uleb128 0x49
 608 0067 13       		.uleb128 0x13
 609 0068 38       		.uleb128 0x38
 610 0069 0A       		.uleb128 0xa
 611 006a 00       		.byte	0
 612 006b 00       		.byte	0
 613 006c 09       		.uleb128 0x9
 614 006d 0D       		.uleb128 0xd
 615 006e 00       		.byte	0
 616 006f 03       		.uleb128 0x3
 617 0070 08       		.uleb128 0x8
 618 0071 3A       		.uleb128 0x3a
 619 0072 0B       		.uleb128 0xb
 620 0073 3B       		.uleb128 0x3b
ARM GAS  /var/folders/5n/p_75w94d66l9ssrldxqdhh700000gn/T//ccWPWjEG.s 			page 12


 621 0074 0B       		.uleb128 0xb
 622 0075 49       		.uleb128 0x49
 623 0076 13       		.uleb128 0x13
 624 0077 38       		.uleb128 0x38
 625 0078 0A       		.uleb128 0xa
 626 0079 00       		.byte	0
 627 007a 00       		.byte	0
 628 007b 0A       		.uleb128 0xa
 629 007c 13       		.uleb128 0x13
 630 007d 01       		.byte	0x1
 631 007e 03       		.uleb128 0x3
 632 007f 0E       		.uleb128 0xe
 633 0080 0B       		.uleb128 0xb
 634 0081 05       		.uleb128 0x5
 635 0082 3A       		.uleb128 0x3a
 636 0083 0B       		.uleb128 0xb
 637 0084 3B       		.uleb128 0x3b
 638 0085 0B       		.uleb128 0xb
 639 0086 01       		.uleb128 0x1
 640 0087 13       		.uleb128 0x13
 641 0088 00       		.byte	0
 642 0089 00       		.byte	0
 643 008a 0B       		.uleb128 0xb
 644 008b 01       		.uleb128 0x1
 645 008c 01       		.byte	0x1
 646 008d 49       		.uleb128 0x49
 647 008e 13       		.uleb128 0x13
 648 008f 01       		.uleb128 0x1
 649 0090 13       		.uleb128 0x13
 650 0091 00       		.byte	0
 651 0092 00       		.byte	0
 652 0093 0C       		.uleb128 0xc
 653 0094 21       		.uleb128 0x21
 654 0095 00       		.byte	0
 655 0096 49       		.uleb128 0x49
 656 0097 13       		.uleb128 0x13
 657 0098 2F       		.uleb128 0x2f
 658 0099 0B       		.uleb128 0xb
 659 009a 00       		.byte	0
 660 009b 00       		.byte	0
 661 009c 0D       		.uleb128 0xd
 662 009d 2E       		.uleb128 0x2e
 663 009e 00       		.byte	0
 664 009f 3F       		.uleb128 0x3f
 665 00a0 0C       		.uleb128 0xc
 666 00a1 03       		.uleb128 0x3
 667 00a2 0E       		.uleb128 0xe
 668 00a3 3A       		.uleb128 0x3a
 669 00a4 0B       		.uleb128 0xb
 670 00a5 3B       		.uleb128 0x3b
 671 00a6 0B       		.uleb128 0xb
 672 00a7 27       		.uleb128 0x27
 673 00a8 0C       		.uleb128 0xc
 674 00a9 11       		.uleb128 0x11
 675 00aa 01       		.uleb128 0x1
 676 00ab 12       		.uleb128 0x12
 677 00ac 01       		.uleb128 0x1
ARM GAS  /var/folders/5n/p_75w94d66l9ssrldxqdhh700000gn/T//ccWPWjEG.s 			page 13


 678 00ad 40       		.uleb128 0x40
 679 00ae 0A       		.uleb128 0xa
 680 00af 00       		.byte	0
 681 00b0 00       		.byte	0
 682 00b1 0E       		.uleb128 0xe
 683 00b2 34       		.uleb128 0x34
 684 00b3 00       		.byte	0
 685 00b4 03       		.uleb128 0x3
 686 00b5 0E       		.uleb128 0xe
 687 00b6 3A       		.uleb128 0x3a
 688 00b7 0B       		.uleb128 0xb
 689 00b8 3B       		.uleb128 0x3b
 690 00b9 0B       		.uleb128 0xb
 691 00ba 49       		.uleb128 0x49
 692 00bb 13       		.uleb128 0x13
 693 00bc 3F       		.uleb128 0x3f
 694 00bd 0C       		.uleb128 0xc
 695 00be 02       		.uleb128 0x2
 696 00bf 0A       		.uleb128 0xa
 697 00c0 00       		.byte	0
 698 00c1 00       		.byte	0
 699 00c2 00       		.byte	0
 700              		.section	.debug_aranges,"",%progbits
 701 0000 1C000000 		.4byte	0x1c
 702 0004 0200     		.2byte	0x2
 703 0006 00000000 		.4byte	.Ldebug_info0
 704 000a 04       		.byte	0x4
 705 000b 00       		.byte	0
 706 000c 0000     		.2byte	0
 707 000e 0000     		.2byte	0
 708 0010 00000000 		.4byte	.LFB7
 709 0014 02000000 		.4byte	.LFE7-.LFB7
 710 0018 00000000 		.4byte	0
 711 001c 00000000 		.4byte	0
 712              		.section	.debug_ranges,"",%progbits
 713              	.Ldebug_ranges0:
 714 0000 00000000 		.4byte	.LFB7
 715 0004 02000000 		.4byte	.LFE7
 716 0008 00000000 		.4byte	0
 717 000c 00000000 		.4byte	0
 718              		.section	.debug_line,"",%progbits
 719              	.Ldebug_line0:
 720 0000 14010000 		.section	.debug_str,"MS",%progbits,1
 720      0200FC00 
 720      00000201 
 720      FB0E0D00 
 720      01010101 
 721              	.LASF47:
 722 0000 73746174 		.ascii	"stats_\000"
 722      735F00
 723              	.LASF1:
 724 0007 7369676E 		.ascii	"signed char\000"
 724      65642063 
 724      68617200 
 725              	.LASF50:
 726 0013 69705F66 		.ascii	"ip_frag\000"
 726      72616700 
ARM GAS  /var/folders/5n/p_75w94d66l9ssrldxqdhh700000gn/T//ccWPWjEG.s 			page 14


 727              	.LASF3:
 728 001b 73686F72 		.ascii	"short int\000"
 728      7420696E 
 728      7400
 729              	.LASF17:
 730 0025 4D454D50 		.ascii	"MEMP_TCP_SEG\000"
 730      5F544350 
 730      5F534547 
 730      00
 731              	.LASF38:
 732 0032 73746174 		.ascii	"stats_proto\000"
 732      735F7072 
 732      6F746F00 
 733              	.LASF28:
 734 003e 786D6974 		.ascii	"xmit\000"
 734      00
 735              	.LASF23:
 736 0043 4D454D50 		.ascii	"MEMP_TCPIP_MSG_INPKT\000"
 736      5F544350 
 736      49505F4D 
 736      53475F49 
 736      4E504B54 
 737              	.LASF39:
 738 0058 73746174 		.ascii	"stats_mem\000"
 738      735F6D65 
 738      6D00
 739              	.LASF32:
 740 0062 6C656E65 		.ascii	"lenerr\000"
 740      727200
 741              	.LASF24:
 742 0069 4D454D50 		.ascii	"MEMP_SYS_TIMEOUT\000"
 742      5F535953 
 742      5F54494D 
 742      454F5554 
 742      00
 743              	.LASF19:
 744 007a 4D454D50 		.ascii	"MEMP_FRAG_PBUF\000"
 744      5F465241 
 744      475F5042 
 744      554600
 745              	.LASF55:
 746 0089 2F557365 		.ascii	"/Users/sin/Documents/Eclipse/Workspace/mabl-ChibiOS"
 746      72732F73 
 746      696E2F44 
 746      6F63756D 
 746      656E7473 
 747 00bc 2D322E35 		.ascii	"-2.5.1/demos/ARMCM4-STM32F407-LWIP\000"
 747      2E312F64 
 747      656D6F73 
 747      2F41524D 
 747      434D342D 
 748              	.LASF37:
 749 00df 63616368 		.ascii	"cachehit\000"
 749      65686974 
 749      00
 750              	.LASF16:
 751 00e8 4D454D50 		.ascii	"MEMP_TCP_PCB_LISTEN\000"
ARM GAS  /var/folders/5n/p_75w94d66l9ssrldxqdhh700000gn/T//ccWPWjEG.s 			page 15


 751      5F544350 
 751      5F504342 
 751      5F4C4953 
 751      54454E00 
 752              	.LASF48:
 753 00fc 6C696E6B 		.ascii	"link\000"
 753      00
 754              	.LASF7:
 755 0101 6C6F6E67 		.ascii	"long long int\000"
 755      206C6F6E 
 755      6720696E 
 755      7400
 756              	.LASF5:
 757 010f 6C6F6E67 		.ascii	"long int\000"
 757      20696E74 
 757      00
 758              	.LASF12:
 759 0118 6D656D5F 		.ascii	"mem_size_t\000"
 759      73697A65 
 759      5F7400
 760              	.LASF33:
 761 0123 6D656D65 		.ascii	"memerr\000"
 761      727200
 762              	.LASF30:
 763 012a 64726F70 		.ascii	"drop\000"
 763      00
 764              	.LASF2:
 765 012f 756E7369 		.ascii	"unsigned char\000"
 765      676E6564 
 765      20636861 
 765      7200
 766              	.LASF27:
 767 013d 4D454D50 		.ascii	"MEMP_MAX\000"
 767      5F4D4158 
 767      00
 768              	.LASF29:
 769 0146 72656376 		.ascii	"recv\000"
 769      00
 770              	.LASF44:
 771 014b 73746174 		.ascii	"stats_sys\000"
 771      735F7379 
 771      7300
 772              	.LASF8:
 773 0155 6C6F6E67 		.ascii	"long long unsigned int\000"
 773      206C6F6E 
 773      6720756E 
 773      7369676E 
 773      65642069 
 774              	.LASF31:
 775 016c 63686B65 		.ascii	"chkerr\000"
 775      727200
 776              	.LASF10:
 777 0173 75696E74 		.ascii	"uint16_t\000"
 777      31365F74 
 777      00
 778              	.LASF36:
 779 017c 6F707465 		.ascii	"opterr\000"
ARM GAS  /var/folders/5n/p_75w94d66l9ssrldxqdhh700000gn/T//ccWPWjEG.s 			page 16


 779      727200
 780              	.LASF45:
 781 0183 6D757465 		.ascii	"mutex\000"
 781      7800
 782              	.LASF4:
 783 0189 73686F72 		.ascii	"short unsigned int\000"
 783      7420756E 
 783      7369676E 
 783      65642069 
 783      6E7400
 784              	.LASF18:
 785 019c 4D454D50 		.ascii	"MEMP_REASSDATA\000"
 785      5F524541 
 785      53534441 
 785      544100
 786              	.LASF9:
 787 01ab 63686172 		.ascii	"char\000"
 787      00
 788              	.LASF22:
 789 01b0 4D454D50 		.ascii	"MEMP_TCPIP_MSG_API\000"
 789      5F544350 
 789      49505F4D 
 789      53475F41 
 789      504900
 790              	.LASF57:
 791 01c3 6C776970 		.ascii	"lwip_stats\000"
 791      5F737461 
 791      747300
 792              	.LASF35:
 793 01ce 70726F74 		.ascii	"proterr\000"
 793      65727200 
 794              	.LASF46:
 795 01d6 6D626F78 		.ascii	"mbox\000"
 795      00
 796              	.LASF42:
 797 01db 696C6C65 		.ascii	"illegal\000"
 797      67616C00 
 798              	.LASF25:
 799 01e3 4D454D50 		.ascii	"MEMP_PBUF\000"
 799      5F504255 
 799      4600
 800              	.LASF53:
 801 01ed 474E5520 		.ascii	"GNU C 4.6.2 20111004 (prerelease)\000"
 801      4320342E 
 801      362E3220 
 801      32303131 
 801      31303034 
 802              	.LASF56:
 803 020f 73746174 		.ascii	"stats_init\000"
 803      735F696E 
 803      697400
 804              	.LASF43:
 805 021a 73746174 		.ascii	"stats_syselem\000"
 805      735F7379 
 805      73656C65 
 805      6D00
 806              	.LASF6:
ARM GAS  /var/folders/5n/p_75w94d66l9ssrldxqdhh700000gn/T//ccWPWjEG.s 			page 17


 807 0228 6C6F6E67 		.ascii	"long unsigned int\000"
 807      20756E73 
 807      69676E65 
 807      6420696E 
 807      7400
 808              	.LASF52:
 809 023a 6D656D70 		.ascii	"memp\000"
 809      00
 810              	.LASF13:
 811 023f 4D454D50 		.ascii	"MEMP_RAW_PCB\000"
 811      5F524157 
 811      5F504342 
 811      00
 812              	.LASF34:
 813 024c 72746572 		.ascii	"rterr\000"
 813      7200
 814              	.LASF11:
 815 0252 7531365F 		.ascii	"u16_t\000"
 815      7400
 816              	.LASF26:
 817 0258 4D454D50 		.ascii	"MEMP_PBUF_POOL\000"
 817      5F504255 
 817      465F504F 
 817      4F4C00
 818              	.LASF41:
 819 0267 75736564 		.ascii	"used\000"
 819      00
 820              	.LASF40:
 821 026c 61766169 		.ascii	"avail\000"
 821      6C00
 822              	.LASF21:
 823 0272 4D454D50 		.ascii	"MEMP_NETCONN\000"
 823      5F4E4554 
 823      434F4E4E 
 823      00
 824              	.LASF15:
 825 027f 4D454D50 		.ascii	"MEMP_TCP_PCB\000"
 825      5F544350 
 825      5F504342 
 825      00
 826              	.LASF49:
 827 028c 65746861 		.ascii	"etharp\000"
 827      727000
 828              	.LASF14:
 829 0293 4D454D50 		.ascii	"MEMP_UDP_PCB\000"
 829      5F554450 
 829      5F504342 
 829      00
 830              	.LASF0:
 831 02a0 756E7369 		.ascii	"unsigned int\000"
 831      676E6564 
 831      20696E74 
 831      00
 832              	.LASF51:
 833 02ad 69636D70 		.ascii	"icmp\000"
 833      00
 834              	.LASF54:
ARM GAS  /var/folders/5n/p_75w94d66l9ssrldxqdhh700000gn/T//ccWPWjEG.s 			page 18


 835 02b2 2E2E2F2E 		.ascii	"../../ext/lwip/src/core/stats.c\000"
 835      2E2F6578 
 835      742F6C77 
 835      69702F73 
 835      72632F63 
 836              	.LASF20:
 837 02d2 4D454D50 		.ascii	"MEMP_NETBUF\000"
 837      5F4E4554 
 837      42554600 
 838              		.ident	"GCC: (Linaro GCC 4.6-2011.10) 4.6.2 20111004 (prerelease)"
ARM GAS  /var/folders/5n/p_75w94d66l9ssrldxqdhh700000gn/T//ccWPWjEG.s 			page 19


DEFINED SYMBOLS
                            *ABS*:0000000000000000 stats.c
/var/folders/5n/p_75w94d66l9ssrldxqdhh700000gn/T//ccWPWjEG.s:18     .text.stats_init:0000000000000000 $t
/var/folders/5n/p_75w94d66l9ssrldxqdhh700000gn/T//ccWPWjEG.s:24     .text.stats_init:0000000000000000 stats_init
/var/folders/5n/p_75w94d66l9ssrldxqdhh700000gn/T//ccWPWjEG.s:42     .bss.lwip_stats:0000000000000000 lwip_stats
/var/folders/5n/p_75w94d66l9ssrldxqdhh700000gn/T//ccWPWjEG.s:39     .bss.lwip_stats:0000000000000000 $d
                     .debug_frame:0000000000000010 $d

NO UNDEFINED SYMBOLS
