ARM GAS  /var/folders/5n/p_75w94d66l9ssrldxqdhh700000gn/T//ccaSZl3r.s 			page 1


   1              		.syntax unified
   2              		.cpu cortex-m4
   3              		.fpu softvfp
   4              		.eabi_attribute 20, 1
   5              		.eabi_attribute 21, 1
   6              		.eabi_attribute 23, 3
   7              		.eabi_attribute 24, 1
   8              		.eabi_attribute 25, 1
   9              		.eabi_attribute 26, 1
  10              		.eabi_attribute 30, 2
  11              		.eabi_attribute 18, 4
  12              		.thumb
  13              		.file	"vectors.c"
  14              		.text
  15              	.Ltext0:
  16              		.cfi_sections	.debug_frame
  17              		.section	.text._unhandled_exception,"ax",%progbits
  18              		.align	2
  19              		.p2align 4,,15
  20              		.global	_unhandled_exception
  21              		.thumb
  22              		.thumb_func
  23              		.type	_unhandled_exception, %function
  24              	_unhandled_exception:
  25              	.LFB7:
  26              		.file 1 "../../os/ports/GCC/ARMCMx/STM32F4xx/vectors.c"
  27              		.loc 1 178 0
  28              		.cfi_startproc
  29              		@ Naked Function: prologue and epilogue provided by programmer.
  30              		@ Volatile: function does not return.
  31              		@ args = 0, pretend = 0, frame = 0
  32              		@ frame_needed = 0, uses_anonymous_args = 0
  33              	.L2:
  34 0000 FEE7     		b	.L2
  35              		.cfi_endproc
  36              	.LFE7:
  37              		.size	_unhandled_exception, .-_unhandled_exception
  38              		.global	_vectors
  39              		.weak	NMIVector
  40              		.thumb_set NMIVector,_unhandled_exception
  41              		.weak	HardFaultVector
  42              		.thumb_set HardFaultVector,_unhandled_exception
  43              		.weak	MemManageVector
  44              		.thumb_set MemManageVector,_unhandled_exception
  45              		.weak	BusFaultVector
  46              		.thumb_set BusFaultVector,_unhandled_exception
  47              		.weak	UsageFaultVector
  48              		.thumb_set UsageFaultVector,_unhandled_exception
  49              		.weak	Vector1C
  50              		.thumb_set Vector1C,_unhandled_exception
  51              		.weak	Vector20
  52              		.thumb_set Vector20,_unhandled_exception
  53              		.weak	Vector24
  54              		.thumb_set Vector24,_unhandled_exception
  55              		.weak	Vector28
  56              		.thumb_set Vector28,_unhandled_exception
  57              		.weak	SVCallVector
ARM GAS  /var/folders/5n/p_75w94d66l9ssrldxqdhh700000gn/T//ccaSZl3r.s 			page 2


  58              		.thumb_set SVCallVector,_unhandled_exception
  59              		.weak	DebugMonitorVector
  60              		.thumb_set DebugMonitorVector,_unhandled_exception
  61              		.weak	Vector34
  62              		.thumb_set Vector34,_unhandled_exception
  63              		.weak	PendSVVector
  64              		.thumb_set PendSVVector,_unhandled_exception
  65              		.weak	SysTickVector
  66              		.thumb_set SysTickVector,_unhandled_exception
  67              		.weak	Vector40
  68              		.thumb_set Vector40,_unhandled_exception
  69              		.weak	Vector44
  70              		.thumb_set Vector44,_unhandled_exception
  71              		.weak	Vector48
  72              		.thumb_set Vector48,_unhandled_exception
  73              		.weak	Vector4C
  74              		.thumb_set Vector4C,_unhandled_exception
  75              		.weak	Vector50
  76              		.thumb_set Vector50,_unhandled_exception
  77              		.weak	Vector54
  78              		.thumb_set Vector54,_unhandled_exception
  79              		.weak	Vector58
  80              		.thumb_set Vector58,_unhandled_exception
  81              		.weak	Vector5C
  82              		.thumb_set Vector5C,_unhandled_exception
  83              		.weak	Vector60
  84              		.thumb_set Vector60,_unhandled_exception
  85              		.weak	Vector64
  86              		.thumb_set Vector64,_unhandled_exception
  87              		.weak	Vector68
  88              		.thumb_set Vector68,_unhandled_exception
  89              		.weak	Vector6C
  90              		.thumb_set Vector6C,_unhandled_exception
  91              		.weak	Vector70
  92              		.thumb_set Vector70,_unhandled_exception
  93              		.weak	Vector74
  94              		.thumb_set Vector74,_unhandled_exception
  95              		.weak	Vector78
  96              		.thumb_set Vector78,_unhandled_exception
  97              		.weak	Vector7C
  98              		.thumb_set Vector7C,_unhandled_exception
  99              		.weak	Vector80
 100              		.thumb_set Vector80,_unhandled_exception
 101              		.weak	Vector84
 102              		.thumb_set Vector84,_unhandled_exception
 103              		.weak	Vector88
 104              		.thumb_set Vector88,_unhandled_exception
 105              		.weak	Vector8C
 106              		.thumb_set Vector8C,_unhandled_exception
 107              		.weak	Vector90
 108              		.thumb_set Vector90,_unhandled_exception
 109              		.weak	Vector94
 110              		.thumb_set Vector94,_unhandled_exception
 111              		.weak	Vector98
 112              		.thumb_set Vector98,_unhandled_exception
 113              		.weak	Vector9C
 114              		.thumb_set Vector9C,_unhandled_exception
ARM GAS  /var/folders/5n/p_75w94d66l9ssrldxqdhh700000gn/T//ccaSZl3r.s 			page 3


 115              		.weak	VectorA0
 116              		.thumb_set VectorA0,_unhandled_exception
 117              		.weak	VectorA4
 118              		.thumb_set VectorA4,_unhandled_exception
 119              		.weak	VectorA8
 120              		.thumb_set VectorA8,_unhandled_exception
 121              		.weak	VectorAC
 122              		.thumb_set VectorAC,_unhandled_exception
 123              		.weak	VectorB0
 124              		.thumb_set VectorB0,_unhandled_exception
 125              		.weak	VectorB4
 126              		.thumb_set VectorB4,_unhandled_exception
 127              		.weak	VectorB8
 128              		.thumb_set VectorB8,_unhandled_exception
 129              		.weak	VectorBC
 130              		.thumb_set VectorBC,_unhandled_exception
 131              		.weak	VectorC0
 132              		.thumb_set VectorC0,_unhandled_exception
 133              		.weak	VectorC4
 134              		.thumb_set VectorC4,_unhandled_exception
 135              		.weak	VectorC8
 136              		.thumb_set VectorC8,_unhandled_exception
 137              		.weak	VectorCC
 138              		.thumb_set VectorCC,_unhandled_exception
 139              		.weak	VectorD0
 140              		.thumb_set VectorD0,_unhandled_exception
 141              		.weak	VectorD4
 142              		.thumb_set VectorD4,_unhandled_exception
 143              		.weak	VectorD8
 144              		.thumb_set VectorD8,_unhandled_exception
 145              		.weak	VectorDC
 146              		.thumb_set VectorDC,_unhandled_exception
 147              		.weak	VectorE0
 148              		.thumb_set VectorE0,_unhandled_exception
 149              		.weak	VectorE4
 150              		.thumb_set VectorE4,_unhandled_exception
 151              		.weak	VectorE8
 152              		.thumb_set VectorE8,_unhandled_exception
 153              		.weak	VectorEC
 154              		.thumb_set VectorEC,_unhandled_exception
 155              		.weak	VectorF0
 156              		.thumb_set VectorF0,_unhandled_exception
 157              		.weak	VectorF4
 158              		.thumb_set VectorF4,_unhandled_exception
 159              		.weak	VectorF8
 160              		.thumb_set VectorF8,_unhandled_exception
 161              		.weak	VectorFC
 162              		.thumb_set VectorFC,_unhandled_exception
 163              		.weak	Vector100
 164              		.thumb_set Vector100,_unhandled_exception
 165              		.weak	Vector104
 166              		.thumb_set Vector104,_unhandled_exception
 167              		.weak	Vector108
 168              		.thumb_set Vector108,_unhandled_exception
 169              		.weak	Vector10C
 170              		.thumb_set Vector10C,_unhandled_exception
 171              		.weak	Vector110
ARM GAS  /var/folders/5n/p_75w94d66l9ssrldxqdhh700000gn/T//ccaSZl3r.s 			page 4


 172              		.thumb_set Vector110,_unhandled_exception
 173              		.weak	Vector114
 174              		.thumb_set Vector114,_unhandled_exception
 175              		.weak	Vector118
 176              		.thumb_set Vector118,_unhandled_exception
 177              		.weak	Vector11C
 178              		.thumb_set Vector11C,_unhandled_exception
 179              		.weak	Vector120
 180              		.thumb_set Vector120,_unhandled_exception
 181              		.weak	Vector124
 182              		.thumb_set Vector124,_unhandled_exception
 183              		.weak	Vector128
 184              		.thumb_set Vector128,_unhandled_exception
 185              		.weak	Vector12C
 186              		.thumb_set Vector12C,_unhandled_exception
 187              		.weak	Vector130
 188              		.thumb_set Vector130,_unhandled_exception
 189              		.weak	Vector134
 190              		.thumb_set Vector134,_unhandled_exception
 191              		.weak	Vector138
 192              		.thumb_set Vector138,_unhandled_exception
 193              		.weak	Vector13C
 194              		.thumb_set Vector13C,_unhandled_exception
 195              		.weak	Vector140
 196              		.thumb_set Vector140,_unhandled_exception
 197              		.weak	Vector144
 198              		.thumb_set Vector144,_unhandled_exception
 199              		.weak	Vector148
 200              		.thumb_set Vector148,_unhandled_exception
 201              		.weak	Vector14C
 202              		.thumb_set Vector14C,_unhandled_exception
 203              		.weak	Vector150
 204              		.thumb_set Vector150,_unhandled_exception
 205              		.weak	Vector154
 206              		.thumb_set Vector154,_unhandled_exception
 207              		.weak	Vector158
 208              		.thumb_set Vector158,_unhandled_exception
 209              		.weak	Vector15C
 210              		.thumb_set Vector15C,_unhandled_exception
 211              		.weak	Vector160
 212              		.thumb_set Vector160,_unhandled_exception
 213              		.weak	Vector164
 214              		.thumb_set Vector164,_unhandled_exception
 215              		.weak	Vector168
 216              		.thumb_set Vector168,_unhandled_exception
 217              		.weak	Vector16C
 218              		.thumb_set Vector16C,_unhandled_exception
 219              		.weak	Vector170
 220              		.thumb_set Vector170,_unhandled_exception
 221              		.weak	Vector174
 222              		.thumb_set Vector174,_unhandled_exception
 223              		.weak	Vector178
 224              		.thumb_set Vector178,_unhandled_exception
 225              		.weak	Vector17C
 226              		.thumb_set Vector17C,_unhandled_exception
 227              		.weak	Vector180
 228              		.thumb_set Vector180,_unhandled_exception
ARM GAS  /var/folders/5n/p_75w94d66l9ssrldxqdhh700000gn/T//ccaSZl3r.s 			page 5


 229              		.weak	Vector184
 230              		.thumb_set Vector184,_unhandled_exception
 231 0002 00BFAFF3 		.section	vectors,"aw",%progbits
 231      0080AFF3 
 231      0080AFF3 
 231      0080
 232              		.align	2
 233              		.type	_vectors, %object
 234              		.size	_vectors, 392
 235              	_vectors:
 236 0000 00000000 		.word	__main_stack_end__
 237 0004 00000000 		.word	ResetHandler
 238 0008 00000000 		.word	NMIVector
 239 000c 00000000 		.word	HardFaultVector
 240 0010 00000000 		.word	MemManageVector
 241 0014 00000000 		.word	BusFaultVector
 242 0018 00000000 		.word	UsageFaultVector
 243 001c 00000000 		.word	Vector1C
 244 0020 00000000 		.word	Vector20
 245 0024 00000000 		.word	Vector24
 246 0028 00000000 		.word	Vector28
 247 002c 00000000 		.word	SVCallVector
 248 0030 00000000 		.word	DebugMonitorVector
 249 0034 00000000 		.word	Vector34
 250 0038 00000000 		.word	PendSVVector
 251 003c 00000000 		.word	SysTickVector
 252 0040 00000000 		.word	Vector40
 253 0044 00000000 		.word	Vector44
 254 0048 00000000 		.word	Vector48
 255 004c 00000000 		.word	Vector4C
 256 0050 00000000 		.word	Vector50
 257 0054 00000000 		.word	Vector54
 258 0058 00000000 		.word	Vector58
 259 005c 00000000 		.word	Vector5C
 260 0060 00000000 		.word	Vector60
 261 0064 00000000 		.word	Vector64
 262 0068 00000000 		.word	Vector68
 263 006c 00000000 		.word	Vector6C
 264 0070 00000000 		.word	Vector70
 265 0074 00000000 		.word	Vector74
 266 0078 00000000 		.word	Vector78
 267 007c 00000000 		.word	Vector7C
 268 0080 00000000 		.word	Vector80
 269 0084 00000000 		.word	Vector84
 270 0088 00000000 		.word	Vector88
 271 008c 00000000 		.word	Vector8C
 272 0090 00000000 		.word	Vector90
 273 0094 00000000 		.word	Vector94
 274 0098 00000000 		.word	Vector98
 275 009c 00000000 		.word	Vector9C
 276 00a0 00000000 		.word	VectorA0
 277 00a4 00000000 		.word	VectorA4
 278 00a8 00000000 		.word	VectorA8
 279 00ac 00000000 		.word	VectorAC
 280 00b0 00000000 		.word	VectorB0
 281 00b4 00000000 		.word	VectorB4
 282 00b8 00000000 		.word	VectorB8
ARM GAS  /var/folders/5n/p_75w94d66l9ssrldxqdhh700000gn/T//ccaSZl3r.s 			page 6


 283 00bc 00000000 		.word	VectorBC
 284 00c0 00000000 		.word	VectorC0
 285 00c4 00000000 		.word	VectorC4
 286 00c8 00000000 		.word	VectorC8
 287 00cc 00000000 		.word	VectorCC
 288 00d0 00000000 		.word	VectorD0
 289 00d4 00000000 		.word	VectorD4
 290 00d8 00000000 		.word	VectorD8
 291 00dc 00000000 		.word	VectorDC
 292 00e0 00000000 		.word	VectorE0
 293 00e4 00000000 		.word	VectorE4
 294 00e8 00000000 		.word	VectorE8
 295 00ec 00000000 		.word	VectorEC
 296 00f0 00000000 		.word	VectorF0
 297 00f4 00000000 		.word	VectorF4
 298 00f8 00000000 		.word	VectorF8
 299 00fc 00000000 		.word	VectorFC
 300 0100 00000000 		.word	Vector100
 301 0104 00000000 		.word	Vector104
 302 0108 00000000 		.word	Vector108
 303 010c 00000000 		.word	Vector10C
 304 0110 00000000 		.word	Vector110
 305 0114 00000000 		.word	Vector114
 306 0118 00000000 		.word	Vector118
 307 011c 00000000 		.word	Vector11C
 308 0120 00000000 		.word	Vector120
 309 0124 00000000 		.word	Vector124
 310 0128 00000000 		.word	Vector128
 311 012c 00000000 		.word	Vector12C
 312 0130 00000000 		.word	Vector130
 313 0134 00000000 		.word	Vector134
 314 0138 00000000 		.word	Vector138
 315 013c 00000000 		.word	Vector13C
 316 0140 00000000 		.word	Vector140
 317 0144 00000000 		.word	Vector144
 318 0148 00000000 		.word	Vector148
 319 014c 00000000 		.word	Vector14C
 320 0150 00000000 		.word	Vector150
 321 0154 00000000 		.word	Vector154
 322 0158 00000000 		.word	Vector158
 323 015c 00000000 		.word	Vector15C
 324 0160 00000000 		.word	Vector160
 325 0164 00000000 		.word	Vector164
 326 0168 00000000 		.word	Vector168
 327 016c 00000000 		.word	Vector16C
 328 0170 00000000 		.word	Vector170
 329 0174 00000000 		.word	Vector174
 330 0178 00000000 		.word	Vector178
 331 017c 00000000 		.word	Vector17C
 332 0180 00000000 		.word	Vector180
 333 0184 00000000 		.word	Vector184
 334              		.text
 335              	.Letext0:
 336              		.section	.debug_info,"",%progbits
 337              	.Ldebug_info0:
 338 0000 B1000000 		.4byte	0xb1
 339 0004 0200     		.2byte	0x2
ARM GAS  /var/folders/5n/p_75w94d66l9ssrldxqdhh700000gn/T//ccaSZl3r.s 			page 7


 340 0006 00000000 		.4byte	.Ldebug_abbrev0
 341 000a 04       		.byte	0x4
 342 000b 01       		.uleb128 0x1
 343 000c 71000000 		.4byte	.LASF10
 344 0010 01       		.byte	0x1
 345 0011 BC000000 		.4byte	.LASF11
 346 0015 1B000000 		.4byte	.LASF12
 347 0019 00000000 		.4byte	0
 348 001d 00000000 		.4byte	0
 349 0021 00000000 		.4byte	.Ldebug_ranges0+0
 350 0025 00000000 		.4byte	.Ldebug_line0
 351 0029 02       		.uleb128 0x2
 352 002a 04       		.byte	0x4
 353 002b 05       		.byte	0x5
 354 002c 696E7400 		.ascii	"int\000"
 355 0030 03       		.uleb128 0x3
 356 0031 04       		.byte	0x4
 357 0032 07       		.byte	0x7
 358 0033 0E000000 		.4byte	.LASF0
 359 0037 03       		.uleb128 0x3
 360 0038 01       		.byte	0x1
 361 0039 06       		.byte	0x6
 362 003a 22010000 		.4byte	.LASF1
 363 003e 03       		.uleb128 0x3
 364 003f 01       		.byte	0x1
 365 0040 08       		.byte	0x8
 366 0041 EA000000 		.4byte	.LASF2
 367 0045 03       		.uleb128 0x3
 368 0046 02       		.byte	0x2
 369 0047 05       		.byte	0x5
 370 0048 43010000 		.4byte	.LASF3
 371 004c 03       		.uleb128 0x3
 372 004d 02       		.byte	0x2
 373 004e 07       		.byte	0x7
 374 004f 0F010000 		.4byte	.LASF4
 375 0053 03       		.uleb128 0x3
 376 0054 04       		.byte	0x4
 377 0055 05       		.byte	0x5
 378 0056 FD000000 		.4byte	.LASF5
 379 005a 03       		.uleb128 0x3
 380 005b 04       		.byte	0x4
 381 005c 07       		.byte	0x7
 382 005d 93000000 		.4byte	.LASF6
 383 0061 03       		.uleb128 0x3
 384 0062 08       		.byte	0x8
 385 0063 05       		.byte	0x5
 386 0064 00000000 		.4byte	.LASF7
 387 0068 03       		.uleb128 0x3
 388 0069 08       		.byte	0x8
 389 006a 07       		.byte	0x7
 390 006b A5000000 		.4byte	.LASF8
 391 006f 03       		.uleb128 0x3
 392 0070 01       		.byte	0x1
 393 0071 08       		.byte	0x8
 394 0072 F8000000 		.4byte	.LASF9
 395 0076 04       		.uleb128 0x4
 396 0077 01       		.byte	0x1
ARM GAS  /var/folders/5n/p_75w94d66l9ssrldxqdhh700000gn/T//ccaSZl3r.s 			page 8


 397 0078 2E010000 		.4byte	.LASF13
 398 007c 01       		.byte	0x1
 399 007d B2       		.byte	0xb2
 400 007e 01       		.byte	0x1
 401 007f 00000000 		.4byte	.LFB7
 402 0083 02000000 		.4byte	.LFE7
 403 0087 02       		.byte	0x2
 404 0088 7D       		.byte	0x7d
 405 0089 00       		.sleb128 0
 406 008a 05       		.uleb128 0x5
 407 008b 9C000000 		.4byte	0x9c
 408 008f 9A000000 		.4byte	0x9a
 409 0093 06       		.uleb128 0x6
 410 0094 30000000 		.4byte	0x30
 411 0098 61       		.byte	0x61
 412 0099 00       		.byte	0
 413 009a 07       		.uleb128 0x7
 414 009b 01       		.byte	0x1
 415 009c 08       		.uleb128 0x8
 416 009d 04       		.byte	0x4
 417 009e 9A000000 		.4byte	0x9a
 418 00a2 09       		.uleb128 0x9
 419 00a3 06010000 		.4byte	.LASF14
 420 00a7 01       		.byte	0x1
 421 00a8 8C       		.byte	0x8c
 422 00a9 8A000000 		.4byte	0x8a
 423 00ad 01       		.byte	0x1
 424 00ae 05       		.byte	0x5
 425 00af 03       		.byte	0x3
 426 00b0 00000000 		.4byte	_vectors
 427 00b4 00       		.byte	0
 428              		.section	.debug_abbrev,"",%progbits
 429              	.Ldebug_abbrev0:
 430 0000 01       		.uleb128 0x1
 431 0001 11       		.uleb128 0x11
 432 0002 01       		.byte	0x1
 433 0003 25       		.uleb128 0x25
 434 0004 0E       		.uleb128 0xe
 435 0005 13       		.uleb128 0x13
 436 0006 0B       		.uleb128 0xb
 437 0007 03       		.uleb128 0x3
 438 0008 0E       		.uleb128 0xe
 439 0009 1B       		.uleb128 0x1b
 440 000a 0E       		.uleb128 0xe
 441 000b 11       		.uleb128 0x11
 442 000c 01       		.uleb128 0x1
 443 000d 52       		.uleb128 0x52
 444 000e 01       		.uleb128 0x1
 445 000f 55       		.uleb128 0x55
 446 0010 06       		.uleb128 0x6
 447 0011 10       		.uleb128 0x10
 448 0012 06       		.uleb128 0x6
 449 0013 00       		.byte	0
 450 0014 00       		.byte	0
 451 0015 02       		.uleb128 0x2
 452 0016 24       		.uleb128 0x24
 453 0017 00       		.byte	0
ARM GAS  /var/folders/5n/p_75w94d66l9ssrldxqdhh700000gn/T//ccaSZl3r.s 			page 9


 454 0018 0B       		.uleb128 0xb
 455 0019 0B       		.uleb128 0xb
 456 001a 3E       		.uleb128 0x3e
 457 001b 0B       		.uleb128 0xb
 458 001c 03       		.uleb128 0x3
 459 001d 08       		.uleb128 0x8
 460 001e 00       		.byte	0
 461 001f 00       		.byte	0
 462 0020 03       		.uleb128 0x3
 463 0021 24       		.uleb128 0x24
 464 0022 00       		.byte	0
 465 0023 0B       		.uleb128 0xb
 466 0024 0B       		.uleb128 0xb
 467 0025 3E       		.uleb128 0x3e
 468 0026 0B       		.uleb128 0xb
 469 0027 03       		.uleb128 0x3
 470 0028 0E       		.uleb128 0xe
 471 0029 00       		.byte	0
 472 002a 00       		.byte	0
 473 002b 04       		.uleb128 0x4
 474 002c 2E       		.uleb128 0x2e
 475 002d 00       		.byte	0
 476 002e 3F       		.uleb128 0x3f
 477 002f 0C       		.uleb128 0xc
 478 0030 03       		.uleb128 0x3
 479 0031 0E       		.uleb128 0xe
 480 0032 3A       		.uleb128 0x3a
 481 0033 0B       		.uleb128 0xb
 482 0034 3B       		.uleb128 0x3b
 483 0035 0B       		.uleb128 0xb
 484 0036 27       		.uleb128 0x27
 485 0037 0C       		.uleb128 0xc
 486 0038 11       		.uleb128 0x11
 487 0039 01       		.uleb128 0x1
 488 003a 12       		.uleb128 0x12
 489 003b 01       		.uleb128 0x1
 490 003c 40       		.uleb128 0x40
 491 003d 0A       		.uleb128 0xa
 492 003e 00       		.byte	0
 493 003f 00       		.byte	0
 494 0040 05       		.uleb128 0x5
 495 0041 01       		.uleb128 0x1
 496 0042 01       		.byte	0x1
 497 0043 49       		.uleb128 0x49
 498 0044 13       		.uleb128 0x13
 499 0045 01       		.uleb128 0x1
 500 0046 13       		.uleb128 0x13
 501 0047 00       		.byte	0
 502 0048 00       		.byte	0
 503 0049 06       		.uleb128 0x6
 504 004a 21       		.uleb128 0x21
 505 004b 00       		.byte	0
 506 004c 49       		.uleb128 0x49
 507 004d 13       		.uleb128 0x13
 508 004e 2F       		.uleb128 0x2f
 509 004f 0B       		.uleb128 0xb
 510 0050 00       		.byte	0
ARM GAS  /var/folders/5n/p_75w94d66l9ssrldxqdhh700000gn/T//ccaSZl3r.s 			page 10


 511 0051 00       		.byte	0
 512 0052 07       		.uleb128 0x7
 513 0053 15       		.uleb128 0x15
 514 0054 00       		.byte	0
 515 0055 27       		.uleb128 0x27
 516 0056 0C       		.uleb128 0xc
 517 0057 00       		.byte	0
 518 0058 00       		.byte	0
 519 0059 08       		.uleb128 0x8
 520 005a 0F       		.uleb128 0xf
 521 005b 00       		.byte	0
 522 005c 0B       		.uleb128 0xb
 523 005d 0B       		.uleb128 0xb
 524 005e 49       		.uleb128 0x49
 525 005f 13       		.uleb128 0x13
 526 0060 00       		.byte	0
 527 0061 00       		.byte	0
 528 0062 09       		.uleb128 0x9
 529 0063 34       		.uleb128 0x34
 530 0064 00       		.byte	0
 531 0065 03       		.uleb128 0x3
 532 0066 0E       		.uleb128 0xe
 533 0067 3A       		.uleb128 0x3a
 534 0068 0B       		.uleb128 0xb
 535 0069 3B       		.uleb128 0x3b
 536 006a 0B       		.uleb128 0xb
 537 006b 49       		.uleb128 0x49
 538 006c 13       		.uleb128 0x13
 539 006d 3F       		.uleb128 0x3f
 540 006e 0C       		.uleb128 0xc
 541 006f 02       		.uleb128 0x2
 542 0070 0A       		.uleb128 0xa
 543 0071 00       		.byte	0
 544 0072 00       		.byte	0
 545 0073 00       		.byte	0
 546              		.section	.debug_aranges,"",%progbits
 547 0000 1C000000 		.4byte	0x1c
 548 0004 0200     		.2byte	0x2
 549 0006 00000000 		.4byte	.Ldebug_info0
 550 000a 04       		.byte	0x4
 551 000b 00       		.byte	0
 552 000c 0000     		.2byte	0
 553 000e 0000     		.2byte	0
 554 0010 00000000 		.4byte	.LFB7
 555 0014 02000000 		.4byte	.LFE7-.LFB7
 556 0018 00000000 		.4byte	0
 557 001c 00000000 		.4byte	0
 558              		.section	.debug_ranges,"",%progbits
 559              	.Ldebug_ranges0:
 560 0000 00000000 		.4byte	.LFB7
 561 0004 02000000 		.4byte	.LFE7
 562 0008 00000000 		.4byte	0
 563 000c 00000000 		.4byte	0
 564              		.section	.debug_line,"",%progbits
 565              	.Ldebug_line0:
 566 0000 5A000000 		.section	.debug_str,"MS",%progbits,1
 566      02004400 
ARM GAS  /var/folders/5n/p_75w94d66l9ssrldxqdhh700000gn/T//ccaSZl3r.s 			page 11


 566      00000201 
 566      FB0E0D00 
 566      01010101 
 567              	.LASF7:
 568 0000 6C6F6E67 		.ascii	"long long int\000"
 568      206C6F6E 
 568      6720696E 
 568      7400
 569              	.LASF0:
 570 000e 756E7369 		.ascii	"unsigned int\000"
 570      676E6564 
 570      20696E74 
 570      00
 571              	.LASF12:
 572 001b 2F557365 		.ascii	"/Users/sin/Documents/Eclipse/Workspace/mabl-ChibiOS"
 572      72732F73 
 572      696E2F44 
 572      6F63756D 
 572      656E7473 
 573 004e 2D322E35 		.ascii	"-2.5.1/demos/ARMCM4-STM32F407-LWIP\000"
 573      2E312F64 
 573      656D6F73 
 573      2F41524D 
 573      434D342D 
 574              	.LASF10:
 575 0071 474E5520 		.ascii	"GNU C 4.6.2 20111004 (prerelease)\000"
 575      4320342E 
 575      362E3220 
 575      32303131 
 575      31303034 
 576              	.LASF6:
 577 0093 6C6F6E67 		.ascii	"long unsigned int\000"
 577      20756E73 
 577      69676E65 
 577      6420696E 
 577      7400
 578              	.LASF8:
 579 00a5 6C6F6E67 		.ascii	"long long unsigned int\000"
 579      206C6F6E 
 579      6720756E 
 579      7369676E 
 579      65642069 
 580              	.LASF11:
 581 00bc 2E2E2F2E 		.ascii	"../../os/ports/GCC/ARMCMx/STM32F4xx/vectors.c\000"
 581      2E2F6F73 
 581      2F706F72 
 581      74732F47 
 581      43432F41 
 582              	.LASF2:
 583 00ea 756E7369 		.ascii	"unsigned char\000"
 583      676E6564 
 583      20636861 
 583      7200
 584              	.LASF9:
 585 00f8 63686172 		.ascii	"char\000"
 585      00
 586              	.LASF5:
ARM GAS  /var/folders/5n/p_75w94d66l9ssrldxqdhh700000gn/T//ccaSZl3r.s 			page 12


 587 00fd 6C6F6E67 		.ascii	"long int\000"
 587      20696E74 
 587      00
 588              	.LASF14:
 589 0106 5F766563 		.ascii	"_vectors\000"
 589      746F7273 
 589      00
 590              	.LASF4:
 591 010f 73686F72 		.ascii	"short unsigned int\000"
 591      7420756E 
 591      7369676E 
 591      65642069 
 591      6E7400
 592              	.LASF1:
 593 0122 7369676E 		.ascii	"signed char\000"
 593      65642063 
 593      68617200 
 594              	.LASF13:
 595 012e 5F756E68 		.ascii	"_unhandled_exception\000"
 595      616E646C 
 595      65645F65 
 595      78636570 
 595      74696F6E 
 596              	.LASF3:
 597 0143 73686F72 		.ascii	"short int\000"
 597      7420696E 
 597      7400
 598              		.ident	"GCC: (Linaro GCC 4.6-2011.10) 4.6.2 20111004 (prerelease)"
ARM GAS  /var/folders/5n/p_75w94d66l9ssrldxqdhh700000gn/T//ccaSZl3r.s 			page 13


DEFINED SYMBOLS
                            *ABS*:0000000000000000 vectors.c
/var/folders/5n/p_75w94d66l9ssrldxqdhh700000gn/T//ccaSZl3r.s:18     .text._unhandled_exception:0000000000000000 $t
/var/folders/5n/p_75w94d66l9ssrldxqdhh700000gn/T//ccaSZl3r.s:24     .text._unhandled_exception:0000000000000000 _unhandled_exception
/var/folders/5n/p_75w94d66l9ssrldxqdhh700000gn/T//ccaSZl3r.s:235    vectors:0000000000000000 _vectors
/var/folders/5n/p_75w94d66l9ssrldxqdhh700000gn/T//ccaSZl3r.s:24     .text._unhandled_exception:0000000000000000 NMIVector
/var/folders/5n/p_75w94d66l9ssrldxqdhh700000gn/T//ccaSZl3r.s:24     .text._unhandled_exception:0000000000000000 HardFaultVector
/var/folders/5n/p_75w94d66l9ssrldxqdhh700000gn/T//ccaSZl3r.s:24     .text._unhandled_exception:0000000000000000 MemManageVector
/var/folders/5n/p_75w94d66l9ssrldxqdhh700000gn/T//ccaSZl3r.s:24     .text._unhandled_exception:0000000000000000 BusFaultVector
/var/folders/5n/p_75w94d66l9ssrldxqdhh700000gn/T//ccaSZl3r.s:24     .text._unhandled_exception:0000000000000000 UsageFaultVector
/var/folders/5n/p_75w94d66l9ssrldxqdhh700000gn/T//ccaSZl3r.s:24     .text._unhandled_exception:0000000000000000 Vector1C
/var/folders/5n/p_75w94d66l9ssrldxqdhh700000gn/T//ccaSZl3r.s:24     .text._unhandled_exception:0000000000000000 Vector20
/var/folders/5n/p_75w94d66l9ssrldxqdhh700000gn/T//ccaSZl3r.s:24     .text._unhandled_exception:0000000000000000 Vector24
/var/folders/5n/p_75w94d66l9ssrldxqdhh700000gn/T//ccaSZl3r.s:24     .text._unhandled_exception:0000000000000000 Vector28
/var/folders/5n/p_75w94d66l9ssrldxqdhh700000gn/T//ccaSZl3r.s:24     .text._unhandled_exception:0000000000000000 SVCallVector
/var/folders/5n/p_75w94d66l9ssrldxqdhh700000gn/T//ccaSZl3r.s:24     .text._unhandled_exception:0000000000000000 DebugMonitorVector
/var/folders/5n/p_75w94d66l9ssrldxqdhh700000gn/T//ccaSZl3r.s:24     .text._unhandled_exception:0000000000000000 Vector34
/var/folders/5n/p_75w94d66l9ssrldxqdhh700000gn/T//ccaSZl3r.s:24     .text._unhandled_exception:0000000000000000 PendSVVector
/var/folders/5n/p_75w94d66l9ssrldxqdhh700000gn/T//ccaSZl3r.s:24     .text._unhandled_exception:0000000000000000 SysTickVector
/var/folders/5n/p_75w94d66l9ssrldxqdhh700000gn/T//ccaSZl3r.s:24     .text._unhandled_exception:0000000000000000 Vector40
/var/folders/5n/p_75w94d66l9ssrldxqdhh700000gn/T//ccaSZl3r.s:24     .text._unhandled_exception:0000000000000000 Vector44
/var/folders/5n/p_75w94d66l9ssrldxqdhh700000gn/T//ccaSZl3r.s:24     .text._unhandled_exception:0000000000000000 Vector48
/var/folders/5n/p_75w94d66l9ssrldxqdhh700000gn/T//ccaSZl3r.s:24     .text._unhandled_exception:0000000000000000 Vector4C
/var/folders/5n/p_75w94d66l9ssrldxqdhh700000gn/T//ccaSZl3r.s:24     .text._unhandled_exception:0000000000000000 Vector50
/var/folders/5n/p_75w94d66l9ssrldxqdhh700000gn/T//ccaSZl3r.s:24     .text._unhandled_exception:0000000000000000 Vector54
/var/folders/5n/p_75w94d66l9ssrldxqdhh700000gn/T//ccaSZl3r.s:24     .text._unhandled_exception:0000000000000000 Vector58
/var/folders/5n/p_75w94d66l9ssrldxqdhh700000gn/T//ccaSZl3r.s:24     .text._unhandled_exception:0000000000000000 Vector5C
/var/folders/5n/p_75w94d66l9ssrldxqdhh700000gn/T//ccaSZl3r.s:24     .text._unhandled_exception:0000000000000000 Vector60
/var/folders/5n/p_75w94d66l9ssrldxqdhh700000gn/T//ccaSZl3r.s:24     .text._unhandled_exception:0000000000000000 Vector64
/var/folders/5n/p_75w94d66l9ssrldxqdhh700000gn/T//ccaSZl3r.s:24     .text._unhandled_exception:0000000000000000 Vector68
/var/folders/5n/p_75w94d66l9ssrldxqdhh700000gn/T//ccaSZl3r.s:24     .text._unhandled_exception:0000000000000000 Vector6C
/var/folders/5n/p_75w94d66l9ssrldxqdhh700000gn/T//ccaSZl3r.s:24     .text._unhandled_exception:0000000000000000 Vector70
/var/folders/5n/p_75w94d66l9ssrldxqdhh700000gn/T//ccaSZl3r.s:24     .text._unhandled_exception:0000000000000000 Vector74
/var/folders/5n/p_75w94d66l9ssrldxqdhh700000gn/T//ccaSZl3r.s:24     .text._unhandled_exception:0000000000000000 Vector78
/var/folders/5n/p_75w94d66l9ssrldxqdhh700000gn/T//ccaSZl3r.s:24     .text._unhandled_exception:0000000000000000 Vector7C
/var/folders/5n/p_75w94d66l9ssrldxqdhh700000gn/T//ccaSZl3r.s:24     .text._unhandled_exception:0000000000000000 Vector80
/var/folders/5n/p_75w94d66l9ssrldxqdhh700000gn/T//ccaSZl3r.s:24     .text._unhandled_exception:0000000000000000 Vector84
/var/folders/5n/p_75w94d66l9ssrldxqdhh700000gn/T//ccaSZl3r.s:24     .text._unhandled_exception:0000000000000000 Vector88
/var/folders/5n/p_75w94d66l9ssrldxqdhh700000gn/T//ccaSZl3r.s:24     .text._unhandled_exception:0000000000000000 Vector8C
/var/folders/5n/p_75w94d66l9ssrldxqdhh700000gn/T//ccaSZl3r.s:24     .text._unhandled_exception:0000000000000000 Vector90
/var/folders/5n/p_75w94d66l9ssrldxqdhh700000gn/T//ccaSZl3r.s:24     .text._unhandled_exception:0000000000000000 Vector94
/var/folders/5n/p_75w94d66l9ssrldxqdhh700000gn/T//ccaSZl3r.s:24     .text._unhandled_exception:0000000000000000 Vector98
/var/folders/5n/p_75w94d66l9ssrldxqdhh700000gn/T//ccaSZl3r.s:24     .text._unhandled_exception:0000000000000000 Vector9C
/var/folders/5n/p_75w94d66l9ssrldxqdhh700000gn/T//ccaSZl3r.s:24     .text._unhandled_exception:0000000000000000 VectorA0
/var/folders/5n/p_75w94d66l9ssrldxqdhh700000gn/T//ccaSZl3r.s:24     .text._unhandled_exception:0000000000000000 VectorA4
/var/folders/5n/p_75w94d66l9ssrldxqdhh700000gn/T//ccaSZl3r.s:24     .text._unhandled_exception:0000000000000000 VectorA8
/var/folders/5n/p_75w94d66l9ssrldxqdhh700000gn/T//ccaSZl3r.s:24     .text._unhandled_exception:0000000000000000 VectorAC
/var/folders/5n/p_75w94d66l9ssrldxqdhh700000gn/T//ccaSZl3r.s:24     .text._unhandled_exception:0000000000000000 VectorB0
/var/folders/5n/p_75w94d66l9ssrldxqdhh700000gn/T//ccaSZl3r.s:24     .text._unhandled_exception:0000000000000000 VectorB4
/var/folders/5n/p_75w94d66l9ssrldxqdhh700000gn/T//ccaSZl3r.s:24     .text._unhandled_exception:0000000000000000 VectorB8
/var/folders/5n/p_75w94d66l9ssrldxqdhh700000gn/T//ccaSZl3r.s:24     .text._unhandled_exception:0000000000000000 VectorBC
/var/folders/5n/p_75w94d66l9ssrldxqdhh700000gn/T//ccaSZl3r.s:24     .text._unhandled_exception:0000000000000000 VectorC0
/var/folders/5n/p_75w94d66l9ssrldxqdhh700000gn/T//ccaSZl3r.s:24     .text._unhandled_exception:0000000000000000 VectorC4
/var/folders/5n/p_75w94d66l9ssrldxqdhh700000gn/T//ccaSZl3r.s:24     .text._unhandled_exception:0000000000000000 VectorC8
/var/folders/5n/p_75w94d66l9ssrldxqdhh700000gn/T//ccaSZl3r.s:24     .text._unhandled_exception:0000000000000000 VectorCC
/var/folders/5n/p_75w94d66l9ssrldxqdhh700000gn/T//ccaSZl3r.s:24     .text._unhandled_exception:0000000000000000 VectorD0
/var/folders/5n/p_75w94d66l9ssrldxqdhh700000gn/T//ccaSZl3r.s:24     .text._unhandled_exception:0000000000000000 VectorD4
ARM GAS  /var/folders/5n/p_75w94d66l9ssrldxqdhh700000gn/T//ccaSZl3r.s 			page 14


/var/folders/5n/p_75w94d66l9ssrldxqdhh700000gn/T//ccaSZl3r.s:24     .text._unhandled_exception:0000000000000000 VectorD8
/var/folders/5n/p_75w94d66l9ssrldxqdhh700000gn/T//ccaSZl3r.s:24     .text._unhandled_exception:0000000000000000 VectorDC
/var/folders/5n/p_75w94d66l9ssrldxqdhh700000gn/T//ccaSZl3r.s:24     .text._unhandled_exception:0000000000000000 VectorE0
/var/folders/5n/p_75w94d66l9ssrldxqdhh700000gn/T//ccaSZl3r.s:24     .text._unhandled_exception:0000000000000000 VectorE4
/var/folders/5n/p_75w94d66l9ssrldxqdhh700000gn/T//ccaSZl3r.s:24     .text._unhandled_exception:0000000000000000 VectorE8
/var/folders/5n/p_75w94d66l9ssrldxqdhh700000gn/T//ccaSZl3r.s:24     .text._unhandled_exception:0000000000000000 VectorEC
/var/folders/5n/p_75w94d66l9ssrldxqdhh700000gn/T//ccaSZl3r.s:24     .text._unhandled_exception:0000000000000000 VectorF0
/var/folders/5n/p_75w94d66l9ssrldxqdhh700000gn/T//ccaSZl3r.s:24     .text._unhandled_exception:0000000000000000 VectorF4
/var/folders/5n/p_75w94d66l9ssrldxqdhh700000gn/T//ccaSZl3r.s:24     .text._unhandled_exception:0000000000000000 VectorF8
/var/folders/5n/p_75w94d66l9ssrldxqdhh700000gn/T//ccaSZl3r.s:24     .text._unhandled_exception:0000000000000000 VectorFC
/var/folders/5n/p_75w94d66l9ssrldxqdhh700000gn/T//ccaSZl3r.s:24     .text._unhandled_exception:0000000000000000 Vector100
/var/folders/5n/p_75w94d66l9ssrldxqdhh700000gn/T//ccaSZl3r.s:24     .text._unhandled_exception:0000000000000000 Vector104
/var/folders/5n/p_75w94d66l9ssrldxqdhh700000gn/T//ccaSZl3r.s:24     .text._unhandled_exception:0000000000000000 Vector108
/var/folders/5n/p_75w94d66l9ssrldxqdhh700000gn/T//ccaSZl3r.s:24     .text._unhandled_exception:0000000000000000 Vector10C
/var/folders/5n/p_75w94d66l9ssrldxqdhh700000gn/T//ccaSZl3r.s:24     .text._unhandled_exception:0000000000000000 Vector110
/var/folders/5n/p_75w94d66l9ssrldxqdhh700000gn/T//ccaSZl3r.s:24     .text._unhandled_exception:0000000000000000 Vector114
/var/folders/5n/p_75w94d66l9ssrldxqdhh700000gn/T//ccaSZl3r.s:24     .text._unhandled_exception:0000000000000000 Vector118
/var/folders/5n/p_75w94d66l9ssrldxqdhh700000gn/T//ccaSZl3r.s:24     .text._unhandled_exception:0000000000000000 Vector11C
/var/folders/5n/p_75w94d66l9ssrldxqdhh700000gn/T//ccaSZl3r.s:24     .text._unhandled_exception:0000000000000000 Vector120
/var/folders/5n/p_75w94d66l9ssrldxqdhh700000gn/T//ccaSZl3r.s:24     .text._unhandled_exception:0000000000000000 Vector124
/var/folders/5n/p_75w94d66l9ssrldxqdhh700000gn/T//ccaSZl3r.s:24     .text._unhandled_exception:0000000000000000 Vector128
/var/folders/5n/p_75w94d66l9ssrldxqdhh700000gn/T//ccaSZl3r.s:24     .text._unhandled_exception:0000000000000000 Vector12C
/var/folders/5n/p_75w94d66l9ssrldxqdhh700000gn/T//ccaSZl3r.s:24     .text._unhandled_exception:0000000000000000 Vector130
/var/folders/5n/p_75w94d66l9ssrldxqdhh700000gn/T//ccaSZl3r.s:24     .text._unhandled_exception:0000000000000000 Vector134
/var/folders/5n/p_75w94d66l9ssrldxqdhh700000gn/T//ccaSZl3r.s:24     .text._unhandled_exception:0000000000000000 Vector138
/var/folders/5n/p_75w94d66l9ssrldxqdhh700000gn/T//ccaSZl3r.s:24     .text._unhandled_exception:0000000000000000 Vector13C
/var/folders/5n/p_75w94d66l9ssrldxqdhh700000gn/T//ccaSZl3r.s:24     .text._unhandled_exception:0000000000000000 Vector140
/var/folders/5n/p_75w94d66l9ssrldxqdhh700000gn/T//ccaSZl3r.s:24     .text._unhandled_exception:0000000000000000 Vector144
/var/folders/5n/p_75w94d66l9ssrldxqdhh700000gn/T//ccaSZl3r.s:24     .text._unhandled_exception:0000000000000000 Vector148
/var/folders/5n/p_75w94d66l9ssrldxqdhh700000gn/T//ccaSZl3r.s:24     .text._unhandled_exception:0000000000000000 Vector14C
/var/folders/5n/p_75w94d66l9ssrldxqdhh700000gn/T//ccaSZl3r.s:24     .text._unhandled_exception:0000000000000000 Vector150
/var/folders/5n/p_75w94d66l9ssrldxqdhh700000gn/T//ccaSZl3r.s:24     .text._unhandled_exception:0000000000000000 Vector154
/var/folders/5n/p_75w94d66l9ssrldxqdhh700000gn/T//ccaSZl3r.s:24     .text._unhandled_exception:0000000000000000 Vector158
/var/folders/5n/p_75w94d66l9ssrldxqdhh700000gn/T//ccaSZl3r.s:24     .text._unhandled_exception:0000000000000000 Vector15C
/var/folders/5n/p_75w94d66l9ssrldxqdhh700000gn/T//ccaSZl3r.s:24     .text._unhandled_exception:0000000000000000 Vector160
/var/folders/5n/p_75w94d66l9ssrldxqdhh700000gn/T//ccaSZl3r.s:24     .text._unhandled_exception:0000000000000000 Vector164
/var/folders/5n/p_75w94d66l9ssrldxqdhh700000gn/T//ccaSZl3r.s:24     .text._unhandled_exception:0000000000000000 Vector168
/var/folders/5n/p_75w94d66l9ssrldxqdhh700000gn/T//ccaSZl3r.s:24     .text._unhandled_exception:0000000000000000 Vector16C
/var/folders/5n/p_75w94d66l9ssrldxqdhh700000gn/T//ccaSZl3r.s:24     .text._unhandled_exception:0000000000000000 Vector170
/var/folders/5n/p_75w94d66l9ssrldxqdhh700000gn/T//ccaSZl3r.s:24     .text._unhandled_exception:0000000000000000 Vector174
/var/folders/5n/p_75w94d66l9ssrldxqdhh700000gn/T//ccaSZl3r.s:24     .text._unhandled_exception:0000000000000000 Vector178
/var/folders/5n/p_75w94d66l9ssrldxqdhh700000gn/T//ccaSZl3r.s:24     .text._unhandled_exception:0000000000000000 Vector17C
/var/folders/5n/p_75w94d66l9ssrldxqdhh700000gn/T//ccaSZl3r.s:24     .text._unhandled_exception:0000000000000000 Vector180
/var/folders/5n/p_75w94d66l9ssrldxqdhh700000gn/T//ccaSZl3r.s:24     .text._unhandled_exception:0000000000000000 Vector184
/var/folders/5n/p_75w94d66l9ssrldxqdhh700000gn/T//ccaSZl3r.s:232    vectors:0000000000000000 $d
                     .debug_frame:0000000000000010 $d

UNDEFINED SYMBOLS
__main_stack_end__
ResetHandler
