This is pTeX, Version 3.141592-p3.1.9 (sjis) (Web2C 7.5.5) (format=platex 2006.1.6)  23 MAR 2009 15:18
**appendix.tex
(./appendix.tex
pLaTeX2e <2006/01/04>+0 (based on LaTeX2e <2003/12/01> patch level 0)
Babel <v3.8h> and hyphenation patterns for english, usenglishmax, ukenglish, ba
sque, bulgarian, coptic, welsh, czech, slovak, german, ngerman, danish, spanish
, catalan, estonian, finnish, french, irish, polygreek, monogreek, ancientgreek
, croatian, hungarian, interlingua, ibycus, bahasa, icelandic, italian, latin, 
mongolian, dutch, norsk, polish, portuguese, pinyin, romanian, russian, samin, 
slovene, usorbian, serbian, swedish, turkish, ukrainian, dumylang, nohyphenatio
n, loaded.
(c:/tex/share/texmf/ptex/platex/base/jreport.cls
Document Class: jreport 2002/04/09 v1.4 Standard pLaTeX class
\c@@paper=\count81
(c:/tex/share/texmf/ptex/platex/base/jsize12.clo
File: jsize12.clo 2002/04/09 v1.4 Standard pLaTeX file (size option)
)
\c@part=\count82
\c@chapter=\count83
\c@section=\count84
\c@subsection=\count85
\c@subsubsection=\count86
\c@paragraph=\count87
\c@subparagraph=\count88
\c@figure=\count89
\c@table=\count90
\abovecaptionskip=\skip41
\belowcaptionskip=\skip42
\symmincho=\mathgroup4
LaTeX Font Info:    Overwriting symbol font `mincho' in version `bold'
(Font)                  JY1/mc/m/n --> JY1/gt/m/n on input line 673.
LaTeX Info: Redefining \mathrm on input line 675.
LaTeX Info: Redefining \mathbf on input line 676.
\toclineskip=\dimen118
\@lnumwidth=\dimen119
\bibindent=\dimen120
\heisei=\count91
)
(c:/tex/share/texmf/tex/latex/graphics/graphicx.sty
Package: graphicx 1999/02/16 v1.0f Enhanced LaTeX Graphics (DPC,SPQR)

(c:/tex/share/texmf/tex/latex/graphics/keyval.sty
Package: keyval 1999/03/16 v1.13 key=value parser (DPC)
\KV@toks@=\toks15
)
(c:/tex/share/texmf/tex/latex/graphics/graphics.sty
Package: graphics 2001/07/07 v1.0n Standard LaTeX Graphics (DPC,SPQR)

(c:/tex/share/texmf/tex/latex/graphics/trig.sty
Package: trig 1999/03/16 v1.09 sin cos tan (DPC)
)
(c:/tex/share/texmf/tex/latex/config/graphics.cfg)
Package graphics Info: Driver file: dvips.def on input line 81.

(c:/tex/share/texmf/tex/latex/graphics/dvips.def
File: dvips.def 1999/02/16 v3.0i Driver-dependant file (DPC,SPQR)
))
\Gin@req@height=\dimen121
\Gin@req@width=\dimen122
) (./AIthesis.sty)
(./appendix.aux)
\openout1 = `appendix.aux'.

LaTeX Font Info:    Checking defaults for OML/cmm/m/it on input line 7.
LaTeX Font Info:    ... okay on input line 7.
LaTeX Font Info:    Checking defaults for T1/cmr/m/n on input line 7.
LaTeX Font Info:    ... okay on input line 7.
LaTeX Font Info:    Checking defaults for OT1/cmr/m/n on input line 7.
LaTeX Font Info:    ... okay on input line 7.
LaTeX Font Info:    Checking defaults for OMS/cmsy/m/n on input line 7.
LaTeX Font Info:    ... okay on input line 7.
LaTeX Font Info:    Checking defaults for OMX/cmex/m/n on input line 7.
LaTeX Font Info:    ... okay on input line 7.
LaTeX Font Info:    Checking defaults for U/cmr/m/n on input line 7.
LaTeX Font Info:    ... okay on input line 7.
LaTeX Font Info:    Checking defaults for JY1/mc/m/n on input line 7.
LaTeX Font Info:    ... okay on input line 7.
LaTeX Font Info:    Checking defaults for JT1/mc/m/n on input line 7.
LaTeX Font Info:    ... okay on input line 7.
LaTeX Font Info:    Font shape `JT1/mc/bx/n' in size <24.88> not available
(Font)              Font shape `JT1/gt/m/n' tried instead on input line 9.
LaTeX Font Info:    Font shape `JY1/mc/bx/n' in size <24.88> not available
(Font)              Font shape `JY1/gt/m/n' tried instead on input line 9.
LaTeX Font Info:    Font shape `JT1/mc/bx/n' in size <17.28> not available
(Font)              Font shape `JT1/gt/m/n' tried instead on input line 17.
LaTeX Font Info:    Font shape `JY1/mc/bx/n' in size <17.28> not available
(Font)              Font shape `JY1/gt/m/n' tried instead on input line 17.
LaTeX Font Info:    External font `cmex10' loaded for size
(Font)              <12> on input line 26.
LaTeX Font Info:    External font `cmex10' loaded for size
(Font)              <8> on input line 26.
LaTeX Font Info:    External font `cmex10' loaded for size
(Font)              <6> on input line 26.
 [1


] [2] [3] [4] [5] [6] (./appendix.aux) ) 
Here is how much of TeX's memory you used:
 618 strings out of 94500
 7055 string characters out of 1175100
 66829 words of memory out of 1500000
 3987 multiletter control sequences out of 10000+50000
 13859 words of font info for 54 fonts, out of 600000 for 2000
 679 hyphenation exceptions out of 8191
 25i,10n,19p,206b,431s stack positions out of 3000i,500n,5000p,200000b,5000s

Output written on appendix.dvi (6 pages, 14900 bytes).
