  Compiling CUDA source file cu_levdist.cu...
  
  C:\Users\sin\Documents\Workspace\CUDA8.0\cuLevDist>"C:\Program Files\NVIDIA GPU Computing Toolkit\CUDA\v8.0\bin\nvcc.exe" -gencode=arch=compute_50,code=\"sm_50,compute_50\" -gencode=arch=compute_60,code=\"sm_60,compute_60\" --use-local-env --cl-version 2015 -ccbin "C:\Program Files (x86)\Microsoft Visual Studio 14.0\VC\bin\x86_amd64" -rdc=true -I./ -I../common/inc -I./ -I"C:\Program Files\NVIDIA GPU Computing Toolkit\CUDA\v8.0\/include" -I../../common/inc -I"C:\Program Files\NVIDIA GPU Computing Toolkit\CUDA\v8.0\include" -I"C:\Program Files\NVIDIA GPU Computing Toolkit\CUDA\v8.0\include"  -G -lineinfo  --keep-dir x64\Debug -maxrregcount=0 --ptxas-options=-v --machine 64 --compile -cudart static -Xcompiler "/wd 4819" -g   -DWIN32 -DWIN32 -D_MBCS -D_MBCS -Xcompiler "/EHsc /W3 /nologo /Od /FS /Zi /RTC1 /MTd " -o x64/Debug/cu_levdist.cu.obj "C:\Users\sin\Documents\Workspace\CUDA8.0\cuLevDist\cu_levdist.cu" 
C:/Users/sin/Documents/Workspace/CUDA8.0/cuLevDist/cu_levdist.cu(72): warning : variable "result" was declared but never referenced
C:/Users/sin/Documents/Workspace/CUDA8.0/cuLevDist/cu_levdist.cu(74): warning : variable "cellval" was declared but never referenced
C:/Users/sin/Documents/Workspace/CUDA8.0/cuLevDist/cu_levdist.cu(72): warning : variable "result" was declared but never referenced
C:/Users/sin/Documents/Workspace/CUDA8.0/cuLevDist/cu_levdist.cu(74): warning : variable "cellval" was declared but never referenced
C:/Users/sin/Documents/Workspace/CUDA8.0/cuLevDist/cu_levdist.cu(72): warning : variable "result" was declared but never referenced
C:/Users/sin/Documents/Workspace/CUDA8.0/cuLevDist/cu_levdist.cu(74): warning : variable "cellval" was declared but never referenced
  ptxas info    : 0 bytes gmem
  ptxas info    : Function properties for cudaGetDevice
      8 bytes stack frame, 0 bytes spill stores, 0 bytes spill loads
  ptxas info    : Compiling entry function '_Z17cu_levdist_kernelPllPKclS1_lS_' for 'sm_50'
  ptxas info    : Function properties for _Z17cu_levdist_kernelPllPKclS1_lS_
      8 bytes stack frame, 0 bytes spill stores, 0 bytes spill loads
  ptxas info    : Used 27 registers, 376 bytes cmem[0]
  ptxas info    : Function properties for cudaFuncGetAttributes
      16 bytes stack frame, 0 bytes spill stores, 0 bytes spill loads
  ptxas info    : Function properties for cudaOccupancyMaxActiveBlocksPerMultiprocessorWithFlags
      40 bytes stack frame, 0 bytes spill stores, 0 bytes spill loads
  ptxas info    : Function properties for cudaDeviceGetAttribute
      16 bytes stack frame, 0 bytes spill stores, 0 bytes spill loads
  ptxas info    : Compiling entry function '_Z11cu_setframePllll' for 'sm_50'
  ptxas info    : Function properties for _Z11cu_setframePllll
      0 bytes stack frame, 0 bytes spill stores, 0 bytes spill loads
  ptxas info    : Used 10 registers, 340 bytes cmem[0]
  ptxas info    : Function properties for cudaOccupancyMaxActiveBlocksPerMultiprocessor
      32 bytes stack frame, 0 bytes spill stores, 0 bytes spill loads
  ptxas info    : Compiling entry function '_Z14cu_weft_kernelPllPKclS1_llllS_' for 'sm_50'
  ptxas info    : Function properties for _Z14cu_weft_kernelPllPKclS1_llllS_
      8 bytes stack frame, 0 bytes spill stores, 0 bytes spill loads
  ptxas info    : Used 27 registers, 384 bytes cmem[0]
  ptxas info    : Function properties for cudaMalloc
      16 bytes stack frame, 0 bytes spill stores, 0 bytes spill loads
  ptxas info    : 0 bytes gmem
  ptxas info    : Function properties for cudaGetDevice
      8 bytes stack frame, 0 bytes spill stores, 0 bytes spill loads
  ptxas info    : Compiling entry function '_Z17cu_levdist_kernelPllPKclS1_lS_' for 'sm_60'
  ptxas info    : Function properties for _Z17cu_levdist_kernelPllPKclS1_lS_
      8 bytes stack frame, 0 bytes spill stores, 0 bytes spill loads
  ptxas info    : Used 27 registers, 376 bytes cmem[0]
  ptxas info    : Function properties for cudaFuncGetAttributes
      16 bytes stack frame, 0 bytes spill stores, 0 bytes spill loads
  ptxas info    : Function properties for cudaOccupancyMaxActiveBlocksPerMultiprocessorWithFlags
      40 bytes stack frame, 0 bytes spill stores, 0 bytes spill loads
  ptxas info    : Function properties for cudaDeviceGetAttribute
      16 bytes stack frame, 0 bytes spill stores, 0 bytes spill loads
  ptxas info    : Compiling entry function '_Z11cu_setframePllll' for 'sm_60'
  ptxas info    : Function properties for _Z11cu_setframePllll
      0 bytes stack frame, 0 bytes spill stores, 0 bytes spill loads
  ptxas info    : Used 10 registers, 340 bytes cmem[0]
  ptxas info    : Function properties for cudaOccupancyMaxActiveBlocksPerMultiprocessor
      32 bytes stack frame, 0 bytes spill stores, 0 bytes spill loads
  ptxas info    : Compiling entry function '_Z14cu_weft_kernelPllPKclS1_llllS_' for 'sm_60'
  ptxas info    : Function properties for _Z14cu_weft_kernelPllPKclS1_llllS_
      8 bytes stack frame, 0 bytes spill stores, 0 bytes spill loads
  ptxas info    : Used 27 registers, 384 bytes cmem[0]
  ptxas info    : Function properties for cudaMalloc
      16 bytes stack frame, 0 bytes spill stores, 0 bytes spill loads
  cu_levdist.cu
  
  C:\Users\sin\Documents\Workspace\CUDA8.0\cuLevDist>"C:\Program Files\NVIDIA GPU Computing Toolkit\CUDA\v8.0\bin\nvcc.exe" -dlink -o x64/Debug/cuLevDist_weaver.device-link.obj -Xcompiler "/EHsc /W3 /nologo /Od /Zi /RTC1 /MTd " -L"C:\Program Files\NVIDIA GPU Computing Toolkit\CUDA\v8.0\lib\x64" cudadevrt.lib cudart_static.lib kernel32.lib user32.lib gdi32.lib winspool.lib comdlg32.lib advapi32.lib shell32.lib ole32.lib oleaut32.lib uuid.lib odbc32.lib odbccp32.lib  -gencode=arch=compute_50,code=sm_50 -gencode=arch=compute_60,code=sm_60 -G --machine 64 x64/Debug/cu_levdist.cu.obj x64/Debug/levdist.cu.obj x64/Debug/main.cu.obj 
  cudadevrt.lib
  cudart_static.lib
  kernel32.lib
  user32.lib
  gdi32.lib
  winspool.lib
  comdlg32.lib
  advapi32.lib
  shell32.lib
  ole32.lib
  oleaut32.lib
  uuid.lib
  odbc32.lib
  odbccp32.lib
  cu_levdist.cu.obj
  levdist.cu.obj
  main.cu.obj
     Creating library ./cuLevDist_weaver.lib and object ./cuLevDist_weaver.exp
  cdpSimplePrint_vs2015.vcxproj -> C:\Users\sin\Documents\Workspace\CUDA8.0\cuLevDist\./cuLevDist_weaver.exe
  cdpSimplePrint_vs2015.vcxproj -> ./cuLevDist_weaver.pdb (Full PDB)
