c:\users\sin\documents\workspace\cuda8.0\culevdist\x64\debug\vc140.pdb
c:\users\sin\documents\workspace\cuda8.0\culevdist\x64\debug\vc140.idb
c:\users\sin\documents\workspace\cuda8.0\culevdist\x64\debug\debug_table.obj
c:\users\sin\documents\workspace\cuda8.0\culevdist\x64\debug\cu_utils.obj
c:\users\sin\documents\workspace\cuda8.0\culevdist\x64\debug\textfromfile.obj
c:\users\sin\documents\workspace\cuda8.0\culevdist\x64\debug\cu_levdist.cu.cache
c:\users\sin\documents\workspace\cuda8.0\culevdist\x64\debug\levdist.cu.cache
c:\users\sin\documents\workspace\cuda8.0\culevdist\x64\debug\main.cu.cache
c:\users\sin\documents\workspace\cuda8.0\culevdist\x64\debug\culevdist_weaver.device-link.obj
c:\users\sin\documents\workspace\cuda8.0\culevdist\x64\debug\cu_levdist.cu.obj
c:\users\sin\documents\workspace\cuda8.0\culevdist\x64\debug\levdist.cu.obj
c:\users\sin\documents\workspace\cuda8.0\culevdist\x64\debug\main.cu.obj
c:\users\sin\documents\workspace\cuda8.0\culevdist\x64\debug\culevdist_weaver.tlog\cl.command.1.tlog
c:\users\sin\documents\workspace\cuda8.0\culevdist\x64\debug\culevdist_weaver.tlog\cl.read.1.tlog
c:\users\sin\documents\workspace\cuda8.0\culevdist\x64\debug\culevdist_weaver.tlog\cl.write.1.tlog
c:\users\sin\documents\workspace\cuda8.0\culevdist\x64\debug\culevdist_weaver.tlog\link-cvtres.read.1.tlog
c:\users\sin\documents\workspace\cuda8.0\culevdist\x64\debug\culevdist_weaver.tlog\link-cvtres.write.1.tlog
c:\users\sin\documents\workspace\cuda8.0\culevdist\x64\debug\culevdist_weaver.tlog\link-rc.read.1.tlog
c:\users\sin\documents\workspace\cuda8.0\culevdist\x64\debug\culevdist_weaver.tlog\link-rc.write.1.tlog
c:\users\sin\documents\workspace\cuda8.0\culevdist\x64\debug\culevdist_weaver.tlog\link.command.1.tlog
c:\users\sin\documents\workspace\cuda8.0\culevdist\x64\debug\culevdist_weaver.tlog\link.read.1.tlog
c:\users\sin\documents\workspace\cuda8.0\culevdist\x64\debug\culevdist_weaver.tlog\link.write.1.tlog
