C:\Program Files (x86)\MSBuild\Microsoft.Cpp\v4.0\V140\Microsoft.CppBuild.targets(392,5): warning MSB8028: The intermediate directory (x64/Debug/) contains files shared from another project (cdpAdvancedQuicksort.vcxproj).  This can lead to incorrect clean and rebuild behavior.
  
  C:\Users\sin\Documents\Workspace\CUDA8.0\cdpAdvancedQuicksort>"C:\Program Files\NVIDIA GPU Computing Toolkit\CUDA\v8.0\bin\nvcc.exe" -dlink -o x64/Debug/cdpAdvancedQuicksort.device-link.obj -Xcompiler "/EHsc /W3 /nologo /Od /Zi /RTC1 /MTd " -L"C:\Program Files\NVIDIA GPU Computing Toolkit\CUDA\v8.0\lib\x64" cudadevrt.lib cudart_static.lib kernel32.lib user32.lib gdi32.lib winspool.lib comdlg32.lib advapi32.lib shell32.lib ole32.lib oleaut32.lib uuid.lib odbc32.lib odbccp32.lib  -gencode=arch=compute_35,code=sm_35 -gencode=arch=compute_37,code=sm_37 -gencode=arch=compute_50,code=sm_50 -gencode=arch=compute_52,code=sm_52 -gencode=arch=compute_60,code=sm_60 -G --machine 64 x64/Debug/cdpAdvancedQuicksort.cu.obj x64/Debug/cdpBitonicSort.cu.obj 
  cudadevrt.lib
  cudart_static.lib
  kernel32.lib
  user32.lib
  gdi32.lib
  winspool.lib
  comdlg32.lib
  advapi32.lib
  shell32.lib
  ole32.lib
  oleaut32.lib
  uuid.lib
  odbc32.lib
  odbccp32.lib
  cdpAdvancedQuicksort.cu.obj
  cdpBitonicSort.cu.obj
     Creating library ./Debug/cdpAdvancedQuicksort.lib and object ./Debug/cdpAdvancedQuicksort.exp
  cdpAdvancedQuicksort_vs2015.vcxproj -> C:\Users\sin\Documents\Workspace\CUDA8.0\cdpAdvancedQuicksort\./Debug/cdpAdvancedQuicksort.exe
  cdpAdvancedQuicksort_vs2015.vcxproj -> ./Debug/cdpAdvancedQuicksort.pdb (Full PDB)
