nebbiolo:SortAlgorithm% java SortAlgorithm 5000 5000 1 100
3985, 4588, 1847, 313, 4254, 4904, 4434, 1606, 4978, 1748, 1569, 3473, 317, 1263, 562, 1234, 592, ... 

Merge:  worst 0.0090 m.sec.,    best 0.0030 m.sec.,     avr. 0.0030 m.sec.
Quick:  worst 0.0040 m.sec.,    best 0.0 m.sec.,        avr. 0.0 m.sec.
Heap:   worst 0.0050 m.sec.,    best 0.0010 m.sec.,     avr. 0.0010 m.sec.
Selection:      worst 0.147 m.sec.,     best 0.126 m.sec.,      avr. 0.126 m.sec.
Bubble:         worst 0.173 m.sec.,     best 0.119 m.sec.,      avr. 0.123 m.sec.

nebbiolo:SortAlgorithm% java SortAlgorithm 2000 2000 1 200
985, 588, 1847, 313, 254, 904, 434, 606, 1978, 1748, 569, 473, 317, 1263, 1562, 1234, 1592, ... 

Merge:  worst 0.0070 m.sec.,    best 0.0010 m.sec.,     avr. 0.0010 m.sec.
Quick:  worst 0.0020 m.sec.,    best 0.0 m.sec.,        avr. 0.0 m.sec.
Heap:   worst 0.0020 m.sec.,    best 0.0 m.sec.,        avr. 0.0 m.sec.
Selection:      worst 0.026 m.sec.,     best 0.019 m.sec.,      avr. 0.02 m.sec.
Bubble:         worst 0.024 m.sec.,     best 0.018 m.sec.,      avr. 0.019 m.sec.


nebbiolo:SortAlgorithm% java SortAlgorithm 5000 5000 1 500
3985, 4588, 1847, 313, 4254, 4904, 4434, 1606, 4978, 1748, 1569, 3473, 317, 1263, 562, 1234, 592, ... 

Merge:  worst 0.01 m.sec.,      best 0.0030 m.sec.,     avr. 0.0030 m.sec.
Quick:  worst 0.0030 m.sec.,    best 0.0 m.sec.,        avr. 0.0 m.sec.
Heap:   worst 0.0050 m.sec.,    best 0.0010 m.sec.,     avr. 0.0010 m.sec.
Selection:      worst 0.142 m.sec.,     best 0.125 m.sec.,      avr. 0.127 m.sec.
Bubble:         worst 0.129 m.sec.,     best 0.119 m.sec.,      avr. 0.122 m.sec.

nebbiolo:SortAlgorithm% java SortAlgorithm 10000 10000 1 500
8985, 4588, 1847, 313, 4254, 4904, 4434, 6606, 9978, 1748, 6569, 8473, 317, 1263, 5562, 1234, 5592, ... 

Merge:  worst 0.014 m.sec.,     best 0.0060 m.sec.,     avr. 0.0060 m.sec.
Quick:  worst 0.0060 m.sec.,    best 0.0020 m.sec.,     avr. 0.0020 m.sec.
Heap:   worst 0.0070 m.sec.,    best 0.0020 m.sec.,     avr. 0.0020 m.sec.
Selection:      worst 0.563 m.sec.,     best 0.498 m.sec.,      avr. 0.505 m.sec.
Bubble:         worst 0.505 m.sec.,     best 0.478 m.sec.,      avr. 0.486 m.sec.

nebbiolo:SortAlgorithm% java SortAlgorithm 50000 50000 1 500
48985, 14588, 41847, 20313, 14254, 14904, 4434, 6606, 39978, 1748, 36569, 48473, 40317, 41263, 45562, 11234, 35592, ... 

Merge:  worst 0.066 m.sec.,     best 0.037 m.sec.,      avr. 0.045 m.sec.
Quick:  worst 0.017 m.sec.,     best 0.011 m.sec.,      avr. 0.012 m.sec.
Heap:   worst 0.024 m.sec.,     best 0.017 m.sec.,      avr. 0.017 m.sec.
Selection:      worst 14.047 m.sec.,    best 12.659 m.sec.,     avr. 12.706 m.sec.
