   1               		.file	"pal_lld.c"
   2               	__SP_H__ = 0x3e
   3               	__SP_L__ = 0x3d
   4               	__SREG__ = 0x3f
   5               	__tmp_reg__ = 0
   6               	__zero_reg__ = 1
   7               		.text
   8               	.Ltext0:
   9               		.cfi_sections	.debug_frame
  10               	.global	_pal_lld_init
  12               	_pal_lld_init:
  13               	.LFB7:
  14               		.file 1 "../../os/hal/platforms/AVR/pal_lld.c"
   1:../../os/hal/platforms/AVR/pal_lld.c **** /*
   2:../../os/hal/platforms/AVR/pal_lld.c ****     ChibiOS/RT - Copyright (C) 2006,2007,2008,2009,2010,
   3:../../os/hal/platforms/AVR/pal_lld.c ****                  2011,2012 Giovanni Di Sirio.
   4:../../os/hal/platforms/AVR/pal_lld.c **** 
   5:../../os/hal/platforms/AVR/pal_lld.c ****     This file is part of ChibiOS/RT.
   6:../../os/hal/platforms/AVR/pal_lld.c **** 
   7:../../os/hal/platforms/AVR/pal_lld.c ****     ChibiOS/RT is free software; you can redistribute it and/or modify
   8:../../os/hal/platforms/AVR/pal_lld.c ****     it under the terms of the GNU General Public License as published by
   9:../../os/hal/platforms/AVR/pal_lld.c ****     the Free Software Foundation; either version 3 of the License, or
  10:../../os/hal/platforms/AVR/pal_lld.c ****     (at your option) any later version.
  11:../../os/hal/platforms/AVR/pal_lld.c **** 
  12:../../os/hal/platforms/AVR/pal_lld.c ****     ChibiOS/RT is distributed in the hope that it will be useful,
  13:../../os/hal/platforms/AVR/pal_lld.c ****     but WITHOUT ANY WARRANTY; without even the implied warranty of
  14:../../os/hal/platforms/AVR/pal_lld.c ****     MERCHANTABILITY or FITNESS FOR A PARTICULAR PURPOSE.  See the
  15:../../os/hal/platforms/AVR/pal_lld.c ****     GNU General Public License for more details.
  16:../../os/hal/platforms/AVR/pal_lld.c **** 
  17:../../os/hal/platforms/AVR/pal_lld.c ****     You should have received a copy of the GNU General Public License
  18:../../os/hal/platforms/AVR/pal_lld.c ****     along with this program.  If not, see <http://www.gnu.org/licenses/>.
  19:../../os/hal/platforms/AVR/pal_lld.c **** */
  20:../../os/hal/platforms/AVR/pal_lld.c **** 
  21:../../os/hal/platforms/AVR/pal_lld.c **** /**
  22:../../os/hal/platforms/AVR/pal_lld.c ****  * @file    AVR/pal_lld.c
  23:../../os/hal/platforms/AVR/pal_lld.c ****  * @brief   AVR GPIO low level driver code.
  24:../../os/hal/platforms/AVR/pal_lld.c ****  *
  25:../../os/hal/platforms/AVR/pal_lld.c ****  * @addtogroup PAL
  26:../../os/hal/platforms/AVR/pal_lld.c ****  * @{
  27:../../os/hal/platforms/AVR/pal_lld.c ****  */
  28:../../os/hal/platforms/AVR/pal_lld.c **** 
  29:../../os/hal/platforms/AVR/pal_lld.c **** #include "ch.h"
  30:../../os/hal/platforms/AVR/pal_lld.c **** #include "hal.h"
  31:../../os/hal/platforms/AVR/pal_lld.c **** 
  32:../../os/hal/platforms/AVR/pal_lld.c **** #if HAL_USE_PAL || defined(__DOXYGEN__)
  33:../../os/hal/platforms/AVR/pal_lld.c **** 
  34:../../os/hal/platforms/AVR/pal_lld.c **** /*===========================================================================*/
  35:../../os/hal/platforms/AVR/pal_lld.c **** /* Driver exported variables.                                                */
  36:../../os/hal/platforms/AVR/pal_lld.c **** /*===========================================================================*/
  37:../../os/hal/platforms/AVR/pal_lld.c **** 
  38:../../os/hal/platforms/AVR/pal_lld.c **** /*===========================================================================*/
  39:../../os/hal/platforms/AVR/pal_lld.c **** /* Driver local variables.                                                   */
  40:../../os/hal/platforms/AVR/pal_lld.c **** /*===========================================================================*/
  41:../../os/hal/platforms/AVR/pal_lld.c **** 
  42:../../os/hal/platforms/AVR/pal_lld.c **** /*===========================================================================*/
  43:../../os/hal/platforms/AVR/pal_lld.c **** /* Driver local functions.                                                   */
  44:../../os/hal/platforms/AVR/pal_lld.c **** /*===========================================================================*/
  45:../../os/hal/platforms/AVR/pal_lld.c **** 
  46:../../os/hal/platforms/AVR/pal_lld.c **** /*===========================================================================*/
  47:../../os/hal/platforms/AVR/pal_lld.c **** /* Driver interrupt handlers.                                                */
  48:../../os/hal/platforms/AVR/pal_lld.c **** /*===========================================================================*/
  49:../../os/hal/platforms/AVR/pal_lld.c **** 
  50:../../os/hal/platforms/AVR/pal_lld.c **** /*===========================================================================*/
  51:../../os/hal/platforms/AVR/pal_lld.c **** /* Driver exported functions.                                                */
  52:../../os/hal/platforms/AVR/pal_lld.c **** /*===========================================================================*/
  53:../../os/hal/platforms/AVR/pal_lld.c **** 
  54:../../os/hal/platforms/AVR/pal_lld.c **** /**
  55:../../os/hal/platforms/AVR/pal_lld.c ****  * @brief   AVR GPIO ports configuration.
  56:../../os/hal/platforms/AVR/pal_lld.c ****  * @details GPIO registers initialization.
  57:../../os/hal/platforms/AVR/pal_lld.c ****  *
  58:../../os/hal/platforms/AVR/pal_lld.c ****  * @param[in] config    the AVR ports configuration
  59:../../os/hal/platforms/AVR/pal_lld.c ****  *
  60:../../os/hal/platforms/AVR/pal_lld.c ****  * @notapi
  61:../../os/hal/platforms/AVR/pal_lld.c ****  */
  62:../../os/hal/platforms/AVR/pal_lld.c **** void _pal_lld_init(const PALConfig *config) {
  15               		.loc 1 62 0
  16               		.cfi_startproc
  17               	.LVL0:
  18               	/* prologue: function */
  19               	/* frame size = 0 */
  20               	/* stack size = 0 */
  21               	.L__stack_usage = 0
  22 0000 FC01      		movw r30,r24
  63:../../os/hal/platforms/AVR/pal_lld.c **** 
  64:../../os/hal/platforms/AVR/pal_lld.c **** #if defined(PORTA) || defined(__DOXYGEN__)
  65:../../os/hal/platforms/AVR/pal_lld.c ****   PORTA = config->porta.out;
  66:../../os/hal/platforms/AVR/pal_lld.c ****   DDRA = config->porta.dir;
  67:../../os/hal/platforms/AVR/pal_lld.c **** #endif
  68:../../os/hal/platforms/AVR/pal_lld.c **** 
  69:../../os/hal/platforms/AVR/pal_lld.c **** #if defined(PORTB) || defined(__DOXYGEN__)
  70:../../os/hal/platforms/AVR/pal_lld.c ****   PORTB = config->portb.out;
  23               		.loc 1 70 0
  24 0002 8081      		ld r24,Z
  25               	.LVL1:
  26 0004 85B9      		out 0x5,r24
  71:../../os/hal/platforms/AVR/pal_lld.c ****   DDRB = config->portb.dir;
  27               		.loc 1 71 0
  28 0006 8181      		ldd r24,Z+1
  29 0008 84B9      		out 0x4,r24
  72:../../os/hal/platforms/AVR/pal_lld.c **** #endif
  73:../../os/hal/platforms/AVR/pal_lld.c **** 
  74:../../os/hal/platforms/AVR/pal_lld.c **** #if defined(PORTC) || defined(__DOXYGEN__)
  75:../../os/hal/platforms/AVR/pal_lld.c ****   PORTC = config->portc.out;
  30               		.loc 1 75 0
  31 000a 8281      		ldd r24,Z+2
  32 000c 88B9      		out 0x8,r24
  76:../../os/hal/platforms/AVR/pal_lld.c ****   DDRC = config->portc.dir;
  33               		.loc 1 76 0
  34 000e 8381      		ldd r24,Z+3
  35 0010 87B9      		out 0x7,r24
  77:../../os/hal/platforms/AVR/pal_lld.c **** #endif
  78:../../os/hal/platforms/AVR/pal_lld.c **** 
  79:../../os/hal/platforms/AVR/pal_lld.c **** #if defined(PORTD) || defined(__DOXYGEN__)
  80:../../os/hal/platforms/AVR/pal_lld.c ****   PORTD = config->portd.out;
  36               		.loc 1 80 0
  37 0012 8481      		ldd r24,Z+4
  38 0014 8BB9      		out 0xb,r24
  81:../../os/hal/platforms/AVR/pal_lld.c ****   DDRD = config->portd.dir;
  39               		.loc 1 81 0
  40 0016 8581      		ldd r24,Z+5
  41 0018 8AB9      		out 0xa,r24
  42 001a 0895      		ret
  43               		.cfi_endproc
  44               	.LFE7:
  46               	.global	_pal_lld_setgroupmode
  48               	_pal_lld_setgroupmode:
  49               	.LFB8:
  82:../../os/hal/platforms/AVR/pal_lld.c **** #endif
  83:../../os/hal/platforms/AVR/pal_lld.c **** 
  84:../../os/hal/platforms/AVR/pal_lld.c **** #if defined(PORTE) || defined(__DOXYGEN__)
  85:../../os/hal/platforms/AVR/pal_lld.c ****   PORTE = config->porte.out;
  86:../../os/hal/platforms/AVR/pal_lld.c ****   DDRE = config->porte.dir;
  87:../../os/hal/platforms/AVR/pal_lld.c **** #endif
  88:../../os/hal/platforms/AVR/pal_lld.c **** 
  89:../../os/hal/platforms/AVR/pal_lld.c **** #if defined(PORTF) || defined(__DOXYGEN__)
  90:../../os/hal/platforms/AVR/pal_lld.c ****   PORTF = config->portf.out;
  91:../../os/hal/platforms/AVR/pal_lld.c ****   DDRF = config->portf.dir;
  92:../../os/hal/platforms/AVR/pal_lld.c **** #endif
  93:../../os/hal/platforms/AVR/pal_lld.c **** 
  94:../../os/hal/platforms/AVR/pal_lld.c **** #if defined(PORTG) || defined(__DOXYGEN__)
  95:../../os/hal/platforms/AVR/pal_lld.c ****   PORTG = config->portg.out;
  96:../../os/hal/platforms/AVR/pal_lld.c ****   DDRG = config->portg.dir;
  97:../../os/hal/platforms/AVR/pal_lld.c **** #endif
  98:../../os/hal/platforms/AVR/pal_lld.c **** 
  99:../../os/hal/platforms/AVR/pal_lld.c **** #if defined(PORTH) || defined(__DOXYGEN__)
 100:../../os/hal/platforms/AVR/pal_lld.c ****   PORTH = config->porth.out;
 101:../../os/hal/platforms/AVR/pal_lld.c ****   DDRH = config->porth.dir;
 102:../../os/hal/platforms/AVR/pal_lld.c **** #endif
 103:../../os/hal/platforms/AVR/pal_lld.c **** 
 104:../../os/hal/platforms/AVR/pal_lld.c **** #if defined(PORTJ) || defined(__DOXYGEN__)
 105:../../os/hal/platforms/AVR/pal_lld.c ****   PORTJ = config->portj.out;
 106:../../os/hal/platforms/AVR/pal_lld.c ****   DDRJ = config->portj.dir;
 107:../../os/hal/platforms/AVR/pal_lld.c **** #endif
 108:../../os/hal/platforms/AVR/pal_lld.c **** 
 109:../../os/hal/platforms/AVR/pal_lld.c **** #if defined(PORTK) || defined(__DOXYGEN__)
 110:../../os/hal/platforms/AVR/pal_lld.c ****   PORTK = config->portk.out;
 111:../../os/hal/platforms/AVR/pal_lld.c ****   DDRK = config->portk.dir;
 112:../../os/hal/platforms/AVR/pal_lld.c **** #endif
 113:../../os/hal/platforms/AVR/pal_lld.c **** 
 114:../../os/hal/platforms/AVR/pal_lld.c **** #if defined(PORTL) || defined(__DOXYGEN__)
 115:../../os/hal/platforms/AVR/pal_lld.c ****   PORTL = config->portl.out;
 116:../../os/hal/platforms/AVR/pal_lld.c ****   DDRL = config->portl.dir;
 117:../../os/hal/platforms/AVR/pal_lld.c **** #endif
 118:../../os/hal/platforms/AVR/pal_lld.c **** }
 119:../../os/hal/platforms/AVR/pal_lld.c **** 
 120:../../os/hal/platforms/AVR/pal_lld.c **** /**
 121:../../os/hal/platforms/AVR/pal_lld.c ****  * @brief   Pads mode setup.
 122:../../os/hal/platforms/AVR/pal_lld.c ****  * @details This function programs a pads group belonging to the same port
 123:../../os/hal/platforms/AVR/pal_lld.c ****  *          with the specified mode.
 124:../../os/hal/platforms/AVR/pal_lld.c ****  *
 125:../../os/hal/platforms/AVR/pal_lld.c ****  * @param[in] port the port identifier
 126:../../os/hal/platforms/AVR/pal_lld.c ****  * @param[in] mask the group mask
 127:../../os/hal/platforms/AVR/pal_lld.c ****  * @param[in] mode the mode
 128:../../os/hal/platforms/AVR/pal_lld.c ****  *
 129:../../os/hal/platforms/AVR/pal_lld.c ****  * @note This function is not meant to be invoked directly by the application
 130:../../os/hal/platforms/AVR/pal_lld.c ****  *       code.
 131:../../os/hal/platforms/AVR/pal_lld.c ****  * @note @p PAL_MODE_UNCONNECTED is implemented as output as recommended by
 132:../../os/hal/platforms/AVR/pal_lld.c ****  *       the AVR Family User's Guide. Unconnected pads are set to input
 133:../../os/hal/platforms/AVR/pal_lld.c ****  *       with pull-up by default.
 134:../../os/hal/platforms/AVR/pal_lld.c ****  *
 135:../../os/hal/platforms/AVR/pal_lld.c ****  * @notapi
 136:../../os/hal/platforms/AVR/pal_lld.c ****  */
 137:../../os/hal/platforms/AVR/pal_lld.c **** void _pal_lld_setgroupmode(ioportid_t port,
 138:../../os/hal/platforms/AVR/pal_lld.c ****                            ioportmask_t mask,
 139:../../os/hal/platforms/AVR/pal_lld.c ****                            iomode_t mode) {
  50               		.loc 1 139 0
  51               		.cfi_startproc
  52               	.LVL2:
  53               	/* prologue: function */
  54               	/* frame size = 0 */
  55               	/* stack size = 0 */
  56               	.L__stack_usage = 0
  57 001c FC01      		movw r30,r24
 140:../../os/hal/platforms/AVR/pal_lld.c **** 
 141:../../os/hal/platforms/AVR/pal_lld.c ****   switch (mode) {
  58               		.loc 1 141 0
  59 001e 4230      		cpi r20,lo8(2)
  60 0020 01F0      		breq .L4
  61 0022 00F0      		brlo .L25
  62 0024 4530      		cpi r20,lo8(5)
  63 0026 01F0      		breq .L4
  64 0028 4630      		cpi r20,lo8(6)
  65 002a 01F0      		breq .L6
  66 002c 4330      		cpi r20,lo8(3)
  67 002e 01F4      		brne .L2
  68               	.L5:
 142:../../os/hal/platforms/AVR/pal_lld.c ****   case PAL_MODE_RESET:
 143:../../os/hal/platforms/AVR/pal_lld.c ****   case PAL_MODE_INPUT:
 144:../../os/hal/platforms/AVR/pal_lld.c ****   case PAL_MODE_INPUT_ANALOG:
 145:../../os/hal/platforms/AVR/pal_lld.c ****     port->dir &= ~mask;
 146:../../os/hal/platforms/AVR/pal_lld.c ****     port->out &= ~mask;
 147:../../os/hal/platforms/AVR/pal_lld.c **** 	break;
 148:../../os/hal/platforms/AVR/pal_lld.c ****   case PAL_MODE_UNCONNECTED:
 149:../../os/hal/platforms/AVR/pal_lld.c ****   case PAL_MODE_INPUT_PULLUP:
 150:../../os/hal/platforms/AVR/pal_lld.c ****     port->dir &= ~mask;
  69               		.loc 1 150 0
  70 0030 9181      		ldd r25,Z+1
  71 0032 862F      		mov r24,r22
  72               	.LVL3:
  73 0034 8095      		com r24
  74 0036 8923      		and r24,r25
  75 0038 8183      		std Z+1,r24
 151:../../os/hal/platforms/AVR/pal_lld.c ****     port->out |= mask;
  76               		.loc 1 151 0
  77 003a 8281      		ldd r24,Z+2
  78 003c 862B      		or r24,r22
  79 003e 8283      		std Z+2,r24
 152:../../os/hal/platforms/AVR/pal_lld.c ****     break;
  80               		.loc 1 152 0
  81 0040 0895      		ret
  82               	.LVL4:
  83               	.L25:
 141:../../os/hal/platforms/AVR/pal_lld.c ****   switch (mode) {
  84               		.loc 1 141 0
  85 0042 4111      		cpse r20,__zero_reg__
  86 0044 00C0      		rjmp .L26
  87               	.L4:
 145:../../os/hal/platforms/AVR/pal_lld.c ****     port->dir &= ~mask;
  88               		.loc 1 145 0
  89 0046 8181      		ldd r24,Z+1
  90               	.LVL5:
  91 0048 6095      		com r22
  92               	.LVL6:
  93 004a 8623      		and r24,r22
  94 004c 8183      		std Z+1,r24
 146:../../os/hal/platforms/AVR/pal_lld.c ****     port->out &= ~mask;
  95               		.loc 1 146 0
  96 004e 8281      		ldd r24,Z+2
  97 0050 8623      		and r24,r22
  98 0052 8283      		std Z+2,r24
 147:../../os/hal/platforms/AVR/pal_lld.c **** 	break;
  99               		.loc 1 147 0
 100 0054 0895      		ret
 101               	.LVL7:
 102               	.L6:
 153:../../os/hal/platforms/AVR/pal_lld.c ****   case PAL_MODE_OUTPUT_PUSHPULL:
 154:../../os/hal/platforms/AVR/pal_lld.c ****     port->dir |= mask;
 103               		.loc 1 154 0
 104 0056 8181      		ldd r24,Z+1
 105               	.LVL8:
 106 0058 862B      		or r24,r22
 107 005a 8183      		std Z+1,r24
 108               	.L2:
 109 005c 0895      		ret
 110               	.LVL9:
 111               	.L26:
 141:../../os/hal/platforms/AVR/pal_lld.c ****   switch (mode) {
 112               		.loc 1 141 0
 113 005e 4130      		cpi r20,lo8(1)
 114 0060 01F0      		breq .L5
 115 0062 0895      		ret
 116               		.cfi_endproc
 117               	.LFE8:
 119               	.Letext0:
 120               		.file 2 "../../os/hal/platforms/AVR/pal_lld.h"
 121               		.file 3 "/usr/local/cross/lib/gcc/avr/4.7.2/../../../../avr/include/stdint.h"
DEFINED SYMBOLS
                            *ABS*:0000000000000000 pal_lld.c
/var/folders/5n/p_75w94d66l9ssrldxqdhh700000gn/T//ccknWoXj.s:2      *ABS*:000000000000003e __SP_H__
/var/folders/5n/p_75w94d66l9ssrldxqdhh700000gn/T//ccknWoXj.s:3      *ABS*:000000000000003d __SP_L__
/var/folders/5n/p_75w94d66l9ssrldxqdhh700000gn/T//ccknWoXj.s:4      *ABS*:000000000000003f __SREG__
/var/folders/5n/p_75w94d66l9ssrldxqdhh700000gn/T//ccknWoXj.s:5      *ABS*:0000000000000000 __tmp_reg__
/var/folders/5n/p_75w94d66l9ssrldxqdhh700000gn/T//ccknWoXj.s:6      *ABS*:0000000000000001 __zero_reg__
/var/folders/5n/p_75w94d66l9ssrldxqdhh700000gn/T//ccknWoXj.s:12     .text:0000000000000000 _pal_lld_init
/var/folders/5n/p_75w94d66l9ssrldxqdhh700000gn/T//ccknWoXj.s:48     .text:000000000000001c _pal_lld_setgroupmode

NO UNDEFINED SYMBOLS
