Input: 
AGCAAAAGCAGGAGTT (16),

ATGAACAATGCTACCT (16)

computing edit distance by DP.
n = 16, m = 16

Elapsed 0.005132 msec.
Edit distance (by DP/CPU): 9
Input: 
  0   1   2   3   4   5   6   7   8   9  10  11  12  13  14  15  16 
  1   2   3   4   5   6   7   8   9  10  11  12  13  14  15 
copied input, calling kernel...
num threads 32, 1 blocks.
Finished kernel functions.
  0   2   1   3   2   4   3   5   4   6   5   7   6   8   7   9 
  2   1   1   2   2   3   3   4   4   5   5   6   6   7   6   8 
  3   3   2   2   2   3   3   3   4   4   4   5   5   6   6   7 
  4   4   4   3   2   2   2   3   3   3   4   4   4   5   5   6 
  5   5   5   4   4   3   2   3   3   3   4   4   4   5   5   6 
  6   6   5   6   5   5   4   3   2   4   3   4   4   5   5   6 
  7   7   7   6   5   6   5   5   4   3   3   4   3   5   4   6 
  8   8   8   7   7   6   5   6   6   5   4   4   3   4   4   5 
  9   9   9   9   8   8   7   6   6   7   6   5   5   4   3   4 
 10  10  10  10  10   9   9   8   7   7   6   7   6   5   5   4 
 11  11  10  11  11  11  10  10   9   8   8   7   7   7   6   6 
 12  12  12  11  11  12  12  11  11  10   9   9   8   8   7   7 
 13  13  13  12  12  11  11  12  12  11  11  10   9   9   9   8 
 14  14  13  14  13  13  12  12  11  13  12  12  11  10  10  10 
 15  15  14  14  14  14  14  13  12  12  12  13  13  12  11  11 
 16  16  16  15  15  15  15  15  14  13  13  13  13  14  13  12 

Elapsed 369.662750 msec.

Output:
1065353216  16  16  16  15  15  15  15  15  14  13  13  13  13  14  13  12 
1065353216   9   8   7   6   6   6   6   5   4   4   6   7   8  10 
Edit distance (by DP/GPU): 12
