Input: (41628), (37051)

Computing edit distance by DP.

Elapsed 24892.767578 msec.
Edit distance (by DP/CPU): 7950

Inframe: 
37051 37050 37049 37048 37047 37046 37045 37044 37043 37042 37041 37040 37039 37038 37037 37036 37035 37034 37033 37032 37031 37030 37029 37028 37027 37026 37025 37024 37023 37022 37021 37020 

num threads 37056, 386 blocks, 96 threads per block.

Elapsed 1928.646484 msec.

Outframe:
37051 37050 37049 37048 37047 37046 37045 37044 37043 37042 37041 37040 37039 37038 37037 37036 37035 37034 37033 37032 37031 37030 37029 37028 37027 37026 37025 37024 37023 37022 37021 37020 

Edit distance (by DP/GPU): 7950

C:\Users\sin\Documents\Workspace\CUDA8.0\deviceQuery\Debug\deviceQuery.exe Starting...

 CUDA Device Query (Runtime API) version (CUDART static linking)

Detected 1 CUDA Capable device(s)

Device 0: "GeForce GTX 660 Ti"
  CUDA Driver Version / Runtime Version          8.0 / 8.0
  CUDA Capability Major/Minor version number:    3.0
  Total amount of global memory:                 2048 MBytes (2147483648 bytes)
  ( 7) Multiprocessors, (192) CUDA Cores/MP:     1344 CUDA Cores
  GPU Max Clock rate:                            1085 MHz (1.08 GHz)
  Memory Clock rate:                             3004 Mhz
  Memory Bus Width:                              192-bit
  L2 Cache Size:                                 393216 bytes
  Maximum Texture Dimension Size (x,y,z)         1D=(65536), 2D=(65536, 65536), 3D=(4096, 4096, 4096)
  Maximum Layered 1D Texture Size, (num) layers  1D=(16384), 2048 layers
  Maximum Layered 2D Texture Size, (num) layers  2D=(16384, 16384), 2048 layers
  Total amount of constant memory:               65536 bytes
  Total amount of shared memory per block:       49152 bytes
  Total number of registers available per block: 65536
  Warp size:                                     32
  Maximum number of threads per multiprocessor:  2048
  Maximum number of threads per block:           1024
  Max dimension size of a thread block (x,y,z): (1024, 1024, 64)
  Max dimension size of a grid size    (x,y,z): (2147483647, 65535, 65535)
  Maximum memory pitch:                          2147483647 bytes
  Texture alignment:                             512 bytes
  Concurrent copy and kernel execution:          Yes with 1 copy engine(s)
  Run time limit on kernels:                     Yes
  Integrated GPU sharing Host Memory:            No
  Support host page-locked memory mapping:       Yes
  Alignment requirement for Surfaces:            Yes
  Device has ECC support:                        Disabled
  CUDA Device Driver Mode (TCC or WDDM):         WDDM (Windows Display Driver Model)
  Device supports Unified Addressing (UVA):      Yes
  Device PCI Domain ID / Bus ID / location ID:   0 / 1 / 0
  Compute Mode:
     < Default (multiple host threads can use ::cudaSetDevice() with device simultaneously) >

deviceQuery, CUDA Driver = CUDART, CUDA Driver Version = 8.0, CUDA Runtime Version = 8.0, NumDevs = 1, Device0 = GeForce GTX 660 Ti
Result = PASS
