   1               		.file	"hal_lld.c"
   2               	__SREG__ = 0x3f
   3               	__SP_H__ = 0x3e
   4               	__SP_L__ = 0x3d
   5               	__CCP__  = 0x34
   6               	__tmp_reg__ = 0
   7               	__zero_reg__ = 1
  15               	.Ltext0:
  16               	.global	hal_lld_init
  18               	hal_lld_init:
  19               	.LFB9:
  20               	.LM1:
  21               	/* prologue: function */
  22               	/* frame size = 0 */
  23               	/* epilogue start */
  24               	.LM2:
  25 0000 0895      		ret
  26               	.LFE9:
  52               	.Letext0:
DEFINED SYMBOLS
                            *ABS*:00000000 hal_lld.c
/var/folders/8w/bxlddk455k9cddvwz9khk6br0000gn/T//cchEzMhh.s:2      *ABS*:0000003f __SREG__
/var/folders/8w/bxlddk455k9cddvwz9khk6br0000gn/T//cchEzMhh.s:3      *ABS*:0000003e __SP_H__
/var/folders/8w/bxlddk455k9cddvwz9khk6br0000gn/T//cchEzMhh.s:4      *ABS*:0000003d __SP_L__
/var/folders/8w/bxlddk455k9cddvwz9khk6br0000gn/T//cchEzMhh.s:5      *ABS*:00000034 __CCP__
/var/folders/8w/bxlddk455k9cddvwz9khk6br0000gn/T//cchEzMhh.s:6      *ABS*:00000000 __tmp_reg__
/var/folders/8w/bxlddk455k9cddvwz9khk6br0000gn/T//cchEzMhh.s:7      *ABS*:00000001 __zero_reg__
/var/folders/8w/bxlddk455k9cddvwz9khk6br0000gn/T//cchEzMhh.s:18     .text:00000000 hal_lld_init

NO UNDEFINED SYMBOLS
