c:\users\sin\documents\workspace\cuda8.0\culevdistance_weaver\x64\debug\vc140.pdb
c:\users\sin\documents\workspace\cuda8.0\culevdistance_weaver\x64\debug\vc140.idb
c:\users\sin\documents\workspace\cuda8.0\culevdistance_weaver\x64\debug\debug_table.obj
c:\users\sin\documents\workspace\cuda8.0\culevdistance_weaver\x64\debug\textfromfile.obj
c:\users\sin\documents\workspace\cuda8.0\culevdistance_weaver\culevdist_weaver.lib
c:\users\sin\documents\workspace\cuda8.0\culevdistance_weaver\culevdist_weaver.exp
c:\users\sin\documents\workspace\cuda8.0\culevdistance_weaver\culevdist_weaver.ilk
c:\users\sin\documents\workspace\cuda8.0\culevdistance_weaver\culevdist_weaver.exe
c:\users\sin\documents\workspace\cuda8.0\culevdistance_weaver\culevdist_weaver.pdb
c:\users\sin\documents\workspace\cuda8.0\culevdistance_weaver\x64\debug\levdist.cu.cache
c:\users\sin\documents\workspace\cuda8.0\culevdistance_weaver\x64\debug\main.cu.cache
c:\users\sin\documents\workspace\cuda8.0\culevdistance_weaver\x64\debug\culevdist_weaver.device-link.obj
c:\users\sin\documents\workspace\cuda8.0\culevdistance_weaver\x64\debug\levdist.cu.obj
c:\users\sin\documents\workspace\cuda8.0\culevdistance_weaver\x64\debug\main.cu.obj
c:\users\sin\documents\workspace\cuda8.0\culevdistance_weaver\./culevdist_weaver.exe
c:\users\sin\documents\workspace\cuda8.0\culevdistance_weaver\x64\debug\culevdist_weaver.tlog\cl.command.1.tlog
c:\users\sin\documents\workspace\cuda8.0\culevdistance_weaver\x64\debug\culevdist_weaver.tlog\cl.read.1.tlog
c:\users\sin\documents\workspace\cuda8.0\culevdistance_weaver\x64\debug\culevdist_weaver.tlog\cl.write.1.tlog
c:\users\sin\documents\workspace\cuda8.0\culevdistance_weaver\x64\debug\culevdist_weaver.tlog\culevdist_weaver.write.1u.tlog
c:\users\sin\documents\workspace\cuda8.0\culevdistance_weaver\x64\debug\culevdist_weaver.tlog\link.command.1.tlog
c:\users\sin\documents\workspace\cuda8.0\culevdistance_weaver\x64\debug\culevdist_weaver.tlog\link.read.1.tlog
c:\users\sin\documents\workspace\cuda8.0\culevdistance_weaver\x64\debug\culevdist_weaver.tlog\link.write.1.tlog
