22:18:31 **** Incremental Build of configuration Release for project Arduino_Home_libraries ****
make all 
home_libraries/UsbKeyboard/subdir.mk:59: warning: overriding commands for target `home_libraries/UsbKeyboard/usbdrvasm.o'
home_libraries/UsbKeyboard/subdir.mk:52: warning: ignoring old commands for target `home_libraries/UsbKeyboard/usbdrvasm.o'
Building file: /Applications/Arduino.app/Contents/Resources/Java/libraries/Wire/utility/twi.c
Invoking: AVR Compiler
avr-gcc -I"/Applications/Arduino.app/Contents/Resources/Java/hardware/arduino/cores/arduino" -I"/Applications/Arduino.app/Contents/Resources/Java/hardware/arduino/variants/standard" -I"/Applications/Arduino.app/Contents/Resources/Java/libraries/SPI" -DARDUINO=100 -DARDUINO_MAIN -Wall -Os -fpack-struct -fshort-enums -std=gnu99 -funsigned-char -funsigned-bitfields -mmcu=atmega328p -DF_CPU=16000000UL -MMD -MP -MF"libraries/Wire/utility/twi.d" -MT"libraries/Wire/utility/twi.d" -c -o "libraries/Wire/utility/twi.o" "/Applications/Arduino.app/Contents/Resources/Java/libraries/Wire/utility/twi.c"
Finished building: /Applications/Arduino.app/Contents/Resources/Java/libraries/Wire/utility/twi.c
 
Building file: /Applications/Arduino.app/Contents/Resources/Java/libraries/Wire/Wire.cpp
Invoking: AVR C++ Compiler
avr-g++ -I"/Applications/Arduino.app/Contents/Resources/Java/hardware/arduino/cores/arduino" -I"/Applications/Arduino.app/Contents/Resources/Java/hardware/arduino/variants/standard" -I"/Applications/Arduino.app/Contents/Resources/Java/libraries/SPI" -DARDUINO=100 -DARDUINO_MAIN -Wall -Os -fpack-struct -fshort-enums -funsigned-char -funsigned-bitfields -fno-exceptions -mmcu=atmega328p -DF_CPU=16000000UL -MMD -MP -MF"libraries/Wire/Wire.d" -MT"libraries/Wire/Wire.d" -c -o "libraries/Wire/Wire.o" "/Applications/Arduino.app/Contents/Resources/Java/libraries/Wire/Wire.cpp"
Finished building: /Applications/Arduino.app/Contents/Resources/Java/libraries/Wire/Wire.cpp
 
Building file: /Applications/Arduino.app/Contents/Resources/Java/libraries/Stepper/Stepper.cpp
Invoking: AVR C++ Compiler
avr-g++ -I"/Applications/Arduino.app/Contents/Resources/Java/hardware/arduino/cores/arduino" -I"/Applications/Arduino.app/Contents/Resources/Java/hardware/arduino/variants/standard" -I"/Applications/Arduino.app/Contents/Resources/Java/libraries/SPI" -DARDUINO=100 -DARDUINO_MAIN -Wall -Os -fpack-struct -fshort-enums -funsigned-char -funsigned-bitfields -fno-exceptions -mmcu=atmega328p -DF_CPU=16000000UL -MMD -MP -MF"libraries/Stepper/Stepper.d" -MT"libraries/Stepper/Stepper.d" -c -o "libraries/Stepper/Stepper.o" "/Applications/Arduino.app/Contents/Resources/Java/libraries/Stepper/Stepper.cpp"
In file included from /Applications/Arduino.app/Contents/Resources/Java/hardware/arduino/cores/arduino/Arduino.h:213,
Finished building: /Applications/Arduino.app/Contents/Resources/Java/libraries/Stepper/Stepper.cpp
                 from /Applications/Arduino.app/Contents/Resources/Java/libraries/Stepper/Stepper.cpp:48:
 
/Applications/Arduino.app/Contents/Resources/Java/hardware/arduino/variants/standard/pins_arduino.h:108: warning: only initialized variables can be placed into program memory area
Building file: /Applications/Arduino.app/Contents/Resources/Java/libraries/SoftwareSerial/SoftwareSerial.cpp
/Applications/Arduino.app/Contents/Resources/Java/hardware/arduino/variants/standard/pins_arduino.h:116: warning: only initialized variables can be placed into program memory area
Invoking: AVR C++ Compiler
/Applications/Arduino.app/Contents/Resources/Java/hardware/arduino/variants/standard/pins_arduino.h:124: warning: only initialized variables can be placed into program memory area
avr-g++ -I"/Applications/Arduino.app/Contents/Resources/Java/hardware/arduino/cores/arduino" -I"/Applications/Arduino.app/Contents/Resources/Java/hardware/arduino/variants/standard" -I"/Applications/Arduino.app/Contents/Resources/Java/libraries/SPI" -DARDUINO=100 -DARDUINO_MAIN -Wall -Os -fpack-struct -fshort-enums -funsigned-char -funsigned-bitfields -fno-exceptions -mmcu=atmega328p -DF_CPU=16000000UL -MMD -MP -MF"libraries/SoftwareSerial/SoftwareSerial.d" -MT"libraries/SoftwareSerial/SoftwareSerial.d" -c -o "libraries/SoftwareSerial/SoftwareSerial.o" "/Applications/Arduino.app/Contents/Resources/Java/libraries/SoftwareSerial/SoftwareSerial.cpp"
/Applications/Arduino.app/Contents/Resources/Java/hardware/arduino/variants/standard/pins_arduino.h:132: warning: only initialized variables can be placed into program memory area
Finished building: /Applications/Arduino.app/Contents/Resources/Java/libraries/SoftwareSerial/SoftwareSerial.cpp
 
Building file: /Applications/Arduino.app/Contents/Resources/Java/libraries/Servo/Servo.cpp
/Applications/Arduino.app/Contents/Resources/Java/hardware/arduino/variants/standard/pins_arduino.h:155: warning: only initialized variables can be placed into program memory area
/Applications/Arduino.app/Contents/Resources/Java/hardware/arduino/variants/standard/pins_arduino.h:178: warning: only initialized variables can be placed into program memory area
Invoking: AVR C++ Compiler
avr-g++ -I"/Applications/Arduino.app/Contents/Resources/Java/hardware/arduino/cores/arduino" -I"/Applications/Arduino.app/Contents/Resources/Java/hardware/arduino/variants/standard" -I"/Applications/Arduino.app/Contents/Resources/Java/libraries/SPI" -DARDUINO=100 -DARDUINO_MAIN -Wall -Os -fpack-struct -fshort-enums -funsigned-char -funsigned-bitfields -fno-exceptions -mmcu=atmega328p -DF_CPU=16000000UL -MMD -MP -MF"libraries/Servo/Servo.d" -MT"libraries/Servo/Servo.d" -c -o "libraries/Servo/Servo.o" "/Applications/Arduino.app/Contents/Resources/Java/libraries/Servo/Servo.cpp"
In file included from /Applications/Arduino.app/Contents/Resources/Java/hardware/arduino/cores/arduino/Arduino.h:213,
Finished building: /Applications/Arduino.app/Contents/Resources/Java/libraries/Servo/Servo.cpp
                 from /Applications/Arduino.app/Contents/Resources/Java/libraries/SoftwareSerial/SoftwareSerial.cpp:43:
 
/Applications/Arduino.app/Contents/Resources/Java/hardware/arduino/variants/standard/pins_arduino.h:108: warning: only initialized variables can be placed into program memory area
/Applications/Arduino.app/Contents/Resources/Java/hardware/arduino/variants/standard/pins_arduino.h:116: warning: only initialized variables can be placed into program memory area
Building file: /Applications/Arduino.app/Contents/Resources/Java/libraries/SPI/SPI.cpp
Invoking: AVR C++ Compiler
/Applications/Arduino.app/Contents/Resources/Java/hardware/arduino/variants/standard/pins_arduino.h:124: warning: only initialized variables can be placed into program memory area
avr-g++ -I"/Applications/Arduino.app/Contents/Resources/Java/hardware/arduino/cores/arduino" -I"/Applications/Arduino.app/Contents/Resources/Java/hardware/arduino/variants/standard" -I"/Applications/Arduino.app/Contents/Resources/Java/libraries/SPI" -DARDUINO=100 -DARDUINO_MAIN -Wall -Os -fpack-struct -fshort-enums -funsigned-char -funsigned-bitfields -fno-exceptions -mmcu=atmega328p -DF_CPU=16000000UL -MMD -MP -MF"libraries/SPI/SPI.d" -MT"libraries/SPI/SPI.d" -c -o "libraries/SPI/SPI.o" "/Applications/Arduino.app/Contents/Resources/Java/libraries/SPI/SPI.cpp"
/Applications/Arduino.app/Contents/Resources/Java/hardware/arduino/variants/standard/pins_arduino.h:132: warning: only initialized variables can be placed into program memory area
/Applications/Arduino.app/Contents/Resources/Java/hardware/arduino/variants/standard/pins_arduino.h:155: warning: only initialized variables can be placed into program memory area
/Applications/Arduino.app/Contents/Resources/Java/hardware/arduino/variants/standard/pins_arduino.h:178: warning: only initialized variables can be placed into program memory area
/Applications/Arduino.app/Contents/Resources/Java/libraries/SoftwareSerial/SoftwareSerial.cpp:59: warning: only initialized variables can be placed into program memory area
In file included from /Applications/Arduino.app/Contents/Resources/Java/hardware/arduino/cores/arduino/Arduino.h:213,
                 from /Applications/Arduino.app/Contents/Resources/Java/libraries/Servo/Servo.cpp:46:
/Applications/Arduino.app/Contents/Resources/Java/hardware/arduino/variants/standard/pins_arduino.h:108: warning: only initialized variables can be placed into program memory area
/Applications/Arduino.app/Contents/Resources/Java/hardware/arduino/variants/standard/pins_arduino.h:116: warning: only initialized variables can be placed into program memory area
/Applications/Arduino.app/Contents/Resources/Java/hardware/arduino/variants/standard/pins_arduino.h:124: warning: only initialized variables can be placed into program memory area
/Applications/Arduino.app/Contents/Resources/Java/hardware/arduino/variants/standard/pins_arduino.h:132: warning: only initialized variables can be placed into program memory area
/Applications/Arduino.app/Contents/Resources/Java/hardware/arduino/variants/standard/pins_arduino.h:155: warning: only initialized variables can be placed into program memory area
/Applications/Arduino.app/Contents/Resources/Java/hardware/arduino/variants/standard/pins_arduino.h:178: warning: only initialized variables can be placed into program memory area
In file included from /Applications/Arduino.app/Contents/Resources/Java/libraries/SPI/SPI.cpp:11:
/Applications/Arduino.app/Contents/Resources/Java/hardware/arduino/variants/standard/pins_arduino.h:108: warning: only initialized variables can be placed into program memory area
/Applications/Arduino.app/Contents/Resources/Java/hardware/arduino/variants/standard/pins_arduino.h:109: error: 'NOT_A_PORT' was not declared in this scope
/Applications/Arduino.app/Contents/Resources/Java/hardware/arduino/variants/standard/pins_arduino.h:110: error: 'NOT_A_PORT' was not declared in this scope
/Applications/Arduino.app/Contents/Resources/Java/hardware/arduino/variants/standard/pins_arduino.h:116: warning: only initialized variables can be placed into program memory area
/Applications/Arduino.app/Contents/Resources/Java/hardware/arduino/variants/standard/pins_arduino.h:117: error: 'NOT_A_PORT' was not declared in this scope
/Applications/Arduino.app/Contents/Resources/Java/hardware/arduino/variants/standard/pins_arduino.h:118: error: 'NOT_A_PORT' was not declared in this scope
/Applications/Arduino.app/Contents/Resources/Java/hardware/arduino/variants/standard/pins_arduino.h:124: warning: only initialized variables can be placed into program memory area
/Applications/Arduino.app/Contents/Resources/Java/hardware/arduino/variants/standard/pins_arduino.h:125: error: 'NOT_A_PORT' was not declared in this scope
/Applications/Arduino.app/Contents/Resources/Java/hardware/arduino/variants/standard/pins_arduino.h:126: error: 'NOT_A_PORT' was not declared in this scope
/Applications/Arduino.app/Contents/Resources/Java/hardware/arduino/variants/standard/pins_arduino.h:132: warning: only initialized variables can be placed into program memory area
/Applications/Arduino.app/Contents/Resources/Java/hardware/arduino/variants/standard/pins_arduino.h:133: error: 'PD' was not declared in this scope
/Applications/Arduino.app/Contents/Resources/Java/hardware/arduino/variants/standard/pins_arduino.h:134: error: 'PD' was not declared in this scope
/Applications/Arduino.app/Contents/Resources/Java/hardware/arduino/variants/standard/pins_arduino.h:135: error: 'PD' was not declared in this scope
/Applications/Arduino.app/Contents/Resources/Java/hardware/arduino/variants/standard/pins_arduino.h:136: error: 'PD' was not declared in this scope
/Applications/Arduino.app/Contents/Resources/Java/hardware/arduino/variants/standard/pins_arduino.h:137: error: 'PD' was not declared in this scope
/Applications/Arduino.app/Contents/Resources/Java/hardware/arduino/variants/standard/pins_arduino.h:138: error: 'PD' was not declared in this scope
/Applications/Arduino.app/Contents/Resources/Java/hardware/arduino/variants/standard/pins_arduino.h:139: error: 'PD' was not declared in this scope
/Applications/Arduino.app/Contents/Resources/Java/hardware/arduino/variants/standard/pins_arduino.h:140: error: 'PD' was not declared in this scope
/Applications/Arduino.app/Contents/Resources/Java/hardware/arduino/variants/standard/pins_arduino.h:141: error: 'PB' was not declared in this scope
/Applications/Arduino.app/Contents/Resources/Java/hardware/arduino/variants/standard/pins_arduino.h:142: error: 'PB' was not declared in this scope
/Applications/Arduino.app/Contents/Resources/Java/hardware/arduino/variants/standard/pins_arduino.h:143: error: 'PB' was not declared in this scope
/Applications/Arduino.app/Contents/Resources/Java/hardware/arduino/variants/standard/pins_arduino.h:144: error: 'PB' was not declared in this scope
/Applications/Arduino.app/Contents/Resources/Java/hardware/arduino/variants/standard/pins_arduino.h:145: error: 'PB' was not declared in this scope
/Applications/Arduino.app/Contents/Resources/Java/hardware/arduino/variants/standard/pins_arduino.h:146: error: 'PB' was not declared in this scope
/Applications/Arduino.app/Contents/Resources/Java/hardware/arduino/variants/standard/pins_arduino.h:147: error: 'PC' was not declared in this scope
/Applications/Arduino.app/Contents/Resources/Java/hardware/arduino/variants/standard/pins_arduino.h:148: error: 'PC' was not declared in this scope
/Applications/Arduino.app/Contents/Resources/Java/hardware/arduino/variants/standard/pins_arduino.h:149: error: 'PC' was not declared in this scope
/Applications/Arduino.app/Contents/Resources/Java/hardware/arduino/variants/standard/pins_arduino.h:150: error: 'PC' was not declared in this scope
/Applications/Arduino.app/Contents/Resources/Java/hardware/arduino/variants/standard/pins_arduino.h:151: error: 'PC' was not declared in this scope
/Applications/Arduino.app/Contents/Resources/Java/hardware/arduino/variants/standard/pins_arduino.h:152: error: 'PC' was not declared in this scope
/Applications/Arduino.app/Contents/Resources/Java/hardware/arduino/variants/standard/pins_arduino.h:155: warning: only initialized variables can be placed into program memory area
/Applications/Arduino.app/Contents/Resources/Java/hardware/arduino/variants/standard/pins_arduino.h:178: warning: only initialized variables can be placed into program memory area
/Applications/Arduino.app/Contents/Resources/Java/hardware/arduino/variants/standard/pins_arduino.h:179: error: 'NOT_ON_TIMER' was not declared in this scope
/Applications/Arduino.app/Contents/Resources/Java/hardware/arduino/variants/standard/pins_arduino.h:180: error: 'NOT_ON_TIMER' was not declared in this scope
/Applications/Arduino.app/Contents/Resources/Java/hardware/arduino/variants/standard/pins_arduino.h:181: error: 'NOT_ON_TIMER' was not declared in this scope
/Applications/Arduino.app/Contents/Resources/Java/hardware/arduino/variants/standard/pins_arduino.h:186: error: 'TIMER2B' was not declared in this scope
/Applications/Arduino.app/Contents/Resources/Java/hardware/arduino/variants/standard/pins_arduino.h:188: error: 'NOT_ON_TIMER' was not declared in this scope
/Applications/Arduino.app/Contents/Resources/Java/hardware/arduino/variants/standard/pins_arduino.h:194: error: 'TIMER0B' was not declared in this scope
/Applications/Arduino.app/Contents/Resources/Java/hardware/arduino/variants/standard/pins_arduino.h:195: error: 'TIMER0A' was not declared in this scope
/Applications/Arduino.app/Contents/Resources/Java/hardware/arduino/variants/standard/pins_arduino.h:197: error: 'NOT_ON_TIMER' was not declared in this scope
/Applications/Arduino.app/Contents/Resources/Java/hardware/arduino/variants/standard/pins_arduino.h:198: error: 'NOT_ON_TIMER' was not declared in this scope
/Applications/Arduino.app/Contents/Resources/Java/hardware/arduino/variants/standard/pins_arduino.h:199: error: 'TIMER1A' was not declared in this scope
/Applications/Arduino.app/Contents/Resources/Java/hardware/arduino/variants/standard/pins_arduino.h:200: error: 'TIMER1B' was not declared in this scope
/Applications/Arduino.app/Contents/Resources/Java/hardware/arduino/variants/standard/pins_arduino.h:204: error: 'TIMER2A' was not declared in this scope
/Applications/Arduino.app/Contents/Resources/Java/hardware/arduino/variants/standard/pins_arduino.h:206: error: 'NOT_ON_TIMER' was not declared in this scope
/Applications/Arduino.app/Contents/Resources/Java/hardware/arduino/variants/standard/pins_arduino.h:207: error: 'NOT_ON_TIMER' was not declared in this scope
/Applications/Arduino.app/Contents/Resources/Java/hardware/arduino/variants/standard/pins_arduino.h:208: error: 'NOT_ON_TIMER' was not declared in this scope
/Applications/Arduino.app/Contents/Resources/Java/hardware/arduino/variants/standard/pins_arduino.h:209: error: 'NOT_ON_TIMER' was not declared in this scope
/Applications/Arduino.app/Contents/Resources/Java/hardware/arduino/variants/standard/pins_arduino.h:210: error: 'NOT_ON_TIMER' was not declared in this scope
/Applications/Arduino.app/Contents/Resources/Java/hardware/arduino/variants/standard/pins_arduino.h:211: error: 'NOT_ON_TIMER' was not declared in this scope
/Applications/Arduino.app/Contents/Resources/Java/hardware/arduino/variants/standard/pins_arduino.h:212: error: 'NOT_ON_TIMER' was not declared in this scope
/Applications/Arduino.app/Contents/Resources/Java/hardware/arduino/variants/standard/pins_arduino.h:213: error: 'NOT_ON_TIMER' was not declared in this scope
In file included from /Applications/Arduino.app/Contents/Resources/Java/libraries/SPI/SPI.h:15,
                 from /Applications/Arduino.app/Contents/Resources/Java/libraries/SPI/SPI.cpp:12:
/Applications/Arduino.app/Contents/Resources/Java/hardware/arduino/variants/standard/pins_arduino.h:108: error: previous declaration of 'const uint16_t port_to_mode_PGM [1]' with 'C++' linkage
/Applications/Arduino.app/Contents/Resources/Java/hardware/arduino/cores/arduino/Arduino.h:127: error: conflicts with new declaration with 'C' linkage
/Applications/Arduino.app/Contents/Resources/Java/hardware/arduino/variants/standard/pins_arduino.h:124: error: previous declaration of 'const uint16_t port_to_input_PGM [1]' with 'C++' linkage
/Applications/Arduino.app/Contents/Resources/Java/hardware/arduino/cores/arduino/Arduino.h:128: error: conflicts with new declaration with 'C' linkage
/Applications/Arduino.app/Contents/Resources/Java/hardware/arduino/variants/standard/pins_arduino.h:116: error: previous declaration of 'const uint16_t port_to_output_PGM [1]' with 'C++' linkage
/Applications/Arduino.app/Contents/Resources/Java/hardware/arduino/cores/arduino/Arduino.h:129: error: conflicts with new declaration with 'C' linkage
/Applications/Arduino.app/Contents/Resources/Java/hardware/arduino/variants/standard/pins_arduino.h:132: error: previous declaration of 'const uint8_t digital_pin_to_port_PGM [1]' with 'C++' linkage
/Applications/Arduino.app/Contents/Resources/Java/hardware/arduino/cores/arduino/Arduino.h:131: error: conflicts with new declaration with 'C' linkage
/Applications/Arduino.app/Contents/Resources/Java/hardware/arduino/variants/standard/pins_arduino.h:155: error: previous declaration of 'const uint8_t digital_pin_to_bit_mask_PGM [20]' with 'C++' linkage
/Applications/Arduino.app/Contents/Resources/Java/hardware/arduino/cores/arduino/Arduino.h:133: error: conflicts with new declaration with 'C' linkage
/Applications/Arduino.app/Contents/Resources/Java/hardware/arduino/variants/standard/pins_arduino.h:178: error: previous declaration of 'const uint8_t digital_pin_to_timer_PGM [1]' with 'C++' linkage
/Applications/Arduino.app/Contents/Resources/Java/hardware/arduino/cores/arduino/Arduino.h:134: error: conflicts with new declaration with 'C' linkage
make: *** [libraries/SPI/SPI.o] Error 1

22:18:34 Build Finished (took 2s.112ms)

