  Compiling CUDA source file cdpSimplePrint.cu...
  
  C:\Users\sin\Documents\Workspace\CUDA8.0\cdpSimplePrint>"C:\Program Files\NVIDIA GPU Computing Toolkit\CUDA\v8.0\bin\nvcc.exe" -gencode=arch=compute_50,code=\"sm_50,compute_50\" -gencode=arch=compute_60,code=\"sm_60,compute_60\" --use-local-env --cl-version 2015 -ccbin "C:\Program Files (x86)\Microsoft Visual Studio 14.0\VC\bin\x86_amd64" -rdc=true -I./ -I../common/inc -I./ -I"C:\Program Files\NVIDIA GPU Computing Toolkit\CUDA\v8.0\/include" -I../../common/inc -I"C:\Program Files\NVIDIA GPU Computing Toolkit\CUDA\v8.0\include" -I"C:\Program Files\NVIDIA GPU Computing Toolkit\CUDA\v8.0\include"  -G -lineinfo  --keep-dir x64\Debug -maxrregcount=0 --ptxas-options=-v --machine 64 --compile -cudart static -Xcompiler "/wd 4819" -g   -DWIN32 -DWIN32 -D_MBCS -D_MBCS -Xcompiler "/EHsc /W3 /nologo /Od /FS /Zi /RTC1 /MTd " -o x64/Debug/cdpSimplePrint.cu.obj "C:\Users\sin\Documents\Workspace\CUDA8.0\cdpSimplePrint\cdpSimplePrint.cu" 
  ptxas info    : 905 bytes gmem
  ptxas info    : Function properties for cudaFuncGetAttributes
      16 bytes stack frame, 0 bytes spill stores, 0 bytes spill loads
  ptxas info    : Function properties for cudaOccupancyMaxActiveBlocksPerMultiprocessorWithFlags
      40 bytes stack frame, 0 bytes spill stores, 0 bytes spill loads
  ptxas info    : Function properties for cudaGetDevice
      8 bytes stack frame, 0 bytes spill stores, 0 bytes spill loads
  ptxas info    : Compiling entry function '_Z10cdp_kerneliiii' for 'sm_50'
  ptxas info    : Function properties for _Z10cdp_kerneliiii
      32 bytes stack frame, 0 bytes spill stores, 0 bytes spill loads
  ptxas info    : Used 22 registers, 4 bytes smem, 336 bytes cmem[0]
  ptxas info    : Function properties for _ZN4dim3C1Ejjj
      0 bytes stack frame, 0 bytes spill stores, 0 bytes spill loads
  ptxas info    : Function properties for cudaDeviceGetAttribute
      16 bytes stack frame, 0 bytes spill stores, 0 bytes spill loads
  ptxas info    : Function properties for _Z10print_infoiiii
      80 bytes stack frame, 20 bytes spill stores, 20 bytes spill loads
  ptxas info    : Function properties for cudaOccupancyMaxActiveBlocksPerMultiprocessor
      32 bytes stack frame, 0 bytes spill stores, 0 bytes spill loads
  ptxas info    : Function properties for _ZN81_INTERNAL_61_tmpxft_0000211c_00000000_10_cdpSimplePrint_compute_60_cpp1_ii_g_uids9atomicAddEPii
      0 bytes stack frame, 0 bytes spill stores, 0 bytes spill loads
  ptxas info    : Function properties for cudaMalloc
      16 bytes stack frame, 0 bytes spill stores, 0 bytes spill loads
  ptxas info    : 905 bytes gmem
  ptxas info    : Function properties for cudaFuncGetAttributes
      16 bytes stack frame, 0 bytes spill stores, 0 bytes spill loads
  ptxas info    : Function properties for cudaOccupancyMaxActiveBlocksPerMultiprocessorWithFlags
      40 bytes stack frame, 0 bytes spill stores, 0 bytes spill loads
  ptxas info    : Function properties for cudaGetDevice
      8 bytes stack frame, 0 bytes spill stores, 0 bytes spill loads
  ptxas info    : Compiling entry function '_Z10cdp_kerneliiii' for 'sm_60'
  ptxas info    : Function properties for _Z10cdp_kerneliiii
      32 bytes stack frame, 0 bytes spill stores, 0 bytes spill loads
  ptxas info    : Used 22 registers, 4 bytes smem, 336 bytes cmem[0]
  ptxas info    : Function properties for _ZN4dim3C1Ejjj
      0 bytes stack frame, 0 bytes spill stores, 0 bytes spill loads
  ptxas info    : Function properties for cudaDeviceGetAttribute
      16 bytes stack frame, 0 bytes spill stores, 0 bytes spill loads
  ptxas info    : Function properties for _Z10print_infoiiii
      80 bytes stack frame, 20 bytes spill stores, 20 bytes spill loads
  ptxas info    : Function properties for cudaOccupancyMaxActiveBlocksPerMultiprocessor
      32 bytes stack frame, 0 bytes spill stores, 0 bytes spill loads
  ptxas info    : Function properties for _ZN81_INTERNAL_61_tmpxft_0000211c_00000000_10_cdpSimplePrint_compute_60_cpp1_ii_g_uids9atomicAddEPii
      0 bytes stack frame, 0 bytes spill stores, 0 bytes spill loads
  ptxas info    : Function properties for cudaMalloc
      16 bytes stack frame, 0 bytes spill stores, 0 bytes spill loads
  cdpSimplePrint.cu
  
  C:\Users\sin\Documents\Workspace\CUDA8.0\cdpSimplePrint>"C:\Program Files\NVIDIA GPU Computing Toolkit\CUDA\v8.0\bin\nvcc.exe" -dlink -o x64/Debug/cdpSimplePrint.device-link.obj -Xcompiler "/EHsc /W3 /nologo /Od /Zi /RTC1 /MTd " -L"C:\Program Files\NVIDIA GPU Computing Toolkit\CUDA\v8.0\lib\x64" cudadevrt.lib cudart_static.lib kernel32.lib user32.lib gdi32.lib winspool.lib comdlg32.lib advapi32.lib shell32.lib ole32.lib oleaut32.lib uuid.lib odbc32.lib odbccp32.lib  -gencode=arch=compute_50,code=sm_50 -gencode=arch=compute_60,code=sm_60 -G --machine 64 x64/Debug/cdpSimplePrint.cu.obj 
  cudadevrt.lib
  cudart_static.lib
  kernel32.lib
  user32.lib
  gdi32.lib
  winspool.lib
  comdlg32.lib
  advapi32.lib
  shell32.lib
  ole32.lib
  oleaut32.lib
  uuid.lib
  odbc32.lib
  odbccp32.lib
  cdpSimplePrint.cu.obj
C:\Program Files (x86)\MSBuild\Microsoft.Cpp\v4.0\V140\Microsoft.CppBuild.targets(1189,5): warning MSB8012: TargetPath(C:\Users\sin\Documents\Workspace\CUDA8.0\cdpSimplePrint\./cdpSimplePrint.exe) does not match the Linker's OutputFile property value (C:\Users\sin\Documents\Workspace\CUDA8.0\cdpSimplePrint\cdpSimplePrint_vs2015.exe). This may cause your project to build incorrectly. To correct this, please make sure that $(OutDir), $(TargetName) and $(TargetExt) property values match the value specified in %(Link.OutputFile).
C:\Program Files (x86)\MSBuild\Microsoft.Cpp\v4.0\V140\Microsoft.CppBuild.targets(1191,5): warning MSB8012: TargetName(cdpSimplePrint) does not match the Linker's OutputFile property value (cdpSimplePrint_vs2015). This may cause your project to build incorrectly. To correct this, please make sure that $(OutDir), $(TargetName) and $(TargetExt) property values match the value specified in %(Link.OutputFile).
     Creating library ./cdpSimplePrint.lib and object ./cdpSimplePrint.exp
  cdpSimplePrint_vs2015.vcxproj -> C:\Users\sin\Documents\Workspace\CUDA8.0\cdpSimplePrint\./cdpSimplePrint.exe
  cdpSimplePrint_vs2015.vcxproj -> ./cdpSimplePrint.pdb (Full PDB)
