  Compiling CUDA source file cdpSimpleQuicksort.cu...
  
  C:\ProgramData\NVIDIA Corporation\CUDA Samples\v8.0\0_Simple\cdpSimpleQuicksort>"C:\Program Files\NVIDIA GPU Computing Toolkit\CUDA\v8.0\bin\nvcc.exe" -gencode=arch=compute_35,code=\"sm_35,compute_35\" -gencode=arch=compute_37,code=\"sm_37,compute_37\" -gencode=arch=compute_50,code=\"sm_50,compute_50\" -gencode=arch=compute_52,code=\"sm_52,compute_52\" -gencode=arch=compute_60,code=\"sm_60,compute_60\" --use-local-env --cl-version 2015 -ccbin "C:\Program Files (x86)\Microsoft Visual Studio 14.0\VC\bin\x86_amd64" -rdc=true -I./ -I../../common/inc -I./ -I"C:\Program Files\NVIDIA GPU Computing Toolkit\CUDA\v8.0\/include" -I../../common/inc -I"C:\Program Files\NVIDIA GPU Computing Toolkit\CUDA\v8.0\include" -I"C:\Program Files\NVIDIA GPU Computing Toolkit\CUDA\v8.0\include"  -G   --keep-dir x64\Debug -maxrregcount=0  --machine 64 --compile -cudart static -Xcompiler "/wd 4819" -g   -DWIN32 -DWIN32 -D_MBCS -D_MBCS -Xcompiler "/EHsc /W3 /nologo /Od /FS /Zi /RTC1 /MTd " -o x64/Debug/cdpSimpleQuicksort.cu.obj "C:\ProgramData\NVIDIA Corporation\CUDA Samples\v8.0\0_Simple\cdpSimpleQuicksort\cdpSimpleQuicksort.cu" 
  cdpSimpleQuicksort.cu
  
  C:\ProgramData\NVIDIA Corporation\CUDA Samples\v8.0\0_Simple\cdpSimpleQuicksort>"C:\Program Files\NVIDIA GPU Computing Toolkit\CUDA\v8.0\bin\nvcc.exe" -dlink -o x64/Debug/cdpSimpleQuicksort.device-link.obj -Xcompiler "/EHsc /W3 /nologo /Od /Zi /RTC1 /MTd " -L"C:\Program Files\NVIDIA GPU Computing Toolkit\CUDA\v8.0\lib\x64" cudadevrt.lib cudart_static.lib kernel32.lib user32.lib gdi32.lib winspool.lib comdlg32.lib advapi32.lib shell32.lib ole32.lib oleaut32.lib uuid.lib odbc32.lib odbccp32.lib  -gencode=arch=compute_35,code=sm_35 -gencode=arch=compute_37,code=sm_37 -gencode=arch=compute_50,code=sm_50 -gencode=arch=compute_52,code=sm_52 -gencode=arch=compute_60,code=sm_60 -G --machine 64 x64/Debug/cdpSimpleQuicksort.cu.obj 
  cudadevrt.lib
  cudart_static.lib
  kernel32.lib
  user32.lib
  gdi32.lib
  winspool.lib
  comdlg32.lib
  advapi32.lib
  shell32.lib
  ole32.lib
  oleaut32.lib
  uuid.lib
  odbc32.lib
  odbccp32.lib
  cdpSimpleQuicksort.cu.obj
  LINK : ../../bin/win64/Debug//cdpSimpleQuicksort.exe not found or not built by the last incremental link; performing full link
     Creating library ../../bin/win64/Debug/cdpSimpleQuicksort.lib and object ../../bin/win64/Debug/cdpSimpleQuicksort.exp
  cdpSimpleQuicksort_vs2015.vcxproj -> C:\ProgramData\NVIDIA Corporation\CUDA Samples\v8.0\0_Simple\cdpSimpleQuicksort\../../bin/win64/Debug/cdpSimpleQuicksort.exe
  cdpSimpleQuicksort_vs2015.vcxproj -> ../../bin/win64/Debug/cdpSimpleQuicksort.pdb (Full PDB)
