C:\Program Files (x86)\MSBuild\Microsoft.Cpp\v4.0\V140\Microsoft.CppBuild.targets(367,5): warning MSB8004: Intermediate Directory does not end with a trailing slash.  This build instance will add the slash as it is required to allow proper evaluation of the Intermediate Directory.
  Compiling CUDA source file cdpMergeSort.cu...
  
  C:\Users\sin\Documents\Workspace\CUDA8.0\cdpMergeSort>"C:\Program Files\NVIDIA GPU Computing Toolkit\CUDA\v8.0\bin\nvcc.exe" -gencode=arch=compute_50,code=\"sm_50,compute_50\" -gencode=arch=compute_52,code=\"sm_52,compute_52\" -gencode=arch=compute_60,code=\"sm_60,compute_60\" --use-local-env --cl-version 2015 -ccbin "C:\Program Files (x86)\Microsoft Visual Studio 14.0\VC\bin\x86_amd64" -rdc=true -I./ -I../common/inc -I./ -I"C:\Program Files\NVIDIA GPU Computing Toolkit\CUDA\v8.0\/include" -I../../common/inc -I"C:\Program Files\NVIDIA GPU Computing Toolkit\CUDA\v8.0\include" -I"C:\Program Files\NVIDIA GPU Computing Toolkit\CUDA\v8.0\include"  -G -lineinfo  --keep-dir x64\Debug -maxrregcount=0 --ptxas-options=-v --machine 64 --compile -cudart static -Xcompiler "/wd 4819" -g   -DWIN32 -DWIN32 -D_MBCS -D_MBCS -Xcompiler "/EHsc /W3 /nologo /Od /FS /Zi /RTC1 /MTd " -o ./x64\cdpMergeSort.cu.obj "C:\Users\sin\Documents\Workspace\CUDA8.0\cdpMergeSort\cdpMergeSort.cu" 
  ptxas info    : 968 bytes gmem
  ptxas info    : Function properties for cudaOccupancyMaxActiveBlocksPerMultiprocessorWithFlags
      40 bytes stack frame, 0 bytes spill stores, 0 bytes spill loads
  ptxas info    : Compiling entry function '_Z20cdp_simple_quicksortPllli' for 'sm_50'
  ptxas info    : Function properties for _Z20cdp_simple_quicksortPllli
      80 bytes stack frame, 0 bytes spill stores, 0 bytes spill loads
  ptxas info    : Used 46 registers, 340 bytes cmem[0]
  ptxas info    : Function properties for cudaFuncGetAttributes
      16 bytes stack frame, 0 bytes spill stores, 0 bytes spill loads
  ptxas info    : Function properties for cudaGetDevice
      8 bytes stack frame, 0 bytes spill stores, 0 bytes spill loads
  ptxas info    : Compiling entry function '_Z9cdp_mergePlllS_' for 'sm_50'
  ptxas info    : Function properties for _Z9cdp_mergePlllS_
      0 bytes stack frame, 0 bytes spill stores, 0 bytes spill loads
  ptxas info    : Used 22 registers, 344 bytes cmem[0]
  ptxas info    : Function properties for _ZN4dim3C1Ejjj
      0 bytes stack frame, 0 bytes spill stores, 0 bytes spill loads
  ptxas info    : Function properties for _Z14selection_sortPlll
      0 bytes stack frame, 0 bytes spill stores, 0 bytes spill loads
  ptxas info    : Function properties for _ZN81_INTERNAL_59_tmpxft_00002a04_00000000_12_cdpMergeSort_compute_60_cpp1_ii_ed43064c3minEll
      0 bytes stack frame, 0 bytes spill stores, 0 bytes spill loads
  ptxas info    : Function properties for cudaDeviceGetAttribute
      16 bytes stack frame, 0 bytes spill stores, 0 bytes spill loads
  ptxas info    : Function properties for cudaOccupancyMaxActiveBlocksPerMultiprocessor
      32 bytes stack frame, 0 bytes spill stores, 0 bytes spill loads
  ptxas info    : Compiling entry function '_Z9copy_backPlS_l' for 'sm_50'
  ptxas info    : Function properties for _Z9copy_backPlS_l
      0 bytes stack frame, 0 bytes spill stores, 0 bytes spill loads
  ptxas info    : Used 10 registers, 340 bytes cmem[0]
  ptxas info    : Function properties for cudaMalloc
      16 bytes stack frame, 0 bytes spill stores, 0 bytes spill loads
  ptxas info    : 968 bytes gmem
  ptxas info    : Function properties for cudaOccupancyMaxActiveBlocksPerMultiprocessorWithFlags
      40 bytes stack frame, 0 bytes spill stores, 0 bytes spill loads
  ptxas info    : Compiling entry function '_Z20cdp_simple_quicksortPllli' for 'sm_52'
  ptxas info    : Function properties for _Z20cdp_simple_quicksortPllli
      80 bytes stack frame, 0 bytes spill stores, 0 bytes spill loads
  ptxas info    : Used 46 registers, 340 bytes cmem[0]
  ptxas info    : Function properties for cudaFuncGetAttributes
      16 bytes stack frame, 0 bytes spill stores, 0 bytes spill loads
  ptxas info    : Function properties for cudaGetDevice
      8 bytes stack frame, 0 bytes spill stores, 0 bytes spill loads
  ptxas info    : Compiling entry function '_Z9cdp_mergePlllS_' for 'sm_52'
  ptxas info    : Function properties for _Z9cdp_mergePlllS_
      0 bytes stack frame, 0 bytes spill stores, 0 bytes spill loads
  ptxas info    : Used 22 registers, 344 bytes cmem[0]
  ptxas info    : Function properties for _ZN4dim3C1Ejjj
      0 bytes stack frame, 0 bytes spill stores, 0 bytes spill loads
  ptxas info    : Function properties for _Z14selection_sortPlll
      0 bytes stack frame, 0 bytes spill stores, 0 bytes spill loads
  ptxas info    : Function properties for _ZN81_INTERNAL_59_tmpxft_00002a04_00000000_12_cdpMergeSort_compute_60_cpp1_ii_ed43064c3minEll
      0 bytes stack frame, 0 bytes spill stores, 0 bytes spill loads
  ptxas info    : Function properties for cudaDeviceGetAttribute
      16 bytes stack frame, 0 bytes spill stores, 0 bytes spill loads
  ptxas info    : Function properties for cudaOccupancyMaxActiveBlocksPerMultiprocessor
      32 bytes stack frame, 0 bytes spill stores, 0 bytes spill loads
  ptxas info    : Compiling entry function '_Z9copy_backPlS_l' for 'sm_52'
  ptxas info    : Function properties for _Z9copy_backPlS_l
      0 bytes stack frame, 0 bytes spill stores, 0 bytes spill loads
  ptxas info    : Used 10 registers, 340 bytes cmem[0]
  ptxas info    : Function properties for cudaMalloc
      16 bytes stack frame, 0 bytes spill stores, 0 bytes spill loads
  ptxas info    : 968 bytes gmem
  ptxas info    : Function properties for cudaOccupancyMaxActiveBlocksPerMultiprocessorWithFlags
      40 bytes stack frame, 0 bytes spill stores, 0 bytes spill loads
  ptxas info    : Compiling entry function '_Z20cdp_simple_quicksortPllli' for 'sm_60'
  ptxas info    : Function properties for _Z20cdp_simple_quicksortPllli
      80 bytes stack frame, 0 bytes spill stores, 0 bytes spill loads
  ptxas info    : Used 46 registers, 340 bytes cmem[0]
  ptxas info    : Function properties for cudaFuncGetAttributes
      16 bytes stack frame, 0 bytes spill stores, 0 bytes spill loads
  ptxas info    : Function properties for cudaGetDevice
      8 bytes stack frame, 0 bytes spill stores, 0 bytes spill loads
  ptxas info    : Compiling entry function '_Z9cdp_mergePlllS_' for 'sm_60'
  ptxas info    : Function properties for _Z9cdp_mergePlllS_
      0 bytes stack frame, 0 bytes spill stores, 0 bytes spill loads
  ptxas info    : Used 22 registers, 344 bytes cmem[0]
  ptxas info    : Function properties for _ZN4dim3C1Ejjj
      0 bytes stack frame, 0 bytes spill stores, 0 bytes spill loads
  ptxas info    : Function properties for _Z14selection_sortPlll
      0 bytes stack frame, 0 bytes spill stores, 0 bytes spill loads
  ptxas info    : Function properties for _ZN81_INTERNAL_59_tmpxft_00002a04_00000000_12_cdpMergeSort_compute_60_cpp1_ii_ed43064c3minEll
      0 bytes stack frame, 0 bytes spill stores, 0 bytes spill loads
  ptxas info    : Function properties for cudaDeviceGetAttribute
      16 bytes stack frame, 0 bytes spill stores, 0 bytes spill loads
  ptxas info    : Function properties for cudaOccupancyMaxActiveBlocksPerMultiprocessor
      32 bytes stack frame, 0 bytes spill stores, 0 bytes spill loads
  ptxas info    : Compiling entry function '_Z9copy_backPlS_l' for 'sm_60'
  ptxas info    : Function properties for _Z9copy_backPlS_l
      0 bytes stack frame, 0 bytes spill stores, 0 bytes spill loads
  ptxas info    : Used 10 registers, 340 bytes cmem[0]
  ptxas info    : Function properties for cudaMalloc
      16 bytes stack frame, 0 bytes spill stores, 0 bytes spill loads
  cdpMergeSort.cu
  
  C:\Users\sin\Documents\Workspace\CUDA8.0\cdpMergeSort>"C:\Program Files\NVIDIA GPU Computing Toolkit\CUDA\v8.0\bin\nvcc.exe" -dlink -o ./x64\cdpMergeSort.device-link.obj -Xcompiler "/EHsc /W3 /nologo /Od /Zi /RTC1 /MTd " -L"C:\Program Files\NVIDIA GPU Computing Toolkit\CUDA\v8.0\lib\x64" cudadevrt.lib cudart_static.lib kernel32.lib user32.lib gdi32.lib winspool.lib comdlg32.lib advapi32.lib shell32.lib ole32.lib oleaut32.lib uuid.lib odbc32.lib odbccp32.lib  -gencode=arch=compute_50,code=sm_50 -gencode=arch=compute_52,code=sm_52 -gencode=arch=compute_60,code=sm_60 -G --machine 64 ./x64\cdpMergeSort.cu.obj 
  cudadevrt.lib
  cudart_static.lib
  kernel32.lib
  user32.lib
  gdi32.lib
  winspool.lib
  comdlg32.lib
  advapi32.lib
  shell32.lib
  ole32.lib
  oleaut32.lib
  uuid.lib
  odbc32.lib
  odbccp32.lib
  cdpMergeSort.cu.obj
  cdpSimpleQuicksort_vs2015.vcxproj -> C:\Users\sin\Documents\Workspace\CUDA8.0\cdpMergeSort\./Debug/cdpMergeSort.exe
  cdpSimpleQuicksort_vs2015.vcxproj -> ./Debug/cdpMergeSort.pdb (Full PDB)
